mkdir: cannot create directory `/scratch/077-hpca4se-bioinf/jlenis/results/MEM-Localalloc': File exists
> Benchmarks for BWA 0.7.12: NIST7086_CGTACTAG_L002_R2_001
penguin
#################################################################
# Warm up - 64 threads - T1
#################################################################
WarmUp.2592945.MEM-Localalloc.penguin.t64
[M::bwa_idx_load_from_disk] read 0 ALT contigs
[M::process] read 6336634 sequences (640000034 bp)...
[M::mem_process_seqs] Processed 6336634 reads in 4375.450 CPU sec, 88.869 real sec
[M::process] read 6336634 sequences (640000034 bp)...
[M::process] read 6336634 sequences (640000034 bp)...
[M::mem_process_seqs] Processed 6336634 reads in 3139.119 CPU sec, 50.590 real sec
[M::mem_process_seqs] Processed 6336634 reads in 3340.480 CPU sec, 54.071 real sec
[M::process] read 2525160 sequences (255041160 bp)...
[M::mem_process_seqs] Processed 2525160 reads in 1440.946 CPU sec, 23.428 real sec
[main] Version: 0.7.15-r1140
[main] CMD: ./bwa mem -t 64 /tmp/data/indexes/HG_index_BWA_default/hsapiens_v37.fa /tmp/data/datasets/NIST7086_CGTACTAG_L002_R2_001.fastq
[main] Real time: 246.279 sec; CPU: 12334.353 sec
#################################################################
# Test multi-threading - 8 threads - T2
#################################################################
2592945.MEM-Localalloc.penguin.t8
[M::bwa_idx_load_from_disk] read 0 ALT contigs
[M::process] read 792080 sequences (80000080 bp)...
[M::process] read 792080 sequences (80000080 bp)...
[M::mem_process_seqs] Processed 792080 reads in 155.209 CPU sec, 20.867 real sec
[M::process] read 792080 sequences (80000080 bp)...
[M::mem_process_seqs] Processed 792080 reads in 165.767 CPU sec, 20.801 real sec
[M::process] read 792080 sequences (80000080 bp)...
[M::mem_process_seqs] Processed 792080 reads in 168.951 CPU sec, 21.199 real sec
[M::process] read 792080 sequences (80000080 bp)...
[M::mem_process_seqs] Processed 792080 reads in 170.999 CPU sec, 21.455 real sec
[M::process] read 792080 sequences (80000080 bp)...
[M::mem_process_seqs] Processed 792080 reads in 174.794 CPU sec, 21.966 real sec
[M::process] read 792080 sequences (80000080 bp)...
[M::mem_process_seqs] Processed 792080 reads in 175.892 CPU sec, 22.037 real sec
[M::process] read 792080 sequences (80000080 bp)...
[M::mem_process_seqs] Processed 792080 reads in 177.016 CPU sec, 22.243 real sec
[M::process] read 792080 sequences (80000080 bp)...
[M::mem_process_seqs] Processed 792080 reads in 172.039 CPU sec, 21.552 real sec
[M::process] read 792080 sequences (80000080 bp)...
[M::mem_process_seqs] Processed 792080 reads in 171.185 CPU sec, 21.510 real sec
[M::process] read 792080 sequences (80000080 bp)...
[M::mem_process_seqs] Processed 792080 reads in 173.773 CPU sec, 21.777 real sec
[M::process] read 792080 sequences (80000080 bp)...
[M::mem_process_seqs] Processed 792080 reads in 174.690 CPU sec, 21.949 real sec
[M::process] read 792080 sequences (80000080 bp)...
[M::mem_process_seqs] Processed 792080 reads in 176.886 CPU sec, 22.213 real sec
[M::process] read 792080 sequences (80000080 bp)...
[M::mem_process_seqs] Processed 792080 reads in 181.780 CPU sec, 22.834 real sec
[M::process] read 792080 sequences (80000080 bp)...
[M::mem_process_seqs] Processed 792080 reads in 173.556 CPU sec, 21.742 real sec
[M::process] read 792080 sequences (80000080 bp)...
[M::mem_process_seqs] Processed 792080 reads in 171.341 CPU sec, 21.530 real sec
[M::process] read 792080 sequences (80000080 bp)...
[M::mem_process_seqs] Processed 792080 reads in 170.714 CPU sec, 21.397 real sec
[M::process] read 792080 sequences (80000080 bp)...
[M::mem_process_seqs] Processed 792080 reads in 171.155 CPU sec, 21.506 real sec
[M::process] read 792080 sequences (80000080 bp)...
[M::mem_process_seqs] Processed 792080 reads in 175.010 CPU sec, 21.923 real sec
[M::process] read 792080 sequences (80000080 bp)...
[M::mem_process_seqs] Processed 792080 reads in 172.185 CPU sec, 21.633 real sec
[M::process] read 792080 sequences (80000080 bp)...
[M::mem_process_seqs] Processed 792080 reads in 177.325 CPU sec, 22.214 real sec
[M::process] read 792080 sequences (80000080 bp)...
[M::mem_process_seqs] Processed 792080 reads in 173.542 CPU sec, 21.812 real sec
[M::process] read 792080 sequences (80000080 bp)...
[M::mem_process_seqs] Processed 792080 reads in 171.866 CPU sec, 21.542 real sec
[M::process] read 792080 sequences (80000080 bp)...
[M::mem_process_seqs] Processed 792080 reads in 171.981 CPU sec, 21.609 real sec
[M::process] read 792080 sequences (80000080 bp)...
[M::mem_process_seqs] Processed 792080 reads in 174.925 CPU sec, 21.913 real sec
[M::process] read 792080 sequences (80000080 bp)...
[M::mem_process_seqs] Processed 792080 reads in 176.764 CPU sec, 22.207 real sec
[M::process] read 792080 sequences (80000080 bp)...
[M::mem_process_seqs] Processed 792080 reads in 173.739 CPU sec, 21.765 real sec
[M::process] read 148902 sequences (15039102 bp)...
[M::mem_process_seqs] Processed 792080 reads in 175.675 CPU sec, 22.042 real sec
[M::mem_process_seqs] Processed 148902 reads in 35.962 CPU sec, 4.545 real sec
[main] Version: 0.7.15-r1140
[main] CMD: ./bwa mem -t 8 /tmp/data/indexes/HG_index_BWA_default/hsapiens_v37.fa /tmp/data/datasets/NIST7086_CGTACTAG_L002_R2_001.fastq
[main] Real time: 597.881 sec; CPU: 4710.784 sec

 Performance counter stats for 'numactl --localalloc --physcpubind=0,4,8,12,16,20,24,28 ./bwa mem -t 8 /tmp/data/indexes/HG_index_BWA_default/hsapiens_v37.fa /tmp/data/datasets/NIST7086_CGTACTAG_L002_R2_001.fastq':

S0       16     31,147,428,524 cache-misses                                                  (17.14%)
S0       16  8,704,742,998,123 cycles                    #    0.000 GHz                      (21.52%)
S0       16 11,860,746,327,297 instructions              #   86.04  insns per cycle        
                                             #    0.02  stalled cycles per insn  (25.81%)
S0       16          3,478,285 cs                                                            (100.00%)
S0       16              5,722 migrations                                                    (100.00%)
S0       16            568,454 faults                                                      
S0       16    464,882,092,983 bus-cycles                                                    (25.37%)
S0       16 13,009,058,227,091 idle-cycles-frontend      #  9437.38% frontend cycles idle     (25.51%)
S0       16 11,512,468,330,604 idle-cycles-backend       #  8351.68% backend  cycles idle     (25.57%)
S0       16  2,355,211,956,699 L1-dcache-loads                                               (25.64%)
S0       16     70,551,618,226 L1-dcache-load-misses     #  190.02% of all L1-dcache hits    (18.13%)
S0       16  1,182,133,845,826 L1-dcache-stores                                              (18.12%)
S0       16      6,511,362,604 L1-dcache-store-misses                                        (18.28%)
S0       16     46,186,235,715 L1-dcache-prefetch-misses                                     (18.25%)
S0       16      9,666,870,215 L1-icache-load-misses                                         (17.40%)
S0       16     42,010,955,575 LLC-loads                                                     (17.47%)
S0       16      2,037,906,275 LLC-stores                                                    (17.54%)
S0       16      3,613,518,902 LLC-prefetches                                                (9.20%)
S0       16  2,401,077,195,739 dTLB-loads                                                    (13.46%)
S0       16     25,662,098,228 dTLB-load-misses          #   67.85% of all dTLB cache hits   (17.55%)
S0       16  1,189,730,292,762 dTLB-stores                                                   (17.27%)
S0       16        323,766,998 dTLB-store-misses                                             (17.18%)
S0       16        438,466,159 iTLB-loads                                                    (17.18%)
S0       16        148,708,088 iTLB-load-misses          #  2116.46% of all iTLB cache hits   (17.06%)
S0       16  1,006,577,993,396 branch-loads                                                  (17.09%)
S0       16     55,574,531,940 branch-load-misses                                            (17.07%)
S1       16         80,578,108 cache-misses                                                  (17.27%)
S1       16     33,165,433,280 cycles                    #    0.000 GHz                      (21.82%)
S1       16     12,584,381,929 instructions              #    0.00  insns per cycle          (26.17%)
S1       16             59,681 cs                                                            (100.00%)
S1       16              1,340 migrations                                                    (100.00%)
S1       16             29,467 faults                                                      
S1       16      2,640,107,735 bus-cycles                                                    (25.99%)
S1       16     51,933,870,249 idle-cycles-frontend      #    0.00% frontend cycles idle     (25.42%)
S1       16     46,188,856,550 idle-cycles-backend       #    0.00% backend  cycles idle     (25.56%)
S1       16      3,617,453,791 L1-dcache-loads                                               (25.52%)
S1       16        244,911,863 L1-dcache-load-misses                                         (17.05%)
S1       16      2,108,709,924 L1-dcache-stores                                              (17.51%)
S1       16         29,358,554 L1-dcache-store-misses                                        (17.53%)
S1       16         97,215,135 L1-dcache-prefetch-misses                                     (17.38%)
S1       16        157,550,624 L1-icache-load-misses                                         (17.63%)
S1       16        190,211,289 LLC-loads                                                     (17.57%)
S1       16         23,377,190 LLC-stores                                                    (17.63%)
S1       16         60,070,638 LLC-prefetches                                                (8.80%)
S1       16      2,946,032,381 dTLB-loads                                                    (13.18%)
S1       16         62,839,221 dTLB-load-misses                                              (17.41%)
S1       16      2,253,354,964 dTLB-stores                                                   (17.44%)
S1       16          8,163,667 dTLB-store-misses                                             (17.28%)
S1       16          5,003,147 iTLB-loads                                                    (17.38%)
S1       16          4,860,053 iTLB-load-misses                                              (17.75%)
S1       16      2,359,230,006 branch-loads                                                  (17.65%)
S1       16         53,871,970 branch-load-misses                                            (17.65%)
S2       16         71,503,182 cache-misses                                                  (17.30%)
S2       16     40,096,379,989 cycles                    #    0.000 GHz                      (21.66%)
S2       16     22,689,109,757 instructions              #    0.00  insns per cycle          (25.88%)
S2       16            109,150 cs                                                            (100.00%)
S2       16              2,437 migrations                                                    (100.00%)
S2       16             38,838 faults                                                      
S2       16      3,428,751,728 bus-cycles                                                    (26.09%)
S2       16     63,980,593,237 idle-cycles-frontend      #    0.00% frontend cycles idle     (25.71%)
S2       16     61,409,447,380 idle-cycles-backend       #    0.00% backend  cycles idle     (26.10%)
S2       16      7,641,181,056 L1-dcache-loads                                               (25.81%)
S2       16        620,137,155 L1-dcache-load-misses                                         (17.72%)
S2       16      5,301,155,264 L1-dcache-stores                                              (17.55%)
S2       16         86,153,874 L1-dcache-store-misses                                        (17.10%)
S2       16        157,316,558 L1-dcache-prefetch-misses                                     (17.45%)
S2       16        211,269,016 L1-icache-load-misses                                         (17.74%)
S2       16        686,297,740 LLC-loads                                                     (18.11%)
S2       16         29,536,925 LLC-stores                                                    (17.82%)
S2       16         54,717,766 LLC-prefetches                                                (8.95%)
S2       16      7,791,753,622 dTLB-loads                                                    (13.26%)
S2       16         99,987,057 dTLB-load-misses                                              (17.41%)
S2       16      4,420,954,014 dTLB-stores                                                   (17.29%)
S2       16         13,396,570 dTLB-store-misses                                             (17.33%)
S2       16          2,015,822 iTLB-loads                                                    (17.00%)
S2       16          3,948,154 iTLB-load-misses                                              (16.86%)
S2       16      4,558,839,034 branch-loads                                                  (17.35%)
S2       16         75,060,451 branch-load-misses                                            (17.45%)
S3       16         63,370,763 cache-misses                                                  (17.39%)
S3       16     44,144,405,100 cycles                    #    0.000 GHz                      (21.53%)
S3       16     27,845,963,780 instructions              #    0.00  insns per cycle          (25.80%)
S3       16             76,437 cs                                                            (100.00%)
S3       16              1,080 migrations                                                    (100.00%)
S3       16             54,986 faults                                                      
S3       16      3,762,426,124 bus-cycles                                                    (25.56%)
S3       16     74,408,865,729 idle-cycles-frontend      #    0.00% frontend cycles idle     (25.62%)
S3       16     59,899,330,619 idle-cycles-backend       #    0.00% backend  cycles idle     (25.53%)
S3       16      9,699,517,207 L1-dcache-loads                                               (25.35%)
S3       16        724,412,782 L1-dcache-load-misses                                         (17.44%)
S3       16      5,149,609,256 L1-dcache-stores                                              (17.25%)
S3       16        115,636,456 L1-dcache-store-misses                                        (17.08%)
S3       16        205,384,222 L1-dcache-prefetch-misses                                     (17.08%)
S3       16        504,329,360 L1-icache-load-misses                                         (16.81%)
S3       16        349,459,567 LLC-loads                                                     (17.10%)
S3       16         33,560,414 LLC-stores                                                    (17.36%)
S3       16        114,185,045 LLC-prefetches                                                (8.93%)
S3       16      8,887,493,362 dTLB-loads                                                    (14.22%)
S3       16         84,631,814 dTLB-load-misses                                              (17.90%)
S3       16      4,848,917,411 dTLB-stores                                                   (18.12%)
S3       16         10,946,278 dTLB-store-misses                                             (18.20%)
S3       16          4,195,535 iTLB-loads                                                    (17.75%)
S3       16          8,531,087 iTLB-load-misses                                              (17.61%)
S3       16      5,606,663,960 branch-loads                                                  (17.48%)
S3       16        148,606,549 branch-load-misses                                            (17.48%)

     597.914932448 seconds time elapsed

#################################################################
# Test multi-threading - 16 threads - T3
#################################################################
2592945.MEM-Localalloc.penguin.t16
[M::bwa_idx_load_from_disk] read 0 ALT contigs
[M::process] read 1584160 sequences (160000160 bp)...
[M::process] read 1584160 sequences (160000160 bp)...
[M::mem_process_seqs] Processed 1584160 reads in 421.529 CPU sec, 31.128 real sec
[M::process] read 1584160 sequences (160000160 bp)...
[M::mem_process_seqs] Processed 1584160 reads in 418.821 CPU sec, 26.417 real sec
[M::process] read 1584160 sequences (160000160 bp)...
[M::mem_process_seqs] Processed 1584160 reads in 426.446 CPU sec, 26.998 real sec
[M::process] read 1584160 sequences (160000160 bp)...
[M::mem_process_seqs] Processed 1584160 reads in 422.898 CPU sec, 26.701 real sec
[M::process] read 1584160 sequences (160000160 bp)...
[M::mem_process_seqs] Processed 1584160 reads in 417.584 CPU sec, 26.461 real sec
[M::process] read 1584160 sequences (160000160 bp)...
[M::mem_process_seqs] Processed 1584160 reads in 426.845 CPU sec, 27.012 real sec
[M::process] read 1584160 sequences (160000160 bp)...
[M::mem_process_seqs] Processed 1584160 reads in 427.422 CPU sec, 27.004 real sec
[M::process] read 1584160 sequences (160000160 bp)...
[M::mem_process_seqs] Processed 1584160 reads in 416.314 CPU sec, 26.373 real sec
[M::process] read 1584160 sequences (160000160 bp)...
[M::mem_process_seqs] Processed 1584160 reads in 410.537 CPU sec, 27.138 real sec
[M::process] read 1584160 sequences (160000160 bp)...
[M::mem_process_seqs] Processed 1584160 reads in 424.277 CPU sec, 26.781 real sec
[M::process] read 1584160 sequences (160000160 bp)...
[M::mem_process_seqs] Processed 1584160 reads in 416.757 CPU sec, 26.423 real sec
[M::process] read 1584160 sequences (160000160 bp)...
[M::mem_process_seqs] Processed 1584160 reads in 424.767 CPU sec, 26.816 real sec
[M::process] read 940982 sequences (95039182 bp)...
[M::mem_process_seqs] Processed 1584160 reads in 424.460 CPU sec, 26.819 real sec
[M::mem_process_seqs] Processed 940982 reads in 262.305 CPU sec, 17.352 real sec
[main] Version: 0.7.15-r1140
[main] CMD: ./bwa mem -t 16 /tmp/data/indexes/HG_index_BWA_default/hsapiens_v37.fa /tmp/data/datasets/NIST7086_CGTACTAG_L002_R2_001.fastq
[main] Real time: 377.734 sec; CPU: 5749.259 sec

 Performance counter stats for 'numactl --localalloc --physcpubind=0,4,8,12,16,20,24,28,1,5,9,13,17,21,25,29 ./bwa mem -t 16 /tmp/data/indexes/HG_index_BWA_default/hsapiens_v37.fa /tmp/data/datasets/NIST7086_CGTACTAG_L002_R2_001.fastq':

S0       16     13,280,487,988 cache-misses                                                  (17.60%)
S0       16  5,470,997,223,826 cycles                    #    0.000 GHz                      (22.05%)
S0       16  4,839,477,625,606 instructions              #   25.64  insns per cycle        
                                             #    0.06  stalled cycles per insn  (26.38%)
S0       16          4,453,840 cs                                                            (100.00%)
S0       16             24,796 migrations                                                    (100.00%)
S0       16            303,415 faults                                                      
S0       16    274,528,396,532 bus-cycles                                                    (26.84%)
S0       16  9,144,430,692,222 idle-cycles-frontend      #  4844.02% frontend cycles idle     (26.94%)
S0       16  8,533,721,643,019 idle-cycles-backend       #  4520.52% backend  cycles idle     (26.97%)
S0       16    978,408,916,547 L1-dcache-loads                                               (26.53%)
S0       16     31,036,310,822 L1-dcache-load-misses     #   83.50% of all L1-dcache hits    (17.69%)
S0       16    507,789,063,217 L1-dcache-stores                                              (17.72%)
S0       16      3,068,205,381 L1-dcache-store-misses                                        (17.60%)
S0       16     19,730,821,627 L1-dcache-prefetch-misses                                     (17.40%)
S0       16      5,892,505,226 L1-icache-load-misses                                         (17.43%)
S0       16     18,326,177,720 LLC-loads                                                     (17.35%)
S0       16        931,633,050 LLC-stores                                                    (17.34%)
S0       16      1,519,928,575 LLC-prefetches                                                (8.59%)
S0       16  1,017,234,872,742 dTLB-loads                                                    (12.82%)
S0       16     11,200,860,490 dTLB-load-misses          #   29.45% of all dTLB cache hits   (16.72%)
S0       16    507,556,297,533 dTLB-stores                                                   (16.84%)
S0       16        222,458,938 dTLB-store-misses                                             (16.68%)
S0       16        251,182,612 iTLB-loads                                                    (16.75%)
S0       16        142,752,672 iTLB-load-misses          #  1862.78% of all iTLB cache hits   (17.00%)
S0       16    427,956,902,240 branch-loads                                                  (16.91%)
S0       16     23,220,824,122 branch-load-misses                                            (17.24%)
S1       16     18,804,069,791 cache-misses                                                  (17.44%)
S1       16  6,549,978,794,384 cycles                    #    0.000 GHz                      (21.91%)
S1       16  6,948,529,589,979 instructions              #    0.00  insns per cycle          (26.26%)
S1       16          5,796,680 cs                                                            (100.00%)
S1       16             17,806 migrations                                                    (100.00%)
S1       16            380,461 faults                                                      
S1       16    284,316,506,341 bus-cycles                                                    (26.34%)
S1       16 10,579,766,540,028 idle-cycles-frontend      #    0.00% frontend cycles idle     (25.84%)
S1       16  9,704,805,137,366 idle-cycles-backend       #    0.00% backend  cycles idle     (25.74%)
S1       16  1,388,822,708,087 L1-dcache-loads                                               (25.73%)
S1       16     42,676,451,616 L1-dcache-load-misses                                         (17.18%)
S1       16    697,960,662,028 L1-dcache-stores                                              (17.46%)
S1       16      4,090,079,626 L1-dcache-store-misses                                        (17.10%)
S1       16     27,997,467,536 L1-dcache-prefetch-misses                                     (17.27%)
S1       16      6,673,613,746 L1-icache-load-misses                                         (17.06%)
S1       16     25,143,562,964 LLC-loads                                                     (17.50%)
S1       16      1,215,763,273 LLC-stores                                                    (17.21%)
S1       16      2,050,763,752 LLC-prefetches                                                (9.69%)
S1       16  1,407,048,103,998 dTLB-loads                                                    (13.40%)
S1       16     15,255,103,633 dTLB-load-misses                                              (17.53%)
S1       16    688,566,901,960 dTLB-stores                                                   (17.97%)
S1       16        234,371,641 dTLB-store-misses                                             (17.45%)
S1       16        233,462,164 iTLB-loads                                                    (17.35%)
S1       16        116,150,552 iTLB-load-misses                                              (17.26%)
S1       16    583,562,592,468 branch-loads                                                  (17.91%)
S1       16     32,276,587,602 branch-load-misses                                            (17.28%)
S2       16         45,445,667 cache-misses                                                  (17.46%)
S2       16     26,099,593,984 cycles                    #    0.000 GHz                      (22.19%)
S2       16     15,393,403,345 instructions              #    0.00  insns per cycle          (26.63%)
S2       16             80,422 cs                                                            (100.00%)
S2       16              5,944 migrations                                                    (100.00%)
S2       16             27,015 faults                                                      
S2       16      2,586,671,269 bus-cycles                                                    (26.51%)
S2       16     47,279,570,513 idle-cycles-frontend      #    0.00% frontend cycles idle     (26.32%)
S2       16     41,901,164,989 idle-cycles-backend       #    0.00% backend  cycles idle     (26.34%)
S2       16      5,350,780,170 L1-dcache-loads                                               (26.28%)
S2       16        333,079,763 L1-dcache-load-misses                                         (16.99%)
S2       16      3,331,966,910 L1-dcache-stores                                              (16.94%)
S2       16         49,866,029 L1-dcache-store-misses                                        (17.21%)
S2       16         72,309,081 L1-dcache-prefetch-misses                                     (17.18%)
S2       16        185,371,829 L1-icache-load-misses                                         (17.53%)
S2       16        254,578,278 LLC-loads                                                     (17.54%)
S2       16         19,211,474 LLC-stores                                                    (17.42%)
S2       16         36,821,014 LLC-prefetches                                                (8.96%)
S2       16      4,127,129,016 dTLB-loads                                                    (13.12%)
S2       16         78,739,706 dTLB-load-misses                                              (17.26%)
S2       16      2,331,543,414 dTLB-stores                                                   (17.30%)
S2       16          9,849,380 dTLB-store-misses                                             (17.17%)
S2       16          1,448,545 iTLB-loads                                                    (17.32%)
S2       16          2,986,206 iTLB-load-misses                                              (17.69%)
S2       16      2,367,676,901 branch-loads                                                  (17.57%)
S2       16         49,830,944 branch-load-misses                                            (17.50%)
S3       16         65,975,694 cache-misses                                                  (17.87%)
S3       16     34,689,171,209 cycles                    #    0.000 GHz                      (22.20%)
S3       16     20,613,423,124 instructions              #    0.00  insns per cycle          (26.70%)
S3       16             59,401 cs                                                            (100.00%)
S3       16              1,957 migrations                                                    (100.00%)
S3       16             45,751 faults                                                      
S3       16      2,712,817,856 bus-cycles                                                    (26.64%)
S3       16     61,458,143,888 idle-cycles-frontend      #    0.00% frontend cycles idle     (26.63%)
S3       16     48,610,653,793 idle-cycles-backend       #    0.00% backend  cycles idle     (26.51%)
S3       16      6,193,536,288 L1-dcache-loads                                               (26.27%)
S3       16        477,065,597 L1-dcache-load-misses                                         (17.48%)
S3       16      3,458,550,405 L1-dcache-stores                                              (17.47%)
S3       16         76,771,850 L1-dcache-store-misses                                        (17.73%)
S3       16        192,736,611 L1-dcache-prefetch-misses                                     (17.99%)
S3       16        370,900,622 L1-icache-load-misses                                         (17.87%)
S3       16        278,745,665 LLC-loads                                                     (17.83%)
S3       16         25,422,858 LLC-stores                                                    (17.54%)
S3       16        105,277,927 LLC-prefetches                                                (8.49%)
S3       16      6,070,055,155 dTLB-loads                                                    (12.74%)
S3       16         73,161,475 dTLB-load-misses                                              (16.68%)
S3       16      3,578,031,760 dTLB-stores                                                   (16.54%)
S3       16          8,584,957 dTLB-store-misses                                             (16.66%)
S3       16          4,365,406 iTLB-loads                                                    (16.53%)
S3       16          7,236,717 iTLB-load-misses                                              (17.08%)
S3       16      4,372,550,050 branch-loads                                                  (17.18%)
S3       16        110,136,849 branch-load-misses                                            (17.44%)

     377.844033462 seconds time elapsed

#################################################################
# Test multi-threading - 32 threads - T4 
#################################################################
2592945.MEM-Localalloc.penguin.t32
[M::bwa_idx_load_from_disk] read 0 ALT contigs
[M::process] read 3168318 sequences (320000118 bp)...
[M::mem_process_seqs] Processed 3168318 reads in 1430.611 CPU sec, 56.251 real sec
[M::process] read 3168318 sequences (320000118 bp)...
[M::process] read 3168318 sequences (320000118 bp)...
[M::mem_process_seqs] Processed 3168318 reads in 1185.986 CPU sec, 38.429 real sec
[M::process] read 3168318 sequences (320000118 bp)...
[M::mem_process_seqs] Processed 3168318 reads in 1305.827 CPU sec, 41.869 real sec
[M::process] read 3168318 sequences (320000118 bp)...
[M::mem_process_seqs] Processed 3168318 reads in 1332.563 CPU sec, 42.098 real sec
[M::process] read 3168318 sequences (320000118 bp)...
[M::mem_process_seqs] Processed 3168318 reads in 1348.955 CPU sec, 43.211 real sec
[M::process] read 2525154 sequences (255040554 bp)...
[M::mem_process_seqs] Processed 3168318 reads in 1326.123 CPU sec, 42.610 real sec
[M::mem_process_seqs] Processed 2525154 reads in 1088.347 CPU sec, 35.031 real sec
[main] Version: 0.7.15-r1140
[main] CMD: ./bwa mem -t 32 /tmp/data/indexes/HG_index_BWA_default/hsapiens_v37.fa /tmp/data/datasets/NIST7086_CGTACTAG_L002_R2_001.fastq
[main] Real time: 314.288 sec; CPU: 9036.320 sec

 Performance counter stats for 'numactl --localalloc --physcpubind=0,4,8,12,16,20,24,28,32,36,40,44,48,52,56,60,1,5,9,13,17,21,25,29,33,37,41,45,49,53,57,61 ./bwa mem -t 32 /tmp/data/indexes/HG_index_BWA_default/hsapiens_v37.fa /tmp/data/datasets/NIST7086_CGTACTAG_L002_R2_001.fastq':

S0       16     20,163,813,491 cache-misses                                                  (17.39%)
S0       16  7,856,393,282,817 cycles                    #    0.000 GHz                      (21.99%)
S0       16  6,445,609,070,989 instructions              #   22.88  insns per cycle        
                                             #    0.04  stalled cycles per insn  (26.37%)
S0       16          3,604,670 cs                                                            (100.00%)
S0       16             60,624 migrations                                                    (100.00%)
S0       16            489,589 faults                                                      
S0       16    430,896,066,964 bus-cycles                                                    (26.73%)
S0       16  5,913,412,278,962 idle-cycles-frontend      #  2099.03% frontend cycles idle     (26.91%)
S0       16  3,755,215,957,152 idle-cycles-backend       #  1332.96% backend  cycles idle     (27.14%)
S0       16  1,241,116,553,526 L1-dcache-loads                                               (27.21%)
S0       16     48,090,918,874 L1-dcache-load-misses     #  133.94% of all L1-dcache hits    (17.75%)
S0       16    648,489,247,873 L1-dcache-stores                                              (17.47%)
S0       16      5,484,214,857 L1-dcache-store-misses                                        (17.25%)
S0       16     31,189,003,913 L1-dcache-prefetch-misses                                     (17.06%)
S0       16      7,789,500,028 L1-icache-load-misses                                         (17.08%)
S0       16     26,916,758,783 LLC-loads                                                     (17.33%)
S0       16      2,309,729,115 LLC-stores                                                    (17.27%)
S0       16      4,134,230,537 LLC-prefetches                                                (8.40%)
S0       16  1,347,346,594,047 dTLB-loads                                                    (12.62%)
S0       16     14,619,165,379 dTLB-load-misses          #   38.22% of all dTLB cache hits   (16.85%)
S0       16    673,103,416,918 dTLB-stores                                                   (16.81%)
S0       16        787,843,843 dTLB-store-misses                                             (16.80%)
S0       16      3,098,170,478 iTLB-loads                                                    (16.91%)
S0       16        955,156,177 iTLB-load-misses          #  1269.91% of all iTLB cache hits   (17.13%)
S0       16    552,420,097,129 branch-loads                                                  (17.25%)
S0       16     31,717,180,761 branch-load-misses                                            (17.29%)
S1       16     16,414,361,094 cache-misses                                                  (17.38%)
S1       16 10,119,080,807,525 cycles                    #    0.000 GHz                      (21.77%)
S1       16  5,411,238,225,932 instructions              #    0.00  insns per cycle          (26.16%)
S1       16          3,950,087 cs                                                            (100.00%)
S1       16             61,243 migrations                                                    (100.00%)
S1       16            625,115 faults                                                      
S1       16    445,995,398,053 bus-cycles                                                    (25.57%)
S1       16  8,680,126,873,925 idle-cycles-frontend      #    0.00% frontend cycles idle     (25.22%)
S1       16  6,807,997,331,537 idle-cycles-backend       #    0.00% backend  cycles idle     (24.88%)
S1       16  1,046,364,352,676 L1-dcache-loads                                               (24.94%)
S1       16     39,849,926,361 L1-dcache-load-misses                                         (17.54%)
S1       16    535,271,144,527 L1-dcache-stores                                              (18.03%)
S1       16      4,666,066,911 L1-dcache-store-misses                                        (17.39%)
S1       16     24,472,445,892 L1-dcache-prefetch-misses                                     (17.87%)
S1       16      7,319,342,221 L1-icache-load-misses                                         (17.35%)
S1       16     21,807,810,181 LLC-loads                                                     (17.51%)
S1       16      1,595,312,725 LLC-stores                                                    (18.15%)
S1       16      2,918,978,772 LLC-prefetches                                                (9.94%)
S1       16  1,090,676,362,588 dTLB-loads                                                    (13.71%)
S1       16     11,426,567,823 dTLB-load-misses                                              (17.35%)
S1       16    546,231,441,805 dTLB-stores                                                   (17.38%)
S1       16        849,772,345 dTLB-store-misses                                             (17.76%)
S1       16      1,710,722,530 iTLB-loads                                                    (17.83%)
S1       16        596,698,660 iTLB-load-misses                                              (17.83%)
S1       16    471,842,051,543 branch-loads                                                  (17.52%)
S1       16     26,228,480,450 branch-load-misses                                            (17.43%)
S2       16         43,861,246 cache-misses                                                  (17.03%)
S2       16     23,806,600,797 cycles                    #    0.000 GHz                      (21.27%)
S2       16     12,294,419,510 instructions              #    0.00  insns per cycle          (25.51%)
S2       16             79,582 cs                                                            (100.00%)
S2       16              8,256 migrations                                                    (100.00%)
S2       16             20,213 faults                                                      
S2       16      1,969,146,574 bus-cycles                                                    (25.15%)
S2       16     42,105,777,053 idle-cycles-frontend      #    0.00% frontend cycles idle     (25.56%)
S2       16     36,655,145,352 idle-cycles-backend       #    0.00% backend  cycles idle     (26.04%)
S2       16      4,428,907,742 L1-dcache-loads                                               (26.14%)
S2       16        306,499,158 L1-dcache-load-misses                                         (18.07%)
S2       16      2,655,785,813 L1-dcache-stores                                              (18.02%)
S2       16         38,458,587 L1-dcache-store-misses                                        (17.87%)
S2       16         64,561,642 L1-dcache-prefetch-misses                                     (17.87%)
S2       16        199,979,462 L1-icache-load-misses                                         (17.97%)
S2       16        154,091,204 LLC-loads                                                     (17.53%)
S2       16         19,130,404 LLC-stores                                                    (18.04%)
S2       16         32,325,937 LLC-prefetches                                                (9.88%)
S2       16      4,090,902,224 dTLB-loads                                                    (13.62%)
S2       16        103,321,393 dTLB-load-misses                                              (17.25%)
S2       16      2,833,836,066 dTLB-stores                                                   (17.06%)
S2       16         14,414,219 dTLB-store-misses                                             (16.93%)
S2       16          1,734,247 iTLB-loads                                                    (16.96%)
S2       16          2,862,359 iTLB-load-misses                                              (17.18%)
S2       16      2,538,502,653 branch-loads                                                  (17.00%)
S2       16         51,625,361 branch-load-misses                                            (17.03%)
S3       16         70,265,927 cache-misses                                                  (16.56%)
S3       16     30,839,258,538 cycles                    #    0.000 GHz                      (21.34%)
S3       16     17,362,245,601 instructions              #    0.00  insns per cycle          (25.69%)
S3       16             62,469 cs                                                            (100.00%)
S3       16              6,282 migrations                                                    (100.00%)
S3       16             29,601 faults                                                      
S3       16      2,499,196,112 bus-cycles                                                    (26.02%)
S3       16     47,775,121,469 idle-cycles-frontend      #    0.00% frontend cycles idle     (25.82%)
S3       16     44,466,365,268 idle-cycles-backend       #    0.00% backend  cycles idle     (25.92%)
S3       16      5,960,334,038 L1-dcache-loads                                               (26.13%)
S3       16        580,315,212 L1-dcache-load-misses                                         (17.40%)
S3       16      3,901,874,233 L1-dcache-stores                                              (17.51%)
S3       16         81,392,828 L1-dcache-store-misses                                        (17.62%)
S3       16        191,146,760 L1-dcache-prefetch-misses                                     (17.17%)
S3       16        303,700,973 L1-icache-load-misses                                         (16.84%)
S3       16        380,450,031 LLC-loads                                                     (16.62%)
S3       16         31,081,138 LLC-stores                                                    (16.78%)
S3       16         93,412,569 LLC-prefetches                                                (9.42%)
S3       16      6,081,665,753 dTLB-loads                                                    (14.57%)
S3       16         70,797,170 dTLB-load-misses                                              (18.64%)
S3       16      3,373,491,819 dTLB-stores                                                   (18.62%)
S3       16          9,095,220 dTLB-store-misses                                             (18.27%)
S3       16          3,111,249 iTLB-loads                                                    (17.90%)
S3       16          6,175,607 iTLB-load-misses                                              (17.01%)
S3       16      3,324,686,607 branch-loads                                                  (16.84%)
S3       16         87,774,192 branch-load-misses                                            (16.65%)

     314.628274595 seconds time elapsed

#################################################################
# Test multi-threading - 48 threads - T5
#################################################################
2592945.MEM-Localalloc.penguin.t48
[M::bwa_idx_load_from_disk] read 0 ALT contigs
[M::process] read 4752476 sequences (480000076 bp)...
[M::mem_process_seqs] Processed 4752476 reads in 2650.283 CPU sec, 71.211 real sec
[M::process] read 4752476 sequences (480000076 bp)...
[M::process] read 4752476 sequences (480000076 bp)...
[M::mem_process_seqs] Processed 4752476 reads in 2067.238 CPU sec, 44.873 real sec
[M::process] read 4752476 sequences (480000076 bp)...
[M::mem_process_seqs] Processed 4752476 reads in 2285.673 CPU sec, 48.505 real sec
[M::process] read 2525158 sequences (255040958 bp)...
[M::mem_process_seqs] Processed 4752476 reads in 2355.308 CPU sec, 49.879 real sec
[M::mem_process_seqs] Processed 2525158 reads in 1287.446 CPU sec, 27.486 real sec
[main] Version: 0.7.15-r1140
[main] CMD: ./bwa mem -t 48 /tmp/data/indexes/HG_index_BWA_default/hsapiens_v37.fa /tmp/data/datasets/NIST7086_CGTACTAG_L002_R2_001.fastq
[main] Real time: 264.920 sec; CPU: 10674.533 sec

 Performance counter stats for 'numactl --localalloc --physcpubind=0,4,8,12,16,20,24,28,32,36,40,44,48,52,56,60,1,5,9,13,17,21,25,29,33,37,41,45,49,53,57,61,2,6,10,14,18,22,26,30,34,38,42,46,50,54,58,62 ./bwa mem -t 48 /tmp/data/indexes/HG_index_BWA_default/hsapiens_v37.fa /tmp/data/datasets/NIST7086_CGTACTAG_L002_R2_001.fastq':

S0       16     15,795,402,930 cache-misses                                                  (17.15%)
S0       16  6,203,265,956,269 cycles                    #    0.000 GHz                      (21.85%)
S0       16  4,733,519,034,963 instructions              #   13.98  insns per cycle        
                                             #    0.06  stalled cycles per insn  (26.54%)
S0       16          3,331,368 cs                                                            (100.00%)
S0       16             61,137 migrations                                                    (100.00%)
S0       16            649,633 faults                                                      
S0       16    338,509,228,944 bus-cycles                                                    (27.11%)
S0       16  4,686,963,274,318 idle-cycles-frontend      #  1384.38% frontend cycles idle     (27.73%)
S0       16  3,113,613,950,048 idle-cycles-backend       #  919.66% backend  cycles idle     (28.21%)
S0       16    892,963,840,339 L1-dcache-loads                                               (27.96%)
S0       16     34,802,526,592 L1-dcache-load-misses     #   96.60% of all L1-dcache hits    (18.09%)
S0       16    473,496,427,994 L1-dcache-stores                                              (17.58%)
S0       16      4,196,251,522 L1-dcache-store-misses                                        (17.17%)
S0       16     23,440,812,044 L1-dcache-prefetch-misses                                     (17.09%)
S0       16      6,276,867,934 L1-icache-load-misses                                         (16.92%)
S0       16     20,439,322,257 LLC-loads                                                     (16.74%)
S0       16      1,825,872,019 LLC-stores                                                    (16.70%)
S0       16      3,081,985,977 LLC-prefetches                                                (8.46%)
S0       16    986,146,328,390 dTLB-loads                                                    (12.68%)
S0       16     10,670,399,866 dTLB-load-misses          #   28.13% of all dTLB cache hits   (16.89%)
S0       16    491,705,904,054 dTLB-stores                                                   (16.92%)
S0       16        248,071,224 dTLB-store-misses                                             (16.86%)
S0       16      2,880,431,020 iTLB-loads                                                    (16.87%)
S0       16        585,788,760 iTLB-load-misses          #  716.58% of all iTLB cache hits   (16.86%)
S0       16    419,102,410,014 branch-loads                                                  (16.83%)
S0       16     23,477,471,666 branch-load-misses                                            (16.84%)
S1       16     11,658,625,699 cache-misses                                                  (17.15%)
S1       16  7,801,230,782,622 cycles                    #    0.000 GHz                      (21.66%)
S1       16  3,773,897,177,516 instructions              #    0.00  insns per cycle          (25.65%)
S1       16          3,368,966 cs                                                            (100.00%)
S1       16             53,692 migrations                                                    (100.00%)
S1       16            673,738 faults                                                      
S1       16    355,963,446,947 bus-cycles                                                    (25.82%)
S1       16  6,839,710,469,031 idle-cycles-frontend      #    0.00% frontend cycles idle     (26.13%)
S1       16  5,500,557,288,797 idle-cycles-backend       #    0.00% backend  cycles idle     (26.49%)
S1       16    727,264,694,057 L1-dcache-loads                                               (26.49%)
S1       16     27,531,884,762 L1-dcache-load-misses                                         (18.07%)
S1       16    366,735,366,025 L1-dcache-stores                                              (17.96%)
S1       16      3,450,392,608 L1-dcache-store-misses                                        (17.87%)
S1       16     17,000,257,200 L1-dcache-prefetch-misses                                     (17.77%)
S1       16      5,495,539,964 L1-icache-load-misses                                         (17.51%)
S1       16     15,319,351,178 LLC-loads                                                     (17.43%)
S1       16      1,125,258,497 LLC-stores                                                    (17.45%)
S1       16      1,891,093,839 LLC-prefetches                                                (8.81%)
S1       16    744,192,390,599 dTLB-loads                                                    (13.10%)
S1       16      7,974,800,418 dTLB-load-misses                                              (17.36%)
S1       16    377,134,318,963 dTLB-stores                                                   (17.19%)
S1       16        637,034,539 dTLB-store-misses                                             (17.03%)
S1       16      1,167,065,011 iTLB-loads                                                    (16.92%)
S1       16        540,516,214 iTLB-load-misses                                              (16.93%)
S1       16    330,122,061,402 branch-loads                                                  (16.81%)
S1       16     18,749,430,025 branch-load-misses                                            (16.74%)
S2       16     10,576,416,157 cache-misses                                                  (17.43%)
S2       16  7,625,372,465,326 cycles                    #    0.000 GHz                      (21.86%)
S2       16  3,465,035,723,169 instructions              #    0.00  insns per cycle          (26.20%)
S2       16          3,171,945 cs                                                            (100.00%)
S2       16             54,681 migrations                                                    (100.00%)
S2       16            289,712 faults                                                      
S2       16    348,183,207,602 bus-cycles                                                    (25.89%)
S2       16  6,858,226,938,136 idle-cycles-frontend      #    0.00% frontend cycles idle     (26.02%)
S2       16  5,705,354,658,911 idle-cycles-backend       #    0.00% backend  cycles idle     (26.00%)
S2       16    680,155,067,112 L1-dcache-loads                                               (25.91%)
S2       16     25,777,106,747 L1-dcache-load-misses                                         (17.35%)
S2       16    345,723,316,653 L1-dcache-stores                                              (17.59%)
S2       16      2,933,758,019 L1-dcache-store-misses                                        (17.38%)
S2       16     15,511,819,408 L1-dcache-prefetch-misses                                     (17.73%)
S2       16      5,134,612,352 L1-icache-load-misses                                         (17.58%)
S2       16     13,887,661,217 LLC-loads                                                     (17.97%)
S2       16        976,871,920 LLC-stores                                                    (17.58%)
S2       16      1,649,620,616 LLC-prefetches                                                (9.28%)
S2       16    691,560,985,490 dTLB-loads                                                    (13.57%)
S2       16      7,388,168,134 dTLB-load-misses                                              (17.23%)
S2       16    348,772,836,389 dTLB-stores                                                   (17.15%)
S2       16        490,827,857 dTLB-store-misses                                             (17.61%)
S2       16      1,179,906,292 iTLB-loads                                                    (16.88%)
S2       16        515,877,157 iTLB-load-misses                                              (16.96%)
S2       16    296,224,389,548 branch-loads                                                  (17.27%)
S2       16     16,916,128,868 branch-load-misses                                            (17.29%)
S3       16         93,487,760 cache-misses                                                  (16.45%)
S3       16     38,031,567,604 cycles                    #    0.000 GHz                      (21.18%)
S3       16     20,871,862,251 instructions              #    0.00  insns per cycle          (25.24%)
S3       16             80,596 cs                                                            (100.00%)
S3       16             10,761 migrations                                                    (100.00%)
S3       16             57,593 faults                                                      
S3       16      2,945,751,973 bus-cycles                                                    (25.80%)
S3       16     64,646,690,716 idle-cycles-frontend      #    0.00% frontend cycles idle     (26.08%)
S3       16     58,731,854,660 idle-cycles-backend       #    0.00% backend  cycles idle     (26.96%)
S3       16      5,475,899,415 L1-dcache-loads                                               (27.58%)
S3       16        491,362,667 L1-dcache-load-misses                                         (18.91%)
S3       16      3,332,623,316 L1-dcache-stores                                              (18.86%)
S3       16         70,378,084 L1-dcache-store-misses                                        (19.07%)
S3       16        225,621,359 L1-dcache-prefetch-misses                                     (18.84%)
S3       16        309,515,542 L1-icache-load-misses                                         (18.75%)
S3       16        322,214,462 LLC-loads                                                     (18.30%)
S3       16         32,819,678 LLC-stores                                                    (17.38%)
S3       16        108,211,875 LLC-prefetches                                                (8.20%)
S3       16      6,023,697,490 dTLB-loads                                                    (12.93%)
S3       16        101,081,025 dTLB-load-misses                                              (16.39%)
S3       16      3,892,347,194 dTLB-stores                                                   (16.50%)
S3       16         14,457,653 dTLB-store-misses                                             (16.39%)
S3       16          4,485,921 iTLB-loads                                                    (15.80%)
S3       16          7,058,833 iTLB-load-misses                                              (16.02%)
S3       16      5,122,742,457 branch-loads                                                  (15.99%)
S3       16        109,644,343 branch-load-misses                                            (16.13%)

     265.192844394 seconds time elapsed

#################################################################
# Test multi-threading - 64 threads - T6
#################################################################

[M::bwa_idx_load_from_disk] read 0 ALT contigs
[M::process] read 6336634 sequences (640000034 bp)...
[M::mem_process_seqs] Processed 6336634 reads in 4692.053 CPU sec, 95.642 real sec
[M::process] read 6336634 sequences (640000034 bp)...
[M::process] read 6336634 sequences (640000034 bp)...
[M::mem_process_seqs] Processed 6336634 reads in 3275.168 CPU sec, 52.229 real sec
[M::mem_process_seqs] Processed 6336634 reads in 3252.334 CPU sec, 53.230 real sec
[M::process] read 2525160 sequences (255041160 bp)...
[M::mem_process_seqs] Processed 2525160 reads in 1328.231 CPU sec, 21.161 real sec
[main] Version: 0.7.15-r1140
[main] CMD: ./bwa mem -t 64 /tmp/data/indexes/HG_index_BWA_default/hsapiens_v37.fa /tmp/data/datasets/NIST7086_CGTACTAG_L002_R2_001.fastq
[main] Real time: 255.005 sec; CPU: 12593.729 sec

 Performance counter stats for 'numactl --localalloc --physcpubind=0-63 ./bwa mem -t 64 /tmp/data/indexes/HG_index_BWA_default/hsapiens_v37.fa /tmp/data/datasets/NIST7086_CGTACTAG_L002_R2_001.fastq':

S0       16      8,599,071,847 cache-misses                                                  (17.28%)
S0       16  6,080,925,495,295 cycles                    #    0.000 GHz                      (22.03%)
S0       16  2,675,865,995,282 instructions              #    6.66  insns per cycle        
                                             #    0.13  stalled cycles per insn  (26.66%)
S0       16          2,370,715 cs                                                            (100.00%)
S0       16             27,522 migrations                                                    (100.00%)
S0       16            670,366 faults                                                      
S0       16    303,094,517,970 bus-cycles                                                    (26.95%)
S0       16  5,472,869,113,936 idle-cycles-frontend      #  1362.59% frontend cycles idle     (26.88%)
S0       16  4,578,402,389,195 idle-cycles-backend       #  1139.89% backend  cycles idle     (27.20%)
S0       16    516,218,800,698 L1-dcache-loads                                               (27.08%)
S0       16     19,646,933,734 L1-dcache-load-misses     #   54.15% of all L1-dcache hits    (18.32%)
S0       16    268,413,079,096 L1-dcache-stores                                              (17.63%)
S0       16      2,408,185,010 L1-dcache-store-misses                                        (17.22%)
S0       16     12,781,620,876 L1-dcache-prefetch-misses                                     (16.89%)
S0       16      4,498,629,753 L1-icache-load-misses                                         (17.13%)
S0       16     11,533,945,909 LLC-loads                                                     (17.09%)
S0       16        814,596,828 LLC-stores                                                    (17.86%)
S0       16      1,385,675,713 LLC-prefetches                                                (9.15%)
S0       16    561,285,427,310 dTLB-loads                                                    (12.88%)
S0       16      6,024,720,808 dTLB-load-misses          #   15.75% of all dTLB cache hits   (17.37%)
S0       16    282,212,249,225 dTLB-stores                                                   (16.73%)
S0       16        212,775,928 dTLB-store-misses                                             (16.33%)
S0       16      1,114,196,779 iTLB-loads                                                    (16.62%)
S0       16        448,715,480 iTLB-load-misses          #  590.01% of all iTLB cache hits   (17.20%)
S0       16    238,261,014,401 branch-loads                                                  (17.00%)
S0       16     13,127,543,678 branch-load-misses                                            (17.14%)
S1       16      8,295,095,402 cache-misses                                                  (16.92%)
S1       16  7,052,012,937,890 cycles                    #    0.000 GHz                      (21.32%)
S1       16  2,702,043,660,222 instructions              #    0.00  insns per cycle          (25.82%)
S1       16          2,502,715 cs                                                            (100.00%)
S1       16             29,666 migrations                                                    (100.00%)
S1       16            466,423 faults                                                      
S1       16    319,684,834,226 bus-cycles                                                    (25.73%)
S1       16  6,578,121,066,873 idle-cycles-frontend      #    0.00% frontend cycles idle     (25.93%)
S1       16  5,608,999,716,179 idle-cycles-backend       #    0.00% backend  cycles idle     (26.20%)
S1       16    528,061,397,675 L1-dcache-loads                                               (26.34%)
S1       16     19,906,798,229 L1-dcache-load-misses                                         (17.44%)
S1       16    264,041,598,013 L1-dcache-stores                                              (17.52%)
S1       16      2,306,154,791 L1-dcache-store-misses                                        (17.44%)
S1       16     12,214,818,409 L1-dcache-prefetch-misses                                     (17.45%)
S1       16      4,126,384,161 L1-icache-load-misses                                         (17.66%)
S1       16     10,882,856,727 LLC-loads                                                     (17.76%)
S1       16        783,572,396 LLC-stores                                                    (17.77%)
S1       16      1,524,474,394 LLC-prefetches                                                (8.67%)
S1       16    536,048,043,219 dTLB-loads                                                    (12.96%)
S1       16      5,789,293,364 dTLB-load-misses                                              (17.26%)
S1       16    267,828,618,925 dTLB-stores                                                   (17.29%)
S1       16        216,693,189 dTLB-store-misses                                             (17.26%)
S1       16      1,007,017,794 iTLB-loads                                                    (17.32%)
S1       16        336,241,800 iTLB-load-misses                                              (17.40%)
S1       16    227,670,575,463 branch-loads                                                  (17.20%)
S1       16     12,978,943,733 branch-load-misses                                            (16.96%)
S2       16     12,423,699,221 cache-misses                                                  (16.83%)
S2       16  5,912,298,385,479 cycles                    #    0.000 GHz                      (21.39%)
S2       16  3,779,341,520,761 instructions              #    0.00  insns per cycle          (26.13%)
S2       16          2,786,677 cs                                                            (100.00%)
S2       16             46,502 migrations                                                    (100.00%)
S2       16            416,901 faults                                                      
S2       16    305,312,124,999 bus-cycles                                                    (26.44%)
S2       16  4,828,495,850,041 idle-cycles-frontend      #    0.00% frontend cycles idle     (26.46%)
S2       16  3,550,882,375,498 idle-cycles-backend       #    0.00% backend  cycles idle     (26.88%)
S2       16    714,628,823,787 L1-dcache-loads                                               (27.00%)
S2       16     27,676,372,101 L1-dcache-load-misses                                         (17.87%)
S2       16    373,174,291,163 L1-dcache-stores                                              (17.51%)
S2       16      3,080,213,310 L1-dcache-store-misses                                        (17.26%)
S2       16     18,559,510,103 L1-dcache-prefetch-misses                                     (16.99%)
S2       16      4,995,305,178 L1-icache-load-misses                                         (16.91%)
S2       16     15,992,196,170 LLC-loads                                                     (16.90%)
S2       16      1,215,609,106 LLC-stores                                                    (17.48%)
S2       16      1,998,258,391 LLC-prefetches                                                (9.09%)
S2       16    764,788,119,477 dTLB-loads                                                    (13.11%)
S2       16      8,302,529,621 dTLB-load-misses                                              (17.66%)
S2       16    378,641,743,708 dTLB-stores                                                   (17.24%)
S2       16        253,307,125 dTLB-store-misses                                             (17.34%)
S2       16      1,674,094,547 iTLB-loads                                                    (17.42%)
S2       16        517,810,328 iTLB-load-misses                                              (17.88%)
S2       16    318,556,838,629 branch-loads                                                  (17.12%)
S2       16     18,828,531,790 branch-load-misses                                            (16.71%)
S3       16      9,049,850,394 cache-misses                                                  (17.22%)
S3       16  6,660,520,902,256 cycles                    #    0.000 GHz                      (21.67%)
S3       16  2,886,556,031,744 instructions              #    0.00  insns per cycle          (26.10%)
S3       16          2,642,068 cs                                                            (100.00%)
S3       16             34,656 migrations                                                    (100.00%)
S3       16            780,784 faults                                                      
S3       16    311,661,326,019 bus-cycles                                                    (26.30%)
S3       16  6,074,919,808,243 idle-cycles-frontend      #    0.00% frontend cycles idle     (26.60%)
S3       16  5,108,524,383,795 idle-cycles-backend       #    0.00% backend  cycles idle     (26.70%)
S3       16    563,305,490,021 L1-dcache-loads                                               (26.72%)
S3       16     21,433,093,072 L1-dcache-load-misses                                         (17.71%)
S3       16    283,223,972,045 L1-dcache-stores                                              (17.64%)
S3       16      2,614,426,162 L1-dcache-store-misses                                        (17.51%)
S3       16     13,404,435,368 L1-dcache-prefetch-misses                                     (17.37%)
S3       16      4,512,456,609 L1-icache-load-misses                                         (17.40%)
S3       16     12,082,533,719 LLC-loads                                                     (17.31%)
S3       16        926,975,003 LLC-stores                                                    (17.27%)
S3       16      1,582,595,534 LLC-prefetches                                                (8.59%)
S3       16    586,215,636,408 dTLB-loads                                                    (12.81%)
S3       16      6,332,388,298 dTLB-load-misses                                              (17.14%)
S3       16    290,312,512,742 dTLB-stores                                                   (17.23%)
S3       16        230,457,346 dTLB-store-misses                                             (17.12%)
S3       16      1,072,052,154 iTLB-loads                                                    (17.17%)
S3       16        449,798,459 iTLB-load-misses                                              (17.08%)
S3       16    255,806,172,374 branch-loads                                                  (17.01%)
S3       16     13,808,488,421 branch-load-misses                                            (17.06%)

     255.498704084 seconds time elapsed

#################################################################
# Test multi-threading - 64 threads - T6
#################################################################
