mkdir: cannot create directory `/scratch/077-hpca4se-bioinf/jlenis/results/GEM-Scalability': File exists
> Benchmarks for GEM3 : gcat_set_039_1
penguin
#################################################################
# Warm up - 64 threads - T1
#################################################################
WarmUp.2595821.GEM-Scalability.penguin.t64
2016/9/28 18:06:16 -- [Opening input file '/tmp/data/datasets/gcat_set_039_1.fastq']
2016/9/28 18:06:16 -- [Outputting to '/scratch/077-hpca4se-bioinf/jlenis/results/GEM-Scalability/WarmUp.2595821.GEM-Scalability.penguin.t64.sam']
2016/9/28 18:06:16 -- [Loading GEM index '/tmp/data/indexes/HG_index_GEM/index.gem']
2016/9/28 18:06:26 -- [SE::Mapping Sequences]
2016/9/28 18:06:35 -- # 100000 sequences processed
2016/9/28 18:06:36 -- # 200000 sequences processed
2016/9/28 18:06:37 -- # 300000 sequences processed
2016/9/28 18:06:37 -- # 400000 sequences processed
2016/9/28 18:06:37 -- # 500000 sequences processed
2016/9/28 18:06:37 -- # 600000 sequences processed
2016/9/28 18:06:37 -- # 700000 sequences processed
2016/9/28 18:06:37 -- # 800000 sequences processed
2016/9/28 18:06:38 -- # 900000 sequences processed
2016/9/28 18:06:38 -- # 1000000 sequences processed
2016/9/28 18:06:38 -- # 1100000 sequences processed
2016/9/28 18:06:38 -- # 1200000 sequences processed
2016/9/28 18:06:38 -- # 1300000 sequences processed
2016/9/28 18:06:38 -- # 1400000 sequences processed
2016/9/28 18:06:38 -- # 1500000 sequences processed
2016/9/28 18:06:39 -- # 1600000 sequences processed
2016/9/28 18:06:39 -- # 1700000 sequences processed
2016/9/28 18:06:39 -- # 1800000 sequences processed
2016/9/28 18:06:40 -- # 1900000 sequences processed
2016/9/28 18:06:40 -- # 2000000 sequences processed
2016/9/28 18:06:40 -- # 2100000 sequences processed
2016/9/28 18:06:40 -- # 2200000 sequences processed
2016/9/28 18:06:40 -- # 2300000 sequences processed
2016/9/28 18:06:40 -- # 2400000 sequences processed
2016/9/28 18:06:40 -- # 2500000 sequences processed
2016/9/28 18:06:40 -- # 2600000 sequences processed
2016/9/28 18:06:40 -- # 2700000 sequences processed
2016/9/28 18:06:40 -- # 2800000 sequences processed
2016/9/28 18:06:40 -- # 2900000 sequences processed
2016/9/28 18:06:40 -- # 3000000 sequences processed
2016/9/28 18:06:40 -- # 3100000 sequences processed
2016/9/28 18:06:40 -- # 3200000 sequences processed
2016/9/28 18:06:40 -- # 3300000 sequences processed
2016/9/28 18:06:40 -- # 3400000 sequences processed
2016/9/28 18:06:40 -- # 3500000 sequences processed
2016/9/28 18:06:40 -- # 3600000 sequences processed
2016/9/28 18:06:40 -- # 3700000 sequences processed
2016/9/28 18:06:40 -- # 3800000 sequences processed
2016/9/28 18:06:40 -- # 3900000 sequences processed
2016/9/28 18:06:40 -- # 4000000 sequences processed
2016/9/28 18:06:40 -- # 4100000 sequences processed
2016/9/28 18:06:40 -- # 4200000 sequences processed
2016/9/28 18:06:40 -- # 4300000 sequences processed
2016/9/28 18:06:40 -- # 4400000 sequences processed
2016/9/28 18:06:40 -- # 4500000 sequences processed
2016/9/28 18:06:40 -- # 4600000 sequences processed
2016/9/28 18:06:41 -- # 4700000 sequences processed
2016/9/28 18:06:41 -- # 4800000 sequences processed
2016/9/28 18:06:41 -- # 4900000 sequences processed
2016/9/28 18:06:41 -- # 5000000 sequences processed
2016/9/28 18:06:41 -- # 5100000 sequences processed
2016/9/28 18:06:41 -- # 5200000 sequences processed
2016/9/28 18:06:41 -- # 5300000 sequences processed
2016/9/28 18:06:41 -- # 5400000 sequences processed
2016/9/28 18:06:41 -- # 5500000 sequences processed
2016/9/28 18:06:41 -- # 5600000 sequences processed
2016/9/28 18:06:41 -- # 5700000 sequences processed
2016/9/28 18:06:41 -- # 5800000 sequences processed
2016/9/28 18:06:41 -- # 5900000 sequences processed
2016/9/28 18:06:42 -- # 6000000 sequences processed
2016/9/28 18:06:42 -- # 6100000 sequences processed
2016/9/28 18:06:43 -- # 6200000 sequences processed
2016/9/28 18:06:44 -- # 6300000 sequences processed
2016/9/28 18:06:44 -- # 6400000 sequences processed
2016/9/28 18:06:45 -- # 6500000 sequences processed
2016/9/28 18:06:45 -- # 6600000 sequences processed
2016/9/28 18:06:46 -- # 6700000 sequences processed
2016/9/28 18:06:47 -- # 6800000 sequences processed
2016/9/28 18:06:47 -- # 6900000 sequences processed
2016/9/28 18:06:47 -- # 7000000 sequences processed
2016/9/28 18:06:47 -- # 7100000 sequences processed
2016/9/28 18:06:47 -- # 7200000 sequences processed
2016/9/28 18:06:47 -- # 7300000 sequences processed
2016/9/28 18:06:47 -- # 7400000 sequences processed
2016/9/28 18:06:47 -- # 7500000 sequences processed
2016/9/28 18:06:47 -- # 7600000 sequences processed
2016/9/28 18:06:48 -- # 7700000 sequences processed
2016/9/28 18:06:48 -- # 7800000 sequences processed
2016/9/28 18:06:49 -- # 7900000 sequences processed
2016/9/28 18:06:49 -- # 8000000 sequences processed
2016/9/28 18:06:49 -- # 8100000 sequences processed
2016/9/28 18:06:49 -- # 8200000 sequences processed
2016/9/28 18:06:49 -- # 8300000 sequences processed
2016/9/28 18:06:49 -- # 8400000 sequences processed
2016/9/28 18:06:49 -- # 8500000 sequences processed
2016/9/28 18:06:49 -- # 8600000 sequences processed
2016/9/28 18:06:49 -- # 8700000 sequences processed
2016/9/28 18:06:49 -- # 8800000 sequences processed
2016/9/28 18:06:49 -- # 8900000 sequences processed
2016/9/28 18:06:49 -- # 9000000 sequences processed
2016/9/28 18:06:49 -- # 9100000 sequences processed
2016/9/28 18:06:49 -- # 9200000 sequences processed
2016/9/28 18:06:49 -- # 9300000 sequences processed
2016/9/28 18:06:49 -- # 9400000 sequences processed
2016/9/28 18:06:49 -- # 9500000 sequences processed
2016/9/28 18:06:50 -- # 9600000 sequences processed
2016/9/28 18:06:50 -- # 9700000 sequences processed
2016/9/28 18:06:50 -- # 9800000 sequences processed
2016/9/28 18:06:50 -- # 9900000 sequences processed
2016/9/28 18:06:50 -- # 10000000 sequences processed
2016/9/28 18:06:50 -- # 10100000 sequences processed
2016/9/28 18:06:50 -- # 10200000 sequences processed
2016/9/28 18:06:50 -- # 10300000 sequences processed
2016/9/28 18:06:50 -- # 10400000 sequences processed
2016/9/28 18:06:50 -- # 10500000 sequences processed
2016/9/28 18:06:50 -- # 10600000 sequences processed
2016/9/28 18:06:50 -- # 10700000 sequences processed
2016/9/28 18:06:50 -- # 10800000 sequences processed
2016/9/28 18:06:50 -- # 10900000 sequences processed
2016/9/28 18:06:50 -- # 11000000 sequences processed
2016/9/28 18:06:50 -- # 11100000 sequences processed
2016/9/28 18:06:50 -- # 11200000 sequences processed
2016/9/28 18:06:50 -- # 11300000 sequences processed
2016/9/28 18:06:50 -- # 11400000 sequences processed
2016/9/28 18:06:50 -- # 11500000 sequences processed
2016/9/28 18:06:50 -- # 11600000 sequences processed
2016/9/28 18:06:50 -- # 11700000 sequences processed
2016/9/28 18:06:50 -- # 11800000 sequences processed
2016/9/28 18:06:50 -- # 11900000 sequences processed
2016/9/28 18:06:50 -- Total 11945249 sequences processed... done
2016/9/28 18:06:50 -- [GEMMapper terminated successfully in 24s. (+10s. loading)]

#################################################################
# Test multi-threading - 8 threads - T2
#################################################################
2595821.GEM-Scalability.penguin.t8
2016/9/28 18:06:51 -- [Opening input file '/tmp/data/datasets/gcat_set_039_1.fastq']
2016/9/28 18:06:51 -- [Outputting to '/scratch/077-hpca4se-bioinf/jlenis/results/GEM-Scalability/2595821.GEM-Scalability.penguin.t8.sam']
2016/9/28 18:06:51 -- [Loading GEM index '/tmp/data/indexes/HG_index_GEM/index.gem']
2016/9/28 18:06:59 -- [SE::Mapping Sequences]
2016/9/28 18:07:08 -- # 100000 sequences processed
2016/9/28 18:07:08 -- # 200000 sequences processed
2016/9/28 18:07:08 -- # 300000 sequences processed
2016/9/28 18:07:08 -- # 400000 sequences processed
2016/9/28 18:07:08 -- # 500000 sequences processed
2016/9/28 18:07:08 -- # 600000 sequences processed
2016/9/28 18:07:09 -- # 700000 sequences processed
2016/9/28 18:07:09 -- # 800000 sequences processed
2016/9/28 18:07:14 -- # 900000 sequences processed
2016/9/28 18:07:14 -- # 1000000 sequences processed
2016/9/28 18:07:15 -- # 1100000 sequences processed
2016/9/28 18:07:15 -- # 1200000 sequences processed
2016/9/28 18:07:15 -- # 1300000 sequences processed
2016/9/28 18:07:15 -- # 1400000 sequences processed
2016/9/28 18:07:15 -- # 1500000 sequences processed
2016/9/28 18:07:15 -- # 1600000 sequences processed
2016/9/28 18:07:20 -- # 1700000 sequences processed
2016/9/28 18:07:21 -- # 1800000 sequences processed
2016/9/28 18:07:21 -- # 1900000 sequences processed
2016/9/28 18:07:21 -- # 2000000 sequences processed
2016/9/28 18:07:21 -- # 2100000 sequences processed
2016/9/28 18:07:21 -- # 2200000 sequences processed
2016/9/28 18:07:22 -- # 2300000 sequences processed
2016/9/28 18:07:22 -- # 2400000 sequences processed
2016/9/28 18:07:26 -- # 2500000 sequences processed
2016/9/28 18:07:27 -- # 2600000 sequences processed
2016/9/28 18:07:27 -- # 2700000 sequences processed
2016/9/28 18:07:27 -- # 2800000 sequences processed
2016/9/28 18:07:27 -- # 2900000 sequences processed
2016/9/28 18:07:27 -- # 3000000 sequences processed
2016/9/28 18:07:29 -- # 3100000 sequences processed
2016/9/28 18:07:29 -- # 3200000 sequences processed
2016/9/28 18:07:32 -- # 3300000 sequences processed
2016/9/28 18:07:33 -- # 3400000 sequences processed
2016/9/28 18:07:33 -- # 3500000 sequences processed
2016/9/28 18:07:34 -- # 3600000 sequences processed
2016/9/28 18:07:34 -- # 3700000 sequences processed
2016/9/28 18:07:34 -- # 3800000 sequences processed
2016/9/28 18:07:35 -- # 3900000 sequences processed
2016/9/28 18:07:36 -- # 4000000 sequences processed
2016/9/28 18:07:38 -- # 4100000 sequences processed
2016/9/28 18:07:39 -- # 4200000 sequences processed
2016/9/28 18:07:40 -- # 4300000 sequences processed
2016/9/28 18:07:40 -- # 4400000 sequences processed
2016/9/28 18:07:40 -- # 4500000 sequences processed
2016/9/28 18:07:40 -- # 4600000 sequences processed
2016/9/28 18:07:42 -- # 4700000 sequences processed
2016/9/28 18:07:42 -- # 4800000 sequences processed
2016/9/28 18:07:44 -- # 4900000 sequences processed
2016/9/28 18:07:45 -- # 5000000 sequences processed
2016/9/28 18:07:46 -- # 5100000 sequences processed
2016/9/28 18:07:47 -- # 5200000 sequences processed
2016/9/28 18:07:47 -- # 5300000 sequences processed
2016/9/28 18:07:47 -- # 5400000 sequences processed
2016/9/28 18:07:49 -- # 5500000 sequences processed
2016/9/28 18:07:49 -- # 5600000 sequences processed
2016/9/28 18:07:50 -- # 5700000 sequences processed
2016/9/28 18:07:51 -- # 5800000 sequences processed
2016/9/28 18:07:53 -- # 5900000 sequences processed
2016/9/28 18:07:53 -- # 6000000 sequences processed
2016/9/28 18:07:53 -- # 6100000 sequences processed
2016/9/28 18:07:53 -- # 6200000 sequences processed
2016/9/28 18:07:56 -- # 6300000 sequences processed
2016/9/28 18:07:56 -- # 6400000 sequences processed
2016/9/28 18:07:56 -- # 6500000 sequences processed
2016/9/28 18:07:57 -- # 6600000 sequences processed
2016/9/28 18:07:59 -- # 6700000 sequences processed
2016/9/28 18:08:00 -- # 6800000 sequences processed
2016/9/28 18:08:00 -- # 6900000 sequences processed
2016/9/28 18:08:00 -- # 7000000 sequences processed
2016/9/28 18:08:02 -- # 7100000 sequences processed
2016/9/28 18:08:02 -- # 7200000 sequences processed
2016/9/28 18:08:02 -- # 7300000 sequences processed
2016/9/28 18:08:03 -- # 7400000 sequences processed
2016/9/28 18:08:06 -- # 7500000 sequences processed
2016/9/28 18:08:06 -- # 7600000 sequences processed
2016/9/28 18:08:06 -- # 7700000 sequences processed
2016/9/28 18:08:06 -- # 7800000 sequences processed
2016/9/28 18:08:08 -- # 7900000 sequences processed
2016/9/28 18:08:09 -- # 8000000 sequences processed
2016/9/28 18:08:09 -- # 8100000 sequences processed
2016/9/28 18:08:09 -- # 8200000 sequences processed
2016/9/28 18:08:12 -- # 8300000 sequences processed
2016/9/28 18:08:13 -- # 8400000 sequences processed
2016/9/28 18:08:13 -- # 8500000 sequences processed
2016/9/28 18:08:13 -- # 8600000 sequences processed
2016/9/28 18:08:13 -- # 8700000 sequences processed
2016/9/28 18:08:14 -- # 8800000 sequences processed
2016/9/28 18:08:16 -- # 8900000 sequences processed
2016/9/28 18:08:16 -- # 9000000 sequences processed
2016/9/28 18:08:19 -- # 9100000 sequences processed
2016/9/28 18:08:19 -- # 9200000 sequences processed
2016/9/28 18:08:19 -- # 9300000 sequences processed
2016/9/28 18:08:19 -- # 9400000 sequences processed
2016/9/28 18:08:19 -- # 9500000 sequences processed
2016/9/28 18:08:20 -- # 9600000 sequences processed
2016/9/28 18:08:22 -- # 9700000 sequences processed
2016/9/28 18:08:22 -- # 9800000 sequences processed
2016/9/28 18:08:25 -- # 9900000 sequences processed
2016/9/28 18:08:26 -- # 10000000 sequences processed
2016/9/28 18:08:26 -- # 10100000 sequences processed
2016/9/28 18:08:26 -- # 10200000 sequences processed
2016/9/28 18:08:26 -- # 10300000 sequences processed
2016/9/28 18:08:26 -- # 10400000 sequences processed
2016/9/28 18:08:29 -- # 10500000 sequences processed
2016/9/28 18:08:29 -- # 10600000 sequences processed
2016/9/28 18:08:31 -- # 10700000 sequences processed
2016/9/28 18:08:32 -- # 10800000 sequences processed
2016/9/28 18:08:32 -- # 10900000 sequences processed
2016/9/28 18:08:32 -- # 11000000 sequences processed
2016/9/28 18:08:32 -- # 11100000 sequences processed
2016/9/28 18:08:32 -- # 11200000 sequences processed
2016/9/28 18:08:36 -- # 11300000 sequences processed
2016/9/28 18:08:36 -- # 11400000 sequences processed
2016/9/28 18:08:37 -- # 11500000 sequences processed
2016/9/28 18:08:37 -- # 11600000 sequences processed
2016/9/28 18:08:37 -- # 11700000 sequences processed
2016/9/28 18:08:37 -- # 11800000 sequences processed
2016/9/28 18:08:38 -- # 11900000 sequences processed
2016/9/28 18:08:38 -- Total 11945249 sequences processed... done
2016/9/28 18:08:38 -- [GEMMapper terminated successfully in 99s. (+8s. loading)]


 Performance counter stats for 'bin/gem-mapper -t 8 -I /tmp/data/indexes/HG_index_GEM/index.gem -i /tmp/data/datasets/gcat_set_039_1.fastq -o /scratch/077-hpca4se-bioinf/jlenis/results/GEM-Scalability/2595821.GEM-Scalability.penguin.t8.sam':

S0       16          952755159 cache-misses                                                  (16.56%)
S0       16       508505231894 cycles                    #    0.000 GHz                      (21.26%)
S0       16       705488259812 instructions              #   22.23  insns per cycle        
                                             #    0.07  stalled cycles per insn  (25.93%)
S0       16              31899 cs                                                            (100.00%)
S0       16                138 migrations                                                    (100.00%)
S0       16              17206 faults                                                      
S0       16        19888992344 bus-cycles                                                    (27.35%)
S0       16       781540535959 idle-cycles-frontend      #  2462.43% frontend cycles idle     (28.03%)
S0       16       731321858743 idle-cycles-backend       #  2304.20% backend  cycles idle     (27.99%)
S0       16       160190600114 L1-dcache-loads                                               (29.22%)
S0       16         3227736372 L1-dcache-load-misses     #   30.44% of all L1-dcache hits    (19.87%)
S0       16        67897864977 L1-dcache-stores                                              (18.96%)
S0       16         1397429718 L1-dcache-store-misses                                        (18.97%)
S0       16         1221185672 L1-dcache-prefetch-misses                                     (17.67%)
S0       16         1544069444 L1-icache-load-misses                                         (17.95%)
S0       16         1250197909 LLC-loads                                                     (18.42%)
S0       16          105578165 LLC-stores                                                    (17.55%)
S0       16          273617488 LLC-prefetches                                                (9.01%)
S0       16       173608782841 dTLB-loads                                                    (12.83%)
S0       16          461659855 dTLB-load-misses          #    3.90% of all dTLB cache hits   (16.11%)
S0       16        69094212078 dTLB-stores                                                   (15.92%)
S0       16           19518067 dTLB-store-misses                                             (15.45%)
S0       16            7195036 iTLB-loads                                                    (15.17%)
S0       16            3527726 iTLB-load-misses          #  447.02% of all iTLB cache hits   (14.89%)
S0       16        63568473954 branch-loads                                                  (14.85%)
S0       16         1149638876 branch-load-misses                                            (15.29%)
S1       16         1261350568 cache-misses                                                  (16.73%)
S1       16       515766645144 cycles                    #    0.000 GHz                      (21.40%)
S1       16       712294918832 instructions              #    0.00  insns per cycle          (26.01%)
S1       16              28632 cs                                                            (100.00%)
S1       16                164 migrations                                                    (100.00%)
S1       16              33954 faults                                                      
S1       16        20386603468 bus-cycles                                                    (26.42%)
S1       16       793894210600 idle-cycles-frontend      #    0.00% frontend cycles idle     (26.48%)
S1       16       701666306039 idle-cycles-backend       #    0.00% backend  cycles idle     (26.98%)
S1       16       190481189971 L1-dcache-loads                                               (27.24%)
S1       16         4345364556 L1-dcache-load-misses                                         (18.63%)
S1       16        75944570293 L1-dcache-stores                                              (18.52%)
S1       16         2040671138 L1-dcache-store-misses                                        (18.46%)
S1       16         1479786682 L1-dcache-prefetch-misses                                     (17.66%)
S1       16         1654719352 L1-icache-load-misses                                         (16.89%)
S1       16         1825171729 LLC-loads                                                     (17.55%)
S1       16          639775005 LLC-stores                                                    (17.21%)
S1       16          406540602 LLC-prefetches                                                (8.83%)
S1       16       197106256588 dTLB-loads                                                    (13.00%)
S1       16          537412535 dTLB-load-misses                                              (16.59%)
S1       16        76349053556 dTLB-stores                                                   (16.34%)
S1       16           17245971 dTLB-store-misses                                             (16.18%)
S1       16           16769162 iTLB-loads                                                    (16.33%)
S1       16            5319181 iTLB-load-misses                                              (16.50%)
S1       16        65843000893 branch-loads                                                  (17.08%)
S1       16         1151403988 branch-load-misses                                            (17.43%)
S2       16         1010030667 cache-misses                                                  (15.91%)
S2       16       514330251851 cycles                    #    0.000 GHz                      (20.85%)
S2       16       664913085306 instructions              #    0.00  insns per cycle          (25.99%)
S2       16              25920 cs                                                            (100.00%)
S2       16                242 migrations                                                    (100.00%)
S2       16              26055 faults                                                      
S2       16        18660734467 bus-cycles                                                    (27.08%)
S2       16       762323972747 idle-cycles-frontend      #    0.00% frontend cycles idle     (28.36%)
S2       16       674193191928 idle-cycles-backend       #    0.00% backend  cycles idle     (29.86%)
S2       16       156534543686 L1-dcache-loads                                               (30.35%)
S2       16         2954809775 L1-dcache-load-misses                                         (20.52%)
S2       16        62452636303 L1-dcache-stores                                              (19.84%)
S2       16         1371266250 L1-dcache-store-misses                                        (18.89%)
S2       16         1126425841 L1-dcache-prefetch-misses                                     (18.63%)
S2       16         1488377076 L1-icache-load-misses                                         (18.04%)
S2       16         1411781246 LLC-loads                                                     (17.71%)
S2       16          132666989 LLC-stores                                                    (17.11%)
S2       16          379550055 LLC-prefetches                                                (7.68%)
S2       16       210018806282 dTLB-loads                                                    (11.17%)
S2       16          529132843 dTLB-load-misses                                              (14.76%)
S2       16        77327082112 dTLB-stores                                                   (15.13%)
S2       16           20481128 dTLB-store-misses                                             (15.14%)
S2       16           10224331 iTLB-loads                                                    (15.41%)
S2       16            3744322 iTLB-load-misses                                              (15.42%)
S2       16        68289836909 branch-loads                                                  (15.24%)
S2       16         1169881212 branch-load-misses                                            (15.15%)
S3       16          938072918 cache-misses                                                  (17.60%)
S3       16       492670283983 cycles                    #    0.000 GHz                      (22.70%)
S3       16       626216778146 instructions              #    0.00  insns per cycle          (27.83%)
S3       16              25997 cs                                                            (100.00%)
S3       16                374 migrations                                                    (100.00%)
S3       16              37992 faults                                                      
S3       16        19404061466 bus-cycles                                                    (28.31%)
S3       16       736139834574 idle-cycles-frontend      #    0.00% frontend cycles idle     (28.43%)
S3       16       648307870810 idle-cycles-backend       #    0.00% backend  cycles idle     (27.34%)
S3       16       171391502757 L1-dcache-loads                                               (26.79%)
S3       16         3533507153 L1-dcache-load-misses                                         (18.65%)
S3       16        67717647648 L1-dcache-stores                                              (17.96%)
S3       16         1445970996 L1-dcache-store-misses                                        (18.11%)
S3       16         1241801087 L1-dcache-prefetch-misses                                     (17.58%)
S3       16         1576347911 L1-icache-load-misses                                         (17.59%)
S3       16         1468542783 LLC-loads                                                     (17.78%)
S3       16          179721767 LLC-stores                                                    (17.37%)
S3       16          377304950 LLC-prefetches                                                (7.70%)
S3       16       176185174645 dTLB-loads                                                    (12.15%)
S3       16          510457556 dTLB-load-misses                                              (16.01%)
S3       16        67763431863 dTLB-stores                                                   (16.20%)
S3       16           24952934 dTLB-store-misses                                             (15.81%)
S3       16           16317691 iTLB-loads                                                    (15.63%)
S3       16            5315732 iTLB-load-misses                                              (15.73%)
S3       16        59384502309 branch-loads                                                  (16.04%)
S3       16         1044740330 branch-load-misses                                            (17.77%)

     107.167018496 seconds time elapsed

#################################################################
# Test multi-threading - 16 threads - T3
#################################################################
2595821.GEM-Scalability.penguin.t16
2016/9/28 18:08:38 -- [Opening input file '/tmp/data/datasets/gcat_set_039_1.fastq']
2016/9/28 18:08:38 -- [Outputting to '/scratch/077-hpca4se-bioinf/jlenis/results/GEM-Scalability/2595821.GEM-Scalability.penguin.t16.sam']
2016/9/28 18:08:38 -- [Loading GEM index '/tmp/data/indexes/HG_index_GEM/index.gem']
2016/9/28 18:08:47 -- [SE::Mapping Sequences]
2016/9/28 18:08:56 -- # 100000 sequences processed
2016/9/28 18:08:56 -- # 200000 sequences processed
2016/9/28 18:08:56 -- # 300000 sequences processed
2016/9/28 18:08:56 -- # 400000 sequences processed
2016/9/28 18:08:56 -- # 500000 sequences processed
2016/9/28 18:08:56 -- # 600000 sequences processed
2016/9/28 18:08:56 -- # 700000 sequences processed
2016/9/28 18:08:57 -- # 800000 sequences processed
2016/9/28 18:08:57 -- # 900000 sequences processed
2016/9/28 18:08:57 -- # 1000000 sequences processed
2016/9/28 18:08:57 -- # 1100000 sequences processed
2016/9/28 18:08:57 -- # 1200000 sequences processed
2016/9/28 18:08:57 -- # 1300000 sequences processed
2016/9/28 18:08:57 -- # 1400000 sequences processed
2016/9/28 18:08:57 -- # 1500000 sequences processed
2016/9/28 18:08:57 -- # 1600000 sequences processed
2016/9/28 18:09:03 -- # 1700000 sequences processed
2016/9/28 18:09:03 -- # 1800000 sequences processed
2016/9/28 18:09:03 -- # 1900000 sequences processed
2016/9/28 18:09:03 -- # 2000000 sequences processed
2016/9/28 18:09:03 -- # 2100000 sequences processed
2016/9/28 18:09:03 -- # 2200000 sequences processed
2016/9/28 18:09:03 -- # 2300000 sequences processed
2016/9/28 18:09:03 -- # 2400000 sequences processed
2016/9/28 18:09:03 -- # 2500000 sequences processed
2016/9/28 18:09:03 -- # 2600000 sequences processed
2016/9/28 18:09:03 -- # 2700000 sequences processed
2016/9/28 18:09:04 -- # 2800000 sequences processed
2016/9/28 18:09:04 -- # 2900000 sequences processed
2016/9/28 18:09:04 -- # 3000000 sequences processed
2016/9/28 18:09:04 -- # 3100000 sequences processed
2016/9/28 18:09:04 -- # 3200000 sequences processed
2016/9/28 18:09:09 -- # 3300000 sequences processed
2016/9/28 18:09:09 -- # 3400000 sequences processed
2016/9/28 18:09:09 -- # 3500000 sequences processed
2016/9/28 18:09:09 -- # 3600000 sequences processed
2016/9/28 18:09:09 -- # 3700000 sequences processed
2016/9/28 18:09:09 -- # 3800000 sequences processed
2016/9/28 18:09:09 -- # 3900000 sequences processed
2016/9/28 18:09:10 -- # 4000000 sequences processed
2016/9/28 18:09:10 -- # 4100000 sequences processed
2016/9/28 18:09:10 -- # 4200000 sequences processed
2016/9/28 18:09:10 -- # 4300000 sequences processed
2016/9/28 18:09:10 -- # 4400000 sequences processed
2016/9/28 18:09:11 -- # 4500000 sequences processed
2016/9/28 18:09:11 -- # 4600000 sequences processed
2016/9/28 18:09:11 -- # 4700000 sequences processed
2016/9/28 18:09:11 -- # 4800000 sequences processed
2016/9/28 18:09:15 -- # 4900000 sequences processed
2016/9/28 18:09:15 -- # 5000000 sequences processed
2016/9/28 18:09:15 -- # 5100000 sequences processed
2016/9/28 18:09:15 -- # 5200000 sequences processed
2016/9/28 18:09:16 -- # 5300000 sequences processed
2016/9/28 18:09:16 -- # 5400000 sequences processed
2016/9/28 18:09:16 -- # 5500000 sequences processed
2016/9/28 18:09:17 -- # 5600000 sequences processed
2016/9/28 18:09:17 -- # 5700000 sequences processed
2016/9/28 18:09:17 -- # 5800000 sequences processed
2016/9/28 18:09:17 -- # 5900000 sequences processed
2016/9/28 18:09:17 -- # 6000000 sequences processed
2016/9/28 18:09:17 -- # 6100000 sequences processed
2016/9/28 18:09:17 -- # 6200000 sequences processed
2016/9/28 18:09:18 -- # 6300000 sequences processed
2016/9/28 18:09:18 -- # 6400000 sequences processed
2016/9/28 18:09:21 -- # 6500000 sequences processed
2016/9/28 18:09:21 -- # 6600000 sequences processed
2016/9/28 18:09:22 -- # 6700000 sequences processed
2016/9/28 18:09:22 -- # 6800000 sequences processed
2016/9/28 18:09:22 -- # 6900000 sequences processed
2016/9/28 18:09:23 -- # 7000000 sequences processed
2016/9/28 18:09:23 -- # 7100000 sequences processed
2016/9/28 18:09:23 -- # 7200000 sequences processed
2016/9/28 18:09:24 -- # 7300000 sequences processed
2016/9/28 18:09:24 -- # 7400000 sequences processed
2016/9/28 18:09:24 -- # 7500000 sequences processed
2016/9/28 18:09:24 -- # 7600000 sequences processed
2016/9/28 18:09:24 -- # 7700000 sequences processed
2016/9/28 18:09:24 -- # 7800000 sequences processed
2016/9/28 18:09:24 -- # 7900000 sequences processed
2016/9/28 18:09:25 -- # 8000000 sequences processed
2016/9/28 18:09:28 -- # 8100000 sequences processed
2016/9/28 18:09:28 -- # 8200000 sequences processed
2016/9/28 18:09:28 -- # 8300000 sequences processed
2016/9/28 18:09:28 -- # 8400000 sequences processed
2016/9/28 18:09:29 -- # 8500000 sequences processed
2016/9/28 18:09:29 -- # 8600000 sequences processed
2016/9/28 18:09:29 -- # 8700000 sequences processed
2016/9/28 18:09:29 -- # 8800000 sequences processed
2016/9/28 18:09:30 -- # 8900000 sequences processed
2016/9/28 18:09:30 -- # 9000000 sequences processed
2016/9/28 18:09:30 -- # 9100000 sequences processed
2016/9/28 18:09:31 -- # 9200000 sequences processed
2016/9/28 18:09:31 -- # 9300000 sequences processed
2016/9/28 18:09:31 -- # 9400000 sequences processed
2016/9/28 18:09:31 -- # 9500000 sequences processed
2016/9/28 18:09:32 -- # 9600000 sequences processed
2016/9/28 18:09:34 -- # 9700000 sequences processed
2016/9/28 18:09:34 -- # 9800000 sequences processed
2016/9/28 18:09:35 -- # 9900000 sequences processed
2016/9/28 18:09:35 -- # 10000000 sequences processed
2016/9/28 18:09:36 -- # 10100000 sequences processed
2016/9/28 18:09:36 -- # 10200000 sequences processed
2016/9/28 18:09:36 -- # 10300000 sequences processed
2016/9/28 18:09:36 -- # 10400000 sequences processed
2016/9/28 18:09:37 -- # 10500000 sequences processed
2016/9/28 18:09:37 -- # 10600000 sequences processed
2016/9/28 18:09:37 -- # 10700000 sequences processed
2016/9/28 18:09:38 -- # 10800000 sequences processed
2016/9/28 18:09:38 -- # 10900000 sequences processed
2016/9/28 18:09:38 -- # 11000000 sequences processed
2016/9/28 18:09:38 -- # 11100000 sequences processed
2016/9/28 18:09:39 -- # 11200000 sequences processed
2016/9/28 18:09:39 -- # 11300000 sequences processed
2016/9/28 18:09:39 -- # 11400000 sequences processed
2016/9/28 18:09:40 -- # 11500000 sequences processed
2016/9/28 18:09:40 -- # 11600000 sequences processed
2016/9/28 18:09:40 -- # 11700000 sequences processed
2016/9/28 18:09:40 -- # 11800000 sequences processed
2016/9/28 18:09:40 -- # 11900000 sequences processed
2016/9/28 18:09:40 -- Total 11945249 sequences processed... done
2016/9/28 18:09:40 -- [GEMMapper terminated successfully in 52s. (+9s. loading)]


 Performance counter stats for 'bin/gem-mapper -t 16 -I /tmp/data/indexes/HG_index_GEM/index.gem -i /tmp/data/datasets/gcat_set_039_1.fastq -o /scratch/077-hpca4se-bioinf/jlenis/results/GEM-Scalability/2595821.GEM-Scalability.penguin.t16.sam':

S0       16         1070075064 cache-misses                                                  (16.80%)
S0       16       517933879451 cycles                    #    0.000 GHz                      (20.65%)
S0       16       673770466617 instructions              #   21.19  insns per cycle        
                                             #    0.07  stalled cycles per insn  (25.39%)
S0       16              32448 cs                                                            (100.00%)
S0       16                 93 migrations                                                    (100.00%)
S0       16              26882 faults                                                      
S0       16        19838107336 bus-cycles                                                    (26.91%)
S0       16       757939243360 idle-cycles-frontend      #  2383.30% frontend cycles idle     (28.31%)
S0       16       618826576420 idle-cycles-backend       #  1945.87% backend  cycles idle     (30.01%)
S0       16       162804104404 L1-dcache-loads                                               (31.38%)
S0       16         3267432658 L1-dcache-load-misses     #   32.75% of all L1-dcache hits    (20.97%)
S0       16        67636505854 L1-dcache-stores                                              (20.38%)
S0       16         1580567665 L1-dcache-store-misses                                        (19.03%)
S0       16         1338002046 L1-dcache-prefetch-misses                                     (18.85%)
S0       16         1629291211 L1-icache-load-misses                                         (18.07%)
S0       16         1460887310 LLC-loads                                                     (17.70%)
S0       16          239827628 LLC-stores                                                    (15.72%)
S0       16          339090312 LLC-prefetches                                                (8.69%)
S0       16       189131799491 dTLB-loads                                                    (12.46%)
S0       16          523551279 dTLB-load-misses          #    4.35% of all dTLB cache hits   (14.93%)
S0       16        75753689973 dTLB-stores                                                   (14.65%)
S0       16           18121675 dTLB-store-misses                                             (14.32%)
S0       16           10894292 iTLB-loads                                                    (15.05%)
S0       16            4030328 iTLB-load-misses          #  475.05% of all iTLB cache hits   (15.31%)
S0       16        68287271740 branch-loads                                                  (14.80%)
S0       16         1200313366 branch-load-misses                                            (15.75%)
S1       16         1154407518 cache-misses                                                  (16.05%)
S1       16       513093868128 cycles                    #    0.000 GHz                      (20.60%)
S1       16       683179025964 instructions              #    0.00  insns per cycle          (25.70%)
S1       16              20315 cs                                                            (100.00%)
S1       16                124 migrations                                                    (100.00%)
S1       16              21303 faults                                                      
S1       16        20075122238 bus-cycles                                                    (26.97%)
S1       16       701529121502 idle-cycles-frontend      #    0.00% frontend cycles idle     (27.43%)
S1       16       630016946778 idle-cycles-backend       #    0.00% backend  cycles idle     (28.57%)
S1       16       176286910356 L1-dcache-loads                                               (27.81%)
S1       16         3928371245 L1-dcache-load-misses                                         (19.44%)
S1       16        72350264612 L1-dcache-stores                                              (19.36%)
S1       16         1957769070 L1-dcache-store-misses                                        (18.50%)
S1       16         1486627625 L1-dcache-prefetch-misses                                     (18.42%)
S1       16         1840384541 L1-icache-load-misses                                         (18.58%)
S1       16         1909354629 LLC-loads                                                     (17.16%)
S1       16          569678830 LLC-stores                                                    (16.70%)
S1       16          381358170 LLC-prefetches                                                (9.60%)
S1       16       189177274158 dTLB-loads                                                    (12.52%)
S1       16          539698847 dTLB-load-misses                                              (15.76%)
S1       16        79917447949 dTLB-stores                                                   (15.63%)
S1       16           18518522 dTLB-store-misses                                             (16.34%)
S1       16           22095868 iTLB-loads                                                    (16.53%)
S1       16            6377087 iTLB-load-misses                                              (16.35%)
S1       16        68758493393 branch-loads                                                  (15.57%)
S1       16         1193424436 branch-load-misses                                            (15.64%)
S2       16         1058048351 cache-misses                                                  (15.38%)
S2       16       519015586685 cycles                    #    0.000 GHz                      (20.67%)
S2       16       640098939814 instructions              #    0.00  insns per cycle          (26.39%)
S2       16              29168 cs                                                            (100.00%)
S2       16                164 migrations                                                    (100.00%)
S2       16              33062 faults                                                      
S2       16        18410123501 bus-cycles                                                    (28.57%)
S2       16       706040344523 idle-cycles-frontend      #    0.00% frontend cycles idle     (29.93%)
S2       16       643574716540 idle-cycles-backend       #    0.00% backend  cycles idle     (31.24%)
S2       16       141721908811 L1-dcache-loads                                               (31.37%)
S2       16         3064528590 L1-dcache-load-misses                                         (21.09%)
S2       16        66710317579 L1-dcache-stores                                              (18.80%)
S2       16         1489002170 L1-dcache-store-misses                                        (18.68%)
S2       16         1406859591 L1-dcache-prefetch-misses                                     (17.96%)
S2       16         1878612990 L1-icache-load-misses                                         (18.50%)
S2       16         1681764199 LLC-loads                                                     (16.66%)
S2       16          172809003 LLC-stores                                                    (14.52%)
S2       16          410801197 LLC-prefetches                                                (9.02%)
S2       16       206498864380 dTLB-loads                                                    (12.07%)
S2       16          576667494 dTLB-load-misses                                              (15.45%)
S2       16        75116717451 dTLB-stores                                                   (15.80%)
S2       16           22819599 dTLB-store-misses                                             (15.95%)
S2       16            9815043 iTLB-loads                                                    (15.57%)
S2       16            4695108 iTLB-load-misses                                              (14.99%)
S2       16        71699663241 branch-loads                                                  (15.07%)
S2       16         1306282356 branch-load-misses                                            (14.63%)
S3       16          955032269 cache-misses                                                  (18.05%)
S3       16       485289125882 cycles                    #    0.000 GHz                      (23.25%)
S3       16       619162927786 instructions              #    0.00  insns per cycle          (28.39%)
S3       16              18968 cs                                                            (100.00%)
S3       16                178 migrations                                                    (100.00%)
S3       16              26032 faults                                                      
S3       16        18387468150 bus-cycles                                                    (29.32%)
S3       16       672614090557 idle-cycles-frontend      #    0.00% frontend cycles idle     (30.20%)
S3       16       598811705386 idle-cycles-backend       #    0.00% backend  cycles idle     (29.98%)
S3       16       157615987076 L1-dcache-loads                                               (29.28%)
S3       16         3252338168 L1-dcache-load-misses                                         (17.96%)
S3       16        65186994323 L1-dcache-stores                                              (17.07%)
S3       16         1419300838 L1-dcache-store-misses                                        (16.15%)
S3       16         1227625709 L1-dcache-prefetch-misses                                     (16.25%)
S3       16         1641007132 L1-icache-load-misses                                         (16.37%)
S3       16         1427730703 LLC-loads                                                     (16.29%)
S3       16          147234139 LLC-stores                                                    (16.85%)
S3       16          356800196 LLC-prefetches                                                (8.10%)
S3       16       184932378632 dTLB-loads                                                    (12.79%)
S3       16          549395961 dTLB-load-misses                                              (16.24%)
S3       16        73742171990 dTLB-stores                                                   (15.57%)
S3       16           22239392 dTLB-store-misses                                             (16.43%)
S3       16           11492040 iTLB-loads                                                    (15.56%)
S3       16            4843005 iTLB-load-misses                                              (16.05%)
S3       16        70424329269 branch-loads                                                  (16.75%)
S3       16         1207426934 branch-load-misses                                            (16.57%)

      61.937161751 seconds time elapsed

#################################################################
# Test multi-threading - 32 threads - T4 
#################################################################
2595821.GEM-Scalability.penguin.t32
2016/9/28 18:09:40 -- [Opening input file '/tmp/data/datasets/gcat_set_039_1.fastq']
2016/9/28 18:09:40 -- [Outputting to '/scratch/077-hpca4se-bioinf/jlenis/results/GEM-Scalability/2595821.GEM-Scalability.penguin.t32.sam']
2016/9/28 18:09:40 -- [Loading GEM index '/tmp/data/indexes/HG_index_GEM/index.gem']
2016/9/28 18:09:49 -- [SE::Mapping Sequences]
2016/9/28 18:09:58 -- # 100000 sequences processed
2016/9/28 18:09:58 -- # 200000 sequences processed
2016/9/28 18:09:58 -- # 300000 sequences processed
2016/9/28 18:09:58 -- # 400000 sequences processed
2016/9/28 18:09:58 -- # 500000 sequences processed
2016/9/28 18:09:59 -- # 600000 sequences processed
2016/9/28 18:09:59 -- # 700000 sequences processed
2016/9/28 18:09:59 -- # 800000 sequences processed
2016/9/28 18:09:59 -- # 900000 sequences processed
2016/9/28 18:09:59 -- # 1000000 sequences processed
2016/9/28 18:09:59 -- # 1100000 sequences processed
2016/9/28 18:09:59 -- # 1200000 sequences processed
2016/9/28 18:09:59 -- # 1300000 sequences processed
2016/9/28 18:09:59 -- # 1400000 sequences processed
2016/9/28 18:09:59 -- # 1500000 sequences processed
2016/9/28 18:09:59 -- # 1600000 sequences processed
2016/9/28 18:09:59 -- # 1700000 sequences processed
2016/9/28 18:09:59 -- # 1800000 sequences processed
2016/9/28 18:09:59 -- # 1900000 sequences processed
2016/9/28 18:10:00 -- # 2000000 sequences processed
2016/9/28 18:10:00 -- # 2100000 sequences processed
2016/9/28 18:10:00 -- # 2200000 sequences processed
2016/9/28 18:10:00 -- # 2300000 sequences processed
2016/9/28 18:10:00 -- # 2400000 sequences processed
2016/9/28 18:10:01 -- # 2500000 sequences processed
2016/9/28 18:10:01 -- # 2600000 sequences processed
2016/9/28 18:10:01 -- # 2700000 sequences processed
2016/9/28 18:10:01 -- # 2800000 sequences processed
2016/9/28 18:10:01 -- # 2900000 sequences processed
2016/9/28 18:10:02 -- # 3000000 sequences processed
2016/9/28 18:10:04 -- # 3100000 sequences processed
2016/9/28 18:10:04 -- # 3200000 sequences processed
2016/9/28 18:10:04 -- # 3300000 sequences processed
2016/9/28 18:10:04 -- # 3400000 sequences processed
2016/9/28 18:10:04 -- # 3500000 sequences processed
2016/9/28 18:10:05 -- # 3600000 sequences processed
2016/9/28 18:10:05 -- # 3700000 sequences processed
2016/9/28 18:10:05 -- # 3800000 sequences processed
2016/9/28 18:10:06 -- # 3900000 sequences processed
2016/9/28 18:10:07 -- # 4000000 sequences processed
2016/9/28 18:10:07 -- # 4100000 sequences processed
2016/9/28 18:10:07 -- # 4200000 sequences processed
2016/9/28 18:10:07 -- # 4300000 sequences processed
2016/9/28 18:10:07 -- # 4400000 sequences processed
2016/9/28 18:10:07 -- # 4500000 sequences processed
2016/9/28 18:10:07 -- # 4600000 sequences processed
2016/9/28 18:10:07 -- # 4700000 sequences processed
2016/9/28 18:10:07 -- # 4800000 sequences processed
2016/9/28 18:10:07 -- # 4900000 sequences processed
2016/9/28 18:10:07 -- # 5000000 sequences processed
2016/9/28 18:10:07 -- # 5100000 sequences processed
2016/9/28 18:10:07 -- # 5200000 sequences processed
2016/9/28 18:10:08 -- # 5300000 sequences processed
2016/9/28 18:10:08 -- # 5400000 sequences processed
2016/9/28 18:10:08 -- # 5500000 sequences processed
2016/9/28 18:10:08 -- # 5600000 sequences processed
2016/9/28 18:10:09 -- # 5700000 sequences processed
2016/9/28 18:10:10 -- # 5800000 sequences processed
2016/9/28 18:10:11 -- # 5900000 sequences processed
2016/9/28 18:10:11 -- # 6000000 sequences processed
2016/9/28 18:10:11 -- # 6100000 sequences processed
2016/9/28 18:10:11 -- # 6200000 sequences processed
2016/9/28 18:10:11 -- # 6300000 sequences processed
2016/9/28 18:10:11 -- # 6400000 sequences processed
2016/9/28 18:10:11 -- # 6500000 sequences processed
2016/9/28 18:10:12 -- # 6600000 sequences processed
2016/9/28 18:10:12 -- # 6700000 sequences processed
2016/9/28 18:10:14 -- # 6800000 sequences processed
2016/9/28 18:10:14 -- # 6900000 sequences processed
2016/9/28 18:10:14 -- # 7000000 sequences processed
2016/9/28 18:10:14 -- # 7100000 sequences processed
2016/9/28 18:10:14 -- # 7200000 sequences processed
2016/9/28 18:10:14 -- # 7300000 sequences processed
2016/9/28 18:10:14 -- # 7400000 sequences processed
2016/9/28 18:10:15 -- # 7500000 sequences processed
2016/9/28 18:10:15 -- # 7600000 sequences processed
2016/9/28 18:10:15 -- # 7700000 sequences processed
2016/9/28 18:10:15 -- # 7800000 sequences processed
2016/9/28 18:10:15 -- # 7900000 sequences processed
2016/9/28 18:10:15 -- # 8000000 sequences processed
2016/9/28 18:10:15 -- # 8100000 sequences processed
2016/9/28 18:10:15 -- # 8200000 sequences processed
2016/9/28 18:10:16 -- # 8300000 sequences processed
2016/9/28 18:10:16 -- # 8400000 sequences processed
2016/9/28 18:10:17 -- # 8500000 sequences processed
2016/9/28 18:10:17 -- # 8600000 sequences processed
2016/9/28 18:10:17 -- # 8700000 sequences processed
2016/9/28 18:10:17 -- # 8800000 sequences processed
2016/9/28 18:10:17 -- # 8900000 sequences processed
2016/9/28 18:10:17 -- # 9000000 sequences processed
2016/9/28 18:10:17 -- # 9100000 sequences processed
2016/9/28 18:10:18 -- # 9200000 sequences processed
2016/9/28 18:10:18 -- # 9300000 sequences processed
2016/9/28 18:10:18 -- # 9400000 sequences processed
2016/9/28 18:10:18 -- # 9500000 sequences processed
2016/9/28 18:10:18 -- # 9600000 sequences processed
2016/9/28 18:10:19 -- # 9700000 sequences processed
2016/9/28 18:10:20 -- # 9800000 sequences processed
2016/9/28 18:10:21 -- # 9900000 sequences processed
2016/9/28 18:10:21 -- # 10000000 sequences processed
2016/9/28 18:10:21 -- # 10100000 sequences processed
2016/9/28 18:10:21 -- # 10200000 sequences processed
2016/9/28 18:10:21 -- # 10300000 sequences processed
2016/9/28 18:10:21 -- # 10400000 sequences processed
2016/9/28 18:10:21 -- # 10500000 sequences processed
2016/9/28 18:10:21 -- # 10600000 sequences processed
2016/9/28 18:10:21 -- # 10700000 sequences processed
2016/9/28 18:10:21 -- # 10800000 sequences processed
2016/9/28 18:10:21 -- # 10900000 sequences processed
2016/9/28 18:10:21 -- # 11000000 sequences processed
2016/9/28 18:10:21 -- # 11100000 sequences processed
2016/9/28 18:10:21 -- # 11200000 sequences processed
2016/9/28 18:10:21 -- # 11300000 sequences processed
2016/9/28 18:10:21 -- # 11400000 sequences processed
2016/9/28 18:10:22 -- # 11500000 sequences processed
2016/9/28 18:10:22 -- # 11600000 sequences processed
2016/9/28 18:10:22 -- # 11700000 sequences processed
2016/9/28 18:10:22 -- # 11800000 sequences processed
2016/9/28 18:10:22 -- # 11900000 sequences processed
2016/9/28 18:10:22 -- Total 11945249 sequences processed... done
2016/9/28 18:10:22 -- [GEMMapper terminated successfully in 33s. (+8s. loading)]


 Performance counter stats for 'bin/gem-mapper -t 32 -I /tmp/data/indexes/HG_index_GEM/index.gem -i /tmp/data/datasets/gcat_set_039_1.fastq -o /scratch/077-hpca4se-bioinf/jlenis/results/GEM-Scalability/2595821.GEM-Scalability.penguin.t32.sam':

S0       16          956899450 cache-misses                                                  (15.35%)
S0       16       517845027940 cycles                    #    0.000 GHz                      (19.95%)
S0       16       604319319708 instructions              #   16.81  insns per cycle        
                                             #    0.07  stalled cycles per insn  (25.34%)
S0       16              34937 cs                                                            (100.00%)
S0       16                201 migrations                                                    (100.00%)
S0       16              19949 faults                                                      
S0       16        19417590465 bus-cycles                                                    (27.06%)
S0       16       604527678312 idle-cycles-frontend      #  1681.43% frontend cycles idle     (28.56%)
S0       16       509834905513 idle-cycles-backend       #  1418.05% backend  cycles idle     (30.97%)
S0       16       120674647823 L1-dcache-loads                                               (31.71%)
S0       16         2753297062 L1-dcache-load-misses     #   28.56% of all L1-dcache hits    (20.96%)
S0       16        63189251142 L1-dcache-stores                                              (19.56%)
S0       16         1425313010 L1-dcache-store-misses                                        (18.21%)
S0       16         1239021883 L1-dcache-prefetch-misses                                     (17.90%)
S0       16         1566477623 L1-icache-load-misses                                         (17.53%)
S0       16         1214807248 LLC-loads                                                     (18.27%)
S0       16          108847871 LLC-stores                                                    (16.93%)
S0       16          355736476 LLC-prefetches                                                (7.99%)
S0       16       187218635172 dTLB-loads                                                    (12.54%)
S0       16          453117089 dTLB-load-misses          #    3.54% of all dTLB cache hits   (14.80%)
S0       16        78867212131 dTLB-stores                                                   (15.94%)
S0       16           12951806 dTLB-store-misses                                             (15.53%)
S0       16            6391473 iTLB-loads                                                    (15.52%)
S0       16            5030020 iTLB-load-misses          #  145.97% of all iTLB cache hits   (14.33%)
S0       16        72655284030 branch-loads                                                  (15.10%)
S0       16         1245124809 branch-load-misses                                            (14.18%)
S1       16         1207597169 cache-misses                                                  (14.97%)
S1       16       470597656073 cycles                    #    0.000 GHz                      (19.49%)
S1       16       605689965713 instructions              #    0.00  insns per cycle          (25.22%)
S1       16              18305 cs                                                            (100.00%)
S1       16                174 migrations                                                    (100.00%)
S1       16              29725 faults                                                      
S1       16        18210615498 bus-cycles                                                    (27.48%)
S1       16       710517540585 idle-cycles-frontend      #    0.00% frontend cycles idle     (26.79%)
S1       16       611872017368 idle-cycles-backend       #    0.00% backend  cycles idle     (28.20%)
S1       16       170197928913 L1-dcache-loads                                               (29.22%)
S1       16         3823438372 L1-dcache-load-misses                                         (20.71%)
S1       16        66138629188 L1-dcache-stores                                              (20.12%)
S1       16         1941117648 L1-dcache-store-misses                                        (19.44%)
S1       16         1394985521 L1-dcache-prefetch-misses                                     (17.96%)
S1       16         1259441293 L1-icache-load-misses                                         (19.34%)
S1       16         1712856412 LLC-loads                                                     (17.58%)
S1       16          494936604 LLC-stores                                                    (18.87%)
S1       16          320300666 LLC-prefetches                                                (9.68%)
S1       16       182486741314 dTLB-loads                                                    (12.20%)
S1       16          422516190 dTLB-load-misses                                              (15.09%)
S1       16        64983421873 dTLB-stores                                                   (16.70%)
S1       16           14965502 dTLB-store-misses                                             (14.58%)
S1       16           17298780 iTLB-loads                                                    (15.09%)
S1       16            7620163 iTLB-load-misses                                              (14.78%)
S1       16        57133478528 branch-loads                                                  (15.94%)
S1       16         1015103833 branch-load-misses                                            (14.31%)
S2       16         1193798769 cache-misses                                                  (14.68%)
S2       16       614079205273 cycles                    #    0.000 GHz                      (20.65%)
S2       16       674100500044 instructions              #    0.00  insns per cycle          (26.98%)
S2       16              24620 cs                                                            (100.00%)
S2       16                242 migrations                                                    (100.00%)
S2       16              42896 faults                                                      
S2       16        23381050965 bus-cycles                                                    (29.51%)
S2       16       655828148827 idle-cycles-frontend      #    0.00% frontend cycles idle     (32.64%)
S2       16       551810747593 idle-cycles-backend       #    0.00% backend  cycles idle     (34.50%)
S2       16       148918380213 L1-dcache-loads                                               (34.15%)
S2       16         3476780426 L1-dcache-load-misses                                         (19.89%)
S2       16        82784019091 L1-dcache-stores                                              (17.09%)
S2       16         1878819431 L1-dcache-store-misses                                        (16.87%)
S2       16         1575049616 L1-dcache-prefetch-misses                                     (17.13%)
S2       16         2050795445 L1-icache-load-misses                                         (16.75%)
S2       16         1729244648 LLC-loads                                                     (16.47%)
S2       16          238625270 LLC-stores                                                    (16.24%)
S2       16          546058316 LLC-prefetches                                                (8.46%)
S2       16       237442792841 dTLB-loads                                                    (12.90%)
S2       16          615116060 dTLB-load-misses                                              (16.49%)
S2       16        94533627017 dTLB-stores                                                   (15.60%)
S2       16           20040414 dTLB-store-misses                                             (15.06%)
S2       16           93713078 iTLB-loads                                                    (14.03%)
S2       16           15923965 iTLB-load-misses                                              (14.04%)
S2       16        82330119175 branch-loads                                                  (13.95%)
S2       16         1443137236 branch-load-misses                                            (13.24%)
S3       16         1204998926 cache-misses                                                  (16.92%)
S3       16       698484846867 cycles                    #    0.000 GHz                      (21.62%)
S3       16       729366402586 instructions              #    0.00  insns per cycle          (26.20%)
S3       16              19484 cs                                                            (100.00%)
S3       16                258 migrations                                                    (100.00%)
S3       16              38734 faults                                                      
S3       16        29870629864 bus-cycles                                                    (27.87%)
S3       16       807462227000 idle-cycles-frontend      #    0.00% frontend cycles idle     (28.40%)
S3       16       662011649969 idle-cycles-backend       #    0.00% backend  cycles idle     (30.25%)
S3       16       177217600517 L1-dcache-loads                                               (29.73%)
S3       16         4119714569 L1-dcache-load-misses                                         (19.63%)
S3       16        64281993992 L1-dcache-stores                                              (20.05%)
S3       16         1863877858 L1-dcache-store-misses                                        (17.09%)
S3       16         1389491148 L1-dcache-prefetch-misses                                     (18.36%)
S3       16         2366009108 L1-icache-load-misses                                         (15.99%)
S3       16         1803756551 LLC-loads                                                     (16.48%)
S3       16          298834967 LLC-stores                                                    (16.41%)
S3       16          654497898 LLC-prefetches                                                (8.10%)
S3       16       211722052268 dTLB-loads                                                    (12.97%)
S3       16          756330834 dTLB-load-misses                                              (17.13%)
S3       16        89332985118 dTLB-stores                                                   (16.67%)
S3       16           48429413 dTLB-store-misses                                             (15.80%)
S3       16          103130770 iTLB-loads                                                    (16.00%)
S3       16           22389695 iTLB-load-misses                                              (15.83%)
S3       16        78404054273 branch-loads                                                  (15.56%)
S3       16         1388254276 branch-load-misses                                            (15.02%)

      41.865248471 seconds time elapsed

#################################################################
# Test multi-threading - 48 threads - T5
#################################################################
2595821.GEM-Scalability.penguin.t48
2016/9/28 18:10:23 -- [Opening input file '/tmp/data/datasets/gcat_set_039_1.fastq']
2016/9/28 18:10:23 -- [Outputting to '/scratch/077-hpca4se-bioinf/jlenis/results/GEM-Scalability/2595821.GEM-Scalability.penguin.t48.sam']
2016/9/28 18:10:23 -- [Loading GEM index '/tmp/data/indexes/HG_index_GEM/index.gem']
2016/9/28 18:10:31 -- [SE::Mapping Sequences]
2016/9/28 18:10:41 -- # 100000 sequences processed
2016/9/28 18:10:41 -- # 200000 sequences processed
2016/9/28 18:10:41 -- # 300000 sequences processed
2016/9/28 18:10:41 -- # 400000 sequences processed
2016/9/28 18:10:41 -- # 500000 sequences processed
2016/9/28 18:10:41 -- # 600000 sequences processed
2016/9/28 18:10:42 -- # 700000 sequences processed
2016/9/28 18:10:42 -- # 800000 sequences processed
2016/9/28 18:10:42 -- # 900000 sequences processed
2016/9/28 18:10:42 -- # 1000000 sequences processed
2016/9/28 18:10:42 -- # 1100000 sequences processed
2016/9/28 18:10:42 -- # 1200000 sequences processed
2016/9/28 18:10:42 -- # 1300000 sequences processed
2016/9/28 18:10:42 -- # 1400000 sequences processed
2016/9/28 18:10:43 -- # 1500000 sequences processed
2016/9/28 18:10:43 -- # 1600000 sequences processed
2016/9/28 18:10:43 -- # 1700000 sequences processed
2016/9/28 18:10:43 -- # 1800000 sequences processed
2016/9/28 18:10:43 -- # 1900000 sequences processed
2016/9/28 18:10:43 -- # 2000000 sequences processed
2016/9/28 18:10:44 -- # 2100000 sequences processed
2016/9/28 18:10:44 -- # 2200000 sequences processed
2016/9/28 18:10:44 -- # 2300000 sequences processed
2016/9/28 18:10:45 -- # 2400000 sequences processed
2016/9/28 18:10:45 -- # 2500000 sequences processed
2016/9/28 18:10:45 -- # 2600000 sequences processed
2016/9/28 18:10:45 -- # 2700000 sequences processed
2016/9/28 18:10:45 -- # 2800000 sequences processed
2016/9/28 18:10:45 -- # 2900000 sequences processed
2016/9/28 18:10:45 -- # 3000000 sequences processed
2016/9/28 18:10:45 -- # 3100000 sequences processed
2016/9/28 18:10:45 -- # 3200000 sequences processed
2016/9/28 18:10:45 -- # 3300000 sequences processed
2016/9/28 18:10:45 -- # 3400000 sequences processed
2016/9/28 18:10:46 -- # 3500000 sequences processed
2016/9/28 18:10:46 -- # 3600000 sequences processed
2016/9/28 18:10:46 -- # 3700000 sequences processed
2016/9/28 18:10:46 -- # 3800000 sequences processed
2016/9/28 18:10:46 -- # 3900000 sequences processed
2016/9/28 18:10:46 -- # 4000000 sequences processed
2016/9/28 18:10:46 -- # 4100000 sequences processed
2016/9/28 18:10:46 -- # 4200000 sequences processed
2016/9/28 18:10:46 -- # 4300000 sequences processed
2016/9/28 18:10:46 -- # 4400000 sequences processed
2016/9/28 18:10:46 -- # 4500000 sequences processed
2016/9/28 18:10:47 -- # 4600000 sequences processed
2016/9/28 18:10:48 -- # 4700000 sequences processed
2016/9/28 18:10:48 -- # 4800000 sequences processed
2016/9/28 18:10:48 -- # 4900000 sequences processed
2016/9/28 18:10:48 -- # 5000000 sequences processed
2016/9/28 18:10:48 -- # 5100000 sequences processed
2016/9/28 18:10:48 -- # 5200000 sequences processed
2016/9/28 18:10:49 -- # 5300000 sequences processed
2016/9/28 18:10:50 -- # 5400000 sequences processed
2016/9/28 18:10:50 -- # 5500000 sequences processed
2016/9/28 18:10:50 -- # 5600000 sequences processed
2016/9/28 18:10:50 -- # 5700000 sequences processed
2016/9/28 18:10:50 -- # 5800000 sequences processed
2016/9/28 18:10:50 -- # 5900000 sequences processed
2016/9/28 18:10:50 -- # 6000000 sequences processed
2016/9/28 18:10:51 -- # 6100000 sequences processed
2016/9/28 18:10:51 -- # 6200000 sequences processed
2016/9/28 18:10:51 -- # 6300000 sequences processed
2016/9/28 18:10:52 -- # 6400000 sequences processed
2016/9/28 18:10:52 -- # 6500000 sequences processed
2016/9/28 18:10:53 -- # 6600000 sequences processed
2016/9/28 18:10:53 -- # 6700000 sequences processed
2016/9/28 18:10:53 -- # 6800000 sequences processed
2016/9/28 18:10:53 -- # 6900000 sequences processed
2016/9/28 18:10:55 -- # 7000000 sequences processed
2016/9/28 18:10:55 -- # 7100000 sequences processed
2016/9/28 18:10:55 -- # 7200000 sequences processed
2016/9/28 18:10:55 -- # 7300000 sequences processed
2016/9/28 18:10:55 -- # 7400000 sequences processed
2016/9/28 18:10:55 -- # 7500000 sequences processed
2016/9/28 18:10:55 -- # 7600000 sequences processed
2016/9/28 18:10:55 -- # 7700000 sequences processed
2016/9/28 18:10:55 -- # 7800000 sequences processed
2016/9/28 18:10:56 -- # 7900000 sequences processed
2016/9/28 18:10:56 -- # 8000000 sequences processed
2016/9/28 18:10:56 -- # 8100000 sequences processed
2016/9/28 18:10:56 -- # 8200000 sequences processed
2016/9/28 18:10:56 -- # 8300000 sequences processed
2016/9/28 18:10:56 -- # 8400000 sequences processed
2016/9/28 18:10:56 -- # 8500000 sequences processed
2016/9/28 18:10:56 -- # 8600000 sequences processed
2016/9/28 18:10:56 -- # 8700000 sequences processed
2016/9/28 18:10:57 -- # 8800000 sequences processed
2016/9/28 18:10:57 -- # 8900000 sequences processed
2016/9/28 18:10:57 -- # 9000000 sequences processed
2016/9/28 18:10:57 -- # 9100000 sequences processed
2016/9/28 18:10:57 -- # 9200000 sequences processed
2016/9/28 18:10:57 -- # 9300000 sequences processed
2016/9/28 18:10:57 -- # 9400000 sequences processed
2016/9/28 18:10:57 -- # 9500000 sequences processed
2016/9/28 18:10:57 -- # 9600000 sequences processed
2016/9/28 18:10:58 -- # 9700000 sequences processed
2016/9/28 18:10:58 -- # 9800000 sequences processed
2016/9/28 18:10:58 -- # 9900000 sequences processed
2016/9/28 18:10:58 -- # 10000000 sequences processed
2016/9/28 18:10:58 -- # 10100000 sequences processed
2016/9/28 18:10:58 -- # 10200000 sequences processed
2016/9/28 18:10:58 -- # 10300000 sequences processed
2016/9/28 18:10:58 -- # 10400000 sequences processed
2016/9/28 18:10:58 -- # 10500000 sequences processed
2016/9/28 18:10:58 -- # 10600000 sequences processed
2016/9/28 18:10:58 -- # 10700000 sequences processed
2016/9/28 18:10:58 -- # 10800000 sequences processed
2016/9/28 18:10:58 -- # 10900000 sequences processed
2016/9/28 18:10:58 -- # 11000000 sequences processed
2016/9/28 18:10:58 -- # 11100000 sequences processed
2016/9/28 18:10:58 -- # 11200000 sequences processed
2016/9/28 18:10:58 -- # 11300000 sequences processed
2016/9/28 18:10:58 -- # 11400000 sequences processed
2016/9/28 18:10:58 -- # 11500000 sequences processed
2016/9/28 18:10:58 -- # 11600000 sequences processed
2016/9/28 18:10:59 -- # 11700000 sequences processed
2016/9/28 18:10:59 -- # 11800000 sequences processed
2016/9/28 18:10:59 -- # 11900000 sequences processed
2016/9/28 18:10:59 -- Total 11945249 sequences processed... done
2016/9/28 18:10:59 -- [GEMMapper terminated successfully in 28s. (+8s. loading)]


 Performance counter stats for 'bin/gem-mapper -t 48 -I /tmp/data/indexes/HG_index_GEM/index.gem -i /tmp/data/datasets/gcat_set_039_1.fastq -o /scratch/077-hpca4se-bioinf/jlenis/results/GEM-Scalability/2595821.GEM-Scalability.penguin.t48.sam':

S0       16          918689316 cache-misses                                                  (15.56%)
S0       16       495838505805 cycles                    #    0.000 GHz                      (22.95%)
S0       16       535799911752 instructions              #   13.13  insns per cycle        
                                             #    0.07  stalled cycles per insn  (28.33%)
S0       16              36885 cs                                                            (100.00%)
S0       16                175 migrations                                                    (100.00%)
S0       16              22449 faults                                                      
S0       16        19142692505 bus-cycles                                                    (30.94%)
S0       16       609060999125 idle-cycles-frontend      #  1492.22% frontend cycles idle     (30.33%)
S0       16       506330830407 idle-cycles-backend       #  1240.53% backend  cycles idle     (31.92%)
S0       16       128011778921 L1-dcache-loads                                               (31.30%)
S0       16         2714723525 L1-dcache-load-misses     #   29.67% of all L1-dcache hits    (20.94%)
S0       16        59511721110 L1-dcache-stores                                              (18.62%)
S0       16         1418441878 L1-dcache-store-misses                                        (17.53%)
S0       16         1299711043 L1-dcache-prefetch-misses                                     (15.82%)
S0       16         1582309243 L1-icache-load-misses                                         (17.37%)
S0       16         1395728924 LLC-loads                                                     (16.74%)
S0       16          142564504 LLC-stores                                                    (18.05%)
S0       16          399433854 LLC-prefetches                                                (8.51%)
S0       16       189181740092 dTLB-loads                                                    (11.71%)
S0       16          445683423 dTLB-load-misses          #    3.23% of all dTLB cache hits   (14.41%)
S0       16        76204823371 dTLB-stores                                                   (15.78%)
S0       16           22180537 dTLB-store-misses                                             (13.63%)
S0       16           42817462 iTLB-loads                                                    (13.24%)
S0       16           19735559 iTLB-load-misses          #  173.05% of all iTLB cache hits   (13.94%)
S0       16        65336108587 branch-loads                                                  (16.81%)
S0       16         1144498673 branch-load-misses                                            (15.22%)
S1       16         1442215333 cache-misses                                                  (15.55%)
S1       16       598746399034 cycles                    #    0.000 GHz                      (21.19%)
S1       16       696052324773 instructions              #    0.00  insns per cycle          (26.67%)
S1       16              20448 cs                                                            (100.00%)
S1       16                200 migrations                                                    (100.00%)
S1       16              28177 faults                                                      
S1       16        23574818168 bus-cycles                                                    (29.44%)
S1       16       612748839108 idle-cycles-frontend      #    0.00% frontend cycles idle     (31.12%)
S1       16       491841165194 idle-cycles-backend       #    0.00% backend  cycles idle     (31.96%)
S1       16       166596504087 L1-dcache-loads                                               (31.56%)
S1       16         4414054141 L1-dcache-load-misses                                         (18.90%)
S1       16        76483340408 L1-dcache-stores                                              (17.99%)
S1       16         2338627998 L1-dcache-store-misses                                        (17.10%)
S1       16         1602828531 L1-dcache-prefetch-misses                                     (17.70%)
S1       16         1841187470 L1-icache-load-misses                                         (16.79%)
S1       16         1868114154 LLC-loads                                                     (16.72%)
S1       16          558650970 LLC-stores                                                    (16.73%)
S1       16          554668603 LLC-prefetches                                                (8.50%)
S1       16       212396263790 dTLB-loads                                                    (12.26%)
S1       16          517538463 dTLB-load-misses                                              (16.37%)
S1       16        83234265218 dTLB-stores                                                   (16.17%)
S1       16           16539875 dTLB-store-misses                                             (15.19%)
S1       16           82450485 iTLB-loads                                                    (15.28%)
S1       16           48286678 iTLB-load-misses                                              (14.12%)
S1       16        78858186837 branch-loads                                                  (14.19%)
S1       16         1339014223 branch-load-misses                                            (14.82%)
S2       16         1288640751 cache-misses                                                  (15.55%)
S2       16       762899567713 cycles                    #    0.000 GHz                      (22.42%)
S2       16       638483228601 instructions              #    0.00  insns per cycle          (29.28%)
S2       16              26089 cs                                                            (100.00%)
S2       16                208 migrations                                                    (100.00%)
S2       16              46429 faults                                                      
S2       16        29354504593 bus-cycles                                                    (31.77%)
S2       16       538026959533 idle-cycles-frontend      #    0.00% frontend cycles idle     (34.12%)
S2       16       373174562969 idle-cycles-backend       #    0.00% backend  cycles idle     (37.05%)
S2       16       147218345530 L1-dcache-loads                                               (36.30%)
S2       16         3702438771 L1-dcache-load-misses                                         (21.61%)
S2       16        75542607180 L1-dcache-stores                                              (18.29%)
S2       16         2247999876 L1-dcache-store-misses                                        (15.76%)
S2       16         1761886391 L1-dcache-prefetch-misses                                     (15.73%)
S2       16         2152012587 L1-icache-load-misses                                         (16.23%)
S2       16         1889304268 LLC-loads                                                     (16.36%)
S2       16          358945502 LLC-stores                                                    (16.92%)
S2       16          751249686 LLC-prefetches                                                (7.82%)
S2       16       249979286006 dTLB-loads                                                    (10.57%)
S2       16          638492382 dTLB-load-misses                                              (14.33%)
S2       16        97380569976 dTLB-stores                                                   (14.22%)
S2       16           41192059 dTLB-store-misses                                             (13.08%)
S2       16          323912952 iTLB-loads                                                    (13.17%)
S2       16           62716721 iTLB-load-misses                                              (13.27%)
S2       16        87349977753 branch-loads                                                  (13.65%)
S2       16         1500377899 branch-load-misses                                            (13.10%)
S3       16         1159276933 cache-misses                                                  (17.79%)
S3       16       754717857386 cycles                    #    0.000 GHz                      (24.08%)
S3       16       615700468164 instructions              #    0.00  insns per cycle          (29.61%)
S3       16              14044 cs                                                            (100.00%)
S3       16                253 migrations                                                    (100.00%)
S3       16              41371 faults                                                      
S3       16        30985894841 bus-cycles                                                    (31.34%)
S3       16       551646420497 idle-cycles-frontend      #    0.00% frontend cycles idle     (32.88%)
S3       16       390612623285 idle-cycles-backend       #    0.00% backend  cycles idle     (35.29%)
S3       16       143759713200 L1-dcache-loads                                               (34.48%)
S3       16         3958950576 L1-dcache-load-misses                                         (21.65%)
S3       16        71043510347 L1-dcache-stores                                              (19.19%)
S3       16         2267897429 L1-dcache-store-misses                                        (16.04%)
S3       16         1806684117 L1-dcache-prefetch-misses                                     (15.47%)
S3       16         2793917377 L1-icache-load-misses                                         (14.57%)
S3       16         2114688884 LLC-loads                                                     (14.77%)
S3       16          500537279 LLC-stores                                                    (14.86%)
S3       16          924978684 LLC-prefetches                                                (8.03%)
S3       16       230315167060 dTLB-loads                                                    (11.58%)
S3       16          922736472 dTLB-load-misses                                              (14.65%)
S3       16        93497318305 dTLB-stores                                                   (14.95%)
S3       16           52030776 dTLB-store-misses                                             (14.18%)
S3       16          280725868 iTLB-loads                                                    (14.57%)
S3       16           39982257 iTLB-load-misses                                              (14.93%)
S3       16        78976642907 branch-loads                                                  (15.52%)
S3       16         1386634995 branch-load-misses                                            (14.44%)

      36.359087853 seconds time elapsed

#################################################################
# Test multi-threading - 64 threads - T6
#################################################################

2016/9/28 18:10:59 -- [Opening input file '/tmp/data/datasets/gcat_set_039_1.fastq']
2016/9/28 18:10:59 -- [Outputting to '/scratch/077-hpca4se-bioinf/jlenis/results/GEM-Scalability/2595821.GEM-Scalability.penguin.t64.sam']
2016/9/28 18:10:59 -- [Loading GEM index '/tmp/data/indexes/HG_index_GEM/index.gem']
2016/9/28 18:11:10 -- [SE::Mapping Sequences]
2016/9/28 18:11:22 -- # 100000 sequences processed
2016/9/28 18:11:22 -- # 200000 sequences processed
2016/9/28 18:11:22 -- # 300000 sequences processed
2016/9/28 18:11:22 -- # 400000 sequences processed
2016/9/28 18:11:22 -- # 500000 sequences processed
2016/9/28 18:11:22 -- # 600000 sequences processed
2016/9/28 18:11:22 -- # 700000 sequences processed
2016/9/28 18:11:22 -- # 800000 sequences processed
2016/9/28 18:11:22 -- # 900000 sequences processed
2016/9/28 18:11:22 -- # 1000000 sequences processed
2016/9/28 18:11:22 -- # 1100000 sequences processed
2016/9/28 18:11:22 -- # 1200000 sequences processed
2016/9/28 18:11:22 -- # 1300000 sequences processed
2016/9/28 18:11:22 -- # 1400000 sequences processed
2016/9/28 18:11:23 -- # 1500000 sequences processed
2016/9/28 18:11:24 -- # 1600000 sequences processed
2016/9/28 18:11:24 -- # 1700000 sequences processed
2016/9/28 18:11:24 -- # 1800000 sequences processed
2016/9/28 18:11:24 -- # 1900000 sequences processed
2016/9/28 18:11:24 -- # 2000000 sequences processed
2016/9/28 18:11:24 -- # 2100000 sequences processed
2016/9/28 18:11:24 -- # 2200000 sequences processed
2016/9/28 18:11:24 -- # 2300000 sequences processed
2016/9/28 18:11:24 -- # 2400000 sequences processed
2016/9/28 18:11:24 -- # 2500000 sequences processed
2016/9/28 18:11:24 -- # 2600000 sequences processed
2016/9/28 18:11:24 -- # 2700000 sequences processed
2016/9/28 18:11:24 -- # 2800000 sequences processed
2016/9/28 18:11:24 -- # 2900000 sequences processed
2016/9/28 18:11:24 -- # 3000000 sequences processed
2016/9/28 18:11:24 -- # 3100000 sequences processed
2016/9/28 18:11:24 -- # 3200000 sequences processed
2016/9/28 18:11:24 -- # 3300000 sequences processed
2016/9/28 18:11:24 -- # 3400000 sequences processed
2016/9/28 18:11:24 -- # 3500000 sequences processed
2016/9/28 18:11:24 -- # 3600000 sequences processed
2016/9/28 18:11:24 -- # 3700000 sequences processed
2016/9/28 18:11:24 -- # 3800000 sequences processed
2016/9/28 18:11:24 -- # 3900000 sequences processed
2016/9/28 18:11:24 -- # 4000000 sequences processed
2016/9/28 18:11:25 -- # 4100000 sequences processed
2016/9/28 18:11:25 -- # 4200000 sequences processed
2016/9/28 18:11:25 -- # 4300000 sequences processed
2016/9/28 18:11:25 -- # 4400000 sequences processed
2016/9/28 18:11:25 -- # 4500000 sequences processed
2016/9/28 18:11:25 -- # 4600000 sequences processed
2016/9/28 18:11:25 -- # 4700000 sequences processed
2016/9/28 18:11:25 -- # 4800000 sequences processed
2016/9/28 18:11:25 -- # 4900000 sequences processed
2016/9/28 18:11:25 -- # 5000000 sequences processed
2016/9/28 18:11:25 -- # 5100000 sequences processed
2016/9/28 18:11:25 -- # 5200000 sequences processed
2016/9/28 18:11:25 -- # 5300000 sequences processed
2016/9/28 18:11:25 -- # 5400000 sequences processed
2016/9/28 18:11:25 -- # 5500000 sequences processed
2016/9/28 18:11:25 -- # 5600000 sequences processed
2016/9/28 18:11:25 -- # 5700000 sequences processed
2016/9/28 18:11:25 -- # 5800000 sequences processed
2016/9/28 18:11:25 -- # 5900000 sequences processed
2016/9/28 18:11:25 -- # 6000000 sequences processed
2016/9/28 18:11:25 -- # 6100000 sequences processed
2016/9/28 18:11:25 -- # 6200000 sequences processed
2016/9/28 18:11:26 -- # 6300000 sequences processed
2016/9/28 18:11:31 -- # 6400000 sequences processed
2016/9/28 18:11:31 -- # 6500000 sequences processed
2016/9/28 18:11:31 -- # 6600000 sequences processed
2016/9/28 18:11:31 -- # 6700000 sequences processed
2016/9/28 18:11:31 -- # 6800000 sequences processed
2016/9/28 18:11:31 -- # 6900000 sequences processed
2016/9/28 18:11:32 -- # 7000000 sequences processed
2016/9/28 18:11:32 -- # 7100000 sequences processed
2016/9/28 18:11:32 -- # 7200000 sequences processed
2016/9/28 18:11:32 -- # 7300000 sequences processed
2016/9/28 18:11:32 -- # 7400000 sequences processed
2016/9/28 18:11:32 -- # 7500000 sequences processed
2016/9/28 18:11:32 -- # 7600000 sequences processed
2016/9/28 18:11:32 -- # 7700000 sequences processed
2016/9/28 18:11:32 -- # 7800000 sequences processed
2016/9/28 18:11:33 -- # 7900000 sequences processed
2016/9/28 18:11:33 -- # 8000000 sequences processed
2016/9/28 18:11:33 -- # 8100000 sequences processed
2016/9/28 18:11:33 -- # 8200000 sequences processed
2016/9/28 18:11:33 -- # 8300000 sequences processed
2016/9/28 18:11:33 -- # 8400000 sequences processed
2016/9/28 18:11:33 -- # 8500000 sequences processed
2016/9/28 18:11:33 -- # 8600000 sequences processed
2016/9/28 18:11:33 -- # 8700000 sequences processed
2016/9/28 18:11:33 -- # 8800000 sequences processed
2016/9/28 18:11:33 -- # 8900000 sequences processed
2016/9/28 18:11:33 -- # 9000000 sequences processed
2016/9/28 18:11:33 -- # 9100000 sequences processed
2016/9/28 18:11:33 -- # 9200000 sequences processed
2016/9/28 18:11:34 -- # 9300000 sequences processed
2016/9/28 18:11:34 -- # 9400000 sequences processed
2016/9/28 18:11:34 -- # 9500000 sequences processed
2016/9/28 18:11:34 -- # 9600000 sequences processed
2016/9/28 18:11:34 -- # 9700000 sequences processed
2016/9/28 18:11:34 -- # 9800000 sequences processed
2016/9/28 18:11:34 -- # 9900000 sequences processed
2016/9/28 18:11:34 -- # 10000000 sequences processed
2016/9/28 18:11:34 -- # 10100000 sequences processed
2016/9/28 18:11:34 -- # 10200000 sequences processed
2016/9/28 18:11:34 -- # 10300000 sequences processed
2016/9/28 18:11:34 -- # 10400000 sequences processed
2016/9/28 18:11:34 -- # 10500000 sequences processed
2016/9/28 18:11:34 -- # 10600000 sequences processed
2016/9/28 18:11:34 -- # 10700000 sequences processed
2016/9/28 18:11:34 -- # 10800000 sequences processed
2016/9/28 18:11:34 -- # 10900000 sequences processed
2016/9/28 18:11:34 -- # 11000000 sequences processed
2016/9/28 18:11:34 -- # 11100000 sequences processed
2016/9/28 18:11:34 -- # 11200000 sequences processed
2016/9/28 18:11:34 -- # 11300000 sequences processed
2016/9/28 18:11:34 -- # 11400000 sequences processed
2016/9/28 18:11:34 -- # 11500000 sequences processed
2016/9/28 18:11:34 -- # 11600000 sequences processed
2016/9/28 18:11:34 -- # 11700000 sequences processed
2016/9/28 18:11:34 -- # 11800000 sequences processed
2016/9/28 18:11:34 -- # 11900000 sequences processed
2016/9/28 18:11:34 -- Total 11945249 sequences processed... done
2016/9/28 18:11:35 -- [GEMMapper terminated successfully in 25s. (+10s. loading)]


 Performance counter stats for 'bin/gem-mapper -t 64 -I /tmp/data/indexes/HG_index_GEM/index.gem -i /tmp/data/datasets/gcat_set_039_1.fastq -o /scratch/077-hpca4se-bioinf/jlenis/results/GEM-Scalability/2595821.GEM-Scalability.penguin.t64.sam':

S0       16         2023106113 cache-misses                                                  (13.84%)
S0       16       838661342330 cycles                    #    0.000 GHz                      (20.19%)
S0       16       773597008731 instructions              #   15.33  insns per cycle        
                                             #    0.04  stalled cycles per insn  (26.35%)
S0       16              32094 cs                                                            (100.00%)
S0       16                182 migrations                                                    (100.00%)
S0       16              33553 faults                                                      
S0       16        31020878087 bus-cycles                                                    (29.61%)
S0       16       494682075414 idle-cycles-frontend      #  980.32% frontend cycles idle     (32.47%)
S0       16       294498309694 idle-cycles-backend       #  583.61% backend  cycles idle     (35.97%)
S0       16       153643839383 L1-dcache-loads                                               (37.99%)
S0       16         4249316939 L1-dcache-load-misses     #   46.78% of all L1-dcache hits    (24.79%)
S0       16        66134066694 L1-dcache-stores                                              (22.96%)
S0       16         2389883305 L1-dcache-store-misses                                        (20.41%)
S0       16         2058882496 L1-dcache-prefetch-misses                                     (17.88%)
S0       16         2400733443 L1-icache-load-misses                                         (15.89%)
S0       16         2456153329 LLC-loads                                                     (15.10%)
S0       16          898919178 LLC-stores                                                    (14.66%)
S0       16          920063109 LLC-prefetches                                                (6.77%)
S0       16       284156563265 dTLB-loads                                                    (10.01%)
S0       16          767338657 dTLB-load-misses          #    5.41% of all dTLB cache hits   (13.24%)
S0       16       116339034779 dTLB-stores                                                   (12.72%)
S0       16           42238248 dTLB-store-misses                                             (12.98%)
S0       16          386263177 iTLB-loads                                                    (13.04%)
S0       16           74040399 iTLB-load-misses          #  465.66% of all iTLB cache hits   (12.89%)
S0       16        96094323230 branch-loads                                                  (13.33%)
S0       16         1672837921 branch-load-misses                                            (13.01%)
S1       16         1226177977 cache-misses                                                  (16.60%)
S1       16       770296690051 cycles                    #    0.000 GHz                      (22.75%)
S1       16       590893205530 instructions              #    0.00  insns per cycle          (28.48%)
S1       16              28704 cs                                                            (100.00%)
S1       16                261 migrations                                                    (100.00%)
S1       16              52144 faults                                                      
S1       16        29949355023 bus-cycles                                                    (30.13%)
S1       16       501708755167 idle-cycles-frontend      #    0.00% frontend cycles idle     (31.51%)
S1       16       339939379517 idle-cycles-backend       #    0.00% backend  cycles idle     (32.82%)
S1       16       145519535839 L1-dcache-loads                                               (32.76%)
S1       16         3630199481 L1-dcache-load-misses                                         (21.94%)
S1       16        62221803752 L1-dcache-stores                                              (20.40%)
S1       16         1896866202 L1-dcache-store-misses                                        (18.41%)
S1       16         1757714075 L1-dcache-prefetch-misses                                     (15.95%)
S1       16         2403967933 L1-icache-load-misses                                         (14.57%)
S1       16         2036333555 LLC-loads                                                     (13.82%)
S1       16          438167178 LLC-stores                                                    (14.50%)
S1       16          691298614 LLC-prefetches                                                (8.32%)
S1       16       206490081975 dTLB-loads                                                    (11.89%)
S1       16          691835113 dTLB-load-misses                                              (15.30%)
S1       16        82182558793 dTLB-stores                                                   (14.96%)
S1       16           33515449 dTLB-store-misses                                             (14.65%)
S1       16          245297099 iTLB-loads                                                    (15.08%)
S1       16           49669485 iTLB-load-misses                                              (15.58%)
S1       16        71922581407 branch-loads                                                  (15.38%)
S1       16         1227535767 branch-load-misses                                            (15.43%)
S2       16         1192737435 cache-misses                                                  (16.40%)
S2       16       786639690044 cycles                    #    0.000 GHz                      (22.94%)
S2       16       600365996167 instructions              #    0.00  insns per cycle          (28.87%)
S2       16              29661 cs                                                            (100.00%)
S2       16                309 migrations                                                    (100.00%)
S2       16              50421 faults                                                      
S2       16        30445905743 bus-cycles                                                    (30.88%)
S2       16       522603600973 idle-cycles-frontend      #    0.00% frontend cycles idle     (31.61%)
S2       16       370052306903 idle-cycles-backend       #    0.00% backend  cycles idle     (32.66%)
S2       16       140077346010 L1-dcache-loads                                               (33.86%)
S2       16         3618673150 L1-dcache-load-misses                                         (21.53%)
S2       16        65160964266 L1-dcache-stores                                              (19.10%)
S2       16         1934782099 L1-dcache-store-misses                                        (17.49%)
S2       16         1768387141 L1-dcache-prefetch-misses                                     (14.39%)
S2       16         2311927364 L1-icache-load-misses                                         (15.16%)
S2       16         1842488068 LLC-loads                                                     (14.76%)
S2       16          369620830 LLC-stores                                                    (15.09%)
S2       16          700035139 LLC-prefetches                                                (8.99%)
S2       16       205844797856 dTLB-loads                                                    (12.16%)
S2       16          674002904 dTLB-load-misses                                              (15.76%)
S2       16        80914040063 dTLB-stores                                                   (15.86%)
S2       16           37042644 dTLB-store-misses                                             (15.78%)
S2       16          196245991 iTLB-loads                                                    (14.38%)
S2       16           61856751 iTLB-load-misses                                              (13.96%)
S2       16        73196170366 branch-loads                                                  (14.42%)
S2       16         1245724948 branch-load-misses                                            (15.55%)
S3       16         1245005651 cache-misses                                                  (15.54%)
S3       16       833912610624 cycles                    #    0.000 GHz                      (20.33%)
S3       16       647845647605 instructions              #    0.00  insns per cycle          (25.05%)
S3       16              13662 cs                                                            (100.00%)
S3       16                353 migrations                                                    (100.00%)
S3       16              37777 faults                                                      
S3       16        32704310634 bus-cycles                                                    (27.68%)
S3       16       573947721859 idle-cycles-frontend      #    0.00% frontend cycles idle     (28.37%)
S3       16       380749234365 idle-cycles-backend       #    0.00% backend  cycles idle     (30.81%)
S3       16       142110844656 L1-dcache-loads                                               (32.22%)
S3       16         3532259857 L1-dcache-load-misses                                         (20.81%)
S3       16        61242842757 L1-dcache-stores                                              (20.31%)
S3       16         1732089380 L1-dcache-store-misses                                        (19.34%)
S3       16         1500511991 L1-dcache-prefetch-misses                                     (18.81%)
S3       16         1947776550 L1-icache-load-misses                                         (17.71%)
S3       16         1655348302 LLC-loads                                                     (16.42%)
S3       16          334619280 LLC-stores                                                    (15.32%)
S3       16          645036813 LLC-prefetches                                                (7.97%)
S3       16       211573025374 dTLB-loads                                                    (11.38%)
S3       16          568066664 dTLB-load-misses                                              (16.04%)
S3       16        80584604266 dTLB-stores                                                   (15.64%)
S3       16           27957025 dTLB-store-misses                                             (16.51%)
S3       16          189800351 iTLB-loads                                                    (15.29%)
S3       16           74050107 iTLB-load-misses                                              (14.88%)
S3       16        70911982646 branch-loads                                                  (14.88%)
S3       16         1282085007 branch-load-misses                                            (14.12%)

      35.139728141 seconds time elapsed

#################################################################
# Test multi-threading - 64 threads - T6
#################################################################
