mkdir: cannot create directory `/scratch/077-hpca4se-bioinf/jlenis/results/GEM-Scalability': File exists
> Benchmarks for GEM3 : gcat_set_039_1
catwoman
#################################################################
# Warm up - 64 threads - T1
#################################################################
WarmUp.2595809.GEM-Scalability.catwoman.t64
2016/9/28 06:48:43 -- [Opening input file '/tmp/data/datasets/gcat_set_039_1.fastq']
2016/9/28 06:48:43 -- [Outputting to '/scratch/077-hpca4se-bioinf/jlenis/results/GEM-Scalability/WarmUp.2595809.GEM-Scalability.catwoman.t64.sam']
2016/9/28 06:48:43 -- [Loading GEM index '/tmp/data/indexes/HG_index_GEM/index.gem']
2016/9/28 06:49:05 -- [SE::Mapping Sequences]
2016/9/28 06:49:15 -- # 100000 sequences processed
2016/9/28 06:49:15 -- # 200000 sequences processed
2016/9/28 06:49:15 -- # 300000 sequences processed
2016/9/28 06:49:15 -- # 400000 sequences processed
2016/9/28 06:49:15 -- # 500000 sequences processed
2016/9/28 06:49:15 -- # 600000 sequences processed
2016/9/28 06:49:15 -- # 700000 sequences processed
2016/9/28 06:49:16 -- # 800000 sequences processed
2016/9/28 06:49:16 -- # 900000 sequences processed
2016/9/28 06:49:16 -- # 1000000 sequences processed
2016/9/28 06:49:16 -- # 1100000 sequences processed
2016/9/28 06:49:16 -- # 1200000 sequences processed
2016/9/28 06:49:16 -- # 1300000 sequences processed
2016/9/28 06:49:16 -- # 1400000 sequences processed
2016/9/28 06:49:17 -- # 1500000 sequences processed
2016/9/28 06:49:17 -- # 1600000 sequences processed
2016/9/28 06:49:17 -- # 1700000 sequences processed
2016/9/28 06:49:17 -- # 1800000 sequences processed
2016/9/28 06:49:18 -- # 1900000 sequences processed
2016/9/28 06:49:18 -- # 2000000 sequences processed
2016/9/28 06:49:18 -- # 2100000 sequences processed
2016/9/28 06:49:18 -- # 2200000 sequences processed
2016/9/28 06:49:18 -- # 2300000 sequences processed
2016/9/28 06:49:18 -- # 2400000 sequences processed
2016/9/28 06:49:18 -- # 2500000 sequences processed
2016/9/28 06:49:18 -- # 2600000 sequences processed
2016/9/28 06:49:18 -- # 2700000 sequences processed
2016/9/28 06:49:18 -- # 2800000 sequences processed
2016/9/28 06:49:18 -- # 2900000 sequences processed
2016/9/28 06:49:18 -- # 3000000 sequences processed
2016/9/28 06:49:18 -- # 3100000 sequences processed
2016/9/28 06:49:19 -- # 3200000 sequences processed
2016/9/28 06:49:19 -- # 3300000 sequences processed
2016/9/28 06:49:19 -- # 3400000 sequences processed
2016/9/28 06:49:19 -- # 3500000 sequences processed
2016/9/28 06:49:19 -- # 3600000 sequences processed
2016/9/28 06:49:20 -- # 3700000 sequences processed
2016/9/28 06:49:20 -- # 3800000 sequences processed
2016/9/28 06:49:20 -- # 3900000 sequences processed
2016/9/28 06:49:20 -- # 4000000 sequences processed
2016/9/28 06:49:20 -- # 4100000 sequences processed
2016/9/28 06:49:20 -- # 4200000 sequences processed
2016/9/28 06:49:20 -- # 4300000 sequences processed
2016/9/28 06:49:20 -- # 4400000 sequences processed
2016/9/28 06:49:20 -- # 4500000 sequences processed
2016/9/28 06:49:20 -- # 4600000 sequences processed
2016/9/28 06:49:20 -- # 4700000 sequences processed
2016/9/28 06:49:22 -- # 4800000 sequences processed
2016/9/28 06:49:22 -- # 4900000 sequences processed
2016/9/28 06:49:23 -- # 5000000 sequences processed
2016/9/28 06:49:23 -- # 5100000 sequences processed
2016/9/28 06:49:23 -- # 5200000 sequences processed
2016/9/28 06:49:23 -- # 5300000 sequences processed
2016/9/28 06:49:23 -- # 5400000 sequences processed
2016/9/28 06:49:23 -- # 5500000 sequences processed
2016/9/28 06:49:23 -- # 5600000 sequences processed
2016/9/28 06:49:24 -- # 5700000 sequences processed
2016/9/28 06:49:24 -- # 5800000 sequences processed
2016/9/28 06:49:24 -- # 5900000 sequences processed
2016/9/28 06:49:24 -- # 6000000 sequences processed
2016/9/28 06:49:24 -- # 6100000 sequences processed
2016/9/28 06:49:25 -- # 6200000 sequences processed
2016/9/28 06:49:25 -- # 6300000 sequences processed
2016/9/28 06:49:26 -- # 6400000 sequences processed
2016/9/28 06:49:26 -- # 6500000 sequences processed
2016/9/28 06:49:26 -- # 6600000 sequences processed
2016/9/28 06:49:26 -- # 6700000 sequences processed
2016/9/28 06:49:26 -- # 6800000 sequences processed
2016/9/28 06:49:26 -- # 6900000 sequences processed
2016/9/28 06:49:26 -- # 7000000 sequences processed
2016/9/28 06:49:26 -- # 7100000 sequences processed
2016/9/28 06:49:27 -- # 7200000 sequences processed
2016/9/28 06:49:27 -- # 7300000 sequences processed
2016/9/28 06:49:28 -- # 7400000 sequences processed
2016/9/28 06:49:28 -- # 7500000 sequences processed
2016/9/28 06:49:28 -- # 7600000 sequences processed
2016/9/28 06:49:28 -- # 7700000 sequences processed
2016/9/28 06:49:29 -- # 7800000 sequences processed
2016/9/28 06:49:29 -- # 7900000 sequences processed
2016/9/28 06:49:29 -- # 8000000 sequences processed
2016/9/28 06:49:29 -- # 8100000 sequences processed
2016/9/28 06:49:29 -- # 8200000 sequences processed
2016/9/28 06:49:29 -- # 8300000 sequences processed
2016/9/28 06:49:29 -- # 8400000 sequences processed
2016/9/28 06:49:29 -- # 8500000 sequences processed
2016/9/28 06:49:29 -- # 8600000 sequences processed
2016/9/28 06:49:29 -- # 8700000 sequences processed
2016/9/28 06:49:29 -- # 8800000 sequences processed
2016/9/28 06:49:30 -- # 8900000 sequences processed
2016/9/28 06:49:30 -- # 9000000 sequences processed
2016/9/28 06:49:30 -- # 9100000 sequences processed
2016/9/28 06:49:30 -- # 9200000 sequences processed
2016/9/28 06:49:30 -- # 9300000 sequences processed
2016/9/28 06:49:30 -- # 9400000 sequences processed
2016/9/28 06:49:30 -- # 9500000 sequences processed
2016/9/28 06:49:30 -- # 9600000 sequences processed
2016/9/28 06:49:30 -- # 9700000 sequences processed
2016/9/28 06:49:30 -- # 9800000 sequences processed
2016/9/28 06:49:30 -- # 9900000 sequences processed
2016/9/28 06:49:30 -- # 10000000 sequences processed
2016/9/28 06:49:30 -- # 10100000 sequences processed
2016/9/28 06:49:30 -- # 10200000 sequences processed
2016/9/28 06:49:30 -- # 10300000 sequences processed
2016/9/28 06:49:30 -- # 10400000 sequences processed
2016/9/28 06:49:30 -- # 10500000 sequences processed
2016/9/28 06:49:30 -- # 10600000 sequences processed
2016/9/28 06:49:30 -- # 10700000 sequences processed
2016/9/28 06:49:30 -- # 10800000 sequences processed
2016/9/28 06:49:30 -- # 10900000 sequences processed
2016/9/28 06:49:30 -- # 11000000 sequences processed
2016/9/28 06:49:30 -- # 11100000 sequences processed
2016/9/28 06:49:30 -- # 11200000 sequences processed
2016/9/28 06:49:30 -- # 11300000 sequences processed
2016/9/28 06:49:30 -- # 11400000 sequences processed
2016/9/28 06:49:30 -- # 11500000 sequences processed
2016/9/28 06:49:30 -- # 11600000 sequences processed
2016/9/28 06:49:30 -- # 11700000 sequences processed
2016/9/28 06:49:30 -- # 11800000 sequences processed
2016/9/28 06:49:30 -- # 11900000 sequences processed
2016/9/28 06:49:31 -- Total 11945249 sequences processed... done
2016/9/28 06:49:31 -- [GEMMapper terminated successfully in 27s. (+21s. loading)]

#################################################################
# Test multi-threading - 8 threads - T2
#################################################################
2595809.GEM-Scalability.catwoman.t8
2016/9/28 06:49:31 -- [Opening input file '/tmp/data/datasets/gcat_set_039_1.fastq']
2016/9/28 06:49:31 -- [Outputting to '/scratch/077-hpca4se-bioinf/jlenis/results/GEM-Scalability/2595809.GEM-Scalability.catwoman.t8.sam']
2016/9/28 06:49:31 -- [Loading GEM index '/tmp/data/indexes/HG_index_GEM/index.gem']
2016/9/28 06:50:02 -- [SE::Mapping Sequences]
2016/9/28 06:50:14 -- # 100000 sequences processed
2016/9/28 06:50:14 -- # 200000 sequences processed
2016/9/28 06:50:14 -- # 300000 sequences processed
2016/9/28 06:50:14 -- # 400000 sequences processed
2016/9/28 06:50:14 -- # 500000 sequences processed
2016/9/28 06:50:14 -- # 600000 sequences processed
2016/9/28 06:50:15 -- # 700000 sequences processed
2016/9/28 06:50:15 -- # 800000 sequences processed
2016/9/28 06:50:21 -- # 900000 sequences processed
2016/9/28 06:50:21 -- # 1000000 sequences processed
2016/9/28 06:50:21 -- # 1100000 sequences processed
2016/9/28 06:50:21 -- # 1200000 sequences processed
2016/9/28 06:50:21 -- # 1300000 sequences processed
2016/9/28 06:50:21 -- # 1400000 sequences processed
2016/9/28 06:50:22 -- # 1500000 sequences processed
2016/9/28 06:50:22 -- # 1600000 sequences processed
2016/9/28 06:50:28 -- # 1700000 sequences processed
2016/9/28 06:50:28 -- # 1800000 sequences processed
2016/9/28 06:50:28 -- # 1900000 sequences processed
2016/9/28 06:50:28 -- # 2000000 sequences processed
2016/9/28 06:50:28 -- # 2100000 sequences processed
2016/9/28 06:50:28 -- # 2200000 sequences processed
2016/9/28 06:50:29 -- # 2300000 sequences processed
2016/9/28 06:50:30 -- # 2400000 sequences processed
2016/9/28 06:50:34 -- # 2500000 sequences processed
2016/9/28 06:50:35 -- # 2600000 sequences processed
2016/9/28 06:50:35 -- # 2700000 sequences processed
2016/9/28 06:50:35 -- # 2800000 sequences processed
2016/9/28 06:50:35 -- # 2900000 sequences processed
2016/9/28 06:50:35 -- # 3000000 sequences processed
2016/9/28 06:50:36 -- # 3100000 sequences processed
2016/9/28 06:50:37 -- # 3200000 sequences processed
2016/9/28 06:50:41 -- # 3300000 sequences processed
2016/9/28 06:50:42 -- # 3400000 sequences processed
2016/9/28 06:50:42 -- # 3500000 sequences processed
2016/9/28 06:50:42 -- # 3600000 sequences processed
2016/9/28 06:50:43 -- # 3700000 sequences processed
2016/9/28 06:50:43 -- # 3800000 sequences processed
2016/9/28 06:50:43 -- # 3900000 sequences processed
2016/9/28 06:50:45 -- # 4000000 sequences processed
2016/9/28 06:50:48 -- # 4100000 sequences processed
2016/9/28 06:50:49 -- # 4200000 sequences processed
2016/9/28 06:50:49 -- # 4300000 sequences processed
2016/9/28 06:50:50 -- # 4400000 sequences processed
2016/9/28 06:50:50 -- # 4500000 sequences processed
2016/9/28 06:50:50 -- # 4600000 sequences processed
2016/9/28 06:50:50 -- # 4700000 sequences processed
2016/9/28 06:50:52 -- # 4800000 sequences processed
2016/9/28 06:50:54 -- # 4900000 sequences processed
2016/9/28 06:50:56 -- # 5000000 sequences processed
2016/9/28 06:50:56 -- # 5100000 sequences processed
2016/9/28 06:50:57 -- # 5200000 sequences processed
2016/9/28 06:50:57 -- # 5300000 sequences processed
2016/9/28 06:50:57 -- # 5400000 sequences processed
2016/9/28 06:50:57 -- # 5500000 sequences processed
2016/9/28 06:50:59 -- # 5600000 sequences processed
2016/9/28 06:51:01 -- # 5700000 sequences processed
2016/9/28 06:51:03 -- # 5800000 sequences processed
2016/9/28 06:51:03 -- # 5900000 sequences processed
2016/9/28 06:51:04 -- # 6000000 sequences processed
2016/9/28 06:51:04 -- # 6100000 sequences processed
2016/9/28 06:51:04 -- # 6200000 sequences processed
2016/9/28 06:51:04 -- # 6300000 sequences processed
2016/9/28 06:51:07 -- # 6400000 sequences processed
2016/9/28 06:51:07 -- # 6500000 sequences processed
2016/9/28 06:51:10 -- # 6600000 sequences processed
2016/9/28 06:51:10 -- # 6700000 sequences processed
2016/9/28 06:51:10 -- # 6800000 sequences processed
2016/9/28 06:51:11 -- # 6900000 sequences processed
2016/9/28 06:51:11 -- # 7000000 sequences processed
2016/9/28 06:51:11 -- # 7100000 sequences processed
2016/9/28 06:51:14 -- # 7200000 sequences processed
2016/9/28 06:51:14 -- # 7300000 sequences processed
2016/9/28 06:51:16 -- # 7400000 sequences processed
2016/9/28 06:51:16 -- # 7500000 sequences processed
2016/9/28 06:51:18 -- # 7600000 sequences processed
2016/9/28 06:51:18 -- # 7700000 sequences processed
2016/9/28 06:51:18 -- # 7800000 sequences processed
2016/9/28 06:51:18 -- # 7900000 sequences processed
2016/9/28 06:51:20 -- # 8000000 sequences processed
2016/9/28 06:51:21 -- # 8100000 sequences processed
2016/9/28 06:51:23 -- # 8200000 sequences processed
2016/9/28 06:51:23 -- # 8300000 sequences processed
2016/9/28 06:51:25 -- # 8400000 sequences processed
2016/9/28 06:51:25 -- # 8500000 sequences processed
2016/9/28 06:51:25 -- # 8600000 sequences processed
2016/9/28 06:51:25 -- # 8700000 sequences processed
2016/9/28 06:51:27 -- # 8800000 sequences processed
2016/9/28 06:51:29 -- # 8900000 sequences processed
2016/9/28 06:51:30 -- # 9000000 sequences processed
2016/9/28 06:51:30 -- # 9100000 sequences processed
2016/9/28 06:51:32 -- # 9200000 sequences processed
2016/9/28 06:51:32 -- # 9300000 sequences processed
2016/9/28 06:51:32 -- # 9400000 sequences processed
2016/9/28 06:51:32 -- # 9500000 sequences processed
2016/9/28 06:51:34 -- # 9600000 sequences processed
2016/9/28 06:51:36 -- # 9700000 sequences processed
2016/9/28 06:51:37 -- # 9800000 sequences processed
2016/9/28 06:51:37 -- # 9900000 sequences processed
2016/9/28 06:51:39 -- # 10000000 sequences processed
2016/9/28 06:51:39 -- # 10100000 sequences processed
2016/9/28 06:51:39 -- # 10200000 sequences processed
2016/9/28 06:51:39 -- # 10300000 sequences processed
2016/9/28 06:51:40 -- # 10400000 sequences processed
2016/9/28 06:51:44 -- # 10500000 sequences processed
2016/9/28 06:51:44 -- # 10600000 sequences processed
2016/9/28 06:51:44 -- # 10700000 sequences processed
2016/9/28 06:51:46 -- # 10800000 sequences processed
2016/9/28 06:51:46 -- # 10900000 sequences processed
2016/9/28 06:51:46 -- # 11000000 sequences processed
2016/9/28 06:51:46 -- # 11100000 sequences processed
2016/9/28 06:51:47 -- # 11200000 sequences processed
2016/9/28 06:51:51 -- # 11300000 sequences processed
2016/9/28 06:51:51 -- # 11400000 sequences processed
2016/9/28 06:51:51 -- # 11500000 sequences processed
2016/9/28 06:51:52 -- # 11600000 sequences processed
2016/9/28 06:51:52 -- # 11700000 sequences processed
2016/9/28 06:51:52 -- # 11800000 sequences processed
2016/9/28 06:51:52 -- # 11900000 sequences processed
2016/9/28 06:51:52 -- Total 11945249 sequences processed... done
2016/9/28 06:51:52 -- [GEMMapper terminated successfully in 110s. (+30s. loading)]


 Performance counter stats for 'bin/gem-mapper -t 8 -I /tmp/data/indexes/HG_index_GEM/index.gem -i /tmp/data/datasets/gcat_set_039_1.fastq -o /scratch/077-hpca4se-bioinf/jlenis/results/GEM-Scalability/2595809.GEM-Scalability.catwoman.t8.sam':

S0       16         1593442437 cache-misses                                                  (22.17%)
S0       16       544231748276 cycles                    #    0.000 GHz                      (22.28%)
S0       16       628787811838 instructions              #   17.03  insns per cycle        
                                             #    0.06  stalled cycles per insn  (28.74%)
S0       16              36326 cs                                                            (100.00%)
S0       16                226 migrations                                                    (100.00%)
S0       16              22435 faults                                                      
S0       16    <not supported> bus-cycles              
S0       16       627177080487 idle-cycles-frontend      #  1698.25% frontend cycles idle     (18.88%)
S0       16       277127921255 idle-cycles-backend       #  750.40% backend  cycles idle     (18.24%)
S0       16       247165315186 L1-dcache-loads                                               (24.21%)
S0       16         3248655610 L1-dcache-load-misses     #   21.81% of all L1-dcache hits    (29.50%)
S0       16         3823032936 L1-dcache-stores                                              (28.58%)
S0       16    <not supported> L1-dcache-store-misses  
S0       16                  0 L1-dcache-prefetch-misses                                     (28.10%)
S0       16         1636412512 L1-icache-load-misses                                         (26.49%)
S0       16        15247079284 LLC-loads                                                     (10.77%)
S0       16         1665282682 LLC-stores                                                    (11.20%)
S0       16    <not supported> LLC-prefetches          
S0       16       309358278977 dTLB-loads                                                    (16.59%)
S0       16          246948224 dTLB-load-misses          #    1.41% of all dTLB cache hits   (16.51%)
S0       16    <not supported> dTLB-stores             
S0       16    <not supported> dTLB-store-misses       
S0       16       154333884344 iTLB-loads                                                    (15.58%)
S0       16             392679 iTLB-load-misses          #    0.00% of all iTLB cache hits   (9.79%)
S0       16        58492171783 branch-loads                                                  (14.95%)
S0       16         1480273302 branch-load-misses                                            (20.50%)
S1       16         1638150182 cache-misses                                                  (21.14%)
S1       16       561682259435 cycles                    #    0.000 GHz                      (21.93%)
S1       16       657365283319 instructions              #    0.00  insns per cycle          (27.92%)
S1       16              14519 cs                                                            (100.00%)
S1       16                223 migrations                                                    (100.00%)
S1       16              42309 faults                                                      
S1       16    <not supported> bus-cycles              
S1       16       623965870524 idle-cycles-frontend      #    0.00% frontend cycles idle     (17.98%)
S1       16       277591388830 idle-cycles-backend       #    0.00% backend  cycles idle     (17.59%)
S1       16       239237174402 L1-dcache-loads                                               (23.02%)
S1       16         3118084658 L1-dcache-load-misses                                         (28.56%)
S1       16         3886469795 L1-dcache-stores                                              (28.32%)
S1       16    <not supported> L1-dcache-store-misses  
S1       16                  0 L1-dcache-prefetch-misses                                     (27.64%)
S1       16         1573280770 L1-icache-load-misses                                         (27.63%)
S1       16         5870373134 LLC-loads                                                     (11.32%)
S1       16         1477493071 LLC-stores                                                    (11.57%)
S1       16    <not supported> LLC-prefetches          
S1       16       258427150014 dTLB-loads                                                    (16.88%)
S1       16          176679571 dTLB-load-misses                                              (16.65%)
S1       16    <not supported> dTLB-stores             
S1       16    <not supported> dTLB-store-misses       
S1       16       132024106700 iTLB-loads                                                    (16.05%)
S1       16              61295 iTLB-load-misses                                              (10.50%)
S1       16        55864843577 branch-loads                                                  (15.68%)
S1       16         1452272706 branch-load-misses                                            (20.84%)
S2       16         1791797563 cache-misses                                                  (21.66%)
S2       16       639253117854 cycles                    #    0.000 GHz                      (20.60%)
S2       16       713895838687 instructions              #    0.00  insns per cycle          (26.16%)
S2       16              81254 cs                                                            (100.00%)
S2       16               3909 migrations                                                    (100.00%)
S2       16              45276 faults                                                      
S2       16    <not supported> bus-cycles              
S2       16       739105864476 idle-cycles-frontend      #    0.00% frontend cycles idle     (17.29%)
S2       16       292002875861 idle-cycles-backend       #    0.00% backend  cycles idle     (17.34%)
S2       16       245359419575 L1-dcache-loads                                               (23.46%)
S2       16         3435546282 L1-dcache-load-misses                                         (26.24%)
S2       16         4938129951 L1-dcache-stores                                              (28.66%)
S2       16    <not supported> L1-dcache-store-misses  
S2       16                  0 L1-dcache-prefetch-misses                                     (25.87%)
S2       16         1594916358 L1-icache-load-misses                                         (27.38%)
S2       16         6860884017 LLC-loads                                                     (14.02%)
S2       16         2723807415 LLC-stores                                                    (11.17%)
S2       16    <not supported> LLC-prefetches          
S2       16       298093666953 dTLB-loads                                                    (17.51%)
S2       16          195688544 dTLB-load-misses                                              (18.02%)
S2       16    <not supported> dTLB-stores             
S2       16    <not supported> dTLB-store-misses       
S2       16       160922726864 iTLB-loads                                                    (15.14%)
S2       16              74765 iTLB-load-misses                                              (10.92%)
S2       16        73039950384 branch-loads                                                  (15.83%)
S2       16         1665664441 branch-load-misses                                            (22.02%)
S3       16         1734085107 cache-misses                                                  (22.04%)
S3       16       618399006278 cycles                    #    0.000 GHz                      (21.63%)
S3       16       680317630595 instructions              #    0.00  insns per cycle          (28.82%)
S3       16              17105 cs                                                            (100.00%)
S3       16                470 migrations                                                    (100.00%)
S3       16              10757 faults                                                      
S3       16    <not supported> bus-cycles              
S3       16       609305123770 idle-cycles-frontend      #    0.00% frontend cycles idle     (19.24%)
S3       16       276129800035 idle-cycles-backend       #    0.00% backend  cycles idle     (16.37%)
S3       16       221701842993 L1-dcache-loads                                               (23.20%)
S3       16         2821389146 L1-dcache-load-misses                                         (28.45%)
S3       16         3469439546 L1-dcache-stores                                              (27.50%)
S3       16    <not supported> L1-dcache-store-misses  
S3       16                  0 L1-dcache-prefetch-misses                                     (24.34%)
S3       16         1351719038 L1-icache-load-misses                                         (25.83%)
S3       16         5339985275 LLC-loads                                                     (12.91%)
S3       16         1388323866 LLC-stores                                                    (13.67%)
S3       16    <not supported> LLC-prefetches          
S3       16       257374441699 dTLB-loads                                                    (18.60%)
S3       16          193511892 dTLB-load-misses                                              (18.35%)
S3       16    <not supported> dTLB-stores             
S3       16    <not supported> dTLB-store-misses       
S3       16       139342477726 iTLB-loads                                                    (15.16%)
S3       16              48346 iTLB-load-misses                                              (10.47%)
S3       16        60708468733 branch-loads                                                  (15.39%)
S3       16         1542301863 branch-load-misses                                            (20.94%)

     140.856140140 seconds time elapsed

#################################################################
# Test multi-threading - 16 threads - T3
#################################################################
2595809.GEM-Scalability.catwoman.t16
2016/9/28 06:51:52 -- [Opening input file '/tmp/data/datasets/gcat_set_039_1.fastq']
2016/9/28 06:51:52 -- [Outputting to '/scratch/077-hpca4se-bioinf/jlenis/results/GEM-Scalability/2595809.GEM-Scalability.catwoman.t16.sam']
2016/9/28 06:51:52 -- [Loading GEM index '/tmp/data/indexes/HG_index_GEM/index.gem']
2016/9/28 06:52:37 -- [SE::Mapping Sequences]
2016/9/28 06:52:45 -- # 100000 sequences processed
2016/9/28 06:52:45 -- # 200000 sequences processed
2016/9/28 06:52:46 -- # 300000 sequences processed
2016/9/28 06:52:46 -- # 400000 sequences processed
2016/9/28 06:52:46 -- # 500000 sequences processed
2016/9/28 06:52:46 -- # 600000 sequences processed
2016/9/28 06:52:46 -- # 700000 sequences processed
2016/9/28 06:52:46 -- # 800000 sequences processed
2016/9/28 06:52:46 -- # 900000 sequences processed
2016/9/28 06:52:46 -- # 1000000 sequences processed
2016/9/28 06:52:46 -- # 1100000 sequences processed
2016/9/28 06:52:46 -- # 1200000 sequences processed
2016/9/28 06:52:46 -- # 1300000 sequences processed
2016/9/28 06:52:46 -- # 1400000 sequences processed
2016/9/28 06:52:46 -- # 1500000 sequences processed
2016/9/28 06:52:46 -- # 1600000 sequences processed
2016/9/28 06:52:52 -- # 1700000 sequences processed
2016/9/28 06:52:52 -- # 1800000 sequences processed
2016/9/28 06:52:52 -- # 1900000 sequences processed
2016/9/28 06:52:53 -- # 2000000 sequences processed
2016/9/28 06:52:53 -- # 2100000 sequences processed
2016/9/28 06:52:53 -- # 2200000 sequences processed
2016/9/28 06:52:53 -- # 2300000 sequences processed
2016/9/28 06:52:53 -- # 2400000 sequences processed
2016/9/28 06:52:53 -- # 2500000 sequences processed
2016/9/28 06:52:53 -- # 2600000 sequences processed
2016/9/28 06:52:53 -- # 2700000 sequences processed
2016/9/28 06:52:54 -- # 2800000 sequences processed
2016/9/28 06:52:54 -- # 2900000 sequences processed
2016/9/28 06:52:54 -- # 3000000 sequences processed
2016/9/28 06:52:54 -- # 3100000 sequences processed
2016/9/28 06:52:54 -- # 3200000 sequences processed
2016/9/28 06:52:59 -- # 3300000 sequences processed
2016/9/28 06:52:59 -- # 3400000 sequences processed
2016/9/28 06:52:59 -- # 3500000 sequences processed
2016/9/28 06:52:59 -- # 3600000 sequences processed
2016/9/28 06:53:00 -- # 3700000 sequences processed
2016/9/28 06:53:00 -- # 3800000 sequences processed
2016/9/28 06:53:00 -- # 3900000 sequences processed
2016/9/28 06:53:00 -- # 4000000 sequences processed
2016/9/28 06:53:00 -- # 4100000 sequences processed
2016/9/28 06:53:00 -- # 4200000 sequences processed
2016/9/28 06:53:01 -- # 4300000 sequences processed
2016/9/28 06:53:01 -- # 4400000 sequences processed
2016/9/28 06:53:01 -- # 4500000 sequences processed
2016/9/28 06:53:01 -- # 4600000 sequences processed
2016/9/28 06:53:01 -- # 4700000 sequences processed
2016/9/28 06:53:01 -- # 4800000 sequences processed
2016/9/28 06:53:05 -- # 4900000 sequences processed
2016/9/28 06:53:05 -- # 5000000 sequences processed
2016/9/28 06:53:06 -- # 5100000 sequences processed
2016/9/28 06:53:06 -- # 5200000 sequences processed
2016/9/28 06:53:07 -- # 5300000 sequences processed
2016/9/28 06:53:07 -- # 5400000 sequences processed
2016/9/28 06:53:07 -- # 5500000 sequences processed
2016/9/28 06:53:07 -- # 5600000 sequences processed
2016/9/28 06:53:08 -- # 5700000 sequences processed
2016/9/28 06:53:08 -- # 5800000 sequences processed
2016/9/28 06:53:08 -- # 5900000 sequences processed
2016/9/28 06:53:09 -- # 6000000 sequences processed
2016/9/28 06:53:09 -- # 6100000 sequences processed
2016/9/28 06:53:09 -- # 6200000 sequences processed
2016/9/28 06:53:09 -- # 6300000 sequences processed
2016/9/28 06:53:09 -- # 6400000 sequences processed
2016/9/28 06:53:12 -- # 6500000 sequences processed
2016/9/28 06:53:12 -- # 6600000 sequences processed
2016/9/28 06:53:13 -- # 6700000 sequences processed
2016/9/28 06:53:13 -- # 6800000 sequences processed
2016/9/28 06:53:14 -- # 6900000 sequences processed
2016/9/28 06:53:14 -- # 7000000 sequences processed
2016/9/28 06:53:14 -- # 7100000 sequences processed
2016/9/28 06:53:14 -- # 7200000 sequences processed
2016/9/28 06:53:15 -- # 7300000 sequences processed
2016/9/28 06:53:15 -- # 7400000 sequences processed
2016/9/28 06:53:16 -- # 7500000 sequences processed
2016/9/28 06:53:16 -- # 7600000 sequences processed
2016/9/28 06:53:16 -- # 7700000 sequences processed
2016/9/28 06:53:16 -- # 7800000 sequences processed
2016/9/28 06:53:16 -- # 7900000 sequences processed
2016/9/28 06:53:16 -- # 8000000 sequences processed
2016/9/28 06:53:18 -- # 8100000 sequences processed
2016/9/28 06:53:19 -- # 8200000 sequences processed
2016/9/28 06:53:20 -- # 8300000 sequences processed
2016/9/28 06:53:20 -- # 8400000 sequences processed
2016/9/28 06:53:21 -- # 8500000 sequences processed
2016/9/28 06:53:21 -- # 8600000 sequences processed
2016/9/28 06:53:21 -- # 8700000 sequences processed
2016/9/28 06:53:21 -- # 8800000 sequences processed
2016/9/28 06:53:22 -- # 8900000 sequences processed
2016/9/28 06:53:22 -- # 9000000 sequences processed
2016/9/28 06:53:23 -- # 9100000 sequences processed
2016/9/28 06:53:24 -- # 9200000 sequences processed
2016/9/28 06:53:24 -- # 9300000 sequences processed
2016/9/28 06:53:24 -- # 9400000 sequences processed
2016/9/28 06:53:24 -- # 9500000 sequences processed
2016/9/28 06:53:24 -- # 9600000 sequences processed
2016/9/28 06:53:25 -- # 9700000 sequences processed
2016/9/28 06:53:25 -- # 9800000 sequences processed
2016/9/28 06:53:27 -- # 9900000 sequences processed
2016/9/28 06:53:27 -- # 10000000 sequences processed
2016/9/28 06:53:28 -- # 10100000 sequences processed
2016/9/28 06:53:28 -- # 10200000 sequences processed
2016/9/28 06:53:28 -- # 10300000 sequences processed
2016/9/28 06:53:29 -- # 10400000 sequences processed
2016/9/28 06:53:29 -- # 10500000 sequences processed
2016/9/28 06:53:29 -- # 10600000 sequences processed
2016/9/28 06:53:31 -- # 10700000 sequences processed
2016/9/28 06:53:31 -- # 10800000 sequences processed
2016/9/28 06:53:31 -- # 10900000 sequences processed
2016/9/28 06:53:31 -- # 11000000 sequences processed
2016/9/28 06:53:32 -- # 11100000 sequences processed
2016/9/28 06:53:32 -- # 11200000 sequences processed
2016/9/28 06:53:32 -- # 11300000 sequences processed
2016/9/28 06:53:32 -- # 11400000 sequences processed
2016/9/28 06:53:32 -- # 11500000 sequences processed
2016/9/28 06:53:32 -- # 11600000 sequences processed
2016/9/28 06:53:32 -- # 11700000 sequences processed
2016/9/28 06:53:32 -- # 11800000 sequences processed
2016/9/28 06:53:32 -- # 11900000 sequences processed
2016/9/28 06:53:33 -- Total 11945249 sequences processed... done
2016/9/28 06:53:33 -- [GEMMapper terminated successfully in 56s. (+44s. loading)]


 Performance counter stats for 'bin/gem-mapper -t 16 -I /tmp/data/indexes/HG_index_GEM/index.gem -i /tmp/data/datasets/gcat_set_039_1.fastq -o /scratch/077-hpca4se-bioinf/jlenis/results/GEM-Scalability/2595809.GEM-Scalability.catwoman.t16.sam':

S0       16         1644707598 cache-misses                                                  (21.66%)
S0       16       559579119658 cycles                    #    0.000 GHz                      (21.85%)
S0       16       658755477989 instructions              #   19.55  insns per cycle        
                                             #    0.06  stalled cycles per insn  (27.20%)
S0       16              65101 cs                                                            (100.00%)
S0       16                394 migrations                                                    (100.00%)
S0       16              45762 faults                                                      
S0       16    <not supported> bus-cycles              
S0       16       624482900210 idle-cycles-frontend      #  1853.25% frontend cycles idle     (17.21%)
S0       16       284222436890 idle-cycles-backend       #  843.47% backend  cycles idle     (16.71%)
S0       16       259066432908 L1-dcache-loads                                               (22.64%)
S0       16         3370484811 L1-dcache-load-misses     #   22.34% of all L1-dcache hits    (28.71%)
S0       16         4371069099 L1-dcache-stores                                              (29.60%)
S0       16    <not supported> L1-dcache-store-misses  
S0       16                  0 L1-dcache-prefetch-misses                                     (28.73%)
S0       16         1669119705 L1-icache-load-misses                                         (29.15%)
S0       16         6316704549 LLC-loads                                                     (12.03%)
S0       16         1990301926 LLC-stores                                                    (11.44%)
S0       16    <not supported> LLC-prefetches          
S0       16       293924614276 dTLB-loads                                                    (16.48%)
S0       16          213112495 dTLB-load-misses          #    1.22% of all dTLB cache hits   (15.41%)
S0       16    <not supported> dTLB-stores             
S0       16    <not supported> dTLB-store-misses       
S0       16       154457033714 iTLB-loads                                                    (15.23%)
S0       16            1007606 iTLB-load-misses          #    0.01% of all iTLB cache hits   (10.58%)
S0       16        62581993974 branch-loads                                                  (15.81%)
S0       16         1546134505 branch-load-misses                                            (20.32%)
S1       16         1482824689 cache-misses                                                  (22.42%)
S1       16       518777818038 cycles                    #    0.000 GHz                      (21.92%)
S1       16       577963950701 instructions              #    0.00  insns per cycle          (28.98%)
S1       16              11524 cs                                                            (100.00%)
S1       16                176 migrations                                                    (100.00%)
S1       16              45406 faults                                                      
S1       16    <not supported> bus-cycles              
S1       16       598565927299 idle-cycles-frontend      #    0.00% frontend cycles idle     (19.38%)
S1       16       273992504078 idle-cycles-backend       #    0.00% backend  cycles idle     (18.36%)
S1       16       219176757777 L1-dcache-loads                                               (24.93%)
S1       16         2870350418 L1-dcache-load-misses                                         (29.40%)
S1       16         3504503292 L1-dcache-stores                                              (29.46%)
S1       16    <not supported> L1-dcache-store-misses  
S1       16                  0 L1-dcache-prefetch-misses                                     (26.96%)
S1       16         1557996497 L1-icache-load-misses                                         (26.89%)
S1       16         5949088661 LLC-loads                                                     (12.28%)
S1       16         1724424978 LLC-stores                                                    (10.66%)
S1       16    <not supported> LLC-prefetches          
S1       16       321132154863 dTLB-loads                                                    (16.68%)
S1       16          235072231 dTLB-load-misses                                              (15.75%)
S1       16    <not supported> dTLB-stores             
S1       16    <not supported> dTLB-store-misses       
S1       16       176016766134 iTLB-loads                                                    (15.23%)
S1       16              50017 iTLB-load-misses                                              (10.16%)
S1       16        65382801489 branch-loads                                                  (15.70%)
S1       16         1568848070 branch-load-misses                                            (20.82%)
S2       16         1490347433 cache-misses                                                  (22.07%)
S2       16       547399313530 cycles                    #    0.000 GHz                      (22.51%)
S2       16       616177762103 instructions              #    0.00  insns per cycle          (27.74%)
S2       16              83113 cs                                                            (100.00%)
S2       16               4171 migrations                                                    (100.00%)
S2       16              12644 faults                                                      
S2       16    <not supported> bus-cycles              
S2       16       698469670126 idle-cycles-frontend      #    0.00% frontend cycles idle     (17.12%)
S2       16       313845836414 idle-cycles-backend       #    0.00% backend  cycles idle     (16.71%)
S2       16       248994116438 L1-dcache-loads                                               (22.54%)
S2       16         3258360763 L1-dcache-load-misses                                         (28.21%)
S2       16         3955444875 L1-dcache-stores                                              (28.69%)
S2       16    <not supported> L1-dcache-store-misses  
S2       16                  0 L1-dcache-prefetch-misses                                     (27.55%)
S2       16         1655185658 L1-icache-load-misses                                         (27.73%)
S2       16         6014277126 LLC-loads                                                     (11.16%)
S2       16         1715009043 LLC-stores                                                    (11.65%)
S2       16    <not supported> LLC-prefetches          
S2       16       246426862885 dTLB-loads                                                    (16.81%)
S2       16          169461497 dTLB-load-misses                                              (16.51%)
S2       16    <not supported> dTLB-stores             
S2       16    <not supported> dTLB-store-misses       
S2       16       136100370093 iTLB-loads                                                    (16.09%)
S2       16              69534 iTLB-load-misses                                              (10.91%)
S2       16        53476836850 branch-loads                                                  (16.32%)
S2       16         1334509269 branch-load-misses                                            (21.76%)
S3       16         1488312844 cache-misses                                                  (21.33%)
S3       16       530828243993 cycles                    #    0.000 GHz                      (21.11%)
S3       16       610151050930 instructions              #    0.00  insns per cycle          (26.74%)
S3       16              14603 cs                                                            (100.00%)
S3       16                356 migrations                                                    (100.00%)
S3       16               9038 faults                                                      
S3       16    <not supported> bus-cycles              
S3       16       565472504107 idle-cycles-frontend      #    0.00% frontend cycles idle     (16.84%)
S3       16       284293220539 idle-cycles-backend       #    0.00% backend  cycles idle     (16.23%)
S3       16       238226894800 L1-dcache-loads                                               (22.55%)
S3       16         3005051460 L1-dcache-load-misses                                         (26.42%)
S3       16         3540755656 L1-dcache-stores                                              (27.35%)
S3       16    <not supported> L1-dcache-store-misses  
S3       16                  0 L1-dcache-prefetch-misses                                     (26.59%)
S3       16         1508755865 L1-icache-load-misses                                         (28.02%)
S3       16         5316921930 LLC-loads                                                     (12.53%)
S3       16         1319588082 LLC-stores                                                    (11.49%)
S3       16    <not supported> LLC-prefetches          
S3       16       254472596295 dTLB-loads                                                    (17.51%)
S3       16          183733717 dTLB-load-misses                                              (17.42%)
S3       16    <not supported> dTLB-stores             
S3       16    <not supported> dTLB-store-misses       
S3       16       138514121882 iTLB-loads                                                    (16.86%)
S3       16              36065 iTLB-load-misses                                              (11.20%)
S3       16        57908127023 branch-loads                                                  (16.52%)
S3       16         1461705256 branch-load-misses                                            (22.05%)

     100.341073624 seconds time elapsed

#################################################################
# Test multi-threading - 32 threads - T4 
#################################################################
2595809.GEM-Scalability.catwoman.t32
2016/9/28 06:53:33 -- [Opening input file '/tmp/data/datasets/gcat_set_039_1.fastq']
2016/9/28 06:53:33 -- [Outputting to '/scratch/077-hpca4se-bioinf/jlenis/results/GEM-Scalability/2595809.GEM-Scalability.catwoman.t32.sam']
2016/9/28 06:53:33 -- [Loading GEM index '/tmp/data/indexes/HG_index_GEM/index.gem']
2016/9/28 07:18:54 -- [SE::Mapping Sequences]
2016/9/28 07:19:05 -- # 100000 sequences processed
2016/9/28 07:19:05 -- # 200000 sequences processed
2016/9/28 07:19:05 -- # 300000 sequences processed
2016/9/28 07:19:05 -- # 400000 sequences processed
2016/9/28 07:19:05 -- # 500000 sequences processed
2016/9/28 07:19:05 -- # 600000 sequences processed
2016/9/28 07:19:05 -- # 700000 sequences processed
2016/9/28 07:19:05 -- # 800000 sequences processed
2016/9/28 07:19:05 -- # 900000 sequences processed
2016/9/28 07:19:05 -- # 1000000 sequences processed
2016/9/28 07:19:05 -- # 1100000 sequences processed
2016/9/28 07:19:05 -- # 1200000 sequences processed
2016/9/28 07:19:05 -- # 1300000 sequences processed
2016/9/28 07:19:05 -- # 1400000 sequences processed
2016/9/28 07:19:06 -- # 1500000 sequences processed
2016/9/28 07:19:06 -- # 1600000 sequences processed
2016/9/28 07:19:06 -- # 1700000 sequences processed
2016/9/28 07:19:06 -- # 1800000 sequences processed
2016/9/28 07:19:06 -- # 1900000 sequences processed
2016/9/28 07:19:06 -- # 2000000 sequences processed
2016/9/28 07:19:06 -- # 2100000 sequences processed
2016/9/28 07:19:06 -- # 2200000 sequences processed
2016/9/28 07:19:06 -- # 2300000 sequences processed
2016/9/28 07:19:06 -- # 2400000 sequences processed
2016/9/28 07:19:06 -- # 2500000 sequences processed
2016/9/28 07:19:06 -- # 2600000 sequences processed
2016/9/28 07:19:06 -- # 2700000 sequences processed
2016/9/28 07:19:06 -- # 2800000 sequences processed
2016/9/28 07:19:06 -- # 2900000 sequences processed
2016/9/28 07:19:06 -- # 3000000 sequences processed
2016/9/28 07:19:06 -- # 3100000 sequences processed
2016/9/28 07:19:06 -- # 3200000 sequences processed
2016/9/28 07:19:12 -- # 3300000 sequences processed
2016/9/28 07:19:12 -- # 3400000 sequences processed
2016/9/28 07:19:12 -- # 3500000 sequences processed
2016/9/28 07:19:12 -- # 3600000 sequences processed
2016/9/28 07:19:13 -- # 3700000 sequences processed
2016/9/28 07:19:13 -- # 3800000 sequences processed
2016/9/28 07:19:13 -- # 3900000 sequences processed
2016/9/28 07:19:13 -- # 4000000 sequences processed
2016/9/28 07:19:13 -- # 4100000 sequences processed
2016/9/28 07:19:13 -- # 4200000 sequences processed
2016/9/28 07:19:13 -- # 4300000 sequences processed
2016/9/28 07:19:13 -- # 4400000 sequences processed
2016/9/28 07:19:13 -- # 4500000 sequences processed
2016/9/28 07:19:13 -- # 4600000 sequences processed
2016/9/28 07:19:13 -- # 4700000 sequences processed
2016/9/28 07:19:14 -- # 4800000 sequences processed
2016/9/28 07:19:14 -- # 4900000 sequences processed
2016/9/28 07:19:14 -- # 5000000 sequences processed
2016/9/28 07:19:14 -- # 5100000 sequences processed
2016/9/28 07:19:14 -- # 5200000 sequences processed
2016/9/28 07:19:14 -- # 5300000 sequences processed
2016/9/28 07:19:14 -- # 5400000 sequences processed
2016/9/28 07:19:14 -- # 5500000 sequences processed
2016/9/28 07:19:14 -- # 5600000 sequences processed
2016/9/28 07:19:14 -- # 5700000 sequences processed
2016/9/28 07:19:14 -- # 5800000 sequences processed
2016/9/28 07:19:14 -- # 5900000 sequences processed
2016/9/28 07:19:15 -- # 6000000 sequences processed
2016/9/28 07:19:15 -- # 6100000 sequences processed
2016/9/28 07:19:15 -- # 6200000 sequences processed
2016/9/28 07:19:15 -- # 6300000 sequences processed
2016/9/28 07:19:16 -- # 6400000 sequences processed
2016/9/28 07:19:19 -- # 6500000 sequences processed
2016/9/28 07:19:19 -- # 6600000 sequences processed
2016/9/28 07:19:19 -- # 6700000 sequences processed
2016/9/28 07:19:19 -- # 6800000 sequences processed
2016/9/28 07:19:20 -- # 6900000 sequences processed
2016/9/28 07:19:20 -- # 7000000 sequences processed
2016/9/28 07:19:20 -- # 7100000 sequences processed
2016/9/28 07:19:20 -- # 7200000 sequences processed
2016/9/28 07:19:20 -- # 7300000 sequences processed
2016/9/28 07:19:21 -- # 7400000 sequences processed
2016/9/28 07:19:21 -- # 7500000 sequences processed
2016/9/28 07:19:21 -- # 7600000 sequences processed
2016/9/28 07:19:21 -- # 7700000 sequences processed
2016/9/28 07:19:21 -- # 7800000 sequences processed
2016/9/28 07:19:21 -- # 7900000 sequences processed
2016/9/28 07:19:22 -- # 8000000 sequences processed
2016/9/28 07:19:22 -- # 8100000 sequences processed
2016/9/28 07:19:22 -- # 8200000 sequences processed
2016/9/28 07:19:22 -- # 8300000 sequences processed
2016/9/28 07:19:22 -- # 8400000 sequences processed
2016/9/28 07:19:22 -- # 8500000 sequences processed
2016/9/28 07:19:22 -- # 8600000 sequences processed
2016/9/28 07:19:22 -- # 8700000 sequences processed
2016/9/28 07:19:22 -- # 8800000 sequences processed
2016/9/28 07:19:22 -- # 8900000 sequences processed
2016/9/28 07:19:22 -- # 9000000 sequences processed
2016/9/28 07:19:23 -- # 9100000 sequences processed
2016/9/28 07:19:23 -- # 9200000 sequences processed
2016/9/28 07:19:23 -- # 9300000 sequences processed
2016/9/28 07:19:24 -- # 9400000 sequences processed
2016/9/28 07:19:24 -- # 9500000 sequences processed
2016/9/28 07:19:24 -- # 9600000 sequences processed
2016/9/28 07:19:26 -- # 9700000 sequences processed
2016/9/28 07:19:26 -- # 9800000 sequences processed
2016/9/28 07:19:26 -- # 9900000 sequences processed
2016/9/28 07:19:26 -- # 10000000 sequences processed
2016/9/28 07:19:27 -- # 10100000 sequences processed
2016/9/28 07:19:27 -- # 10200000 sequences processed
2016/9/28 07:19:27 -- # 10300000 sequences processed
2016/9/28 07:19:27 -- # 10400000 sequences processed
2016/9/28 07:19:27 -- # 10500000 sequences processed
2016/9/28 07:19:27 -- # 10600000 sequences processed
2016/9/28 07:19:27 -- # 10700000 sequences processed
2016/9/28 07:19:27 -- # 10800000 sequences processed
2016/9/28 07:19:27 -- # 10900000 sequences processed
2016/9/28 07:19:27 -- # 11000000 sequences processed
2016/9/28 07:19:27 -- # 11100000 sequences processed
2016/9/28 07:19:27 -- # 11200000 sequences processed
2016/9/28 07:19:27 -- # 11300000 sequences processed
2016/9/28 07:19:27 -- # 11400000 sequences processed
2016/9/28 07:19:27 -- # 11500000 sequences processed
2016/9/28 07:19:28 -- # 11600000 sequences processed
2016/9/28 07:19:28 -- # 11700000 sequences processed
2016/9/28 07:19:28 -- # 11800000 sequences processed
2016/9/28 07:19:28 -- # 11900000 sequences processed
2016/9/28 07:19:28 -- Total 11945249 sequences processed... done
2016/9/28 07:19:28 -- [GEMMapper terminated successfully in 35s. (+1520s. loading)]


 Performance counter stats for 'bin/gem-mapper -t 32 -I /tmp/data/indexes/HG_index_GEM/index.gem -i /tmp/data/datasets/gcat_set_039_1.fastq -o /scratch/077-hpca4se-bioinf/jlenis/results/GEM-Scalability/2595809.GEM-Scalability.catwoman.t32.sam':

S0       16         2567495625 cache-misses                                                  (21.60%)
S0       16       697268799498 cycles                    #    0.000 GHz                      (22.26%)
S0       16       655487284755 instructions              #    6.41  insns per cycle        
                                             #    0.19  stalled cycles per insn  (27.75%)
S0       16             163864 cs                                                            (100.00%)
S0       16               8415 migrations                                                    (100.00%)
S0       16             120787 faults                                                      
S0       16    <not supported> bus-cycles              
S0       16      1062684279500 idle-cycles-frontend      #  1039.49% frontend cycles idle     (17.23%)
S0       16       378360353048 idle-cycles-backend       #  370.10% backend  cycles idle     (16.52%)
S0       16       263828270843 L1-dcache-loads                                               (22.04%)
S0       16         4356631452 L1-dcache-load-misses     #   12.27% of all L1-dcache hits    (27.63%)
S0       16         4950428831 L1-dcache-stores                                              (27.68%)
S0       16    <not supported> L1-dcache-store-misses  
S0       16                  0 L1-dcache-prefetch-misses                                     (27.61%)
S0       16         2595863557 L1-icache-load-misses                                         (27.59%)
S0       16         7472774169 LLC-loads                                                     (11.14%)
S0       16         1471519915 LLC-stores                                                    (11.16%)
S0       16    <not supported> LLC-prefetches          
S0       16       258123336949 dTLB-loads                                                    (16.77%)
S0       16          167400639 dTLB-load-misses          #    0.47% of all dTLB cache hits   (16.91%)
S0       16    <not supported> dTLB-stores             
S0       16    <not supported> dTLB-store-misses       
S0       16       144670088530 iTLB-loads                                                    (16.83%)
S0       16            1425510 iTLB-load-misses          #    0.01% of all iTLB cache hits   (11.14%)
S0       16        62953420885 branch-loads                                                  (16.69%)
S0       16         1744332083 branch-load-misses                                            (22.16%)
S1       16         1680228891 cache-misses                                                  (22.42%)
S1       16       664029290380 cycles                    #    0.000 GHz                      (21.70%)
S1       16       691061934954 instructions              #    0.00  insns per cycle          (27.23%)
S1       16             103005 cs                                                            (100.00%)
S1       16               3530 migrations                                                    (100.00%)
S1       16             110223 faults                                                      
S1       16    <not supported> bus-cycles              
S1       16      1086160793835 idle-cycles-frontend      #    0.00% frontend cycles idle     (16.85%)
S1       16       342926605434 idle-cycles-backend       #    0.00% backend  cycles idle     (16.05%)
S1       16       261414148342 L1-dcache-loads                                               (22.93%)
S1       16         3367079655 L1-dcache-load-misses                                         (26.22%)
S1       16         4058294232 L1-dcache-stores                                              (27.59%)
S1       16    <not supported> L1-dcache-store-misses  
S1       16                  0 L1-dcache-prefetch-misses                                     (25.57%)
S1       16         1720707763 L1-icache-load-misses                                         (27.55%)
S1       16         5864429192 LLC-loads                                                     (13.17%)
S1       16         1582129065 LLC-stores                                                    (11.06%)
S1       16    <not supported> LLC-prefetches          
S1       16       269859876795 dTLB-loads                                                    (17.18%)
S1       16          196930531 dTLB-load-misses                                              (17.13%)
S1       16    <not supported> dTLB-stores             
S1       16    <not supported> dTLB-store-misses       
S1       16       147231246417 iTLB-loads                                                    (16.65%)
S1       16             325045 iTLB-load-misses                                              (11.21%)
S1       16        61502810775 branch-loads                                                  (16.70%)
S1       16         1524015381 branch-load-misses                                            (23.11%)
S2       16         3548501253 cache-misses                                                  (21.49%)
S2       16      4506991150227 cycles                    #    0.000 GHz                      (21.52%)
S2       16      3618254227209 instructions              #    0.00  insns per cycle          (27.43%)
S2       16             166613 cs                                                            (100.00%)
S2       16               2719 migrations                                                    (100.00%)
S2       16              80242 faults                                                      
S2       16    <not supported> bus-cycles              
S2       16      4843496936106 idle-cycles-frontend      #    0.00% frontend cycles idle     (18.46%)
S2       16      3017904156213 idle-cycles-backend       #    0.00% backend  cycles idle     (16.88%)
S2       16      1513282919203 L1-dcache-loads                                               (22.79%)
S2       16        37094726533 L1-dcache-load-misses                                         (27.63%)
S2       16        40700466805 L1-dcache-stores                                              (26.98%)
S2       16    <not supported> L1-dcache-store-misses  
S2       16                  0 L1-dcache-prefetch-misses                                     (25.85%)
S2       16         3608674318 L1-icache-load-misses                                         (26.61%)
S2       16        44237226087 LLC-loads                                                     (12.33%)
S2       16         4296140062 LLC-stores                                                    (12.59%)
S2       16    <not supported> LLC-prefetches          
S2       16      1499753325534 dTLB-loads                                                    (17.83%)
S2       16          196803511 dTLB-load-misses                                              (16.11%)
S2       16    <not supported> dTLB-stores             
S2       16    <not supported> dTLB-store-misses       
S2       16       774028158300 iTLB-loads                                                    (16.72%)
S2       16             206830 iTLB-load-misses                                              (11.44%)
S2       16       549396595996 branch-loads                                                  (16.80%)
S2       16         3454732857 branch-load-misses                                            (22.31%)
S3       16         1748362331 cache-misses                                                  (21.95%)
S3       16       674512401474 cycles                    #    0.000 GHz                      (22.23%)
S3       16       631455627905 instructions              #    0.00  insns per cycle          (27.90%)
S3       16              80345 cs                                                            (100.00%)
S3       16               4161 migrations                                                    (100.00%)
S3       16             101303 faults                                                      
S3       16    <not supported> bus-cycles              
S3       16       957042315381 idle-cycles-frontend      #    0.00% frontend cycles idle     (16.97%)
S3       16       353670897286 idle-cycles-backend       #    0.00% backend  cycles idle     (17.10%)
S3       16       233920583082 L1-dcache-loads                                               (22.71%)
S3       16         3279475058 L1-dcache-load-misses                                         (28.29%)
S3       16         3886343984 L1-dcache-stores                                              (28.37%)
S3       16    <not supported> L1-dcache-store-misses  
S3       16                  0 L1-dcache-prefetch-misses                                     (28.27%)
S3       16         1695549402 L1-icache-load-misses                                         (27.92%)
S3       16         5809123036 LLC-loads                                                     (10.98%)
S3       16         1576906150 LLC-stores                                                    (10.96%)
S3       16    <not supported> LLC-prefetches          
S3       16       246081472481 dTLB-loads                                                    (16.54%)
S3       16          175650903 dTLB-load-misses                                              (16.52%)
S3       16    <not supported> dTLB-stores             
S3       16    <not supported> dTLB-store-misses       
S3       16       136952151416 iTLB-loads                                                    (16.38%)
S3       16             368835 iTLB-load-misses                                              (10.73%)
S3       16        59627419736 branch-loads                                                  (16.13%)
S3       16         1470836581 branch-load-misses                                            (21.66%)

    1555.205016186 seconds time elapsed

#################################################################
# Test multi-threading - 48 threads - T5
#################################################################
2595809.GEM-Scalability.catwoman.t48
2016/9/28 07:19:28 -- [Opening input file '/tmp/data/datasets/gcat_set_039_1.fastq']
2016/9/28 07:19:28 -- [Outputting to '/scratch/077-hpca4se-bioinf/jlenis/results/GEM-Scalability/2595809.GEM-Scalability.catwoman.t48.sam']
2016/9/28 07:19:28 -- [Loading GEM index '/tmp/data/indexes/HG_index_GEM/index.gem']
2016/9/28 07:22:05 -- [SE::Mapping Sequences]
2016/9/28 07:22:17 -- # 100000 sequences processed
2016/9/28 07:22:17 -- # 200000 sequences processed
2016/9/28 07:22:17 -- # 300000 sequences processed
2016/9/28 07:22:17 -- # 400000 sequences processed
2016/9/28 07:22:17 -- # 500000 sequences processed
2016/9/28 07:22:17 -- # 600000 sequences processed
2016/9/28 07:22:17 -- # 700000 sequences processed
2016/9/28 07:22:17 -- # 800000 sequences processed
2016/9/28 07:22:17 -- # 900000 sequences processed
2016/9/28 07:22:17 -- # 1000000 sequences processed
2016/9/28 07:22:17 -- # 1100000 sequences processed
2016/9/28 07:22:17 -- # 1200000 sequences processed
2016/9/28 07:22:17 -- # 1300000 sequences processed
2016/9/28 07:22:17 -- # 1400000 sequences processed
2016/9/28 07:22:17 -- # 1500000 sequences processed
2016/9/28 07:22:17 -- # 1600000 sequences processed
2016/9/28 07:22:17 -- # 1700000 sequences processed
2016/9/28 07:22:17 -- # 1800000 sequences processed
2016/9/28 07:22:17 -- # 1900000 sequences processed
2016/9/28 07:22:17 -- # 2000000 sequences processed
2016/9/28 07:22:17 -- # 2100000 sequences processed
2016/9/28 07:22:17 -- # 2200000 sequences processed
2016/9/28 07:22:17 -- # 2300000 sequences processed
2016/9/28 07:22:17 -- # 2400000 sequences processed
2016/9/28 07:22:17 -- # 2500000 sequences processed
2016/9/28 07:22:17 -- # 2600000 sequences processed
2016/9/28 07:22:17 -- # 2700000 sequences processed
2016/9/28 07:22:17 -- # 2800000 sequences processed
2016/9/28 07:22:17 -- # 2900000 sequences processed
2016/9/28 07:22:17 -- # 3000000 sequences processed
2016/9/28 07:22:17 -- # 3100000 sequences processed
2016/9/28 07:22:18 -- # 3200000 sequences processed
2016/9/28 07:22:18 -- # 3300000 sequences processed
2016/9/28 07:22:18 -- # 3400000 sequences processed
2016/9/28 07:22:18 -- # 3500000 sequences processed
2016/9/28 07:22:18 -- # 3600000 sequences processed
2016/9/28 07:22:18 -- # 3700000 sequences processed
2016/9/28 07:22:18 -- # 3800000 sequences processed
2016/9/28 07:22:18 -- # 3900000 sequences processed
2016/9/28 07:22:18 -- # 4000000 sequences processed
2016/9/28 07:22:18 -- # 4100000 sequences processed
2016/9/28 07:22:18 -- # 4200000 sequences processed
2016/9/28 07:22:19 -- # 4300000 sequences processed
2016/9/28 07:22:19 -- # 4400000 sequences processed
2016/9/28 07:22:19 -- # 4500000 sequences processed
2016/9/28 07:22:19 -- # 4600000 sequences processed
2016/9/28 07:22:20 -- # 4700000 sequences processed
2016/9/28 07:22:20 -- # 4800000 sequences processed
2016/9/28 07:22:24 -- # 4900000 sequences processed
2016/9/28 07:22:25 -- # 5000000 sequences processed
2016/9/28 07:22:25 -- # 5100000 sequences processed
2016/9/28 07:22:25 -- # 5200000 sequences processed
2016/9/28 07:22:25 -- # 5300000 sequences processed
2016/9/28 07:22:25 -- # 5400000 sequences processed
2016/9/28 07:22:25 -- # 5500000 sequences processed
2016/9/28 07:22:26 -- # 5600000 sequences processed
2016/9/28 07:22:26 -- # 5700000 sequences processed
2016/9/28 07:22:26 -- # 5800000 sequences processed
2016/9/28 07:22:26 -- # 5900000 sequences processed
2016/9/28 07:22:26 -- # 6000000 sequences processed
2016/9/28 07:22:26 -- # 6100000 sequences processed
2016/9/28 07:22:26 -- # 6200000 sequences processed
2016/9/28 07:22:26 -- # 6300000 sequences processed
2016/9/28 07:22:26 -- # 6400000 sequences processed
2016/9/28 07:22:26 -- # 6500000 sequences processed
2016/9/28 07:22:26 -- # 6600000 sequences processed
2016/9/28 07:22:26 -- # 6700000 sequences processed
2016/9/28 07:22:26 -- # 6800000 sequences processed
2016/9/28 07:22:26 -- # 6900000 sequences processed
2016/9/28 07:22:26 -- # 7000000 sequences processed
2016/9/28 07:22:26 -- # 7100000 sequences processed
2016/9/28 07:22:26 -- # 7200000 sequences processed
2016/9/28 07:22:26 -- # 7300000 sequences processed
2016/9/28 07:22:26 -- # 7400000 sequences processed
2016/9/28 07:22:26 -- # 7500000 sequences processed
2016/9/28 07:22:26 -- # 7600000 sequences processed
2016/9/28 07:22:26 -- # 7700000 sequences processed
2016/9/28 07:22:26 -- # 7800000 sequences processed
2016/9/28 07:22:26 -- # 7900000 sequences processed
2016/9/28 07:22:26 -- # 8000000 sequences processed
2016/9/28 07:22:27 -- # 8100000 sequences processed
2016/9/28 07:22:27 -- # 8200000 sequences processed
2016/9/28 07:22:27 -- # 8300000 sequences processed
2016/9/28 07:22:27 -- # 8400000 sequences processed
2016/9/28 07:22:27 -- # 8500000 sequences processed
2016/9/28 07:22:27 -- # 8600000 sequences processed
2016/9/28 07:22:27 -- # 8700000 sequences processed
2016/9/28 07:22:27 -- # 8800000 sequences processed
2016/9/28 07:22:27 -- # 8900000 sequences processed
2016/9/28 07:22:28 -- # 9000000 sequences processed
2016/9/28 07:22:29 -- # 9100000 sequences processed
2016/9/28 07:22:29 -- # 9200000 sequences processed
2016/9/28 07:22:30 -- # 9300000 sequences processed
2016/9/28 07:22:30 -- # 9400000 sequences processed
2016/9/28 07:22:30 -- # 9500000 sequences processed
2016/9/28 07:22:30 -- # 9600000 sequences processed
2016/9/28 07:22:30 -- # 9700000 sequences processed
2016/9/28 07:22:30 -- # 9800000 sequences processed
2016/9/28 07:22:30 -- # 9900000 sequences processed
2016/9/28 07:22:30 -- # 10000000 sequences processed
2016/9/28 07:22:30 -- # 10100000 sequences processed
2016/9/28 07:22:31 -- # 10200000 sequences processed
2016/9/28 07:22:31 -- # 10300000 sequences processed
2016/9/28 07:22:31 -- # 10400000 sequences processed
2016/9/28 07:22:31 -- # 10500000 sequences processed
2016/9/28 07:22:31 -- # 10600000 sequences processed
2016/9/28 07:22:31 -- # 10700000 sequences processed
2016/9/28 07:22:31 -- # 10800000 sequences processed
2016/9/28 07:22:31 -- # 10900000 sequences processed
2016/9/28 07:22:31 -- # 11000000 sequences processed
2016/9/28 07:22:31 -- # 11100000 sequences processed
2016/9/28 07:22:31 -- # 11200000 sequences processed
2016/9/28 07:22:31 -- # 11300000 sequences processed
2016/9/28 07:22:31 -- # 11400000 sequences processed
2016/9/28 07:22:31 -- # 11500000 sequences processed
2016/9/28 07:22:31 -- # 11600000 sequences processed
2016/9/28 07:22:31 -- # 11700000 sequences processed
2016/9/28 07:22:31 -- # 11800000 sequences processed
2016/9/28 07:22:31 -- # 11900000 sequences processed
2016/9/28 07:22:31 -- Total 11945249 sequences processed... done
2016/9/28 07:22:31 -- [GEMMapper terminated successfully in 26s. (+156s. loading)]


 Performance counter stats for 'bin/gem-mapper -t 48 -I /tmp/data/indexes/HG_index_GEM/index.gem -i /tmp/data/datasets/gcat_set_039_1.fastq -o /scratch/077-hpca4se-bioinf/jlenis/results/GEM-Scalability/2595809.GEM-Scalability.catwoman.t48.sam':

S0       16         1536097953 cache-misses                                                  (22.19%)
S0       16       633019152732 cycles                    #    0.000 GHz                      (22.67%)
S0       16       630063547220 instructions              #   13.56  insns per cycle        
                                             #    0.04  stalled cycles per insn  (28.07%)
S0       16              49849 cs                                                            (100.00%)
S0       16                960 migrations                                                    (100.00%)
S0       16              91538 faults                                                      
S0       16    <not supported> bus-cycles              
S0       16       369192349903 idle-cycles-frontend      #  794.62% frontend cycles idle     (16.79%)
S0       16       206555174749 idle-cycles-backend       #  444.57% backend  cycles idle     (16.64%)
S0       16       246583222418 L1-dcache-loads                                               (21.78%)
S0       16         3262070678 L1-dcache-load-misses     #   19.60% of all L1-dcache hits    (27.33%)
S0       16         3850703295 L1-dcache-stores                                              (27.75%)
S0       16    <not supported> L1-dcache-store-misses  
S0       16                  0 L1-dcache-prefetch-misses                                     (27.74%)
S0       16         1533233661 L1-icache-load-misses                                         (27.51%)
S0       16         5208486398 LLC-loads                                                     (11.25%)
S0       16         1295817327 LLC-stores                                                    (11.40%)
S0       16    <not supported> LLC-prefetches          
S0       16       239347581107 dTLB-loads                                                    (16.57%)
S0       16          202535539 dTLB-load-misses          #    1.17% of all dTLB cache hits   (16.28%)
S0       16    <not supported> dTLB-stores             
S0       16    <not supported> dTLB-store-misses       
S0       16       134364219117 iTLB-loads                                                    (16.43%)
S0       16             340344 iTLB-load-misses          #    0.00% of all iTLB cache hits   (11.12%)
S0       16        59405168693 branch-loads                                                  (16.40%)
S0       16         1528230809 branch-load-misses                                            (22.08%)
S1       16         1394671724 cache-misses                                                  (22.99%)
S1       16       655319703174 cycles                    #    0.000 GHz                      (23.12%)
S1       16       651706553680 instructions              #    0.00  insns per cycle          (28.89%)
S1       16              27592 cs                                                            (100.00%)
S1       16                375 migrations                                                    (100.00%)
S1       16              43103 faults                                                      
S1       16    <not supported> bus-cycles              
S1       16       283363616367 idle-cycles-frontend      #    0.00% frontend cycles idle     (17.07%)
S1       16       177433877534 idle-cycles-backend       #    0.00% backend  cycles idle     (17.32%)
S1       16       249051726854 L1-dcache-loads                                               (22.99%)
S1       16         3209233253 L1-dcache-load-misses                                         (28.17%)
S1       16         3728690715 L1-dcache-stores                                              (28.30%)
S1       16    <not supported> L1-dcache-store-misses  
S1       16                  0 L1-dcache-prefetch-misses                                     (27.89%)
S1       16         1512933764 L1-icache-load-misses                                         (27.18%)
S1       16         5754038970 LLC-loads                                                     (10.58%)
S1       16         1477503545 LLC-stores                                                    (10.09%)
S1       16    <not supported> LLC-prefetches          
S1       16       277428759452 dTLB-loads                                                    (15.82%)
S1       16          240459465 dTLB-load-misses                                              (15.79%)
S1       16    <not supported> dTLB-stores             
S1       16    <not supported> dTLB-store-misses       
S1       16       143068935853 iTLB-loads                                                    (16.73%)
S1       16             203355 iTLB-load-misses                                              (11.25%)
S1       16        59186145687 branch-loads                                                  (16.63%)
S1       16         1528632922 branch-load-misses                                            (22.25%)
S2       16         1643896441 cache-misses                                                  (22.31%)
S2       16       973285615095 cycles                    #    0.000 GHz                      (21.14%)
S2       16       877033714493 instructions              #    0.00  insns per cycle          (27.03%)
S2       16              96548 cs                                                            (100.00%)
S2       16                546 migrations                                                    (100.00%)
S2       16              33076 faults                                                      
S2       16    <not supported> bus-cycles              
S2       16       644105266293 idle-cycles-frontend      #    0.00% frontend cycles idle     (17.38%)
S2       16       416236413913 idle-cycles-backend       #    0.00% backend  cycles idle     (15.57%)
S2       16       333798624336 L1-dcache-loads                                               (23.69%)
S2       16         6246794496 L1-dcache-load-misses                                         (25.57%)
S2       16         8985586961 L1-dcache-stores                                              (28.24%)
S2       16    <not supported> L1-dcache-store-misses  
S2       16                  0 L1-dcache-prefetch-misses                                     (24.16%)
S2       16         1662699466 L1-icache-load-misses                                         (27.58%)
S2       16        10319285043 LLC-loads                                                     (14.62%)
S2       16         4279744131 LLC-stores                                                    (12.04%)
S2       16    <not supported> LLC-prefetches          
S2       16       339162831850 dTLB-loads                                                    (18.30%)
S2       16          222413883 dTLB-load-misses                                              (17.79%)
S2       16    <not supported> dTLB-stores             
S2       16    <not supported> dTLB-store-misses       
S2       16       193999414341 iTLB-loads                                                    (15.39%)
S2       16             195257 iTLB-load-misses                                              (11.01%)
S2       16        94658870805 branch-loads                                                  (16.79%)
S2       16         1674109256 branch-load-misses                                            (22.67%)
S3       16         1736865101 cache-misses                                                  (21.34%)
S3       16       711924194844 cycles                    #    0.000 GHz                      (21.99%)
S3       16       641047974736 instructions              #    0.00  insns per cycle          (28.08%)
S3       16              27823 cs                                                            (100.00%)
S3       16                643 migrations                                                    (100.00%)
S3       16              25234 faults                                                      
S3       16    <not supported> bus-cycles              
S3       16       268310418957 idle-cycles-frontend      #    0.00% frontend cycles idle     (18.16%)
S3       16       193345672209 idle-cycles-backend       #    0.00% backend  cycles idle     (17.07%)
S3       16       235537164618 L1-dcache-loads                                               (23.38%)
S3       16         3284350069 L1-dcache-load-misses                                         (28.76%)
S3       16         3919961129 L1-dcache-stores                                              (28.88%)
S3       16    <not supported> L1-dcache-store-misses  
S3       16                  0 L1-dcache-prefetch-misses                                     (27.12%)
S3       16         1689502840 L1-icache-load-misses                                         (27.77%)
S3       16         5791770165 LLC-loads                                                     (12.11%)
S3       16         1509619380 LLC-stores                                                    (12.04%)
S3       16    <not supported> LLC-prefetches          
S3       16       249064318773 dTLB-loads                                                    (17.48%)
S3       16          221630238 dTLB-load-misses                                              (16.89%)
S3       16    <not supported> dTLB-stores             
S3       16    <not supported> dTLB-store-misses       
S3       16       147175523013 iTLB-loads                                                    (15.25%)
S3       16             241441 iTLB-load-misses                                              (10.29%)
S3       16        60791609495 branch-loads                                                  (15.74%)
S3       16         1541976065 branch-load-misses                                            (21.03%)

     183.116197240 seconds time elapsed

#################################################################
# Test multi-threading - 64 threads - T6
#################################################################

2016/9/28 07:22:32 -- [Opening input file '/tmp/data/datasets/gcat_set_039_1.fastq']
2016/9/28 07:22:32 -- [Outputting to '/scratch/077-hpca4se-bioinf/jlenis/results/GEM-Scalability/2595809.GEM-Scalability.catwoman.t64.sam']
2016/9/28 07:22:32 -- [Loading GEM index '/tmp/data/indexes/HG_index_GEM/index.gem']
2016/9/28 07:52:50 -- [SE::Mapping Sequences]
2016/9/28 07:54:38 -- # 100000 sequences processed
2016/9/28 07:54:38 -- # 200000 sequences processed
2016/9/28 07:54:38 -- # 300000 sequences processed
2016/9/28 07:54:38 -- # 400000 sequences processed
2016/9/28 07:54:38 -- # 500000 sequences processed
2016/9/28 07:54:38 -- # 600000 sequences processed
2016/9/28 07:54:38 -- # 700000 sequences processed
2016/9/28 07:54:38 -- # 800000 sequences processed
2016/9/28 07:54:38 -- # 900000 sequences processed
2016/9/28 07:54:38 -- # 1000000 sequences processed
2016/9/28 07:54:38 -- # 1100000 sequences processed
2016/9/28 07:54:38 -- # 1200000 sequences processed
2016/9/28 07:54:38 -- # 1300000 sequences processed
2016/9/28 07:54:38 -- # 1400000 sequences processed
2016/9/28 07:54:38 -- # 1500000 sequences processed
2016/9/28 07:54:38 -- # 1600000 sequences processed
2016/9/28 07:54:38 -- # 1700000 sequences processed
2016/9/28 07:54:38 -- # 1800000 sequences processed
2016/9/28 07:54:38 -- # 1900000 sequences processed
2016/9/28 07:54:38 -- # 2000000 sequences processed
2016/9/28 07:54:38 -- # 2100000 sequences processed
2016/9/28 07:54:38 -- # 2200000 sequences processed
2016/9/28 07:54:38 -- # 2300000 sequences processed
2016/9/28 07:54:38 -- # 2400000 sequences processed
2016/9/28 07:54:38 -- # 2500000 sequences processed
2016/9/28 07:54:38 -- # 2600000 sequences processed
2016/9/28 07:54:38 -- # 2700000 sequences processed
2016/9/28 07:54:38 -- # 2800000 sequences processed
2016/9/28 07:54:38 -- # 2900000 sequences processed
2016/9/28 07:54:38 -- # 3000000 sequences processed
2016/9/28 07:54:38 -- # 3100000 sequences processed
2016/9/28 07:54:38 -- # 3200000 sequences processed
2016/9/28 07:54:39 -- # 3300000 sequences processed
2016/9/28 07:54:39 -- # 3400000 sequences processed
2016/9/28 07:54:39 -- # 3500000 sequences processed
2016/9/28 07:54:39 -- # 3600000 sequences processed
2016/9/28 07:54:39 -- # 3700000 sequences processed
2016/9/28 07:54:39 -- # 3800000 sequences processed
2016/9/28 07:54:39 -- # 3900000 sequences processed
2016/9/28 07:54:39 -- # 4000000 sequences processed
2016/9/28 07:54:39 -- # 4100000 sequences processed
2016/9/28 07:54:39 -- # 4200000 sequences processed
2016/9/28 07:54:39 -- # 4300000 sequences processed
2016/9/28 07:54:39 -- # 4400000 sequences processed
2016/9/28 07:54:39 -- # 4500000 sequences processed
2016/9/28 07:54:39 -- # 4600000 sequences processed
2016/9/28 07:54:39 -- # 4700000 sequences processed
2016/9/28 07:54:39 -- # 4800000 sequences processed
2016/9/28 07:54:39 -- # 4900000 sequences processed
2016/9/28 07:54:39 -- # 5000000 sequences processed
2016/9/28 07:54:39 -- # 5100000 sequences processed
2016/9/28 07:54:39 -- # 5200000 sequences processed
2016/9/28 07:54:39 -- # 5300000 sequences processed
2016/9/28 07:54:39 -- # 5400000 sequences processed
2016/9/28 07:54:39 -- # 5500000 sequences processed
2016/9/28 07:54:39 -- # 5600000 sequences processed
2016/9/28 07:54:39 -- # 5700000 sequences processed
2016/9/28 07:54:40 -- # 5800000 sequences processed
2016/9/28 07:54:40 -- # 5900000 sequences processed
2016/9/28 07:54:40 -- # 6000000 sequences processed
2016/9/28 07:54:41 -- # 6100000 sequences processed
2016/9/28 07:54:41 -- # 6200000 sequences processed
2016/9/28 07:54:41 -- # 6300000 sequences processed
2016/9/28 07:54:42 -- # 6400000 sequences processed
2016/9/28 07:54:45 -- # 6500000 sequences processed
2016/9/28 07:54:45 -- # 6600000 sequences processed
2016/9/28 07:54:46 -- # 6700000 sequences processed
2016/9/28 07:54:46 -- # 6800000 sequences processed
2016/9/28 07:54:46 -- # 6900000 sequences processed
2016/9/28 07:54:46 -- # 7000000 sequences processed
2016/9/28 07:54:46 -- # 7100000 sequences processed
2016/9/28 07:54:46 -- # 7200000 sequences processed
2016/9/28 07:54:46 -- # 7300000 sequences processed
2016/9/28 07:54:46 -- # 7400000 sequences processed
2016/9/28 07:54:46 -- # 7500000 sequences processed
2016/9/28 07:54:46 -- # 7600000 sequences processed
2016/9/28 07:54:46 -- # 7700000 sequences processed
2016/9/28 07:54:46 -- # 7800000 sequences processed
2016/9/28 07:54:46 -- # 7900000 sequences processed
2016/9/28 07:54:46 -- # 8000000 sequences processed
2016/9/28 07:54:46 -- # 8100000 sequences processed
2016/9/28 07:54:46 -- # 8200000 sequences processed
2016/9/28 07:54:46 -- # 8300000 sequences processed
2016/9/28 07:54:46 -- # 8400000 sequences processed
2016/9/28 07:54:46 -- # 8500000 sequences processed
2016/9/28 07:54:46 -- # 8600000 sequences processed
2016/9/28 07:54:46 -- # 8700000 sequences processed
2016/9/28 07:54:46 -- # 8800000 sequences processed
2016/9/28 07:54:46 -- # 8900000 sequences processed
2016/9/28 07:54:46 -- # 9000000 sequences processed
2016/9/28 07:54:46 -- # 9100000 sequences processed
2016/9/28 07:54:46 -- # 9200000 sequences processed
2016/9/28 07:54:46 -- # 9300000 sequences processed
2016/9/28 07:54:46 -- # 9400000 sequences processed
2016/9/28 07:54:46 -- # 9500000 sequences processed
2016/9/28 07:54:46 -- # 9600000 sequences processed
2016/9/28 07:54:46 -- # 9700000 sequences processed
2016/9/28 07:54:46 -- # 9800000 sequences processed
2016/9/28 07:54:46 -- # 9900000 sequences processed
2016/9/28 07:54:46 -- # 10000000 sequences processed
2016/9/28 07:54:46 -- # 10100000 sequences processed
2016/9/28 07:54:46 -- # 10200000 sequences processed
2016/9/28 07:54:46 -- # 10300000 sequences processed
2016/9/28 07:54:46 -- # 10400000 sequences processed
2016/9/28 07:54:46 -- # 10500000 sequences processed
2016/9/28 07:54:46 -- # 10600000 sequences processed
2016/9/28 07:54:46 -- # 10700000 sequences processed
2016/9/28 07:54:46 -- # 10800000 sequences processed
2016/9/28 07:54:46 -- # 10900000 sequences processed
2016/9/28 07:54:46 -- # 11000000 sequences processed
2016/9/28 07:54:46 -- # 11100000 sequences processed
2016/9/28 07:54:46 -- # 11200000 sequences processed
2016/9/28 07:54:46 -- # 11300000 sequences processed
2016/9/28 07:54:46 -- # 11400000 sequences processed
2016/9/28 07:54:46 -- # 11500000 sequences processed
2016/9/28 07:54:46 -- # 11600000 sequences processed
2016/9/28 07:54:46 -- # 11700000 sequences processed
2016/9/28 07:54:46 -- # 11800000 sequences processed
2016/9/28 07:54:47 -- # 11900000 sequences processed
2016/9/28 07:54:47 -- Total 11945249 sequences processed... done
2016/9/28 07:54:47 -- [GEMMapper terminated successfully in 117s. (+1818s. loading)]


 Performance counter stats for 'bin/gem-mapper -t 64 -I /tmp/data/indexes/HG_index_GEM/index.gem -i /tmp/data/datasets/gcat_set_039_1.fastq -o /scratch/077-hpca4se-bioinf/jlenis/results/GEM-Scalability/2595809.GEM-Scalability.catwoman.t64.sam':

S0       16         2963686409 cache-misses                                                  (21.96%)
S0       16       791101941410 cycles                    #    0.000 GHz                      (22.08%)
S0       16       690776708212 instructions              #    5.65  insns per cycle        
                                             #    0.19  stalled cycles per insn  (27.74%)
S0       16             167567 cs                                                            (100.00%)
S0       16               8800 migrations                                                    (100.00%)
S0       16             164227 faults                                                      
S0       16    <not supported> bus-cycles              
S0       16      1022315394419 idle-cycles-frontend      #  835.80% frontend cycles idle     (16.75%)
S0       16       128991928395 idle-cycles-backend       #  105.46% backend  cycles idle     (16.71%)
S0       16       272417695320 L1-dcache-loads                                               (22.39%)
S0       16         4912746779 L1-dcache-load-misses     #   12.37% of all L1-dcache hits    (28.02%)
S0       16         5594616984 L1-dcache-stores                                              (27.79%)
S0       16    <not supported> L1-dcache-store-misses  
S0       16                  0 L1-dcache-prefetch-misses                                     (27.79%)
S0       16         2952562501 L1-icache-load-misses                                         (27.74%)
S0       16         8577276635 LLC-loads                                                     (11.12%)
S0       16         1814821561 LLC-stores                                                    (11.31%)
S0       16    <not supported> LLC-prefetches          
S0       16       274199873044 dTLB-loads                                                    (16.83%)
S0       16          211840981 dTLB-load-misses          #    0.53% of all dTLB cache hits   (16.86%)
S0       16    <not supported> dTLB-stores             
S0       16    <not supported> dTLB-store-misses       
S0       16       153347779855 iTLB-loads                                                    (16.70%)
S0       16            2054777 iTLB-load-misses          #    0.01% of all iTLB cache hits   (10.98%)
S0       16        68434973502 branch-loads                                                  (16.40%)
S0       16         1947081112 branch-load-misses                                            (21.98%)
S1       16         1608760963 cache-misses                                                  (21.68%)
S1       16       749443515926 cycles                    #    0.000 GHz                      (22.28%)
S1       16       681468348915 instructions              #    0.00  insns per cycle          (27.71%)
S1       16             215717 cs                                                            (100.00%)
S1       16               6072 migrations                                                    (100.00%)
S1       16             127639 faults                                                      
S1       16    <not supported> bus-cycles              
S1       16       907675303249 idle-cycles-frontend      #    0.00% frontend cycles idle     (17.13%)
S1       16       108440876530 idle-cycles-backend       #    0.00% backend  cycles idle     (16.47%)
S1       16       259904326378 L1-dcache-loads                                               (21.97%)
S1       16         3453372970 L1-dcache-load-misses                                         (27.50%)
S1       16         4098191677 L1-dcache-stores                                              (27.66%)
S1       16    <not supported> L1-dcache-store-misses  
S1       16                  0 L1-dcache-prefetch-misses                                     (27.72%)
S1       16         1628941317 L1-icache-load-misses                                         (27.74%)
S1       16         5746331134 LLC-loads                                                     (11.18%)
S1       16         1793684828 LLC-stores                                                    (11.17%)
S1       16    <not supported> LLC-prefetches          
S1       16       258229531163 dTLB-loads                                                    (16.70%)
S1       16          230879500 dTLB-load-misses                                              (16.68%)
S1       16    <not supported> dTLB-stores             
S1       16    <not supported> dTLB-store-misses       
S1       16       141422145164 iTLB-loads                                                    (16.77%)
S1       16             679472 iTLB-load-misses                                              (11.18%)
S1       16        60540241710 branch-loads                                                  (16.75%)
S1       16         1570545961 branch-load-misses                                            (22.33%)
S2       16         1638246541 cache-misses                                                  (22.18%)
S2       16       750504713401 cycles                    #    0.000 GHz                      (20.82%)
S2       16       686235878109 instructions              #    0.00  insns per cycle          (27.68%)
S2       16             168001 cs                                                            (100.00%)
S2       16               4665 migrations                                                    (100.00%)
S2       16             130117 faults                                                      
S2       16    <not supported> bus-cycles              
S2       16       847554023855 idle-cycles-frontend      #    0.00% frontend cycles idle     (18.07%)
S2       16       100334232683 idle-cycles-backend       #    0.00% backend  cycles idle     (16.63%)
S2       16       260071173981 L1-dcache-loads                                               (22.82%)
S2       16         3496467645 L1-dcache-load-misses                                         (26.35%)
S2       16         4215794494 L1-dcache-stores                                              (27.71%)
S2       16    <not supported> L1-dcache-store-misses  
S2       16                  0 L1-dcache-prefetch-misses                                     (25.67%)
S2       16         1632362610 L1-icache-load-misses                                         (26.47%)
S2       16         5785563981 LLC-loads                                                     (13.29%)
S2       16         1839670321 LLC-stores                                                    (11.21%)
S2       16    <not supported> LLC-prefetches          
S2       16       259267766759 dTLB-loads                                                    (17.44%)
S2       16          236518630 dTLB-load-misses                                              (17.27%)
S2       16    <not supported> dTLB-stores             
S2       16    <not supported> dTLB-store-misses       
S2       16       143148141635 iTLB-loads                                                    (16.65%)
S2       16             542830 iTLB-load-misses                                              (11.05%)
S2       16        61038497835 branch-loads                                                  (16.57%)
S2       16         1579545867 branch-load-misses                                            (22.16%)
S3       16         3764882992 cache-misses                                                  (22.50%)
S3       16      5537160024185 cycles                    #    0.000 GHz                      (21.48%)
S3       16      4260507515410 instructions              #    0.00  insns per cycle          (27.64%)
S3       16             147005 cs                                                            (100.00%)
S3       16               2350 migrations                                                    (100.00%)
S3       16             106485 faults                                                      
S3       16    <not supported> bus-cycles              
S3       16      5459366824482 idle-cycles-frontend      #    0.00% frontend cycles idle     (17.48%)
S3       16      3358673209963 idle-cycles-backend       #    0.00% backend  cycles idle     (15.82%)
S3       16      1748368029969 L1-dcache-loads                                               (22.71%)
S3       16        40160211370 L1-dcache-load-misses                                         (25.83%)
S3       16        45861056762 L1-dcache-stores                                              (27.38%)
S3       16    <not supported> L1-dcache-store-misses  
S3       16                  0 L1-dcache-prefetch-misses                                     (25.11%)
S3       16         3829092597 L1-icache-load-misses                                         (27.26%)
S3       16        50344117220 LLC-loads                                                     (13.11%)
S3       16         6110910663 LLC-stores                                                    (11.00%)
S3       16    <not supported> LLC-prefetches          
S3       16      1777892074527 dTLB-loads                                                    (17.24%)
S3       16          227604304 dTLB-load-misses                                              (17.42%)
S3       16    <not supported> dTLB-stores             
S3       16    <not supported> dTLB-store-misses       
S3       16       900135937640 iTLB-loads                                                    (16.83%)
S3       16             426193 iTLB-load-misses                                              (11.24%)
S3       16       660658783618 branch-loads                                                  (16.87%)
S3       16         3752896594 branch-load-misses                                            (23.38%)

    1935.449571718 seconds time elapsed

#################################################################
# Test multi-threading - 64 threads - T6
#################################################################
