mkdir: cannot create directory `/scratch/077-hpca4se-bioinf/jlenis/results/MEM-Scalability': File exists
> Benchmarks for BWA 0.7.15: gcat_set_039_1
catwoman
#################################################################
# Warm up - 64 threads - T1
#################################################################
WarmUp.2595753.MEM-Scalability.catwoman.t64
[M::bwa_idx_load_from_disk] read 0 ALT contigs
[M::process] read 6400000 sequences (640000000 bp)...
[M::mem_process_seqs] Processed 6400000 reads in 8325.937 CPU sec, 166.175 real sec
[M::process] read 5545249 sequences (554524900 bp)...
[M::mem_process_seqs] Processed 5545249 reads in 9285.695 CPU sec, 145.558 real sec
[main] Version: 0.7.15-r1140
[main] CMD: ./bwa mem -t 64 /tmp/data/indexes/HG_index_BWA_default/hsapiens_v37.fa /tmp/data/datasets/gcat_set_039_1.fastq
[main] Real time: 335.047 sec; CPU: 17635.136 sec
#################################################################
# Test multi-threading - 8 threads - T2
#################################################################
2595753.MEM-Scalability.catwoman.t8
[M::bwa_idx_load_from_disk] read 0 ALT contigs
[M::process] read 800000 sequences (80000000 bp)...
[M::process] read 800000 sequences (80000000 bp)...
[M::mem_process_seqs] Processed 800000 reads in 633.175 CPU sec, 79.029 real sec
[M::process] read 800000 sequences (80000000 bp)...
[M::mem_process_seqs] Processed 800000 reads in 631.449 CPU sec, 78.621 real sec
[M::process] read 800000 sequences (80000000 bp)...
[M::mem_process_seqs] Processed 800000 reads in 634.432 CPU sec, 79.000 real sec
[M::process] read 800000 sequences (80000000 bp)...
[M::mem_process_seqs] Processed 800000 reads in 631.629 CPU sec, 78.619 real sec
[M::process] read 800000 sequences (80000000 bp)...
[M::mem_process_seqs] Processed 800000 reads in 636.536 CPU sec, 79.262 real sec
[M::process] read 800000 sequences (80000000 bp)...
[M::mem_process_seqs] Processed 800000 reads in 635.918 CPU sec, 79.164 real sec
[M::process] read 800000 sequences (80000000 bp)...
[M::mem_process_seqs] Processed 800000 reads in 634.286 CPU sec, 78.967 real sec
[M::process] read 800000 sequences (80000000 bp)...
[M::mem_process_seqs] Processed 800000 reads in 631.594 CPU sec, 78.607 real sec
[M::process] read 800000 sequences (80000000 bp)...
[M::mem_process_seqs] Processed 800000 reads in 636.272 CPU sec, 79.207 real sec
[M::process] read 800000 sequences (80000000 bp)...
[M::mem_process_seqs] Processed 800000 reads in 635.623 CPU sec, 79.136 real sec
[M::process] read 800000 sequences (80000000 bp)...
[M::mem_process_seqs] Processed 800000 reads in 643.780 CPU sec, 80.153 real sec
[M::process] read 800000 sequences (80000000 bp)...
[M::mem_process_seqs] Processed 800000 reads in 634.819 CPU sec, 79.031 real sec
[M::process] read 800000 sequences (80000000 bp)...
[M::mem_process_seqs] Processed 800000 reads in 634.361 CPU sec, 78.936 real sec
[M::process] read 745249 sequences (74524900 bp)...
[M::mem_process_seqs] Processed 800000 reads in 634.703 CPU sec, 79.030 real sec
[M::mem_process_seqs] Processed 745249 reads in 588.986 CPU sec, 73.660 real sec
[main] Version: 0.7.15-r1140
[main] CMD: ./bwa mem -t 8 /tmp/data/indexes/HG_index_BWA_default/hsapiens_v37.fa /tmp/data/datasets/gcat_set_039_1.fastq
[main] Real time: 1186.723 sec; CPU: 9483.848 sec

 Performance counter stats for './bwa mem -t 8 /tmp/data/indexes/HG_index_BWA_default/hsapiens_v37.fa /tmp/data/datasets/gcat_set_039_1.fastq':

S0       16         3391843312 cache-misses                                                  (21.15%)
S0       16      6185219054582 cycles                    #    0.000 GHz                      (22.47%)
S0       16      6330334771293 instructions              #   16.20  insns per cycle        
                                             #    0.07  stalled cycles per insn  (28.08%)
S0       16            1398962 cs                                                            (100.00%)
S0       16               4911 migrations                                                    (100.00%)
S0       16             172404 faults                                                      
S0       16    <not supported> bus-cycles              
S0       16      6935015284534 idle-cycles-frontend      #  1774.36% frontend cycles idle     (18.39%)
S0       16      3532817611950 idle-cycles-backend       #  903.89% backend  cycles idle     (16.87%)
S0       16      1806724171207 L1-dcache-loads                                               (22.57%)
S0       16        23946911282 L1-dcache-load-misses     #   19.85% of all L1-dcache hits    (28.19%)
S0       16        25205978170 L1-dcache-stores                                              (28.05%)
S0       16    <not supported> L1-dcache-store-misses  
S0       16                  0 L1-dcache-prefetch-misses                                     (27.83%)
S0       16         3309267401 L1-icache-load-misses                                         (27.73%)
S0       16        28891189324 LLC-loads                                                     (11.12%)
S0       16        13404747773 LLC-stores                                                    (11.14%)
S0       16    <not supported> LLC-prefetches          
S0       16      1894832717425 dTLB-loads                                                    (16.66%)
S0       16         1639759582 dTLB-load-misses          #    1.32% of all dTLB cache hits   (16.44%)
S0       16    <not supported> dTLB-stores             
S0       16    <not supported> dTLB-store-misses       
S0       16      1415885558745 iTLB-loads                                                    (16.03%)
S0       16            9365804 iTLB-load-misses          #    0.01% of all iTLB cache hits   (10.83%)
S0       16       544719772533 branch-loads                                                  (16.44%)
S0       16        31863127435 branch-load-misses                                            (21.91%)
S1       16         2823449615 cache-misses                                                  (22.47%)
S1       16      6200041350382 cycles                    #    0.000 GHz                      (21.94%)
S1       16      6765882023157 instructions              #    0.00  insns per cycle          (28.11%)
S1       16            1204101 cs                                                            (100.00%)
S1       16               1260 migrations                                                    (100.00%)
S1       16             131875 faults                                                      
S1       16    <not supported> bus-cycles              
S1       16      7040068334247 idle-cycles-frontend      #    0.00% frontend cycles idle     (17.21%)
S1       16      3374157909279 idle-cycles-backend       #    0.00% backend  cycles idle     (16.36%)
S1       16      1963218810077 L1-dcache-loads                                               (22.21%)
S1       16        25751982573 L1-dcache-load-misses                                         (26.60%)
S1       16        27384970958 L1-dcache-stores                                              (27.33%)
S1       16    <not supported> L1-dcache-store-misses  
S1       16                  0 L1-dcache-prefetch-misses                                     (26.40%)
S1       16         2685119906 L1-icache-load-misses                                         (26.92%)
S1       16        29478661106 LLC-loads                                                     (12.22%)
S1       16        14733321477 LLC-stores                                                    (11.14%)
S1       16    <not supported> LLC-prefetches          
S1       16      2019275005241 dTLB-loads                                                    (17.02%)
S1       16         1738464101 dTLB-load-misses                                              (17.08%)
S1       16    <not supported> dTLB-stores             
S1       16    <not supported> dTLB-store-misses       
S1       16      1470960830452 iTLB-loads                                                    (16.78%)
S1       16            9193561 iTLB-load-misses                                              (11.13%)
S1       16       564142470921 branch-loads                                                  (16.82%)
S1       16        33034911940 branch-load-misses                                            (22.52%)
S2       16         2781056654 cache-misses                                                  (22.38%)
S2       16      6165994261794 cycles                    #    0.000 GHz                      (21.37%)
S2       16      7164271027614 instructions              #    0.00  insns per cycle          (27.40%)
S2       16            1353312 cs                                                            (100.00%)
S2       16               3014 migrations                                                    (100.00%)
S2       16             180661 faults                                                      
S2       16    <not supported> bus-cycles              
S2       16      6725549340824 idle-cycles-frontend      #    0.00% frontend cycles idle     (16.80%)
S2       16      3197213403512 idle-cycles-backend       #    0.00% backend  cycles idle     (16.46%)
S2       16      2080278947485 L1-dcache-loads                                               (23.02%)
S2       16        27323132826 L1-dcache-load-misses                                         (26.42%)
S2       16        28581583037 L1-dcache-stores                                              (27.67%)
S2       16    <not supported> L1-dcache-store-misses  
S2       16                  0 L1-dcache-prefetch-misses                                     (25.70%)
S2       16         2812303305 L1-icache-load-misses                                         (27.85%)
S2       16        31416774182 LLC-loads                                                     (13.32%)
S2       16        16003957154 LLC-stores                                                    (11.04%)
S2       16    <not supported> LLC-prefetches          
S2       16      2166994605023 dTLB-loads                                                    (17.18%)
S2       16         1835251753 dTLB-load-misses                                              (16.95%)
S2       16    <not supported> dTLB-stores             
S2       16    <not supported> dTLB-store-misses       
S2       16      1566117130291 iTLB-loads                                                    (16.39%)
S2       16            9238201 iTLB-load-misses                                              (11.02%)
S2       16       595858872745 branch-loads                                                  (16.61%)
S2       16        35244763710 branch-load-misses                                            (22.90%)
S3       16         2774721388 cache-misses                                                  (22.10%)
S3       16      6462853019584 cycles                    #    0.000 GHz                      (21.60%)
S3       16      6616539329055 instructions              #    0.00  insns per cycle          (27.27%)
S3       16            1555377 cs                                                            (100.00%)
S3       16               1303 migrations                                                    (100.00%)
S3       16             298601 faults                                                      
S3       16    <not supported> bus-cycles              
S3       16      6981725033184 idle-cycles-frontend      #    0.00% frontend cycles idle     (16.63%)
S3       16      3603125710668 idle-cycles-backend       #    0.00% backend  cycles idle     (16.21%)
S3       16      1869387248493 L1-dcache-loads                                               (22.72%)
S3       16        24131943562 L1-dcache-load-misses                                         (27.18%)
S3       16        26140653089 L1-dcache-stores                                              (27.63%)
S3       16    <not supported> L1-dcache-store-misses  
S3       16                  0 L1-dcache-prefetch-misses                                     (26.75%)
S3       16         2738832284 L1-icache-load-misses                                         (27.73%)
S3       16        28609190749 LLC-loads                                                     (12.00%)
S3       16        13785614852 LLC-stores                                                    (11.07%)
S3       16    <not supported> LLC-prefetches          
S3       16      1886363137235 dTLB-loads                                                    (16.89%)
S3       16         1640364259 dTLB-load-misses                                              (17.08%)
S3       16    <not supported> dTLB-stores             
S3       16    <not supported> dTLB-store-misses       
S3       16      1429538285908 iTLB-loads                                                    (16.98%)
S3       16           10919892 iTLB-load-misses                                              (11.50%)
S3       16       549907834266 branch-loads                                                  (17.05%)
S3       16        32119352138 branch-load-misses                                            (22.90%)

    1186.780761377 seconds time elapsed

#################################################################
# Test multi-threading - 16 threads - T3
#################################################################
2595753.MEM-Scalability.catwoman.t16
[M::bwa_idx_load_from_disk] read 0 ALT contigs
[M::process] read 1600000 sequences (160000000 bp)...
[M::process] read 1600000 sequences (160000000 bp)...
[M::mem_process_seqs] Processed 1600000 reads in 1309.842 CPU sec, 81.783 real sec
[M::process] read 1600000 sequences (160000000 bp)...
[M::mem_process_seqs] Processed 1600000 reads in 1308.249 CPU sec, 81.470 real sec
[M::process] read 1600000 sequences (160000000 bp)...
[M::mem_process_seqs] Processed 1600000 reads in 1303.492 CPU sec, 81.154 real sec
[M::process] read 1600000 sequences (160000000 bp)...
[M::mem_process_seqs] Processed 1600000 reads in 1299.872 CPU sec, 80.893 real sec
[M::process] read 1600000 sequences (160000000 bp)...
[M::mem_process_seqs] Processed 1600000 reads in 1307.149 CPU sec, 81.371 real sec
[M::process] read 1600000 sequences (160000000 bp)...
[M::mem_process_seqs] Processed 1600000 reads in 1302.058 CPU sec, 81.043 real sec
[M::process] read 745249 sequences (74524900 bp)...
[M::mem_process_seqs] Processed 1600000 reads in 1298.335 CPU sec, 80.877 real sec
[M::mem_process_seqs] Processed 745249 reads in 609.007 CPU sec, 37.822 real sec
[main] Version: 0.7.15-r1140
[main] CMD: ./bwa mem -t 16 /tmp/data/indexes/HG_index_BWA_default/hsapiens_v37.fa /tmp/data/datasets/gcat_set_039_1.fastq
[main] Real time: 614.100 sec; CPU: 9745.675 sec

 Performance counter stats for './bwa mem -t 16 /tmp/data/indexes/HG_index_BWA_default/hsapiens_v37.fa /tmp/data/datasets/gcat_set_039_1.fastq':

S0       16         3384044704 cache-misses                                                  (21.79%)
S0       16      6597439592886 cycles                    #    0.000 GHz                      (22.05%)
S0       16      6564324366655 instructions              #   16.49  insns per cycle        
                                             #    0.06  stalled cycles per insn  (27.53%)
S0       16            1714319 cs                                                            (100.00%)
S0       16               1751 migrations                                                    (100.00%)
S0       16             273218 faults                                                      
S0       16    <not supported> bus-cycles              
S0       16      6770572257371 idle-cycles-frontend      #  1701.16% frontend cycles idle     (17.00%)
S0       16      3787527326011 idle-cycles-backend       #  951.64% backend  cycles idle     (16.78%)
S0       16      1873258607704 L1-dcache-loads                                               (22.35%)
S0       16        24937798926 L1-dcache-load-misses     #   20.33% of all L1-dcache hits    (27.77%)
S0       16        26303350626 L1-dcache-stores                                              (27.71%)
S0       16    <not supported> L1-dcache-store-misses  
S0       16                  0 L1-dcache-prefetch-misses                                     (27.75%)
S0       16         3171441655 L1-icache-load-misses                                         (27.76%)
S0       16        28466673436 LLC-loads                                                     (11.20%)
S0       16        13450859726 LLC-stores                                                    (11.27%)
S0       16    <not supported> LLC-prefetches          
S0       16      1832891774193 dTLB-loads                                                    (16.74%)
S0       16         1712640527 dTLB-load-misses          #    1.40% of all dTLB cache hits   (16.77%)
S0       16    <not supported> dTLB-stores             
S0       16    <not supported> dTLB-store-misses       
S0       16      1364398645422 iTLB-loads                                                    (16.59%)
S0       16           29141494 iTLB-load-misses          #    0.03% of all iTLB cache hits   (11.04%)
S0       16       547596231100 branch-loads                                                  (16.41%)
S0       16        32227755295 branch-load-misses                                            (21.96%)
S1       16         2577919484 cache-misses                                                  (21.90%)
S1       16      6318558838354 cycles                    #    0.000 GHz                      (22.22%)
S1       16      6877751715882 instructions              #    0.00  insns per cycle          (27.73%)
S1       16            1201600 cs                                                            (100.00%)
S1       16                584 migrations                                                    (100.00%)
S1       16             208293 faults                                                      
S1       16    <not supported> bus-cycles              
S1       16      6447469319563 idle-cycles-frontend      #    0.00% frontend cycles idle     (17.00%)
S1       16      3472878871112 idle-cycles-backend       #    0.00% backend  cycles idle     (16.68%)
S1       16      1984157506408 L1-dcache-loads                                               (22.17%)
S1       16        25533397194 L1-dcache-load-misses                                         (27.79%)
S1       16        26818817648 L1-dcache-stores                                              (27.85%)
S1       16    <not supported> L1-dcache-store-misses  
S1       16                  0 L1-dcache-prefetch-misses                                     (27.83%)
S1       16         2539937060 L1-icache-load-misses                                         (27.96%)
S1       16        29476839034 LLC-loads                                                     (11.29%)
S1       16        14286756834 LLC-stores                                                    (11.18%)
S1       16    <not supported> LLC-prefetches          
S1       16      2023876028959 dTLB-loads                                                    (16.72%)
S1       16         1891567910 dTLB-load-misses                                              (16.50%)
S1       16    <not supported> dTLB-stores             
S1       16    <not supported> dTLB-store-misses       
S1       16      1465834159075 iTLB-loads                                                    (16.51%)
S1       16           27365967 iTLB-load-misses                                              (10.93%)
S1       16       565012801607 branch-loads                                                  (16.39%)
S1       16        33817706630 branch-load-misses                                            (21.82%)
S2       16         2739148239 cache-misses                                                  (21.83%)
S2       16      6411859889266 cycles                    #    0.000 GHz                      (21.13%)
S2       16      7373152173122 instructions              #    0.00  insns per cycle          (27.39%)
S2       16            1233037 cs                                                            (100.00%)
S2       16               1438 migrations                                                    (100.00%)
S2       16             252125 faults                                                      
S2       16    <not supported> bus-cycles              
S2       16      6623069894427 idle-cycles-frontend      #    0.00% frontend cycles idle     (16.92%)
S2       16      3418463597228 idle-cycles-backend       #    0.00% backend  cycles idle     (16.36%)
S2       16      2127976808831 L1-dcache-loads                                               (22.19%)
S2       16        27061853021 L1-dcache-load-misses                                         (26.89%)
S2       16        28070503383 L1-dcache-stores                                              (27.80%)
S2       16    <not supported> L1-dcache-store-misses  
S2       16                  0 L1-dcache-prefetch-misses                                     (26.93%)
S2       16         2670598377 L1-icache-load-misses                                         (27.30%)
S2       16        30468837706 LLC-loads                                                     (12.21%)
S2       16        14862678533 LLC-stores                                                    (11.56%)
S2       16    <not supported> LLC-prefetches          
S2       16      2069005989544 dTLB-loads                                                    (17.41%)
S2       16         1917758032 dTLB-load-misses                                              (17.20%)
S2       16    <not supported> dTLB-stores             
S2       16    <not supported> dTLB-store-misses       
S2       16      1540998841765 iTLB-loads                                                    (17.01%)
S2       16           29379105 iTLB-load-misses                                              (11.21%)
S2       16       602482334497 branch-loads                                                  (16.64%)
S2       16        35852592548 branch-load-misses                                            (22.05%)
S3       16         2638662938 cache-misses                                                  (22.33%)
S3       16      6144048051879 cycles                    #    0.000 GHz                      (22.00%)
S3       16      6286360993762 instructions              #    0.00  insns per cycle          (27.48%)
S3       16            1382448 cs                                                            (100.00%)
S3       16                923 migrations                                                    (100.00%)
S3       16             370541 faults                                                      
S3       16    <not supported> bus-cycles              
S3       16      6439453025187 idle-cycles-frontend      #    0.00% frontend cycles idle     (16.68%)
S3       16      3651390275554 idle-cycles-backend       #    0.00% backend  cycles idle     (16.48%)
S3       16      1865676079265 L1-dcache-loads                                               (22.03%)
S3       16        24079039936 L1-dcache-load-misses                                         (27.61%)
S3       16        25645995808 L1-dcache-stores                                              (27.65%)
S3       16    <not supported> L1-dcache-store-misses  
S3       16                  0 L1-dcache-prefetch-misses                                     (27.59%)
S3       16         2660780460 L1-icache-load-misses                                         (27.73%)
S3       16        28215131291 LLC-loads                                                     (11.21%)
S3       16        13581687165 LLC-stores                                                    (11.01%)
S3       16    <not supported> LLC-prefetches          
S3       16      1889841895850 dTLB-loads                                                    (16.60%)
S3       16         1736645374 dTLB-load-misses                                              (16.66%)
S3       16    <not supported> dTLB-stores             
S3       16    <not supported> dTLB-store-misses       
S3       16      1407480492601 iTLB-loads                                                    (16.89%)
S3       16           30663437 iTLB-load-misses                                              (11.44%)
S3       16       546289528428 branch-loads                                                  (16.80%)
S3       16        31892451029 branch-load-misses                                            (22.32%)

     614.177965066 seconds time elapsed

#################################################################
# Test multi-threading - 32 threads - T4 
#################################################################
2595753.MEM-Scalability.catwoman.t32
[M::bwa_idx_load_from_disk] read 0 ALT contigs
[M::process] read 3200000 sequences (320000000 bp)...
[M::process] read 3200000 sequences (320000000 bp)...
[M::mem_process_seqs] Processed 3200000 reads in 3077.167 CPU sec, 96.118 real sec
[M::process] read 3200000 sequences (320000000 bp)...
[M::mem_process_seqs] Processed 3200000 reads in 3126.666 CPU sec, 97.380 real sec
[M::process] read 2345249 sequences (234524900 bp)...
[M::mem_process_seqs] Processed 3200000 reads in 3139.457 CPU sec, 97.763 real sec
[M::mem_process_seqs] Processed 2345249 reads in 2277.561 CPU sec, 70.929 real sec
[main] Version: 0.7.15-r1140
[main] CMD: ./bwa mem -t 32 /tmp/data/indexes/HG_index_BWA_default/hsapiens_v37.fa /tmp/data/datasets/gcat_set_039_1.fastq
[main] Real time: 375.474 sec; CPU: 11634.121 sec

 Performance counter stats for './bwa mem -t 32 /tmp/data/indexes/HG_index_BWA_default/hsapiens_v37.fa /tmp/data/datasets/gcat_set_039_1.fastq':

S0       16         2954582621 cache-misses                                                  (22.57%)
S0       16      7466393048852 cycles                    #    0.000 GHz                      (22.41%)
S0       16      6287105809518 instructions              #   13.32  insns per cycle        
                                             #    0.08  stalled cycles per insn  (27.99%)
S0       16            1438761 cs                                                            (100.00%)
S0       16               1618 migrations                                                    (100.00%)
S0       16             341534 faults                                                      
S0       16    <not supported> bus-cycles              
S0       16      7756040187953 idle-cycles-frontend      #  1643.50% frontend cycles idle     (17.74%)
S0       16      4731752881866 idle-cycles-backend       #  1002.65% backend  cycles idle     (16.97%)
S0       16      1802957573209 L1-dcache-loads                                               (22.59%)
S0       16        23603511832 L1-dcache-load-misses     #   19.71% of all L1-dcache hits    (28.39%)
S0       16        24850558142 L1-dcache-stores                                              (28.43%)
S0       16    <not supported> L1-dcache-store-misses  
S0       16                  0 L1-dcache-prefetch-misses                                     (28.08%)
S0       16         2905231377 L1-icache-load-misses                                         (26.89%)
S0       16        28707742512 LLC-loads                                                     (10.89%)
S0       16        13344617875 LLC-stores                                                    (10.91%)
S0       16    <not supported> LLC-prefetches          
S0       16      1878520099036 dTLB-loads                                                    (16.34%)
S0       16         2358184609 dTLB-load-misses          #    1.90% of all dTLB cache hits   (16.44%)
S0       16    <not supported> dTLB-stores             
S0       16    <not supported> dTLB-store-misses       
S0       16      1371787882444 iTLB-loads                                                    (16.34%)
S0       16           94689700 iTLB-load-misses          #    0.10% of all iTLB cache hits   (10.76%)
S0       16       537018520803 branch-loads                                                  (16.43%)
S0       16        31711386336 branch-load-misses                                            (22.01%)
S1       16         2912712276 cache-misses                                                  (22.35%)
S1       16      7441917747985 cycles                    #    0.000 GHz                      (22.64%)
S1       16      7001261788731 instructions              #    0.00  insns per cycle          (28.19%)
S1       16            1328021 cs                                                            (100.00%)
S1       16               1098 migrations                                                    (100.00%)
S1       16             403058 faults                                                      
S1       16    <not supported> bus-cycles              
S1       16      7420272144508 idle-cycles-frontend      #    0.00% frontend cycles idle     (17.07%)
S1       16      4441317113651 idle-cycles-backend       #    0.00% backend  cycles idle     (17.24%)
S1       16      1980329814169 L1-dcache-loads                                               (22.78%)
S1       16        25656169318 L1-dcache-load-misses                                         (28.60%)
S1       16        27020629296 L1-dcache-stores                                              (28.62%)
S1       16    <not supported> L1-dcache-store-misses  
S1       16                  0 L1-dcache-prefetch-misses                                     (28.14%)
S1       16         2882167134 L1-icache-load-misses                                         (27.87%)
S1       16        31075449974 LLC-loads                                                     (10.86%)
S1       16        15086020074 LLC-stores                                                    (10.68%)
S1       16    <not supported> LLC-prefetches          
S1       16      2095636335907 dTLB-loads                                                    (16.33%)
S1       16         2593592239 dTLB-load-misses                                              (16.39%)
S1       16    <not supported> dTLB-stores             
S1       16    <not supported> dTLB-store-misses       
S1       16      1538902093795 iTLB-loads                                                    (16.22%)
S1       16           99514107 iTLB-load-misses                                              (10.55%)
S1       16       595883925617 branch-loads                                                  (16.11%)
S1       16        35142746359 branch-load-misses                                            (21.49%)
S2       16         3079251485 cache-misses                                                  (19.42%)
S2       16      7586108690552 cycles                    #    0.000 GHz                      (19.87%)
S2       16      7376583407951 instructions              #    0.00  insns per cycle          (26.13%)
S2       16            1579674 cs                                                            (100.00%)
S2       16               2629 migrations                                                    (100.00%)
S2       16             537734 faults                                                      
S2       16    <not supported> bus-cycles              
S2       16      7768013351338 idle-cycles-frontend      #    0.00% frontend cycles idle     (21.54%)
S2       16      4435733171343 idle-cycles-backend       #    0.00% backend  cycles idle     (18.31%)
S2       16      2110672975295 L1-dcache-loads                                               (22.84%)
S2       16        27060029545 L1-dcache-load-misses                                         (26.15%)
S2       16        28379568806 L1-dcache-stores                                              (28.46%)
S2       16    <not supported> L1-dcache-store-misses  
S2       16                  0 L1-dcache-prefetch-misses                                     (27.21%)
S2       16         3012457998 L1-icache-load-misses                                         (24.31%)
S2       16        31809754286 LLC-loads                                                     (13.80%)
S2       16        15613706369 LLC-stores                                                    (11.26%)
S2       16    <not supported> LLC-prefetches          
S2       16      2134578873889 dTLB-loads                                                    (17.78%)
S2       16         2642355496 dTLB-load-misses                                              (17.47%)
S2       16    <not supported> dTLB-stores             
S2       16    <not supported> dTLB-store-misses       
S2       16      1575508274508 iTLB-loads                                                    (15.74%)
S2       16          102582149 iTLB-load-misses                                              (10.73%)
S2       16       620846751813 branch-loads                                                  (16.27%)
S2       16        36470959166 branch-load-misses                                            (21.78%)
S3       16         3077776290 cache-misses                                                  (21.71%)
S3       16      7708626411750 cycles                    #    0.000 GHz                      (21.86%)
S3       16      6335041740331 instructions              #    0.00  insns per cycle          (27.97%)
S3       16            1650876 cs                                                            (100.00%)
S3       16               2000 migrations                                                    (100.00%)
S3       16             742217 faults                                                      
S3       16    <not supported> bus-cycles              
S3       16      7535886253784 idle-cycles-frontend      #    0.00% frontend cycles idle     (18.49%)
S3       16      4689706405657 idle-cycles-backend       #    0.00% backend  cycles idle     (17.84%)
S3       16      1769427270791 L1-dcache-loads                                               (23.61%)
S3       16        23552346587 L1-dcache-load-misses                                         (29.04%)
S3       16        25213342229 L1-dcache-stores                                              (28.41%)
S3       16    <not supported> L1-dcache-store-misses  
S3       16                  0 L1-dcache-prefetch-misses                                     (28.06%)
S3       16         2995949605 L1-icache-load-misses                                         (26.66%)
S3       16        28468399641 LLC-loads                                                     (10.97%)
S3       16        13306710355 LLC-stores                                                    (11.06%)
S3       16    <not supported> LLC-prefetches          
S3       16      1836848036353 dTLB-loads                                                    (16.53%)
S3       16         2375722893 dTLB-load-misses                                              (16.41%)
S3       16    <not supported> dTLB-stores             
S3       16    <not supported> dTLB-store-misses       
S3       16      1368372866938 iTLB-loads                                                    (16.23%)
S3       16          100632709 iTLB-load-misses                                              (10.73%)
S3       16       534849549610 branch-loads                                                  (16.18%)
S3       16        31764062847 branch-load-misses                                            (21.34%)

     375.634421243 seconds time elapsed

#################################################################
# Test multi-threading - 48 threads - T5
#################################################################
2595753.MEM-Scalability.catwoman.t48
[M::bwa_idx_load_from_disk] read 0 ALT contigs
[M::process] read 4800000 sequences (480000000 bp)...
[M::process] read 4800000 sequences (480000000 bp)...
[M::mem_process_seqs] Processed 4800000 reads in 6434.420 CPU sec, 134.288 real sec
[M::process] read 2345249 sequences (234524900 bp)...
[M::mem_process_seqs] Processed 4800000 reads in 6597.907 CPU sec, 137.173 real sec
[M::mem_process_seqs] Processed 2345249 reads in 3292.640 CPU sec, 68.298 real sec
[main] Version: 0.7.15-r1140
[main] CMD: ./bwa mem -t 48 /tmp/data/indexes/HG_index_BWA_default/hsapiens_v37.fa /tmp/data/datasets/gcat_set_039_1.fastq
[main] Real time: 355.109 sec; CPU: 16340.282 sec

 Performance counter stats for './bwa mem -t 48 /tmp/data/indexes/HG_index_BWA_default/hsapiens_v37.fa /tmp/data/datasets/gcat_set_039_1.fastq':

S0       16         2915988761 cache-misses                                                  (22.34%)
S0       16     10233549650664 cycles                    #    0.000 GHz                      (22.67%)
S0       16      6403390845357 instructions              #    9.79  insns per cycle        
                                             #    0.04  stalled cycles per insn  (28.22%)
S0       16            1617567 cs                                                            (100.00%)
S0       16               3526 migrations                                                    (100.00%)
S0       16             562136 faults                                                      
S0       16    <not supported> bus-cycles              
S0       16      3915696993197 idle-cycles-frontend      #  598.71% frontend cycles idle     (17.46%)
S0       16      4369409925743 idle-cycles-backend       #  668.08% backend  cycles idle     (16.48%)
S0       16      1881159375626 L1-dcache-loads                                               (21.92%)
S0       16        25407564718 L1-dcache-load-misses     #   21.32% of all L1-dcache hits    (27.29%)
S0       16        26842558030 L1-dcache-stores                                              (27.56%)
S0       16    <not supported> L1-dcache-store-misses  
S0       16                  0 L1-dcache-prefetch-misses                                     (27.24%)
S0       16         3056225482 L1-icache-load-misses                                         (27.16%)
S0       16        30236513934 LLC-loads                                                     (10.88%)
S0       16        13746746279 LLC-stores                                                    (11.05%)
S0       16    <not supported> LLC-prefetches          
S0       16      1899878252138 dTLB-loads                                                    (16.51%)
S0       16         3454016845 dTLB-load-misses          #    2.76% of all dTLB cache hits   (16.73%)
S0       16    <not supported> dTLB-stores             
S0       16    <not supported> dTLB-store-misses       
S0       16      1382957833567 iTLB-loads                                                    (16.75%)
S0       16          179418058 iTLB-load-misses          #    0.20% of all iTLB cache hits   (11.26%)
S0       16       526856590627 branch-loads                                                  (16.98%)
S0       16        32107753668 branch-load-misses                                            (22.65%)
S1       16         2705459107 cache-misses                                                  (22.04%)
S1       16     10644671579930 cycles                    #    0.000 GHz                      (22.32%)
S1       16      6165696005052 instructions              #    0.00  insns per cycle          (28.35%)
S1       16            1477507 cs                                                            (100.00%)
S1       16               1993 migrations                                                    (100.00%)
S1       16             482266 faults                                                      
S1       16    <not supported> bus-cycles              
S1       16      3816183294380 idle-cycles-frontend      #    0.00% frontend cycles idle     (17.50%)
S1       16      4251835947350 idle-cycles-backend       #    0.00% backend  cycles idle     (17.73%)
S1       16      1706560188656 L1-dcache-loads                                               (23.43%)
S1       16        22748056305 L1-dcache-load-misses                                         (29.08%)
S1       16        24428893936 L1-dcache-stores                                              (28.41%)
S1       16    <not supported> L1-dcache-store-misses  
S1       16                  0 L1-dcache-prefetch-misses                                     (28.14%)
S1       16         2691722085 L1-icache-load-misses                                         (27.69%)
S1       16        28698062431 LLC-loads                                                     (10.80%)
S1       16        13628421237 LLC-stores                                                    (10.68%)
S1       16    <not supported> LLC-prefetches          
S1       16      1872546936276 dTLB-loads                                                    (16.11%)
S1       16         3531316231 dTLB-load-misses                                              (15.95%)
S1       16    <not supported> dTLB-stores             
S1       16    <not supported> dTLB-store-misses       
S1       16      1364606865161 iTLB-loads                                                    (16.21%)
S1       16          181567818 iTLB-load-misses                                              (10.95%)
S1       16       520201833863 branch-loads                                                  (16.48%)
S1       16        31874223642 branch-load-misses                                            (21.98%)
S2       16         3097014704 cache-misses                                                  (22.30%)
S2       16     10670549350334 cycles                    #    0.000 GHz                      (19.44%)
S2       16      6787303840878 instructions              #    0.00  insns per cycle          (27.33%)
S2       16            1823420 cs                                                            (100.00%)
S2       16               3373 migrations                                                    (100.00%)
S2       16             756845 faults                                                      
S2       16    <not supported> bus-cycles              
S2       16      3732149489150 idle-cycles-frontend      #    0.00% frontend cycles idle     (19.31%)
S2       16      4196191496259 idle-cycles-backend       #    0.00% backend  cycles idle     (17.19%)
S2       16      1940321168107 L1-dcache-loads                                               (23.47%)
S2       16        25497933804 L1-dcache-load-misses                                         (26.13%)
S2       16        26978958027 L1-dcache-stores                                              (28.22%)
S2       16    <not supported> L1-dcache-store-misses  
S2       16                  0 L1-dcache-prefetch-misses                                     (24.15%)
S2       16         3110662947 L1-icache-load-misses                                         (24.60%)
S2       16        31268641814 LLC-loads                                                     (14.30%)
S2       16        14868680760 LLC-stores                                                    (11.48%)
S2       16    <not supported> LLC-prefetches          
S2       16      2004758554062 dTLB-loads                                                    (18.42%)
S2       16         3624412791 dTLB-load-misses                                              (18.26%)
S2       16    <not supported> dTLB-stores             
S2       16    <not supported> dTLB-store-misses       
S2       16      1429397705317 iTLB-loads                                                    (17.00%)
S2       16          197716311 iTLB-load-misses                                              (11.29%)
S2       16       568567104858 branch-loads                                                  (16.89%)
S2       16        34588909437 branch-load-misses                                            (22.39%)
S3       16         3341910859 cache-misses                                                  (22.13%)
S3       16     10308797707238 cycles                    #    0.000 GHz                      (22.51%)
S3       16      7378981796857 instructions              #    0.00  insns per cycle          (28.35%)
S3       16            1921351 cs                                                            (100.00%)
S3       16               2727 migrations                                                    (100.00%)
S3       16            1136470 faults                                                      
S3       16    <not supported> bus-cycles              
S3       16      4014561835005 idle-cycles-frontend      #    0.00% frontend cycles idle     (17.47%)
S3       16      3890509833729 idle-cycles-backend       #    0.00% backend  cycles idle     (17.32%)
S3       16      2099597808579 L1-dcache-loads                                               (22.89%)
S3       16        27874882229 L1-dcache-load-misses                                         (28.31%)
S3       16        30047914247 L1-dcache-stores                                              (28.03%)
S3       16    <not supported> L1-dcache-store-misses  
S3       16                  0 L1-dcache-prefetch-misses                                     (27.85%)
S3       16         3305362451 L1-icache-load-misses                                         (27.65%)
S3       16        34778726419 LLC-loads                                                     (10.83%)
S3       16        16863763185 LLC-stores                                                    (10.83%)
S3       16    <not supported> LLC-prefetches          
S3       16      2220523435218 dTLB-loads                                                    (16.23%)
S3       16         3941167171 dTLB-load-misses                                              (16.28%)
S3       16    <not supported> dTLB-stores             
S3       16    <not supported> dTLB-store-misses       
S3       16      1623992851345 iTLB-loads                                                    (16.22%)
S3       16          207810651 iTLB-load-misses                                              (10.90%)
S3       16       633046181633 branch-loads                                                  (16.29%)
S3       16        38052637021 branch-load-misses                                            (21.79%)

     355.350649651 seconds time elapsed

#################################################################
# Test multi-threading - 64 threads - T6
#################################################################

[M::bwa_idx_load_from_disk] read 0 ALT contigs
[M::process] read 6400000 sequences (640000000 bp)...
[M::process] read 5545249 sequences (554524900 bp)...
[M::mem_process_seqs] Processed 6400000 reads in 9418.492 CPU sec, 184.967 real sec
[M::mem_process_seqs] Processed 5545249 reads in 9895.333 CPU sec, 155.471 real sec
[main] Version: 0.7.15-r1140
[main] CMD: ./bwa mem -t 64 /tmp/data/indexes/HG_index_BWA_default/hsapiens_v37.fa /tmp/data/datasets/gcat_set_039_1.fastq
[main] Real time: 363.948 sec; CPU: 19337.322 sec

 Performance counter stats for './bwa mem -t 64 /tmp/data/indexes/HG_index_BWA_default/hsapiens_v37.fa /tmp/data/datasets/gcat_set_039_1.fastq':

S0       16         3017267891 cache-misses                                                  (21.63%)
S0       16     12740501012719 cycles                    #    0.000 GHz                      (22.30%)
S0       16      4125204644402 instructions              #    5.35  insns per cycle        
                                             #    0.06  stalled cycles per insn  (27.93%)
S0       16            2411094 cs                                                            (100.00%)
S0       16              27974 migrations                                                    (100.00%)
S0       16             516650 faults                                                      
S0       16    <not supported> bus-cycles              
S0       16      1579345176697 idle-cycles-frontend      #  204.96% frontend cycles idle     (17.66%)
S0       16      4977116261135 idle-cycles-backend       #  645.89% backend  cycles idle     (16.82%)
S0       16      1199441543298 L1-dcache-loads                                               (22.44%)
S0       16        16760638986 L1-dcache-load-misses     #   13.92% of all L1-dcache hits    (28.05%)
S0       16        17780043156 L1-dcache-stores                                              (28.06%)
S0       16    <not supported> L1-dcache-store-misses  
S0       16                  0 L1-dcache-prefetch-misses                                     (28.05%)
S0       16         2954698121 L1-icache-load-misses                                         (28.06%)
S0       16        21040329889 LLC-loads                                                     (11.08%)
S0       16         9436026890 LLC-stores                                                    (10.98%)
S0       16    <not supported> LLC-prefetches          
S0       16      1224380396916 dTLB-loads                                                    (16.46%)
S0       16         2821890884 dTLB-load-misses          #    2.28% of all dTLB cache hits   (16.44%)
S0       16    <not supported> dTLB-stores             
S0       16    <not supported> dTLB-store-misses       
S0       16       901870275401 iTLB-loads                                                    (16.11%)
S0       16          228123171 iTLB-load-misses          #    0.25% of all iTLB cache hits   (10.88%)
S0       16       349602759039 branch-loads                                                  (16.35%)
S0       16        21636572176 branch-load-misses                                            (21.83%)
S1       16         3999885333 cache-misses                                                  (21.30%)
S1       16     12080715587614 cycles                    #    0.000 GHz                      (22.28%)
S1       16      8356922275571 instructions              #    0.00  insns per cycle          (28.05%)
S1       16            3150288 cs                                                            (100.00%)
S1       16              41111 migrations                                                    (100.00%)
S1       16            1052931 faults                                                      
S1       16    <not supported> bus-cycles              
S1       16      1962405322092 idle-cycles-frontend      #    0.00% frontend cycles idle     (17.88%)
S1       16      3278496277432 idle-cycles-backend       #    0.00% backend  cycles idle     (17.01%)
S1       16      2383341419666 L1-dcache-loads                                               (22.61%)
S1       16        31628520462 L1-dcache-load-misses                                         (28.26%)
S1       16        33464426605 L1-dcache-stores                                              (28.19%)
S1       16    <not supported> L1-dcache-store-misses  
S1       16                  0 L1-dcache-prefetch-misses                                     (28.10%)
S1       16         3975151618 L1-icache-load-misses                                         (27.93%)
S1       16        38778055983 LLC-loads                                                     (10.89%)
S1       16        18521279321 LLC-stores                                                    (10.91%)
S1       16    <not supported> LLC-prefetches          
S1       16      2459201161322 dTLB-loads                                                    (16.43%)
S1       16         4721935527 dTLB-load-misses                                              (16.39%)
S1       16    <not supported> dTLB-stores             
S1       16    <not supported> dTLB-store-misses       
S1       16      1807779986799 iTLB-loads                                                    (16.43%)
S1       16          273690410 iTLB-load-misses                                              (10.88%)
S1       16       703271300753 branch-loads                                                  (16.39%)
S1       16        43548970897 branch-load-misses                                            (21.74%)
S2       16         3857685837 cache-misses                                                  (22.14%)
S2       16     12100547367517 cycles                    #    0.000 GHz                      (20.09%)
S2       16      8073511723960 instructions              #    0.00  insns per cycle          (27.24%)
S2       16            3355218 cs                                                            (100.00%)
S2       16              44784 migrations                                                    (100.00%)
S2       16            1078087 faults                                                      
S2       16    <not supported> bus-cycles              
S2       16      1948599878803 idle-cycles-frontend      #    0.00% frontend cycles idle     (18.44%)
S2       16      3368226081124 idle-cycles-backend       #    0.00% backend  cycles idle     (17.63%)
S2       16      2313756988808 L1-dcache-loads                                               (23.14%)
S2       16        30890490561 L1-dcache-load-misses                                         (26.47%)
S2       16        32840255592 L1-dcache-stores                                              (27.78%)
S2       16    <not supported> L1-dcache-store-misses  
S2       16                  0 L1-dcache-prefetch-misses                                     (25.89%)
S2       16         3828349381 L1-icache-load-misses                                         (25.51%)
S2       16        36445461643 LLC-loads                                                     (13.99%)
S2       16        17882696150 LLC-stores                                                    (11.75%)
S2       16    <not supported> LLC-prefetches          
S2       16      2354704174213 dTLB-loads                                                    (18.26%)
S2       16         4542437678 dTLB-load-misses                                              (17.44%)
S2       16    <not supported> dTLB-stores             
S2       16    <not supported> dTLB-store-misses       
S2       16      1744903090226 iTLB-loads                                                    (16.12%)
S2       16          268408878 iTLB-load-misses                                              (11.01%)
S2       16       671575568850 branch-loads                                                  (16.58%)
S2       16        41269815531 branch-load-misses                                            (22.18%)
S3       16         3494621336 cache-misses                                                  (21.99%)
S3       16     12395378932722 cycles                    #    0.000 GHz                      (22.39%)
S3       16      6336819230877 instructions              #    0.00  insns per cycle          (28.19%)
S3       16            2926350 cs                                                            (100.00%)
S3       16              30436 migrations                                                    (100.00%)
S3       16            1199324 faults                                                      
S3       16    <not supported> bus-cycles              
S3       16      1737223172138 idle-cycles-frontend      #    0.00% frontend cycles idle     (17.28%)
S3       16      4056549614642 idle-cycles-backend       #    0.00% backend  cycles idle     (17.10%)
S3       16      1812002952337 L1-dcache-loads                                               (22.74%)
S3       16        24621520333 L1-dcache-load-misses                                         (28.39%)
S3       16        26330842610 L1-dcache-stores                                              (28.16%)
S3       16    <not supported> L1-dcache-store-misses  
S3       16                  0 L1-dcache-prefetch-misses                                     (28.01%)
S3       16         3437405875 L1-icache-load-misses                                         (27.89%)
S3       16        30800953746 LLC-loads                                                     (10.93%)
S3       16        14351804811 LLC-stores                                                    (10.92%)
S3       16    <not supported> LLC-prefetches          
S3       16      1896034802741 dTLB-loads                                                    (16.36%)
S3       16         3880950783 dTLB-load-misses                                              (16.38%)
S3       16    <not supported> dTLB-stores             
S3       16    <not supported> dTLB-store-misses       
S3       16      1398211742128 iTLB-loads                                                    (16.30%)
S3       16          263686053 iTLB-load-misses                                              (10.82%)
S3       16       546199375750 branch-loads                                                  (16.24%)
S3       16        33346189199 branch-load-misses                                            (21.73%)

     364.348812821 seconds time elapsed

#################################################################
# Test multi-threading - 64 threads - T6
#################################################################
