mkdir: cannot create directory `/scratch/077-hpca4se-bioinf/jlenis/results/MEM-Scalability': File exists
> Benchmarks for BWA 0.7.15: gcat_set_039_1
catwoman
#################################################################
# Warm up - 64 threads - T1
#################################################################
WarmUp.2595749.MEM-Scalability.catwoman.t64
[M::bwa_idx_load_from_disk] read 0 ALT contigs
[M::process] read 6400000 sequences (640000000 bp)...
[M::process] read 5545249 sequences (554524900 bp)...
[M::mem_process_seqs] Processed 6400000 reads in 9808.201 CPU sec, 191.984 real sec
[M::mem_process_seqs] Processed 5545249 reads in 10311.587 CPU sec, 163.427 real sec
[main] Version: 0.7.15-r1140
[main] CMD: ./bwa mem -t 64 /tmp/data/indexes/HG_index_BWA_default/hsapiens_v37.fa /tmp/data/datasets/gcat_set_039_1.fastq
[main] Real time: 415.525 sec; CPU: 20144.139 sec
#################################################################
# Test multi-threading - 8 threads - T2
#################################################################
2595749.MEM-Scalability.catwoman.t8
[M::bwa_idx_load_from_disk] read 0 ALT contigs
[M::process] read 800000 sequences (80000000 bp)...
[M::process] read 800000 sequences (80000000 bp)...
[M::mem_process_seqs] Processed 800000 reads in 633.517 CPU sec, 79.073 real sec
[M::process] read 800000 sequences (80000000 bp)...
[M::mem_process_seqs] Processed 800000 reads in 632.956 CPU sec, 78.801 real sec
[M::process] read 800000 sequences (80000000 bp)...
[M::mem_process_seqs] Processed 800000 reads in 635.360 CPU sec, 79.091 real sec
[M::process] read 800000 sequences (80000000 bp)...
[M::mem_process_seqs] Processed 800000 reads in 632.510 CPU sec, 78.736 real sec
[M::process] read 800000 sequences (80000000 bp)...
[M::mem_process_seqs] Processed 800000 reads in 637.142 CPU sec, 79.320 real sec
[M::process] read 800000 sequences (80000000 bp)...
[M::mem_process_seqs] Processed 800000 reads in 649.112 CPU sec, 80.847 real sec
[M::process] read 800000 sequences (80000000 bp)...
[M::mem_process_seqs] Processed 800000 reads in 633.623 CPU sec, 78.869 real sec
[M::process] read 800000 sequences (80000000 bp)...
[M::mem_process_seqs] Processed 800000 reads in 632.923 CPU sec, 78.786 real sec
[M::process] read 800000 sequences (80000000 bp)...
[M::mem_process_seqs] Processed 800000 reads in 637.782 CPU sec, 79.388 real sec
[M::process] read 800000 sequences (80000000 bp)...
[M::mem_process_seqs] Processed 800000 reads in 633.769 CPU sec, 78.873 real sec
[M::process] read 800000 sequences (80000000 bp)...
[M::mem_process_seqs] Processed 800000 reads in 643.469 CPU sec, 80.093 real sec
[M::process] read 800000 sequences (80000000 bp)...
[M::mem_process_seqs] Processed 800000 reads in 637.345 CPU sec, 79.321 real sec
[M::process] read 800000 sequences (80000000 bp)...
[M::mem_process_seqs] Processed 800000 reads in 635.230 CPU sec, 79.040 real sec
[M::process] read 745249 sequences (74524900 bp)...
[M::mem_process_seqs] Processed 800000 reads in 633.186 CPU sec, 78.842 real sec
[M::mem_process_seqs] Processed 745249 reads in 590.282 CPU sec, 73.808 real sec
[main] Version: 0.7.15-r1140
[main] CMD: ./bwa mem -t 8 /tmp/data/indexes/HG_index_BWA_default/hsapiens_v37.fa /tmp/data/datasets/gcat_set_039_1.fastq
[main] Real time: 1191.245 sec; CPU: 9504.863 sec

 Performance counter stats for './bwa mem -t 8 /tmp/data/indexes/HG_index_BWA_default/hsapiens_v37.fa /tmp/data/datasets/gcat_set_039_1.fastq':

S0       16         3286947406 cache-misses                                                  (21.89%)
S0       16      6695943797136 cycles                    #    0.000 GHz                      (22.22%)
S0       16      6439640496081 instructions              #   15.52  insns per cycle        
                                             #    0.07  stalled cycles per insn  (27.68%)
S0       16            1495601 cs                                                            (100.00%)
S0       16               4586 migrations                                                    (100.00%)
S0       16             188916 faults                                                      
S0       16    <not supported> bus-cycles              
S0       16      7372088184545 idle-cycles-frontend      #  1776.44% frontend cycles idle     (17.22%)
S0       16      3873594979456 idle-cycles-backend       #  933.41% backend  cycles idle     (16.49%)
S0       16      1925229398972 L1-dcache-loads                                               (22.07%)
S0       16        25613995613 L1-dcache-load-misses     #   20.38% of all L1-dcache hits    (27.19%)
S0       16        26915365334 L1-dcache-stores                                              (27.62%)
S0       16    <not supported> L1-dcache-store-misses  
S0       16                  0 L1-dcache-prefetch-misses                                     (27.58%)
S0       16         3278398197 L1-icache-load-misses                                         (27.24%)
S0       16        28998250430 LLC-loads                                                     (11.20%)
S0       16        13661457368 LLC-stores                                                    (11.26%)
S0       16    <not supported> LLC-prefetches          
S0       16      1880599849682 dTLB-loads                                                    (16.86%)
S0       16         1588160241 dTLB-load-misses          #    1.26% of all dTLB cache hits   (16.81%)
S0       16    <not supported> dTLB-stores             
S0       16    <not supported> dTLB-store-misses       
S0       16      1382901994073 iTLB-loads                                                    (16.87%)
S0       16            9550719 iTLB-load-misses          #    0.01% of all iTLB cache hits   (11.22%)
S0       16       541074902246 branch-loads                                                  (16.83%)
S0       16        31434271660 branch-load-misses                                            (22.39%)
S1       16         2903688725 cache-misses                                                  (22.25%)
S1       16      6624843390636 cycles                    #    0.000 GHz                      (22.03%)
S1       16      6940358274639 instructions              #    0.00  insns per cycle          (27.74%)
S1       16            1259388 cs                                                            (100.00%)
S1       16               1802 migrations                                                    (100.00%)
S1       16             163705 faults                                                      
S1       16    <not supported> bus-cycles              
S1       16      7067081012430 idle-cycles-frontend      #    0.00% frontend cycles idle     (17.51%)
S1       16      3497290088508 idle-cycles-backend       #    0.00% backend  cycles idle     (16.94%)
S1       16      2006887920348 L1-dcache-loads                                               (22.47%)
S1       16        25421527882 L1-dcache-load-misses                                         (28.06%)
S1       16        26637857762 L1-dcache-stores                                              (28.01%)
S1       16    <not supported> L1-dcache-store-misses  
S1       16                  0 L1-dcache-prefetch-misses                                     (27.89%)
S1       16         2848496895 L1-icache-load-misses                                         (26.78%)
S1       16        29727185475 LLC-loads                                                     (11.25%)
S1       16        14478432050 LLC-stores                                                    (11.27%)
S1       16    <not supported> LLC-prefetches          
S1       16      2074175414787 dTLB-loads                                                    (16.67%)
S1       16         1737869199 dTLB-load-misses                                              (16.59%)
S1       16    <not supported> dTLB-stores             
S1       16    <not supported> dTLB-store-misses       
S1       16      1495185670612 iTLB-loads                                                    (16.53%)
S1       16            9337894 iTLB-load-misses                                              (10.96%)
S1       16       580955453361 branch-loads                                                  (16.51%)
S1       16        34085235477 branch-load-misses                                            (21.94%)
S2       16         3236379416 cache-misses                                                  (21.56%)
S2       16      6818812502575 cycles                    #    0.000 GHz                      (20.45%)
S2       16      7355910960773 instructions              #    0.00  insns per cycle          (26.62%)
S2       16            1693791 cs                                                            (100.00%)
S2       16               2228 migrations                                                    (100.00%)
S2       16             211771 faults                                                      
S2       16    <not supported> bus-cycles              
S2       16      7200563934134 idle-cycles-frontend      #    0.00% frontend cycles idle     (19.58%)
S2       16      3443397153810 idle-cycles-backend       #    0.00% backend  cycles idle     (17.13%)
S2       16      2156158406079 L1-dcache-loads                                               (22.35%)
S2       16        27076753212 L1-dcache-load-misses                                         (26.67%)
S2       16        29518621526 L1-dcache-stores                                              (28.12%)
S2       16    <not supported> L1-dcache-store-misses  
S2       16                  0 L1-dcache-prefetch-misses                                     (27.12%)
S2       16         3123040832 L1-icache-load-misses                                         (25.36%)
S2       16        32599796825 LLC-loads                                                     (12.73%)
S2       16        15798852822 LLC-stores                                                    (11.41%)
S2       16    <not supported> LLC-prefetches          
S2       16      2170972271011 dTLB-loads                                                    (17.80%)
S2       16         1758943694 dTLB-load-misses                                              (17.48%)
S2       16    <not supported> dTLB-stores             
S2       16    <not supported> dTLB-store-misses       
S2       16      1559813660302 iTLB-loads                                                    (16.15%)
S2       16            9668857 iTLB-load-misses                                              (11.03%)
S2       16       633719844958 branch-loads                                                  (16.44%)
S2       16        36908414536 branch-load-misses                                            (21.65%)
S3       16         2816234967 cache-misses                                                  (22.58%)
S3       16      6419917659318 cycles                    #    0.000 GHz                      (22.54%)
S3       16      6372595708743 instructions              #    0.00  insns per cycle          (28.17%)
S3       16            1332886 cs                                                            (100.00%)
S3       16               1582 migrations                                                    (100.00%)
S3       16             246028 faults                                                      
S3       16    <not supported> bus-cycles              
S3       16      6509243719309 idle-cycles-frontend      #    0.00% frontend cycles idle     (16.89%)
S3       16      3684467945759 idle-cycles-backend       #    0.00% backend  cycles idle     (16.94%)
S3       16      1955211750313 L1-dcache-loads                                               (22.49%)
S3       16        25259992368 L1-dcache-load-misses                                         (27.84%)
S3       16        26668759357 L1-dcache-stores                                              (27.77%)
S3       16    <not supported> L1-dcache-store-misses  
S3       16                  0 L1-dcache-prefetch-misses                                     (27.60%)
S3       16         3041734403 L1-icache-load-misses                                         (27.45%)
S3       16        29976563522 LLC-loads                                                     (10.78%)
S3       16        14199389260 LLC-stores                                                    (10.78%)
S3       16    <not supported> LLC-prefetches          
S3       16      1970531886402 dTLB-loads                                                    (16.52%)
S3       16         1633943006 dTLB-load-misses                                              (16.70%)
S3       16    <not supported> dTLB-stores             
S3       16    <not supported> dTLB-store-misses       
S3       16      1401720000227 iTLB-loads                                                    (16.66%)
S3       16           10683093 iTLB-load-misses                                              (11.09%)
S3       16       534047327282 branch-loads                                                  (16.65%)
S3       16        31050481587 branch-load-misses                                            (22.31%)

    1191.287480654 seconds time elapsed

#################################################################
# Test multi-threading - 16 threads - T3
#################################################################
2595749.MEM-Scalability.catwoman.t16
[M::bwa_idx_load_from_disk] read 0 ALT contigs
[M::process] read 1600000 sequences (160000000 bp)...
[M::process] read 1600000 sequences (160000000 bp)...
[M::mem_process_seqs] Processed 1600000 reads in 1313.194 CPU sec, 81.979 real sec
[M::process] read 1600000 sequences (160000000 bp)...
[M::mem_process_seqs] Processed 1600000 reads in 1308.884 CPU sec, 81.492 real sec
[M::process] read 1600000 sequences (160000000 bp)...
[M::mem_process_seqs] Processed 1600000 reads in 1313.508 CPU sec, 81.748 real sec
[M::process] read 1600000 sequences (160000000 bp)...
[M::mem_process_seqs] Processed 1600000 reads in 1305.083 CPU sec, 81.259 real sec
[M::process] read 1600000 sequences (160000000 bp)...
[M::mem_process_seqs] Processed 1600000 reads in 1311.180 CPU sec, 81.589 real sec
[M::process] read 1600000 sequences (160000000 bp)...
[M::mem_process_seqs] Processed 1600000 reads in 1307.120 CPU sec, 81.334 real sec
[M::process] read 745249 sequences (74524900 bp)...
[M::mem_process_seqs] Processed 1600000 reads in 1303.651 CPU sec, 81.196 real sec
[M::mem_process_seqs] Processed 745249 reads in 608.501 CPU sec, 37.810 real sec
[main] Version: 0.7.15-r1140
[main] CMD: ./bwa mem -t 16 /tmp/data/indexes/HG_index_BWA_default/hsapiens_v37.fa /tmp/data/datasets/gcat_set_039_1.fastq
[main] Real time: 616.098 sec; CPU: 9778.791 sec

 Performance counter stats for './bwa mem -t 16 /tmp/data/indexes/HG_index_BWA_default/hsapiens_v37.fa /tmp/data/datasets/gcat_set_039_1.fastq':

S0       16         2970213676 cache-misses                                                  (22.26%)
S0       16      6477516527699 cycles                    #    0.000 GHz                      (22.17%)
S0       16      6456020616334 instructions              #   16.19  insns per cycle        
                                             #    0.07  stalled cycles per insn  (27.79%)
S0       16            1432999 cs                                                            (100.00%)
S0       16               2006 migrations                                                    (100.00%)
S0       16             185073 faults                                                      
S0       16    <not supported> bus-cycles              
S0       16      6753221908994 idle-cycles-frontend      #  1693.53% frontend cycles idle     (16.72%)
S0       16      3768824567122 idle-cycles-backend       #  945.12% backend  cycles idle     (16.70%)
S0       16      1844382923253 L1-dcache-loads                                               (22.37%)
S0       16        24501916862 L1-dcache-load-misses     #   20.20% of all L1-dcache hits    (28.00%)
S0       16        25714931346 L1-dcache-stores                                              (28.00%)
S0       16    <not supported> L1-dcache-store-misses  
S0       16                  0 L1-dcache-prefetch-misses                                     (28.07%)
S0       16         2999710015 L1-icache-load-misses                                         (28.05%)
S0       16        28967477523 LLC-loads                                                     (10.81%)
S0       16        13509474177 LLC-stores                                                    (10.81%)
S0       16    <not supported> LLC-prefetches          
S0       16      1869005728813 dTLB-loads                                                    (16.40%)
S0       16         1771380383 dTLB-load-misses          #    1.44% of all dTLB cache hits   (16.53%)
S0       16    <not supported> dTLB-stores             
S0       16    <not supported> dTLB-store-misses       
S0       16      1349059572636 iTLB-loads                                                    (16.67%)
S0       16           29073127 iTLB-load-misses          #    0.03% of all iTLB cache hits   (11.21%)
S0       16       530528466493 branch-loads                                                  (16.74%)
S0       16        31323808838 branch-load-misses                                            (22.24%)
S1       16         2660028243 cache-misses                                                  (21.75%)
S1       16      6340263953251 cycles                    #    0.000 GHz                      (22.10%)
S1       16      6848988830443 instructions              #    0.00  insns per cycle          (27.89%)
S1       16            1326194 cs                                                            (100.00%)
S1       16               1001 migrations                                                    (100.00%)
S1       16             225954 faults                                                      
S1       16    <not supported> bus-cycles              
S1       16      6950052099179 idle-cycles-frontend      #    0.00% frontend cycles idle     (17.27%)
S1       16      3466253502709 idle-cycles-backend       #    0.00% backend  cycles idle     (17.20%)
S1       16      1966270764823 L1-dcache-loads                                               (22.79%)
S1       16        25445289969 L1-dcache-load-misses                                         (28.49%)
S1       16        26930420396 L1-dcache-stores                                              (28.22%)
S1       16    <not supported> L1-dcache-store-misses  
S1       16                  0 L1-dcache-prefetch-misses                                     (27.69%)
S1       16         2675228191 L1-icache-load-misses                                         (27.75%)
S1       16        30341620901 LLC-loads                                                     (11.33%)
S1       16        14780997845 LLC-stores                                                    (11.09%)
S1       16    <not supported> LLC-prefetches          
S1       16      2044798950522 dTLB-loads                                                    (16.64%)
S1       16         1932449823 dTLB-load-misses                                              (16.30%)
S1       16    <not supported> dTLB-stores             
S1       16    <not supported> dTLB-store-misses       
S1       16      1492244218220 iTLB-loads                                                    (16.56%)
S1       16           30547368 iTLB-load-misses                                              (10.97%)
S1       16       573988882592 branch-loads                                                  (16.45%)
S1       16        33914299072 branch-load-misses                                            (21.89%)
S2       16         2712469424 cache-misses                                                  (20.92%)
S2       16      6415273082894 cycles                    #    0.000 GHz                      (21.14%)
S2       16      7337544243790 instructions              #    0.00  insns per cycle          (27.32%)
S2       16            1282990 cs                                                            (100.00%)
S2       16               2029 migrations                                                    (100.00%)
S2       16             373612 faults                                                      
S2       16    <not supported> bus-cycles              
S2       16      6639352910517 idle-cycles-frontend      #    0.00% frontend cycles idle     (18.54%)
S2       16      3356850667863 idle-cycles-backend       #    0.00% backend  cycles idle     (15.57%)
S2       16      2075185421251 L1-dcache-loads                                               (23.50%)
S2       16        26882565110 L1-dcache-load-misses                                         (27.67%)
S2       16        28372849621 L1-dcache-stores                                              (27.99%)
S2       16    <not supported> L1-dcache-store-misses  
S2       16                  0 L1-dcache-prefetch-misses                                     (25.08%)
S2       16         2641618684 L1-icache-load-misses                                         (27.34%)
S2       16        31139339762 LLC-loads                                                     (13.17%)
S2       16        15209585092 LLC-stores                                                    (13.06%)
S2       16    <not supported> LLC-prefetches          
S2       16      2098569490894 dTLB-loads                                                    (18.42%)
S2       16         1996999107 dTLB-load-misses                                              (17.55%)
S2       16    <not supported> dTLB-stores             
S2       16    <not supported> dTLB-store-misses       
S2       16      1548060832587 iTLB-loads                                                    (16.61%)
S2       16           30375406 iTLB-load-misses                                              (11.03%)
S2       16       596092237942 branch-loads                                                  (16.72%)
S2       16        36119257382 branch-load-misses                                            (22.17%)
S3       16         2852361836 cache-misses                                                  (21.26%)
S3       16      6287943166145 cycles                    #    0.000 GHz                      (21.68%)
S3       16      6178063485028 instructions              #    0.00  insns per cycle          (28.61%)
S3       16            1560466 cs                                                            (100.00%)
S3       16                920 migrations                                                    (100.00%)
S3       16             335536 faults                                                      
S3       16    <not supported> bus-cycles              
S3       16      6578755145349 idle-cycles-frontend      #    0.00% frontend cycles idle     (18.09%)
S3       16      3758835766902 idle-cycles-backend       #    0.00% backend  cycles idle     (16.42%)
S3       16      1877125203239 L1-dcache-loads                                               (22.96%)
S3       16        24188739621 L1-dcache-load-misses                                         (28.79%)
S3       16        26398259180 L1-dcache-stores                                              (27.95%)
S3       16    <not supported> L1-dcache-store-misses  
S3       16                  0 L1-dcache-prefetch-misses                                     (26.78%)
S3       16         2857249802 L1-icache-load-misses                                         (27.54%)
S3       16        29473904732 LLC-loads                                                     (12.24%)
S3       16        14014391525 LLC-stores                                                    (12.55%)
S3       16    <not supported> LLC-prefetches          
S3       16      1853410657123 dTLB-loads                                                    (18.24%)
S3       16         1786909415 dTLB-load-misses                                              (17.12%)
S3       16    <not supported> dTLB-stores             
S3       16    <not supported> dTLB-store-misses       
S3       16      1413145144059 iTLB-loads                                                    (15.76%)
S3       16           33036808 iTLB-load-misses                                              (10.55%)
S3       16       561042407910 branch-loads                                                  (15.82%)
S3       16        32300845251 branch-load-misses                                            (21.47%)

     616.173133759 seconds time elapsed

#################################################################
# Test multi-threading - 32 threads - T4 
#################################################################
2595749.MEM-Scalability.catwoman.t32
[M::bwa_idx_load_from_disk] read 0 ALT contigs
[M::process] read 3200000 sequences (320000000 bp)...
[M::process] read 3200000 sequences (320000000 bp)...
[M::mem_process_seqs] Processed 3200000 reads in 3091.802 CPU sec, 96.566 real sec
[M::process] read 3200000 sequences (320000000 bp)...
[M::mem_process_seqs] Processed 3200000 reads in 3088.438 CPU sec, 96.155 real sec
[M::process] read 2345249 sequences (234524900 bp)...
[M::mem_process_seqs] Processed 3200000 reads in 3115.628 CPU sec, 97.034 real sec
[M::mem_process_seqs] Processed 2345249 reads in 2289.489 CPU sec, 71.302 real sec
[main] Version: 0.7.15-r1140
[main] CMD: ./bwa mem -t 32 /tmp/data/indexes/HG_index_BWA_default/hsapiens_v37.fa /tmp/data/datasets/gcat_set_039_1.fastq
[main] Real time: 374.678 sec; CPU: 11598.964 sec

 Performance counter stats for './bwa mem -t 32 /tmp/data/indexes/HG_index_BWA_default/hsapiens_v37.fa /tmp/data/datasets/gcat_set_039_1.fastq':

S0       16         2995095192 cache-misses                                                  (21.51%)
S0       16      7389172436400 cycles                    #    0.000 GHz                      (22.54%)
S0       16      6338031227402 instructions              #   13.69  insns per cycle        
                                             #    0.07  stalled cycles per insn  (28.17%)
S0       16            1594170 cs                                                            (100.00%)
S0       16               3679 migrations                                                    (100.00%)
S0       16             569930 faults                                                      
S0       16    <not supported> bus-cycles              
S0       16      7595058059597 idle-cycles-frontend      #  1640.91% frontend cycles idle     (17.95%)
S0       16      4713850105620 idle-cycles-backend       #  1018.43% backend  cycles idle     (17.20%)
S0       16      1853150175762 L1-dcache-loads                                               (23.01%)
S0       16        24407261720 L1-dcache-load-misses     #   20.18% of all L1-dcache hits    (28.65%)
S0       16        25922198398 L1-dcache-stores                                              (28.47%)
S0       16    <not supported> L1-dcache-store-misses  
S0       16                  0 L1-dcache-prefetch-misses                                     (28.16%)
S0       16         3055022650 L1-icache-load-misses                                         (28.05%)
S0       16        29731142040 LLC-loads                                                     (11.03%)
S0       16        13555542469 LLC-stores                                                    (10.93%)
S0       16    <not supported> LLC-prefetches          
S0       16      1909098599145 dTLB-loads                                                    (16.35%)
S0       16         2415788226 dTLB-load-misses          #    1.96% of all dTLB cache hits   (16.25%)
S0       16    <not supported> dTLB-stores             
S0       16    <not supported> dTLB-store-misses       
S0       16      1428889652685 iTLB-loads                                                    (15.81%)
S0       16          100600030 iTLB-load-misses          #    0.11% of all iTLB cache hits   (10.57%)
S0       16       538176728562 branch-loads                                                  (16.04%)
S0       16        32025343757 branch-load-misses                                            (21.38%)
S1       16         3056092750 cache-misses                                                  (21.94%)
S1       16      7381613456952 cycles                    #    0.000 GHz                      (22.47%)
S1       16      6243377593382 instructions              #    0.00  insns per cycle          (28.32%)
S1       16            1598758 cs                                                            (100.00%)
S1       16               2509 migrations                                                    (100.00%)
S1       16             363829 faults                                                      
S1       16    <not supported> bus-cycles              
S1       16      7497983102554 idle-cycles-frontend      #    0.00% frontend cycles idle     (17.59%)
S1       16      4713051769925 idle-cycles-backend       #    0.00% backend  cycles idle     (17.24%)
S1       16      1808293963119 L1-dcache-loads                                               (22.81%)
S1       16        24018675465 L1-dcache-load-misses                                         (28.31%)
S1       16        25470802960 L1-dcache-stores                                              (28.13%)
S1       16    <not supported> L1-dcache-store-misses  
S1       16                  0 L1-dcache-prefetch-misses                                     (27.71%)
S1       16         3030772025 L1-icache-load-misses                                         (27.56%)
S1       16        29004433899 LLC-loads                                                     (11.00%)
S1       16        13489622417 LLC-stores                                                    (11.18%)
S1       16    <not supported> LLC-prefetches          
S1       16      1849758818911 dTLB-loads                                                    (16.61%)
S1       16         2404961631 dTLB-load-misses                                              (16.31%)
S1       16    <not supported> dTLB-stores             
S1       16    <not supported> dTLB-store-misses       
S1       16      1385427969641 iTLB-loads                                                    (16.22%)
S1       16           98621064 iTLB-load-misses                                              (10.78%)
S1       16       549212152684 branch-loads                                                  (16.05%)
S1       16        32125020381 branch-load-misses                                            (21.54%)
S2       16         2708186010 cache-misses                                                  (21.81%)
S2       16      7437132885105 cycles                    #    0.000 GHz                      (20.99%)
S2       16      6712307934271 instructions              #    0.00  insns per cycle          (27.07%)
S2       16            1298724 cs                                                            (100.00%)
S2       16               1967 migrations                                                    (100.00%)
S2       16             371982 faults                                                      
S2       16    <not supported> bus-cycles              
S2       16      7588524605523 idle-cycles-frontend      #    0.00% frontend cycles idle     (17.90%)
S2       16      4599540360055 idle-cycles-backend       #    0.00% backend  cycles idle     (15.95%)
S2       16      1949498975545 L1-dcache-loads                                               (24.23%)
S2       16        24783495241 L1-dcache-load-misses                                         (26.07%)
S2       16        26103376637 L1-dcache-stores                                              (27.95%)
S2       16    <not supported> L1-dcache-store-misses  
S2       16                  0 L1-dcache-prefetch-misses                                     (23.59%)
S2       16         2722773718 L1-icache-load-misses                                         (26.84%)
S2       16        29819401038 LLC-loads                                                     (14.64%)
S2       16        14151599654 LLC-stores                                                    (11.62%)
S2       16    <not supported> LLC-prefetches          
S2       16      2009913692559 dTLB-loads                                                    (18.04%)
S2       16         2452984414 dTLB-load-misses                                              (19.49%)
S2       16    <not supported> dTLB-stores             
S2       16    <not supported> dTLB-store-misses       
S2       16      1463323406678 iTLB-loads                                                    (15.27%)
S2       16           95941189 iTLB-load-misses                                              (10.78%)
S2       16       563102687593 branch-loads                                                  (16.66%)
S2       16        33768359254 branch-load-misses                                            (23.13%)
S3       16         2882521414 cache-misses                                                  (21.85%)
S3       16      7414918649237 cycles                    #    0.000 GHz                      (22.32%)
S3       16      7298096361887 instructions              #    0.00  insns per cycle          (28.13%)
S3       16            1446862 cs                                                            (100.00%)
S3       16               1309 migrations                                                    (100.00%)
S3       16             691959 faults                                                      
S3       16    <not supported> bus-cycles              
S3       16      7392813889652 idle-cycles-frontend      #    0.00% frontend cycles idle     (17.07%)
S3       16      4395910129110 idle-cycles-backend       #    0.00% backend  cycles idle     (16.97%)
S3       16      2128765328590 L1-dcache-loads                                               (22.59%)
S3       16        27880825744 L1-dcache-load-misses                                         (28.02%)
S3       16        29471452215 L1-dcache-stores                                              (27.98%)
S3       16    <not supported> L1-dcache-store-misses  
S3       16                  0 L1-dcache-prefetch-misses                                     (27.68%)
S3       16         2826949042 L1-icache-load-misses                                         (27.75%)
S3       16        32232792234 LLC-loads                                                     (11.10%)
S3       16        15476332962 LLC-stores                                                    (11.12%)
S3       16    <not supported> LLC-prefetches          
S3       16      2136862035994 dTLB-loads                                                    (16.57%)
S3       16         2643008402 dTLB-load-misses                                              (16.59%)
S3       16    <not supported> dTLB-stores             
S3       16    <not supported> dTLB-store-misses       
S3       16      1605332871681 iTLB-loads                                                    (16.65%)
S3       16          102627138 iTLB-load-misses                                              (10.92%)
S3       16       628689222148 branch-loads                                                  (16.35%)
S3       16        37332535162 branch-load-misses                                            (21.66%)

     374.827533303 seconds time elapsed

#################################################################
# Test multi-threading - 48 threads - T5
#################################################################
2595749.MEM-Scalability.catwoman.t48
[M::bwa_idx_load_from_disk] read 0 ALT contigs
[M::process] read 4800000 sequences (480000000 bp)...
[M::process] read 4800000 sequences (480000000 bp)...
[M::mem_process_seqs] Processed 4800000 reads in 6397.656 CPU sec, 133.491 real sec
[M::process] read 2345249 sequences (234524900 bp)...
[M::mem_process_seqs] Processed 4800000 reads in 6547.047 CPU sec, 136.111 real sec
[M::mem_process_seqs] Processed 2345249 reads in 3255.207 CPU sec, 67.531 real sec
[main] Version: 0.7.15-r1140
[main] CMD: ./bwa mem -t 48 /tmp/data/indexes/HG_index_BWA_default/hsapiens_v37.fa /tmp/data/datasets/gcat_set_039_1.fastq
[main] Real time: 352.544 sec; CPU: 16215.266 sec

 Performance counter stats for './bwa mem -t 48 /tmp/data/indexes/HG_index_BWA_default/hsapiens_v37.fa /tmp/data/datasets/gcat_set_039_1.fastq':

S0       16         2802819136 cache-misses                                                  (22.11%)
S0       16     10523665798461 cycles                    #    0.000 GHz                      (22.33%)
S0       16      5288031349204 instructions              #    8.14  insns per cycle        
                                             #    0.05  stalled cycles per insn  (28.01%)
S0       16            1522137 cs                                                            (100.00%)
S0       16               3177 migrations                                                    (100.00%)
S0       16             451783 faults                                                      
S0       16    <not supported> bus-cycles              
S0       16      3840854559300 idle-cycles-frontend      #  591.04% frontend cycles idle     (16.96%)
S0       16      4701641552979 idle-cycles-backend       #  723.50% backend  cycles idle     (16.80%)
S0       16      1523575772889 L1-dcache-loads                                               (22.46%)
S0       16        20479411685 L1-dcache-load-misses     #   17.14% of all L1-dcache hits    (28.09%)
S0       16        21775403724 L1-dcache-stores                                              (27.94%)
S0       16    <not supported> L1-dcache-store-misses  
S0       16                  0 L1-dcache-prefetch-misses                                     (27.76%)
S0       16         2790088414 L1-icache-load-misses                                         (27.85%)
S0       16        24708466947 LLC-loads                                                     (11.16%)
S0       16        11257188431 LLC-stores                                                    (11.09%)
S0       16    <not supported> LLC-prefetches          
S0       16      1547367960888 dTLB-loads                                                    (16.60%)
S0       16         3027423175 dTLB-load-misses          #    2.44% of all dTLB cache hits   (16.54%)
S0       16    <not supported> dTLB-stores             
S0       16    <not supported> dTLB-store-misses       
S0       16      1146339636254 iTLB-loads                                                    (16.47%)
S0       16          179824172 iTLB-load-misses          #    0.20% of all iTLB cache hits   (10.93%)
S0       16       443079960798 branch-loads                                                  (16.46%)
S0       16        27138388115 branch-load-misses                                            (21.91%)
S1       16         3386431735 cache-misses                                                  (22.07%)
S1       16     10563290669397 cycles                    #    0.000 GHz                      (22.33%)
S1       16      7810822024726 instructions              #    0.00  insns per cycle          (28.13%)
S1       16            2041946 cs                                                            (100.00%)
S1       16               2524 migrations                                                    (100.00%)
S1       16             896932 faults                                                      
S1       16    <not supported> bus-cycles              
S1       16      3666469660308 idle-cycles-frontend      #    0.00% frontend cycles idle     (17.34%)
S1       16      3683537985369 idle-cycles-backend       #    0.00% backend  cycles idle     (17.16%)
S1       16      2216334250850 L1-dcache-loads                                               (22.82%)
S1       16        29492743076 L1-dcache-load-misses                                         (28.16%)
S1       16        31502011213 L1-dcache-stores                                              (27.91%)
S1       16    <not supported> L1-dcache-store-misses  
S1       16                  0 L1-dcache-prefetch-misses                                     (27.77%)
S1       16         3368475634 L1-icache-load-misses                                         (27.81%)
S1       16        35000156303 LLC-loads                                                     (11.15%)
S1       16        17129323830 LLC-stores                                                    (10.91%)
S1       16    <not supported> LLC-prefetches          
S1       16      2314356168286 dTLB-loads                                                    (16.38%)
S1       16         4228100484 dTLB-load-misses                                              (16.21%)
S1       16    <not supported> dTLB-stores             
S1       16    <not supported> dTLB-store-misses       
S1       16      1709138342133 iTLB-loads                                                    (16.30%)
S1       16          213780843 iTLB-load-misses                                              (10.95%)
S1       16       665784739724 branch-loads                                                  (16.27%)
S1       16        40497419295 branch-load-misses                                            (21.74%)
S2       16         3068524345 cache-misses                                                  (21.30%)
S2       16     10755062881809 cycles                    #    0.000 GHz                      (21.17%)
S2       16      7848606630142 instructions              #    0.00  insns per cycle          (26.93%)
S2       16            1606219 cs                                                            (100.00%)
S2       16               2678 migrations                                                    (100.00%)
S2       16             665340 faults                                                      
S2       16    <not supported> bus-cycles              
S2       16      3229671254398 idle-cycles-frontend      #    0.00% frontend cycles idle     (18.49%)
S2       16      3701127676343 idle-cycles-backend       #    0.00% backend  cycles idle     (15.41%)
S2       16      2234496735826 L1-dcache-loads                                               (22.91%)
S2       16        29612601739 L1-dcache-load-misses                                         (26.94%)
S2       16        31378316211 L1-dcache-stores                                              (27.87%)
S2       16    <not supported> L1-dcache-store-misses  
S2       16                  0 L1-dcache-prefetch-misses                                     (24.50%)
S2       16         3069807462 L1-icache-load-misses                                         (26.10%)
S2       16        34517457806 LLC-loads                                                     (13.91%)
S2       16        16793641428 LLC-stores                                                    (13.20%)
S2       16    <not supported> LLC-prefetches          
S2       16      2273661959958 dTLB-loads                                                    (18.93%)
S2       16         4071013824 dTLB-load-misses                                              (19.20%)
S2       16    <not supported> dTLB-stores             
S2       16    <not supported> dTLB-store-misses       
S2       16      1647189239877 iTLB-loads                                                    (15.57%)
S2       16          208949144 iTLB-load-misses                                              (10.77%)
S2       16       653864186881 branch-loads                                                  (16.24%)
S2       16        40202119897 branch-load-misses                                            (21.94%)
S3       16         3061402050 cache-misses                                                  (21.00%)
S3       16      9748322677351 cycles                    #    0.000 GHz                      (22.05%)
S3       16      5987517981111 instructions              #    0.00  insns per cycle          (27.95%)
S3       16            1689344 cs                                                            (100.00%)
S3       16               2665 migrations                                                    (100.00%)
S3       16             988703 faults                                                      
S3       16    <not supported> bus-cycles              
S3       16      4682394969001 idle-cycles-frontend      #    0.00% frontend cycles idle     (18.29%)
S3       16      4330259298656 idle-cycles-backend       #    0.00% backend  cycles idle     (17.74%)
S3       16      1674326117915 L1-dcache-loads                                               (23.00%)
S3       16        22456630307 L1-dcache-load-misses                                         (28.63%)
S3       16        24198125284 L1-dcache-stores                                              (28.47%)
S3       16    <not supported> L1-dcache-store-misses  
S3       16                  0 L1-dcache-prefetch-misses                                     (28.16%)
S3       16         3003694310 L1-icache-load-misses                                         (28.01%)
S3       16        27806393461 LLC-loads                                                     (11.26%)
S3       16        13110796860 LLC-stores                                                    (11.02%)
S3       16    <not supported> LLC-prefetches          
S3       16      1790185737840 dTLB-loads                                                    (16.11%)
S3       16         3311199163 dTLB-load-misses                                              (16.00%)
S3       16    <not supported> dTLB-stores             
S3       16    <not supported> dTLB-store-misses       
S3       16      1334248207681 iTLB-loads                                                    (15.84%)
S3       16          188656917 iTLB-load-misses                                              (10.63%)
S3       16       508908587414 branch-loads                                                  (16.18%)
S3       16        30564634952 branch-load-misses                                            (21.54%)

     352.808557390 seconds time elapsed

#################################################################
# Test multi-threading - 64 threads - T6
#################################################################

[M::bwa_idx_load_from_disk] read 0 ALT contigs
[M::process] read 6400000 sequences (640000000 bp)...
[M::process] read 5545249 sequences (554524900 bp)...
[M::mem_process_seqs] Processed 6400000 reads in 9461.489 CPU sec, 185.246 real sec
[M::mem_process_seqs] Processed 5545249 reads in 10063.424 CPU sec, 159.640 real sec
[main] Version: 0.7.15-r1140
[main] CMD: ./bwa mem -t 64 /tmp/data/indexes/HG_index_BWA_default/hsapiens_v37.fa /tmp/data/datasets/gcat_set_039_1.fastq
[main] Real time: 370.756 sec; CPU: 19550.715 sec

 Performance counter stats for './bwa mem -t 64 /tmp/data/indexes/HG_index_BWA_default/hsapiens_v37.fa /tmp/data/datasets/gcat_set_039_1.fastq':

S0       16         3538060475 cache-misses                                                  (22.13%)
S0       16     12457264106603 cycles                    #    0.000 GHz                      (22.37%)
S0       16      6448311570299 instructions              #    8.27  insns per cycle        
                                             #    0.04  stalled cycles per insn  (27.98%)
S0       16            2770451 cs                                                            (100.00%)
S0       16              31905 migrations                                                    (100.00%)
S0       16             766622 faults                                                      
S0       16    <not supported> bus-cycles              
S0       16      1790587450936 idle-cycles-frontend      #  229.59% frontend cycles idle     (16.93%)
S0       16      4162112875782 idle-cycles-backend       #  533.66% backend  cycles idle     (16.77%)
S0       16      1854019264951 L1-dcache-loads                                               (22.42%)
S0       16        25248735159 L1-dcache-load-misses     #   21.10% of all L1-dcache hits    (27.98%)
S0       16        26687356469 L1-dcache-stores                                              (27.93%)
S0       16    <not supported> L1-dcache-store-misses  
S0       16                  0 L1-dcache-prefetch-misses                                     (27.87%)
S0       16         3513203934 L1-icache-load-misses                                         (27.79%)
S0       16        30687766570 LLC-loads                                                     (11.00%)
S0       16        14241672632 LLC-stores                                                    (10.97%)
S0       16    <not supported> LLC-prefetches          
S0       16      1895525962943 dTLB-loads                                                    (16.55%)
S0       16         3795262988 dTLB-load-misses          #    3.06% of all dTLB cache hits   (16.58%)
S0       16    <not supported> dTLB-stores             
S0       16    <not supported> dTLB-store-misses       
S0       16      1393332647181 iTLB-loads                                                    (16.61%)
S0       16          243916166 iTLB-load-misses          #    0.27% of all iTLB cache hits   (10.98%)
S0       16       542876147188 branch-loads                                                  (16.48%)
S0       16        33450274740 branch-load-misses                                            (22.01%)
S1       16         3186641605 cache-misses                                                  (21.72%)
S1       16     12682037291439 cycles                    #    0.000 GHz                      (22.31%)
S1       16      5942906303425 instructions              #    0.00  insns per cycle          (28.04%)
S1       16            2643389 cs                                                            (100.00%)
S1       16              27105 migrations                                                    (100.00%)
S1       16             666111 faults                                                      
S1       16    <not supported> bus-cycles              
S1       16      1698111357014 idle-cycles-frontend      #    0.00% frontend cycles idle     (17.83%)
S1       16      4312771324445 idle-cycles-backend       #    0.00% backend  cycles idle     (16.82%)
S1       16      1688906830361 L1-dcache-loads                                               (22.52%)
S1       16        22711971410 L1-dcache-load-misses                                         (27.97%)
S1       16        24120444770 L1-dcache-stores                                              (28.16%)
S1       16    <not supported> L1-dcache-store-misses  
S1       16                  0 L1-dcache-prefetch-misses                                     (27.92%)
S1       16         3181820643 L1-icache-load-misses                                         (27.67%)
S1       16        28008640604 LLC-loads                                                     (10.97%)
S1       16        13387630178 LLC-stores                                                    (10.91%)
S1       16    <not supported> LLC-prefetches          
S1       16      1767976376207 dTLB-loads                                                    (16.38%)
S1       16         3655411358 dTLB-load-misses                                              (16.41%)
S1       16    <not supported> dTLB-stores             
S1       16    <not supported> dTLB-store-misses       
S1       16      1293153230018 iTLB-loads                                                    (16.48%)
S1       16          241496542 iTLB-load-misses                                              (10.96%)
S1       16       499501213127 branch-loads                                                  (16.43%)
S1       16        30971800050 branch-load-misses                                            (21.88%)
S2       16         3409773476 cache-misses                                                  (22.20%)
S2       16     12521049827642 cycles                    #    0.000 GHz                      (21.14%)
S2       16      6563464840894 instructions              #    0.00  insns per cycle          (26.85%)
S2       16            2863296 cs                                                            (100.00%)
S2       16              34485 migrations                                                    (100.00%)
S2       16             799093 faults                                                      
S2       16    <not supported> bus-cycles              
S2       16      1829335148267 idle-cycles-frontend      #    0.00% frontend cycles idle     (17.15%)
S2       16      4081936451516 idle-cycles-backend       #    0.00% backend  cycles idle     (15.98%)
S2       16      1853248250304 L1-dcache-loads                                               (23.86%)
S2       16        24958726017 L1-dcache-load-misses                                         (26.26%)
S2       16        26498955602 L1-dcache-stores                                              (28.23%)
S2       16    <not supported> L1-dcache-store-misses  
S2       16                  0 L1-dcache-prefetch-misses                                     (24.80%)
S2       16         3403807721 L1-icache-load-misses                                         (27.74%)
S2       16        30631644333 LLC-loads                                                     (14.18%)
S2       16        14401807800 LLC-stores                                                    (11.06%)
S2       16    <not supported> LLC-prefetches          
S2       16      1922356246909 dTLB-loads                                                    (17.58%)
S2       16         3875640104 dTLB-load-misses                                              (18.19%)
S2       16    <not supported> dTLB-stores             
S2       16    <not supported> dTLB-store-misses       
S2       16      1431057591939 iTLB-loads                                                    (15.61%)
S2       16          246720653 iTLB-load-misses                                              (10.97%)
S2       16       549517781650 branch-loads                                                  (16.41%)
S2       16        33963067216 branch-load-misses                                            (22.96%)
S3       16         4109496876 cache-misses                                                  (22.03%)
S3       16     12253996092086 cycles                    #    0.000 GHz                      (22.24%)
S3       16      8007020860948 instructions              #    0.00  insns per cycle          (27.87%)
S3       16            3425843 cs                                                            (100.00%)
S3       16              45178 migrations                                                    (100.00%)
S3       16            1561136 faults                                                      
S3       16    <not supported> bus-cycles              
S3       16      2078562450260 idle-cycles-frontend      #    0.00% frontend cycles idle     (16.87%)
S3       16      3530447548433 idle-cycles-backend       #    0.00% backend  cycles idle     (16.96%)
S3       16      2263016491442 L1-dcache-loads                                               (22.72%)
S3       16        30656566144 L1-dcache-load-misses                                         (28.38%)
S3       16        32862963640 L1-dcache-stores                                              (28.31%)
S3       16    <not supported> L1-dcache-store-misses  
S3       16                  0 L1-dcache-prefetch-misses                                     (28.19%)
S3       16         4072504387 L1-icache-load-misses                                         (27.95%)
S3       16        38346846287 LLC-loads                                                     (10.92%)
S3       16        18409770089 LLC-stores                                                    (10.90%)
S3       16    <not supported> LLC-prefetches          
S3       16      2363276790995 dTLB-loads                                                    (16.42%)
S3       16         4496345964 dTLB-load-misses                                              (16.48%)
S3       16    <not supported> dTLB-stores             
S3       16    <not supported> dTLB-store-misses       
S3       16      1722624996683 iTLB-loads                                                    (16.52%)
S3       16          269457234 iTLB-load-misses                                              (10.94%)
S3       16       679021413508 branch-loads                                                  (16.37%)
S3       16        41437992564 branch-load-misses                                            (21.80%)

     371.086088454 seconds time elapsed

#################################################################
# Test multi-threading - 64 threads - T6
#################################################################
