mkdir: cannot create directory `/scratch/077-hpca4se-bioinf/jlenis/results/BOWTIE2-Scalability': File exists
> Benchmarks for Bowtie2 2.2.6: NIST7086_CGTACTAG_L002_R2_001
catwoman
#################################################################
# Warm up - 64 threads - T1
#################################################################
WarmUp.2592618.BOWTIE2-Scalability.catwoman.t64
21535062 reads; of these:
  21535062 (100.00%) were unpaired; of these:
    970429 (4.51%) aligned 0 times
    14935119 (69.35%) aligned exactly 1 time
    5629514 (26.14%) aligned >1 times
95.49% overall alignment rate
#################################################################
# Test multi-threading - 8 threads - T2
#################################################################
2592618.BOWTIE2-Scalability.catwoman.t8
21535062 reads; of these:
  21535062 (100.00%) were unpaired; of these:
    970429 (4.51%) aligned 0 times
    14935119 (69.35%) aligned exactly 1 time
    5629514 (26.14%) aligned >1 times
95.49% overall alignment rate

 Performance counter stats for './bowtie2 -p 8 -x /tmp/data/indexes/HG_index_bowtie2/bowtie2_index /tmp/data/datasets/NIST7086_CGTACTAG_L002_R2_001.fastq -S /scratch/077-hpca4se-bioinf/jlenis/results/BOWTIE2-Scalability/2592618.BOWTIE2-Scalability.catwoman.t8.sam':

S0       16     13,486,111,165 cache-misses                                                  (22.52%)
S0       16  3,232,936,585,269 cycles                    #    0.000 GHz                      (22.02%)
S0       16  3,623,954,954,999 instructions              #   17.94  insns per cycle        
                                             #    0.07  stalled cycles per insn  (28.36%)
S0       16            165,515 cs                                                            (100.00%)
S0       16              2,212 migrations                                                    (100.00%)
S0       16             47,418 faults                                                      
S0       16    <not supported> bus-cycles              
S0       16  3,899,229,294,322 idle-cycles-frontend      #  1930.36% frontend cycles idle     (17.55%)
S0       16  1,419,094,660,820 idle-cycles-backend       #  702.54% backend  cycles idle     (16.81%)
S0       16  1,577,961,436,827 L1-dcache-loads                                               (22.74%)
S0       16     35,416,618,034 L1-dcache-load-misses     #   35.18% of all L1-dcache hits    (27.52%)
S0       16     41,680,034,922 L1-dcache-stores                                              (27.91%)
S0       16    <not supported> L1-dcache-store-misses  
S0       16                  0 L1-dcache-prefetch-misses                                     (26.81%)
S0       16     13,597,524,370 L1-icache-load-misses                                         (27.00%)
S0       16     55,391,952,606 LLC-loads                                                     (11.88%)
S0       16      7,636,945,382 LLC-stores                                                    (11.15%)
S0       16    <not supported> LLC-prefetches          
S0       16  1,577,592,980,907 dTLB-loads                                                    (16.91%)
S0       16        548,202,709 dTLB-load-misses          #    0.54% of all dTLB cache hits   (16.60%)
S0       16    <not supported> dTLB-stores             
S0       16    <not supported> dTLB-store-misses       
S0       16  1,000,392,276,030 iTLB-loads                                                    (16.45%)
S0       16          1,093,677 iTLB-load-misses          #    0.00% of all iTLB cache hits   (11.20%)
S0       16    407,093,479,064 branch-loads                                                  (16.84%)
S0       16     16,735,934,071 branch-load-misses                                            (22.51%)
S1       16     13,089,008,797 cache-misses                                                  (21.46%)
S1       16  3,187,378,974,732 cycles                    #    0.000 GHz                      (22.33%)
S1       16  3,563,959,994,505 instructions              #    0.00  insns per cycle          (27.98%)
S1       16            109,247 cs                                                            (100.00%)
S1       16              1,088 migrations                                                    (100.00%)
S1       16             30,043 faults                                                      
S1       16    <not supported> bus-cycles              
S1       16  3,992,907,783,483 idle-cycles-frontend      #    0.00% frontend cycles idle     (18.11%)
S1       16  1,448,815,757,995 idle-cycles-backend       #    0.00% backend  cycles idle     (16.43%)
S1       16  1,590,450,358,176 L1-dcache-loads                                               (21.95%)
S1       16     35,738,528,799 L1-dcache-load-misses                                         (27.01%)
S1       16     42,666,380,096 L1-dcache-stores                                              (27.19%)
S1       16    <not supported> L1-dcache-store-misses  
S1       16                  0 L1-dcache-prefetch-misses                                     (27.28%)
S1       16     13,434,360,400 L1-icache-load-misses                                         (27.39%)
S1       16     55,248,970,874 LLC-loads                                                     (11.23%)
S1       16      7,770,510,376 LLC-stores                                                    (11.04%)
S1       16    <not supported> LLC-prefetches          
S1       16  1,609,333,912,673 dTLB-loads                                                    (16.65%)
S1       16        513,444,026 dTLB-load-misses                                              (16.67%)
S1       16    <not supported> dTLB-stores             
S1       16    <not supported> dTLB-store-misses       
S1       16  1,007,164,092,274 iTLB-loads                                                    (16.82%)
S1       16            682,948 iTLB-load-misses                                              (11.24%)
S1       16    408,493,139,013 branch-loads                                                  (16.67%)
S1       16     16,539,874,763 branch-load-misses                                            (22.40%)
S2       16     13,563,440,408 cache-misses                                                  (20.34%)
S2       16  3,276,154,642,310 cycles                    #    0.000 GHz                      (20.07%)
S2       16  3,665,854,908,092 instructions              #    0.00  insns per cycle          (26.36%)
S2       16            109,006 cs                                                            (100.00%)
S2       16                966 migrations                                                    (100.00%)
S2       16             33,455 faults                                                      
S2       16    <not supported> bus-cycles              
S2       16  3,886,289,769,218 idle-cycles-frontend      #    0.00% frontend cycles idle     (18.29%)
S2       16  1,410,512,540,088 idle-cycles-backend       #    0.00% backend  cycles idle     (16.56%)
S2       16  1,558,529,022,208 L1-dcache-loads                                               (23.36%)
S2       16     35,005,660,785 L1-dcache-load-misses                                         (25.61%)
S2       16     41,412,625,866 L1-dcache-stores                                              (27.57%)
S2       16    <not supported> L1-dcache-store-misses  
S2       16                  0 L1-dcache-prefetch-misses                                     (24.67%)
S2       16     13,426,991,964 L1-icache-load-misses                                         (27.99%)
S2       16     54,465,801,795 LLC-loads                                                     (14.18%)
S2       16      7,486,032,294 LLC-stores                                                    (11.21%)
S2       16    <not supported> LLC-prefetches          
S2       16  1,557,659,061,862 dTLB-loads                                                    (17.86%)
S2       16        490,548,858 dTLB-load-misses                                              (17.95%)
S2       16    <not supported> dTLB-stores             
S2       16    <not supported> dTLB-store-misses       
S2       16    992,938,974,109 iTLB-loads                                                    (16.77%)
S2       16            694,146 iTLB-load-misses                                              (10.96%)
S2       16    402,398,776,835 branch-loads                                                  (16.32%)
S2       16     16,492,651,232 branch-load-misses                                            (23.32%)
S3       16     14,516,136,251 cache-misses                                                  (20.93%)
S3       16  3,231,230,372,464 cycles                    #    0.000 GHz                      (20.80%)
S3       16  3,954,334,208,071 instructions              #    0.00  insns per cycle          (26.45%)
S3       16             55,159 cs                                                            (100.00%)
S3       16                954 migrations                                                    (100.00%)
S3       16             52,204 faults                                                      
S3       16    <not supported> bus-cycles              
S3       16  3,893,171,604,828 idle-cycles-frontend      #    0.00% frontend cycles idle     (18.63%)
S3       16  1,263,118,931,789 idle-cycles-backend       #    0.00% backend  cycles idle     (15.50%)
S3       16  1,715,911,361,566 L1-dcache-loads                                               (22.37%)
S3       16     38,394,562,900 L1-dcache-load-misses                                         (26.56%)
S3       16     45,508,478,791 L1-dcache-stores                                              (27.58%)
S3       16    <not supported> L1-dcache-store-misses  
S3       16                  0 L1-dcache-prefetch-misses                                     (24.70%)
S3       16     14,584,696,244 L1-icache-load-misses                                         (26.71%)
S3       16     60,029,703,389 LLC-loads                                                     (13.39%)
S3       16      8,673,249,969 LLC-stores                                                    (12.24%)
S3       16    <not supported> LLC-prefetches          
S3       16  1,729,026,598,502 dTLB-loads                                                    (18.05%)
S3       16        571,700,933 dTLB-load-misses                                              (18.57%)
S3       16    <not supported> dTLB-stores             
S3       16    <not supported> dTLB-store-misses       
S3       16  1,110,760,627,746 iTLB-loads                                                    (15.67%)
S3       16          1,079,615 iTLB-load-misses                                              (11.59%)
S3       16    448,057,407,438 branch-loads                                                  (17.33%)
S3       16     18,292,859,529 branch-load-misses                                            (23.06%)

     623.045259265 seconds time elapsed

#################################################################
# Test multi-threading - 16 threads - T3
#################################################################
2592618.BOWTIE2-Scalability.catwoman.t16
21535062 reads; of these:
  21535062 (100.00%) were unpaired; of these:
    970429 (4.51%) aligned 0 times
    14935119 (69.35%) aligned exactly 1 time
    5629514 (26.14%) aligned >1 times
95.49% overall alignment rate

 Performance counter stats for './bowtie2 -p 16 -x /tmp/data/indexes/HG_index_bowtie2/bowtie2_index /tmp/data/datasets/NIST7086_CGTACTAG_L002_R2_001.fastq -S /scratch/077-hpca4se-bioinf/jlenis/results/BOWTIE2-Scalability/2592618.BOWTIE2-Scalability.catwoman.t16.sam':

S0       16     13,589,553,035 cache-misses                                                  (21.57%)
S0       16  3,318,410,657,696 cycles                    #    0.000 GHz                      (21.96%)
S0       16  3,615,654,485,622 instructions              #   17.42  insns per cycle        
                                             #    0.07  stalled cycles per insn  (27.73%)
S0       16            231,964 cs                                                            (100.00%)
S0       16              2,060 migrations                                                    (100.00%)
S0       16             63,456 faults                                                      
S0       16    <not supported> bus-cycles              
S0       16  3,861,408,914,437 idle-cycles-frontend      #  1860.64% frontend cycles idle     (17.05%)
S0       16  1,444,628,531,125 idle-cycles-backend       #  696.10% backend  cycles idle     (16.68%)
S0       16  1,578,368,842,419 L1-dcache-loads                                               (22.27%)
S0       16     35,512,485,893 L1-dcache-load-misses     #   35.51% of all L1-dcache hits    (28.08%)
S0       16     41,856,787,120 L1-dcache-stores                                              (27.79%)
S0       16    <not supported> L1-dcache-store-misses  
S0       16                  0 L1-dcache-prefetch-misses                                     (27.98%)
S0       16     13,754,781,830 L1-icache-load-misses                                         (28.14%)
S0       16     55,878,334,742 LLC-loads                                                     (11.28%)
S0       16      7,268,124,620 LLC-stores                                                    (11.32%)
S0       16    <not supported> LLC-prefetches          
S0       16  1,591,081,150,290 dTLB-loads                                                    (16.77%)
S0       16        689,482,808 dTLB-load-misses          #    0.68% of all dTLB cache hits   (16.63%)
S0       16    <not supported> dTLB-stores             
S0       16    <not supported> dTLB-store-misses       
S0       16  1,005,935,065,880 iTLB-loads                                                    (16.51%)
S0       16          2,695,131 iTLB-load-misses          #    0.00% of all iTLB cache hits   (10.90%)
S0       16    409,708,910,556 branch-loads                                                  (16.16%)
S0       16     16,821,940,520 branch-load-misses                                            (21.39%)
S1       16     13,445,252,234 cache-misses                                                  (21.85%)
S1       16  3,309,823,773,671 cycles                    #    0.000 GHz                      (22.61%)
S1       16  3,610,685,971,778 instructions              #    0.00  insns per cycle          (28.42%)
S1       16            107,279 cs                                                            (100.00%)
S1       16              1,560 migrations                                                    (100.00%)
S1       16             29,470 faults                                                      
S1       16    <not supported> bus-cycles              
S1       16  3,808,874,739,829 idle-cycles-frontend      #    0.00% frontend cycles idle     (17.93%)
S1       16  1,448,913,916,789 idle-cycles-backend       #    0.00% backend  cycles idle     (17.29%)
S1       16  1,573,544,404,496 L1-dcache-loads                                               (22.63%)
S1       16     35,192,284,657 L1-dcache-load-misses                                         (27.91%)
S1       16     41,243,228,842 L1-dcache-stores                                              (27.67%)
S1       16    <not supported> L1-dcache-store-misses  
S1       16                  0 L1-dcache-prefetch-misses                                     (27.59%)
S1       16     13,636,426,992 L1-icache-load-misses                                         (27.09%)
S1       16     55,599,504,132 LLC-loads                                                     (10.87%)
S1       16      7,228,261,645 LLC-stores                                                    (11.10%)
S1       16    <not supported> LLC-prefetches          
S1       16  1,565,084,545,794 dTLB-loads                                                    (16.38%)
S1       16        713,896,963 dTLB-load-misses                                              (16.51%)
S1       16    <not supported> dTLB-stores             
S1       16    <not supported> dTLB-store-misses       
S1       16    998,194,650,972 iTLB-loads                                                    (16.16%)
S1       16          1,867,890 iTLB-load-misses                                              (11.01%)
S1       16    408,002,778,192 branch-loads                                                  (16.61%)
S1       16     16,663,084,613 branch-load-misses                                            (21.85%)
S2       16     13,529,144,005 cache-misses                                                  (22.57%)
S2       16  3,350,428,778,881 cycles                    #    0.000 GHz                      (21.21%)
S2       16  3,621,546,788,869 instructions              #    0.00  insns per cycle          (27.98%)
S2       16             74,598 cs                                                            (100.00%)
S2       16              1,025 migrations                                                    (100.00%)
S2       16             23,423 faults                                                      
S2       16    <not supported> bus-cycles              
S2       16  3,986,841,270,834 idle-cycles-frontend      #    0.00% frontend cycles idle     (18.63%)
S2       16  1,450,645,793,365 idle-cycles-backend       #    0.00% backend  cycles idle     (16.84%)
S2       16  1,562,939,989,714 L1-dcache-loads                                               (23.08%)
S2       16     35,391,362,648 L1-dcache-load-misses                                         (27.59%)
S2       16     41,225,581,274 L1-dcache-stores                                              (25.70%)
S2       16    <not supported> L1-dcache-store-misses  
S2       16                  0 L1-dcache-prefetch-misses                                     (24.29%)
S2       16     13,664,760,420 L1-icache-load-misses                                         (26.24%)
S2       16     55,594,171,639 LLC-loads                                                     (13.07%)
S2       16      7,305,320,287 LLC-stores                                                    (13.29%)
S2       16    <not supported> LLC-prefetches          
S2       16  1,571,202,847,140 dTLB-loads                                                    (18.86%)
S2       16        685,858,604 dTLB-load-misses                                              (16.01%)
S2       16    <not supported> dTLB-stores             
S2       16    <not supported> dTLB-store-misses       
S2       16    996,169,609,956 iTLB-loads                                                    (16.70%)
S2       16          1,802,161 iTLB-load-misses                                              (11.15%)
S2       16    407,949,548,246 branch-loads                                                  (16.68%)
S2       16     16,741,550,469 branch-load-misses                                            (21.92%)
S3       16     14,977,794,011 cache-misses                                                  (21.68%)
S3       16  3,303,368,488,503 cycles                    #    0.000 GHz                      (21.90%)
S3       16  3,935,598,590,831 instructions              #    0.00  insns per cycle          (27.58%)
S3       16             32,179 cs                                                            (100.00%)
S3       16                513 migrations                                                    (100.00%)
S3       16             36,115 faults                                                      
S3       16    <not supported> bus-cycles              
S3       16  3,810,573,118,337 idle-cycles-frontend      #    0.00% frontend cycles idle     (16.40%)
S3       16  1,225,373,976,123 idle-cycles-backend       #    0.00% backend  cycles idle     (16.39%)
S3       16  1,686,087,102,347 L1-dcache-loads                                               (22.10%)
S3       16     38,151,538,983 L1-dcache-load-misses                                         (27.46%)
S3       16     45,503,844,942 L1-dcache-stores                                              (27.47%)
S3       16    <not supported> L1-dcache-store-misses  
S3       16                  0 L1-dcache-prefetch-misses                                     (27.97%)
S3       16     15,076,642,127 L1-icache-load-misses                                         (27.88%)
S3       16     64,425,287,523 LLC-loads                                                     (10.94%)
S3       16      8,327,338,714 LLC-stores                                                    (11.31%)
S3       16    <not supported> LLC-prefetches          
S3       16  1,754,252,107,434 dTLB-loads                                                    (17.17%)
S3       16        664,327,754 dTLB-load-misses                                              (17.17%)
S3       16    <not supported> dTLB-stores             
S3       16    <not supported> dTLB-store-misses       
S3       16  1,101,616,006,494 iTLB-loads                                                    (17.23%)
S3       16          1,841,388 iTLB-load-misses                                              (11.14%)
S3       16    456,376,189,372 branch-loads                                                  (16.53%)
S3       16     18,623,688,541 branch-load-misses                                            (21.98%)

     325.484152325 seconds time elapsed

#################################################################
# Test multi-threading - 32 threads - T4 
#################################################################
2592618.BOWTIE2-Scalability.catwoman.t32
21535062 reads; of these:
  21535062 (100.00%) were unpaired; of these:
    970429 (4.51%) aligned 0 times
    14935119 (69.35%) aligned exactly 1 time
    5629514 (26.14%) aligned >1 times
95.49% overall alignment rate

 Performance counter stats for './bowtie2 -p 32 -x /tmp/data/indexes/HG_index_bowtie2/bowtie2_index /tmp/data/datasets/NIST7086_CGTACTAG_L002_R2_001.fastq -S /scratch/077-hpca4se-bioinf/jlenis/results/BOWTIE2-Scalability/2592618.BOWTIE2-Scalability.catwoman.t32.sam':

S0       16     14,479,384,679 cache-misses                                                  (21.24%)
S0       16  5,886,798,483,584 cycles                    #    0.000 GHz                      (22.29%)
S0       16  3,572,380,513,328 instructions              #    9.71  insns per cycle        
                                             #    0.11  stalled cycles per insn  (28.11%)
S0       16            391,867 cs                                                            (100.00%)
S0       16              4,574 migrations                                                    (100.00%)
S0       16            104,655 faults                                                      
S0       16    <not supported> bus-cycles              
S0       16  6,553,673,484,595 idle-cycles-frontend      #  1780.95% frontend cycles idle     (18.12%)
S0       16  3,443,473,769,009 idle-cycles-backend       #  935.76% backend  cycles idle     (16.93%)
S0       16  1,568,276,548,003 L1-dcache-loads                                               (22.25%)
S0       16     36,271,850,966 L1-dcache-load-misses     #   36.02% of all L1-dcache hits    (27.57%)
S0       16     42,684,402,749 L1-dcache-stores                                              (27.18%)
S0       16    <not supported> L1-dcache-store-misses  
S0       16                  0 L1-dcache-prefetch-misses                                     (27.00%)
S0       16     14,530,913,989 L1-icache-load-misses                                         (27.15%)
S0       16     56,501,104,570 LLC-loads                                                     (11.22%)
S0       16      7,445,721,802 LLC-stores                                                    (11.26%)
S0       16    <not supported> LLC-prefetches          
S0       16  1,560,688,805,625 dTLB-loads                                                    (17.05%)
S0       16        719,837,563 dTLB-load-misses          #    0.70% of all dTLB cache hits   (16.90%)
S0       16    <not supported> dTLB-stores             
S0       16    <not supported> dTLB-store-misses       
S0       16    996,576,940,305 iTLB-loads                                                    (16.82%)
S0       16         10,378,974 iTLB-load-misses          #    0.02% of all iTLB cache hits   (11.07%)
S0       16    403,071,860,752 branch-loads                                                  (16.73%)
S0       16     16,530,308,191 branch-load-misses                                            (22.09%)
S1       16     14,568,007,878 cache-misses                                                  (22.49%)
S1       16  5,880,622,827,351 cycles                    #    0.000 GHz                      (22.80%)
S1       16  3,558,876,826,014 instructions              #    0.00  insns per cycle          (28.65%)
S1       16            133,695 cs                                                            (100.00%)
S1       16                957 migrations                                                    (100.00%)
S1       16             39,957 faults                                                      
S1       16    <not supported> bus-cycles              
S1       16  6,614,152,744,890 idle-cycles-frontend      #    0.00% frontend cycles idle     (17.49%)
S1       16  3,370,596,499,209 idle-cycles-backend       #    0.00% backend  cycles idle     (17.13%)
S1       16  1,529,137,303,138 L1-dcache-loads                                               (22.56%)
S1       16     35,113,406,719 L1-dcache-load-misses                                         (28.12%)
S1       16     41,529,534,452 L1-dcache-stores                                              (27.61%)
S1       16    <not supported> L1-dcache-store-misses  
S1       16                  0 L1-dcache-prefetch-misses                                     (27.09%)
S1       16     14,386,705,055 L1-icache-load-misses                                         (27.04%)
S1       16     56,896,547,186 LLC-loads                                                     (10.93%)
S1       16      7,545,024,390 LLC-stores                                                    (10.93%)
S1       16    <not supported> LLC-prefetches          
S1       16  1,574,525,448,549 dTLB-loads                                                    (16.57%)
S1       16        750,739,648 dTLB-load-misses                                              (16.58%)
S1       16    <not supported> dTLB-stores             
S1       16    <not supported> dTLB-store-misses       
S1       16    997,148,235,180 iTLB-loads                                                    (16.53%)
S1       16          7,978,501 iTLB-load-misses                                              (11.00%)
S1       16    404,075,586,084 branch-loads                                                  (16.57%)
S1       16     16,634,017,715 branch-load-misses                                            (22.24%)
S2       16     14,510,687,056 cache-misses                                                  (20.14%)
S2       16  5,904,406,917,010 cycles                    #    0.000 GHz                      (20.98%)
S2       16  3,544,001,728,307 instructions              #    0.00  insns per cycle          (28.02%)
S2       16             72,016 cs                                                            (100.00%)
S2       16                652 migrations                                                    (100.00%)
S2       16             17,196 faults                                                      
S2       16    <not supported> bus-cycles              
S2       16  6,469,400,550,224 idle-cycles-frontend      #    0.00% frontend cycles idle     (20.09%)
S2       16  3,450,506,228,079 idle-cycles-backend       #    0.00% backend  cycles idle     (15.94%)
S2       16  1,531,833,261,348 L1-dcache-loads                                               (23.86%)
S2       16     35,287,719,916 L1-dcache-load-misses                                         (28.11%)
S2       16     41,832,404,716 L1-dcache-stores                                              (27.92%)
S2       16    <not supported> L1-dcache-store-misses  
S2       16                  0 L1-dcache-prefetch-misses                                     (24.60%)
S2       16     14,411,604,430 L1-icache-load-misses                                         (26.72%)
S2       16     55,993,072,757 LLC-loads                                                     (13.15%)
S2       16      7,364,485,036 LLC-stores                                                    (13.07%)
S2       16    <not supported> LLC-prefetches          
S2       16  1,538,264,768,681 dTLB-loads                                                    (18.68%)
S2       16        671,135,454 dTLB-load-misses                                              (17.57%)
S2       16    <not supported> dTLB-stores             
S2       16    <not supported> dTLB-store-misses       
S2       16    982,807,063,892 iTLB-loads                                                    (16.70%)
S2       16          6,159,273 iTLB-load-misses                                              (11.03%)
S2       16    402,405,172,947 branch-loads                                                  (16.37%)
S2       16     16,450,619,551 branch-load-misses                                            (22.14%)
S3       16     17,113,432,838 cache-misses                                                  (20.13%)
S3       16  5,879,408,240,257 cycles                    #    0.000 GHz                      (21.76%)
S3       16  4,286,242,978,695 instructions              #    0.00  insns per cycle          (27.24%)
S3       16             35,121 cs                                                            (100.00%)
S3       16                819 migrations                                                    (100.00%)
S3       16             33,159 faults                                                      
S3       16    <not supported> bus-cycles              
S3       16  6,527,722,462,725 idle-cycles-frontend      #    0.00% frontend cycles idle     (18.56%)
S3       16  2,976,619,152,642 idle-cycles-backend       #    0.00% backend  cycles idle     (16.70%)
S3       16  1,814,717,078,789 L1-dcache-loads                                               (22.53%)
S3       16     41,487,654,944 L1-dcache-load-misses                                         (28.17%)
S3       16     48,834,730,839 L1-dcache-stores                                              (28.50%)
S3       16    <not supported> L1-dcache-store-misses  
S3       16                  0 L1-dcache-prefetch-misses                                     (28.45%)
S3       16     16,768,686,125 L1-icache-load-misses                                         (28.56%)
S3       16     68,575,766,525 LLC-loads                                                     (11.29%)
S3       16      9,049,660,312 LLC-stores                                                    (11.23%)
S3       16    <not supported> LLC-prefetches          
S3       16  1,878,797,989,660 dTLB-loads                                                    (16.66%)
S3       16        846,556,749 dTLB-load-misses                                              (16.55%)
S3       16    <not supported> dTLB-stores             
S3       16    <not supported> dTLB-store-misses       
S3       16  1,173,562,915,960 iTLB-loads                                                    (16.01%)
S3       16          6,876,971 iTLB-load-misses                                              (10.77%)
S3       16    476,666,541,398 branch-loads                                                  (16.07%)
S3       16     19,679,791,442 branch-load-misses                                            (21.37%)

     286.527431420 seconds time elapsed

#################################################################
# Test multi-threading - 48 threads - T5
#################################################################
2592618.BOWTIE2-Scalability.catwoman.t48
21535062 reads; of these:
  21535062 (100.00%) were unpaired; of these:
    970429 (4.51%) aligned 0 times
    14935119 (69.35%) aligned exactly 1 time
    5629514 (26.14%) aligned >1 times
95.49% overall alignment rate

 Performance counter stats for './bowtie2 -p 48 -x /tmp/data/indexes/HG_index_bowtie2/bowtie2_index /tmp/data/datasets/NIST7086_CGTACTAG_L002_R2_001.fastq -S /scratch/077-hpca4se-bioinf/jlenis/results/BOWTIE2-Scalability/2592618.BOWTIE2-Scalability.catwoman.t48.sam':

S0       16     17,193,352,668 cache-misses                                                  (22.11%)
S0       16 15,204,750,039,892 cycles                    #    0.000 GHz                      (20.86%)
S0       16  4,224,968,475,605 instructions              #    4.81  insns per cycle        
                                             #    0.14  stalled cycles per insn  (27.07%)
S0       16            742,615 cs                                                            (100.00%)
S0       16              7,661 migrations                                                    (100.00%)
S0       16             95,264 faults                                                      
S0       16    <not supported> bus-cycles              
S0       16  9,415,973,052,878 idle-cycles-frontend      #  1071.16% frontend cycles idle     (17.59%)
S0       16  4,328,203,463,450 idle-cycles-backend       #  492.38% backend  cycles idle     (17.28%)
S0       16  1,851,367,026,143 L1-dcache-loads                                               (22.41%)
S0       16     40,110,793,368 L1-dcache-load-misses     #   37.29% of all L1-dcache hits    (26.89%)
S0       16     48,231,854,425 L1-dcache-stores                                              (27.75%)
S0       16    <not supported> L1-dcache-store-misses  
S0       16                  0 L1-dcache-prefetch-misses                                     (26.15%)
S0       16     17,173,565,873 L1-icache-load-misses                                         (26.13%)
S0       16     65,511,757,160 LLC-loads                                                     (12.54%)
S0       16     10,451,357,160 LLC-stores                                                    (11.80%)
S0       16    <not supported> LLC-prefetches          
S0       16  1,839,186,752,074 dTLB-loads                                                    (18.12%)
S0       16      1,505,591,195 dTLB-load-misses          #    1.40% of all dTLB cache hits   (17.44%)
S0       16    <not supported> dTLB-stores             
S0       16    <not supported> dTLB-store-misses       
S0       16  1,144,219,279,597 iTLB-loads                                                    (17.11%)
S0       16         56,740,357 iTLB-load-misses          #    0.08% of all iTLB cache hits   (10.99%)
S0       16    484,824,122,406 branch-loads                                                  (16.50%)
S0       16     19,532,030,863 branch-load-misses                                            (22.06%)
S1       16     15,941,512,376 cache-misses                                                  (22.25%)
S1       16 13,992,696,382,097 cycles                    #    0.000 GHz                      (22.56%)
S1       16  3,855,279,802,428 instructions              #    0.00  insns per cycle          (28.11%)
S1       16            728,307 cs                                                            (100.00%)
S1       16              5,154 migrations                                                    (100.00%)
S1       16             93,442 faults                                                      
S1       16    <not supported> bus-cycles              
S1       16  9,524,437,612,345 idle-cycles-frontend      #    0.00% frontend cycles idle     (16.99%)
S1       16  4,604,049,387,157 idle-cycles-backend       #    0.00% backend  cycles idle     (16.68%)
S1       16  1,697,993,456,208 L1-dcache-loads                                               (22.29%)
S1       16     36,569,554,432 L1-dcache-load-misses                                         (27.82%)
S1       16     43,891,441,581 L1-dcache-stores                                              (27.82%)
S1       16    <not supported> L1-dcache-store-misses  
S1       16                  0 L1-dcache-prefetch-misses                                     (27.73%)
S1       16     16,059,168,295 L1-icache-load-misses                                         (27.69%)
S1       16     60,486,118,903 LLC-loads                                                     (11.09%)
S1       16      9,153,145,071 LLC-stores                                                    (11.12%)
S1       16    <not supported> LLC-prefetches          
S1       16  1,718,265,539,722 dTLB-loads                                                    (16.62%)
S1       16      1,376,916,389 dTLB-load-misses                                              (16.41%)
S1       16    <not supported> dTLB-stores             
S1       16    <not supported> dTLB-store-misses       
S1       16  1,076,062,222,201 iTLB-loads                                                    (16.47%)
S1       16         50,287,324 iTLB-load-misses                                              (11.02%)
S1       16    446,424,185,773 branch-loads                                                  (16.62%)
S1       16     17,803,054,752 branch-load-misses                                            (22.21%)
S2       16     15,476,266,782 cache-misses                                                  (22.25%)
S2       16 13,657,353,410,948 cycles                    #    0.000 GHz                      (21.58%)
S2       16  3,724,242,412,722 instructions              #    0.00  insns per cycle          (27.18%)
S2       16            713,459 cs                                                            (100.00%)
S2       16              5,092 migrations                                                    (100.00%)
S2       16             58,285 faults                                                      
S2       16    <not supported> bus-cycles              
S2       16  9,639,016,828,481 idle-cycles-frontend      #    0.00% frontend cycles idle     (16.47%)
S2       16  4,725,997,789,544 idle-cycles-backend       #    0.00% backend  cycles idle     (15.69%)
S2       16  1,646,408,029,141 L1-dcache-loads                                               (22.57%)
S2       16     35,489,608,418 L1-dcache-load-misses                                         (25.91%)
S2       16     42,619,127,440 L1-dcache-stores                                              (27.27%)
S2       16    <not supported> L1-dcache-store-misses  
S2       16                  0 L1-dcache-prefetch-misses                                     (25.45%)
S2       16     15,474,645,698 L1-icache-load-misses                                         (27.74%)
S2       16     57,811,199,572 LLC-loads                                                     (13.18%)
S2       16      8,612,262,634 LLC-stores                                                    (11.10%)
S2       16    <not supported> LLC-prefetches          
S2       16  1,634,026,240,986 dTLB-loads                                                    (17.38%)
S2       16      1,117,565,137 dTLB-load-misses                                              (17.93%)
S2       16    <not supported> dTLB-stores             
S2       16    <not supported> dTLB-store-misses       
S2       16  1,012,758,667,484 iTLB-loads                                                    (16.68%)
S2       16         43,567,322 iTLB-load-misses                                              (11.19%)
S2       16    426,578,255,246 branch-loads                                                  (16.81%)
S2       16     17,003,927,502 branch-load-misses                                            (22.97%)
S3       16     15,882,205,450 cache-misses                                                  (22.40%)
S3       16 13,404,101,224,310 cycles                    #    0.000 GHz                      (21.93%)
S3       16  3,809,635,328,594 instructions              #    0.00  insns per cycle          (27.81%)
S3       16            372,128 cs                                                            (100.00%)
S3       16              4,164 migrations                                                    (100.00%)
S3       16             55,581 faults                                                      
S3       16    <not supported> bus-cycles              
S3       16  9,699,407,440,475 idle-cycles-frontend      #    0.00% frontend cycles idle     (17.17%)
S3       16  4,605,684,780,370 idle-cycles-backend       #    0.00% backend  cycles idle     (16.49%)
S3       16  1,688,985,311,087 L1-dcache-loads                                               (21.59%)
S3       16     36,620,070,052 L1-dcache-load-misses                                         (27.45%)
S3       16     43,772,065,477 L1-dcache-stores                                              (27.52%)
S3       16    <not supported> L1-dcache-store-misses  
S3       16                  0 L1-dcache-prefetch-misses                                     (26.80%)
S3       16     16,070,409,199 L1-icache-load-misses                                         (26.49%)
S3       16     60,314,871,467 LLC-loads                                                     (11.33%)
S3       16      8,904,184,819 LLC-stores                                                    (11.81%)
S3       16    <not supported> LLC-prefetches          
S3       16  1,684,375,333,301 dTLB-loads                                                    (17.48%)
S3       16      1,211,424,218 dTLB-load-misses                                              (17.60%)
S3       16    <not supported> dTLB-stores             
S3       16    <not supported> dTLB-store-misses       
S3       16  1,051,612,842,419 iTLB-loads                                                    (17.05%)
S3       16         43,140,849 iTLB-load-misses                                              (10.93%)
S3       16    448,141,359,124 branch-loads                                                  (16.38%)
S3       16     17,816,935,576 branch-load-misses                                            (21.96%)

     460.777624058 seconds time elapsed

#################################################################
# Test multi-threading - 64 threads - T6
#################################################################
2592618.BOWTIE2-Scalability.catwoman.t64
21535062 reads; of these:
  21535062 (100.00%) were unpaired; of these:
    970429 (4.51%) aligned 0 times
    14935119 (69.35%) aligned exactly 1 time
    5629514 (26.14%) aligned >1 times
95.49% overall alignment rate

 Performance counter stats for './bowtie2 -p 64 -x /tmp/data/indexes/HG_index_bowtie2/bowtie2_index /tmp/data/datasets/NIST7086_CGTACTAG_L002_R2_001.fastq -S /scratch/077-hpca4se-bioinf/jlenis/results/BOWTIE2-Scalability/2592618.BOWTIE2-Scalability.catwoman.t64.sam':

S0       16     16,371,908,384 cache-misses                                                  (22.20%)
S0       16 18,488,777,357,828 cycles                    #    0.000 GHz                      (21.99%)
S0       16  4,323,407,456,864 instructions              #    3.73  insns per cycle        
                                             #    0.20  stalled cycles per insn  (27.58%)
S0       16         11,785,176 cs                                                            (100.00%)
S0       16              6,967 migrations                                                    (100.00%)
S0       16            198,964 faults                                                      
S0       16    <not supported> bus-cycles              
S0       16 14,008,251,785,418 idle-cycles-frontend      #  1207.12% frontend cycles idle     (16.82%)
S0       16  1,429,023,224,514 idle-cycles-backend       #  123.14% backend  cycles idle     (16.34%)
S0       16  1,931,455,050,552 L1-dcache-loads                                               (22.59%)
S0       16     35,962,055,211 L1-dcache-load-misses     #   30.64% of all L1-dcache hits    (27.09%)
S0       16     45,263,179,015 L1-dcache-stores                                              (27.77%)
S0       16    <not supported> L1-dcache-store-misses  
S0       16                  0 L1-dcache-prefetch-misses                                     (26.72%)
S0       16     16,506,847,663 L1-icache-load-misses                                         (27.73%)
S0       16     62,842,797,792 LLC-loads                                                     (12.11%)
S0       16     10,019,981,912 LLC-stores                                                    (11.07%)
S0       16    <not supported> LLC-prefetches          
S0       16  1,947,832,209,067 dTLB-loads                                                    (16.96%)
S0       16      1,785,206,943 dTLB-load-misses          #    1.49% of all dTLB cache hits   (17.29%)
S0       16    <not supported> dTLB-stores             
S0       16    <not supported> dTLB-store-misses       
S0       16  1,160,827,128,555 iTLB-loads                                                    (16.28%)
S0       16         72,687,912 iTLB-load-misses          #    0.10% of all iTLB cache hits   (11.10%)
S0       16    515,889,564,131 branch-loads                                                  (16.68%)
S0       16     19,295,002,026 branch-load-misses                                            (22.54%)
S1       16     16,306,360,651 cache-misses                                                  (22.16%)
S1       16 18,642,195,675,396 cycles                    #    0.000 GHz                      (22.36%)
S1       16  4,355,443,131,701 instructions              #    0.00  insns per cycle          (28.08%)
S1       16          3,404,265 cs                                                            (100.00%)
S1       16              1,463 migrations                                                    (100.00%)
S1       16             61,297 faults                                                      
S1       16    <not supported> bus-cycles              
S1       16 13,808,362,229,429 idle-cycles-frontend      #    0.00% frontend cycles idle     (17.04%)
S1       16  1,353,650,323,485 idle-cycles-backend       #    0.00% backend  cycles idle     (16.86%)
S1       16  1,940,938,939,856 L1-dcache-loads                                               (22.42%)
S1       16     35,886,126,243 L1-dcache-load-misses                                         (27.94%)
S1       16     45,677,941,666 L1-dcache-stores                                              (27.74%)
S1       16    <not supported> L1-dcache-store-misses  
S1       16                  0 L1-dcache-prefetch-misses                                     (27.65%)
S1       16     16,522,488,041 L1-icache-load-misses                                         (27.62%)
S1       16     63,105,655,057 LLC-loads                                                     (11.06%)
S1       16     10,225,243,372 LLC-stores                                                    (11.03%)
S1       16    <not supported> LLC-prefetches          
S1       16  1,981,539,211,597 dTLB-loads                                                    (16.58%)
S1       16      1,785,197,890 dTLB-load-misses                                              (16.56%)
S1       16    <not supported> dTLB-stores             
S1       16    <not supported> dTLB-store-misses       
S1       16  1,177,931,208,005 iTLB-loads                                                    (16.59%)
S1       16         73,341,849 iTLB-load-misses                                              (11.07%)
S1       16    522,490,029,252 branch-loads                                                  (16.62%)
S1       16     19,649,617,184 branch-load-misses                                            (22.11%)
S2       16     16,189,153,722 cache-misses                                                  (22.18%)
S2       16 18,625,276,798,055 cycles                    #    0.000 GHz                      (20.91%)
S2       16  4,334,706,113,807 instructions              #    0.00  insns per cycle          (27.85%)
S2       16          5,989,326 cs                                                            (100.00%)
S2       16              1,682 migrations                                                    (100.00%)
S2       16             49,008 faults                                                      
S2       16    <not supported> bus-cycles              
S2       16 13,773,093,964,505 idle-cycles-frontend      #    0.00% frontend cycles idle     (18.21%)
S2       16  1,431,975,553,377 idle-cycles-backend       #    0.00% backend  cycles idle     (16.78%)
S2       16  1,924,652,922,457 L1-dcache-loads                                               (22.97%)
S2       16     35,143,260,464 L1-dcache-load-misses                                         (27.14%)
S2       16     44,918,370,667 L1-dcache-stores                                              (27.79%)
S2       16    <not supported> L1-dcache-store-misses  
S2       16                  0 L1-dcache-prefetch-misses                                     (25.62%)
S2       16     16,357,612,158 L1-icache-load-misses                                         (26.28%)
S2       16     62,037,941,017 LLC-loads                                                     (13.14%)
S2       16     10,084,055,437 LLC-stores                                                    (11.79%)
S2       16    <not supported> LLC-prefetches          
S2       16  1,944,241,721,880 dTLB-loads                                                    (18.02%)
S2       16      1,737,278,489 dTLB-load-misses                                              (17.37%)
S2       16    <not supported> dTLB-stores             
S2       16    <not supported> dTLB-store-misses       
S2       16  1,161,103,932,432 iTLB-loads                                                    (16.63%)
S2       16         71,442,520 iTLB-load-misses                                              (11.09%)
S2       16    517,415,346,572 branch-loads                                                  (16.62%)
S2       16     19,409,212,841 branch-load-misses                                            (22.11%)
S3       16     14,955,838,543 cache-misses                                                  (22.14%)
S3       16 18,513,600,825,354 cycles                    #    0.000 GHz                      (22.41%)
S3       16  3,846,808,657,287 instructions              #    0.00  insns per cycle          (28.15%)
S3       16          6,756,972 cs                                                            (100.00%)
S3       16              1,685 migrations                                                    (100.00%)
S3       16             70,742 faults                                                      
S3       16    <not supported> bus-cycles              
S3       16 14,229,067,213,631 idle-cycles-frontend      #    0.00% frontend cycles idle     (17.15%)
S3       16  1,302,563,501,837 idle-cycles-backend       #    0.00% backend  cycles idle     (16.89%)
S3       16  1,715,831,045,481 L1-dcache-loads                                               (22.45%)
S3       16     32,177,827,441 L1-dcache-load-misses                                         (27.98%)
S3       16     40,910,818,576 L1-dcache-stores                                              (27.78%)
S3       16    <not supported> L1-dcache-store-misses  
S3       16                  0 L1-dcache-prefetch-misses                                     (27.67%)
S3       16     15,106,340,768 L1-icache-load-misses                                         (27.64%)
S3       16     57,401,492,356 LLC-loads                                                     (11.01%)
S3       16      9,625,830,441 LLC-stores                                                    (11.00%)
S3       16    <not supported> LLC-prefetches          
S3       16  1,772,378,700,399 dTLB-loads                                                    (16.51%)
S3       16      1,577,167,012 dTLB-load-misses                                              (16.50%)
S3       16    <not supported> dTLB-stores             
S3       16    <not supported> dTLB-store-misses       
S3       16  1,050,770,257,395 iTLB-loads                                                    (16.54%)
S3       16         63,455,351 iTLB-load-misses                                              (11.06%)
S3       16    466,645,713,101 branch-loads                                                  (16.58%)
S3       16     17,525,896,839 branch-load-misses                                            (22.10%)

     464.779636938 seconds time elapsed

