mkdir: cannot create directory `/scratch/077-hpca4se-bioinf/jlenis/results/SNAP-Scalability': File exists
> Benchmarks for snap-beta.18: NIST7086_CGTACTAG_L002_R2_001
batman
#################################################################
# Warm up - 64 threads - T1
#################################################################
WarmUp.2592640.SNAP-Scalability.batman.t64
Welcome to SNAP version 1.0beta.23.

Loading index from directory... 147s.  3137208264 bases, seed size 20
Aligning.
Total Reads    Aligned, MAPQ >= 10    Aligned, MAPQ < 10     Unaligned              Too Short/Too Many Ns     Reads/s   Time in Aligner (s)
21,535,062     17,333,608 (80.49%)    2,875,797 (13.35%)     576,575 (2.68%)        749,082 (3.48%)           580,569   37
#################################################################
# Test multi-threading - 8 threads - T2
#################################################################
2592640.SNAP-Scalability.batman.t8
Welcome to SNAP version 1.0beta.23.

Loading index from directory... 73s.  3137208264 bases, seed size 20
Aligning.
Total Reads    Aligned, MAPQ >= 10    Aligned, MAPQ < 10     Unaligned              Too Short/Too Many Ns     Reads/s   Time in Aligner (s)
21,535,062     17,333,608 (80.49%)    2,875,797 (13.35%)     576,575 (2.68%)        749,082 (3.48%)           141,033   153

 Performance counter stats for './snap-aligner single /tmp/data/indexes/HG_index_snap /tmp/data/datasets/NIST7086_CGTACTAG_L002_R2_001.fastq -t 8 -o /scratch/077-hpca4se-bioinf/jlenis/results/SNAP-Scalability/2592640.SNAP-Scalability.batman.t8.sam':

S0       16      5,062,373,353 cache-misses                                                  (21.33%)
S0       16  3,011,385,636,517 cycles                    #    0.000 GHz                      (21.28%)
S0       16  2,180,507,773,169 instructions              #   44.69  insns per cycle        
                                             #    0.01  stalled cycles per insn  (27.68%)
S0       16            158,425 cs                                                            (100.00%)
S0       16                609 migrations                                                    (100.00%)
S0       16          1,424,193 faults                                                      
S0       16    <not supported> bus-cycles              
S0       16    630,305,772,138 idle-cycles-frontend      #  1291.70% frontend cycles idle     (17.76%)
S0       16    287,025,913,154 idle-cycles-backend       #  588.21% backend  cycles idle     (16.90%)
S0       16  1,052,951,316,698 L1-dcache-loads                                               (23.03%)
S0       16     13,501,123,618 L1-dcache-load-misses     #   81.07% of all L1-dcache hits    (28.07%)
S0       16     16,619,725,491 L1-dcache-stores                                              (28.41%)
S0       16    <not supported> L1-dcache-store-misses  
S0       16                  0 L1-dcache-prefetch-misses                                     (27.71%)
S0       16      4,973,467,159 L1-icache-load-misses                                         (28.19%)
S0       16     21,959,905,788 LLC-loads                                                     (12.46%)
S0       16      7,369,012,546 LLC-stores                                                    (11.34%)
S0       16    <not supported> LLC-prefetches          
S0       16  1,133,781,117,076 dTLB-loads                                                    (17.09%)
S0       16        631,338,371 dTLB-load-misses          #    3.52% of all dTLB cache hits   (16.33%)
S0       16    <not supported> dTLB-stores             
S0       16    <not supported> dTLB-store-misses       
S0       16    888,026,498,920 iTLB-loads                                                    (16.01%)
S0       16            928,068 iTLB-load-misses          #    0.01% of all iTLB cache hits   (10.69%)
S0       16    337,887,862,148 branch-loads                                                  (15.86%)
S0       16     25,669,250,537 branch-load-misses                                            (21.35%)
S1       16        166,499,255 cache-misses                                                  (21.95%)
S1       16     43,652,465,503 cycles                    #    0.000 GHz                      (22.33%)
S1       16      9,151,574,687 instructions              #    0.00  insns per cycle          (28.05%)
S1       16             30,918 cs                                                            (100.00%)
S1       16                497 migrations                                                    (100.00%)
S1       16             11,759 faults                                                      
S1       16    <not supported> bus-cycles              
S1       16    331,081,365,105 idle-cycles-frontend      #    0.00% frontend cycles idle     (16.95%)
S1       16     12,587,186,935 idle-cycles-backend       #    0.00% backend  cycles idle     (16.90%)
S1       16      3,414,740,741 L1-dcache-loads                                               (22.38%)
S1       16        201,315,728 L1-dcache-load-misses                                         (28.28%)
S1       16        214,250,922 L1-dcache-stores                                              (27.99%)
S1       16    <not supported> L1-dcache-store-misses  
S1       16                  0 L1-dcache-prefetch-misses                                     (28.48%)
S1       16        129,413,861 L1-icache-load-misses                                         (28.23%)
S1       16        360,877,605 LLC-loads                                                     (10.57%)
S1       16        169,197,294 LLC-stores                                                    (10.77%)
S1       16    <not supported> LLC-prefetches          
S1       16      3,569,637,828 dTLB-loads                                                    (16.22%)
S1       16             65,068 dTLB-load-misses                                              (16.65%)
S1       16    <not supported> dTLB-stores             
S1       16    <not supported> dTLB-store-misses       
S1       16      2,892,739,895 iTLB-loads                                                    (16.34%)
S1       16             60,427 iTLB-load-misses                                              (10.85%)
S1       16      2,719,216,809 branch-loads                                                  (16.14%)
S1       16         23,218,063 branch-load-misses                                            (21.60%)
S2       16         88,934,981 cache-misses                                                  (21.80%)
S2       16     34,490,562,439 cycles                    #    0.000 GHz                      (22.47%)
S2       16      7,175,120,414 instructions              #    0.00  insns per cycle          (28.42%)
S2       16             87,710 cs                                                            (100.00%)
S2       16              1,501 migrations                                                    (100.00%)
S2       16              9,429 faults                                                      
S2       16    <not supported> bus-cycles              
S2       16    207,253,837,802 idle-cycles-frontend      #    0.00% frontend cycles idle     (18.08%)
S2       16     14,972,144,383 idle-cycles-backend       #    0.00% backend  cycles idle     (17.07%)
S2       16      3,320,420,288 L1-dcache-loads                                               (22.89%)
S2       16        175,715,865 L1-dcache-load-misses                                         (28.22%)
S2       16        183,016,206 L1-dcache-stores                                              (28.01%)
S2       16    <not supported> L1-dcache-store-misses  
S2       16                  0 L1-dcache-prefetch-misses                                     (27.79%)
S2       16         85,904,323 L1-icache-load-misses                                         (27.86%)
S2       16        267,615,847 LLC-loads                                                     (10.82%)
S2       16        200,234,124 LLC-stores                                                    (10.59%)
S2       16    <not supported> LLC-prefetches          
S2       16      3,466,020,952 dTLB-loads                                                    (16.08%)
S2       16             84,393 dTLB-load-misses                                              (16.26%)
S2       16    <not supported> dTLB-stores             
S2       16    <not supported> dTLB-store-misses       
S2       16      1,770,212,209 iTLB-loads                                                    (16.37%)
S2       16             78,827 iTLB-load-misses                                              (10.90%)
S2       16      1,098,068,463 branch-loads                                                  (16.66%)
S2       16         12,210,608 branch-load-misses                                            (21.77%)
S3       16        223,599,023 cache-misses                                                  (21.49%)
S3       16     33,452,766,838 cycles                    #    0.000 GHz                      (21.16%)
S3       16     10,784,886,360 instructions              #    0.00  insns per cycle          (27.70%)
S3       16             31,210 cs                                                            (100.00%)
S3       16                690 migrations                                                    (100.00%)
S3       16             16,555 faults                                                      
S3       16    <not supported> bus-cycles              
S3       16    189,799,305,580 idle-cycles-frontend      #    0.00% frontend cycles idle     (19.28%)
S3       16     12,122,352,121 idle-cycles-backend       #    0.00% backend  cycles idle     (15.28%)
S3       16      6,165,743,758 L1-dcache-loads                                               (23.36%)
S3       16        296,936,379 L1-dcache-load-misses                                         (26.92%)
S3       16        306,002,462 L1-dcache-stores                                              (27.20%)
S3       16    <not supported> L1-dcache-store-misses  
S3       16                  0 L1-dcache-prefetch-misses                                     (22.69%)
S3       16        231,844,639 L1-icache-load-misses                                         (25.87%)
S3       16        518,451,386 LLC-loads                                                     (14.33%)
S3       16        120,209,742 LLC-stores                                                    (13.12%)
S3       16    <not supported> LLC-prefetches          
S3       16      5,847,654,442 dTLB-loads                                                    (19.17%)
S3       16            525,343 dTLB-load-misses                                              (19.63%)
S3       16    <not supported> dTLB-stores             
S3       16    <not supported> dTLB-store-misses       
S3       16      4,710,831,295 iTLB-loads                                                    (15.46%)
S3       16            170,927 iTLB-load-misses                                              (11.35%)
S3       16      1,822,663,579 branch-loads                                                  (17.30%)
S3       16         70,097,528 branch-load-misses                                            (23.20%)

     226.798268409 seconds time elapsed

#################################################################
# Test multi-threading - 16 threads - T3
#################################################################
2592640.SNAP-Scalability.batman.t16
Welcome to SNAP version 1.0beta.23.

Loading index from directory... 259s.  3137208264 bases, seed size 20
Aligning.
Total Reads    Aligned, MAPQ >= 10    Aligned, MAPQ < 10     Unaligned              Too Short/Too Many Ns     Reads/s   Time in Aligner (s)
21,535,062     17,333,608 (80.49%)    2,875,797 (13.35%)     576,575 (2.68%)        749,082 (3.48%)           285,569   75

 Performance counter stats for './snap-aligner single /tmp/data/indexes/HG_index_snap /tmp/data/datasets/NIST7086_CGTACTAG_L002_R2_001.fastq -t 16 -o /scratch/077-hpca4se-bioinf/jlenis/results/SNAP-Scalability/2592640.SNAP-Scalability.batman.t16.sam':

S0       16      5,491,313,871 cache-misses                                                  (21.65%)
S0       16  3,053,311,238,709 cycles                    #    0.000 GHz                      (22.04%)
S0       16  2,440,104,769,572 instructions              #   48.23  insns per cycle        
                                             #    0.01  stalled cycles per insn  (27.73%)
S0       16            132,040 cs                                                            (100.00%)
S0       16              1,220 migrations                                                    (100.00%)
S0       16          1,419,422 faults                                                      
S0       16    <not supported> bus-cycles              
S0       16    919,866,530,254 idle-cycles-frontend      #  1818.09% frontend cycles idle     (17.27%)
S0       16    513,307,917,432 idle-cycles-backend       #  1014.54% backend  cycles idle     (17.43%)
S0       16  1,073,792,471,229 L1-dcache-loads                                               (23.02%)
S0       16     17,339,021,449 L1-dcache-load-misses     #  100.22% of all L1-dcache hits    (28.74%)
S0       16     20,308,583,457 L1-dcache-stores                                              (28.55%)
S0       16    <not supported> L1-dcache-store-misses  
S0       16                  0 L1-dcache-prefetch-misses                                     (28.43%)
S0       16      5,427,120,834 L1-icache-load-misses                                         (27.86%)
S0       16     26,479,603,946 LLC-loads                                                     (10.90%)
S0       16      6,324,116,234 LLC-stores                                                    (11.22%)
S0       16    <not supported> LLC-prefetches          
S0       16  1,118,445,626,371 dTLB-loads                                                    (16.64%)
S0       16        605,360,585 dTLB-load-misses          #    3.36% of all dTLB cache hits   (16.04%)
S0       16    <not supported> dTLB-stores             
S0       16    <not supported> dTLB-store-misses       
S0       16    924,296,627,794 iTLB-loads                                                    (16.19%)
S0       16          1,498,518 iTLB-load-misses          #    0.01% of all iTLB cache hits   (10.97%)
S0       16    366,444,133,056 branch-loads                                                  (16.37%)
S0       16     25,528,119,346 branch-load-misses                                            (21.92%)
S1       16        172,471,468 cache-misses                                                  (21.29%)
S1       16     47,238,037,367 cycles                    #    0.000 GHz                      (21.50%)
S1       16      9,877,699,161 instructions              #    0.00  insns per cycle          (27.75%)
S1       16             65,524 cs                                                            (100.00%)
S1       16                433 migrations                                                    (100.00%)
S1       16             18,024 faults                                                      
S1       16    <not supported> bus-cycles              
S1       16    289,627,361,090 idle-cycles-frontend      #    0.00% frontend cycles idle     (17.40%)
S1       16     20,842,804,252 idle-cycles-backend       #    0.00% backend  cycles idle     (17.62%)
S1       16      5,713,943,200 L1-dcache-loads                                               (23.44%)
S1       16        226,690,103 L1-dcache-load-misses                                         (29.11%)
S1       16        451,733,499 L1-dcache-stores                                              (28.45%)
S1       16    <not supported> L1-dcache-store-misses  
S1       16                  0 L1-dcache-prefetch-misses                                     (28.72%)
S1       16        169,887,606 L1-icache-load-misses                                         (28.45%)
S1       16        666,935,850 LLC-loads                                                     (10.85%)
S1       16        445,795,486 LLC-stores                                                    (11.07%)
S1       16    <not supported> LLC-prefetches          
S1       16      6,332,492,237 dTLB-loads                                                    (16.48%)
S1       16             99,364 dTLB-load-misses                                              (16.08%)
S1       16    <not supported> dTLB-stores             
S1       16    <not supported> dTLB-store-misses       
S1       16      2,547,128,714 iTLB-loads                                                    (16.10%)
S1       16             72,935 iTLB-load-misses                                              (10.94%)
S1       16      1,811,606,675 branch-loads                                                  (16.19%)
S1       16         24,878,628 branch-load-misses                                            (21.60%)
S2       16         87,106,587 cache-misses                                                  (22.34%)
S2       16     28,272,026,845 cycles                    #    0.000 GHz                      (22.25%)
S2       16      6,410,540,453 instructions              #    0.00  insns per cycle          (28.01%)
S2       16             72,216 cs                                                            (100.00%)
S2       16                730 migrations                                                    (100.00%)
S2       16             14,175 faults                                                      
S2       16    <not supported> bus-cycles              
S2       16    220,576,339,748 idle-cycles-frontend      #    0.00% frontend cycles idle     (16.87%)
S2       16     14,325,062,916 idle-cycles-backend       #    0.00% backend  cycles idle     (16.98%)
S2       16      5,020,153,248 L1-dcache-loads                                               (22.51%)
S2       16        231,674,989 L1-dcache-load-misses                                         (27.85%)
S2       16        243,126,955 L1-dcache-stores                                              (27.53%)
S2       16    <not supported> L1-dcache-store-misses  
S2       16                  0 L1-dcache-prefetch-misses                                     (27.45%)
S2       16        105,069,708 L1-icache-load-misses                                         (27.29%)
S2       16        240,423,264 LLC-loads                                                     (10.89%)
S2       16        150,065,627 LLC-stores                                                    (11.41%)
S2       16    <not supported> LLC-prefetches          
S2       16      3,058,090,210 dTLB-loads                                                    (16.83%)
S2       16             67,059 dTLB-load-misses                                              (17.04%)
S2       16    <not supported> dTLB-stores             
S2       16    <not supported> dTLB-store-misses       
S2       16      1,595,866,967 iTLB-loads                                                    (16.50%)
S2       16             44,504 iTLB-load-misses                                              (10.99%)
S2       16      1,087,338,337 branch-loads                                                  (16.63%)
S2       16         12,521,296 branch-load-misses                                            (22.20%)
S3       16        328,089,932 cache-misses                                                  (20.38%)
S3       16    109,264,881,798 cycles                    #    0.000 GHz                      (19.89%)
S3       16     43,670,286,509 instructions              #    0.00  insns per cycle          (27.52%)
S3       16             84,789 cs                                                            (100.00%)
S3       16              1,656 migrations                                                    (100.00%)
S3       16             33,130 faults                                                      
S3       16    <not supported> bus-cycles              
S3       16    277,449,394,532 idle-cycles-frontend      #    0.00% frontend cycles idle     (21.13%)
S3       16     65,107,054,497 idle-cycles-backend       #    0.00% backend  cycles idle     (17.44%)
S3       16     22,754,484,654 L1-dcache-loads                                               (22.73%)
S3       16        916,517,636 L1-dcache-load-misses                                         (25.56%)
S3       16      1,651,904,632 L1-dcache-stores                                              (27.19%)
S3       16    <not supported> L1-dcache-store-misses  
S3       16                  0 L1-dcache-prefetch-misses                                     (24.11%)
S3       16        284,780,187 L1-icache-load-misses                                         (24.43%)
S3       16      1,916,481,231 LLC-loads                                                     (14.69%)
S3       16      1,083,647,908 LLC-stores                                                    (12.10%)
S3       16    <not supported> LLC-prefetches          
S3       16     24,006,624,991 dTLB-loads                                                    (18.78%)
S3       16          2,820,462 dTLB-load-misses                                              (17.91%)
S3       16    <not supported> dTLB-stores             
S3       16    <not supported> dTLB-store-misses       
S3       16     11,368,409,464 iTLB-loads                                                    (16.82%)
S3       16            506,051 iTLB-load-misses                                              (11.11%)
S3       16      7,647,521,781 branch-loads                                                  (16.68%)
S3       16         99,148,672 branch-load-misses                                            (22.04%)

     335.494495216 seconds time elapsed

#################################################################
# Test multi-threading - 32 threads - T4 
#################################################################
2592640.SNAP-Scalability.batman.t32
Welcome to SNAP version 1.0beta.23.

Loading index from directory... 520s.  3137208264 bases, seed size 20
Aligning.
Total Reads    Aligned, MAPQ >= 10    Aligned, MAPQ < 10     Unaligned              Too Short/Too Many Ns     Reads/s   Time in Aligner (s)
21,535,062     17,333,608 (80.49%)    2,875,797 (13.35%)     576,575 (2.68%)        749,082 (3.48%)           538,928   40

 Performance counter stats for './snap-aligner single /tmp/data/indexes/HG_index_snap /tmp/data/datasets/NIST7086_CGTACTAG_L002_R2_001.fastq -t 32 -o /scratch/077-hpca4se-bioinf/jlenis/results/SNAP-Scalability/2592640.SNAP-Scalability.batman.t32.sam':

S0       16      2,161,588,432 cache-misses                                                  (21.56%)
S0       16  1,512,656,106,291 cycles                    #    0.000 GHz                      (21.65%)
S0       16  1,068,278,362,478 instructions              #   15.98  insns per cycle        
                                             #    0.04  stalled cycles per insn  (27.09%)
S0       16            109,895 cs                                                            (100.00%)
S0       16              1,819 migrations                                                    (100.00%)
S0       16            751,637 faults                                                      
S0       16    <not supported> bus-cycles              
S0       16    323,236,676,337 idle-cycles-frontend      #  483.37% frontend cycles idle     (16.67%)
S0       16    157,600,692,068 idle-cycles-backend       #  235.68% backend  cycles idle     (16.28%)
S0       16    485,400,557,308 L1-dcache-loads                                               (21.80%)
S0       16      6,182,187,709 L1-dcache-load-misses     #   31.75% of all L1-dcache hits    (27.30%)
S0       16      6,808,689,027 L1-dcache-stores                                              (27.48%)
S0       16    <not supported> L1-dcache-store-misses  
S0       16                  0 L1-dcache-prefetch-misses                                     (27.79%)
S0       16      2,023,268,862 L1-icache-load-misses                                         (28.26%)
S0       16      8,704,464,303 LLC-loads                                                     (11.32%)
S0       16      2,417,871,869 LLC-stores                                                    (11.21%)
S0       16    <not supported> LLC-prefetches          
S0       16    466,695,413,849 dTLB-loads                                                    (17.02%)
S0       16        311,984,864 dTLB-load-misses          #    1.62% of all dTLB cache hits   (17.23%)
S0       16    <not supported> dTLB-stores             
S0       16    <not supported> dTLB-store-misses       
S0       16    403,779,668,795 iTLB-loads                                                    (17.00%)
S0       16          1,245,384 iTLB-load-misses          #    0.01% of all iTLB cache hits   (11.03%)
S0       16    151,876,778,500 branch-loads                                                  (16.43%)
S0       16     13,255,528,010 branch-load-misses                                            (21.42%)
S1       16      2,981,193,514 cache-misses                                                  (21.04%)
S1       16  1,489,466,217,721 cycles                    #    0.000 GHz                      (21.85%)
S1       16  1,022,578,102,095 instructions              #    0.00  insns per cycle          (27.60%)
S1       16             73,681 cs                                                            (100.00%)
S1       16                659 migrations                                                    (100.00%)
S1       16            714,631 faults                                                      
S1       16    <not supported> bus-cycles              
S1       16    261,995,595,044 idle-cycles-frontend      #    0.00% frontend cycles idle     (17.72%)
S1       16    161,713,098,668 idle-cycles-backend       #    0.00% backend  cycles idle     (16.96%)
S1       16    463,020,523,959 L1-dcache-loads                                               (22.55%)
S1       16      6,438,316,786 L1-dcache-load-misses                                         (28.03%)
S1       16      7,324,141,733 L1-dcache-stores                                              (27.82%)
S1       16    <not supported> L1-dcache-store-misses  
S1       16                  0 L1-dcache-prefetch-misses                                     (27.90%)
S1       16      2,878,306,035 L1-icache-load-misses                                         (27.97%)
S1       16     10,169,316,271 LLC-loads                                                     (11.33%)
S1       16      2,656,229,558 LLC-stores                                                    (11.14%)
S1       16    <not supported> LLC-prefetches          
S1       16    465,679,937,158 dTLB-loads                                                    (16.80%)
S1       16        326,455,257 dTLB-load-misses                                              (16.56%)
S1       16    <not supported> dTLB-stores             
S1       16    <not supported> dTLB-store-misses       
S1       16    405,620,991,461 iTLB-loads                                                    (16.47%)
S1       16          1,293,599 iTLB-load-misses                                              (11.06%)
S1       16    149,049,384,316 branch-loads                                                  (16.51%)
S1       16     12,481,033,262 branch-load-misses                                            (21.79%)
S2       16        142,763,442 cache-misses                                                  (22.05%)
S2       16     46,287,151,682 cycles                    #    0.000 GHz                      (21.93%)
S2       16     10,730,893,896 instructions              #    0.00  insns per cycle          (27.35%)
S2       16            131,000 cs                                                            (100.00%)
S2       16              2,011 migrations                                                    (100.00%)
S2       16             24,017 faults                                                      
S2       16    <not supported> bus-cycles              
S2       16    268,809,813,852 idle-cycles-frontend      #    0.00% frontend cycles idle     (16.82%)
S2       16     17,511,368,585 idle-cycles-backend       #    0.00% backend  cycles idle     (16.59%)
S2       16      4,955,884,726 L1-dcache-loads                                               (22.35%)
S2       16        232,734,450 L1-dcache-load-misses                                         (27.94%)
S2       16        244,961,861 L1-dcache-stores                                              (28.28%)
S2       16    <not supported> L1-dcache-store-misses  
S2       16                  0 L1-dcache-prefetch-misses                                     (27.95%)
S2       16        147,831,137 L1-icache-load-misses                                         (28.14%)
S2       16        379,630,414 LLC-loads                                                     (11.32%)
S2       16        235,740,530 LLC-stores                                                    (11.14%)
S2       16    <not supported> LLC-prefetches          
S2       16      4,966,732,212 dTLB-loads                                                    (16.79%)
S2       16            152,155 dTLB-load-misses                                              (16.42%)
S2       16    <not supported> dTLB-stores             
S2       16    <not supported> dTLB-store-misses       
S2       16      2,761,668,367 iTLB-loads                                                    (16.44%)
S2       16            129,291 iTLB-load-misses                                              (11.19%)
S2       16      1,826,730,850 branch-loads                                                  (16.57%)
S2       16         21,042,238 branch-load-misses                                            (22.08%)
S3       16        730,142,221 cache-misses                                                  (21.31%)
S3       16  1,231,342,358,099 cycles                    #    0.000 GHz                      (20.18%)
S3       16    691,817,545,849 instructions              #    0.00  insns per cycle          (27.45%)
S3       16            161,403 cs                                                            (100.00%)
S3       16              1,640 migrations                                                    (100.00%)
S3       16             64,074 faults                                                      
S3       16    <not supported> bus-cycles              
S3       16  1,547,643,160,107 idle-cycles-frontend      #    0.00% frontend cycles idle     (16.95%)
S3       16    891,220,944,863 idle-cycles-backend       #    0.00% backend  cycles idle     (17.36%)
S3       16    292,971,062,492 L1-dcache-loads                                               (23.56%)
S3       16     11,259,913,723 L1-dcache-load-misses                                         (26.61%)
S3       16     13,657,228,244 L1-dcache-stores                                              (28.15%)
S3       16    <not supported> L1-dcache-store-misses  
S3       16                  0 L1-dcache-prefetch-misses                                     (24.24%)
S3       16        774,036,854 L1-icache-load-misses                                         (25.06%)
S3       16     14,439,920,857 LLC-loads                                                     (14.07%)
S3       16      5,011,292,649 LLC-stores                                                    (15.08%)
S3       16    <not supported> LLC-prefetches          
S3       16    293,958,636,635 dTLB-loads                                                    (18.83%)
S3       16         21,619,504 dTLB-load-misses                                              (17.56%)
S3       16    <not supported> dTLB-stores             
S3       16    <not supported> dTLB-store-misses       
S3       16    162,848,331,260 iTLB-loads                                                    (17.00%)
S3       16            655,077 iTLB-load-misses                                              (11.18%)
S3       16    118,544,258,246 branch-loads                                                  (16.64%)
S3       16        690,461,566 branch-load-misses                                            (21.66%)

     560.686379635 seconds time elapsed

#################################################################
# Test multi-threading - 48 threads - T5
#################################################################
2592640.SNAP-Scalability.batman.t48
Welcome to SNAP version 1.0beta.23.

Loading index from directory... 296s.  3137208264 bases, seed size 20
Aligning.
Total Reads    Aligned, MAPQ >= 10    Aligned, MAPQ < 10     Unaligned              Too Short/Too Many Ns     Reads/s   Time in Aligner (s)
21,535,062     17,333,608 (80.49%)    2,875,797 (13.35%)     576,575 (2.68%)        749,082 (3.48%)           577,796   37

 Performance counter stats for './snap-aligner single /tmp/data/indexes/HG_index_snap /tmp/data/datasets/NIST7086_CGTACTAG_L002_R2_001.fastq -t 48 -o /scratch/077-hpca4se-bioinf/jlenis/results/SNAP-Scalability/2592640.SNAP-Scalability.batman.t48.sam':

S0       16      1,833,646,844 cache-misses                                                  (22.06%)
S0       16  1,597,821,546,127 cycles                    #    0.000 GHz                      (22.79%)
S0       16    906,790,819,936 instructions              #   13.05  insns per cycle        
                                             #    0.04  stalled cycles per insn  (28.56%)
S0       16             99,029 cs                                                            (100.00%)
S0       16              1,120 migrations                                                    (100.00%)
S0       16            498,692 faults                                                      
S0       16    <not supported> bus-cycles              
S0       16    765,077,536,819 idle-cycles-frontend      #  1101.45% frontend cycles idle     (17.69%)
S0       16    457,807,060,957 idle-cycles-backend       #  659.09% backend  cycles idle     (17.43%)
S0       16    410,555,322,428 L1-dcache-loads                                               (22.91%)
S0       16      7,041,997,444 L1-dcache-load-misses     #   41.18% of all L1-dcache hits    (28.45%)
S0       16      8,474,623,214 L1-dcache-stores                                              (28.40%)
S0       16    <not supported> L1-dcache-store-misses  
S0       16                  0 L1-dcache-prefetch-misses                                     (27.73%)
S0       16      1,842,551,594 L1-icache-load-misses                                         (27.37%)
S0       16     10,565,955,285 LLC-loads                                                     (10.92%)
S0       16      2,954,334,629 LLC-stores                                                    (10.90%)
S0       16    <not supported> LLC-prefetches          
S0       16    427,416,085,863 dTLB-loads                                                    (16.26%)
S0       16        234,079,016 dTLB-load-misses          #    1.35% of all dTLB cache hits   (16.19%)
S0       16    <not supported> dTLB-stores             
S0       16    <not supported> dTLB-store-misses       
S0       16    336,507,266,452 iTLB-loads                                                    (16.20%)
S0       16          1,352,931 iTLB-load-misses          #    0.01% of all iTLB cache hits   (10.73%)
S0       16    143,209,907,518 branch-loads                                                  (16.13%)
S0       16      8,743,427,002 branch-load-misses                                            (21.69%)
S1       16      2,387,666,514 cache-misses                                                  (22.10%)
S1       16  1,320,262,335,363 cycles                    #    0.000 GHz                      (22.24%)
S1       16    691,777,686,074 instructions              #    0.00  insns per cycle          (27.89%)
S1       16             50,958 cs                                                            (100.00%)
S1       16                317 migrations                                                    (100.00%)
S1       16            475,643 faults                                                      
S1       16    <not supported> bus-cycles              
S1       16    379,550,926,175 idle-cycles-frontend      #    0.00% frontend cycles idle     (16.96%)
S1       16    258,042,011,454 idle-cycles-backend       #    0.00% backend  cycles idle     (16.87%)
S1       16    324,335,600,682 L1-dcache-loads                                               (22.49%)
S1       16      4,748,885,228 L1-dcache-load-misses                                         (27.99%)
S1       16      5,369,725,812 L1-dcache-stores                                              (27.76%)
S1       16    <not supported> L1-dcache-store-misses  
S1       16                  0 L1-dcache-prefetch-misses                                     (27.78%)
S1       16      2,252,717,046 L1-icache-load-misses                                         (28.16%)
S1       16      7,577,397,120 LLC-loads                                                     (11.22%)
S1       16      1,975,071,014 LLC-stores                                                    (11.24%)
S1       16    <not supported> LLC-prefetches          
S1       16    322,770,831,274 dTLB-loads                                                    (16.90%)
S1       16        218,899,398 dTLB-load-misses                                              (16.78%)
S1       16    <not supported> dTLB-stores             
S1       16    <not supported> dTLB-store-misses       
S1       16    286,658,880,602 iTLB-loads                                                    (16.13%)
S1       16          1,389,150 iTLB-load-misses                                              (10.54%)
S1       16    105,380,766,297 branch-loads                                                  (15.93%)
S1       16      8,433,233,029 branch-load-misses                                            (21.61%)
S2       16      1,636,882,991 cache-misses                                                  (21.56%)
S2       16  1,326,459,301,109 cycles                    #    0.000 GHz                      (22.09%)
S2       16    697,915,897,928 instructions              #    0.00  insns per cycle          (27.70%)
S2       16            152,114 cs                                                            (100.00%)
S2       16                947 migrations                                                    (100.00%)
S2       16            496,821 faults                                                      
S2       16    <not supported> bus-cycles              
S2       16    383,001,592,256 idle-cycles-frontend      #    0.00% frontend cycles idle     (17.22%)
S2       16    269,197,910,734 idle-cycles-backend       #    0.00% backend  cycles idle     (16.46%)
S2       16    332,132,498,366 L1-dcache-loads                                               (21.95%)
S2       16      4,380,120,146 L1-dcache-load-misses                                         (27.59%)
S2       16      5,104,711,902 L1-dcache-stores                                              (27.82%)
S2       16    <not supported> L1-dcache-store-misses  
S2       16                  0 L1-dcache-prefetch-misses                                     (28.18%)
S2       16      1,599,437,256 L1-icache-load-misses                                         (28.14%)
S2       16      6,847,864,488 LLC-loads                                                     (10.98%)
S2       16      2,191,331,571 LLC-stores                                                    (11.26%)
S2       16    <not supported> LLC-prefetches          
S2       16    325,217,318,404 dTLB-loads                                                    (16.85%)
S2       16        219,521,368 dTLB-load-misses                                              (16.94%)
S2       16    <not supported> dTLB-stores             
S2       16    <not supported> dTLB-store-misses       
S2       16    279,066,711,580 iTLB-loads                                                    (16.28%)
S2       16          1,373,468 iTLB-load-misses                                              (10.89%)
S2       16    102,466,023,706 branch-loads                                                  (16.35%)
S2       16      8,475,406,049 branch-load-misses                                            (21.92%)
S3       16        599,135,796 cache-misses                                                  (21.94%)
S3       16    200,952,303,641 cycles                    #    0.000 GHz                      (20.95%)
S3       16     59,416,187,471 instructions              #    0.00  insns per cycle          (27.28%)
S3       16            220,292 cs                                                            (100.00%)
S3       16              2,902 migrations                                                    (100.00%)
S3       16             38,895 faults                                                      
S3       16    <not supported> bus-cycles              
S3       16    556,871,740,732 idle-cycles-frontend      #    0.00% frontend cycles idle     (18.08%)
S3       16    101,270,530,559 idle-cycles-backend       #    0.00% backend  cycles idle     (17.33%)
S3       16     27,513,535,515 L1-dcache-loads                                               (22.71%)
S3       16      1,051,794,269 L1-dcache-load-misses                                         (27.39%)
S3       16      2,284,731,863 L1-dcache-stores                                              (27.71%)
S3       16    <not supported> L1-dcache-store-misses  
S3       16                  0 L1-dcache-prefetch-misses                                     (26.08%)
S3       16        521,493,631 L1-icache-load-misses                                         (26.25%)
S3       16      3,288,281,134 LLC-loads                                                     (12.37%)
S3       16      2,326,115,292 LLC-stores                                                    (11.29%)
S3       16    <not supported> LLC-prefetches          
S3       16     33,887,650,009 dTLB-loads                                                    (16.99%)
S3       16          3,723,446 dTLB-load-misses                                              (17.15%)
S3       16    <not supported> dTLB-stores             
S3       16    <not supported> dTLB-store-misses       
S3       16     17,006,446,404 iTLB-loads                                                    (16.93%)
S3       16            526,500 iTLB-load-misses                                              (10.91%)
S3       16     12,570,095,938 branch-loads                                                  (16.49%)
S3       16        135,136,904 branch-load-misses                                            (22.07%)

     334.254608710 seconds time elapsed

#################################################################
# Test multi-threading - 64 threads - T6
#################################################################
2592640.SNAP-Scalability.batman.t64
Welcome to SNAP version 1.0beta.23.

Loading index from directory... 300s.  3137208264 bases, seed size 20
Aligning.
Total Reads    Aligned, MAPQ >= 10    Aligned, MAPQ < 10     Unaligned              Too Short/Too Many Ns     Reads/s   Time in Aligner (s)
21,535,062     17,333,608 (80.49%)    2,875,797 (13.35%)     576,575 (2.68%)        749,082 (3.48%)           395,175   54

 Performance counter stats for './snap-aligner single /tmp/data/indexes/HG_index_snap /tmp/data/datasets/NIST7086_CGTACTAG_L002_R2_001.fastq -t 64 -o /scratch/077-hpca4se-bioinf/jlenis/results/SNAP-Scalability/2592640.SNAP-Scalability.batman.t64.sam':

S0       16      1,278,318,765 cache-misses                                                  (21.34%)
S0       16  1,224,325,612,883 cycles                    #    0.000 GHz                      (21.67%)
S0       16    530,256,667,621 instructions              #    6.22  insns per cycle        
                                             #    0.05  stalled cycles per insn  (27.64%)
S0       16            103,762 cs                                                            (100.00%)
S0       16              1,313 migrations                                                    (100.00%)
S0       16            390,353 faults                                                      
S0       16    <not supported> bus-cycles              
S0       16    252,301,066,899 idle-cycles-frontend      #  296.05% frontend cycles idle     (17.28%)
S0       16    260,835,470,781 idle-cycles-backend       #  306.07% backend  cycles idle     (17.37%)
S0       16    239,489,944,450 L1-dcache-loads                                               (22.88%)
S0       16      3,115,966,309 L1-dcache-load-misses     #   17.69% of all L1-dcache hits    (28.84%)
S0       16      3,528,093,608 L1-dcache-stores                                              (28.38%)
S0       16    <not supported> L1-dcache-store-misses  
S0       16                  0 L1-dcache-prefetch-misses                                     (28.39%)
S0       16      1,214,977,976 L1-icache-load-misses                                         (28.28%)
S0       16      4,862,471,572 LLC-loads                                                     (11.09%)
S0       16      1,364,452,162 LLC-stores                                                    (11.07%)
S0       16    <not supported> LLC-prefetches          
S0       16    247,885,065,811 dTLB-loads                                                    (16.65%)
S0       16        160,720,333 dTLB-load-misses          #    0.89% of all dTLB cache hits   (16.49%)
S0       16    <not supported> dTLB-stores             
S0       16    <not supported> dTLB-store-misses       
S0       16    214,284,803,941 iTLB-loads                                                    (16.49%)
S0       16          1,727,939 iTLB-load-misses          #    0.01% of all iTLB cache hits   (10.54%)
S0       16     78,639,537,091 branch-loads                                                  (16.31%)
S0       16      6,774,664,039 branch-load-misses                                            (21.19%)
S1       16      2,112,951,915 cache-misses                                                  (22.30%)
S1       16  1,241,607,045,159 cycles                    #    0.000 GHz                      (22.48%)
S1       16    567,342,864,925 instructions              #    0.00  insns per cycle          (28.06%)
S1       16             67,757 cs                                                            (100.00%)
S1       16                524 migrations                                                    (100.00%)
S1       16            376,696 faults                                                      
S1       16    <not supported> bus-cycles              
S1       16    321,453,828,373 idle-cycles-frontend      #    0.00% frontend cycles idle     (17.04%)
S1       16    309,371,913,992 idle-cycles-backend       #    0.00% backend  cycles idle     (16.59%)
S1       16    271,108,541,703 L1-dcache-loads                                               (22.30%)
S1       16      4,420,953,503 L1-dcache-load-misses                                         (27.60%)
S1       16      5,047,816,156 L1-dcache-stores                                              (27.51%)
S1       16    <not supported> L1-dcache-store-misses  
S1       16                  0 L1-dcache-prefetch-misses                                     (27.35%)
S1       16      2,156,448,318 L1-icache-load-misses                                         (27.59%)
S1       16      6,952,085,163 LLC-loads                                                     (11.00%)
S1       16      1,783,312,012 LLC-stores                                                    (10.86%)
S1       16    <not supported> LLC-prefetches          
S1       16    271,145,847,944 dTLB-loads                                                    (16.60%)
S1       16        186,263,940 dTLB-load-misses                                              (16.60%)
S1       16    <not supported> dTLB-stores             
S1       16    <not supported> dTLB-store-misses       
S1       16    219,591,878,970 iTLB-loads                                                    (16.82%)
S1       16          1,646,454 iTLB-load-misses                                              (11.37%)
S1       16     83,394,628,856 branch-loads                                                  (16.80%)
S1       16      6,299,348,819 branch-load-misses                                            (22.25%)
S2       16      1,158,164,994 cache-misses                                                  (22.59%)
S2       16  1,165,766,872,055 cycles                    #    0.000 GHz                      (22.65%)
S2       16    511,973,816,846 instructions              #    0.00  insns per cycle          (28.55%)
S2       16            107,624 cs                                                            (100.00%)
S2       16              1,397 migrations                                                    (100.00%)
S2       16            385,240 faults                                                      
S2       16    <not supported> bus-cycles              
S2       16    231,522,979,965 idle-cycles-frontend      #    0.00% frontend cycles idle     (17.54%)
S2       16    266,497,981,382 idle-cycles-backend       #    0.00% backend  cycles idle     (17.11%)
S2       16    240,456,317,467 L1-dcache-loads                                               (22.68%)
S2       16      3,133,577,203 L1-dcache-load-misses                                         (28.08%)
S2       16      3,523,189,380 L1-dcache-stores                                              (27.61%)
S2       16    <not supported> L1-dcache-store-misses  
S2       16                  0 L1-dcache-prefetch-misses                                     (27.23%)
S2       16      1,195,231,663 L1-icache-load-misses                                         (27.49%)
S2       16      4,653,657,999 LLC-loads                                                     (11.29%)
S2       16      1,297,336,799 LLC-stores                                                    (11.09%)
S2       16    <not supported> LLC-prefetches          
S2       16    250,151,740,536 dTLB-loads                                                    (16.53%)
S2       16        187,022,543 dTLB-load-misses                                              (15.86%)
S2       16    <not supported> dTLB-stores             
S2       16    <not supported> dTLB-store-misses       
S2       16    224,126,288,015 iTLB-loads                                                    (15.99%)
S2       16          1,594,182 iTLB-load-misses                                              (11.16%)
S2       16     76,808,284,105 branch-loads                                                  (16.53%)
S2       16      6,416,477,633 branch-load-misses                                            (22.11%)
S3       16      1,450,347,459 cache-misses                                                  (22.29%)
S3       16  1,822,490,579,945 cycles                    #    0.000 GHz                      (22.12%)
S3       16    820,381,121,205 instructions              #    0.00  insns per cycle          (28.26%)
S3       16            192,069 cs                                                            (100.00%)
S3       16              1,318 migrations                                                    (100.00%)
S3       16            381,257 faults                                                      
S3       16    <not supported> bus-cycles              
S3       16    983,903,496,899 idle-cycles-frontend      #    0.00% frontend cycles idle     (17.97%)
S3       16    744,715,269,536 idle-cycles-backend       #    0.00% backend  cycles idle     (16.84%)
S3       16    376,094,521,690 L1-dcache-loads                                               (22.89%)
S3       16      8,261,434,089 L1-dcache-load-misses                                         (27.29%)
S3       16     10,671,875,804 L1-dcache-stores                                              (27.84%)
S3       16    <not supported> L1-dcache-store-misses  
S3       16                  0 L1-dcache-prefetch-misses                                     (26.32%)
S3       16      1,518,916,978 L1-icache-load-misses                                         (26.80%)
S3       16     12,140,454,632 LLC-loads                                                     (12.40%)
S3       16      4,699,065,342 LLC-stores                                                    (11.02%)
S3       16    <not supported> LLC-prefetches          
S3       16    387,954,837,338 dTLB-loads                                                    (16.87%)
S3       16        170,323,346 dTLB-load-misses                                              (16.57%)
S3       16    <not supported> dTLB-stores             
S3       16    <not supported> dTLB-store-misses       
S3       16    286,027,965,092 iTLB-loads                                                    (16.33%)
S3       16          2,004,860 iTLB-load-misses                                              (11.01%)
S3       16    129,021,088,061 branch-loads                                                  (16.69%)
S3       16      6,148,310,065 branch-load-misses                                            (22.33%)

     355.414701487 seconds time elapsed

#################################################################
#################################################################
