mkdir: cannot create directory `/scratch/077-hpca4se-bioinf/jlenis/results/BOWTIE2-Localalloc': File exists
> Benchmarks for Bowtie2 2.2.6: gcat_set_039_1
batman
#################################################################
# Warm up - 64 threads - T1
#################################################################
WarmUp.2595687.BOWTIE2-Localalloc.batman.t64
perl: warning: Setting locale failed.
perl: warning: Please check that your locale settings:
	LANGUAGE = (unset),
	LC_ALL = (unset),
	LC_CTYPE = "UTF-8",
	LANG = "en_US.UTF-8"
    are supported and installed on your system.
perl: warning: Falling back to the standard locale ("C").
11945249 reads; of these:
  11945249 (100.00%) were unpaired; of these:
    268643 (2.25%) aligned 0 times
    7905342 (66.18%) aligned exactly 1 time
    3771264 (31.57%) aligned >1 times
97.75% overall alignment rate
#################################################################
# Test multi-threading - 8 threads - T2
#################################################################
2595687.BOWTIE2-Localalloc.batman.t8
perl: warning: Setting locale failed.
perl: warning: Please check that your locale settings:
	LANGUAGE = (unset),
	LC_ALL = (unset),
	LC_CTYPE = "UTF-8",
	LANG = "en_US.UTF-8"
    are supported and installed on your system.
perl: warning: Falling back to the standard locale ("C").
11945249 reads; of these:
  11945249 (100.00%) were unpaired; of these:
    268643 (2.25%) aligned 0 times
    7905342 (66.18%) aligned exactly 1 time
    3771264 (31.57%) aligned >1 times
97.75% overall alignment rate

 Performance counter stats for 'numactl --localalloc --physcpubind=0-7 ./bowtie2 -p 8 -x /tmp/data/indexes/HG_index_bowtie2/bowtie2_index /tmp/data/datasets/gcat_set_039_1.fastq -S /scratch/077-hpca4se-bioinf/jlenis/results/BOWTIE2-Localalloc/2595687.BOWTIE2-Localalloc.batman.t8.sam':

S0       16        42694151797 cache-misses                                                  (21.97%)
S0       16     24404556472844 cycles                    #    0.000 GHz                      (21.89%)
S0       16     32194493309201 instructions              #   83.23  insns per cycle        
                                             #    0.00  stalled cycles per insn  (27.49%)
S0       16             185074 cs                                                            (100.00%)
S0       16               1847 migrations                                                    (100.00%)
S0       16              89217 faults                                                      
S0       16    <not supported> bus-cycles              
S0       16      1690109644570 idle-cycles-frontend      #  436.93% frontend cycles idle     (16.68%)
S0       16       761616595704 idle-cycles-backend       #  196.89% backend  cycles idle     (16.78%)
S0       16     12674439229600 L1-dcache-loads                                               (22.31%)
S0       16       212983858751 L1-dcache-load-misses     #  107.07% of all L1-dcache hits    (27.87%)
S0       16       294834304392 L1-dcache-stores                                              (27.84%)
S0       16    <not supported> L1-dcache-store-misses  
S0       16                  0 L1-dcache-prefetch-misses                                     (27.85%)
S0       16        42742944151 L1-icache-load-misses                                         (27.88%)
S0       16       338372652084 LLC-loads                                                     (11.11%)
S0       16        59769689246 LLC-stores                                                    (11.10%)
S0       16    <not supported> LLC-prefetches          
S0       16     12705868059617 dTLB-loads                                                    (16.75%)
S0       16         4465930310 dTLB-load-misses          #    2.24% of all dTLB cache hits   (16.86%)
S0       16    <not supported> dTLB-stores             
S0       16    <not supported> dTLB-store-misses       
S0       16      7382245082109 iTLB-loads                                                    (16.81%)
S0       16          117307145 iTLB-load-misses          #    0.10% of all iTLB cache hits   (11.07%)
S0       16      3212413370386 branch-loads                                                  (16.64%)
S0       16        74971168891 branch-load-misses                                            (22.03%)
S1       16          395787995 cache-misses                                                  (21.05%)
S1       16       153081231319 cycles                    #    0.000 GHz                      (20.50%)
S1       16        36356266248 instructions              #    0.00  insns per cycle          (27.42%)
S1       16             149298 cs                                                            (100.00%)
S1       16               1197 migrations                                                    (100.00%)
S1       16              69358 faults                                                      
S1       16    <not supported> bus-cycles              
S1       16      1163912120186 idle-cycles-frontend      #    0.00% frontend cycles idle     (18.72%)
S1       16        45405702711 idle-cycles-backend       #    0.00% backend  cycles idle     (16.75%)
S1       16        17079150382 L1-dcache-loads                                               (23.10%)
S1       16          793420102 L1-dcache-load-misses                                         (26.47%)
S1       16          897653178 L1-dcache-stores                                              (27.95%)
S1       16    <not supported> L1-dcache-store-misses  
S1       16                  0 L1-dcache-prefetch-misses                                     (26.16%)
S1       16          363771617 L1-icache-load-misses                                         (26.77%)
S1       16         1288310945 LLC-loads                                                     (13.36%)
S1       16         1080707178 LLC-stores                                                    (11.20%)
S1       16    <not supported> LLC-prefetches          
S1       16        22073663819 dTLB-loads                                                    (17.49%)
S1       16             354045 dTLB-load-misses                                              (17.31%)
S1       16    <not supported> dTLB-stores             
S1       16    <not supported> dTLB-store-misses       
S1       16        11256016548 iTLB-loads                                                    (16.53%)
S1       16             274684 iTLB-load-misses                                              (11.01%)
S1       16         7426672604 branch-loads                                                  (16.33%)
S1       16           71051533 branch-load-misses                                            (21.79%)
S2       16          134027372 cache-misses                                                  (22.24%)
S2       16        56847337760 cycles                    #    0.000 GHz                      (20.29%)
S2       16        17748624721 instructions              #    0.00  insns per cycle          (26.99%)
S2       16             103950 cs                                                            (100.00%)
S2       16               1246 migrations                                                    (100.00%)
S2       16              53817 faults                                                      
S2       16    <not supported> bus-cycles              
S2       16       567075019994 idle-cycles-frontend      #    0.00% frontend cycles idle     (16.84%)
S2       16        21851476013 idle-cycles-backend       #    0.00% backend  cycles idle     (16.72%)
S2       16         9009873053 L1-dcache-loads                                               (23.33%)
S2       16          407534632 L1-dcache-load-misses                                         (25.60%)
S2       16          262916897 L1-dcache-stores                                              (27.59%)
S2       16    <not supported> L1-dcache-store-misses  
S2       16                  0 L1-dcache-prefetch-misses                                     (24.32%)
S2       16          141044323 L1-icache-load-misses                                         (27.66%)
S2       16          449910488 LLC-loads                                                     (14.31%)
S2       16          375707269 LLC-stores                                                    (10.89%)
S2       16    <not supported> LLC-prefetches          
S2       16         7016858277 dTLB-loads                                                    (17.52%)
S2       16             225170 dTLB-load-misses                                              (17.55%)
S2       16    <not supported> dTLB-stores             
S2       16    <not supported> dTLB-store-misses       
S2       16         3618744616 iTLB-loads                                                    (16.90%)
S2       16             160897 iTLB-load-misses                                              (11.26%)
S2       16         2571678815 branch-loads                                                  (16.82%)
S2       16           22495257 branch-load-misses                                            (23.44%)
S3       16         1085852894 cache-misses                                                  (21.56%)
S3       16       141693848195 cycles                    #    0.000 GHz                      (22.64%)
S3       16        57398263857 instructions              #    0.00  insns per cycle          (28.16%)
S3       16             143113 cs                                                            (100.00%)
S3       16               1906 migrations                                                    (100.00%)
S3       16              94863 faults                                                      
S3       16    <not supported> bus-cycles              
S3       16       784164240114 idle-cycles-frontend      #    0.00% frontend cycles idle     (17.66%)
S3       16        33054396668 idle-cycles-backend       #    0.00% backend  cycles idle     (16.85%)
S3       16        30585226748 L1-dcache-loads                                               (22.24%)
S3       16         1390298172 L1-dcache-load-misses                                         (27.83%)
S3       16         1408339567 L1-dcache-stores                                              (27.97%)
S3       16    <not supported> L1-dcache-store-misses  
S3       16                  0 L1-dcache-prefetch-misses                                     (27.77%)
S3       16          971626035 L1-icache-load-misses                                         (27.50%)
S3       16         2369565954 LLC-loads                                                     (10.93%)
S3       16          568402748 LLC-stores                                                    (11.12%)
S3       16    <not supported> LLC-prefetches          
S3       16        32286341587 dTLB-loads                                                    (16.62%)
S3       16            2408395 dTLB-load-misses                                              (16.63%)
S3       16    <not supported> dTLB-stores             
S3       16    <not supported> dTLB-store-misses       
S3       16        22745282164 iTLB-loads                                                    (16.49%)
S3       16            1244785 iTLB-load-misses                                              (10.86%)
S3       16        12015069025 branch-loads                                                  (16.28%)
S3       16          395385895 branch-load-misses                                            (21.95%)

    1309.524461349 seconds time elapsed

#################################################################
# Test multi-threading - 16 threads - T3
#################################################################
2595687.BOWTIE2-Localalloc.batman.t16
perl: warning: Setting locale failed.
perl: warning: Please check that your locale settings:
	LANGUAGE = (unset),
	LC_ALL = (unset),
	LC_CTYPE = "UTF-8",
	LANG = "en_US.UTF-8"
    are supported and installed on your system.
perl: warning: Falling back to the standard locale ("C").
11945249 reads; of these:
  11945249 (100.00%) were unpaired; of these:
    268643 (2.25%) aligned 0 times
    7905342 (66.18%) aligned exactly 1 time
    3771264 (31.57%) aligned >1 times
97.75% overall alignment rate

 Performance counter stats for 'numactl --localalloc --physcpubind=0-15 ./bowtie2 -p 16 -x /tmp/data/indexes/HG_index_bowtie2/bowtie2_index /tmp/data/datasets/gcat_set_039_1.fastq -S /scratch/077-hpca4se-bioinf/jlenis/results/BOWTIE2-Localalloc/2595687.BOWTIE2-Localalloc.batman.t16.sam':

S0       16        43394549420 cache-misses                                                  (22.22%)
S0       16     24574795819359 cycles                    #    0.000 GHz                      (22.36%)
S0       16     32064905071426 instructions              #   82.77  insns per cycle        
                                             #    0.00  stalled cycles per insn  (27.92%)
S0       16            6231868 cs                                                            (100.00%)
S0       16              60331 migrations                                                    (100.00%)
S0       16              78399 faults                                                      
S0       16    <not supported> bus-cycles              
S0       16      3234966467909 idle-cycles-frontend      #  835.06% frontend cycles idle     (16.80%)
S0       16      1305154880165 idle-cycles-backend       #  336.91% backend  cycles idle     (16.68%)
S0       16     12743651688916 L1-dcache-loads                                               (22.27%)
S0       16       211106452182 L1-dcache-load-misses     #  105.73% of all L1-dcache hits    (27.84%)
S0       16       296053014892 L1-dcache-stores                                              (27.81%)
S0       16    <not supported> L1-dcache-store-misses  
S0       16                  0 L1-dcache-prefetch-misses                                     (27.80%)
S0       16        43499727114 L1-icache-load-misses                                         (27.80%)
S0       16       342421531160 LLC-loads                                                     (11.07%)
S0       16        58727806611 LLC-stores                                                    (11.06%)
S0       16    <not supported> LLC-prefetches          
S0       16     12845341198307 dTLB-loads                                                    (16.61%)
S0       16         4946947621 dTLB-load-misses          #    2.46% of all dTLB cache hits   (16.59%)
S0       16    <not supported> dTLB-stores             
S0       16    <not supported> dTLB-store-misses       
S0       16      7473889246761 iTLB-loads                                                    (16.55%)
S0       16          147346547 iTLB-load-misses          #    0.13% of all iTLB cache hits   (11.06%)
S0       16      3238921063899 branch-loads                                                  (16.57%)
S0       16        75328982774 branch-load-misses                                            (22.09%)
S1       16          260133542 cache-misses                                                  (22.22%)
S1       16        88440682439 cycles                    #    0.000 GHz                      (22.34%)
S1       16        23744982927 instructions              #    0.00  insns per cycle          (28.11%)
S1       16              87237 cs                                                            (100.00%)
S1       16                987 migrations                                                    (100.00%)
S1       16              63738 faults                                                      
S1       16    <not supported> bus-cycles              
S1       16       725372882831 idle-cycles-frontend      #    0.00% frontend cycles idle     (16.95%)
S1       16        24864327269 idle-cycles-backend       #    0.00% backend  cycles idle     (16.94%)
S1       16        11043169239 L1-dcache-loads                                               (22.44%)
S1       16          496758973 L1-dcache-load-misses                                         (28.04%)
S1       16          530351216 L1-dcache-stores                                              (27.74%)
S1       16    <not supported> L1-dcache-store-misses  
S1       16                  0 L1-dcache-prefetch-misses                                     (27.67%)
S1       16          264188842 L1-icache-load-misses                                         (27.68%)
S1       16          815612529 LLC-loads                                                     (10.94%)
S1       16          509706187 LLC-stores                                                    (10.80%)
S1       16    <not supported> LLC-prefetches          
S1       16        11359273020 dTLB-loads                                                    (16.24%)
S1       16             364883 dTLB-load-misses                                              (16.63%)
S1       16    <not supported> dTLB-stores             
S1       16    <not supported> dTLB-store-misses       
S1       16         6557329315 iTLB-loads                                                    (16.79%)
S1       16             192779 iTLB-load-misses                                              (11.05%)
S1       16         4629773956 branch-loads                                                  (16.55%)
S1       16           54365228 branch-load-misses                                            (22.15%)
S2       16           92772446 cache-misses                                                  (22.48%)
S2       16        42797068280 cycles                    #    0.000 GHz                      (21.84%)
S2       16        10033100492 instructions              #    0.00  insns per cycle          (27.86%)
S2       16              70268 cs                                                            (100.00%)
S2       16               1021 migrations                                                    (100.00%)
S2       16              35764 faults                                                      
S2       16    <not supported> bus-cycles              
S2       16       307535621007 idle-cycles-frontend      #    0.00% frontend cycles idle     (17.39%)
S2       16        13724363861 idle-cycles-backend       #    0.00% backend  cycles idle     (16.55%)
S2       16         4627320016 L1-dcache-loads                                               (22.65%)
S2       16          206143703 L1-dcache-load-misses                                         (27.67%)
S2       16          235715325 L1-dcache-stores                                              (27.63%)
S2       16    <not supported> L1-dcache-store-misses  
S2       16                  0 L1-dcache-prefetch-misses                                     (26.81%)
S2       16           94974427 L1-icache-load-misses                                         (26.18%)
S2       16          262909726 LLC-loads                                                     (11.70%)
S2       16          214078478 LLC-stores                                                    (12.14%)
S2       16    <not supported> LLC-prefetches          
S2       16         3780777126 dTLB-loads                                                    (17.21%)
S2       16             175965 dTLB-load-misses                                              (16.94%)
S2       16    <not supported> dTLB-stores             
S2       16    <not supported> dTLB-store-misses       
S2       16         2475555960 iTLB-loads                                                    (16.74%)
S2       16             117098 iTLB-load-misses                                              (11.23%)
S2       16         1635944450 branch-loads                                                  (16.72%)
S2       16           18477622 branch-load-misses                                            (22.23%)
S3       16          673003719 cache-misses                                                  (20.67%)
S3       16        87163865318 cycles                    #    0.000 GHz                      (20.26%)
S3       16        35114451491 instructions              #    0.00  insns per cycle          (28.40%)
S3       16              86083 cs                                                            (100.00%)
S3       16               1231 migrations                                                    (100.00%)
S3       16              57551 faults                                                      
S3       16    <not supported> bus-cycles              
S3       16       501790552084 idle-cycles-frontend      #    0.00% frontend cycles idle     (20.59%)
S3       16        27423351574 idle-cycles-backend       #    0.00% backend  cycles idle     (16.69%)
S3       16        19705618682 L1-dcache-loads                                               (22.98%)
S3       16          915542647 L1-dcache-load-misses                                         (26.01%)
S3       16          944114336 L1-dcache-stores                                              (27.62%)
S3       16    <not supported> L1-dcache-store-misses  
S3       16                  0 L1-dcache-prefetch-misses                                     (24.46%)
S3       16          625079465 L1-icache-load-misses                                         (25.74%)
S3       16         1483708218 LLC-loads                                                     (14.48%)
S3       16          320932062 LLC-stores                                                    (12.06%)
S3       16    <not supported> LLC-prefetches          
S3       16        16699517117 dTLB-loads                                                    (18.58%)
S3       16            1370180 dTLB-load-misses                                              (17.58%)
S3       16    <not supported> dTLB-stores             
S3       16    <not supported> dTLB-store-misses       
S3       16        12589901049 iTLB-loads                                                    (16.47%)
S3       16             778772 iTLB-load-misses                                              (11.01%)
S3       16         6985545854 branch-loads                                                  (16.64%)
S3       16          246239747 branch-load-misses                                            (22.34%)

     707.988228041 seconds time elapsed

#################################################################
# Test multi-threading - 32 threads - T4 
#################################################################
2595687.BOWTIE2-Localalloc.batman.t32
perl: warning: Setting locale failed.
perl: warning: Please check that your locale settings:
	LANGUAGE = (unset),
	LC_ALL = (unset),
	LC_CTYPE = "UTF-8",
	LANG = "en_US.UTF-8"
    are supported and installed on your system.
perl: warning: Falling back to the standard locale ("C").
11945249 reads; of these:
  11945249 (100.00%) were unpaired; of these:
    268643 (2.25%) aligned 0 times
    7905342 (66.18%) aligned exactly 1 time
    3771264 (31.57%) aligned >1 times
97.75% overall alignment rate

 Performance counter stats for 'numactl --localalloc --physcpubind=0-31 ./bowtie2 -p 32 -x /tmp/data/indexes/HG_index_bowtie2/bowtie2_index /tmp/data/datasets/gcat_set_039_1.fastq -S /scratch/077-hpca4se-bioinf/jlenis/results/BOWTIE2-Localalloc/2595687.BOWTIE2-Localalloc.batman.t32.sam':

S0       16        22618760201 cache-misses                                                  (22.14%)
S0       16     16015362251090 cycles                    #    0.000 GHz                      (22.25%)
S0       16     16528140414425 instructions              #   32.94  insns per cycle        
                                             #    0.01  stalled cycles per insn  (27.93%)
S0       16             302789 cs                                                            (100.00%)
S0       16               2061 migrations                                                    (100.00%)
S0       16              71305 faults                                                      
S0       16    <not supported> bus-cycles              
S0       16      3539052362831 idle-cycles-frontend      #  705.25% frontend cycles idle     (16.88%)
S0       16       579805399144 idle-cycles-backend       #  115.54% backend  cycles idle     (16.82%)
S0       16      6562183507279 L1-dcache-loads                                               (22.37%)
S0       16       109354629203 L1-dcache-load-misses     #   54.02% of all L1-dcache hits    (27.91%)
S0       16       152687376067 L1-dcache-stores                                              (27.76%)
S0       16    <not supported> L1-dcache-store-misses  
S0       16                  0 L1-dcache-prefetch-misses                                     (27.72%)
S0       16        22649936741 L1-icache-load-misses                                         (27.72%)
S0       16       175937837236 LLC-loads                                                     (11.13%)
S0       16        30991807842 LLC-stores                                                    (11.09%)
S0       16    <not supported> LLC-prefetches          
S0       16      6646297770870 dTLB-loads                                                    (16.62%)
S0       16         3189575956 dTLB-load-misses          #    1.56% of all dTLB cache hits   (16.60%)
S0       16    <not supported> dTLB-stores             
S0       16    <not supported> dTLB-store-misses       
S0       16      3849459362719 iTLB-loads                                                    (16.59%)
S0       16           92401177 iTLB-load-misses          #    0.08% of all iTLB cache hits   (11.06%)
S0       16      1682840752643 branch-loads                                                  (16.59%)
S0       16        38896315824 branch-load-misses                                            (22.12%)
S1       16        21884722109 cache-misses                                                  (20.11%)
S1       16     15981751785814 cycles                    #    0.000 GHz                      (21.32%)
S1       16     15929760345319 instructions              #    0.00  insns per cycle          (27.95%)
S1       16             346296 cs                                                            (100.00%)
S1       16               1049 migrations                                                    (100.00%)
S1       16              75496 faults                                                      
S1       16    <not supported> bus-cycles              
S1       16      3446443294573 idle-cycles-frontend      #    0.00% frontend cycles idle     (19.28%)
S1       16       770825332761 idle-cycles-backend       #    0.00% backend  cycles idle     (17.80%)
S1       16      6377460169801 L1-dcache-loads                                               (22.30%)
S1       16       102340157590 L1-dcache-load-misses                                         (27.50%)
S1       16       145981407128 L1-dcache-stores                                              (27.77%)
S1       16    <not supported> L1-dcache-store-misses  
S1       16                  0 L1-dcache-prefetch-misses                                     (27.72%)
S1       16        21946546452 L1-icache-load-misses                                         (27.69%)
S1       16       168934185656 LLC-loads                                                     (11.10%)
S1       16        29609203155 LLC-stores                                                    (11.07%)
S1       16    <not supported> LLC-prefetches          
S1       16      6443575966166 dTLB-loads                                                    (16.61%)
S1       16         3049385107 dTLB-load-misses                                              (16.59%)
S1       16    <not supported> dTLB-stores             
S1       16    <not supported> dTLB-store-misses       
S1       16      3721137735583 iTLB-loads                                                    (16.25%)
S1       16           91697112 iTLB-load-misses                                              (11.06%)
S1       16      1626806619026 branch-loads                                                  (16.60%)
S1       16        37508327162 branch-load-misses                                            (22.12%)
S2       16          107170618 cache-misses                                                  (22.40%)
S2       16        42033367781 cycles                    #    0.000 GHz                      (22.34%)
S2       16         8953850435 instructions              #    0.00  insns per cycle          (27.84%)
S2       16              63099 cs                                                            (100.00%)
S2       16               1020 migrations                                                    (100.00%)
S2       16              35905 faults                                                      
S2       16    <not supported> bus-cycles              
S2       16       280253664448 idle-cycles-frontend      #    0.00% frontend cycles idle     (16.55%)
S2       16        10324098006 idle-cycles-backend       #    0.00% backend  cycles idle     (16.61%)
S2       16         3566351204 L1-dcache-loads                                               (22.14%)
S2       16          162753871 L1-dcache-load-misses                                         (27.83%)
S2       16          178716609 L1-dcache-stores                                              (27.87%)
S2       16    <not supported> L1-dcache-store-misses  
S2       16                  0 L1-dcache-prefetch-misses                                     (27.85%)
S2       16           88561337 L1-icache-load-misses                                         (27.72%)
S2       16          248995155 LLC-loads                                                     (11.14%)
S2       16          167601826 LLC-stores                                                    (11.27%)
S2       16    <not supported> LLC-prefetches          
S2       16         3322914691 dTLB-loads                                                    (17.05%)
S2       16             217531 dTLB-load-misses                                              (16.46%)
S2       16    <not supported> dTLB-stores             
S2       16    <not supported> dTLB-store-misses       
S2       16         2187246378 iTLB-loads                                                    (16.58%)
S2       16             134198 iTLB-load-misses                                              (11.09%)
S2       16         1557290478 branch-loads                                                  (16.64%)
S2       16           16088533 branch-load-misses                                            (22.20%)
S3       16          482392796 cache-misses                                                  (22.95%)
S3       16        76940314418 cycles                    #    0.000 GHz                      (21.58%)
S3       16        22730354909 instructions              #    0.00  insns per cycle          (28.64%)
S3       16              72970 cs                                                            (100.00%)
S3       16               1465 migrations                                                    (100.00%)
S3       16              46496 faults                                                      
S3       16    <not supported> bus-cycles              
S3       16       557270241500 idle-cycles-frontend      #    0.00% frontend cycles idle     (20.40%)
S3       16        23987207666 idle-cycles-backend       #    0.00% backend  cycles idle     (18.06%)
S3       16        13211640712 L1-dcache-loads                                               (24.67%)
S3       16          685257304 L1-dcache-load-misses                                         (28.38%)
S3       16          768844554 L1-dcache-stores                                              (28.04%)
S3       16    <not supported> L1-dcache-store-misses  
S3       16                  0 L1-dcache-prefetch-misses                                     (25.04%)
S3       16          482689266 L1-icache-load-misses                                         (24.23%)
S3       16         1014789659 LLC-loads                                                     (11.67%)
S3       16          376982030 LLC-stores                                                    (10.84%)
S3       16    <not supported> LLC-prefetches          
S3       16        13358668749 dTLB-loads                                                    (16.64%)
S3       16             862158 dTLB-load-misses                                              (16.88%)
S3       16    <not supported> dTLB-stores             
S3       16    <not supported> dTLB-store-misses       
S3       16         8375393406 iTLB-loads                                                    (16.09%)
S3       16             371489 iTLB-load-misses                                              (10.73%)
S3       16         5457063293 branch-loads                                                  (16.05%)
S3       16          155221080 branch-load-misses                                            (21.48%)

     425.360142717 seconds time elapsed

#################################################################
# Test multi-threading - 48 threads - T5
#################################################################
2595687.BOWTIE2-Localalloc.batman.t48
perl: warning: Setting locale failed.
perl: warning: Please check that your locale settings:
	LANGUAGE = (unset),
	LC_ALL = (unset),
	LC_CTYPE = "UTF-8",
	LANG = "en_US.UTF-8"
    are supported and installed on your system.
perl: warning: Falling back to the standard locale ("C").
11945249 reads; of these:
  11945249 (100.00%) were unpaired; of these:
    268643 (2.25%) aligned 0 times
    7905342 (66.18%) aligned exactly 1 time
    3771264 (31.57%) aligned >1 times
97.75% overall alignment rate

 Performance counter stats for 'numactl --localalloc --physcpubind=0-47 ./bowtie2 -p 48 -x /tmp/data/indexes/HG_index_bowtie2/bowtie2_index /tmp/data/datasets/gcat_set_039_1.fastq -S /scratch/077-hpca4se-bioinf/jlenis/results/BOWTIE2-Localalloc/2595687.BOWTIE2-Localalloc.batman.t48.sam':

S0       16        15274927898 cache-misses                                                  (22.09%)
S0       16     10599321348070 cycles                    #    0.000 GHz                      (22.28%)
S0       16     10813334801472 instructions              #   22.19  insns per cycle        
                                             #    0.01  stalled cycles per insn  (28.01%)
S0       16            5852466 cs                                                            (100.00%)
S0       16               6489 migrations                                                    (100.00%)
S0       16              53938 faults                                                      
S0       16    <not supported> bus-cycles              
S0       16      2401662525654 idle-cycles-frontend      #  492.93% frontend cycles idle     (17.05%)
S0       16       437148070140 idle-cycles-backend       #   89.72% backend  cycles idle     (16.94%)
S0       16      4285172031807 L1-dcache-loads                                               (22.48%)
S0       16        72280366511 L1-dcache-load-misses     #   36.12% of all L1-dcache hits    (28.05%)
S0       16        99027005236 L1-dcache-stores                                              (27.88%)
S0       16    <not supported> L1-dcache-store-misses  
S0       16                  0 L1-dcache-prefetch-misses                                     (27.79%)
S0       16        15232148086 L1-icache-load-misses                                         (27.75%)
S0       16       115916273538 LLC-loads                                                     (11.04%)
S0       16        20588285996 LLC-stores                                                    (11.01%)
S0       16    <not supported> LLC-prefetches          
S0       16      4388528752741 dTLB-loads                                                    (16.51%)
S0       16         2156091163 dTLB-load-misses          #    1.06% of all dTLB cache hits   (16.51%)
S0       16    <not supported> dTLB-stores             
S0       16    <not supported> dTLB-store-misses       
S0       16      2535310428961 iTLB-loads                                                    (16.53%)
S0       16           73302086 iTLB-load-misses          #    0.06% of all iTLB cache hits   (11.02%)
S0       16      1107212792878 branch-loads                                                  (16.52%)
S0       16        25697413601 branch-load-misses                                            (22.01%)
S1       16        14817366951 cache-misses                                                  (21.91%)
S1       16      9971957672786 cycles                    #    0.000 GHz                      (22.05%)
S1       16     10576084999004 instructions              #    0.00  insns per cycle          (27.87%)
S1       16             120220 cs                                                            (100.00%)
S1       16              14538 migrations                                                    (100.00%)
S1       16              28909 faults                                                      
S1       16    <not supported> bus-cycles              
S1       16      2818783927523 idle-cycles-frontend      #    0.00% frontend cycles idle     (17.16%)
S1       16       498977890948 idle-cycles-backend       #    0.00% backend  cycles idle     (17.04%)
S1       16      4161331947638 L1-dcache-loads                                               (22.63%)
S1       16        69349395108 L1-dcache-load-misses                                         (28.14%)
S1       16        96555103493 L1-dcache-stores                                              (27.96%)
S1       16    <not supported> L1-dcache-store-misses  
S1       16                  0 L1-dcache-prefetch-misses                                     (27.78%)
S1       16        14681433548 L1-icache-load-misses                                         (27.81%)
S1       16       112800902710 LLC-loads                                                     (11.08%)
S1       16        19161557565 LLC-stores                                                    (11.02%)
S1       16    <not supported> LLC-prefetches          
S1       16      4266683685248 dTLB-loads                                                    (16.64%)
S1       16         2080261220 dTLB-load-misses                                              (16.60%)
S1       16    <not supported> dTLB-stores             
S1       16    <not supported> dTLB-store-misses       
S1       16      2466618194858 iTLB-loads                                                    (16.60%)
S1       16           64074448 iTLB-load-misses                                              (10.97%)
S1       16      1082928916557 branch-loads                                                  (16.45%)
S1       16        25048212103 branch-load-misses                                            (21.90%)
S2       16        15260265726 cache-misses                                                  (22.13%)
S2       16     10539374592251 cycles                    #    0.000 GHz                      (22.42%)
S2       16     10905619033173 instructions              #    0.00  insns per cycle          (28.04%)
S2       16            1252208 cs                                                            (100.00%)
S2       16               7392 migrations                                                    (100.00%)
S2       16             133170 faults                                                      
S2       16    <not supported> bus-cycles              
S2       16      2367785525973 idle-cycles-frontend      #    0.00% frontend cycles idle     (17.07%)
S2       16       407157196882 idle-cycles-backend       #    0.00% backend  cycles idle     (16.79%)
S2       16      4351340535365 L1-dcache-loads                                               (22.34%)
S2       16        73506176772 L1-dcache-load-misses                                         (27.83%)
S2       16       100586868226 L1-dcache-stores                                              (27.73%)
S2       16    <not supported> L1-dcache-store-misses  
S2       16                  0 L1-dcache-prefetch-misses                                     (27.60%)
S2       16        15360912220 L1-icache-load-misses                                         (27.61%)
S2       16       116819454273 LLC-loads                                                     (11.07%)
S2       16        20515436801 LLC-stores                                                    (11.06%)
S2       16    <not supported> LLC-prefetches          
S2       16      4411209171010 dTLB-loads                                                    (16.60%)
S2       16         2257788910 dTLB-load-misses                                              (16.61%)
S2       16    <not supported> dTLB-stores             
S2       16    <not supported> dTLB-store-misses       
S2       16      2546856716400 iTLB-loads                                                    (16.62%)
S2       16           74203018 iTLB-load-misses                                              (11.04%)
S2       16      1116014882621 branch-loads                                                  (16.56%)
S2       16        25876076763 branch-load-misses                                            (22.05%)
S3       16          321610927 cache-misses                                                  (21.86%)
S3       16        71719232543 cycles                    #    0.000 GHz                      (20.23%)
S3       16        19717038653 instructions              #    0.00  insns per cycle          (27.32%)
S3       16              80410 cs                                                            (100.00%)
S3       16               2089 migrations                                                    (100.00%)
S3       16              63953 faults                                                      
S3       16    <not supported> bus-cycles              
S3       16       463338765133 idle-cycles-frontend      #    0.00% frontend cycles idle     (18.11%)
S3       16        25158728869 idle-cycles-backend       #    0.00% backend  cycles idle     (16.78%)
S3       16         9585327824 L1-dcache-loads                                               (23.77%)
S3       16          449563795 L1-dcache-load-misses                                         (27.91%)
S3       16          508794769 L1-dcache-stores                                              (26.78%)
S3       16    <not supported> L1-dcache-store-misses  
S3       16                  0 L1-dcache-prefetch-misses                                     (23.93%)
S3       16          324194389 L1-icache-load-misses                                         (24.98%)
S3       16          864241660 LLC-loads                                                     (13.79%)
S3       16          286756973 LLC-stores                                                    (15.51%)
S3       16    <not supported> LLC-prefetches          
S3       16        11214691587 dTLB-loads                                                    (19.65%)
S3       16             818866 dTLB-load-misses                                              (16.97%)
S3       16    <not supported> dTLB-stores             
S3       16    <not supported> dTLB-store-misses       
S3       16         6459544684 iTLB-loads                                                    (16.78%)
S3       16             444056 iTLB-load-misses                                              (11.06%)
S3       16         3551111224 branch-loads                                                  (16.37%)
S3       16           87961116 branch-load-misses                                            (21.94%)

     284.333116634 seconds time elapsed

#################################################################
# Test multi-threading - 64 threads - T6
#################################################################
2595687.BOWTIE2-Localalloc.batman.t64
perl: warning: Setting locale failed.
perl: warning: Please check that your locale settings:
	LANGUAGE = (unset),
	LC_ALL = (unset),
	LC_CTYPE = "UTF-8",
	LANG = "en_US.UTF-8"
    are supported and installed on your system.
perl: warning: Falling back to the standard locale ("C").
11945249 reads; of these:
  11945249 (100.00%) were unpaired; of these:
    268643 (2.25%) aligned 0 times
    7905342 (66.18%) aligned exactly 1 time
    3771264 (31.57%) aligned >1 times
97.75% overall alignment rate

 Performance counter stats for 'numactl --localalloc --physcpubind=0-63 ./bowtie2 -p 64 -x /tmp/data/indexes/HG_index_bowtie2/bowtie2_index /tmp/data/datasets/gcat_set_039_1.fastq -S /scratch/077-hpca4se-bioinf/jlenis/results/BOWTIE2-Localalloc/2595687.BOWTIE2-Localalloc.batman.t64.sam':

S0       16        11531929045 cache-misses                                                  (19.73%)
S0       16      9236978289576 cycles                    #    0.000 GHz                      (22.40%)
S0       16      8027679395322 instructions              #   13.88  insns per cycle        
                                             #    0.02  stalled cycles per insn  (28.15%)
S0       16            1709657 cs                                                            (100.00%)
S0       16               1648 migrations                                                    (100.00%)
S0       16              40912 faults                                                      
S0       16    <not supported> bus-cycles              
S0       16      3087974625837 idle-cycles-frontend      #  534.05% frontend cycles idle     (20.63%)
S0       16       355883201904 idle-cycles-backend       #   61.55% backend  cycles idle     (16.60%)
S0       16      3198035316536 L1-dcache-loads                                               (22.20%)
S0       16        53731134790 L1-dcache-load-misses     #   26.60% of all L1-dcache hits    (27.40%)
S0       16        73580605637 L1-dcache-stores                                              (27.88%)
S0       16    <not supported> L1-dcache-store-misses  
S0       16                  0 L1-dcache-prefetch-misses                                     (27.75%)
S0       16        11518707581 L1-icache-load-misses                                         (27.40%)
S0       16        86280305976 LLC-loads                                                     (11.05%)
S0       16        15222189735 LLC-stores                                                    (10.95%)
S0       16    <not supported> LLC-prefetches          
S0       16      3308166996841 dTLB-loads                                                    (16.43%)
S0       16         1710219325 dTLB-load-misses          #    0.83% of all dTLB cache hits   (16.43%)
S0       16    <not supported> dTLB-stores             
S0       16    <not supported> dTLB-store-misses       
S0       16      1905316787601 iTLB-loads                                                    (16.12%)
S0       16           54994420 iTLB-load-misses          #    0.05% of all iTLB cache hits   (10.95%)
S0       16       835920497632 branch-loads                                                  (16.42%)
S0       16        19282651337 branch-load-misses                                            (21.86%)
S1       16        11638910648 cache-misses                                                  (22.07%)
S1       16      9237027690677 cycles                    #    0.000 GHz                      (21.39%)
S1       16      8163916038066 instructions              #    0.00  insns per cycle          (28.16%)
S1       16             583948 cs                                                            (100.00%)
S1       16                759 migrations                                                    (100.00%)
S1       16              30677 faults                                                      
S1       16    <not supported> bus-cycles              
S1       16      3059982333381 idle-cycles-frontend      #    0.00% frontend cycles idle     (18.57%)
S1       16       315344861753 idle-cycles-backend       #    0.00% backend  cycles idle     (16.55%)
S1       16      3266459367836 L1-dcache-loads                                               (22.41%)
S1       16        55482598966 L1-dcache-load-misses                                         (27.95%)
S1       16        75029219069 L1-dcache-stores                                              (27.87%)
S1       16    <not supported> L1-dcache-store-misses  
S1       16                  0 L1-dcache-prefetch-misses                                     (25.64%)
S1       16        11583499406 L1-icache-load-misses                                         (26.40%)
S1       16        87275607660 LLC-loads                                                     (12.17%)
S1       16        15504866274 LLC-stores                                                    (12.07%)
S1       16    <not supported> LLC-prefetches          
S1       16      3343586432627 dTLB-loads                                                    (17.52%)
S1       16         1683913572 dTLB-load-misses                                              (17.10%)
S1       16    <not supported> dTLB-stores             
S1       16    <not supported> dTLB-store-misses       
S1       16      1939773534714 iTLB-loads                                                    (16.07%)
S1       16           54085358 iTLB-load-misses                                              (10.93%)
S1       16       848891164197 branch-loads                                                  (16.40%)
S1       16        19637255010 branch-load-misses                                            (21.87%)
S2       16        11651067909 cache-misses                                                  (22.23%)
S2       16      9263558602020 cycles                    #    0.000 GHz                      (22.34%)
S2       16      8139415701694 instructions              #    0.00  insns per cycle          (28.06%)
S2       16            2097376 cs                                                            (100.00%)
S2       16               5226 migrations                                                    (100.00%)
S2       16             167042 faults                                                      
S2       16    <not supported> bus-cycles              
S2       16      3172774426266 idle-cycles-frontend      #    0.00% frontend cycles idle     (17.01%)
S2       16       340232533846 idle-cycles-backend       #    0.00% backend  cycles idle     (16.86%)
S2       16      3253653377346 L1-dcache-loads                                               (22.40%)
S2       16        54686495348 L1-dcache-load-misses                                         (27.95%)
S2       16        74885694670 L1-dcache-stores                                              (27.75%)
S2       16    <not supported> L1-dcache-store-misses  
S2       16                  0 L1-dcache-prefetch-misses                                     (27.63%)
S2       16        11723505615 L1-icache-load-misses                                         (27.70%)
S2       16        86988709857 LLC-loads                                                     (11.13%)
S2       16        15284782034 LLC-stores                                                    (11.02%)
S2       16    <not supported> LLC-prefetches          
S2       16      3310624672627 dTLB-loads                                                    (16.55%)
S2       16         1686261063 dTLB-load-misses                                              (16.48%)
S2       16    <not supported> dTLB-stores             
S2       16    <not supported> dTLB-store-misses       
S2       16      1911985962431 iTLB-loads                                                    (16.54%)
S2       16           56125248 iTLB-load-misses                                              (11.07%)
S2       16       836463205520 branch-loads                                                  (16.58%)
S2       16        19353050505 branch-load-misses                                            (22.04%)
S3       16        11556601833 cache-misses                                                  (22.27%)
S3       16      9268516768749 cycles                    #    0.000 GHz                      (21.77%)
S3       16      7981312271087 instructions              #    0.00  insns per cycle          (28.11%)
S3       16            1088187 cs                                                            (100.00%)
S3       16               2066 migrations                                                    (100.00%)
S3       16              88836 faults                                                      
S3       16    <not supported> bus-cycles              
S3       16      3134501925083 idle-cycles-frontend      #    0.00% frontend cycles idle     (17.60%)
S3       16       382150388056 idle-cycles-backend       #    0.00% backend  cycles idle     (16.79%)
S3       16      3207650742035 L1-dcache-loads                                               (22.68%)
S3       16        53972406819 L1-dcache-load-misses                                         (27.54%)
S3       16        73791114434 L1-dcache-stores                                              (27.75%)
S3       16    <not supported> L1-dcache-store-misses  
S3       16                  0 L1-dcache-prefetch-misses                                     (26.73%)
S3       16        11638121874 L1-icache-load-misses                                         (27.00%)
S3       16        86009702555 LLC-loads                                                     (12.11%)
S3       16        14851215532 LLC-stores                                                    (11.42%)
S3       16    <not supported> LLC-prefetches          
S3       16      3258976615296 dTLB-loads                                                    (17.26%)
S3       16         1646403794 dTLB-load-misses                                              (16.85%)
S3       16    <not supported> dTLB-stores             
S3       16    <not supported> dTLB-store-misses       
S3       16      1888917996478 iTLB-loads                                                    (16.48%)
S3       16           55720802 iTLB-load-misses                                              (10.98%)
S3       16       826596948880 branch-loads                                                  (16.50%)
S3       16        19115962615 branch-load-misses                                            (22.01%)

     249.537575657 seconds time elapsed

