mkdir: cannot create directory `/scratch/077-hpca4se-bioinf/jlenis/results/BOWTIE2-Localalloc': File exists
> Benchmarks for Bowtie2 2.2.6: gcat_set_039_1
batman
#################################################################
# Warm up - 64 threads - T1
#################################################################
WarmUp.2595690.BOWTIE2-Localalloc.batman.t64
perl: warning: Setting locale failed.
perl: warning: Please check that your locale settings:
	LANGUAGE = (unset),
	LC_ALL = (unset),
	LC_CTYPE = "UTF-8",
	LANG = "en_US.UTF-8"
    are supported and installed on your system.
perl: warning: Falling back to the standard locale ("C").
11945249 reads; of these:
  11945249 (100.00%) were unpaired; of these:
    268643 (2.25%) aligned 0 times
    7905342 (66.18%) aligned exactly 1 time
    3771264 (31.57%) aligned >1 times
97.75% overall alignment rate
#################################################################
# Test multi-threading - 8 threads - T2
#################################################################
2595690.BOWTIE2-Localalloc.batman.t8
perl: warning: Setting locale failed.
perl: warning: Please check that your locale settings:
	LANGUAGE = (unset),
	LC_ALL = (unset),
	LC_CTYPE = "UTF-8",
	LANG = "en_US.UTF-8"
    are supported and installed on your system.
perl: warning: Falling back to the standard locale ("C").
11945249 reads; of these:
  11945249 (100.00%) were unpaired; of these:
    268643 (2.25%) aligned 0 times
    7905342 (66.18%) aligned exactly 1 time
    3771264 (31.57%) aligned >1 times
97.75% overall alignment rate

 Performance counter stats for 'numactl --localalloc --physcpubind=0-7 ./bowtie2 -p 8 -x /tmp/data/indexes/HG_index_bowtie2/bowtie2_index /tmp/data/datasets/gcat_set_039_1.fastq -S /scratch/077-hpca4se-bioinf/jlenis/results/BOWTIE2-Localalloc/2595690.BOWTIE2-Localalloc.batman.t8.sam':

S0       16        42627701018 cache-misses                                                  (21.00%)
S0       16     24365996028226 cycles                    #    0.000 GHz                      (22.00%)
S0       16     32136230916735 instructions              #   82.94  insns per cycle        
                                             #    0.00  stalled cycles per insn  (27.62%)
S0       16             202672 cs                                                            (100.00%)
S0       16               1976 migrations                                                    (100.00%)
S0       16              99093 faults                                                      
S0       16    <not supported> bus-cycles              
S0       16      1500228767039 idle-cycles-frontend      #  387.20% frontend cycles idle     (18.17%)
S0       16       762838483019 idle-cycles-backend       #  196.88% backend  cycles idle     (16.83%)
S0       16     12685381301626 L1-dcache-loads                                               (22.58%)
S0       16       202812234265 L1-dcache-load-misses     #  101.77% of all L1-dcache hits    (27.75%)
S0       16       298015607409 L1-dcache-stores                                              (27.96%)
S0       16    <not supported> L1-dcache-store-misses  
S0       16                  0 L1-dcache-prefetch-misses                                     (27.82%)
S0       16        42865109616 L1-icache-load-misses                                         (27.45%)
S0       16       341565191473 LLC-loads                                                     (11.11%)
S0       16        59620836218 LLC-stores                                                    (11.20%)
S0       16    <not supported> LLC-prefetches          
S0       16     12702556875003 dTLB-loads                                                    (16.77%)
S0       16         4168796806 dTLB-load-misses          #    2.09% of all dTLB cache hits   (16.76%)
S0       16    <not supported> dTLB-stores             
S0       16    <not supported> dTLB-store-misses       
S0       16      7382087940985 iTLB-loads                                                    (16.67%)
S0       16          124013400 iTLB-load-misses          #    0.11% of all iTLB cache hits   (10.98%)
S0       16      3211647514278 branch-loads                                                  (16.40%)
S0       16        74918600516 branch-load-misses                                            (21.90%)
S1       16          452847794 cache-misses                                                  (21.36%)
S1       16       179964286893 cycles                    #    0.000 GHz                      (21.11%)
S1       16        71495755302 instructions              #    0.00  insns per cycle          (27.59%)
S1       16             149300 cs                                                            (100.00%)
S1       16               1276 migrations                                                    (100.00%)
S1       16              82262 faults                                                      
S1       16    <not supported> bus-cycles              
S1       16      1166300373892 idle-cycles-frontend      #    0.00% frontend cycles idle     (17.94%)
S1       16        42651132859 idle-cycles-backend       #    0.00% backend  cycles idle     (16.91%)
S1       16        23019814624 L1-dcache-loads                                               (23.20%)
S1       16          774610063 L1-dcache-load-misses                                         (27.58%)
S1       16          780366309 L1-dcache-stores                                              (27.11%)
S1       16    <not supported> L1-dcache-store-misses  
S1       16                  0 L1-dcache-prefetch-misses                                     (25.80%)
S1       16          349056427 L1-icache-load-misses                                         (26.61%)
S1       16         1432050531 LLC-loads                                                     (12.52%)
S1       16         1076084585 LLC-stores                                                    (13.22%)
S1       16    <not supported> LLC-prefetches          
S1       16        30864997723 dTLB-loads                                                    (17.97%)
S1       16             465083 dTLB-load-misses                                              (16.67%)
S1       16    <not supported> dTLB-stores             
S1       16    <not supported> dTLB-store-misses       
S1       16        17391641658 iTLB-loads                                                    (16.56%)
S1       16             244624 iTLB-load-misses                                              (11.31%)
S1       16         9781223030 branch-loads                                                  (16.62%)
S1       16          204602944 branch-load-misses                                            (22.39%)
S2       16          214768935 cache-misses                                                  (22.34%)
S2       16       101459242586 cycles                    #    0.000 GHz                      (20.00%)
S2       16        24221001900 instructions              #    0.00  insns per cycle          (27.54%)
S2       16              91723 cs                                                            (100.00%)
S2       16               1326 migrations                                                    (100.00%)
S2       16              56913 faults                                                      
S2       16    <not supported> bus-cycles              
S2       16       685196305692 idle-cycles-frontend      #    0.00% frontend cycles idle     (18.72%)
S2       16        30987418726 idle-cycles-backend       #    0.00% backend  cycles idle     (16.83%)
S2       16        10223228284 L1-dcache-loads                                               (23.34%)
S2       16          409742768 L1-dcache-load-misses                                         (26.76%)
S2       16          513070273 L1-dcache-stores                                              (28.07%)
S2       16    <not supported> L1-dcache-store-misses  
S2       16                  0 L1-dcache-prefetch-misses                                     (24.66%)
S2       16          168457533 L1-icache-load-misses                                         (25.69%)
S2       16          670550172 LLC-loads                                                     (14.18%)
S2       16          602040309 LLC-stores                                                    (11.92%)
S2       16    <not supported> LLC-prefetches          
S2       16        10713951266 dTLB-loads                                                    (18.53%)
S2       16             282031 dTLB-load-misses                                              (17.84%)
S2       16    <not supported> dTLB-stores             
S2       16    <not supported> dTLB-store-misses       
S2       16         6637997554 iTLB-loads                                                    (16.57%)
S2       16             121208 iTLB-load-misses                                              (10.96%)
S2       16         4660763423 branch-loads                                                  (16.45%)
S2       16           29083764 branch-load-misses                                            (21.92%)
S3       16         1076194962 cache-misses                                                  (21.93%)
S3       16       149854941387 cycles                    #    0.000 GHz                      (21.98%)
S3       16        60899263560 instructions              #    0.00  insns per cycle          (27.57%)
S3       16             158733 cs                                                            (100.00%)
S3       16               2356 migrations                                                    (100.00%)
S3       16              97430 faults                                                      
S3       16    <not supported> bus-cycles              
S3       16       914855954921 idle-cycles-frontend      #    0.00% frontend cycles idle     (16.63%)
S3       16        48844869442 idle-cycles-backend       #    0.00% backend  cycles idle     (16.78%)
S3       16        35985091221 L1-dcache-loads                                               (22.45%)
S3       16         1703419448 L1-dcache-load-misses                                         (28.05%)
S3       16         1737009894 L1-dcache-stores                                              (28.00%)
S3       16    <not supported> L1-dcache-store-misses  
S3       16                  0 L1-dcache-prefetch-misses                                     (28.15%)
S3       16         1105298223 L1-icache-load-misses                                         (28.13%)
S3       16         2918799447 LLC-loads                                                     (11.13%)
S3       16          638426330 LLC-stores                                                    (10.93%)
S3       16    <not supported> LLC-prefetches          
S3       16        34653637210 dTLB-loads                                                    (16.57%)
S3       16            2984516 dTLB-load-misses                                              (16.60%)
S3       16    <not supported> dTLB-stores             
S3       16    <not supported> dTLB-store-misses       
S3       16        20545174611 iTLB-loads                                                    (16.66%)
S3       16             965888 iTLB-load-misses                                              (11.07%)
S3       16        10772007059 branch-loads                                                  (16.49%)
S3       16          358615414 branch-load-misses                                            (21.96%)

    1310.939515168 seconds time elapsed

#################################################################
# Test multi-threading - 16 threads - T3
#################################################################
2595690.BOWTIE2-Localalloc.batman.t16
perl: warning: Setting locale failed.
perl: warning: Please check that your locale settings:
	LANGUAGE = (unset),
	LC_ALL = (unset),
	LC_CTYPE = "UTF-8",
	LANG = "en_US.UTF-8"
    are supported and installed on your system.
perl: warning: Falling back to the standard locale ("C").
11945249 reads; of these:
  11945249 (100.00%) were unpaired; of these:
    268643 (2.25%) aligned 0 times
    7905342 (66.18%) aligned exactly 1 time
    3771264 (31.57%) aligned >1 times
97.75% overall alignment rate

 Performance counter stats for 'numactl --localalloc --physcpubind=0-15 ./bowtie2 -p 16 -x /tmp/data/indexes/HG_index_bowtie2/bowtie2_index /tmp/data/datasets/gcat_set_039_1.fastq -S /scratch/077-hpca4se-bioinf/jlenis/results/BOWTIE2-Localalloc/2595690.BOWTIE2-Localalloc.batman.t16.sam':

S0       16        43021644868 cache-misses                                                  (21.86%)
S0       16     25337998571815 cycles                    #    0.000 GHz                      (22.28%)
S0       16     32154178773819 instructions              #   80.49  insns per cycle        
                                             #    0.00  stalled cycles per insn  (27.84%)
S0       16             257607 cs                                                            (100.00%)
S0       16               1181 migrations                                                    (100.00%)
S0       16              78399 faults                                                      
S0       16    <not supported> bus-cycles              
S0       16      1719992444643 idle-cycles-frontend      #  430.57% frontend cycles idle     (17.44%)
S0       16       896368076006 idle-cycles-backend       #  224.39% backend  cycles idle     (16.67%)
S0       16     12735231108208 L1-dcache-loads                                               (22.20%)
S0       16       223375798155 L1-dcache-load-misses     #  111.97% of all L1-dcache hits    (27.73%)
S0       16       299031785320 L1-dcache-stores                                              (27.71%)
S0       16    <not supported> L1-dcache-store-misses  
S0       16                  0 L1-dcache-prefetch-misses                                     (27.71%)
S0       16        43210000269 L1-icache-load-misses                                         (27.72%)
S0       16       342681689821 LLC-loads                                                     (11.13%)
S0       16        59480919937 LLC-stores                                                    (11.14%)
S0       16    <not supported> LLC-prefetches          
S0       16     12758476237520 dTLB-loads                                                    (16.69%)
S0       16         5263091075 dTLB-load-misses          #    2.63% of all dTLB cache hits   (16.65%)
S0       16    <not supported> dTLB-stores             
S0       16    <not supported> dTLB-store-misses       
S0       16      7423034398579 iTLB-loads                                                    (16.30%)
S0       16          177744306 iTLB-load-misses          #    0.15% of all iTLB cache hits   (11.11%)
S0       16      3222577233119 branch-loads                                                  (16.67%)
S0       16        75175463959 branch-load-misses                                            (22.20%)
S1       16          239576272 cache-misses                                                  (21.98%)
S1       16        96836266754 cycles                    #    0.000 GHz                      (22.19%)
S1       16        23908545447 instructions              #    0.00  insns per cycle          (27.82%)
S1       16              83889 cs                                                            (100.00%)
S1       16                809 migrations                                                    (100.00%)
S1       16              58490 faults                                                      
S1       16    <not supported> bus-cycles              
S1       16       858407556747 idle-cycles-frontend      #    0.00% frontend cycles idle     (17.05%)
S1       16        26211045663 idle-cycles-backend       #    0.00% backend  cycles idle     (16.61%)
S1       16        13418349493 L1-dcache-loads                                               (22.29%)
S1       16          561716180 L1-dcache-load-misses                                         (27.68%)
S1       16          562115547 L1-dcache-stores                                              (27.57%)
S1       16    <not supported> L1-dcache-store-misses  
S1       16                  0 L1-dcache-prefetch-misses                                     (27.54%)
S1       16          254888665 L1-icache-load-misses                                         (27.64%)
S1       16          630281986 LLC-loads                                                     (11.19%)
S1       16          414329237 LLC-stores                                                    (10.96%)
S1       16    <not supported> LLC-prefetches          
S1       16        11310951341 dTLB-loads                                                    (16.44%)
S1       16             246300 dTLB-load-misses                                              (16.73%)
S1       16    <not supported> dTLB-stores             
S1       16    <not supported> dTLB-store-misses       
S1       16         7941198848 iTLB-loads                                                    (16.88%)
S1       16             192804 iTLB-load-misses                                              (11.22%)
S1       16         3851142244 branch-loads                                                  (16.64%)
S1       16           42579814 branch-load-misses                                            (22.22%)
S2       16          136808599 cache-misses                                                  (22.05%)
S2       16        60059885936 cycles                    #    0.000 GHz                      (22.16%)
S2       16        13121163063 instructions              #    0.00  insns per cycle          (27.76%)
S2       16              65537 cs                                                            (100.00%)
S2       16               1157 migrations                                                    (100.00%)
S2       16              32057 faults                                                      
S2       16    <not supported> bus-cycles              
S2       16       241555195961 idle-cycles-frontend      #    0.00% frontend cycles idle     (17.04%)
S2       16        11958579236 idle-cycles-backend       #    0.00% backend  cycles idle     (16.71%)
S2       16         3149915169 L1-dcache-loads                                               (22.95%)
S2       16          146002708 L1-dcache-load-misses                                         (27.30%)
S2       16          201229565 L1-dcache-stores                                              (27.88%)
S2       16    <not supported> L1-dcache-store-misses  
S2       16                  0 L1-dcache-prefetch-misses                                     (26.79%)
S2       16           94805279 L1-icache-load-misses                                         (27.52%)
S2       16          299916679 LLC-loads                                                     (11.97%)
S2       16          301747986 LLC-stores                                                    (11.02%)
S2       16    <not supported> LLC-prefetches          
S2       16         5626517275 dTLB-loads                                                    (16.96%)
S2       16             134775 dTLB-load-misses                                              (17.37%)
S2       16    <not supported> dTLB-stores             
S2       16    <not supported> dTLB-store-misses       
S2       16         2424698890 iTLB-loads                                                    (16.24%)
S2       16             113127 iTLB-load-misses                                              (10.73%)
S2       16         2608913337 branch-loads                                                  (16.52%)
S2       16           18804902 branch-load-misses                                            (22.33%)
S3       16          575421306 cache-misses                                                  (20.74%)
S3       16        71368516952 cycles                    #    0.000 GHz                      (21.07%)
S3       16        30045371917 instructions              #    0.00  insns per cycle          (28.14%)
S3       16              89678 cs                                                            (100.00%)
S3       16               1868 migrations                                                    (100.00%)
S3       16              54977 faults                                                      
S3       16    <not supported> bus-cycles              
S3       16       380504462705 idle-cycles-frontend      #    0.00% frontend cycles idle     (19.58%)
S3       16        23293755661 idle-cycles-backend       #    0.00% backend  cycles idle     (16.17%)
S3       16        16384653131 L1-dcache-loads                                               (23.60%)
S3       16          758564694 L1-dcache-load-misses                                         (28.13%)
S3       16          806142028 L1-dcache-stores                                              (27.24%)
S3       16    <not supported> L1-dcache-store-misses  
S3       16                  0 L1-dcache-prefetch-misses                                     (24.54%)
S3       16          596531815 L1-icache-load-misses                                         (26.70%)
S3       16         1577357232 LLC-loads                                                     (13.61%)
S3       16          292815866 LLC-stores                                                    (13.24%)
S3       16    <not supported> LLC-prefetches          
S3       16        17710685592 dTLB-loads                                                    (18.46%)
S3       16            1745326 dTLB-load-misses                                              (17.35%)
S3       16    <not supported> dTLB-stores             
S3       16    <not supported> dTLB-store-misses       
S3       16        11708924640 iTLB-loads                                                    (15.97%)
S3       16             760939 iTLB-load-misses                                              (11.04%)
S3       16         5484470436 branch-loads                                                  (16.48%)
S3       16          181058936 branch-load-misses                                            (22.19%)

     683.256925890 seconds time elapsed

#################################################################
# Test multi-threading - 32 threads - T4 
#################################################################
2595690.BOWTIE2-Localalloc.batman.t32
perl: warning: Setting locale failed.
perl: warning: Please check that your locale settings:
	LANGUAGE = (unset),
	LC_ALL = (unset),
	LC_CTYPE = "UTF-8",
	LANG = "en_US.UTF-8"
    are supported and installed on your system.
perl: warning: Falling back to the standard locale ("C").
11945249 reads; of these:
  11945249 (100.00%) were unpaired; of these:
    268643 (2.25%) aligned 0 times
    7905342 (66.18%) aligned exactly 1 time
    3771264 (31.57%) aligned >1 times
97.75% overall alignment rate

 Performance counter stats for 'numactl --localalloc --physcpubind=0-31 ./bowtie2 -p 32 -x /tmp/data/indexes/HG_index_bowtie2/bowtie2_index /tmp/data/datasets/gcat_set_039_1.fastq -S /scratch/077-hpca4se-bioinf/jlenis/results/BOWTIE2-Localalloc/2595690.BOWTIE2-Localalloc.batman.t32.sam':

S0       16        22055860017 cache-misses                                                  (22.31%)
S0       16     13477898561308 cycles                    #    0.000 GHz                      (22.56%)
S0       16     15926323933895 instructions              #   36.29  insns per cycle        
                                             #    0.01  stalled cycles per insn  (28.24%)
S0       16            5409633 cs                                                            (100.00%)
S0       16              10783 migrations                                                    (100.00%)
S0       16              46327 faults                                                      
S0       16    <not supported> bus-cycles              
S0       16      2690269454370 idle-cycles-frontend      #  613.03% frontend cycles idle     (17.98%)
S0       16       773452241542 idle-cycles-backend       #  176.25% backend  cycles idle     (16.55%)
S0       16      6459492430788 L1-dcache-loads                                               (22.07%)
S0       16       111028802314 L1-dcache-load-misses     #   55.13% of all L1-dcache hits    (27.55%)
S0       16       152613953888 L1-dcache-stores                                              (27.35%)
S0       16    <not supported> L1-dcache-store-misses  
S0       16                  0 L1-dcache-prefetch-misses                                     (27.49%)
S0       16        22361767499 L1-icache-load-misses                                         (26.50%)
S0       16       175105628414 LLC-loads                                                     (11.00%)
S0       16        29496922008 LLC-stores                                                    (10.99%)
S0       16    <not supported> LLC-prefetches          
S0       16      6483561377288 dTLB-loads                                                    (16.56%)
S0       16         2911518229 dTLB-load-misses          #    1.43% of all dTLB cache hits   (16.68%)
S0       16    <not supported> dTLB-stores             
S0       16    <not supported> dTLB-store-misses       
S0       16      3711064487296 iTLB-loads                                                    (16.79%)
S0       16           76835148 iTLB-load-misses          #    0.07% of all iTLB cache hits   (11.16%)
S0       16      1617979333417 branch-loads                                                  (16.71%)
S0       16        37520035336 branch-load-misses                                            (22.33%)
S1       16        22313997073 cache-misses                                                  (21.88%)
S1       16     14516528423335 cycles                    #    0.000 GHz                      (22.32%)
S1       16     16130243930065 instructions              #    0.00  insns per cycle          (27.93%)
S1       16             417059 cs                                                            (100.00%)
S1       16               7063 migrations                                                    (100.00%)
S1       16             102709 faults                                                      
S1       16    <not supported> bus-cycles              
S1       16      1926361902573 idle-cycles-frontend      #    0.00% frontend cycles idle     (17.51%)
S1       16       761668085015 idle-cycles-backend       #    0.00% backend  cycles idle     (16.77%)
S1       16      6415873725034 L1-dcache-loads                                               (22.32%)
S1       16       110633447735 L1-dcache-load-misses                                         (27.87%)
S1       16       150271790306 L1-dcache-stores                                              (27.77%)
S1       16    <not supported> L1-dcache-store-misses  
S1       16                  0 L1-dcache-prefetch-misses                                     (27.74%)
S1       16        22435411276 L1-icache-load-misses                                         (27.70%)
S1       16       174096931709 LLC-loads                                                     (11.07%)
S1       16        29846619218 LLC-stores                                                    (11.07%)
S1       16    <not supported> LLC-prefetches          
S1       16      6491955669957 dTLB-loads                                                    (16.60%)
S1       16         3255090413 dTLB-load-misses                                              (16.60%)
S1       16    <not supported> dTLB-stores             
S1       16    <not supported> dTLB-store-misses       
S1       16      3760774863990 iTLB-loads                                                    (16.26%)
S1       16           87196987 iTLB-load-misses                                              (11.08%)
S1       16      1633750652623 branch-loads                                                  (16.60%)
S1       16        38016168912 branch-load-misses                                            (22.12%)
S2       16           84432830 cache-misses                                                  (21.83%)
S2       16        35065423674 cycles                    #    0.000 GHz                      (22.03%)
S2       16         7644715370 instructions              #    0.00  insns per cycle          (27.69%)
S2       16              65509 cs                                                            (100.00%)
S2       16               1064 migrations                                                    (100.00%)
S2       16              28685 faults                                                      
S2       16    <not supported> bus-cycles              
S2       16       223719779604 idle-cycles-frontend      #    0.00% frontend cycles idle     (16.79%)
S2       16        10696864636 idle-cycles-backend       #    0.00% backend  cycles idle     (16.58%)
S2       16         4109760440 L1-dcache-loads                                               (22.06%)
S2       16          179664170 L1-dcache-load-misses                                         (27.37%)
S2       16          204578881 L1-dcache-stores                                              (27.32%)
S2       16    <not supported> L1-dcache-store-misses  
S2       16                  0 L1-dcache-prefetch-misses                                     (27.27%)
S2       16           92091452 L1-icache-load-misses                                         (27.44%)
S2       16          264961112 LLC-loads                                                     (11.33%)
S2       16          188183687 LLC-stores                                                    (11.71%)
S2       16    <not supported> LLC-prefetches          
S2       16         3472796569 dTLB-loads                                                    (17.13%)
S2       16             139336 dTLB-load-misses                                              (17.20%)
S2       16    <not supported> dTLB-stores             
S2       16    <not supported> dTLB-store-misses       
S2       16         2043087184 iTLB-loads                                                    (16.81%)
S2       16              93306 iTLB-load-misses                                              (11.01%)
S2       16         1531493723 branch-loads                                                  (16.41%)
S2       16           14507138 branch-load-misses                                            (21.64%)
S3       16          384726765 cache-misses                                                  (21.72%)
S3       16        56910280425 cycles                    #    0.000 GHz                      (21.24%)
S3       16        20131565377 instructions              #    0.00  insns per cycle          (27.74%)
S3       16              59791 cs                                                            (100.00%)
S3       16               1572 migrations                                                    (100.00%)
S3       16              33967 faults                                                      
S3       16    <not supported> bus-cycles              
S3       16       297632457860 idle-cycles-frontend      #    0.00% frontend cycles idle     (18.46%)
S3       16        17785362070 idle-cycles-backend       #    0.00% backend  cycles idle     (16.48%)
S3       16         9433289338 L1-dcache-loads                                               (22.21%)
S3       16          444395655 L1-dcache-load-misses                                         (28.02%)
S3       16          466201682 L1-dcache-stores                                              (27.42%)
S3       16    <not supported> L1-dcache-store-misses  
S3       16                  0 L1-dcache-prefetch-misses                                     (26.65%)
S3       16          310945170 L1-icache-load-misses                                         (26.28%)
S3       16          913977805 LLC-loads                                                     (11.97%)
S3       16          239946052 LLC-stores                                                    (12.74%)
S3       16    <not supported> LLC-prefetches          
S3       16        11273989777 dTLB-loads                                                    (17.79%)
S3       16             978487 dTLB-load-misses                                              (16.74%)
S3       16    <not supported> dTLB-stores             
S3       16    <not supported> dTLB-store-misses       
S3       16         7362107770 iTLB-loads                                                    (16.78%)
S3       16             346952 iTLB-load-misses                                              (10.96%)
S3       16         3932605513 branch-loads                                                  (16.34%)
S3       16          127064611 branch-load-misses                                            (21.82%)

     389.360372792 seconds time elapsed

#################################################################
# Test multi-threading - 48 threads - T5
#################################################################
2595690.BOWTIE2-Localalloc.batman.t48
perl: warning: Setting locale failed.
perl: warning: Please check that your locale settings:
	LANGUAGE = (unset),
	LC_ALL = (unset),
	LC_CTYPE = "UTF-8",
	LANG = "en_US.UTF-8"
    are supported and installed on your system.
perl: warning: Falling back to the standard locale ("C").
11945249 reads; of these:
  11945249 (100.00%) were unpaired; of these:
    268643 (2.25%) aligned 0 times
    7905342 (66.18%) aligned exactly 1 time
    3771264 (31.57%) aligned >1 times
97.75% overall alignment rate

 Performance counter stats for 'numactl --localalloc --physcpubind=0-47 ./bowtie2 -p 48 -x /tmp/data/indexes/HG_index_bowtie2/bowtie2_index /tmp/data/datasets/gcat_set_039_1.fastq -S /scratch/077-hpca4se-bioinf/jlenis/results/BOWTIE2-Localalloc/2595690.BOWTIE2-Localalloc.batman.t48.sam':

S0       16        14714994283 cache-misses                                                  (22.21%)
S0       16     10068262592749 cycles                    #    0.000 GHz                      (22.43%)
S0       16     10143229483638 instructions              #   20.45  insns per cycle        
                                             #    0.01  stalled cycles per insn  (28.25%)
S0       16             327092 cs                                                            (100.00%)
S0       16              22325 migrations                                                    (100.00%)
S0       16              20885 faults                                                      
S0       16    <not supported> bus-cycles              
S0       16      2530387274261 idle-cycles-frontend      #  510.27% frontend cycles idle     (17.28%)
S0       16       746664191472 idle-cycles-backend       #  150.57% backend  cycles idle     (17.08%)
S0       16      4050532013238 L1-dcache-loads                                               (22.64%)
S0       16        67475897651 L1-dcache-load-misses     #   33.75% of all L1-dcache hits    (28.16%)
S0       16        94818360406 L1-dcache-stores                                              (27.81%)
S0       16    <not supported> L1-dcache-store-misses  
S0       16                  0 L1-dcache-prefetch-misses                                     (27.59%)
S0       16        14904526779 L1-icache-load-misses                                         (27.50%)
S0       16       111702224506 LLC-loads                                                     (10.96%)
S0       16        19079683004 LLC-stores                                                    (10.95%)
S0       16    <not supported> LLC-prefetches          
S0       16      4184816119162 dTLB-loads                                                    (16.45%)
S0       16         2004459882 dTLB-load-misses          #    0.98% of all dTLB cache hits   (16.42%)
S0       16    <not supported> dTLB-stores             
S0       16    <not supported> dTLB-store-misses       
S0       16      2415757678065 iTLB-loads                                                    (16.51%)
S0       16           49704167 iTLB-load-misses          #    0.04% of all iTLB cache hits   (11.08%)
S0       16      1044914468827 branch-loads                                                  (16.58%)
S0       16        24221295048 branch-load-misses                                            (22.03%)
S1       16        15512411603 cache-misses                                                  (22.15%)
S1       16     10715182728449 cycles                    #    0.000 GHz                      (22.32%)
S1       16     10998278053952 instructions              #    0.00  insns per cycle          (28.10%)
S1       16            5010493 cs                                                            (100.00%)
S1       16               9415 migrations                                                    (100.00%)
S1       16             103965 faults                                                      
S1       16    <not supported> bus-cycles              
S1       16      2141705295756 idle-cycles-frontend      #    0.00% frontend cycles idle     (17.09%)
S1       16       519291466058 idle-cycles-backend       #    0.00% backend  cycles idle     (16.96%)
S1       16      4368470874719 L1-dcache-loads                                               (22.47%)
S1       16        73785237544 L1-dcache-load-misses                                         (27.97%)
S1       16       102267599065 L1-dcache-stores                                              (27.73%)
S1       16    <not supported> L1-dcache-store-misses  
S1       16                  0 L1-dcache-prefetch-misses                                     (27.62%)
S1       16        15627525224 L1-icache-load-misses                                         (27.59%)
S1       16       118782981271 LLC-loads                                                     (11.07%)
S1       16        21744853512 LLC-stores                                                    (11.06%)
S1       16    <not supported> LLC-prefetches          
S1       16      4451916466237 dTLB-loads                                                    (16.60%)
S1       16         2265078491 dTLB-load-misses                                              (16.56%)
S1       16    <not supported> dTLB-stores             
S1       16    <not supported> dTLB-store-misses       
S1       16      2584703296664 iTLB-loads                                                    (16.57%)
S1       16           57306638 iTLB-load-misses                                              (11.02%)
S1       16      1125203191237 branch-loads                                                  (16.54%)
S1       16        26206928511 branch-load-misses                                            (22.03%)
S2       16        15443064429 cache-misses                                                  (22.15%)
S2       16     10673292179968 cycles                    #    0.000 GHz                      (22.42%)
S2       16     10882028011625 instructions              #    0.00  insns per cycle          (28.16%)
S2       16             515101 cs                                                            (100.00%)
S2       16               1964 migrations                                                    (100.00%)
S2       16              92789 faults                                                      
S2       16    <not supported> bus-cycles              
S2       16      2086844251474 idle-cycles-frontend      #    0.00% frontend cycles idle     (17.10%)
S2       16       534927440164 idle-cycles-backend       #    0.00% backend  cycles idle     (16.90%)
S2       16      4348250868896 L1-dcache-loads                                               (22.43%)
S2       16        73451666311 L1-dcache-load-misses                                         (27.95%)
S2       16       101484549991 L1-dcache-stores                                              (27.70%)
S2       16    <not supported> L1-dcache-store-misses  
S2       16                  0 L1-dcache-prefetch-misses                                     (27.63%)
S2       16        15542418153 L1-icache-load-misses                                         (27.58%)
S2       16       118048525549 LLC-loads                                                     (11.04%)
S2       16        20733131843 LLC-stores                                                    (11.03%)
S2       16    <not supported> LLC-prefetches          
S2       16      4436206011267 dTLB-loads                                                    (16.55%)
S2       16         2273928848 dTLB-load-misses                                              (16.57%)
S2       16    <not supported> dTLB-stores             
S2       16    <not supported> dTLB-store-misses       
S2       16      2566178709766 iTLB-loads                                                    (16.57%)
S2       16           57237805 iTLB-load-misses                                              (11.01%)
S2       16      1120485732912 branch-loads                                                  (16.51%)
S2       16        26021796153 branch-load-misses                                            (21.98%)
S3       16          650514205 cache-misses                                                  (21.46%)
S3       16       280649078437 cycles                    #    0.000 GHz                      (21.52%)
S3       16        42199778129 instructions              #    0.00  insns per cycle          (28.73%)
S3       16              73486 cs                                                            (100.00%)
S3       16               2675 migrations                                                    (100.00%)
S3       16              75318 faults                                                      
S3       16    <not supported> bus-cycles              
S3       16       695189399503 idle-cycles-frontend      #    0.00% frontend cycles idle     (19.02%)
S3       16       103307941578 idle-cycles-backend       #    0.00% backend  cycles idle     (15.36%)
S3       16        28422960785 L1-dcache-loads                                               (23.26%)
S3       16         1066844596 L1-dcache-load-misses                                         (27.64%)
S3       16         1173544848 L1-dcache-stores                                              (27.47%)
S3       16    <not supported> L1-dcache-store-misses  
S3       16                  0 L1-dcache-prefetch-misses                                     (24.27%)
S3       16          719302304 L1-icache-load-misses                                         (26.49%)
S3       16         1780020784 LLC-loads                                                     (13.25%)
S3       16          646738270 LLC-stores                                                    (13.45%)
S3       16    <not supported> LLC-prefetches          
S3       16        28259233525 dTLB-loads                                                    (19.07%)
S3       16            1256865 dTLB-load-misses                                              (18.25%)
S3       16    <not supported> dTLB-stores             
S3       16    <not supported> dTLB-store-misses       
S3       16        15114354920 iTLB-loads                                                    (16.40%)
S3       16             525607 iTLB-load-misses                                              (10.54%)
S3       16         8874412891 branch-loads                                                  (15.89%)
S3       16          164007318 branch-load-misses                                            (21.61%)

     287.961755303 seconds time elapsed

#################################################################
# Test multi-threading - 64 threads - T6
#################################################################
2595690.BOWTIE2-Localalloc.batman.t64
perl: warning: Setting locale failed.
perl: warning: Please check that your locale settings:
	LANGUAGE = (unset),
	LC_ALL = (unset),
	LC_CTYPE = "UTF-8",
	LANG = "en_US.UTF-8"
    are supported and installed on your system.
perl: warning: Falling back to the standard locale ("C").
11945249 reads; of these:
  11945249 (100.00%) were unpaired; of these:
    268643 (2.25%) aligned 0 times
    7905342 (66.18%) aligned exactly 1 time
    3771264 (31.57%) aligned >1 times
97.75% overall alignment rate

 Performance counter stats for 'numactl --localalloc --physcpubind=0-63 ./bowtie2 -p 64 -x /tmp/data/indexes/HG_index_bowtie2/bowtie2_index /tmp/data/datasets/gcat_set_039_1.fastq -S /scratch/077-hpca4se-bioinf/jlenis/results/BOWTIE2-Localalloc/2595690.BOWTIE2-Localalloc.batman.t64.sam':

S0       16        11996336901 cache-misses                                                  (22.02%)
S0       16      9865886719416 cycles                    #    0.000 GHz                      (21.64%)
S0       16      8148403255978 instructions              #   13.24  insns per cycle        
                                             #    0.02  stalled cycles per insn  (28.02%)
S0       16             670993 cs                                                            (100.00%)
S0       16               1267 migrations                                                    (100.00%)
S0       16              39988 faults                                                      
S0       16    <not supported> bus-cycles              
S0       16      2870090086787 idle-cycles-frontend      #  466.48% frontend cycles idle     (17.77%)
S0       16       669413952304 idle-cycles-backend       #  108.80% backend  cycles idle     (17.03%)
S0       16      3238744835272 L1-dcache-loads                                               (22.91%)
S0       16        54763560181 L1-dcache-load-misses     #   27.06% of all L1-dcache hits    (27.70%)
S0       16        74862136149 L1-dcache-stores                                              (27.89%)
S0       16    <not supported> L1-dcache-store-misses  
S0       16                  0 L1-dcache-prefetch-misses                                     (26.82%)
S0       16        11962424719 L1-icache-load-misses                                         (26.98%)
S0       16        88326959289 LLC-loads                                                     (12.04%)
S0       16        15523716719 LLC-stores                                                    (11.34%)
S0       16    <not supported> LLC-prefetches          
S0       16      3331682609271 dTLB-loads                                                    (17.20%)
S0       16         1744386566 dTLB-load-misses          #    0.85% of all dTLB cache hits   (16.83%)
S0       16    <not supported> dTLB-stores             
S0       16    <not supported> dTLB-store-misses       
S0       16      1922071294359 iTLB-loads                                                    (16.56%)
S0       16           57319804 iTLB-load-misses          #    0.05% of all iTLB cache hits   (10.98%)
S0       16       839658030343 branch-loads                                                  (16.49%)
S0       16        19482486698 branch-load-misses                                            (21.89%)
S1       16        11971564575 cache-misses                                                  (22.00%)
S1       16      9954968647175 cycles                    #    0.000 GHz                      (20.79%)
S1       16      8168734310300 instructions              #    0.00  insns per cycle          (27.93%)
S1       16             357923 cs                                                            (100.00%)
S1       16                489 migrations                                                    (100.00%)
S1       16              30030 faults                                                      
S1       16    <not supported> bus-cycles              
S1       16      2851822049395 idle-cycles-frontend      #    0.00% frontend cycles idle     (18.52%)
S1       16       678769695869 idle-cycles-backend       #    0.00% backend  cycles idle     (16.95%)
S1       16      3236387680115 L1-dcache-loads                                               (23.27%)
S1       16        55545482898 L1-dcache-load-misses                                         (27.37%)
S1       16        75558688635 L1-dcache-stores                                              (27.88%)
S1       16    <not supported> L1-dcache-store-misses  
S1       16                  0 L1-dcache-prefetch-misses                                     (25.55%)
S1       16        11948673795 L1-icache-load-misses                                         (26.23%)
S1       16        88447011384 LLC-loads                                                     (13.15%)
S1       16        15357460428 LLC-stores                                                    (11.82%)
S1       16    <not supported> LLC-prefetches          
S1       16      3299153261438 dTLB-loads                                                    (18.05%)
S1       16         1692306522 dTLB-load-misses                                              (17.41%)
S1       16    <not supported> dTLB-stores             
S1       16    <not supported> dTLB-store-misses       
S1       16      1914152939894 iTLB-loads                                                    (16.60%)
S1       16           56289812 iTLB-load-misses                                              (10.98%)
S1       16       840516505022 branch-loads                                                  (16.43%)
S1       16        19465284826 branch-load-misses                                            (21.91%)
S2       16        11977294060 cache-misses                                                  (22.21%)
S2       16      9681688261879 cycles                    #    0.000 GHz                      (22.54%)
S2       16      8154567280872 instructions              #    0.00  insns per cycle          (28.16%)
S2       16            1971879 cs                                                            (100.00%)
S2       16               3579 migrations                                                    (100.00%)
S2       16             101499 faults                                                      
S2       16    <not supported> bus-cycles              
S2       16      3051417440705 idle-cycles-frontend      #    0.00% frontend cycles idle     (17.18%)
S2       16       674111358185 idle-cycles-backend       #    0.00% backend  cycles idle     (16.88%)
S2       16      3284166213197 L1-dcache-loads                                               (22.38%)
S2       16        55117852032 L1-dcache-load-misses                                         (27.86%)
S2       16        76207266508 L1-dcache-stores                                              (27.78%)
S2       16    <not supported> L1-dcache-store-misses  
S2       16                  0 L1-dcache-prefetch-misses                                     (27.58%)
S2       16        12089929521 L1-icache-load-misses                                         (27.59%)
S2       16        89247299343 LLC-loads                                                     (11.05%)
S2       16        15711493090 LLC-stores                                                    (11.02%)
S2       16    <not supported> LLC-prefetches          
S2       16      3352495183309 dTLB-loads                                                    (16.49%)
S2       16         1691992625 dTLB-load-misses                                              (16.47%)
S2       16    <not supported> dTLB-stores             
S2       16    <not supported> dTLB-store-misses       
S2       16      1938112385515 iTLB-loads                                                    (16.49%)
S2       16           56845563 iTLB-load-misses                                              (11.01%)
S2       16       842421177196 branch-loads                                                  (16.51%)
S2       16        19507759400 branch-load-misses                                            (21.98%)
S3       16        11862892740 cache-misses                                                  (21.88%)
S3       16      9874147183864 cycles                    #    0.000 GHz                      (21.09%)
S3       16      7873948784364 instructions              #    0.00  insns per cycle          (27.05%)
S3       16             999140 cs                                                            (100.00%)
S3       16               3601 migrations                                                    (100.00%)
S3       16             157487 faults                                                      
S3       16    <not supported> bus-cycles              
S3       16      2968034727889 idle-cycles-frontend      #    0.00% frontend cycles idle     (17.98%)
S3       16       767875817787 idle-cycles-backend       #    0.00% backend  cycles idle     (17.06%)
S3       16      3193202788345 L1-dcache-loads                                               (22.94%)
S3       16        53581680131 L1-dcache-load-misses                                         (27.09%)
S3       16        73011726350 L1-dcache-stores                                              (27.74%)
S3       16    <not supported> L1-dcache-store-misses  
S3       16                  0 L1-dcache-prefetch-misses                                     (26.66%)
S3       16        11922087747 L1-icache-load-misses                                         (26.62%)
S3       16        85658508720 LLC-loads                                                     (12.09%)
S3       16        15016211730 LLC-stores                                                    (11.39%)
S3       16    <not supported> LLC-prefetches          
S3       16      3221481081849 dTLB-loads                                                    (17.29%)
S3       16         1654577374 dTLB-load-misses                                              (17.29%)
S3       16    <not supported> dTLB-stores             
S3       16    <not supported> dTLB-store-misses       
S3       16      1865926843280 iTLB-loads                                                    (16.57%)
S3       16           58456294 iTLB-load-misses                                              (11.04%)
S3       16       811561921090 branch-loads                                                  (16.55%)
S3       16        18811220575 branch-load-misses                                            (22.41%)

     263.774818515 seconds time elapsed

