mkdir: cannot create directory `/scratch/077-hpca4se-bioinf/jlenis/results/GEM-Localalloc': File exists
> Benchmarks for GEM3 : gcat_set_039_1
penguin
#################################################################
# Warm up - 64 threads - T1
#################################################################
WarmUp.2595735.GEM-Localalloc.penguin.t64
2016/9/30 18:19:24 -- [Opening input file '/tmp/data/datasets/gcat_set_039_1.fastq']
2016/9/30 18:19:24 -- [Outputting to '/scratch/077-hpca4se-bioinf/jlenis/results/GEM-Localalloc/WarmUp.2595735.GEM-Localalloc.penguin.t64.sam']
2016/9/30 18:19:24 -- [Loading GEM index '/tmp/data/indexes/HG_index_GEM/index.gem']
2016/9/30 18:21:05 -- [SE::Mapping Sequences]
2016/9/30 18:21:16 -- # 100000 sequences processed
2016/9/30 18:21:17 -- # 200000 sequences processed
2016/9/30 18:21:17 -- # 300000 sequences processed
2016/9/30 18:21:17 -- # 400000 sequences processed
2016/9/30 18:21:17 -- # 500000 sequences processed
2016/9/30 18:21:17 -- # 600000 sequences processed
2016/9/30 18:21:17 -- # 700000 sequences processed
2016/9/30 18:21:17 -- # 800000 sequences processed
2016/9/30 18:21:17 -- # 900000 sequences processed
2016/9/30 18:21:17 -- # 1000000 sequences processed
2016/9/30 18:21:17 -- # 1100000 sequences processed
2016/9/30 18:21:17 -- # 1200000 sequences processed
2016/9/30 18:21:17 -- # 1300000 sequences processed
2016/9/30 18:21:18 -- # 1400000 sequences processed
2016/9/30 18:21:18 -- # 1500000 sequences processed
2016/9/30 18:21:18 -- # 1600000 sequences processed
2016/9/30 18:21:18 -- # 1700000 sequences processed
2016/9/30 18:21:18 -- # 1800000 sequences processed
2016/9/30 18:21:18 -- # 1900000 sequences processed
2016/9/30 18:21:18 -- # 2000000 sequences processed
2016/9/30 18:21:18 -- # 2100000 sequences processed
2016/9/30 18:21:18 -- # 2200000 sequences processed
2016/9/30 18:21:18 -- # 2300000 sequences processed
2016/9/30 18:21:18 -- # 2400000 sequences processed
2016/9/30 18:21:18 -- # 2500000 sequences processed
2016/9/30 18:21:18 -- # 2600000 sequences processed
2016/9/30 18:21:18 -- # 2700000 sequences processed
2016/9/30 18:21:18 -- # 2800000 sequences processed
2016/9/30 18:21:18 -- # 2900000 sequences processed
2016/9/30 18:21:18 -- # 3000000 sequences processed
2016/9/30 18:21:18 -- # 3100000 sequences processed
2016/9/30 18:21:18 -- # 3200000 sequences processed
2016/9/30 18:21:18 -- # 3300000 sequences processed
2016/9/30 18:21:18 -- # 3400000 sequences processed
2016/9/30 18:21:19 -- # 3500000 sequences processed
2016/9/30 18:21:19 -- # 3600000 sequences processed
2016/9/30 18:21:19 -- # 3700000 sequences processed
2016/9/30 18:21:19 -- # 3800000 sequences processed
2016/9/30 18:21:19 -- # 3900000 sequences processed
2016/9/30 18:21:19 -- # 4000000 sequences processed
2016/9/30 18:21:19 -- # 4100000 sequences processed
2016/9/30 18:21:19 -- # 4200000 sequences processed
2016/9/30 18:21:19 -- # 4300000 sequences processed
2016/9/30 18:21:19 -- # 4400000 sequences processed
2016/9/30 18:21:19 -- # 4500000 sequences processed
2016/9/30 18:21:19 -- # 4600000 sequences processed
2016/9/30 18:21:19 -- # 4700000 sequences processed
2016/9/30 18:21:19 -- # 4800000 sequences processed
2016/9/30 18:21:19 -- # 4900000 sequences processed
2016/9/30 18:21:19 -- # 5000000 sequences processed
2016/9/30 18:21:19 -- # 5100000 sequences processed
2016/9/30 18:21:19 -- # 5200000 sequences processed
2016/9/30 18:21:19 -- # 5300000 sequences processed
2016/9/30 18:21:19 -- # 5400000 sequences processed
2016/9/30 18:21:19 -- # 5500000 sequences processed
2016/9/30 18:21:19 -- # 5600000 sequences processed
2016/9/30 18:21:19 -- # 5700000 sequences processed
2016/9/30 18:21:20 -- # 5800000 sequences processed
2016/9/30 18:21:20 -- # 5900000 sequences processed
2016/9/30 18:21:21 -- # 6000000 sequences processed
2016/9/30 18:21:21 -- # 6100000 sequences processed
2016/9/30 18:21:23 -- # 6200000 sequences processed
2016/9/30 18:21:23 -- # 6300000 sequences processed
2016/9/30 18:21:26 -- # 6400000 sequences processed
2016/9/30 18:21:26 -- # 6500000 sequences processed
2016/9/30 18:21:26 -- # 6600000 sequences processed
2016/9/30 18:21:26 -- # 6700000 sequences processed
2016/9/30 18:21:26 -- # 6800000 sequences processed
2016/9/30 18:21:26 -- # 6900000 sequences processed
2016/9/30 18:21:27 -- # 7000000 sequences processed
2016/9/30 18:21:27 -- # 7100000 sequences processed
2016/9/30 18:21:27 -- # 7200000 sequences processed
2016/9/30 18:21:27 -- # 7300000 sequences processed
2016/9/30 18:21:27 -- # 7400000 sequences processed
2016/9/30 18:21:27 -- # 7500000 sequences processed
2016/9/30 18:21:27 -- # 7600000 sequences processed
2016/9/30 18:21:27 -- # 7700000 sequences processed
2016/9/30 18:21:27 -- # 7800000 sequences processed
2016/9/30 18:21:27 -- # 7900000 sequences processed
2016/9/30 18:21:27 -- # 8000000 sequences processed
2016/9/30 18:21:27 -- # 8100000 sequences processed
2016/9/30 18:21:27 -- # 8200000 sequences processed
2016/9/30 18:21:27 -- # 8300000 sequences processed
2016/9/30 18:21:27 -- # 8400000 sequences processed
2016/9/30 18:21:27 -- # 8500000 sequences processed
2016/9/30 18:21:27 -- # 8600000 sequences processed
2016/9/30 18:21:27 -- # 8700000 sequences processed
2016/9/30 18:21:27 -- # 8800000 sequences processed
2016/9/30 18:21:27 -- # 8900000 sequences processed
2016/9/30 18:21:27 -- # 9000000 sequences processed
2016/9/30 18:21:27 -- # 9100000 sequences processed
2016/9/30 18:21:27 -- # 9200000 sequences processed
2016/9/30 18:21:27 -- # 9300000 sequences processed
2016/9/30 18:21:27 -- # 9400000 sequences processed
2016/9/30 18:21:27 -- # 9500000 sequences processed
2016/9/30 18:21:27 -- # 9600000 sequences processed
2016/9/30 18:21:27 -- # 9700000 sequences processed
2016/9/30 18:21:28 -- # 9800000 sequences processed
2016/9/30 18:21:28 -- # 9900000 sequences processed
2016/9/30 18:21:28 -- # 10000000 sequences processed
2016/9/30 18:21:28 -- # 10100000 sequences processed
2016/9/30 18:21:28 -- # 10200000 sequences processed
2016/9/30 18:21:28 -- # 10300000 sequences processed
2016/9/30 18:21:28 -- # 10400000 sequences processed
2016/9/30 18:21:28 -- # 10500000 sequences processed
2016/9/30 18:21:28 -- # 10600000 sequences processed
2016/9/30 18:21:28 -- # 10700000 sequences processed
2016/9/30 18:21:28 -- # 10800000 sequences processed
2016/9/30 18:21:28 -- # 10900000 sequences processed
2016/9/30 18:21:28 -- # 11000000 sequences processed
2016/9/30 18:21:28 -- # 11100000 sequences processed
2016/9/30 18:21:28 -- # 11200000 sequences processed
2016/9/30 18:21:28 -- # 11300000 sequences processed
2016/9/30 18:21:28 -- # 11400000 sequences processed
2016/9/30 18:21:28 -- # 11500000 sequences processed
2016/9/30 18:21:28 -- # 11600000 sequences processed
2016/9/30 18:21:28 -- # 11700000 sequences processed
2016/9/30 18:21:28 -- # 11800000 sequences processed
2016/9/30 18:21:29 -- # 11900000 sequences processed
2016/9/30 18:21:29 -- Total 11945249 sequences processed... done
2016/9/30 18:21:29 -- [GEMMapper terminated successfully in 24s. (+100s. loading)]

#################################################################
# Test multi-threading - 8 threads - T2
#################################################################
2595735.GEM-Localalloc.penguin.t8
2016/9/30 18:21:29 -- [Opening input file '/tmp/data/datasets/gcat_set_039_1.fastq']
2016/9/30 18:21:29 -- [Outputting to '/scratch/077-hpca4se-bioinf/jlenis/results/GEM-Localalloc/2595735.GEM-Localalloc.penguin.t8.sam']
2016/9/30 18:21:29 -- [Loading GEM index '/tmp/data/indexes/HG_index_GEM/index.gem']
2016/9/30 18:22:20 -- [SE::Mapping Sequences]
2016/9/30 18:22:58 -- # 100000 sequences processed
2016/9/30 18:22:58 -- # 200000 sequences processed
2016/9/30 18:22:58 -- # 300000 sequences processed
2016/9/30 18:22:58 -- # 400000 sequences processed
2016/9/30 18:22:59 -- # 500000 sequences processed
2016/9/30 18:22:59 -- # 600000 sequences processed
2016/9/30 18:22:59 -- # 700000 sequences processed
2016/9/30 18:22:59 -- # 800000 sequences processed
2016/9/30 18:23:04 -- # 900000 sequences processed
2016/9/30 18:23:04 -- # 1000000 sequences processed
2016/9/30 18:23:04 -- # 1100000 sequences processed
2016/9/30 18:23:04 -- # 1200000 sequences processed
2016/9/30 18:23:04 -- # 1300000 sequences processed
2016/9/30 18:23:04 -- # 1400000 sequences processed
2016/9/30 18:23:04 -- # 1500000 sequences processed
2016/9/30 18:23:05 -- # 1600000 sequences processed
2016/9/30 18:23:10 -- # 1700000 sequences processed
2016/9/30 18:23:10 -- # 1800000 sequences processed
2016/9/30 18:23:10 -- # 1900000 sequences processed
2016/9/30 18:23:10 -- # 2000000 sequences processed
2016/9/30 18:23:10 -- # 2100000 sequences processed
2016/9/30 18:23:10 -- # 2200000 sequences processed
2016/9/30 18:23:10 -- # 2300000 sequences processed
2016/9/30 18:23:11 -- # 2400000 sequences processed
2016/9/30 18:23:16 -- # 2500000 sequences processed
2016/9/30 18:23:16 -- # 2600000 sequences processed
2016/9/30 18:23:16 -- # 2700000 sequences processed
2016/9/30 18:23:16 -- # 2800000 sequences processed
2016/9/30 18:23:16 -- # 2900000 sequences processed
2016/9/30 18:23:16 -- # 3000000 sequences processed
2016/9/30 18:23:16 -- # 3100000 sequences processed
2016/9/30 18:23:17 -- # 3200000 sequences processed
2016/9/30 18:23:22 -- # 3300000 sequences processed
2016/9/30 18:23:22 -- # 3400000 sequences processed
2016/9/30 18:23:22 -- # 3500000 sequences processed
2016/9/30 18:23:22 -- # 3600000 sequences processed
2016/9/30 18:23:22 -- # 3700000 sequences processed
2016/9/30 18:23:22 -- # 3800000 sequences processed
2016/9/30 18:23:22 -- # 3900000 sequences processed
2016/9/30 18:23:23 -- # 4000000 sequences processed
2016/9/30 18:23:28 -- # 4100000 sequences processed
2016/9/30 18:23:28 -- # 4200000 sequences processed
2016/9/30 18:23:28 -- # 4300000 sequences processed
2016/9/30 18:23:28 -- # 4400000 sequences processed
2016/9/30 18:23:28 -- # 4500000 sequences processed
2016/9/30 18:23:28 -- # 4600000 sequences processed
2016/9/30 18:23:28 -- # 4700000 sequences processed
2016/9/30 18:23:29 -- # 4800000 sequences processed
2016/9/30 18:23:33 -- # 4900000 sequences processed
2016/9/30 18:23:33 -- # 5000000 sequences processed
2016/9/30 18:23:34 -- # 5100000 sequences processed
2016/9/30 18:23:34 -- # 5200000 sequences processed
2016/9/30 18:23:34 -- # 5300000 sequences processed
2016/9/30 18:23:34 -- # 5400000 sequences processed
2016/9/30 18:23:34 -- # 5500000 sequences processed
2016/9/30 18:23:35 -- # 5600000 sequences processed
2016/9/30 18:23:39 -- # 5700000 sequences processed
2016/9/30 18:23:39 -- # 5800000 sequences processed
2016/9/30 18:23:39 -- # 5900000 sequences processed
2016/9/30 18:23:39 -- # 6000000 sequences processed
2016/9/30 18:23:39 -- # 6100000 sequences processed
2016/9/30 18:23:39 -- # 6200000 sequences processed
2016/9/30 18:23:40 -- # 6300000 sequences processed
2016/9/30 18:23:40 -- # 6400000 sequences processed
2016/9/30 18:23:45 -- # 6500000 sequences processed
2016/9/30 18:23:45 -- # 6600000 sequences processed
2016/9/30 18:23:45 -- # 6700000 sequences processed
2016/9/30 18:23:45 -- # 6800000 sequences processed
2016/9/30 18:23:45 -- # 6900000 sequences processed
2016/9/30 18:23:45 -- # 7000000 sequences processed
2016/9/30 18:23:46 -- # 7100000 sequences processed
2016/9/30 18:23:46 -- # 7200000 sequences processed
2016/9/30 18:23:51 -- # 7300000 sequences processed
2016/9/30 18:23:51 -- # 7400000 sequences processed
2016/9/30 18:23:51 -- # 7500000 sequences processed
2016/9/30 18:23:51 -- # 7600000 sequences processed
2016/9/30 18:23:51 -- # 7700000 sequences processed
2016/9/30 18:23:51 -- # 7800000 sequences processed
2016/9/30 18:23:52 -- # 7900000 sequences processed
2016/9/30 18:23:52 -- # 8000000 sequences processed
2016/9/30 18:23:57 -- # 8100000 sequences processed
2016/9/30 18:23:57 -- # 8200000 sequences processed
2016/9/30 18:23:57 -- # 8300000 sequences processed
2016/9/30 18:23:57 -- # 8400000 sequences processed
2016/9/30 18:23:57 -- # 8500000 sequences processed
2016/9/30 18:23:57 -- # 8600000 sequences processed
2016/9/30 18:23:58 -- # 8700000 sequences processed
2016/9/30 18:23:58 -- # 8800000 sequences processed
2016/9/30 18:24:03 -- # 8900000 sequences processed
2016/9/30 18:24:03 -- # 9000000 sequences processed
2016/9/30 18:24:03 -- # 9100000 sequences processed
2016/9/30 18:24:03 -- # 9200000 sequences processed
2016/9/30 18:24:03 -- # 9300000 sequences processed
2016/9/30 18:24:03 -- # 9400000 sequences processed
2016/9/30 18:24:03 -- # 9500000 sequences processed
2016/9/30 18:24:04 -- # 9600000 sequences processed
2016/9/30 18:24:08 -- # 9700000 sequences processed
2016/9/30 18:24:08 -- # 9800000 sequences processed
2016/9/30 18:24:08 -- # 9900000 sequences processed
2016/9/30 18:24:09 -- # 10000000 sequences processed
2016/9/30 18:24:09 -- # 10100000 sequences processed
2016/9/30 18:24:09 -- # 10200000 sequences processed
2016/9/30 18:24:09 -- # 10300000 sequences processed
2016/9/30 18:24:10 -- # 10400000 sequences processed
2016/9/30 18:24:14 -- # 10500000 sequences processed
2016/9/30 18:24:14 -- # 10600000 sequences processed
2016/9/30 18:24:14 -- # 10700000 sequences processed
2016/9/30 18:24:14 -- # 10800000 sequences processed
2016/9/30 18:24:14 -- # 10900000 sequences processed
2016/9/30 18:24:15 -- # 11000000 sequences processed
2016/9/30 18:24:15 -- # 11100000 sequences processed
2016/9/30 18:24:15 -- # 11200000 sequences processed
2016/9/30 18:24:20 -- # 11300000 sequences processed
2016/9/30 18:24:20 -- # 11400000 sequences processed
2016/9/30 18:24:20 -- # 11500000 sequences processed
2016/9/30 18:24:20 -- # 11600000 sequences processed
2016/9/30 18:24:20 -- # 11700000 sequences processed
2016/9/30 18:24:20 -- # 11800000 sequences processed
2016/9/30 18:24:20 -- # 11900000 sequences processed
2016/9/30 18:24:20 -- Total 11945249 sequences processed... done
2016/9/30 18:24:21 -- [GEMMapper terminated successfully in 121s. (+50s. loading)]


 Performance counter stats for 'numactl --localalloc --physcpubind=0,4,8,12,16,20,24,28 bin/gem-mapper -t 8 -I /tmp/data/indexes/HG_index_GEM/index.gem -i /tmp/data/datasets/gcat_set_039_1.fastq -o /scratch/077-hpca4se-bioinf/jlenis/results/GEM-Localalloc/2595735.GEM-Localalloc.penguin.t8.sam':

S0       16         4693407796 cache-misses                                                  (17.43%)
S0       16      1769137371781 cycles                    #    0.000 GHz                      (22.03%)
S0       16      2722577577257 instructions              #   96.93  insns per cycle        
                                             #    0.01  stalled cycles per insn  (26.62%)
S0       16              38569 cs                                                            (100.00%)
S0       16                274 migrations                                                    (100.00%)
S0       16              83895 faults                                                      
S0       16        74646792980 bus-cycles                                                    (26.97%)
S0       16      2558333231187 idle-cycles-frontend      #  9108.70% frontend cycles idle     (27.31%)
S0       16      2200681856916 idle-cycles-backend       #  7835.32% backend  cycles idle     (27.30%)
S0       16       733114528991 L1-dcache-loads                                               (26.74%)
S0       16        18022111741 L1-dcache-load-misses     #  156.63% of all L1-dcache hits    (17.52%)
S0       16       324267491454 L1-dcache-stores                                              (17.51%)
S0       16         7175139069 L1-dcache-store-misses                                        (17.60%)
S0       16         6402191438 L1-dcache-prefetch-misses                                     (17.77%)
S0       16         6443094479 L1-icache-load-misses                                         (17.64%)
S0       16         8971375490 LLC-loads                                                     (17.23%)
S0       16         1175794877 LLC-stores                                                    (16.77%)
S0       16         1622588128 LLC-prefetches                                                (8.29%)
S0       16       773247087334 dTLB-loads                                                    (12.65%)
S0       16         2519264532 dTLB-load-misses          #   20.77% of all dTLB cache hits   (16.94%)
S0       16       318383831194 dTLB-stores                                                   (17.27%)
S0       16          134818565 dTLB-store-misses                                             (17.12%)
S0       16           49611165 iTLB-loads                                                    (17.04%)
S0       16           12300018 iTLB-load-misses          #  1439.11% of all iTLB cache hits   (16.90%)
S0       16       287988685978 branch-loads                                                  (16.72%)
S0       16         4372154649 branch-load-misses                                            (17.05%)
S1       16           28240201 cache-misses                                                  (16.78%)
S1       16        11953427112 cycles                    #    0.000 GHz                      (21.31%)
S1       16         4938484933 instructions              #    0.00  insns per cycle          (25.86%)
S1       16              25878 cs                                                            (100.00%)
S1       16                122 migrations                                                    (100.00%)
S1       16               6846 faults                                                      
S1       16          945013294 bus-cycles                                                    (26.01%)
S1       16        17685544278 idle-cycles-frontend      #    0.00% frontend cycles idle     (26.30%)
S1       16        15527085229 idle-cycles-backend       #    0.00% backend  cycles idle     (26.64%)
S1       16         1347449905 L1-dcache-loads                                               (26.44%)
S1       16           94498585 L1-dcache-load-misses                                         (17.96%)
S1       16          756347148 L1-dcache-stores                                              (17.85%)
S1       16           16254143 L1-dcache-store-misses                                        (17.69%)
S1       16           44315642 L1-dcache-prefetch-misses                                     (17.99%)
S1       16           66358187 L1-icache-load-misses                                         (17.76%)
S1       16           65435957 LLC-loads                                                     (17.72%)
S1       16           11639436 LLC-stores                                                    (17.52%)
S1       16           27218438 LLC-prefetches                                                (8.98%)
S1       16         1257144503 dTLB-loads                                                    (13.44%)
S1       16           40921183 dTLB-load-misses                                              (17.59%)
S1       16          848732400 dTLB-stores                                                   (17.35%)
S1       16            5380902 dTLB-store-misses                                             (16.59%)
S1       16            2825393 iTLB-loads                                                    (16.52%)
S1       16            2180847 iTLB-load-misses                                              (16.31%)
S1       16          976590062 branch-loads                                                  (16.56%)
S1       16           22165663 branch-load-misses                                            (17.05%)
S2       16           14001793 cache-misses                                                  (16.97%)
S2       16         7643581298 cycles                    #    0.000 GHz                      (21.89%)
S2       16         2965141082 instructions              #    0.00  insns per cycle          (26.62%)
S2       16              30575 cs                                                            (100.00%)
S2       16                288 migrations                                                    (100.00%)
S2       16               8404 faults                                                      
S2       16          585582510 bus-cycles                                                    (26.31%)
S2       16        11051872949 idle-cycles-frontend      #    0.00% frontend cycles idle     (26.75%)
S2       16         9737469445 idle-cycles-backend       #    0.00% backend  cycles idle     (26.53%)
S2       16          791788300 L1-dcache-loads                                               (26.09%)
S2       16           42381399 L1-dcache-load-misses                                         (18.67%)
S2       16          461320186 L1-dcache-stores                                              (18.17%)
S2       16            7742105 L1-dcache-store-misses                                        (17.79%)
S2       16           16944809 L1-dcache-prefetch-misses                                     (18.34%)
S2       16           62713140 L1-icache-load-misses                                         (17.50%)
S2       16           32448101 LLC-loads                                                     (18.23%)
S2       16            6729302 LLC-stores                                                    (18.20%)
S2       16            9977927 LLC-prefetches                                                (9.74%)
S2       16          672919796 dTLB-loads                                                    (14.18%)
S2       16           20256043 dTLB-load-misses                                              (16.39%)
S2       16         1002951849 dTLB-stores                                                   (16.41%)
S2       16            2411047 dTLB-store-misses                                             (16.16%)
S2       16             733482 iTLB-loads                                                    (16.54%)
S2       16            1259486 iTLB-load-misses                                              (16.42%)
S2       16          697211177 branch-loads                                                  (16.40%)
S2       16           14566294 branch-load-misses                                            (16.51%)
S3       16           21986870 cache-misses                                                  (17.17%)
S3       16         8813661391 cycles                    #    0.000 GHz                      (21.55%)
S3       16         3661016627 instructions              #    0.00  insns per cycle          (26.16%)
S3       16              37173 cs                                                            (100.00%)
S3       16                587 migrations                                                    (100.00%)
S3       16              12223 faults                                                      
S3       16          750255323 bus-cycles                                                    (25.51%)
S3       16        20354172564 idle-cycles-frontend      #    0.00% frontend cycles idle     (25.81%)
S3       16        14304010213 idle-cycles-backend       #    0.00% backend  cycles idle     (26.17%)
S3       16         1160079523 L1-dcache-loads                                               (25.66%)
S3       16           99939195 L1-dcache-load-misses                                         (19.36%)
S3       16          860017047 L1-dcache-stores                                              (18.67%)
S3       16           16781130 L1-dcache-store-misses                                        (18.59%)
S3       16           51903786 L1-dcache-prefetch-misses                                     (18.56%)
S3       16           89283321 L1-icache-load-misses                                         (17.71%)
S3       16           67824272 LLC-loads                                                     (17.98%)
S3       16            9832408 LLC-stores                                                    (17.90%)
S3       16           28154720 LLC-prefetches                                                (8.96%)
S3       16         1201464479 dTLB-loads                                                    (13.21%)
S3       16           32828214 dTLB-load-misses                                              (17.29%)
S3       16          768779272 dTLB-stores                                                   (16.48%)
S3       16            4435999 dTLB-store-misses                                             (16.17%)
S3       16            1530645 iTLB-loads                                                    (15.98%)
S3       16            1718156 iTLB-load-misses                                              (16.17%)
S3       16         1557192950 branch-loads                                                  (16.64%)
S3       16           20553017 branch-load-misses                                            (16.55%)

     171.125210381 seconds time elapsed

#################################################################
# Test multi-threading - 16 threads - T3
#################################################################
2595735.GEM-Localalloc.penguin.t16
2016/9/30 18:24:21 -- [Opening input file '/tmp/data/datasets/gcat_set_039_1.fastq']
2016/9/30 18:24:21 -- [Outputting to '/scratch/077-hpca4se-bioinf/jlenis/results/GEM-Localalloc/2595735.GEM-Localalloc.penguin.t16.sam']
2016/9/30 18:24:21 -- [Loading GEM index '/tmp/data/indexes/HG_index_GEM/index.gem']
2016/9/30 18:24:40 -- [SE::Mapping Sequences]
2016/9/30 18:24:58 -- # 100000 sequences processed
2016/9/30 18:24:58 -- # 200000 sequences processed
2016/9/30 18:24:58 -- # 300000 sequences processed
2016/9/30 18:24:58 -- # 400000 sequences processed
2016/9/30 18:24:58 -- # 500000 sequences processed
2016/9/30 18:24:58 -- # 600000 sequences processed
2016/9/30 18:24:58 -- # 700000 sequences processed
2016/9/30 18:24:58 -- # 800000 sequences processed
2016/9/30 18:24:59 -- # 900000 sequences processed
2016/9/30 18:24:59 -- # 1000000 sequences processed
2016/9/30 18:24:59 -- # 1100000 sequences processed
2016/9/30 18:24:59 -- # 1200000 sequences processed
2016/9/30 18:25:00 -- # 1300000 sequences processed
2016/9/30 18:25:00 -- # 1400000 sequences processed
2016/9/30 18:25:01 -- # 1500000 sequences processed
2016/9/30 18:25:02 -- # 1600000 sequences processed
2016/9/30 18:25:04 -- # 1700000 sequences processed
2016/9/30 18:25:04 -- # 1800000 sequences processed
2016/9/30 18:25:04 -- # 1900000 sequences processed
2016/9/30 18:25:04 -- # 2000000 sequences processed
2016/9/30 18:25:04 -- # 2100000 sequences processed
2016/9/30 18:25:06 -- # 2200000 sequences processed
2016/9/30 18:25:06 -- # 2300000 sequences processed
2016/9/30 18:25:06 -- # 2400000 sequences processed
2016/9/30 18:25:06 -- # 2500000 sequences processed
2016/9/30 18:25:06 -- # 2600000 sequences processed
2016/9/30 18:25:06 -- # 2700000 sequences processed
2016/9/30 18:25:06 -- # 2800000 sequences processed
2016/9/30 18:25:06 -- # 2900000 sequences processed
2016/9/30 18:25:09 -- # 3000000 sequences processed
2016/9/30 18:25:09 -- # 3100000 sequences processed
2016/9/30 18:25:10 -- # 3200000 sequences processed
2016/9/30 18:25:10 -- # 3300000 sequences processed
2016/9/30 18:25:11 -- # 3400000 sequences processed
2016/9/30 18:25:11 -- # 3500000 sequences processed
2016/9/30 18:25:12 -- # 3600000 sequences processed
2016/9/30 18:25:13 -- # 3700000 sequences processed
2016/9/30 18:25:13 -- # 3800000 sequences processed
2016/9/30 18:25:13 -- # 3900000 sequences processed
2016/9/30 18:25:13 -- # 4000000 sequences processed
2016/9/30 18:25:13 -- # 4100000 sequences processed
2016/9/30 18:25:13 -- # 4200000 sequences processed
2016/9/30 18:25:13 -- # 4300000 sequences processed
2016/9/30 18:25:15 -- # 4400000 sequences processed
2016/9/30 18:25:15 -- # 4500000 sequences processed
2016/9/30 18:25:16 -- # 4600000 sequences processed
2016/9/30 18:25:16 -- # 4700000 sequences processed
2016/9/30 18:25:17 -- # 4800000 sequences processed
2016/9/30 18:25:17 -- # 4900000 sequences processed
2016/9/30 18:25:17 -- # 5000000 sequences processed
2016/9/30 18:25:17 -- # 5100000 sequences processed
2016/9/30 18:25:19 -- # 5200000 sequences processed
2016/9/30 18:25:20 -- # 5300000 sequences processed
2016/9/30 18:25:20 -- # 5400000 sequences processed
2016/9/30 18:25:20 -- # 5500000 sequences processed
2016/9/30 18:25:20 -- # 5600000 sequences processed
2016/9/30 18:25:20 -- # 5700000 sequences processed
2016/9/30 18:25:20 -- # 5800000 sequences processed
2016/9/30 18:25:20 -- # 5900000 sequences processed
2016/9/30 18:25:22 -- # 6000000 sequences processed
2016/9/30 18:25:22 -- # 6100000 sequences processed
2016/9/30 18:25:23 -- # 6200000 sequences processed
2016/9/30 18:25:23 -- # 6300000 sequences processed
2016/9/30 18:25:23 -- # 6400000 sequences processed
2016/9/30 18:25:23 -- # 6500000 sequences processed
2016/9/30 18:25:25 -- # 6600000 sequences processed
2016/9/30 18:25:27 -- # 6700000 sequences processed
2016/9/30 18:25:27 -- # 6800000 sequences processed
2016/9/30 18:25:27 -- # 6900000 sequences processed
2016/9/30 18:25:27 -- # 7000000 sequences processed
2016/9/30 18:25:27 -- # 7100000 sequences processed
2016/9/30 18:25:27 -- # 7200000 sequences processed
2016/9/30 18:25:28 -- # 7300000 sequences processed
2016/9/30 18:25:28 -- # 7400000 sequences processed
2016/9/30 18:25:28 -- # 7500000 sequences processed
2016/9/30 18:25:29 -- # 7600000 sequences processed
2016/9/30 18:25:29 -- # 7700000 sequences processed
2016/9/30 18:25:30 -- # 7800000 sequences processed
2016/9/30 18:25:30 -- # 7900000 sequences processed
2016/9/30 18:25:32 -- # 8000000 sequences processed
2016/9/30 18:25:32 -- # 8100000 sequences processed
2016/9/30 18:25:32 -- # 8200000 sequences processed
2016/9/30 18:25:34 -- # 8300000 sequences processed
2016/9/30 18:25:34 -- # 8400000 sequences processed
2016/9/30 18:25:34 -- # 8500000 sequences processed
2016/9/30 18:25:34 -- # 8600000 sequences processed
2016/9/30 18:25:34 -- # 8700000 sequences processed
2016/9/30 18:25:35 -- # 8800000 sequences processed
2016/9/30 18:25:35 -- # 8900000 sequences processed
2016/9/30 18:25:35 -- # 9000000 sequences processed
2016/9/30 18:25:35 -- # 9100000 sequences processed
2016/9/30 18:25:36 -- # 9200000 sequences processed
2016/9/30 18:25:36 -- # 9300000 sequences processed
2016/9/30 18:25:36 -- # 9400000 sequences processed
2016/9/30 18:25:36 -- # 9500000 sequences processed
2016/9/30 18:25:38 -- # 9600000 sequences processed
2016/9/30 18:25:41 -- # 9700000 sequences processed
2016/9/30 18:25:41 -- # 9800000 sequences processed
2016/9/30 18:25:41 -- # 9900000 sequences processed
2016/9/30 18:25:42 -- # 10000000 sequences processed
2016/9/30 18:25:42 -- # 10100000 sequences processed
2016/9/30 18:25:42 -- # 10200000 sequences processed
2016/9/30 18:25:42 -- # 10300000 sequences processed
2016/9/30 18:25:42 -- # 10400000 sequences processed
2016/9/30 18:25:42 -- # 10500000 sequences processed
2016/9/30 18:25:42 -- # 10600000 sequences processed
2016/9/30 18:25:42 -- # 10700000 sequences processed
2016/9/30 18:25:42 -- # 10800000 sequences processed
2016/9/30 18:25:43 -- # 10900000 sequences processed
2016/9/30 18:25:44 -- # 11000000 sequences processed
2016/9/30 18:25:45 -- # 11100000 sequences processed
2016/9/30 18:25:46 -- # 11200000 sequences processed
2016/9/30 18:25:46 -- # 11300000 sequences processed
2016/9/30 18:25:46 -- # 11400000 sequences processed
2016/9/30 18:25:46 -- # 11500000 sequences processed
2016/9/30 18:25:46 -- # 11600000 sequences processed
2016/9/30 18:25:46 -- # 11700000 sequences processed
2016/9/30 18:25:46 -- # 11800000 sequences processed
2016/9/30 18:25:46 -- # 11900000 sequences processed
2016/9/30 18:25:46 -- Total 11945249 sequences processed... done
2016/9/30 18:25:46 -- [GEMMapper terminated successfully in 67s. (+18s. loading)]


 Performance counter stats for 'numactl --localalloc --physcpubind=0,4,8,12,16,20,24,28,1,5,9,13,17,21,25,29 bin/gem-mapper -t 16 -I /tmp/data/indexes/HG_index_GEM/index.gem -i /tmp/data/datasets/gcat_set_039_1.fastq -o /scratch/077-hpca4se-bioinf/jlenis/results/GEM-Localalloc/2595735.GEM-Localalloc.penguin.t16.sam':

S0       16         2221857179 cache-misses                                                  (14.94%)
S0       16      1086850327040 cycles                    #    0.000 GHz                      (20.36%)
S0       16      1367803003517 instructions              #   39.28  insns per cycle        
                                             #    0.04  stalled cycles per insn  (25.67%)
S0       16              27073 cs                                                            (100.00%)
S0       16                 75 migrations                                                    (100.00%)
S0       16              44790 faults                                                      
S0       16        42020018223 bus-cycles                                                    (27.02%)
S0       16      1424328904123 idle-cycles-frontend      #  4089.86% frontend cycles idle     (28.02%)
S0       16      1233300345841 idle-cycles-backend       #  3541.33% backend  cycles idle     (27.83%)
S0       16       304890801425 L1-dcache-loads                                               (27.02%)
S0       16         6035818141 L1-dcache-load-misses     #   54.19% of all L1-dcache hits    (16.15%)
S0       16       119222250338 L1-dcache-stores                                              (16.88%)
S0       16         2353789831 L1-dcache-store-misses                                        (17.50%)
S0       16         1910009786 L1-dcache-prefetch-misses                                     (18.47%)
S0       16         2413895657 L1-icache-load-misses                                         (18.33%)
S0       16         2141434306 LLC-loads                                                     (17.98%)
S0       16          205232035 LLC-stores                                                    (18.29%)
S0       16          575896818 LLC-prefetches                                                (9.03%)
S0       16       330004930407 dTLB-loads                                                    (13.95%)
S0       16          731696553 dTLB-load-misses          #    6.50% of all dTLB cache hits   (18.74%)
S0       16       120234486411 dTLB-stores                                                   (18.41%)
S0       16           22037115 dTLB-store-misses                                             (17.97%)
S0       16           17040088 iTLB-loads                                                    (16.59%)
S0       16           11403881 iTLB-load-misses          #  1203.53% of all iTLB cache hits   (15.26%)
S0       16       144944744882 branch-loads                                                  (14.10%)
S0       16         2710793603 branch-load-misses                                            (14.09%)
S1       16         2711128849 cache-misses                                                  (16.52%)
S1       16      1104834418103 cycles                    #    0.000 GHz                      (21.44%)
S1       16      1548009821024 instructions              #    0.00  insns per cycle          (26.36%)
S1       16              39593 cs                                                            (100.00%)
S1       16                159 migrations                                                    (100.00%)
S1       16              61799 faults                                                      
S1       16        47372738736 bus-cycles                                                    (27.24%)
S1       16      1624163553316 idle-cycles-frontend      #    0.00% frontend cycles idle     (28.27%)
S1       16      1431587362520 idle-cycles-backend       #    0.00% backend  cycles idle     (28.22%)
S1       16       404580330560 L1-dcache-loads                                               (27.93%)
S1       16         9218904609 L1-dcache-load-misses                                         (17.61%)
S1       16       168576847713 L1-dcache-stores                                              (16.94%)
S1       16         4278100821 L1-dcache-store-misses                                        (16.91%)
S1       16         3308413857 L1-dcache-prefetch-misses                                     (16.54%)
S1       16         3761960761 L1-icache-load-misses                                         (16.98%)
S1       16         4166257125 LLC-loads                                                     (17.24%)
S1       16          924127895 LLC-stores                                                    (17.29%)
S1       16          790587887 LLC-prefetches                                                (8.99%)
S1       16       386373021394 dTLB-loads                                                    (13.23%)
S1       16         1301210406 dTLB-load-misses                                              (17.29%)
S1       16       156999140709 dTLB-stores                                                   (17.41%)
S1       16           52871748 dTLB-store-misses                                             (17.11%)
S1       16           40651633 iTLB-loads                                                    (16.65%)
S1       16           10851540 iTLB-load-misses                                              (16.43%)
S1       16       149746682795 branch-loads                                                  (15.97%)
S1       16         2659852291 branch-load-misses                                            (15.73%)
S2       16           29574787 cache-misses                                                  (16.82%)
S2       16        13202945329 cycles                    #    0.000 GHz                      (21.68%)
S2       16         4247138566 instructions              #    0.00  insns per cycle          (26.31%)
S2       16              31894 cs                                                            (100.00%)
S2       16                187 migrations                                                    (100.00%)
S2       16               6691 faults                                                      
S2       16          845195156 bus-cycles                                                    (27.42%)
S2       16        18271511893 idle-cycles-frontend      #    0.00% frontend cycles idle     (26.83%)
S2       16        32308802120 idle-cycles-backend       #    0.00% backend  cycles idle     (27.11%)
S2       16         1342450124 L1-dcache-loads                                               (26.13%)
S2       16           79391785 L1-dcache-load-misses                                         (16.35%)
S2       16          785140038 L1-dcache-stores                                              (17.27%)
S2       16           14843218 L1-dcache-store-misses                                        (17.67%)
S2       16           24549105 L1-dcache-prefetch-misses                                     (18.16%)
S2       16           52813622 L1-icache-load-misses                                         (18.52%)
S2       16           49690655 LLC-loads                                                     (18.29%)
S2       16           12594584 LLC-stores                                                    (17.92%)
S2       16           26308954 LLC-prefetches                                                (9.06%)
S2       16         1294696742 dTLB-loads                                                    (13.05%)
S2       16           52729092 dTLB-load-misses                                              (16.32%)
S2       16          857902394 dTLB-stores                                                   (15.87%)
S2       16            6883128 dTLB-store-misses                                             (16.59%)
S2       16             727847 iTLB-loads                                                    (16.83%)
S2       16            1109797 iTLB-load-misses                                              (16.87%)
S2       16         1168610224 branch-loads                                                  (17.73%)
S2       16           17794943 branch-load-misses                                            (16.70%)
S3       16           48070895 cache-misses                                                  (16.70%)
S3       16        23969151295 cycles                    #    0.000 GHz                      (21.73%)
S3       16         7690674791 instructions              #    0.00  insns per cycle          (26.56%)
S3       16              25636 cs                                                            (100.00%)
S3       16                226 migrations                                                    (100.00%)
S3       16               6556 faults                                                      
S3       16         1402607751 bus-cycles                                                    (27.78%)
S3       16        47589421708 idle-cycles-frontend      #    0.00% frontend cycles idle     (28.01%)
S3       16        44367590077 idle-cycles-backend       #    0.00% backend  cycles idle     (28.41%)
S3       16         2082930103 L1-dcache-loads                                               (28.35%)
S3       16          174384433 L1-dcache-load-misses                                         (17.72%)
S3       16         1351773187 L1-dcache-stores                                              (17.01%)
S3       16           30074168 L1-dcache-store-misses                                        (16.85%)
S3       16           77006405 L1-dcache-prefetch-misses                                     (16.14%)
S3       16          129592370 L1-icache-load-misses                                         (15.99%)
S3       16          118596659 LLC-loads                                                     (16.47%)
S3       16           36858099 LLC-stores                                                    (16.90%)
S3       16           77206189 LLC-prefetches                                                (9.50%)
S3       16         2443148647 dTLB-loads                                                    (13.99%)
S3       16          103563920 dTLB-load-misses                                              (18.02%)
S3       16         1408310187 dTLB-stores                                                   (17.89%)
S3       16           12291409 dTLB-store-misses                                             (17.18%)
S3       16            2222890 iTLB-loads                                                    (16.92%)
S3       16            1538886 iTLB-load-misses                                              (16.48%)
S3       16         1589175933 branch-loads                                                  (16.09%)
S3       16           30086308 branch-load-misses                                            (16.07%)

      85.378025701 seconds time elapsed

#################################################################
# Test multi-threading - 32 threads - T4 
#################################################################
2595735.GEM-Localalloc.penguin.t32
2016/9/30 18:25:47 -- [Opening input file '/tmp/data/datasets/gcat_set_039_1.fastq']
2016/9/30 18:25:47 -- [Outputting to '/scratch/077-hpca4se-bioinf/jlenis/results/GEM-Localalloc/2595735.GEM-Localalloc.penguin.t32.sam']
2016/9/30 18:25:47 -- [Loading GEM index '/tmp/data/indexes/HG_index_GEM/index.gem']
2016/9/30 18:26:47 -- [SE::Mapping Sequences]
2016/9/30 18:27:23 -- # 100000 sequences processed
2016/9/30 18:27:24 -- # 200000 sequences processed
2016/9/30 18:27:24 -- # 300000 sequences processed
2016/9/30 18:27:24 -- # 400000 sequences processed
2016/9/30 18:27:24 -- # 500000 sequences processed
2016/9/30 18:27:24 -- # 600000 sequences processed
2016/9/30 18:27:24 -- # 700000 sequences processed
2016/9/30 18:27:24 -- # 800000 sequences processed
2016/9/30 18:27:24 -- # 900000 sequences processed
2016/9/30 18:27:24 -- # 1000000 sequences processed
2016/9/30 18:27:24 -- # 1100000 sequences processed
2016/9/30 18:27:25 -- # 1200000 sequences processed
2016/9/30 18:27:25 -- # 1300000 sequences processed
2016/9/30 18:27:25 -- # 1400000 sequences processed
2016/9/30 18:27:25 -- # 1500000 sequences processed
2016/9/30 18:27:25 -- # 1600000 sequences processed
2016/9/30 18:27:25 -- # 1700000 sequences processed
2016/9/30 18:27:25 -- # 1800000 sequences processed
2016/9/30 18:27:25 -- # 1900000 sequences processed
2016/9/30 18:27:25 -- # 2000000 sequences processed
2016/9/30 18:27:25 -- # 2100000 sequences processed
2016/9/30 18:27:25 -- # 2200000 sequences processed
2016/9/30 18:27:25 -- # 2300000 sequences processed
2016/9/30 18:27:25 -- # 2400000 sequences processed
2016/9/30 18:27:25 -- # 2500000 sequences processed
2016/9/30 18:27:25 -- # 2600000 sequences processed
2016/9/30 18:27:25 -- # 2700000 sequences processed
2016/9/30 18:27:25 -- # 2800000 sequences processed
2016/9/30 18:27:26 -- # 2900000 sequences processed
2016/9/30 18:27:26 -- # 3000000 sequences processed
2016/9/30 18:27:26 -- # 3100000 sequences processed
2016/9/30 18:27:27 -- # 3200000 sequences processed
2016/9/30 18:27:33 -- # 3300000 sequences processed
2016/9/30 18:27:33 -- # 3400000 sequences processed
2016/9/30 18:27:33 -- # 3500000 sequences processed
2016/9/30 18:27:33 -- # 3600000 sequences processed
2016/9/30 18:27:33 -- # 3700000 sequences processed
2016/9/30 18:27:33 -- # 3800000 sequences processed
2016/9/30 18:27:34 -- # 3900000 sequences processed
2016/9/30 18:27:34 -- # 4000000 sequences processed
2016/9/30 18:27:34 -- # 4100000 sequences processed
2016/9/30 18:27:34 -- # 4200000 sequences processed
2016/9/30 18:27:34 -- # 4300000 sequences processed
2016/9/30 18:27:35 -- # 4400000 sequences processed
2016/9/30 18:27:35 -- # 4500000 sequences processed
2016/9/30 18:27:35 -- # 4600000 sequences processed
2016/9/30 18:27:35 -- # 4700000 sequences processed
2016/9/30 18:27:35 -- # 4800000 sequences processed
2016/9/30 18:27:35 -- # 4900000 sequences processed
2016/9/30 18:27:35 -- # 5000000 sequences processed
2016/9/30 18:27:36 -- # 5100000 sequences processed
2016/9/30 18:27:36 -- # 5200000 sequences processed
2016/9/30 18:27:36 -- # 5300000 sequences processed
2016/9/30 18:27:36 -- # 5400000 sequences processed
2016/9/30 18:27:36 -- # 5500000 sequences processed
2016/9/30 18:27:36 -- # 5600000 sequences processed
2016/9/30 18:27:36 -- # 5700000 sequences processed
2016/9/30 18:27:36 -- # 5800000 sequences processed
2016/9/30 18:27:36 -- # 5900000 sequences processed
2016/9/30 18:27:36 -- # 6000000 sequences processed
2016/9/30 18:27:36 -- # 6100000 sequences processed
2016/9/30 18:27:36 -- # 6200000 sequences processed
2016/9/30 18:27:37 -- # 6300000 sequences processed
2016/9/30 18:27:39 -- # 6400000 sequences processed
2016/9/30 18:27:41 -- # 6500000 sequences processed
2016/9/30 18:27:42 -- # 6600000 sequences processed
2016/9/30 18:27:42 -- # 6700000 sequences processed
2016/9/30 18:27:42 -- # 6800000 sequences processed
2016/9/30 18:27:42 -- # 6900000 sequences processed
2016/9/30 18:27:43 -- # 7000000 sequences processed
2016/9/30 18:27:43 -- # 7100000 sequences processed
2016/9/30 18:27:43 -- # 7200000 sequences processed
2016/9/30 18:27:44 -- # 7300000 sequences processed
2016/9/30 18:27:44 -- # 7400000 sequences processed
2016/9/30 18:27:44 -- # 7500000 sequences processed
2016/9/30 18:27:45 -- # 7600000 sequences processed
2016/9/30 18:27:45 -- # 7700000 sequences processed
2016/9/30 18:27:45 -- # 7800000 sequences processed
2016/9/30 18:27:45 -- # 7900000 sequences processed
2016/9/30 18:27:45 -- # 8000000 sequences processed
2016/9/30 18:27:46 -- # 8100000 sequences processed
2016/9/30 18:27:46 -- # 8200000 sequences processed
2016/9/30 18:27:46 -- # 8300000 sequences processed
2016/9/30 18:27:46 -- # 8400000 sequences processed
2016/9/30 18:27:46 -- # 8500000 sequences processed
2016/9/30 18:27:47 -- # 8600000 sequences processed
2016/9/30 18:27:47 -- # 8700000 sequences processed
2016/9/30 18:27:47 -- # 8800000 sequences processed
2016/9/30 18:27:47 -- # 8900000 sequences processed
2016/9/30 18:27:47 -- # 9000000 sequences processed
2016/9/30 18:27:47 -- # 9100000 sequences processed
2016/9/30 18:27:47 -- # 9200000 sequences processed
2016/9/30 18:27:47 -- # 9300000 sequences processed
2016/9/30 18:27:47 -- # 9400000 sequences processed
2016/9/30 18:27:49 -- # 9500000 sequences processed
2016/9/30 18:27:51 -- # 9600000 sequences processed
2016/9/30 18:27:51 -- # 9700000 sequences processed
2016/9/30 18:27:51 -- # 9800000 sequences processed
2016/9/30 18:27:51 -- # 9900000 sequences processed
2016/9/30 18:27:51 -- # 10000000 sequences processed
2016/9/30 18:27:51 -- # 10100000 sequences processed
2016/9/30 18:27:51 -- # 10200000 sequences processed
2016/9/30 18:27:52 -- # 10300000 sequences processed
2016/9/30 18:27:52 -- # 10400000 sequences processed
2016/9/30 18:27:52 -- # 10500000 sequences processed
2016/9/30 18:27:52 -- # 10600000 sequences processed
2016/9/30 18:27:52 -- # 10700000 sequences processed
2016/9/30 18:27:52 -- # 10800000 sequences processed
2016/9/30 18:27:52 -- # 10900000 sequences processed
2016/9/30 18:27:53 -- # 11000000 sequences processed
2016/9/30 18:27:53 -- # 11100000 sequences processed
2016/9/30 18:27:53 -- # 11200000 sequences processed
2016/9/30 18:27:53 -- # 11300000 sequences processed
2016/9/30 18:27:53 -- # 11400000 sequences processed
2016/9/30 18:27:53 -- # 11500000 sequences processed
2016/9/30 18:27:53 -- # 11600000 sequences processed
2016/9/30 18:27:53 -- # 11700000 sequences processed
2016/9/30 18:27:53 -- # 11800000 sequences processed
2016/9/30 18:27:53 -- # 11900000 sequences processed
2016/9/30 18:27:54 -- Total 11945249 sequences processed... done
2016/9/30 18:27:54 -- [GEMMapper terminated successfully in 67s. (+60s. loading)]


 Performance counter stats for 'numactl --localalloc --physcpubind=0,4,8,12,16,20,24,28,32,36,40,44,48,52,56,60,1,5,9,13,17,21,25,29,33,37,41,45,49,53,57,61 bin/gem-mapper -t 32 -I /tmp/data/indexes/HG_index_GEM/index.gem -i /tmp/data/datasets/gcat_set_039_1.fastq -o /scratch/077-hpca4se-bioinf/jlenis/results/GEM-Localalloc/2595735.GEM-Localalloc.penguin.t32.sam':

S0       16         1914993146 cache-misses                                                  (17.45%)
S0       16      1237970052666 cycles                    #    0.000 GHz                      (22.64%)
S0       16      1182568940744 instructions              #   27.30  insns per cycle        
                                             #    0.03  stalled cycles per insn  (26.74%)
S0       16              35308 cs                                                            (100.00%)
S0       16               1319 migrations                                                    (100.00%)
S0       16              60974 faults                                                      
S0       16        54569165274 bus-cycles                                                    (27.59%)
S0       16       959121536774 idle-cycles-frontend      #  2213.77% frontend cycles idle     (27.65%)
S0       16       664998540782 idle-cycles-backend       #  1534.90% backend  cycles idle     (27.63%)
S0       16       315267486194 L1-dcache-loads                                               (27.41%)
S0       16         7808472734 L1-dcache-load-misses     #   68.00% of all L1-dcache hits    (18.81%)
S0       16       132971650082 L1-dcache-stores                                              (17.83%)
S0       16         3339354773 L1-dcache-store-misses                                        (18.27%)
S0       16         2698432264 L1-dcache-prefetch-misses                                     (17.79%)
S0       16         3293004507 L1-icache-load-misses                                         (17.20%)
S0       16         2682728844 LLC-loads                                                     (17.61%)
S0       16          504160126 LLC-stores                                                    (17.32%)
S0       16         1346297406 LLC-prefetches                                                (8.11%)
S0       16       372707991497 dTLB-loads                                                    (11.94%)
S0       16         1046657887 dTLB-load-misses          #    8.26% of all dTLB cache hits   (15.87%)
S0       16       143570070206 dTLB-stores                                                   (15.69%)
S0       16           33871509 dTLB-store-misses                                             (15.47%)
S0       16          365953656 iTLB-loads                                                    (16.22%)
S0       16           64933393 iTLB-load-misses          #  472.99% of all iTLB cache hits   (16.48%)
S0       16       114990499511 branch-loads                                                  (16.75%)
S0       16         1947483375 branch-load-misses                                            (17.13%)
S1       16         3256281192 cache-misses                                                  (17.82%)
S1       16      1516181978544 cycles                    #    0.000 GHz                      (22.47%)
S1       16      1587378411594 instructions              #    0.00  insns per cycle          (26.93%)
S1       16              66548 cs                                                            (100.00%)
S1       16               1487 migrations                                                    (100.00%)
S1       16              71070 faults                                                      
S1       16        66201803186 bus-cycles                                                    (26.58%)
S1       16      1219833683122 idle-cycles-frontend      #    0.00% frontend cycles idle     (26.21%)
S1       16       781585965389 idle-cycles-backend       #    0.00% backend  cycles idle     (26.66%)
S1       16       417087141873 L1-dcache-loads                                               (26.28%)
S1       16        11928845795 L1-dcache-load-misses                                         (18.54%)
S1       16       183531649553 L1-dcache-stores                                              (18.00%)
S1       16         5024881966 L1-dcache-store-misses                                        (17.89%)
S1       16         4935775108 L1-dcache-prefetch-misses                                     (17.22%)
S1       16         4523141070 L1-icache-load-misses                                         (16.05%)
S1       16         6315044834 LLC-loads                                                     (16.51%)
S1       16         1245218519 LLC-stores                                                    (17.06%)
S1       16         1534808720 LLC-prefetches                                                (9.20%)
S1       16       435265651944 dTLB-loads                                                    (13.28%)
S1       16         1626298293 dTLB-load-misses                                              (17.85%)
S1       16       188328756654 dTLB-stores                                                   (16.72%)
S1       16          144326292 dTLB-store-misses                                             (16.54%)
S1       16          510207110 iTLB-loads                                                    (16.73%)
S1       16          114921361 iTLB-load-misses                                              (17.60%)
S1       16       160081138612 branch-loads                                                  (17.81%)
S1       16         2434623611 branch-load-misses                                            (17.61%)
S2       16           12759049 cache-misses                                                  (17.69%)
S2       16         8039994300 cycles                    #    0.000 GHz                      (22.43%)
S2       16         4498650072 instructions              #    0.00  insns per cycle          (26.93%)
S2       16              30800 cs                                                            (100.00%)
S2       16                217 migrations                                                    (100.00%)
S2       16              11355 faults                                                      
S2       16          669338679 bus-cycles                                                    (27.31%)
S2       16        10922868459 idle-cycles-frontend      #    0.00% frontend cycles idle     (27.07%)
S2       16        10098059010 idle-cycles-backend       #    0.00% backend  cycles idle     (26.58%)
S2       16         1441367376 L1-dcache-loads                                               (26.74%)
S2       16           88490993 L1-dcache-load-misses                                         (18.82%)
S2       16          829429506 L1-dcache-stores                                              (17.89%)
S2       16           12265831 L1-dcache-store-misses                                        (17.32%)
S2       16           26691079 L1-dcache-prefetch-misses                                     (16.94%)
S2       16           80274720 L1-icache-load-misses                                         (17.03%)
S2       16           47041562 LLC-loads                                                     (16.95%)
S2       16            5838809 LLC-stores                                                    (18.10%)
S2       16           11209479 LLC-prefetches                                                (10.04%)
S2       16         1280599536 dTLB-loads                                                    (13.54%)
S2       16           22729202 dTLB-load-misses                                              (16.08%)
S2       16          765709613 dTLB-stores                                                   (16.30%)
S2       16            2443415 dTLB-store-misses                                             (17.13%)
S2       16             606342 iTLB-loads                                                    (16.51%)
S2       16            1362956 iTLB-load-misses                                              (16.68%)
S2       16          912537561 branch-loads                                                  (16.98%)
S2       16           25535898 branch-load-misses                                            (16.72%)
S3       16           27017387 cache-misses                                                  (17.86%)
S3       16        10625378552 cycles                    #    0.000 GHz                      (22.18%)
S3       16         4669548998 instructions              #    0.00  insns per cycle          (26.42%)
S3       16              35169 cs                                                            (100.00%)
S3       16                471 migrations                                                    (100.00%)
S3       16              11461 faults                                                      
S3       16          834095513 bus-cycles                                                    (26.28%)
S3       16        15912077874 idle-cycles-frontend      #    0.00% frontend cycles idle     (26.52%)
S3       16        14181848869 idle-cycles-backend       #    0.00% backend  cycles idle     (26.57%)
S3       16         1111633928 L1-dcache-loads                                               (26.54%)
S3       16           90141919 L1-dcache-load-misses                                         (18.77%)
S3       16          671940955 L1-dcache-stores                                              (18.22%)
S3       16           14441576 L1-dcache-store-misses                                        (17.42%)
S3       16           53724331 L1-dcache-prefetch-misses                                     (17.21%)
S3       16           54477370 L1-icache-load-misses                                         (16.33%)
S3       16           82358675 LLC-loads                                                     (16.06%)
S3       16           11065467 LLC-stores                                                    (16.36%)
S3       16           32371947 LLC-prefetches                                                (7.93%)
S3       16         1390921499 dTLB-loads                                                    (12.05%)
S3       16           40854331 dTLB-load-misses                                              (16.24%)
S3       16          816316249 dTLB-stores                                                   (16.93%)
S3       16            4975164 dTLB-store-misses                                             (17.60%)
S3       16            1845034 iTLB-loads                                                    (18.04%)
S3       16            2095228 iTLB-load-misses                                              (18.52%)
S3       16          956077697 branch-loads                                                  (18.51%)
S3       16           27569543 branch-load-misses                                            (18.23%)

     127.245118422 seconds time elapsed

#################################################################
# Test multi-threading - 48 threads - T5
#################################################################
2595735.GEM-Localalloc.penguin.t48
2016/9/30 18:27:55 -- [Opening input file '/tmp/data/datasets/gcat_set_039_1.fastq']
2016/9/30 18:27:55 -- [Outputting to '/scratch/077-hpca4se-bioinf/jlenis/results/GEM-Localalloc/2595735.GEM-Localalloc.penguin.t48.sam']
2016/9/30 18:27:55 -- [Loading GEM index '/tmp/data/indexes/HG_index_GEM/index.gem']
2016/9/30 18:28:04 -- [SE::Mapping Sequences]
2016/9/30 18:28:14 -- # 100000 sequences processed
2016/9/30 18:28:14 -- # 200000 sequences processed
2016/9/30 18:28:15 -- # 300000 sequences processed
2016/9/30 18:28:15 -- # 400000 sequences processed
2016/9/30 18:28:15 -- # 500000 sequences processed
2016/9/30 18:28:15 -- # 600000 sequences processed
2016/9/30 18:28:15 -- # 700000 sequences processed
2016/9/30 18:28:16 -- # 800000 sequences processed
2016/9/30 18:28:16 -- # 900000 sequences processed
2016/9/30 18:28:16 -- # 1000000 sequences processed
2016/9/30 18:28:16 -- # 1100000 sequences processed
2016/9/30 18:28:16 -- # 1200000 sequences processed
2016/9/30 18:28:16 -- # 1300000 sequences processed
2016/9/30 18:28:16 -- # 1400000 sequences processed
2016/9/30 18:28:18 -- # 1500000 sequences processed
2016/9/30 18:28:18 -- # 1600000 sequences processed
2016/9/30 18:28:18 -- # 1700000 sequences processed
2016/9/30 18:28:18 -- # 1800000 sequences processed
2016/9/30 18:28:18 -- # 1900000 sequences processed
2016/9/30 18:28:18 -- # 2000000 sequences processed
2016/9/30 18:28:18 -- # 2100000 sequences processed
2016/9/30 18:28:18 -- # 2200000 sequences processed
2016/9/30 18:28:18 -- # 2300000 sequences processed
2016/9/30 18:28:18 -- # 2400000 sequences processed
2016/9/30 18:28:18 -- # 2500000 sequences processed
2016/9/30 18:28:18 -- # 2600000 sequences processed
2016/9/30 18:28:18 -- # 2700000 sequences processed
2016/9/30 18:28:18 -- # 2800000 sequences processed
2016/9/30 18:28:18 -- # 2900000 sequences processed
2016/9/30 18:28:18 -- # 3000000 sequences processed
2016/9/30 18:28:19 -- # 3100000 sequences processed
2016/9/30 18:28:19 -- # 3200000 sequences processed
2016/9/30 18:28:19 -- # 3300000 sequences processed
2016/9/30 18:28:19 -- # 3400000 sequences processed
2016/9/30 18:28:19 -- # 3500000 sequences processed
2016/9/30 18:28:19 -- # 3600000 sequences processed
2016/9/30 18:28:19 -- # 3700000 sequences processed
2016/9/30 18:28:20 -- # 3800000 sequences processed
2016/9/30 18:28:20 -- # 3900000 sequences processed
2016/9/30 18:28:20 -- # 4000000 sequences processed
2016/9/30 18:28:20 -- # 4100000 sequences processed
2016/9/30 18:28:20 -- # 4200000 sequences processed
2016/9/30 18:28:20 -- # 4300000 sequences processed
2016/9/30 18:28:21 -- # 4400000 sequences processed
2016/9/30 18:28:21 -- # 4500000 sequences processed
2016/9/30 18:28:21 -- # 4600000 sequences processed
2016/9/30 18:28:22 -- # 4700000 sequences processed
2016/9/30 18:28:22 -- # 4800000 sequences processed
2016/9/30 18:28:23 -- # 4900000 sequences processed
2016/9/30 18:28:23 -- # 5000000 sequences processed
2016/9/30 18:28:24 -- # 5100000 sequences processed
2016/9/30 18:28:24 -- # 5200000 sequences processed
2016/9/30 18:28:24 -- # 5300000 sequences processed
2016/9/30 18:28:24 -- # 5400000 sequences processed
2016/9/30 18:28:25 -- # 5500000 sequences processed
2016/9/30 18:28:25 -- # 5600000 sequences processed
2016/9/30 18:28:25 -- # 5700000 sequences processed
2016/9/30 18:28:25 -- # 5800000 sequences processed
2016/9/30 18:28:25 -- # 5900000 sequences processed
2016/9/30 18:28:25 -- # 6000000 sequences processed
2016/9/30 18:28:25 -- # 6100000 sequences processed
2016/9/30 18:28:27 -- # 6200000 sequences processed
2016/9/30 18:28:28 -- # 6300000 sequences processed
2016/9/30 18:28:28 -- # 6400000 sequences processed
2016/9/30 18:28:29 -- # 6500000 sequences processed
2016/9/30 18:28:30 -- # 6600000 sequences processed
2016/9/30 18:28:30 -- # 6700000 sequences processed
2016/9/30 18:28:30 -- # 6800000 sequences processed
2016/9/30 18:28:30 -- # 6900000 sequences processed
2016/9/30 18:28:30 -- # 7000000 sequences processed
2016/9/30 18:28:30 -- # 7100000 sequences processed
2016/9/30 18:28:30 -- # 7200000 sequences processed
2016/9/30 18:28:30 -- # 7300000 sequences processed
2016/9/30 18:28:30 -- # 7400000 sequences processed
2016/9/30 18:28:30 -- # 7500000 sequences processed
2016/9/30 18:28:30 -- # 7600000 sequences processed
2016/9/30 18:28:30 -- # 7700000 sequences processed
2016/9/30 18:28:30 -- # 7800000 sequences processed
2016/9/30 18:28:31 -- # 7900000 sequences processed
2016/9/30 18:28:31 -- # 8000000 sequences processed
2016/9/30 18:28:31 -- # 8100000 sequences processed
2016/9/30 18:28:31 -- # 8200000 sequences processed
2016/9/30 18:28:31 -- # 8300000 sequences processed
2016/9/30 18:28:31 -- # 8400000 sequences processed
2016/9/30 18:28:31 -- # 8500000 sequences processed
2016/9/30 18:28:31 -- # 8600000 sequences processed
2016/9/30 18:28:32 -- # 8700000 sequences processed
2016/9/30 18:28:32 -- # 8800000 sequences processed
2016/9/30 18:28:32 -- # 8900000 sequences processed
2016/9/30 18:28:33 -- # 9000000 sequences processed
2016/9/30 18:28:33 -- # 9100000 sequences processed
2016/9/30 18:28:33 -- # 9200000 sequences processed
2016/9/30 18:28:33 -- # 9300000 sequences processed
2016/9/30 18:28:33 -- # 9400000 sequences processed
2016/9/30 18:28:33 -- # 9500000 sequences processed
2016/9/30 18:28:34 -- # 9600000 sequences processed
2016/9/30 18:28:34 -- # 9700000 sequences processed
2016/9/30 18:28:34 -- # 9800000 sequences processed
2016/9/30 18:28:34 -- # 9900000 sequences processed
2016/9/30 18:28:34 -- # 10000000 sequences processed
2016/9/30 18:28:34 -- # 10100000 sequences processed
2016/9/30 18:28:34 -- # 10200000 sequences processed
2016/9/30 18:28:34 -- # 10300000 sequences processed
2016/9/30 18:28:34 -- # 10400000 sequences processed
2016/9/30 18:28:34 -- # 10500000 sequences processed
2016/9/30 18:28:34 -- # 10600000 sequences processed
2016/9/30 18:28:34 -- # 10700000 sequences processed
2016/9/30 18:28:34 -- # 10800000 sequences processed
2016/9/30 18:28:34 -- # 10900000 sequences processed
2016/9/30 18:28:34 -- # 11000000 sequences processed
2016/9/30 18:28:34 -- # 11100000 sequences processed
2016/9/30 18:28:34 -- # 11200000 sequences processed
2016/9/30 18:28:34 -- # 11300000 sequences processed
2016/9/30 18:28:34 -- # 11400000 sequences processed
2016/9/30 18:28:35 -- # 11500000 sequences processed
2016/9/30 18:28:35 -- # 11600000 sequences processed
2016/9/30 18:28:35 -- # 11700000 sequences processed
2016/9/30 18:28:35 -- # 11800000 sequences processed
2016/9/30 18:28:35 -- # 11900000 sequences processed
2016/9/30 18:28:35 -- Total 11945249 sequences processed... done
2016/9/30 18:28:35 -- [GEMMapper terminated successfully in 31s. (+9s. loading)]


 Performance counter stats for 'numactl --localalloc --physcpubind=0,4,8,12,16,20,24,28,32,36,40,44,48,52,56,60,1,5,9,13,17,21,25,29,33,37,41,45,49,53,57,61,2,6,10,14,18,22,26,30,34,38,42,46,50,54,58,62 bin/gem-mapper -t 48 -I /tmp/data/indexes/HG_index_GEM/index.gem -i /tmp/data/datasets/gcat_set_039_1.fastq -o /scratch/077-hpca4se-bioinf/jlenis/results/GEM-Localalloc/2595735.GEM-Localalloc.penguin.t48.sam':

S0       16         1914496077 cache-misses                                                  (16.17%)
S0       16       883974933077 cycles                    #    0.000 GHz                      (22.31%)
S0       16       919257212902 instructions              #   20.23  insns per cycle        
                                             #    0.03  stalled cycles per insn  (28.45%)
S0       16              26320 cs                                                            (100.00%)
S0       16                607 migrations                                                    (100.00%)
S0       16              50964 faults                                                      
S0       16        35734485752 bus-cycles                                                    (30.77%)
S0       16       656634230413 idle-cycles-frontend      #  1445.32% frontend cycles idle     (33.97%)
S0       16       422884985483 idle-cycles-backend       #  930.82% backend  cycles idle     (37.22%)
S0       16       213170917294 L1-dcache-loads                                               (36.59%)
S0       16         5825901457 L1-dcache-load-misses     #   65.11% of all L1-dcache hits    (21.97%)
S0       16       102007324229 L1-dcache-stores                                              (19.27%)
S0       16         3524100850 L1-dcache-store-misses                                        (16.10%)
S0       16         2720714288 L1-dcache-prefetch-misses                                     (15.57%)
S0       16         2834954833 L1-icache-load-misses                                         (15.85%)
S0       16         2773545261 LLC-loads                                                     (15.79%)
S0       16          817183789 LLC-stores                                                    (15.73%)
S0       16         1030032745 LLC-prefetches                                                (7.09%)
S0       16       346074866553 dTLB-loads                                                    (10.43%)
S0       16          891003615 dTLB-load-misses          #    6.30% of all dTLB cache hits   (13.85%)
S0       16       139388737990 dTLB-stores                                                   (13.35%)
S0       16           38320261 dTLB-store-misses                                             (13.38%)
S0       16          294691507 iTLB-loads                                                    (13.75%)
S0       16          141715701 iTLB-load-misses          #  1014.50% of all iTLB cache hits   (13.53%)
S0       16       112768691546 branch-loads                                                  (13.79%)
S0       16         2021125463 branch-load-misses                                            (14.01%)
S1       16         1437188436 cache-misses                                                  (17.67%)
S1       16      1000209277211 cycles                    #    0.000 GHz                      (22.45%)
S1       16       784112569769 instructions              #    0.00  insns per cycle          (28.16%)
S1       16              26907 cs                                                            (100.00%)
S1       16                441 migrations                                                    (100.00%)
S1       16              57633 faults                                                      
S1       16        40959083015 bus-cycles                                                    (29.56%)
S1       16       697823883606 idle-cycles-frontend      #    0.00% frontend cycles idle     (30.24%)
S1       16       475949655685 idle-cycles-backend       #    0.00% backend  cycles idle     (32.14%)
S1       16       183383556724 L1-dcache-loads                                               (32.16%)
S1       16         5425529936 L1-dcache-load-misses                                         (18.84%)
S1       16        84479306663 L1-dcache-stores                                              (18.62%)
S1       16         2725842404 L1-dcache-store-misses                                        (16.30%)
S1       16         2046159942 L1-dcache-prefetch-misses                                     (17.38%)
S1       16         3085029240 L1-icache-load-misses                                         (17.00%)
S1       16         2386181153 LLC-loads                                                     (15.51%)
S1       16          554551347 LLC-stores                                                    (15.62%)
S1       16         1056406089 LLC-prefetches                                                (8.33%)
S1       16       270163047937 dTLB-loads                                                    (11.65%)
S1       16          970412170 dTLB-load-misses                                              (16.49%)
S1       16       105662041336 dTLB-stores                                                   (15.78%)
S1       16          157748902 dTLB-store-misses                                             (14.68%)
S1       16          264369400 iTLB-loads                                                    (15.16%)
S1       16           38892936 iTLB-load-misses                                              (16.23%)
S1       16        91229160862 branch-loads                                                  (15.77%)
S1       16         1576482062 branch-load-misses                                            (14.80%)
S2       16         1438524108 cache-misses                                                  (15.46%)
S2       16      1013152429878 cycles                    #    0.000 GHz                      (21.88%)
S2       16       791370564530 instructions              #    0.00  insns per cycle          (28.04%)
S2       16              27928 cs                                                            (100.00%)
S2       16                805 migrations                                                    (100.00%)
S2       16              60503 faults                                                      
S2       16        38858550014 bus-cycles                                                    (30.73%)
S2       16       601888198418 idle-cycles-frontend      #    0.00% frontend cycles idle     (33.57%)
S2       16       407336105362 idle-cycles-backend       #    0.00% backend  cycles idle     (35.52%)
S2       16       174760695766 L1-dcache-loads                                               (34.84%)
S2       16         4496936839 L1-dcache-load-misses                                         (21.37%)
S2       16        83728247998 L1-dcache-stores                                              (18.97%)
S2       16         2362789525 L1-dcache-store-misses                                        (18.20%)
S2       16         1965954997 L1-dcache-prefetch-misses                                     (17.52%)
S2       16         2390833963 L1-icache-load-misses                                         (16.71%)
S2       16         2100783748 LLC-loads                                                     (16.25%)
S2       16          460325417 LLC-stores                                                    (15.23%)
S2       16         1011674713 LLC-prefetches                                                (6.88%)
S2       16       287198924416 dTLB-loads                                                    (10.50%)
S2       16          714932119 dTLB-load-misses                                              (14.17%)
S2       16       110926962167 dTLB-stores                                                   (14.30%)
S2       16           57663417 dTLB-store-misses                                             (14.25%)
S2       16          332941774 iTLB-loads                                                    (14.12%)
S2       16           60931940 iTLB-load-misses                                              (13.70%)
S2       16        99443102301 branch-loads                                                  (13.46%)
S2       16         1699596471 branch-load-misses                                            (13.53%)
S3       16           25626112 cache-misses                                                  (17.13%)
S3       16        10288043886 cycles                    #    0.000 GHz                      (22.25%)
S3       16         5205120068 instructions              #    0.00  insns per cycle          (27.54%)
S3       16              27409 cs                                                            (100.00%)
S3       16                540 migrations                                                    (100.00%)
S3       16               3378 faults                                                      
S3       16          746656547 bus-cycles                                                    (29.72%)
S3       16        14243989764 idle-cycles-frontend      #    0.00% frontend cycles idle     (30.69%)
S3       16        12362367366 idle-cycles-backend       #    0.00% backend  cycles idle     (30.73%)
S3       16         1352287993 L1-dcache-loads                                               (30.65%)
S3       16          143836980 L1-dcache-load-misses                                         (19.09%)
S3       16          916311499 L1-dcache-stores                                              (18.34%)
S3       16           24245438 L1-dcache-store-misses                                        (17.93%)
S3       16           65660568 L1-dcache-prefetch-misses                                     (16.88%)
S3       16           94934613 L1-icache-load-misses                                         (17.02%)
S3       16           90331930 LLC-loads                                                     (17.90%)
S3       16            9692199 LLC-stores                                                    (17.69%)
S3       16           36849062 LLC-prefetches                                                (7.75%)
S3       16         1814426675 dTLB-loads                                                    (11.04%)
S3       16           43008660 dTLB-load-misses                                              (14.99%)
S3       16         1045389873 dTLB-stores                                                   (14.54%)
S3       16            5614649 dTLB-store-misses                                             (13.97%)
S3       16            2011230 iTLB-loads                                                    (14.48%)
S3       16            2207462 iTLB-load-misses                                              (14.53%)
S3       16         1130837292 branch-loads                                                  (15.34%)
S3       16           35451998 branch-load-misses                                            (14.95%)

      40.927293845 seconds time elapsed

#################################################################
# Test multi-threading - 64 threads - T6
#################################################################

2016/9/30 18:28:36 -- [Opening input file '/tmp/data/datasets/gcat_set_039_1.fastq']
2016/9/30 18:28:36 -- [Outputting to '/scratch/077-hpca4se-bioinf/jlenis/results/GEM-Localalloc/2595735.GEM-Localalloc.penguin.t64.sam']
2016/9/30 18:28:36 -- [Loading GEM index '/tmp/data/indexes/HG_index_GEM/index.gem']
2016/9/30 18:28:48 -- [SE::Mapping Sequences]
2016/9/30 18:28:58 -- # 100000 sequences processed
2016/9/30 18:28:58 -- # 200000 sequences processed
2016/9/30 18:28:59 -- # 300000 sequences processed
2016/9/30 18:28:59 -- # 400000 sequences processed
2016/9/30 18:29:00 -- # 500000 sequences processed
2016/9/30 18:29:00 -- # 600000 sequences processed
2016/9/30 18:29:00 -- # 700000 sequences processed
2016/9/30 18:29:00 -- # 800000 sequences processed
2016/9/30 18:29:00 -- # 900000 sequences processed
2016/9/30 18:29:00 -- # 1000000 sequences processed
2016/9/30 18:29:00 -- # 1100000 sequences processed
2016/9/30 18:29:00 -- # 1200000 sequences processed
2016/9/30 18:29:00 -- # 1300000 sequences processed
2016/9/30 18:29:00 -- # 1400000 sequences processed
2016/9/30 18:29:02 -- # 1500000 sequences processed
2016/9/30 18:29:02 -- # 1600000 sequences processed
2016/9/30 18:29:02 -- # 1700000 sequences processed
2016/9/30 18:29:02 -- # 1800000 sequences processed
2016/9/30 18:29:02 -- # 1900000 sequences processed
2016/9/30 18:29:02 -- # 2000000 sequences processed
2016/9/30 18:29:02 -- # 2100000 sequences processed
2016/9/30 18:29:02 -- # 2200000 sequences processed
2016/9/30 18:29:02 -- # 2300000 sequences processed
2016/9/30 18:29:02 -- # 2400000 sequences processed
2016/9/30 18:29:02 -- # 2500000 sequences processed
2016/9/30 18:29:02 -- # 2600000 sequences processed
2016/9/30 18:29:02 -- # 2700000 sequences processed
2016/9/30 18:29:02 -- # 2800000 sequences processed
2016/9/30 18:29:02 -- # 2900000 sequences processed
2016/9/30 18:29:02 -- # 3000000 sequences processed
2016/9/30 18:29:02 -- # 3100000 sequences processed
2016/9/30 18:29:02 -- # 3200000 sequences processed
2016/9/30 18:29:02 -- # 3300000 sequences processed
2016/9/30 18:29:02 -- # 3400000 sequences processed
2016/9/30 18:29:02 -- # 3500000 sequences processed
2016/9/30 18:29:02 -- # 3600000 sequences processed
2016/9/30 18:29:02 -- # 3700000 sequences processed
2016/9/30 18:29:02 -- # 3800000 sequences processed
2016/9/30 18:29:03 -- # 3900000 sequences processed
2016/9/30 18:29:03 -- # 4000000 sequences processed
2016/9/30 18:29:03 -- # 4100000 sequences processed
2016/9/30 18:29:03 -- # 4200000 sequences processed
2016/9/30 18:29:03 -- # 4300000 sequences processed
2016/9/30 18:29:03 -- # 4400000 sequences processed
2016/9/30 18:29:03 -- # 4500000 sequences processed
2016/9/30 18:29:03 -- # 4600000 sequences processed
2016/9/30 18:29:03 -- # 4700000 sequences processed
2016/9/30 18:29:03 -- # 4800000 sequences processed
2016/9/30 18:29:03 -- # 4900000 sequences processed
2016/9/30 18:29:03 -- # 5000000 sequences processed
2016/9/30 18:29:03 -- # 5100000 sequences processed
2016/9/30 18:29:03 -- # 5200000 sequences processed
2016/9/30 18:29:03 -- # 5300000 sequences processed
2016/9/30 18:29:04 -- # 5400000 sequences processed
2016/9/30 18:29:04 -- # 5500000 sequences processed
2016/9/30 18:29:05 -- # 5600000 sequences processed
2016/9/30 18:29:05 -- # 5700000 sequences processed
2016/9/30 18:29:05 -- # 5800000 sequences processed
2016/9/30 18:29:05 -- # 5900000 sequences processed
2016/9/30 18:29:05 -- # 6000000 sequences processed
2016/9/30 18:29:06 -- # 6100000 sequences processed
2016/9/30 18:29:06 -- # 6200000 sequences processed
2016/9/30 18:29:06 -- # 6300000 sequences processed
2016/9/30 18:29:07 -- # 6400000 sequences processed
2016/9/30 18:29:08 -- # 6500000 sequences processed
2016/9/30 18:29:08 -- # 6600000 sequences processed
2016/9/30 18:29:08 -- # 6700000 sequences processed
2016/9/30 18:29:08 -- # 6800000 sequences processed
2016/9/30 18:29:09 -- # 6900000 sequences processed
2016/9/30 18:29:09 -- # 7000000 sequences processed
2016/9/30 18:29:09 -- # 7100000 sequences processed
2016/9/30 18:29:09 -- # 7200000 sequences processed
2016/9/30 18:29:09 -- # 7300000 sequences processed
2016/9/30 18:29:09 -- # 7400000 sequences processed
2016/9/30 18:29:09 -- # 7500000 sequences processed
2016/9/30 18:29:09 -- # 7600000 sequences processed
2016/9/30 18:29:10 -- # 7700000 sequences processed
2016/9/30 18:29:10 -- # 7800000 sequences processed
2016/9/30 18:29:11 -- # 7900000 sequences processed
2016/9/30 18:29:11 -- # 8000000 sequences processed
2016/9/30 18:29:11 -- # 8100000 sequences processed
2016/9/30 18:29:11 -- # 8200000 sequences processed
2016/9/30 18:29:11 -- # 8300000 sequences processed
2016/9/30 18:29:12 -- # 8400000 sequences processed
2016/9/30 18:29:12 -- # 8500000 sequences processed
2016/9/30 18:29:12 -- # 8600000 sequences processed
2016/9/30 18:29:12 -- # 8700000 sequences processed
2016/9/30 18:29:12 -- # 8800000 sequences processed
2016/9/30 18:29:12 -- # 8900000 sequences processed
2016/9/30 18:29:12 -- # 9000000 sequences processed
2016/9/30 18:29:12 -- # 9100000 sequences processed
2016/9/30 18:29:12 -- # 9200000 sequences processed
2016/9/30 18:29:12 -- # 9300000 sequences processed
2016/9/30 18:29:12 -- # 9400000 sequences processed
2016/9/30 18:29:12 -- # 9500000 sequences processed
2016/9/30 18:29:12 -- # 9600000 sequences processed
2016/9/30 18:29:12 -- # 9700000 sequences processed
2016/9/30 18:29:12 -- # 9800000 sequences processed
2016/9/30 18:29:12 -- # 9900000 sequences processed
2016/9/30 18:29:12 -- # 10000000 sequences processed
2016/9/30 18:29:12 -- # 10100000 sequences processed
2016/9/30 18:29:12 -- # 10200000 sequences processed
2016/9/30 18:29:12 -- # 10300000 sequences processed
2016/9/30 18:29:12 -- # 10400000 sequences processed
2016/9/30 18:29:12 -- # 10500000 sequences processed
2016/9/30 18:29:12 -- # 10600000 sequences processed
2016/9/30 18:29:12 -- # 10700000 sequences processed
2016/9/30 18:29:12 -- # 10800000 sequences processed
2016/9/30 18:29:12 -- # 10900000 sequences processed
2016/9/30 18:29:12 -- # 11000000 sequences processed
2016/9/30 18:29:12 -- # 11100000 sequences processed
2016/9/30 18:29:12 -- # 11200000 sequences processed
2016/9/30 18:29:12 -- # 11300000 sequences processed
2016/9/30 18:29:13 -- # 11400000 sequences processed
2016/9/30 18:29:13 -- # 11500000 sequences processed
2016/9/30 18:29:13 -- # 11600000 sequences processed
2016/9/30 18:29:13 -- # 11700000 sequences processed
2016/9/30 18:29:13 -- # 11800000 sequences processed
2016/9/30 18:29:13 -- # 11900000 sequences processed
2016/9/30 18:29:13 -- Total 11945249 sequences processed... done
2016/9/30 18:29:13 -- [GEMMapper terminated successfully in 25s. (+12s. loading)]


 Performance counter stats for 'numactl --localalloc --physcpubind=0-63 bin/gem-mapper -t 64 -I /tmp/data/indexes/HG_index_GEM/index.gem -i /tmp/data/datasets/gcat_set_039_1.fastq -o /scratch/077-hpca4se-bioinf/jlenis/results/GEM-Localalloc/2595735.GEM-Localalloc.penguin.t64.sam':

S0       16         1286386175 cache-misses                                                  (14.67%)
S0       16       801449393384 cycles                    #    0.000 GHz                      (21.51%)
S0       16       595922607223 instructions              #   11.98  insns per cycle        
                                             #    0.05  stalled cycles per insn  (28.41%)
S0       16              26492 cs                                                            (100.00%)
S0       16                184 migrations                                                    (100.00%)
S0       16              42397 faults                                                      
S0       16        28252715629 bus-cycles                                                    (31.99%)
S0       16       450764645012 idle-cycles-frontend      #  906.08% frontend cycles idle     (35.26%)
S0       16       281944838673 idle-cycles-backend       #  566.74% backend  cycles idle     (40.18%)
S0       16       108050317042 L1-dcache-loads                                               (41.58%)
S0       16         2685724381 L1-dcache-load-misses     #   31.37% of all L1-dcache hits    (26.36%)
S0       16        48888960101 L1-dcache-stores                                              (24.53%)
S0       16         1644586625 L1-dcache-store-misses                                        (19.26%)
S0       16         1537811741 L1-dcache-prefetch-misses                                     (16.89%)
S0       16         2258377038 L1-icache-load-misses                                         (14.94%)
S0       16         2076705928 LLC-loads                                                     (12.63%)
S0       16          384638726 LLC-stores                                                    (12.80%)
S0       16          767562380 LLC-prefetches                                                (7.45%)
S0       16       248271018795 dTLB-loads                                                    (9.83%)
S0       16          689863039 dTLB-load-misses          #    4.68% of all dTLB cache hits   (12.21%)
S0       16        99782620817 dTLB-stores                                                   (12.09%)
S0       16           29317086 dTLB-store-misses                                             (12.52%)
S0       16          249701320 iTLB-loads                                                    (11.66%)
S0       16           61076260 iTLB-load-misses          #  352.84% of all iTLB cache hits   (11.78%)
S0       16        89271175853 branch-loads                                                  (11.58%)
S0       16         1592595381 branch-load-misses                                            (11.87%)
S1       16         1410787312 cache-misses                                                  (14.79%)
S1       16       864441078517 cycles                    #    0.000 GHz                      (20.31%)
S1       16       657635599682 instructions              #    0.00  insns per cycle          (26.15%)
S1       16              20669 cs                                                            (100.00%)
S1       16               1072 migrations                                                    (100.00%)
S1       16              38874 faults                                                      
S1       16        31528747269 bus-cycles                                                    (29.55%)
S1       16       491260977141 idle-cycles-frontend      #    0.00% frontend cycles idle     (33.43%)
S1       16       342219221950 idle-cycles-backend       #    0.00% backend  cycles idle     (35.53%)
S1       16       133573524414 L1-dcache-loads                                               (36.35%)
S1       16         3237953874 L1-dcache-load-misses                                         (24.20%)
S1       16        59422677476 L1-dcache-stores                                              (22.02%)
S1       16         1706290854 L1-dcache-store-misses                                        (20.00%)
S1       16         1600736673 L1-dcache-prefetch-misses                                     (17.28%)
S1       16         2575894217 L1-icache-load-misses                                         (14.82%)
S1       16         2056605450 LLC-loads                                                     (13.80%)
S1       16          445586885 LLC-stores                                                    (13.94%)
S1       16          779188812 LLC-prefetches                                                (7.89%)
S1       16       223763865489 dTLB-loads                                                    (11.81%)
S1       16          767196508 dTLB-load-misses                                              (14.97%)
S1       16        95564993772 dTLB-stores                                                   (13.63%)
S1       16           74543540 dTLB-store-misses                                             (14.25%)
S1       16          313733405 iTLB-loads                                                    (14.72%)
S1       16           88533356 iTLB-load-misses                                              (13.48%)
S1       16        86800169101 branch-loads                                                  (12.16%)
S1       16         1486925901 branch-load-misses                                            (12.51%)
S2       16         1778299154 cache-misses                                                  (14.58%)
S2       16       734756267195 cycles                    #    0.000 GHz                      (21.14%)
S2       16       699045608985 instructions              #    0.00  insns per cycle          (27.56%)
S2       16              27479 cs                                                            (100.00%)
S2       16                276 migrations                                                    (100.00%)
S2       16              40835 faults                                                      
S2       16        27440974940 bus-cycles                                                    (30.46%)
S2       16       521808610622 idle-cycles-frontend      #    0.00% frontend cycles idle     (34.22%)
S2       16       350340001846 idle-cycles-backend       #    0.00% backend  cycles idle     (37.68%)
S2       16       142576255647 L1-dcache-loads                                               (38.90%)
S2       16         3578036825 L1-dcache-load-misses                                         (26.94%)
S2       16        58060785012 L1-dcache-stores                                              (24.97%)
S2       16         2029736673 L1-dcache-store-misses                                        (22.10%)
S2       16         1821158307 L1-dcache-prefetch-misses                                     (18.32%)
S2       16         2259274747 L1-icache-load-misses                                         (14.82%)
S2       16         2590407319 LLC-loads                                                     (13.27%)
S2       16          916731952 LLC-stores                                                    (12.75%)
S2       16          898083383 LLC-prefetches                                                (5.97%)
S2       16       287247859302 dTLB-loads                                                    (9.34%)
S2       16          684018806 dTLB-load-misses                                              (12.95%)
S2       16       111295229589 dTLB-stores                                                   (12.77%)
S2       16           15177704 dTLB-store-misses                                             (12.74%)
S2       16          286165733 iTLB-loads                                                    (12.47%)
S2       16           55214156 iTLB-load-misses                                              (11.84%)
S2       16       100514493935 branch-loads                                                  (11.79%)
S2       16         1709729571 branch-load-misses                                            (11.90%)
S3       16         1102618819 cache-misses                                                  (17.04%)
S3       16       783264863628 cycles                    #    0.000 GHz                      (21.67%)
S3       16       629937850860 instructions              #    0.00  insns per cycle          (26.97%)
S3       16              34110 cs                                                            (100.00%)
S3       16                965 migrations                                                    (100.00%)
S3       16              55093 faults                                                      
S3       16        32837293854 bus-cycles                                                    (27.17%)
S3       16       545166488902 idle-cycles-frontend      #    0.00% frontend cycles idle     (27.95%)
S3       16       377122068347 idle-cycles-backend       #    0.00% backend  cycles idle     (28.50%)
S3       16       163747369455 L1-dcache-loads                                               (27.79%)
S3       16         4007422399 L1-dcache-load-misses                                         (19.05%)
S3       16        66946121525 L1-dcache-stores                                              (18.44%)
S3       16         1858852098 L1-dcache-store-misses                                        (17.83%)
S3       16         1532992561 L1-dcache-prefetch-misses                                     (16.84%)
S3       16         2058036931 L1-icache-load-misses                                         (17.31%)
S3       16         1754039673 LLC-loads                                                     (16.79%)
S3       16          376521707 LLC-stores                                                    (17.54%)
S3       16          710713802 LLC-prefetches                                                (8.69%)
S3       16       184183191612 dTLB-loads                                                    (13.27%)
S3       16          644147773 dTLB-load-misses                                              (17.48%)
S3       16        73196607174 dTLB-stores                                                   (16.69%)
S3       16           54214738 dTLB-store-misses                                             (16.63%)
S3       16          258218477 iTLB-loads                                                    (16.04%)
S3       16           36016795 iTLB-load-misses                                              (15.64%)
S3       16        67616596685 branch-loads                                                  (15.61%)
S3       16         1216238822 branch-load-misses                                            (15.51%)

      37.458291533 seconds time elapsed

#################################################################
# Test multi-threading - 64 threads - T6
#################################################################
