mkdir: cannot create directory `/scratch/077-hpca4se-bioinf/jlenis/results/GEM-Localalloc': File exists
> Benchmarks for GEM3 : gcat_set_039_1
penguin
#################################################################
# Warm up - 64 threads - T1
#################################################################
WarmUp.2595736.GEM-Localalloc.penguin.t64
2016/9/30 18:29:39 -- [Opening input file '/tmp/data/datasets/gcat_set_039_1.fastq']
2016/9/30 18:29:39 -- [Outputting to '/scratch/077-hpca4se-bioinf/jlenis/results/GEM-Localalloc/WarmUp.2595736.GEM-Localalloc.penguin.t64.sam']
2016/9/30 18:29:39 -- [Loading GEM index '/tmp/data/indexes/HG_index_GEM/index.gem']
2016/9/30 18:29:51 -- [SE::Mapping Sequences]
2016/9/30 18:30:04 -- # 100000 sequences processed
2016/9/30 18:30:04 -- # 200000 sequences processed
2016/9/30 18:30:04 -- # 300000 sequences processed
2016/9/30 18:30:04 -- # 400000 sequences processed
2016/9/30 18:30:04 -- # 500000 sequences processed
2016/9/30 18:30:04 -- # 600000 sequences processed
2016/9/30 18:30:04 -- # 700000 sequences processed
2016/9/30 18:30:04 -- # 800000 sequences processed
2016/9/30 18:30:04 -- # 900000 sequences processed
2016/9/30 18:30:04 -- # 1000000 sequences processed
2016/9/30 18:30:04 -- # 1100000 sequences processed
2016/9/30 18:30:04 -- # 1200000 sequences processed
2016/9/30 18:30:04 -- # 1300000 sequences processed
2016/9/30 18:30:04 -- # 1400000 sequences processed
2016/9/30 18:30:04 -- # 1500000 sequences processed
2016/9/30 18:30:05 -- # 1600000 sequences processed
2016/9/30 18:30:05 -- # 1700000 sequences processed
2016/9/30 18:30:05 -- # 1800000 sequences processed
2016/9/30 18:30:05 -- # 1900000 sequences processed
2016/9/30 18:30:05 -- # 2000000 sequences processed
2016/9/30 18:30:05 -- # 2100000 sequences processed
2016/9/30 18:30:05 -- # 2200000 sequences processed
2016/9/30 18:30:06 -- # 2300000 sequences processed
2016/9/30 18:30:06 -- # 2400000 sequences processed
2016/9/30 18:30:06 -- # 2500000 sequences processed
2016/9/30 18:30:06 -- # 2600000 sequences processed
2016/9/30 18:30:06 -- # 2700000 sequences processed
2016/9/30 18:30:06 -- # 2800000 sequences processed
2016/9/30 18:30:06 -- # 2900000 sequences processed
2016/9/30 18:30:06 -- # 3000000 sequences processed
2016/9/30 18:30:06 -- # 3100000 sequences processed
2016/9/30 18:30:06 -- # 3200000 sequences processed
2016/9/30 18:30:06 -- # 3300000 sequences processed
2016/9/30 18:30:06 -- # 3400000 sequences processed
2016/9/30 18:30:06 -- # 3500000 sequences processed
2016/9/30 18:30:06 -- # 3600000 sequences processed
2016/9/30 18:30:06 -- # 3700000 sequences processed
2016/9/30 18:30:06 -- # 3800000 sequences processed
2016/9/30 18:30:06 -- # 3900000 sequences processed
2016/9/30 18:30:06 -- # 4000000 sequences processed
2016/9/30 18:30:06 -- # 4100000 sequences processed
2016/9/30 18:30:06 -- # 4200000 sequences processed
2016/9/30 18:30:06 -- # 4300000 sequences processed
2016/9/30 18:30:06 -- # 4400000 sequences processed
2016/9/30 18:30:06 -- # 4500000 sequences processed
2016/9/30 18:30:06 -- # 4600000 sequences processed
2016/9/30 18:30:06 -- # 4700000 sequences processed
2016/9/30 18:30:06 -- # 4800000 sequences processed
2016/9/30 18:30:06 -- # 4900000 sequences processed
2016/9/30 18:30:07 -- # 5000000 sequences processed
2016/9/30 18:30:07 -- # 5100000 sequences processed
2016/9/30 18:30:07 -- # 5200000 sequences processed
2016/9/30 18:30:07 -- # 5300000 sequences processed
2016/9/30 18:30:07 -- # 5400000 sequences processed
2016/9/30 18:30:07 -- # 5500000 sequences processed
2016/9/30 18:30:07 -- # 5600000 sequences processed
2016/9/30 18:30:07 -- # 5700000 sequences processed
2016/9/30 18:30:07 -- # 5800000 sequences processed
2016/9/30 18:30:07 -- # 5900000 sequences processed
2016/9/30 18:30:07 -- # 6000000 sequences processed
2016/9/30 18:30:09 -- # 6100000 sequences processed
2016/9/30 18:30:10 -- # 6200000 sequences processed
2016/9/30 18:30:10 -- # 6300000 sequences processed
2016/9/30 18:30:11 -- # 6400000 sequences processed
2016/9/30 18:30:13 -- # 6500000 sequences processed
2016/9/30 18:30:13 -- # 6600000 sequences processed
2016/9/30 18:30:13 -- # 6700000 sequences processed
2016/9/30 18:30:13 -- # 6800000 sequences processed
2016/9/30 18:30:13 -- # 6900000 sequences processed
2016/9/30 18:30:13 -- # 7000000 sequences processed
2016/9/30 18:30:13 -- # 7100000 sequences processed
2016/9/30 18:30:13 -- # 7200000 sequences processed
2016/9/30 18:30:13 -- # 7300000 sequences processed
2016/9/30 18:30:13 -- # 7400000 sequences processed
2016/9/30 18:30:13 -- # 7500000 sequences processed
2016/9/30 18:30:13 -- # 7600000 sequences processed
2016/9/30 18:30:13 -- # 7700000 sequences processed
2016/9/30 18:30:13 -- # 7800000 sequences processed
2016/9/30 18:30:14 -- # 7900000 sequences processed
2016/9/30 18:30:14 -- # 8000000 sequences processed
2016/9/30 18:30:15 -- # 8100000 sequences processed
2016/9/30 18:30:15 -- # 8200000 sequences processed
2016/9/30 18:30:15 -- # 8300000 sequences processed
2016/9/30 18:30:15 -- # 8400000 sequences processed
2016/9/30 18:30:15 -- # 8500000 sequences processed
2016/9/30 18:30:15 -- # 8600000 sequences processed
2016/9/30 18:30:15 -- # 8700000 sequences processed
2016/9/30 18:30:15 -- # 8800000 sequences processed
2016/9/30 18:30:15 -- # 8900000 sequences processed
2016/9/30 18:30:15 -- # 9000000 sequences processed
2016/9/30 18:30:15 -- # 9100000 sequences processed
2016/9/30 18:30:15 -- # 9200000 sequences processed
2016/9/30 18:30:15 -- # 9300000 sequences processed
2016/9/30 18:30:15 -- # 9400000 sequences processed
2016/9/30 18:30:15 -- # 9500000 sequences processed
2016/9/30 18:30:15 -- # 9600000 sequences processed
2016/9/30 18:30:15 -- # 9700000 sequences processed
2016/9/30 18:30:15 -- # 9800000 sequences processed
2016/9/30 18:30:15 -- # 9900000 sequences processed
2016/9/30 18:30:15 -- # 10000000 sequences processed
2016/9/30 18:30:15 -- # 10100000 sequences processed
2016/9/30 18:30:15 -- # 10200000 sequences processed
2016/9/30 18:30:15 -- # 10300000 sequences processed
2016/9/30 18:30:15 -- # 10400000 sequences processed
2016/9/30 18:30:15 -- # 10500000 sequences processed
2016/9/30 18:30:16 -- # 10600000 sequences processed
2016/9/30 18:30:16 -- # 10700000 sequences processed
2016/9/30 18:30:16 -- # 10800000 sequences processed
2016/9/30 18:30:16 -- # 10900000 sequences processed
2016/9/30 18:30:16 -- # 11000000 sequences processed
2016/9/30 18:30:16 -- # 11100000 sequences processed
2016/9/30 18:30:16 -- # 11200000 sequences processed
2016/9/30 18:30:16 -- # 11300000 sequences processed
2016/9/30 18:30:16 -- # 11400000 sequences processed
2016/9/30 18:30:16 -- # 11500000 sequences processed
2016/9/30 18:30:16 -- # 11600000 sequences processed
2016/9/30 18:30:16 -- # 11700000 sequences processed
2016/9/30 18:30:16 -- # 11800000 sequences processed
2016/9/30 18:30:16 -- # 11900000 sequences processed
2016/9/30 18:30:16 -- Total 11945249 sequences processed... done
2016/9/30 18:30:17 -- [GEMMapper terminated successfully in 25s. (+12s. loading)]

#################################################################
# Test multi-threading - 8 threads - T2
#################################################################
2595736.GEM-Localalloc.penguin.t8
2016/9/30 18:30:17 -- [Opening input file '/tmp/data/datasets/gcat_set_039_1.fastq']
2016/9/30 18:30:17 -- [Outputting to '/scratch/077-hpca4se-bioinf/jlenis/results/GEM-Localalloc/2595736.GEM-Localalloc.penguin.t8.sam']
2016/9/30 18:30:17 -- [Loading GEM index '/tmp/data/indexes/HG_index_GEM/index.gem']
2016/9/30 18:30:28 -- [SE::Mapping Sequences]
2016/9/30 18:30:41 -- # 100000 sequences processed
2016/9/30 18:30:41 -- # 200000 sequences processed
2016/9/30 18:30:41 -- # 300000 sequences processed
2016/9/30 18:30:41 -- # 400000 sequences processed
2016/9/30 18:30:41 -- # 500000 sequences processed
2016/9/30 18:30:41 -- # 600000 sequences processed
2016/9/30 18:30:41 -- # 700000 sequences processed
2016/9/30 18:30:41 -- # 800000 sequences processed
2016/9/30 18:30:47 -- # 900000 sequences processed
2016/9/30 18:30:47 -- # 1000000 sequences processed
2016/9/30 18:30:47 -- # 1100000 sequences processed
2016/9/30 18:30:47 -- # 1200000 sequences processed
2016/9/30 18:30:47 -- # 1300000 sequences processed
2016/9/30 18:30:47 -- # 1400000 sequences processed
2016/9/30 18:30:47 -- # 1500000 sequences processed
2016/9/30 18:30:47 -- # 1600000 sequences processed
2016/9/30 18:30:53 -- # 1700000 sequences processed
2016/9/30 18:30:53 -- # 1800000 sequences processed
2016/9/30 18:30:53 -- # 1900000 sequences processed
2016/9/30 18:30:53 -- # 2000000 sequences processed
2016/9/30 18:30:53 -- # 2100000 sequences processed
2016/9/30 18:30:53 -- # 2200000 sequences processed
2016/9/30 18:30:53 -- # 2300000 sequences processed
2016/9/30 18:30:53 -- # 2400000 sequences processed
2016/9/30 18:30:58 -- # 2500000 sequences processed
2016/9/30 18:30:58 -- # 2600000 sequences processed
2016/9/30 18:30:58 -- # 2700000 sequences processed
2016/9/30 18:30:58 -- # 2800000 sequences processed
2016/9/30 18:30:58 -- # 2900000 sequences processed
2016/9/30 18:30:58 -- # 3000000 sequences processed
2016/9/30 18:30:59 -- # 3100000 sequences processed
2016/9/30 18:30:59 -- # 3200000 sequences processed
2016/9/30 18:31:04 -- # 3300000 sequences processed
2016/9/30 18:31:04 -- # 3400000 sequences processed
2016/9/30 18:31:04 -- # 3500000 sequences processed
2016/9/30 18:31:04 -- # 3600000 sequences processed
2016/9/30 18:31:04 -- # 3700000 sequences processed
2016/9/30 18:31:04 -- # 3800000 sequences processed
2016/9/30 18:31:05 -- # 3900000 sequences processed
2016/9/30 18:31:05 -- # 4000000 sequences processed
2016/9/30 18:31:10 -- # 4100000 sequences processed
2016/9/30 18:31:10 -- # 4200000 sequences processed
2016/9/30 18:31:10 -- # 4300000 sequences processed
2016/9/30 18:31:10 -- # 4400000 sequences processed
2016/9/30 18:31:10 -- # 4500000 sequences processed
2016/9/30 18:31:10 -- # 4600000 sequences processed
2016/9/30 18:31:10 -- # 4700000 sequences processed
2016/9/30 18:31:11 -- # 4800000 sequences processed
2016/9/30 18:31:15 -- # 4900000 sequences processed
2016/9/30 18:31:15 -- # 5000000 sequences processed
2016/9/30 18:31:15 -- # 5100000 sequences processed
2016/9/30 18:31:15 -- # 5200000 sequences processed
2016/9/30 18:31:15 -- # 5300000 sequences processed
2016/9/30 18:31:15 -- # 5400000 sequences processed
2016/9/30 18:31:16 -- # 5500000 sequences processed
2016/9/30 18:31:16 -- # 5600000 sequences processed
2016/9/30 18:31:21 -- # 5700000 sequences processed
2016/9/30 18:31:21 -- # 5800000 sequences processed
2016/9/30 18:31:21 -- # 5900000 sequences processed
2016/9/30 18:31:21 -- # 6000000 sequences processed
2016/9/30 18:31:21 -- # 6100000 sequences processed
2016/9/30 18:31:21 -- # 6200000 sequences processed
2016/9/30 18:31:22 -- # 6300000 sequences processed
2016/9/30 18:31:22 -- # 6400000 sequences processed
2016/9/30 18:31:27 -- # 6500000 sequences processed
2016/9/30 18:31:27 -- # 6600000 sequences processed
2016/9/30 18:31:27 -- # 6700000 sequences processed
2016/9/30 18:31:27 -- # 6800000 sequences processed
2016/9/30 18:31:27 -- # 6900000 sequences processed
2016/9/30 18:31:27 -- # 7000000 sequences processed
2016/9/30 18:31:28 -- # 7100000 sequences processed
2016/9/30 18:31:28 -- # 7200000 sequences processed
2016/9/30 18:31:32 -- # 7300000 sequences processed
2016/9/30 18:31:32 -- # 7400000 sequences processed
2016/9/30 18:31:32 -- # 7500000 sequences processed
2016/9/30 18:31:32 -- # 7600000 sequences processed
2016/9/30 18:31:32 -- # 7700000 sequences processed
2016/9/30 18:31:32 -- # 7800000 sequences processed
2016/9/30 18:31:33 -- # 7900000 sequences processed
2016/9/30 18:31:33 -- # 8000000 sequences processed
2016/9/30 18:31:38 -- # 8100000 sequences processed
2016/9/30 18:31:38 -- # 8200000 sequences processed
2016/9/30 18:31:38 -- # 8300000 sequences processed
2016/9/30 18:31:38 -- # 8400000 sequences processed
2016/9/30 18:31:38 -- # 8500000 sequences processed
2016/9/30 18:31:38 -- # 8600000 sequences processed
2016/9/30 18:31:39 -- # 8700000 sequences processed
2016/9/30 18:31:39 -- # 8800000 sequences processed
2016/9/30 18:31:44 -- # 8900000 sequences processed
2016/9/30 18:31:44 -- # 9000000 sequences processed
2016/9/30 18:31:44 -- # 9100000 sequences processed
2016/9/30 18:31:44 -- # 9200000 sequences processed
2016/9/30 18:31:44 -- # 9300000 sequences processed
2016/9/30 18:31:44 -- # 9400000 sequences processed
2016/9/30 18:31:45 -- # 9500000 sequences processed
2016/9/30 18:31:45 -- # 9600000 sequences processed
2016/9/30 18:31:49 -- # 9700000 sequences processed
2016/9/30 18:31:49 -- # 9800000 sequences processed
2016/9/30 18:31:49 -- # 9900000 sequences processed
2016/9/30 18:31:49 -- # 10000000 sequences processed
2016/9/30 18:31:49 -- # 10100000 sequences processed
2016/9/30 18:31:50 -- # 10200000 sequences processed
2016/9/30 18:31:50 -- # 10300000 sequences processed
2016/9/30 18:31:50 -- # 10400000 sequences processed
2016/9/30 18:31:55 -- # 10500000 sequences processed
2016/9/30 18:31:55 -- # 10600000 sequences processed
2016/9/30 18:31:55 -- # 10700000 sequences processed
2016/9/30 18:31:55 -- # 10800000 sequences processed
2016/9/30 18:31:55 -- # 10900000 sequences processed
2016/9/30 18:31:55 -- # 11000000 sequences processed
2016/9/30 18:31:56 -- # 11100000 sequences processed
2016/9/30 18:31:56 -- # 11200000 sequences processed
2016/9/30 18:32:01 -- # 11300000 sequences processed
2016/9/30 18:32:01 -- # 11400000 sequences processed
2016/9/30 18:32:01 -- # 11500000 sequences processed
2016/9/30 18:32:01 -- # 11600000 sequences processed
2016/9/30 18:32:01 -- # 11700000 sequences processed
2016/9/30 18:32:01 -- # 11800000 sequences processed
2016/9/30 18:32:01 -- # 11900000 sequences processed
2016/9/30 18:32:02 -- Total 11945249 sequences processed... done
2016/9/30 18:32:02 -- [GEMMapper terminated successfully in 93s. (+11s. loading)]


 Performance counter stats for 'numactl --localalloc --physcpubind=0,4,8,12,16,20,24,28 bin/gem-mapper -t 8 -I /tmp/data/indexes/HG_index_GEM/index.gem -i /tmp/data/datasets/gcat_set_039_1.fastq -o /scratch/077-hpca4se-bioinf/jlenis/results/GEM-Localalloc/2595736.GEM-Localalloc.penguin.t8.sam':

S0       16         4163327062 cache-misses                                                  (16.32%)
S0       16      1608999794086 cycles                    #    0.000 GHz                      (21.17%)
S0       16      2592721026908 instructions              #   101.21  insns per cycle        
                                             #    0.01  stalled cycles per insn  (26.22%)
S0       16              31189 cs                                                            (100.00%)
S0       16                 88 migrations                                                    (100.00%)
S0       16              85301 faults                                                      
S0       16        67085862366 bus-cycles                                                    (27.17%)
S0       16      2151618660666 idle-cycles-frontend      #  8399.19% frontend cycles idle     (28.31%)
S0       16      1789173152135 idle-cycles-backend       #  6984.32% backend  cycles idle     (29.26%)
S0       16       638999365369 L1-dcache-loads                                               (28.81%)
S0       16        13230190278 L1-dcache-load-misses     #  131.49% of all L1-dcache hits    (18.69%)
S0       16       257955505116 L1-dcache-stores                                              (18.76%)
S0       16         6077023198 L1-dcache-store-misses                                        (18.52%)
S0       16         5060808004 L1-dcache-prefetch-misses                                     (18.67%)
S0       16         6189590876 L1-icache-load-misses                                         (18.27%)
S0       16         6318515255 LLC-loads                                                     (17.41%)
S0       16         1066412025 LLC-stores                                                    (16.66%)
S0       16         1454954301 LLC-prefetches                                                (7.97%)
S0       16       804137314268 dTLB-loads                                                    (12.01%)
S0       16         2054543147 dTLB-load-misses          #   16.27% of all dTLB cache hits   (16.23%)
S0       16       307591673192 dTLB-stores                                                   (16.27%)
S0       16           66708881 dTLB-store-misses                                             (15.96%)
S0       16           40429877 iTLB-loads                                                    (16.08%)
S0       16           12829629 iTLB-load-misses          #  1787.05% of all iTLB cache hits   (15.61%)
S0       16       260168135084 branch-loads                                                  (15.38%)
S0       16         4493993914 branch-load-misses                                            (15.58%)
S1       16           29712624 cache-misses                                                  (16.68%)
S1       16        11206466729 cycles                    #    0.000 GHz                      (21.52%)
S1       16         4671005241 instructions              #    0.00  insns per cycle          (26.67%)
S1       16              24561 cs                                                            (100.00%)
S1       16                 64 migrations                                                    (100.00%)
S1       16               3533 faults                                                      
S1       16          898207124 bus-cycles                                                    (27.89%)
S1       16        17099836162 idle-cycles-frontend      #    0.00% frontend cycles idle     (28.73%)
S1       16        14924845926 idle-cycles-backend       #    0.00% backend  cycles idle     (29.78%)
S1       16         1421139139 L1-dcache-loads                                               (28.93%)
S1       16          110080293 L1-dcache-load-misses                                         (19.48%)
S1       16          872689447 L1-dcache-stores                                              (19.10%)
S1       16           17115787 L1-dcache-store-misses                                        (18.84%)
S1       16           48275209 L1-dcache-prefetch-misses                                     (18.90%)
S1       16           77531350 L1-icache-load-misses                                         (18.01%)
S1       16           65976363 LLC-loads                                                     (17.10%)
S1       16           12348759 LLC-stores                                                    (16.03%)
S1       16           33512734 LLC-prefetches                                                (7.55%)
S1       16         1230529069 dTLB-loads                                                    (11.66%)
S1       16           44922089 dTLB-load-misses                                              (15.59%)
S1       16          865683430 dTLB-stores                                                   (15.72%)
S1       16            6939924 dTLB-store-misses                                             (15.78%)
S1       16            3135680 iTLB-loads                                                    (15.72%)
S1       16            2234773 iTLB-load-misses                                              (15.75%)
S1       16          906538137 branch-loads                                                  (15.74%)
S1       16           21310156 branch-load-misses                                            (15.82%)
S2       16           14947149 cache-misses                                                  (17.45%)
S2       16         7434888400 cycles                    #    0.000 GHz                      (21.94%)
S2       16         2705239851 instructions              #    0.00  insns per cycle          (26.92%)
S2       16              30709 cs                                                            (100.00%)
S2       16                188 migrations                                                    (100.00%)
S2       16               3854 faults                                                      
S2       16          569514631 bus-cycles                                                    (27.85%)
S2       16        10489811536 idle-cycles-frontend      #    0.00% frontend cycles idle     (28.24%)
S2       16         9818836995 idle-cycles-backend       #    0.00% backend  cycles idle     (28.68%)
S2       16         1068783447 L1-dcache-loads                                               (28.55%)
S2       16           98598191 L1-dcache-load-misses                                         (19.85%)
S2       16          968540621 L1-dcache-stores                                              (18.89%)
S2       16           14522447 L1-dcache-store-misses                                        (18.31%)
S2       16           25296701 L1-dcache-prefetch-misses                                     (17.55%)
S2       16           73822452 L1-icache-load-misses                                         (17.61%)
S2       16          116708262 LLC-loads                                                     (17.00%)
S2       16           10048550 LLC-stores                                                    (17.48%)
S2       16           11723045 LLC-prefetches                                                (8.25%)
S2       16          963317067 dTLB-loads                                                    (11.51%)
S2       16           30876398 dTLB-load-misses                                              (16.13%)
S2       16          659863198 dTLB-stores                                                   (15.37%)
S2       16            3624235 dTLB-store-misses                                             (15.46%)
S2       16             465639 iTLB-loads                                                    (16.11%)
S2       16             875296 iTLB-load-misses                                              (15.84%)
S2       16          537604774 branch-loads                                                  (15.97%)
S2       16           16692881 branch-load-misses                                            (16.27%)
S3       16           23092604 cache-misses                                                  (18.02%)
S3       16        11845638192 cycles                    #    0.000 GHz                      (22.89%)
S3       16         6758918553 instructions              #    0.00  insns per cycle          (27.28%)
S3       16              23601 cs                                                            (100.00%)
S3       16                528 migrations                                                    (100.00%)
S3       16               6256 faults                                                      
S3       16          911482733 bus-cycles                                                    (27.27%)
S3       16        22816661132 idle-cycles-frontend      #    0.00% frontend cycles idle     (25.63%)
S3       16        20340712490 idle-cycles-backend       #    0.00% backend  cycles idle     (25.26%)
S3       16         2481179256 L1-dcache-loads                                               (24.68%)
S3       16          304761031 L1-dcache-load-misses                                         (17.70%)
S3       16         3204752821 L1-dcache-stores                                              (16.40%)
S3       16           48668500 L1-dcache-store-misses                                        (16.81%)
S3       16           73025056 L1-dcache-prefetch-misses                                     (16.65%)
S3       16          125748840 L1-icache-load-misses                                         (17.51%)
S3       16           83395138 LLC-loads                                                     (17.15%)
S3       16            9387477 LLC-stores                                                    (19.00%)
S3       16           28999366 LLC-prefetches                                                (11.64%)
S3       16         1706704196 dTLB-loads                                                    (14.25%)
S3       16           29475833 dTLB-load-misses                                              (18.20%)
S3       16          962785039 dTLB-stores                                                   (17.04%)
S3       16            3891230 dTLB-store-misses                                             (16.53%)
S3       16            1915803 iTLB-loads                                                    (17.15%)
S3       16            2251016 iTLB-load-misses                                              (16.67%)
S3       16         1190735418 branch-loads                                                  (17.81%)
S3       16           33401900 branch-load-misses                                            (17.85%)

     104.980751945 seconds time elapsed

#################################################################
# Test multi-threading - 16 threads - T3
#################################################################
2595736.GEM-Localalloc.penguin.t16
2016/9/30 18:32:02 -- [Opening input file '/tmp/data/datasets/gcat_set_039_1.fastq']
2016/9/30 18:32:02 -- [Outputting to '/scratch/077-hpca4se-bioinf/jlenis/results/GEM-Localalloc/2595736.GEM-Localalloc.penguin.t16.sam']
2016/9/30 18:32:02 -- [Loading GEM index '/tmp/data/indexes/HG_index_GEM/index.gem']
2016/9/30 18:32:11 -- [SE::Mapping Sequences]
2016/9/30 18:32:20 -- # 100000 sequences processed
2016/9/30 18:32:20 -- # 200000 sequences processed
2016/9/30 18:32:20 -- # 300000 sequences processed
2016/9/30 18:32:20 -- # 400000 sequences processed
2016/9/30 18:32:20 -- # 500000 sequences processed
2016/9/30 18:32:20 -- # 600000 sequences processed
2016/9/30 18:32:20 -- # 700000 sequences processed
2016/9/30 18:32:21 -- # 800000 sequences processed
2016/9/30 18:32:21 -- # 900000 sequences processed
2016/9/30 18:32:22 -- # 1000000 sequences processed
2016/9/30 18:32:22 -- # 1100000 sequences processed
2016/9/30 18:32:22 -- # 1200000 sequences processed
2016/9/30 18:32:22 -- # 1300000 sequences processed
2016/9/30 18:32:22 -- # 1400000 sequences processed
2016/9/30 18:32:25 -- # 1500000 sequences processed
2016/9/30 18:32:26 -- # 1600000 sequences processed
2016/9/30 18:32:27 -- # 1700000 sequences processed
2016/9/30 18:32:27 -- # 1800000 sequences processed
2016/9/30 18:32:27 -- # 1900000 sequences processed
2016/9/30 18:32:27 -- # 2000000 sequences processed
2016/9/30 18:32:27 -- # 2100000 sequences processed
2016/9/30 18:32:27 -- # 2200000 sequences processed
2016/9/30 18:32:27 -- # 2300000 sequences processed
2016/9/30 18:32:29 -- # 2400000 sequences processed
2016/9/30 18:32:29 -- # 2500000 sequences processed
2016/9/30 18:32:29 -- # 2600000 sequences processed
2016/9/30 18:32:29 -- # 2700000 sequences processed
2016/9/30 18:32:29 -- # 2800000 sequences processed
2016/9/30 18:32:32 -- # 2900000 sequences processed
2016/9/30 18:32:32 -- # 3000000 sequences processed
2016/9/30 18:32:33 -- # 3100000 sequences processed
2016/9/30 18:32:33 -- # 3200000 sequences processed
2016/9/30 18:32:33 -- # 3300000 sequences processed
2016/9/30 18:32:33 -- # 3400000 sequences processed
2016/9/30 18:32:33 -- # 3500000 sequences processed
2016/9/30 18:32:33 -- # 3600000 sequences processed
2016/9/30 18:32:33 -- # 3700000 sequences processed
2016/9/30 18:32:34 -- # 3800000 sequences processed
2016/9/30 18:32:36 -- # 3900000 sequences processed
2016/9/30 18:32:37 -- # 4000000 sequences processed
2016/9/30 18:32:37 -- # 4100000 sequences processed
2016/9/30 18:32:38 -- # 4200000 sequences processed
2016/9/30 18:32:39 -- # 4300000 sequences processed
2016/9/30 18:32:39 -- # 4400000 sequences processed
2016/9/30 18:32:40 -- # 4500000 sequences processed
2016/9/30 18:32:40 -- # 4600000 sequences processed
2016/9/30 18:32:40 -- # 4700000 sequences processed
2016/9/30 18:32:40 -- # 4800000 sequences processed
2016/9/30 18:32:40 -- # 4900000 sequences processed
2016/9/30 18:32:40 -- # 5000000 sequences processed
2016/9/30 18:32:40 -- # 5100000 sequences processed
2016/9/30 18:32:42 -- # 5200000 sequences processed
2016/9/30 18:32:42 -- # 5300000 sequences processed
2016/9/30 18:32:42 -- # 5400000 sequences processed
2016/9/30 18:32:43 -- # 5500000 sequences processed
2016/9/30 18:32:44 -- # 5600000 sequences processed
2016/9/30 18:32:44 -- # 5700000 sequences processed
2016/9/30 18:32:46 -- # 5800000 sequences processed
2016/9/30 18:32:46 -- # 5900000 sequences processed
2016/9/30 18:32:46 -- # 6000000 sequences processed
2016/9/30 18:32:46 -- # 6100000 sequences processed
2016/9/30 18:32:46 -- # 6200000 sequences processed
2016/9/30 18:32:46 -- # 6300000 sequences processed
2016/9/30 18:32:46 -- # 6400000 sequences processed
2016/9/30 18:32:46 -- # 6500000 sequences processed
2016/9/30 18:32:47 -- # 6600000 sequences processed
2016/9/30 18:32:47 -- # 6700000 sequences processed
2016/9/30 18:32:49 -- # 6800000 sequences processed
2016/9/30 18:32:51 -- # 6900000 sequences processed
2016/9/30 18:32:51 -- # 7000000 sequences processed
2016/9/30 18:32:52 -- # 7100000 sequences processed
2016/9/30 18:32:53 -- # 7200000 sequences processed
2016/9/30 18:32:53 -- # 7300000 sequences processed
2016/9/30 18:32:53 -- # 7400000 sequences processed
2016/9/30 18:32:53 -- # 7500000 sequences processed
2016/9/30 18:32:53 -- # 7600000 sequences processed
2016/9/30 18:32:53 -- # 7700000 sequences processed
2016/9/30 18:32:53 -- # 7800000 sequences processed
2016/9/30 18:32:53 -- # 7900000 sequences processed
2016/9/30 18:32:54 -- # 8000000 sequences processed
2016/9/30 18:32:54 -- # 8100000 sequences processed
2016/9/30 18:32:57 -- # 8200000 sequences processed
2016/9/30 18:32:58 -- # 8300000 sequences processed
2016/9/30 18:32:59 -- # 8400000 sequences processed
2016/9/30 18:32:59 -- # 8500000 sequences processed
2016/9/30 18:33:00 -- # 8600000 sequences processed
2016/9/30 18:33:00 -- # 8700000 sequences processed
2016/9/30 18:33:00 -- # 8800000 sequences processed
2016/9/30 18:33:00 -- # 8900000 sequences processed
2016/9/30 18:33:00 -- # 9000000 sequences processed
2016/9/30 18:33:00 -- # 9100000 sequences processed
2016/9/30 18:33:00 -- # 9200000 sequences processed
2016/9/30 18:33:00 -- # 9300000 sequences processed
2016/9/30 18:33:01 -- # 9400000 sequences processed
2016/9/30 18:33:01 -- # 9500000 sequences processed
2016/9/30 18:33:01 -- # 9600000 sequences processed
2016/9/30 18:33:01 -- # 9700000 sequences processed
2016/9/30 18:33:04 -- # 9800000 sequences processed
2016/9/30 18:33:06 -- # 9900000 sequences processed
2016/9/30 18:33:06 -- # 10000000 sequences processed
2016/9/30 18:33:06 -- # 10100000 sequences processed
2016/9/30 18:33:07 -- # 10200000 sequences processed
2016/9/30 18:33:07 -- # 10300000 sequences processed
2016/9/30 18:33:07 -- # 10400000 sequences processed
2016/9/30 18:33:07 -- # 10500000 sequences processed
2016/9/30 18:33:07 -- # 10600000 sequences processed
2016/9/30 18:33:07 -- # 10700000 sequences processed
2016/9/30 18:33:07 -- # 10800000 sequences processed
2016/9/30 18:33:08 -- # 10900000 sequences processed
2016/9/30 18:33:09 -- # 11000000 sequences processed
2016/9/30 18:33:09 -- # 11100000 sequences processed
2016/9/30 18:33:10 -- # 11200000 sequences processed
2016/9/30 18:33:10 -- # 11300000 sequences processed
2016/9/30 18:33:11 -- # 11400000 sequences processed
2016/9/30 18:33:11 -- # 11500000 sequences processed
2016/9/30 18:33:11 -- # 11600000 sequences processed
2016/9/30 18:33:11 -- # 11700000 sequences processed
2016/9/30 18:33:11 -- # 11800000 sequences processed
2016/9/30 18:33:11 -- # 11900000 sequences processed
2016/9/30 18:33:11 -- Total 11945249 sequences processed... done
2016/9/30 18:33:11 -- [GEMMapper terminated successfully in 59s. (+9s. loading)]


 Performance counter stats for 'numactl --localalloc --physcpubind=0,4,8,12,16,20,24,28,1,5,9,13,17,21,25,29 bin/gem-mapper -t 16 -I /tmp/data/indexes/HG_index_GEM/index.gem -i /tmp/data/datasets/gcat_set_039_1.fastq -o /scratch/077-hpca4se-bioinf/jlenis/results/GEM-Localalloc/2595736.GEM-Localalloc.penguin.t16.sam':

S0       16         2375433630 cache-misses                                                  (14.94%)
S0       16       911065540412 cycles                    #    0.000 GHz                      (19.98%)
S0       16      1250701123332 instructions              #   40.10  insns per cycle        
                                             #    0.03  stalled cycles per insn  (26.17%)
S0       16              26954 cs                                                            (100.00%)
S0       16                 64 migrations                                                    (100.00%)
S0       16              52554 faults                                                      
S0       16        35727048691 bus-cycles                                                    (28.12%)
S0       16      1190563350948 idle-cycles-frontend      #  3817.37% frontend cycles idle     (30.17%)
S0       16      1015796895389 idle-cycles-backend       #  3257.00% backend  cycles idle     (31.93%)
S0       16       275796136287 L1-dcache-loads                                               (32.48%)
S0       16         6538113208 L1-dcache-load-misses     #   69.08% of all L1-dcache hits    (20.06%)
S0       16       136519115067 L1-dcache-stores                                              (19.08%)
S0       16         3488242218 L1-dcache-store-misses                                        (18.60%)
S0       16         2890411705 L1-dcache-prefetch-misses                                     (18.03%)
S0       16         3245115319 L1-icache-load-misses                                         (17.56%)
S0       16         3281135554 LLC-loads                                                     (17.34%)
S0       16          727619276 LLC-stores                                                    (16.86%)
S0       16          706522825 LLC-prefetches                                                (7.96%)
S0       16       420505383336 dTLB-loads                                                    (11.64%)
S0       16          918537007 dTLB-load-misses          #    7.42% of all dTLB cache hits   (15.51%)
S0       16       162547746127 dTLB-stores                                                   (15.16%)
S0       16           17480511 dTLB-store-misses                                             (14.91%)
S0       16           29638714 iTLB-loads                                                    (14.88%)
S0       16           11252693 iTLB-load-misses          #  1167.22% of all iTLB cache hits   (14.47%)
S0       16       141707826357 branch-loads                                                  (14.00%)
S0       16         2513668678 branch-load-misses                                            (13.97%)
S1       16         2068822918 cache-misses                                                  (15.28%)
S1       16      1068367985793 cycles                    #    0.000 GHz                      (19.63%)
S1       16      1327850716354 instructions              #    0.00  insns per cycle          (24.58%)
S1       16              31416 cs                                                            (100.00%)
S1       16                 93 migrations                                                    (100.00%)
S1       16              53805 faults                                                      
S1       16        44747117133 bus-cycles                                                    (25.74%)
S1       16      1524574858753 idle-cycles-frontend      #    0.00% frontend cycles idle     (26.23%)
S1       16      1315889457024 idle-cycles-backend       #    0.00% backend  cycles idle     (27.83%)
S1       16       328060097713 L1-dcache-loads                                               (29.45%)
S1       16         6645632642 L1-dcache-load-misses                                         (20.36%)
S1       16       140599309430 L1-dcache-stores                                              (20.34%)
S1       16         3068832049 L1-dcache-store-misses                                        (19.73%)
S1       16         2657832256 L1-dcache-prefetch-misses                                     (18.00%)
S1       16         3555220206 L1-icache-load-misses                                         (17.98%)
S1       16         2991821826 LLC-loads                                                     (16.94%)
S1       16          341246103 LLC-stores                                                    (17.26%)
S1       16          744427913 LLC-prefetches                                                (9.28%)
S1       16       368806894960 dTLB-loads                                                    (13.48%)
S1       16         1079981511 dTLB-load-misses                                              (17.41%)
S1       16       143369157687 dTLB-stores                                                   (17.08%)
S1       16           54605450 dTLB-store-misses                                             (15.79%)
S1       16           30314435 iTLB-loads                                                    (15.41%)
S1       16           10820614 iTLB-load-misses                                              (14.76%)
S1       16       128958366554 branch-loads                                                  (15.37%)
S1       16         2204236156 branch-load-misses                                            (14.76%)
S2       16           12174388 cache-misses                                                  (16.08%)
S2       16         6211329462 cycles                    #    0.000 GHz                      (20.97%)
S2       16         3584160411 instructions              #    0.00  insns per cycle          (25.89%)
S2       16              31654 cs                                                            (100.00%)
S2       16                136 migrations                                                    (100.00%)
S2       16               4657 faults                                                      
S2       16          446632618 bus-cycles                                                    (26.76%)
S2       16         8464585913 idle-cycles-frontend      #    0.00% frontend cycles idle     (26.40%)
S2       16         7441365905 idle-cycles-backend       #    0.00% backend  cycles idle     (27.12%)
S2       16          817015445 L1-dcache-loads                                               (28.05%)
S2       16           55467125 L1-dcache-load-misses                                         (19.93%)
S2       16          488839016 L1-dcache-stores                                              (19.91%)
S2       16            7519057 L1-dcache-store-misses                                        (19.15%)
S2       16           16747948 L1-dcache-prefetch-misses                                     (18.26%)
S2       16           52808397 L1-icache-load-misses                                         (18.48%)
S2       16           50710376 LLC-loads                                                     (18.40%)
S2       16            6565818 LLC-stores                                                    (18.10%)
S2       16            9148459 LLC-prefetches                                                (8.91%)
S2       16          946760244 dTLB-loads                                                    (12.55%)
S2       16           23934248 dTLB-load-misses                                              (16.85%)
S2       16          656267084 dTLB-stores                                                   (15.50%)
S2       16            2738987 dTLB-store-misses                                             (15.59%)
S2       16             523718 iTLB-loads                                                    (15.38%)
S2       16            1145993 iTLB-load-misses                                              (15.18%)
S2       16          845660910 branch-loads                                                  (15.65%)
S2       16           17853072 branch-load-misses                                            (14.92%)
S3       16           50648794 cache-misses                                                  (15.95%)
S3       16        10392639551 cycles                    #    0.000 GHz                      (20.36%)
S3       16         4963888156 instructions              #    0.00  insns per cycle          (24.81%)
S3       16              18741 cs                                                            (100.00%)
S3       16                311 migrations                                                    (100.00%)
S3       16               4940 faults                                                      
S3       16          639411879 bus-cycles                                                    (26.24%)
S3       16        10781920287 idle-cycles-frontend      #    0.00% frontend cycles idle     (27.36%)
S3       16         8967594568 idle-cycles-backend       #    0.00% backend  cycles idle     (27.93%)
S3       16         1053461249 L1-dcache-loads                                               (28.04%)
S3       16           92259685 L1-dcache-load-misses                                         (18.31%)
S3       16          674143806 L1-dcache-stores                                              (17.89%)
S3       16           14361294 L1-dcache-store-misses                                        (17.42%)
S3       16           50413990 L1-dcache-prefetch-misses                                     (17.49%)
S3       16          107290932 L1-icache-load-misses                                         (18.00%)
S3       16           77699590 LLC-loads                                                     (17.81%)
S3       16            9368573 LLC-stores                                                    (17.71%)
S3       16           38817083 LLC-prefetches                                                (7.95%)
S3       16         1555502015 dTLB-loads                                                    (12.92%)
S3       16           29163738 dTLB-load-misses                                              (17.45%)
S3       16          873983477 dTLB-stores                                                   (17.67%)
S3       16            3396757 dTLB-store-misses                                             (17.74%)
S3       16            1222961 iTLB-loads                                                    (16.51%)
S3       16            2134838 iTLB-load-misses                                              (15.81%)
S3       16          890436387 branch-loads                                                  (15.23%)
S3       16           34225606 branch-load-misses                                            (15.20%)

      68.788129793 seconds time elapsed

#################################################################
# Test multi-threading - 32 threads - T4 
#################################################################
2595736.GEM-Localalloc.penguin.t32
2016/9/30 18:33:11 -- [Opening input file '/tmp/data/datasets/gcat_set_039_1.fastq']
2016/9/30 18:33:11 -- [Outputting to '/scratch/077-hpca4se-bioinf/jlenis/results/GEM-Localalloc/2595736.GEM-Localalloc.penguin.t32.sam']
2016/9/30 18:33:11 -- [Loading GEM index '/tmp/data/indexes/HG_index_GEM/index.gem']
2016/9/30 18:37:14 -- [SE::Mapping Sequences]
2016/9/30 18:38:54 -- # 100000 sequences processed
2016/9/30 18:38:54 -- # 200000 sequences processed
2016/9/30 18:38:55 -- # 300000 sequences processed
2016/9/30 18:38:55 -- # 400000 sequences processed
2016/9/30 18:38:55 -- # 500000 sequences processed
2016/9/30 18:38:55 -- # 600000 sequences processed
2016/9/30 18:38:55 -- # 700000 sequences processed
2016/9/30 18:38:55 -- # 800000 sequences processed
2016/9/30 18:38:55 -- # 900000 sequences processed
2016/9/30 18:38:55 -- # 1000000 sequences processed
2016/9/30 18:38:55 -- # 1100000 sequences processed
2016/9/30 18:38:55 -- # 1200000 sequences processed
2016/9/30 18:38:55 -- # 1300000 sequences processed
2016/9/30 18:38:55 -- # 1400000 sequences processed
2016/9/30 18:38:55 -- # 1500000 sequences processed
2016/9/30 18:38:55 -- # 1600000 sequences processed
2016/9/30 18:38:56 -- # 1700000 sequences processed
2016/9/30 18:38:56 -- # 1800000 sequences processed
2016/9/30 18:38:56 -- # 1900000 sequences processed
2016/9/30 18:38:56 -- # 2000000 sequences processed
2016/9/30 18:38:56 -- # 2100000 sequences processed
2016/9/30 18:38:56 -- # 2200000 sequences processed
2016/9/30 18:38:56 -- # 2300000 sequences processed
2016/9/30 18:38:56 -- # 2400000 sequences processed
2016/9/30 18:38:56 -- # 2500000 sequences processed
2016/9/30 18:38:56 -- # 2600000 sequences processed
2016/9/30 18:38:56 -- # 2700000 sequences processed
2016/9/30 18:38:56 -- # 2800000 sequences processed
2016/9/30 18:38:57 -- # 2900000 sequences processed
2016/9/30 18:38:57 -- # 3000000 sequences processed
2016/9/30 18:38:57 -- # 3100000 sequences processed
2016/9/30 18:38:58 -- # 3200000 sequences processed
2016/9/30 18:39:03 -- # 3300000 sequences processed
2016/9/30 18:39:03 -- # 3400000 sequences processed
2016/9/30 18:39:04 -- # 3500000 sequences processed
2016/9/30 18:39:04 -- # 3600000 sequences processed
2016/9/30 18:39:04 -- # 3700000 sequences processed
2016/9/30 18:39:04 -- # 3800000 sequences processed
2016/9/30 18:39:04 -- # 3900000 sequences processed
2016/9/30 18:39:04 -- # 4000000 sequences processed
2016/9/30 18:39:04 -- # 4100000 sequences processed
2016/9/30 18:39:04 -- # 4200000 sequences processed
2016/9/30 18:39:04 -- # 4300000 sequences processed
2016/9/30 18:39:04 -- # 4400000 sequences processed
2016/9/30 18:39:04 -- # 4500000 sequences processed
2016/9/30 18:39:04 -- # 4600000 sequences processed
2016/9/30 18:39:04 -- # 4700000 sequences processed
2016/9/30 18:39:05 -- # 4800000 sequences processed
2016/9/30 18:39:06 -- # 4900000 sequences processed
2016/9/30 18:39:06 -- # 5000000 sequences processed
2016/9/30 18:39:06 -- # 5100000 sequences processed
2016/9/30 18:39:06 -- # 5200000 sequences processed
2016/9/30 18:39:06 -- # 5300000 sequences processed
2016/9/30 18:39:06 -- # 5400000 sequences processed
2016/9/30 18:39:06 -- # 5500000 sequences processed
2016/9/30 18:39:07 -- # 5600000 sequences processed
2016/9/30 18:39:07 -- # 5700000 sequences processed
2016/9/30 18:39:07 -- # 5800000 sequences processed
2016/9/30 18:39:07 -- # 5900000 sequences processed
2016/9/30 18:39:07 -- # 6000000 sequences processed
2016/9/30 18:39:07 -- # 6100000 sequences processed
2016/9/30 18:39:08 -- # 6200000 sequences processed
2016/9/30 18:39:08 -- # 6300000 sequences processed
2016/9/30 18:39:11 -- # 6400000 sequences processed
2016/9/30 18:39:13 -- # 6500000 sequences processed
2016/9/30 18:39:13 -- # 6600000 sequences processed
2016/9/30 18:39:13 -- # 6700000 sequences processed
2016/9/30 18:39:13 -- # 6800000 sequences processed
2016/9/30 18:39:13 -- # 6900000 sequences processed
2016/9/30 18:39:13 -- # 7000000 sequences processed
2016/9/30 18:39:13 -- # 7100000 sequences processed
2016/9/30 18:39:13 -- # 7200000 sequences processed
2016/9/30 18:39:13 -- # 7300000 sequences processed
2016/9/30 18:39:13 -- # 7400000 sequences processed
2016/9/30 18:39:13 -- # 7500000 sequences processed
2016/9/30 18:39:14 -- # 7600000 sequences processed
2016/9/30 18:39:14 -- # 7700000 sequences processed
2016/9/30 18:39:14 -- # 7800000 sequences processed
2016/9/30 18:39:14 -- # 7900000 sequences processed
2016/9/30 18:39:14 -- # 8000000 sequences processed
2016/9/30 18:39:17 -- # 8100000 sequences processed
2016/9/30 18:39:17 -- # 8200000 sequences processed
2016/9/30 18:39:17 -- # 8300000 sequences processed
2016/9/30 18:39:17 -- # 8400000 sequences processed
2016/9/30 18:39:17 -- # 8500000 sequences processed
2016/9/30 18:39:17 -- # 8600000 sequences processed
2016/9/30 18:39:17 -- # 8700000 sequences processed
2016/9/30 18:39:17 -- # 8800000 sequences processed
2016/9/30 18:39:17 -- # 8900000 sequences processed
2016/9/30 18:39:17 -- # 9000000 sequences processed
2016/9/30 18:39:18 -- # 9100000 sequences processed
2016/9/30 18:39:18 -- # 9200000 sequences processed
2016/9/30 18:39:18 -- # 9300000 sequences processed
2016/9/30 18:39:19 -- # 9400000 sequences processed
2016/9/30 18:39:19 -- # 9500000 sequences processed
2016/9/30 18:39:22 -- # 9600000 sequences processed
2016/9/30 18:39:22 -- # 9700000 sequences processed
2016/9/30 18:39:22 -- # 9800000 sequences processed
2016/9/30 18:39:22 -- # 9900000 sequences processed
2016/9/30 18:39:22 -- # 10000000 sequences processed
2016/9/30 18:39:22 -- # 10100000 sequences processed
2016/9/30 18:39:22 -- # 10200000 sequences processed
2016/9/30 18:39:22 -- # 10300000 sequences processed
2016/9/30 18:39:22 -- # 10400000 sequences processed
2016/9/30 18:39:22 -- # 10500000 sequences processed
2016/9/30 18:39:22 -- # 10600000 sequences processed
2016/9/30 18:39:22 -- # 10700000 sequences processed
2016/9/30 18:39:22 -- # 10800000 sequences processed
2016/9/30 18:39:22 -- # 10900000 sequences processed
2016/9/30 18:39:22 -- # 11000000 sequences processed
2016/9/30 18:39:22 -- # 11100000 sequences processed
2016/9/30 18:39:23 -- # 11200000 sequences processed
2016/9/30 18:39:23 -- # 11300000 sequences processed
2016/9/30 18:39:23 -- # 11400000 sequences processed
2016/9/30 18:39:23 -- # 11500000 sequences processed
2016/9/30 18:39:23 -- # 11600000 sequences processed
2016/9/30 18:39:23 -- # 11700000 sequences processed
2016/9/30 18:39:23 -- # 11800000 sequences processed
2016/9/30 18:39:23 -- # 11900000 sequences processed
2016/9/30 18:39:23 -- Total 11945249 sequences processed... done
2016/9/30 18:39:23 -- [GEMMapper terminated successfully in 129s. (+242s. loading)]


 Performance counter stats for 'numactl --localalloc --physcpubind=0,4,8,12,16,20,24,28,32,36,40,44,48,52,56,60,1,5,9,13,17,21,25,29,33,37,41,45,49,53,57,61 bin/gem-mapper -t 32 -I /tmp/data/indexes/HG_index_GEM/index.gem -i /tmp/data/datasets/gcat_set_039_1.fastq -o /scratch/077-hpca4se-bioinf/jlenis/results/GEM-Localalloc/2595736.GEM-Localalloc.penguin.t32.sam':

S0       16         2241615926 cache-misses                                                  (16.71%)
S0       16      1408005214130 cycles                    #    0.000 GHz                      (20.93%)
S0       16      1279694304987 instructions              #   22.48  insns per cycle        
                                             #    0.04  stalled cycles per insn  (25.44%)
S0       16              48324 cs                                                            (100.00%)
S0       16               1054 migrations                                                    (100.00%)
S0       16              71032 faults                                                      
S0       16        61576570138 bus-cycles                                                    (25.37%)
S0       16      1015548070533 idle-cycles-frontend      #  1784.27% frontend cycles idle     (25.58%)
S0       16       641591797653 idle-cycles-backend       #  1127.24% backend  cycles idle     (26.18%)
S0       16       332349617302 L1-dcache-loads                                               (26.36%)
S0       16         7686413268 L1-dcache-load-misses     #   51.69% of all L1-dcache hits    (17.80%)
S0       16       128039078773 L1-dcache-stores                                              (17.88%)
S0       16         3464571978 L1-dcache-store-misses                                        (17.83%)
S0       16         2745410480 L1-dcache-prefetch-misses                                     (18.11%)
S0       16         3659848705 L1-icache-load-misses                                         (17.70%)
S0       16         2877933523 LLC-loads                                                     (17.74%)
S0       16          591644631 LLC-stores                                                    (17.77%)
S0       16         1215598291 LLC-prefetches                                                (9.26%)
S0       16       329573939329 dTLB-loads                                                    (13.57%)
S0       16         1105343942 dTLB-load-misses          #    7.52% of all dTLB cache hits   (17.37%)
S0       16       132995664512 dTLB-stores                                                   (17.25%)
S0       16           74513102 dTLB-store-misses                                             (16.99%)
S0       16          477352989 iTLB-loads                                                    (16.96%)
S0       16           92919257 iTLB-load-misses          #  550.83% of all iTLB cache hits   (17.27%)
S0       16       116000548672 branch-loads                                                  (17.04%)
S0       16         2029535031 branch-load-misses                                            (16.65%)
S1       16         3131451530 cache-misses                                                  (17.26%)
S1       16      2190354512677 cycles                    #    0.000 GHz                      (21.66%)
S1       16      2381551264212 instructions              #    0.00  insns per cycle          (26.12%)
S1       16              39729 cs                                                            (100.00%)
S1       16                881 migrations                                                    (100.00%)
S1       16              66773 faults                                                      
S1       16        93140588303 bus-cycles                                                    (25.47%)
S1       16      2189408630695 idle-cycles-frontend      #    0.00% frontend cycles idle     (25.57%)
S1       16      1612108982201 idle-cycles-backend       #    0.00% backend  cycles idle     (25.87%)
S1       16       612080882582 L1-dcache-loads                                               (25.88%)
S1       16        17907216845 L1-dcache-load-misses                                         (17.37%)
S1       16       316168018116 L1-dcache-stores                                              (17.76%)
S1       16         5932192650 L1-dcache-store-misses                                        (17.36%)
S1       16         7559884284 L1-dcache-prefetch-misses                                     (17.74%)
S1       16         3839155339 L1-icache-load-misses                                         (17.46%)
S1       16         8403190423 LLC-loads                                                     (18.09%)
S1       16         1151014172 LLC-stores                                                    (17.39%)
S1       16         2481051980 LLC-prefetches                                                (9.39%)
S1       16       605075128560 dTLB-loads                                                    (13.45%)
S1       16         4226506557 dTLB-load-misses                                              (17.53%)
S1       16       293871178616 dTLB-stores                                                   (17.51%)
S1       16          171524141 dTLB-store-misses                                             (17.47%)
S1       16          598777360 iTLB-loads                                                    (17.36%)
S1       16           95686022 iTLB-load-misses                                              (17.35%)
S1       16       292024287998 branch-loads                                                  (17.20%)
S1       16         2691205208 branch-load-misses                                            (17.20%)
S2       16           23942616 cache-misses                                                  (17.23%)
S2       16        14531080978 cycles                    #    0.000 GHz                      (21.95%)
S2       16         5240801721 instructions              #    0.00  insns per cycle          (26.63%)
S2       16              43297 cs                                                            (100.00%)
S2       16                641 migrations                                                    (100.00%)
S2       16              23301 faults                                                      
S2       16         1206385981 bus-cycles                                                    (25.55%)
S2       16        21328112739 idle-cycles-frontend      #    0.00% frontend cycles idle     (25.85%)
S2       16        18994114809 idle-cycles-backend       #    0.00% backend  cycles idle     (26.17%)
S2       16         1628344396 L1-dcache-loads                                               (25.94%)
S2       16          107978065 L1-dcache-load-misses                                         (17.67%)
S2       16         1043042400 L1-dcache-stores                                              (18.42%)
S2       16           13925711 L1-dcache-store-misses                                        (17.42%)
S2       16           59392109 L1-dcache-prefetch-misses                                     (18.13%)
S2       16           82142673 L1-icache-load-misses                                         (17.37%)
S2       16           79073772 LLC-loads                                                     (17.97%)
S2       16            8813447 LLC-stores                                                    (17.19%)
S2       16           13219470 LLC-prefetches                                                (9.79%)
S2       16         2022031306 dTLB-loads                                                    (13.36%)
S2       16           27037739 dTLB-load-misses                                              (16.90%)
S2       16         1028480492 dTLB-stores                                                   (17.09%)
S2       16            2932053 dTLB-store-misses                                             (17.45%)
S2       16             747758 iTLB-loads                                                    (16.96%)
S2       16            1663839 iTLB-load-misses                                              (17.05%)
S2       16          989801688 branch-loads                                                  (17.98%)
S2       16           25988811 branch-load-misses                                            (17.38%)
S3       16           38649686 cache-misses                                                  (17.45%)
S3       16        29785145071 cycles                    #    0.000 GHz                      (21.75%)
S3       16        18234872318 instructions              #    0.00  insns per cycle          (26.33%)
S3       16              60590 cs                                                            (100.00%)
S3       16               1305 migrations                                                    (100.00%)
S3       16              31892 faults                                                      
S3       16         2371142406 bus-cycles                                                    (25.91%)
S3       16        42866989955 idle-cycles-frontend      #    0.00% frontend cycles idle     (25.66%)
S3       16        37217065107 idle-cycles-backend       #    0.00% backend  cycles idle     (25.78%)
S3       16         5676826337 L1-dcache-loads                                               (25.14%)
S3       16          443930591 L1-dcache-load-misses                                         (17.15%)
S3       16         2913990380 L1-dcache-stores                                              (17.33%)
S3       16           62161142 L1-dcache-store-misses                                        (17.35%)
S3       16          140324572 L1-dcache-prefetch-misses                                     (17.41%)
S3       16          305296216 L1-icache-load-misses                                         (17.30%)
S3       16          190736350 LLC-loads                                                     (17.28%)
S3       16           20202749 LLC-stores                                                    (17.18%)
S3       16           53321308 LLC-prefetches                                                (8.61%)
S3       16         3936207163 dTLB-loads                                                    (13.22%)
S3       16           51797640 dTLB-load-misses                                              (17.52%)
S3       16         2425402070 dTLB-stores                                                   (17.65%)
S3       16            6486548 dTLB-store-misses                                             (17.56%)
S3       16            2728896 iTLB-loads                                                    (17.62%)
S3       16            4863220 iTLB-load-misses                                              (17.94%)
S3       16         3052247469 branch-loads                                                  (18.28%)
S3       16           88421156 branch-load-misses                                            (17.75%)

     371.694864454 seconds time elapsed

#################################################################
# Test multi-threading - 48 threads - T5
#################################################################
2595736.GEM-Localalloc.penguin.t48
2016/9/30 18:39:24 -- [Opening input file '/tmp/data/datasets/gcat_set_039_1.fastq']
2016/9/30 18:39:24 -- [Outputting to '/scratch/077-hpca4se-bioinf/jlenis/results/GEM-Localalloc/2595736.GEM-Localalloc.penguin.t48.sam']
2016/9/30 18:39:24 -- [Loading GEM index '/tmp/data/indexes/HG_index_GEM/index.gem']
2016/9/30 18:40:07 -- [SE::Mapping Sequences]
2016/9/30 18:40:55 -- # 100000 sequences processed
2016/9/30 18:40:55 -- # 200000 sequences processed
2016/9/30 18:40:55 -- # 300000 sequences processed
2016/9/30 18:40:56 -- # 400000 sequences processed
2016/9/30 18:40:56 -- # 500000 sequences processed
2016/9/30 18:40:56 -- # 600000 sequences processed
2016/9/30 18:40:56 -- # 700000 sequences processed
2016/9/30 18:40:56 -- # 800000 sequences processed
2016/9/30 18:40:56 -- # 900000 sequences processed
2016/9/30 18:40:56 -- # 1000000 sequences processed
2016/9/30 18:40:56 -- # 1100000 sequences processed
2016/9/30 18:40:56 -- # 1200000 sequences processed
2016/9/30 18:40:56 -- # 1300000 sequences processed
2016/9/30 18:40:56 -- # 1400000 sequences processed
2016/9/30 18:40:56 -- # 1500000 sequences processed
2016/9/30 18:40:57 -- # 1600000 sequences processed
2016/9/30 18:40:58 -- # 1700000 sequences processed
2016/9/30 18:40:58 -- # 1800000 sequences processed
2016/9/30 18:40:58 -- # 1900000 sequences processed
2016/9/30 18:40:58 -- # 2000000 sequences processed
2016/9/30 18:40:58 -- # 2100000 sequences processed
2016/9/30 18:40:58 -- # 2200000 sequences processed
2016/9/30 18:40:58 -- # 2300000 sequences processed
2016/9/30 18:40:58 -- # 2400000 sequences processed
2016/9/30 18:40:58 -- # 2500000 sequences processed
2016/9/30 18:40:58 -- # 2600000 sequences processed
2016/9/30 18:40:58 -- # 2700000 sequences processed
2016/9/30 18:40:58 -- # 2800000 sequences processed
2016/9/30 18:40:58 -- # 2900000 sequences processed
2016/9/30 18:40:58 -- # 3000000 sequences processed
2016/9/30 18:40:58 -- # 3100000 sequences processed
2016/9/30 18:40:58 -- # 3200000 sequences processed
2016/9/30 18:40:58 -- # 3300000 sequences processed
2016/9/30 18:40:58 -- # 3400000 sequences processed
2016/9/30 18:40:58 -- # 3500000 sequences processed
2016/9/30 18:40:58 -- # 3600000 sequences processed
2016/9/30 18:40:58 -- # 3700000 sequences processed
2016/9/30 18:40:58 -- # 3800000 sequences processed
2016/9/30 18:40:58 -- # 3900000 sequences processed
2016/9/30 18:40:58 -- # 4000000 sequences processed
2016/9/30 18:40:58 -- # 4100000 sequences processed
2016/9/30 18:40:59 -- # 4200000 sequences processed
2016/9/30 18:40:59 -- # 4300000 sequences processed
2016/9/30 18:40:59 -- # 4400000 sequences processed
2016/9/30 18:40:59 -- # 4500000 sequences processed
2016/9/30 18:40:59 -- # 4600000 sequences processed
2016/9/30 18:41:01 -- # 4700000 sequences processed
2016/9/30 18:41:04 -- # 4800000 sequences processed
2016/9/30 18:41:04 -- # 4900000 sequences processed
2016/9/30 18:41:04 -- # 5000000 sequences processed
2016/9/30 18:41:05 -- # 5100000 sequences processed
2016/9/30 18:41:05 -- # 5200000 sequences processed
2016/9/30 18:41:05 -- # 5300000 sequences processed
2016/9/30 18:41:05 -- # 5400000 sequences processed
2016/9/30 18:41:05 -- # 5500000 sequences processed
2016/9/30 18:41:05 -- # 5600000 sequences processed
2016/9/30 18:41:05 -- # 5700000 sequences processed
2016/9/30 18:41:05 -- # 5800000 sequences processed
2016/9/30 18:41:05 -- # 5900000 sequences processed
2016/9/30 18:41:05 -- # 6000000 sequences processed
2016/9/30 18:41:05 -- # 6100000 sequences processed
2016/9/30 18:41:06 -- # 6200000 sequences processed
2016/9/30 18:41:06 -- # 6300000 sequences processed
2016/9/30 18:41:06 -- # 6400000 sequences processed
2016/9/30 18:41:09 -- # 6500000 sequences processed
2016/9/30 18:41:09 -- # 6600000 sequences processed
2016/9/30 18:41:09 -- # 6700000 sequences processed
2016/9/30 18:41:09 -- # 6800000 sequences processed
2016/9/30 18:41:09 -- # 6900000 sequences processed
2016/9/30 18:41:09 -- # 7000000 sequences processed
2016/9/30 18:41:09 -- # 7100000 sequences processed
2016/9/30 18:41:09 -- # 7200000 sequences processed
2016/9/30 18:41:09 -- # 7300000 sequences processed
2016/9/30 18:41:09 -- # 7400000 sequences processed
2016/9/30 18:41:09 -- # 7500000 sequences processed
2016/9/30 18:41:09 -- # 7600000 sequences processed
2016/9/30 18:41:09 -- # 7700000 sequences processed
2016/9/30 18:41:09 -- # 7800000 sequences processed
2016/9/30 18:41:09 -- # 7900000 sequences processed
2016/9/30 18:41:09 -- # 8000000 sequences processed
2016/9/30 18:41:09 -- # 8100000 sequences processed
2016/9/30 18:41:09 -- # 8200000 sequences processed
2016/9/30 18:41:09 -- # 8300000 sequences processed
2016/9/30 18:41:09 -- # 8400000 sequences processed
2016/9/30 18:41:09 -- # 8500000 sequences processed
2016/9/30 18:41:09 -- # 8600000 sequences processed
2016/9/30 18:41:09 -- # 8700000 sequences processed
2016/9/30 18:41:09 -- # 8800000 sequences processed
2016/9/30 18:41:10 -- # 8900000 sequences processed
2016/9/30 18:41:10 -- # 9000000 sequences processed
2016/9/30 18:41:10 -- # 9100000 sequences processed
2016/9/30 18:41:10 -- # 9200000 sequences processed
2016/9/30 18:41:12 -- # 9300000 sequences processed
2016/9/30 18:41:12 -- # 9400000 sequences processed
2016/9/30 18:41:13 -- # 9500000 sequences processed
2016/9/30 18:41:13 -- # 9600000 sequences processed
2016/9/30 18:41:13 -- # 9700000 sequences processed
2016/9/30 18:41:13 -- # 9800000 sequences processed
2016/9/30 18:41:13 -- # 9900000 sequences processed
2016/9/30 18:41:13 -- # 10000000 sequences processed
2016/9/30 18:41:13 -- # 10100000 sequences processed
2016/9/30 18:41:13 -- # 10200000 sequences processed
2016/9/30 18:41:13 -- # 10300000 sequences processed
2016/9/30 18:41:13 -- # 10400000 sequences processed
2016/9/30 18:41:13 -- # 10500000 sequences processed
2016/9/30 18:41:13 -- # 10600000 sequences processed
2016/9/30 18:41:13 -- # 10700000 sequences processed
2016/9/30 18:41:13 -- # 10800000 sequences processed
2016/9/30 18:41:13 -- # 10900000 sequences processed
2016/9/30 18:41:13 -- # 11000000 sequences processed
2016/9/30 18:41:13 -- # 11100000 sequences processed
2016/9/30 18:41:13 -- # 11200000 sequences processed
2016/9/30 18:41:14 -- # 11300000 sequences processed
2016/9/30 18:41:14 -- # 11400000 sequences processed
2016/9/30 18:41:14 -- # 11500000 sequences processed
2016/9/30 18:41:14 -- # 11600000 sequences processed
2016/9/30 18:41:14 -- # 11700000 sequences processed
2016/9/30 18:41:14 -- # 11800000 sequences processed
2016/9/30 18:41:14 -- # 11900000 sequences processed
2016/9/30 18:41:14 -- Total 11945249 sequences processed... done
2016/9/30 18:41:14 -- [GEMMapper terminated successfully in 67s. (+43s. loading)]


 Performance counter stats for 'numactl --localalloc --physcpubind=0,4,8,12,16,20,24,28,32,36,40,44,48,52,56,60,1,5,9,13,17,21,25,29,33,37,41,45,49,53,57,61,2,6,10,14,18,22,26,30,34,38,42,46,50,54,58,62 bin/gem-mapper -t 48 -I /tmp/data/indexes/HG_index_GEM/index.gem -i /tmp/data/datasets/gcat_set_039_1.fastq -o /scratch/077-hpca4se-bioinf/jlenis/results/GEM-Localalloc/2595736.GEM-Localalloc.penguin.t48.sam':

S0       16         1581967346 cache-misses                                                  (16.35%)
S0       16      1030104257292 cycles                    #    0.000 GHz                      (20.32%)
S0       16       861287321289 instructions              #   17.00  insns per cycle        
                                             #    0.04  stalled cycles per insn  (24.89%)
S0       16              32650 cs                                                            (100.00%)
S0       16                398 migrations                                                    (100.00%)
S0       16              55349 faults                                                      
S0       16        44386756888 bus-cycles                                                    (24.92%)
S0       16       752928803811 idle-cycles-frontend      #  1486.55% frontend cycles idle     (25.47%)
S0       16       503148244098 idle-cycles-backend       #  993.39% backend  cycles idle     (26.31%)
S0       16       217727823949 L1-dcache-loads                                               (26.51%)
S0       16         5407516602 L1-dcache-load-misses     #   43.63% of all L1-dcache hits    (17.40%)
S0       16        88983287500 L1-dcache-stores                                              (17.29%)
S0       16         2467928510 L1-dcache-store-misses                                        (17.27%)
S0       16         1850859695 L1-dcache-prefetch-misses                                     (17.74%)
S0       16         2613099224 L1-icache-load-misses                                         (17.91%)
S0       16         1885362488 LLC-loads                                                     (18.25%)
S0       16          441747957 LLC-stores                                                    (18.30%)
S0       16          815925230 LLC-prefetches                                                (8.87%)
S0       16       213326202124 dTLB-loads                                                    (13.45%)
S0       16          788642728 dTLB-load-misses          #    6.80% of all dTLB cache hits   (17.79%)
S0       16        85495132127 dTLB-stores                                                   (17.60%)
S0       16          111843406 dTLB-store-misses                                             (17.54%)
S0       16          320152242 iTLB-loads                                                    (17.41%)
S0       16           26778470 iTLB-load-misses          #  196.94% of all iTLB cache hits   (17.25%)
S0       16        78193094999 branch-loads                                                  (16.83%)
S0       16         1430996635 branch-load-misses                                            (15.99%)
S1       16         1982587436 cache-misses                                                  (16.71%)
S1       16      1163261935556 cycles                    #    0.000 GHz                      (21.55%)
S1       16      1214554856658 instructions              #    0.00  insns per cycle          (26.27%)
S1       16              23005 cs                                                            (100.00%)
S1       16                294 migrations                                                    (100.00%)
S1       16              50131 faults                                                      
S1       16        50285796213 bus-cycles                                                    (26.11%)
S1       16       929849018555 idle-cycles-frontend      #    0.00% frontend cycles idle     (25.88%)
S1       16       600725555924 idle-cycles-backend       #    0.00% backend  cycles idle     (25.92%)
S1       16       335227865595 L1-dcache-loads                                               (25.62%)
S1       16         8486352664 L1-dcache-load-misses                                         (17.31%)
S1       16       148360215236 L1-dcache-stores                                              (17.37%)
S1       16         3773227217 L1-dcache-store-misses                                        (17.09%)
S1       16         3168491811 L1-dcache-prefetch-misses                                     (17.07%)
S1       16         2613665999 L1-icache-load-misses                                         (17.63%)
S1       16         2977990825 LLC-loads                                                     (17.81%)
S1       16          840540646 LLC-stores                                                    (18.40%)
S1       16         1069004608 LLC-prefetches                                                (9.57%)
S1       16       306382928889 dTLB-loads                                                    (14.35%)
S1       16         1414039737 dTLB-load-misses                                              (18.50%)
S1       16       141654471176 dTLB-stores                                                   (17.33%)
S1       16           96907176 dTLB-store-misses                                             (16.86%)
S1       16          322313307 iTLB-loads                                                    (16.63%)
S1       16          134589841 iTLB-load-misses                                              (17.61%)
S1       16       125807100360 branch-loads                                                  (17.32%)
S1       16         1876988200 branch-load-misses                                            (16.48%)
S2       16         1622140829 cache-misses                                                  (15.69%)
S2       16      1034875262853 cycles                    #    0.000 GHz                      (20.26%)
S2       16       869174542770 instructions              #    0.00  insns per cycle          (25.00%)
S2       16              31020 cs                                                            (100.00%)
S2       16                235 migrations                                                    (100.00%)
S2       16              61185 faults                                                      
S2       16        43298542374 bus-cycles                                                    (25.15%)
S2       16       763458517656 idle-cycles-frontend      #    0.00% frontend cycles idle     (24.15%)
S2       16       496460552062 idle-cycles-backend       #    0.00% backend  cycles idle     (25.32%)
S2       16       237843056806 L1-dcache-loads                                               (24.53%)
S2       16         5967818295 L1-dcache-load-misses                                         (15.95%)
S2       16        90963942131 L1-dcache-stores                                              (17.65%)
S2       16         2384438896 L1-dcache-store-misses                                        (17.22%)
S2       16         1755243964 L1-dcache-prefetch-misses                                     (19.21%)
S2       16         2120383628 L1-icache-load-misses                                         (18.52%)
S2       16         1762158347 LLC-loads                                                     (18.96%)
S2       16          339314771 LLC-stores                                                    (19.55%)
S2       16          672269013 LLC-prefetches                                                (10.31%)
S2       16       220534729374 dTLB-loads                                                    (14.54%)
S2       16          595622658 dTLB-load-misses                                              (18.44%)
S2       16        86099967430 dTLB-stores                                                   (17.72%)
S2       16           52943106 dTLB-store-misses                                             (17.52%)
S2       16          225059680 iTLB-loads                                                    (17.93%)
S2       16           62062874 iTLB-load-misses                                              (17.68%)
S2       16        82387328501 branch-loads                                                  (16.39%)
S2       16         1617351074 branch-load-misses                                            (15.20%)
S3       16           31963813 cache-misses                                                  (16.45%)
S3       16        13329980836 cycles                    #    0.000 GHz                      (21.09%)
S3       16         7311179627 instructions              #    0.00  insns per cycle          (25.57%)
S3       16              36832 cs                                                            (100.00%)
S3       16                530 migrations                                                    (100.00%)
S3       16              14932 faults                                                      
S3       16         1100439861 bus-cycles                                                    (26.00%)
S3       16        27143206872 idle-cycles-frontend      #    0.00% frontend cycles idle     (27.05%)
S3       16        18607134897 idle-cycles-backend       #    0.00% backend  cycles idle     (27.29%)
S3       16         2375426099 L1-dcache-loads                                               (27.35%)
S3       16          179830909 L1-dcache-load-misses                                         (18.11%)
S3       16         1189789232 L1-dcache-stores                                              (17.86%)
S3       16           29383825 L1-dcache-store-misses                                        (17.81%)
S3       16           69356878 L1-dcache-prefetch-misses                                     (17.47%)
S3       16          133117339 L1-icache-load-misses                                         (17.38%)
S3       16          103103907 LLC-loads                                                     (17.41%)
S3       16           11928405 LLC-stores                                                    (17.48%)
S3       16           54136749 LLC-prefetches                                                (9.14%)
S3       16         2346321398 dTLB-loads                                                    (13.36%)
S3       16           40790792 dTLB-load-misses                                              (17.22%)
S3       16         1227415785 dTLB-stores                                                   (17.02%)
S3       16            5060018 dTLB-store-misses                                             (16.80%)
S3       16            2701123 iTLB-loads                                                    (16.81%)
S3       16            2435102 iTLB-load-misses                                              (16.50%)
S3       16         1393777691 branch-loads                                                  (16.42%)
S3       16           33832080 branch-load-misses                                            (16.22%)

     110.336836588 seconds time elapsed

#################################################################
# Test multi-threading - 64 threads - T6
#################################################################

2016/9/30 18:41:14 -- [Opening input file '/tmp/data/datasets/gcat_set_039_1.fastq']
2016/9/30 18:41:14 -- [Outputting to '/scratch/077-hpca4se-bioinf/jlenis/results/GEM-Localalloc/2595736.GEM-Localalloc.penguin.t64.sam']
2016/9/30 18:41:14 -- [Loading GEM index '/tmp/data/indexes/HG_index_GEM/index.gem']
2016/9/30 18:41:26 -- [SE::Mapping Sequences]
2016/9/30 18:41:38 -- # 100000 sequences processed
2016/9/30 18:41:38 -- # 200000 sequences processed
2016/9/30 18:41:38 -- # 300000 sequences processed
2016/9/30 18:41:39 -- # 400000 sequences processed
2016/9/30 18:41:39 -- # 500000 sequences processed
2016/9/30 18:41:39 -- # 600000 sequences processed
2016/9/30 18:41:39 -- # 700000 sequences processed
2016/9/30 18:41:39 -- # 800000 sequences processed
2016/9/30 18:41:39 -- # 900000 sequences processed
2016/9/30 18:41:39 -- # 1000000 sequences processed
2016/9/30 18:41:39 -- # 1100000 sequences processed
2016/9/30 18:41:39 -- # 1200000 sequences processed
2016/9/30 18:41:39 -- # 1300000 sequences processed
2016/9/30 18:41:39 -- # 1400000 sequences processed
2016/9/30 18:41:40 -- # 1500000 sequences processed
2016/9/30 18:41:40 -- # 1600000 sequences processed
2016/9/30 18:41:40 -- # 1700000 sequences processed
2016/9/30 18:41:40 -- # 1800000 sequences processed
2016/9/30 18:41:40 -- # 1900000 sequences processed
2016/9/30 18:41:41 -- # 2000000 sequences processed
2016/9/30 18:41:41 -- # 2100000 sequences processed
2016/9/30 18:41:41 -- # 2200000 sequences processed
2016/9/30 18:41:41 -- # 2300000 sequences processed
2016/9/30 18:41:41 -- # 2400000 sequences processed
2016/9/30 18:41:41 -- # 2500000 sequences processed
2016/9/30 18:41:41 -- # 2600000 sequences processed
2016/9/30 18:41:41 -- # 2700000 sequences processed
2016/9/30 18:41:41 -- # 2800000 sequences processed
2016/9/30 18:41:41 -- # 2900000 sequences processed
2016/9/30 18:41:41 -- # 3000000 sequences processed
2016/9/30 18:41:41 -- # 3100000 sequences processed
2016/9/30 18:41:41 -- # 3200000 sequences processed
2016/9/30 18:41:41 -- # 3300000 sequences processed
2016/9/30 18:41:41 -- # 3400000 sequences processed
2016/9/30 18:41:41 -- # 3500000 sequences processed
2016/9/30 18:41:41 -- # 3600000 sequences processed
2016/9/30 18:41:41 -- # 3700000 sequences processed
2016/9/30 18:41:41 -- # 3800000 sequences processed
2016/9/30 18:41:41 -- # 3900000 sequences processed
2016/9/30 18:41:41 -- # 4000000 sequences processed
2016/9/30 18:41:41 -- # 4100000 sequences processed
2016/9/30 18:41:41 -- # 4200000 sequences processed
2016/9/30 18:41:41 -- # 4300000 sequences processed
2016/9/30 18:41:41 -- # 4400000 sequences processed
2016/9/30 18:41:41 -- # 4500000 sequences processed
2016/9/30 18:41:41 -- # 4600000 sequences processed
2016/9/30 18:41:41 -- # 4700000 sequences processed
2016/9/30 18:41:41 -- # 4800000 sequences processed
2016/9/30 18:41:41 -- # 4900000 sequences processed
2016/9/30 18:41:41 -- # 5000000 sequences processed
2016/9/30 18:41:41 -- # 5100000 sequences processed
2016/9/30 18:41:41 -- # 5200000 sequences processed
2016/9/30 18:41:41 -- # 5300000 sequences processed
2016/9/30 18:41:42 -- # 5400000 sequences processed
2016/9/30 18:41:42 -- # 5500000 sequences processed
2016/9/30 18:41:42 -- # 5600000 sequences processed
2016/9/30 18:41:42 -- # 5700000 sequences processed
2016/9/30 18:41:42 -- # 5800000 sequences processed
2016/9/30 18:41:42 -- # 5900000 sequences processed
2016/9/30 18:41:42 -- # 6000000 sequences processed
2016/9/30 18:41:42 -- # 6100000 sequences processed
2016/9/30 18:41:42 -- # 6200000 sequences processed
2016/9/30 18:41:42 -- # 6300000 sequences processed
2016/9/30 18:41:48 -- # 6400000 sequences processed
2016/9/30 18:41:48 -- # 6500000 sequences processed
2016/9/30 18:41:48 -- # 6600000 sequences processed
2016/9/30 18:41:48 -- # 6700000 sequences processed
2016/9/30 18:41:48 -- # 6800000 sequences processed
2016/9/30 18:41:48 -- # 6900000 sequences processed
2016/9/30 18:41:48 -- # 7000000 sequences processed
2016/9/30 18:41:48 -- # 7100000 sequences processed
2016/9/30 18:41:48 -- # 7200000 sequences processed
2016/9/30 18:41:48 -- # 7300000 sequences processed
2016/9/30 18:41:48 -- # 7400000 sequences processed
2016/9/30 18:41:49 -- # 7500000 sequences processed
2016/9/30 18:41:49 -- # 7600000 sequences processed
2016/9/30 18:41:49 -- # 7700000 sequences processed
2016/9/30 18:41:49 -- # 7800000 sequences processed
2016/9/30 18:41:50 -- # 7900000 sequences processed
2016/9/30 18:41:50 -- # 8000000 sequences processed
2016/9/30 18:41:50 -- # 8100000 sequences processed
2016/9/30 18:41:50 -- # 8200000 sequences processed
2016/9/30 18:41:50 -- # 8300000 sequences processed
2016/9/30 18:41:50 -- # 8400000 sequences processed
2016/9/30 18:41:50 -- # 8500000 sequences processed
2016/9/30 18:41:50 -- # 8600000 sequences processed
2016/9/30 18:41:50 -- # 8700000 sequences processed
2016/9/30 18:41:50 -- # 8800000 sequences processed
2016/9/30 18:41:50 -- # 8900000 sequences processed
2016/9/30 18:41:50 -- # 9000000 sequences processed
2016/9/30 18:41:50 -- # 9100000 sequences processed
2016/9/30 18:41:50 -- # 9200000 sequences processed
2016/9/30 18:41:50 -- # 9300000 sequences processed
2016/9/30 18:41:50 -- # 9400000 sequences processed
2016/9/30 18:41:50 -- # 9500000 sequences processed
2016/9/30 18:41:51 -- # 9600000 sequences processed
2016/9/30 18:41:51 -- # 9700000 sequences processed
2016/9/30 18:41:51 -- # 9800000 sequences processed
2016/9/30 18:41:51 -- # 9900000 sequences processed
2016/9/30 18:41:51 -- # 10000000 sequences processed
2016/9/30 18:41:51 -- # 10100000 sequences processed
2016/9/30 18:41:51 -- # 10200000 sequences processed
2016/9/30 18:41:51 -- # 10300000 sequences processed
2016/9/30 18:41:51 -- # 10400000 sequences processed
2016/9/30 18:41:51 -- # 10500000 sequences processed
2016/9/30 18:41:51 -- # 10600000 sequences processed
2016/9/30 18:41:51 -- # 10700000 sequences processed
2016/9/30 18:41:51 -- # 10800000 sequences processed
2016/9/30 18:41:51 -- # 10900000 sequences processed
2016/9/30 18:41:51 -- # 11000000 sequences processed
2016/9/30 18:41:51 -- # 11100000 sequences processed
2016/9/30 18:41:51 -- # 11200000 sequences processed
2016/9/30 18:41:51 -- # 11300000 sequences processed
2016/9/30 18:41:51 -- # 11400000 sequences processed
2016/9/30 18:41:51 -- # 11500000 sequences processed
2016/9/30 18:41:51 -- # 11600000 sequences processed
2016/9/30 18:41:51 -- # 11700000 sequences processed
2016/9/30 18:41:51 -- # 11800000 sequences processed
2016/9/30 18:41:51 -- # 11900000 sequences processed
2016/9/30 18:41:52 -- Total 11945249 sequences processed... done
2016/9/30 18:41:52 -- [GEMMapper terminated successfully in 26s. (+11s. loading)]


 Performance counter stats for 'numactl --localalloc --physcpubind=0-63 bin/gem-mapper -t 64 -I /tmp/data/indexes/HG_index_GEM/index.gem -i /tmp/data/datasets/gcat_set_039_1.fastq -o /scratch/077-hpca4se-bioinf/jlenis/results/GEM-Localalloc/2595736.GEM-Localalloc.penguin.t64.sam':

S0       16         1338196509 cache-misses                                                  (14.39%)
S0       16       948484055825 cycles                    #    0.000 GHz                      (19.29%)
S0       16       683884661553 instructions              #   12.35  insns per cycle        
                                             #    0.05  stalled cycles per insn  (25.65%)
S0       16              27679 cs                                                            (100.00%)
S0       16                195 migrations                                                    (100.00%)
S0       16              47447 faults                                                      
S0       16        33329075539 bus-cycles                                                    (28.66%)
S0       16       508772564194 idle-cycles-frontend      #  918.47% frontend cycles idle     (31.44%)
S0       16       339040801233 idle-cycles-backend       #  612.06% backend  cycles idle     (34.32%)
S0       16       130502143904 L1-dcache-loads                                               (36.40%)
S0       16         2819784360 L1-dcache-load-misses     #   30.92% of all L1-dcache hits    (25.81%)
S0       16        53161018897 L1-dcache-stores                                              (24.00%)
S0       16         1460542277 L1-dcache-store-misses                                        (23.07%)
S0       16         1411293501 L1-dcache-prefetch-misses                                     (18.68%)
S0       16         2103259023 L1-icache-load-misses                                         (16.93%)
S0       16         1893616600 LLC-loads                                                     (14.41%)
S0       16          383238282 LLC-stores                                                    (13.61%)
S0       16          750558025 LLC-prefetches                                                (7.70%)
S0       16       252098105402 dTLB-loads                                                    (9.92%)
S0       16          695846133 dTLB-load-misses          #    4.68% of all dTLB cache hits   (12.53%)
S0       16        97365502831 dTLB-stores                                                   (13.18%)
S0       16           66403738 dTLB-store-misses                                             (13.79%)
S0       16          195378904 iTLB-loads                                                    (12.88%)
S0       16           67732735 iTLB-load-misses          #  447.87% of all iTLB cache hits   (12.55%)
S0       16        85090585730 branch-loads                                                  (13.12%)
S0       16         1516848420 branch-load-misses                                            (13.24%)
S1       16         1251289258 cache-misses                                                  (14.24%)
S1       16       853202507274 cycles                    #    0.000 GHz                      (19.18%)
S1       16       667487305781 instructions              #    0.00  insns per cycle          (25.16%)
S1       16              12229 cs                                                            (100.00%)
S1       16                 92 migrations                                                    (100.00%)
S1       16              36343 faults                                                      
S1       16        31349224914 bus-cycles                                                    (28.17%)
S1       16       564576608544 idle-cycles-frontend      #    0.00% frontend cycles idle     (29.14%)
S1       16       400402092563 idle-cycles-backend       #    0.00% backend  cycles idle     (31.15%)
S1       16       147421043061 L1-dcache-loads                                               (32.27%)
S1       16         3180988680 L1-dcache-load-misses                                         (24.19%)
S1       16        59683567804 L1-dcache-stores                                              (21.75%)
S1       16         1515707566 L1-dcache-store-misses                                        (21.54%)
S1       16         1342016388 L1-dcache-prefetch-misses                                     (18.45%)
S1       16         1795147176 L1-icache-load-misses                                         (18.21%)
S1       16         1655912599 LLC-loads                                                     (15.19%)
S1       16          306166784 LLC-stores                                                    (15.33%)
S1       16          624499176 LLC-prefetches                                                (8.94%)
S1       16       218979825521 dTLB-loads                                                    (11.47%)
S1       16          527715133 dTLB-load-misses                                              (14.64%)
S1       16        83632867649 dTLB-stores                                                   (14.87%)
S1       16           39077369 dTLB-store-misses                                             (14.95%)
S1       16          196971188 iTLB-loads                                                    (15.01%)
S1       16           74135579 iTLB-load-misses                                              (14.30%)
S1       16        76191451506 branch-loads                                                  (13.80%)
S1       16         1386646382 branch-load-misses                                            (12.86%)
S2       16         1987056817 cache-misses                                                  (13.73%)
S2       16       925981130168 cycles                    #    0.000 GHz                      (19.41%)
S2       16       828409385852 instructions              #    0.00  insns per cycle          (25.48%)
S2       16              27980 cs                                                            (100.00%)
S2       16                754 migrations                                                    (100.00%)
S2       16              41137 faults                                                      
S2       16        32784675370 bus-cycles                                                    (28.97%)
S2       16       529962019250 idle-cycles-frontend      #    0.00% frontend cycles idle     (32.30%)
S2       16       319795410211 idle-cycles-backend       #    0.00% backend  cycles idle     (35.70%)
S2       16       161194727121 L1-dcache-loads                                               (37.25%)
S2       16         4421456529 L1-dcache-load-misses                                         (24.47%)
S2       16        69685942195 L1-dcache-stores                                              (22.45%)
S2       16         2586926443 L1-dcache-store-misses                                        (19.28%)
S2       16         2230558169 L1-dcache-prefetch-misses                                     (16.74%)
S2       16         2485936132 L1-icache-load-misses                                         (14.57%)
S2       16         2716578075 LLC-loads                                                     (13.65%)
S2       16          962833723 LLC-stores                                                    (13.57%)
S2       16         1062645146 LLC-prefetches                                                (7.41%)
S2       16       288337113960 dTLB-loads                                                    (11.20%)
S2       16          737430533 dTLB-load-misses                                              (14.70%)
S2       16       111061723648 dTLB-stores                                                   (14.61%)
S2       16           32734240 dTLB-store-misses                                             (14.55%)
S2       16          354399098 iTLB-loads                                                    (14.61%)
S2       16           60446684 iTLB-load-misses                                              (13.85%)
S2       16        95949614007 branch-loads                                                  (13.67%)
S2       16         1697571092 branch-load-misses                                            (13.15%)
S3       16         1104957075 cache-misses                                                  (16.63%)
S3       16       817527083384 cycles                    #    0.000 GHz                      (20.92%)
S3       16       616720441117 instructions              #    0.00  insns per cycle          (25.41%)
S3       16              38521 cs                                                            (100.00%)
S3       16                450 migrations                                                    (100.00%)
S3       16              58150 faults                                                      
S3       16        32868687683 bus-cycles                                                    (27.74%)
S3       16       546250437361 idle-cycles-frontend      #    0.00% frontend cycles idle     (29.30%)
S3       16       386419096294 idle-cycles-backend       #    0.00% backend  cycles idle     (30.41%)
S3       16       144614052024 L1-dcache-loads                                               (29.95%)
S3       16         3561602992 L1-dcache-load-misses                                         (21.14%)
S3       16        61044485067 L1-dcache-stores                                              (19.16%)
S3       16         1779415527 L1-dcache-store-misses                                        (18.66%)
S3       16         1463773985 L1-dcache-prefetch-misses                                     (18.30%)
S3       16         2307211499 L1-icache-load-misses                                         (17.11%)
S3       16         1745496593 LLC-loads                                                     (16.30%)
S3       16          459841911 LLC-stores                                                    (15.94%)
S3       16          896795341 LLC-prefetches                                                (8.13%)
S3       16       192508799890 dTLB-loads                                                    (11.98%)
S3       16          901493966 dTLB-load-misses                                              (15.25%)
S3       16        78141204196 dTLB-stores                                                   (14.90%)
S3       16           74048948 dTLB-store-misses                                             (15.13%)
S3       16          221140054 iTLB-loads                                                    (15.64%)
S3       16           48468509 iTLB-load-misses                                              (15.43%)
S3       16        64538290000 branch-loads                                                  (15.45%)
S3       16         1038868340 branch-load-misses                                            (16.56%)

      37.596767962 seconds time elapsed

#################################################################
# Test multi-threading - 64 threads - T6
#################################################################
