mkdir: cannot create directory `/scratch/077-hpca4se-bioinf/jlenis/results/MEM-Interleave': File exists
> Benchmarks for BWA 0.7.12: NIST7086_CGTACTAG_L002_R2_001
penguin
#################################################################
# Warm up - 64 threads - T1
#################################################################
WarmUp.2593025.MEM-Interleave.penguin.t64
[M::bwa_idx_load_from_disk] read 0 ALT contigs
[M::process] read 6336634 sequences (640000034 bp)...
[M::mem_process_seqs] Processed 6336634 reads in 4410.684 CPU sec, 89.284 real sec
[M::process] read 6336634 sequences (640000034 bp)...
[M::process] read 6336634 sequences (640000034 bp)...
[M::mem_process_seqs] Processed 6336634 reads in 3095.568 CPU sec, 50.655 real sec
[M::mem_process_seqs] Processed 6336634 reads in 3206.016 CPU sec, 51.584 real sec
[M::process] read 2525160 sequences (255041160 bp)...
[M::mem_process_seqs] Processed 2525160 reads in 1363.220 CPU sec, 21.838 real sec
[main] Version: 0.7.15-r1140
[main] CMD: ./bwa mem -t 64 /tmp/data/indexes/HG_index_BWA_default/hsapiens_v37.fa /tmp/data/datasets/NIST7086_CGTACTAG_L002_R2_001.fastq
[main] Real time: 244.766 sec; CPU: 12119.588 sec
#################################################################
# Test multi-threading - 8 threads - T2
#################################################################
2593025.MEM-Interleave.penguin.t8
[M::bwa_idx_load_from_disk] read 0 ALT contigs
[M::process] read 792080 sequences (80000080 bp)...
[M::process] read 792080 sequences (80000080 bp)...
[M::mem_process_seqs] Processed 792080 reads in 148.438 CPU sec, 20.080 real sec
[M::process] read 792080 sequences (80000080 bp)...
[M::mem_process_seqs] Processed 792080 reads in 160.339 CPU sec, 20.117 real sec
[M::process] read 792080 sequences (80000080 bp)...
[M::mem_process_seqs] Processed 792080 reads in 166.554 CPU sec, 20.899 real sec
[M::process] read 792080 sequences (80000080 bp)...
[M::mem_process_seqs] Processed 792080 reads in 169.101 CPU sec, 21.216 real sec
[M::process] read 792080 sequences (80000080 bp)...
[M::mem_process_seqs] Processed 792080 reads in 171.685 CPU sec, 21.571 real sec
[M::process] read 792080 sequences (80000080 bp)...
[M::mem_process_seqs] Processed 792080 reads in 175.150 CPU sec, 21.939 real sec
[M::process] read 792080 sequences (80000080 bp)...
[M::mem_process_seqs] Processed 792080 reads in 175.102 CPU sec, 22.001 real sec
[M::process] read 792080 sequences (80000080 bp)...
[M::mem_process_seqs] Processed 792080 reads in 169.779 CPU sec, 21.268 real sec
[M::process] read 792080 sequences (80000080 bp)...
[M::mem_process_seqs] Processed 792080 reads in 171.389 CPU sec, 21.546 real sec
[M::process] read 792080 sequences (80000080 bp)...
[M::mem_process_seqs] Processed 792080 reads in 173.229 CPU sec, 21.698 real sec
[M::process] read 792080 sequences (80000080 bp)...
[M::mem_process_seqs] Processed 792080 reads in 174.577 CPU sec, 21.939 real sec
[M::process] read 792080 sequences (80000080 bp)...
[M::mem_process_seqs] Processed 792080 reads in 176.587 CPU sec, 22.120 real sec
[M::process] read 792080 sequences (80000080 bp)...
[M::mem_process_seqs] Processed 792080 reads in 179.920 CPU sec, 22.604 real sec
[M::process] read 792080 sequences (80000080 bp)...
[M::mem_process_seqs] Processed 792080 reads in 170.727 CPU sec, 21.385 real sec
[M::process] read 792080 sequences (80000080 bp)...
[M::mem_process_seqs] Processed 792080 reads in 170.029 CPU sec, 21.368 real sec
[M::process] read 792080 sequences (80000080 bp)...
[M::mem_process_seqs] Processed 792080 reads in 168.384 CPU sec, 21.107 real sec
[M::process] read 792080 sequences (80000080 bp)...
[M::mem_process_seqs] Processed 792080 reads in 171.126 CPU sec, 21.502 real sec
[M::process] read 792080 sequences (80000080 bp)...
[M::mem_process_seqs] Processed 792080 reads in 171.873 CPU sec, 21.532 real sec
[M::process] read 792080 sequences (80000080 bp)...
[M::mem_process_seqs] Processed 792080 reads in 172.607 CPU sec, 21.685 real sec
[M::process] read 792080 sequences (80000080 bp)...
[M::mem_process_seqs] Processed 792080 reads in 176.323 CPU sec, 22.085 real sec
[M::process] read 792080 sequences (80000080 bp)...
[M::mem_process_seqs] Processed 792080 reads in 173.426 CPU sec, 21.794 real sec
[M::process] read 792080 sequences (80000080 bp)...
[M::mem_process_seqs] Processed 792080 reads in 170.095 CPU sec, 21.313 real sec
[M::process] read 792080 sequences (80000080 bp)...
[M::mem_process_seqs] Processed 792080 reads in 169.900 CPU sec, 21.348 real sec
[M::process] read 792080 sequences (80000080 bp)...
[M::mem_process_seqs] Processed 792080 reads in 174.005 CPU sec, 21.795 real sec
[M::process] read 792080 sequences (80000080 bp)...
[M::mem_process_seqs] Processed 792080 reads in 177.179 CPU sec, 22.260 real sec
[M::process] read 792080 sequences (80000080 bp)...
[M::mem_process_seqs] Processed 792080 reads in 174.474 CPU sec, 21.857 real sec
[M::process] read 148902 sequences (15039102 bp)...
[M::mem_process_seqs] Processed 792080 reads in 177.722 CPU sec, 22.302 real sec
[M::mem_process_seqs] Processed 148902 reads in 36.207 CPU sec, 4.573 real sec
[main] Version: 0.7.15-r1140
[main] CMD: ./bwa mem -t 8 /tmp/data/indexes/HG_index_BWA_default/hsapiens_v37.fa /tmp/data/datasets/NIST7086_CGTACTAG_L002_R2_001.fastq
[main] Real time: 592.974 sec; CPU: 4671.963 sec

 Performance counter stats for 'numactl --interleave=0 --physcpubind=0,4,8,12,16,20,24,28 ./bwa mem -t 8 /tmp/data/indexes/HG_index_BWA_default/hsapiens_v37.fa /tmp/data/datasets/NIST7086_CGTACTAG_L002_R2_001.fastq':

S0       16     31,039,877,000 cache-misses                                                  (17.62%)
S0       16  8,659,357,571,270 cycles                    #    0.000 GHz                      (22.09%)
S0       16 11,750,325,042,397 instructions              #   85.49  insns per cycle        
                                             #    0.02  stalled cycles per insn  (26.69%)
S0       16          3,440,661 cs                                                            (100.00%)
S0       16              6,154 migrations                                                    (100.00%)
S0       16            574,853 faults                                                      
S0       16    456,004,086,241 bus-cycles                                                    (26.74%)
S0       16 12,944,237,113,719 idle-cycles-frontend      #  9417.85% frontend cycles idle     (26.69%)
S0       16 11,502,694,954,966 idle-cycles-backend       #  8369.03% backend  cycles idle     (26.69%)
S0       16  2,345,526,689,478 L1-dcache-loads                                               (26.51%)
S0       16     71,006,110,127 L1-dcache-load-misses     #  192.14% of all L1-dcache hits    (17.30%)
S0       16  1,191,721,654,445 L1-dcache-stores                                              (17.37%)
S0       16      6,612,066,677 L1-dcache-store-misses                                        (17.13%)
S0       16     46,436,226,745 L1-dcache-prefetch-misses                                     (17.27%)
S0       16      9,809,023,425 L1-icache-load-misses                                         (17.16%)
S0       16     42,277,400,024 LLC-loads                                                     (16.96%)
S0       16      2,023,853,723 LLC-stores                                                    (17.18%)
S0       16      3,582,551,592 LLC-prefetches                                                (8.77%)
S0       16  2,402,888,429,244 dTLB-loads                                                    (13.05%)
S0       16     25,674,780,807 dTLB-load-misses          #   67.80% of all dTLB cache hits   (17.37%)
S0       16  1,190,768,355,946 dTLB-stores                                                   (17.21%)
S0       16        314,665,778 dTLB-store-misses                                             (17.08%)
S0       16        440,093,526 iTLB-loads                                                    (17.09%)
S0       16        148,376,023 iTLB-load-misses          #  2091.17% of all iTLB cache hits   (17.22%)
S0       16  1,008,028,887,945 branch-loads                                                  (17.41%)
S0       16     55,683,076,065 branch-load-misses                                            (17.53%)
S1       16         80,639,557 cache-misses                                                  (17.42%)
S1       16     41,196,463,046 cycles                    #    0.000 GHz                      (21.85%)
S1       16     20,788,136,368 instructions              #    0.00  insns per cycle          (26.23%)
S1       16             70,012 cs                                                            (100.00%)
S1       16                751 migrations                                                    (100.00%)
S1       16             38,976 faults                                                      
S1       16      3,614,071,915 bus-cycles                                                    (26.14%)
S1       16     64,496,108,292 idle-cycles-frontend      #    0.00% frontend cycles idle     (26.34%)
S1       16     57,159,974,608 idle-cycles-backend       #    0.00% backend  cycles idle     (26.47%)
S1       16      5,720,889,513 L1-dcache-loads                                               (26.38%)
S1       16        447,006,276 L1-dcache-load-misses                                         (17.49%)
S1       16      4,468,432,013 L1-dcache-stores                                              (17.54%)
S1       16         67,539,482 L1-dcache-store-misses                                        (17.33%)
S1       16        174,679,771 L1-dcache-prefetch-misses                                     (17.33%)
S1       16        175,415,546 L1-icache-load-misses                                         (17.59%)
S1       16        382,239,065 LLC-loads                                                     (17.48%)
S1       16         38,175,739 LLC-stores                                                    (17.55%)
S1       16         80,286,209 LLC-prefetches                                                (8.72%)
S1       16      5,767,262,250 dTLB-loads                                                    (13.00%)
S1       16         91,996,154 dTLB-load-misses                                              (17.16%)
S1       16      4,093,871,278 dTLB-stores                                                   (17.10%)
S1       16          9,818,912 dTLB-store-misses                                             (17.13%)
S1       16          6,274,977 iTLB-loads                                                    (17.06%)
S1       16          5,643,631 iTLB-load-misses                                              (17.26%)
S1       16      3,156,624,648 branch-loads                                                  (17.18%)
S1       16         58,230,617 branch-load-misses                                            (17.17%)
S2       16         53,682,192 cache-misses                                                  (17.56%)
S2       16     38,358,427,948 cycles                    #    0.000 GHz                      (22.23%)
S2       16     20,341,098,720 instructions              #    0.00  insns per cycle          (26.81%)
S2       16             58,941 cs                                                            (100.00%)
S2       16              1,492 migrations                                                    (100.00%)
S2       16             39,347 faults                                                      
S2       16      3,028,440,374 bus-cycles                                                    (26.72%)
S2       16     54,700,216,219 idle-cycles-frontend      #    0.00% frontend cycles idle     (26.47%)
S2       16     48,849,113,461 idle-cycles-backend       #    0.00% backend  cycles idle     (26.20%)
S2       16      5,391,191,153 L1-dcache-loads                                               (25.81%)
S2       16        337,644,321 L1-dcache-load-misses                                         (17.12%)
S2       16      3,557,662,922 L1-dcache-stores                                              (17.46%)
S2       16         48,770,577 L1-dcache-store-misses                                        (17.22%)
S2       16         54,868,384 L1-dcache-prefetch-misses                                     (17.85%)
S2       16        220,783,990 L1-icache-load-misses                                         (17.65%)
S2       16        211,226,961 LLC-loads                                                     (17.88%)
S2       16         21,536,794 LLC-stores                                                    (17.29%)
S2       16         40,717,823 LLC-prefetches                                                (9.34%)
S2       16      5,522,636,419 dTLB-loads                                                    (13.04%)
S2       16        123,365,124 dTLB-load-misses                                              (17.05%)
S2       16      3,110,861,176 dTLB-stores                                                   (17.63%)
S2       16         16,213,675 dTLB-store-misses                                             (17.17%)
S2       16          1,545,824 iTLB-loads                                                    (17.03%)
S2       16          2,716,614 iTLB-load-misses                                              (16.90%)
S2       16      3,674,056,278 branch-loads                                                  (17.41%)
S2       16         56,276,716 branch-load-misses                                            (17.29%)
S3       16         88,823,623 cache-misses                                                  (17.03%)
S3       16     57,476,760,482 cycles                    #    0.000 GHz                      (21.57%)
S3       16     35,928,331,055 instructions              #    0.00  insns per cycle          (25.62%)
S3       16            123,779 cs                                                            (100.00%)
S3       16              3,556 migrations                                                    (100.00%)
S3       16             43,563 faults                                                      
S3       16      4,525,071,928 bus-cycles                                                    (25.46%)
S3       16     91,412,265,884 idle-cycles-frontend      #    0.00% frontend cycles idle     (25.40%)
S3       16     80,118,154,717 idle-cycles-backend       #    0.00% backend  cycles idle     (25.55%)
S3       16      8,566,633,698 L1-dcache-loads                                               (25.61%)
S3       16        630,503,438 L1-dcache-load-misses                                         (17.41%)
S3       16      4,696,449,187 L1-dcache-stores                                              (17.36%)
S3       16        103,091,763 L1-dcache-store-misses                                        (17.54%)
S3       16        244,635,656 L1-dcache-prefetch-misses                                     (17.71%)
S3       16        458,501,434 L1-icache-load-misses                                         (17.51%)
S3       16        408,549,830 LLC-loads                                                     (17.65%)
S3       16         36,504,993 LLC-stores                                                    (17.51%)
S3       16        143,149,262 LLC-prefetches                                                (9.01%)
S3       16      9,454,983,870 dTLB-loads                                                    (13.48%)
S3       16         98,104,387 dTLB-load-misses                                              (17.70%)
S3       16      5,372,784,596 dTLB-stores                                                   (17.63%)
S3       16         12,148,526 dTLB-store-misses                                             (17.56%)
S3       16          6,187,621 iTLB-loads                                                    (17.51%)
S3       16          8,776,667 iTLB-load-misses                                              (17.71%)
S3       16      7,134,684,000 branch-loads                                                  (17.61%)
S3       16        167,010,468 branch-load-misses                                            (17.44%)

     593.006806691 seconds time elapsed

#################################################################
# Test multi-threading - 16 threads - T3
#################################################################
2593025.MEM-Interleave.penguin.t16
[M::bwa_idx_load_from_disk] read 0 ALT contigs
[M::process] read 1584160 sequences (160000160 bp)...
[M::process] read 1584160 sequences (160000160 bp)...
[M::mem_process_seqs] Processed 1584160 reads in 417.716 CPU sec, 30.747 real sec
[M::process] read 1584160 sequences (160000160 bp)...
[M::mem_process_seqs] Processed 1584160 reads in 422.238 CPU sec, 26.680 real sec
[M::process] read 1584160 sequences (160000160 bp)...
[M::mem_process_seqs] Processed 1584160 reads in 431.254 CPU sec, 27.210 real sec
[M::process] read 1584160 sequences (160000160 bp)...
[M::mem_process_seqs] Processed 1584160 reads in 426.079 CPU sec, 28.156 real sec
[M::process] read 1584160 sequences (160000160 bp)...
[M::mem_process_seqs] Processed 1584160 reads in 421.338 CPU sec, 27.841 real sec
[M::process] read 1584160 sequences (160000160 bp)...
[M::mem_process_seqs] Processed 1584160 reads in 425.109 CPU sec, 28.100 real sec
[M::process] read 1584160 sequences (160000160 bp)...
[M::mem_process_seqs] Processed 1584160 reads in 429.381 CPU sec, 27.088 real sec
[M::process] read 1584160 sequences (160000160 bp)...
[M::mem_process_seqs] Processed 1584160 reads in 420.826 CPU sec, 26.554 real sec
[M::process] read 1584160 sequences (160000160 bp)...
[M::mem_process_seqs] Processed 1584160 reads in 422.459 CPU sec, 26.665 real sec
[M::process] read 1584160 sequences (160000160 bp)...
[M::mem_process_seqs] Processed 1584160 reads in 429.217 CPU sec, 28.475 real sec
[M::process] read 1584160 sequences (160000160 bp)...
[M::mem_process_seqs] Processed 1584160 reads in 422.740 CPU sec, 26.668 real sec
[M::process] read 1584160 sequences (160000160 bp)...
[M::mem_process_seqs] Processed 1584160 reads in 424.694 CPU sec, 26.859 real sec
[M::process] read 940982 sequences (95039182 bp)...
[M::mem_process_seqs] Processed 1584160 reads in 429.271 CPU sec, 27.063 real sec
[M::mem_process_seqs] Processed 940982 reads in 260.342 CPU sec, 16.449 real sec
[main] Version: 0.7.15-r1140
[main] CMD: ./bwa mem -t 16 /tmp/data/indexes/HG_index_BWA_default/hsapiens_v37.fa /tmp/data/datasets/NIST7086_CGTACTAG_L002_R2_001.fastq
[main] Real time: 383.099 sec; CPU: 5791.170 sec

 Performance counter stats for 'numactl --interleave=0,1 --physcpubind=0,4,8,12,16,20,24,28,1,5,9,13,17,21,25,29 ./bwa mem -t 16 /tmp/data/indexes/HG_index_BWA_default/hsapiens_v37.fa /tmp/data/datasets/NIST7086_CGTACTAG_L002_R2_001.fastq':

S0       16     15,774,465,902 cache-misses                                                  (16.98%)
S0       16  5,645,722,713,088 cycles                    #    0.000 GHz                      (21.87%)
S0       16  5,646,876,178,065 instructions              #   29.26  insns per cycle        
                                             #    0.06  stalled cycles per insn  (26.80%)
S0       16          4,296,318 cs                                                            (100.00%)
S0       16             15,879 migrations                                                    (100.00%)
S0       16            211,448 faults                                                      
S0       16    283,432,139,837 bus-cycles                                                    (27.11%)
S0       16  8,940,718,339,198 idle-cycles-frontend      #  4632.75% frontend cycles idle     (27.35%)
S0       16  8,170,188,643,914 idle-cycles-backend       #  4233.49% backend  cycles idle     (27.93%)
S0       16  1,094,379,549,960 L1-dcache-loads                                               (27.72%)
S0       16     34,030,176,221 L1-dcache-load-misses     #   91.97% of all L1-dcache hits    (18.11%)
S0       16    555,884,954,976 L1-dcache-stores                                              (17.76%)
S0       16      3,384,954,660 L1-dcache-store-misses                                        (17.60%)
S0       16     21,895,867,540 L1-dcache-prefetch-misses                                     (17.52%)
S0       16      6,060,287,807 L1-icache-load-misses                                         (17.16%)
S0       16     20,430,888,626 LLC-loads                                                     (17.10%)
S0       16      1,177,820,913 LLC-stores                                                    (16.87%)
S0       16      1,746,164,828 LLC-prefetches                                                (8.38%)
S0       16  1,157,003,274,367 dTLB-loads                                                    (12.82%)
S0       16     13,072,920,157 dTLB-load-misses          #   34.19% of all dTLB cache hits   (16.52%)
S0       16    576,834,957,696 dTLB-stores                                                   (16.44%)
S0       16        286,099,376 dTLB-store-misses                                             (16.26%)
S0       16        268,902,338 iTLB-loads                                                    (16.60%)
S0       16        135,799,565 iTLB-load-misses          #  1762.59% of all iTLB cache hits   (16.90%)
S0       16    493,880,871,078 branch-loads                                                  (17.20%)
S0       16     27,200,344,877 branch-load-misses                                            (17.11%)
S1       16     16,687,060,448 cache-misses                                                  (16.96%)
S1       16  6,634,786,892,129 cycles                    #    0.000 GHz                      (21.63%)
S1       16  6,308,693,377,349 instructions              #    0.00  insns per cycle          (26.10%)
S1       16          5,500,504 cs                                                            (100.00%)
S1       16             11,622 migrations                                                    (100.00%)
S1       16            441,998 faults                                                      
S1       16    289,199,929,251 bus-cycles                                                    (26.21%)
S1       16 10,956,664,462,980 idle-cycles-frontend      #    0.00% frontend cycles idle     (25.51%)
S1       16 10,152,634,066,467 idle-cycles-backend       #    0.00% backend  cycles idle     (25.67%)
S1       16  1,263,459,956,615 L1-dcache-loads                                               (26.21%)
S1       16     38,020,667,936 L1-dcache-load-misses                                         (17.61%)
S1       16    625,599,895,936 L1-dcache-stores                                              (17.43%)
S1       16      3,529,703,658 L1-dcache-store-misses                                        (17.41%)
S1       16     24,690,173,867 L1-dcache-prefetch-misses                                     (17.47%)
S1       16      6,312,872,159 L1-icache-load-misses                                         (17.84%)
S1       16     22,559,308,308 LLC-loads                                                     (17.63%)
S1       16        961,701,520 LLC-stores                                                    (17.42%)
S1       16      1,893,947,624 LLC-prefetches                                                (9.04%)
S1       16  1,279,121,372,959 dTLB-loads                                                    (13.25%)
S1       16     14,091,080,593 dTLB-load-misses                                              (17.15%)
S1       16    629,432,188,584 dTLB-stores                                                   (18.05%)
S1       16        263,895,393 dTLB-store-misses                                             (17.62%)
S1       16        218,162,521 iTLB-loads                                                    (17.32%)
S1       16        114,391,894 iTLB-load-misses                                              (17.05%)
S1       16    531,312,208,480 branch-loads                                                  (17.67%)
S1       16     29,148,803,430 branch-load-misses                                            (17.20%)
S2       16         32,073,197 cache-misses                                                  (17.19%)
S2       16     25,331,056,656 cycles                    #    0.000 GHz                      (22.56%)
S2       16     12,811,154,571 instructions              #    0.00  insns per cycle          (26.86%)
S2       16             52,672 cs                                                            (100.00%)
S2       16              1,469 migrations                                                    (100.00%)
S2       16             34,923 faults                                                      
S2       16      1,710,420,897 bus-cycles                                                    (25.95%)
S2       16     34,935,564,600 idle-cycles-frontend      #    0.00% frontend cycles idle     (25.02%)
S2       16     37,280,679,760 idle-cycles-backend       #    0.00% backend  cycles idle     (25.04%)
S2       16      3,366,115,762 L1-dcache-loads                                               (24.56%)
S2       16        167,919,795 L1-dcache-load-misses                                         (18.17%)
S2       16      2,033,509,679 L1-dcache-stores                                              (17.33%)
S2       16         24,945,464 L1-dcache-store-misses                                        (17.65%)
S2       16         44,338,101 L1-dcache-prefetch-misses                                     (17.22%)
S2       16        145,839,235 L1-icache-load-misses                                         (19.76%)
S2       16        178,598,468 LLC-loads                                                     (17.54%)
S2       16         15,692,891 LLC-stores                                                    (17.61%)
S2       16         18,455,151 LLC-prefetches                                                (11.10%)
S2       16      3,090,388,822 dTLB-loads                                                    (13.14%)
S2       16         73,095,282 dTLB-load-misses                                              (16.24%)
S2       16      2,713,615,310 dTLB-stores                                                   (18.42%)
S2       16          9,210,513 dTLB-store-misses                                             (16.65%)
S2       16          1,073,726 iTLB-loads                                                    (16.55%)
S2       16          1,918,248 iTLB-load-misses                                              (16.80%)
S2       16      1,485,438,348 branch-loads                                                  (17.88%)
S2       16         41,033,964 branch-load-misses                                            (19.10%)
S3       16         94,036,836 cache-misses                                                  (17.28%)
S3       16     45,480,465,975 cycles                    #    0.000 GHz                      (21.48%)
S3       16     27,006,600,137 instructions              #    0.00  insns per cycle          (25.69%)
S3       16             96,152 cs                                                            (100.00%)
S3       16              3,982 migrations                                                    (100.00%)
S3       16             36,485 faults                                                      
S3       16      3,491,657,774 bus-cycles                                                    (25.64%)
S3       16     62,268,959,948 idle-cycles-frontend      #    0.00% frontend cycles idle     (25.54%)
S3       16     55,679,885,476 idle-cycles-backend       #    0.00% backend  cycles idle     (25.97%)
S3       16      6,948,316,385 L1-dcache-loads                                               (26.24%)
S3       16        602,803,002 L1-dcache-load-misses                                         (17.90%)
S3       16      4,101,865,966 L1-dcache-stores                                              (18.04%)
S3       16         91,993,430 L1-dcache-store-misses                                        (17.97%)
S3       16        221,077,884 L1-dcache-prefetch-misses                                     (17.85%)
S3       16        344,095,683 L1-icache-load-misses                                         (17.63%)
S3       16        378,277,361 LLC-loads                                                     (17.53%)
S3       16         37,319,964 LLC-stores                                                    (17.43%)
S3       16         95,939,360 LLC-prefetches                                                (8.44%)
S3       16      7,592,364,256 dTLB-loads                                                    (12.56%)
S3       16        102,146,478 dTLB-load-misses                                              (16.76%)
S3       16      5,010,317,358 dTLB-stores                                                   (16.89%)
S3       16         12,777,715 dTLB-store-misses                                             (17.17%)
S3       16          4,953,026 iTLB-loads                                                    (17.53%)
S3       16          7,870,271 iTLB-load-misses                                              (17.69%)
S3       16      5,590,816,056 branch-loads                                                  (17.56%)
S3       16        145,338,774 branch-load-misses                                            (17.26%)

     383.343566994 seconds time elapsed

#################################################################
# Test multi-threading - 32 threads - T4 
#################################################################
2593025.MEM-Interleave.penguin.t32
[M::bwa_idx_load_from_disk] read 0 ALT contigs
[M::process] read 3168318 sequences (320000118 bp)...
[M::mem_process_seqs] Processed 3168318 reads in 1473.878 CPU sec, 58.645 real sec
[M::process] read 3168318 sequences (320000118 bp)...
[M::process] read 3168318 sequences (320000118 bp)...
[M::mem_process_seqs] Processed 3168318 reads in 1122.888 CPU sec, 35.631 real sec
[M::process] read 3168318 sequences (320000118 bp)...
[M::mem_process_seqs] Processed 3168318 reads in 1176.759 CPU sec, 37.294 real sec
[M::process] read 3168318 sequences (320000118 bp)...
[M::mem_process_seqs] Processed 3168318 reads in 1193.964 CPU sec, 38.347 real sec
[M::process] read 3168318 sequences (320000118 bp)...
[M::mem_process_seqs] Processed 3168318 reads in 1210.871 CPU sec, 39.089 real sec
[M::process] read 2525154 sequences (255040554 bp)...
[M::mem_process_seqs] Processed 3168318 reads in 1209.505 CPU sec, 38.353 real sec
[M::mem_process_seqs] Processed 2525154 reads in 974.694 CPU sec, 30.945 real sec
[main] Version: 0.7.15-r1140
[main] CMD: ./bwa mem -t 32 /tmp/data/indexes/HG_index_BWA_default/hsapiens_v37.fa /tmp/data/datasets/NIST7086_CGTACTAG_L002_R2_001.fastq
[main] Real time: 295.307 sec; CPU: 8382.665 sec

 Performance counter stats for 'numactl --interleave=0,1 --physcpubind=0,4,8,12,16,20,24,28,32,36,40,44,48,52,56,60,1,5,9,13,17,21,25,29,33,37,41,45,49,53,57,61 ./bwa mem -t 32 /tmp/data/indexes/HG_index_BWA_default/hsapiens_v37.fa /tmp/data/datasets/NIST7086_CGTACTAG_L002_R2_001.fastq':

S0       16     18,031,692,074 cache-misses                                                  (17.04%)
S0       16  7,669,769,185,369 cycles                    #    0.000 GHz                      (21.64%)
S0       16  5,696,800,399,951 instructions              #   22.07  insns per cycle        
                                             #    0.03  stalled cycles per insn  (26.30%)
S0       16          3,111,144 cs                                                            (100.00%)
S0       16             59,240 migrations                                                    (100.00%)
S0       16            324,377 faults                                                      
S0       16    404,120,283,434 bus-cycles                                                    (26.85%)
S0       16  5,809,424,674,556 idle-cycles-frontend      #  2250.25% frontend cycles idle     (27.32%)
S0       16  3,891,407,749,192 idle-cycles-backend       #  1507.32% backend  cycles idle     (27.68%)
S0       16  1,071,077,677,996 L1-dcache-loads                                               (27.79%)
S0       16     41,334,509,534 L1-dcache-load-misses     #  116.33% of all L1-dcache hits    (18.09%)
S0       16    561,911,158,829 L1-dcache-stores                                              (17.64%)
S0       16      5,113,282,336 L1-dcache-store-misses                                        (17.37%)
S0       16     26,579,587,365 L1-dcache-prefetch-misses                                     (17.20%)
S0       16      7,271,683,939 L1-icache-load-misses                                         (17.05%)
S0       16     23,796,847,755 LLC-loads                                                     (16.87%)
S0       16      2,092,879,863 LLC-stores                                                    (16.79%)
S0       16      3,728,967,711 LLC-prefetches                                                (8.44%)
S0       16  1,166,954,057,604 dTLB-loads                                                    (12.76%)
S0       16     12,653,970,044 dTLB-load-misses          #   33.37% of all dTLB cache hits   (16.99%)
S0       16    582,482,676,892 dTLB-stores                                                   (17.01%)
S0       16        717,995,219 dTLB-store-misses                                             (17.09%)
S0       16      2,769,071,817 iTLB-loads                                                    (16.96%)
S0       16        764,643,537 iTLB-load-misses          #  1017.80% of all iTLB cache hits   (16.91%)
S0       16    496,551,646,013 branch-loads                                                  (16.87%)
S0       16     28,246,121,010 branch-load-misses                                            (16.85%)
S1       16     19,346,152,957 cache-misses                                                  (17.03%)
S1       16  8,799,003,006,448 cycles                    #    0.000 GHz                      (21.76%)
S1       16  6,187,588,094,689 instructions              #    0.00  insns per cycle          (26.42%)
S1       16          3,797,752 cs                                                            (100.00%)
S1       16             60,481 migrations                                                    (100.00%)
S1       16            807,150 faults                                                      
S1       16    405,158,950,176 bus-cycles                                                    (25.98%)
S1       16  6,858,287,056,812 idle-cycles-frontend      #    0.00% frontend cycles idle     (25.40%)
S1       16  4,766,912,933,572 idle-cycles-backend       #    0.00% backend  cycles idle     (25.59%)
S1       16  1,194,691,311,215 L1-dcache-loads                                               (25.54%)
S1       16     46,054,115,510 L1-dcache-load-misses                                         (17.53%)
S1       16    622,062,652,049 L1-dcache-stores                                              (17.89%)
S1       16      5,564,072,704 L1-dcache-store-misses                                        (16.97%)
S1       16     28,816,303,205 L1-dcache-prefetch-misses                                     (17.68%)
S1       16      7,748,487,099 L1-icache-load-misses                                         (17.23%)
S1       16     25,541,510,780 LLC-loads                                                     (17.28%)
S1       16      1,860,222,396 LLC-stores                                                    (18.01%)
S1       16      3,422,264,234 LLC-prefetches                                                (9.86%)
S1       16  1,248,369,640,956 dTLB-loads                                                    (13.82%)
S1       16     13,299,220,142 dTLB-load-misses                                              (18.46%)
S1       16    622,077,463,332 dTLB-stores                                                   (17.32%)
S1       16      1,057,192,758 dTLB-store-misses                                             (17.35%)
S1       16      2,033,458,924 iTLB-loads                                                    (18.02%)
S1       16        918,701,412 iTLB-load-misses                                              (17.72%)
S1       16    536,744,872,290 branch-loads                                                  (17.06%)
S1       16     30,838,463,021 branch-load-misses                                            (16.98%)
S2       16         35,312,200 cache-misses                                                  (16.51%)
S2       16     17,473,203,206 cycles                    #    0.000 GHz                      (21.86%)
S2       16      7,938,836,582 instructions              #    0.00  insns per cycle          (26.85%)
S2       16             56,106 cs                                                            (100.00%)
S2       16              9,357 migrations                                                    (100.00%)
S2       16             25,113 faults                                                      
S2       16      1,464,444,807 bus-cycles                                                    (27.02%)
S2       16     30,147,298,303 idle-cycles-frontend      #    0.00% frontend cycles idle     (26.32%)
S2       16     25,959,311,693 idle-cycles-backend       #    0.00% backend  cycles idle     (26.38%)
S2       16      2,324,777,367 L1-dcache-loads                                               (26.42%)
S2       16        156,905,625 L1-dcache-load-misses                                         (17.52%)
S2       16      1,938,453,492 L1-dcache-stores                                              (17.77%)
S2       16         30,450,485 L1-dcache-store-misses                                        (16.88%)
S2       16         62,349,980 L1-dcache-prefetch-misses                                     (17.20%)
S2       16        136,336,176 L1-icache-load-misses                                         (16.69%)
S2       16        210,642,490 LLC-loads                                                     (16.46%)
S2       16         18,995,933 LLC-stores                                                    (16.84%)
S2       16         24,044,026 LLC-prefetches                                                (9.59%)
S2       16      5,568,793,857 dTLB-loads                                                    (13.35%)
S2       16         57,830,371 dTLB-load-misses                                              (17.64%)
S2       16      2,924,198,476 dTLB-stores                                                   (16.87%)
S2       16          7,042,815 dTLB-store-misses                                             (17.45%)
S2       16          1,402,391 iTLB-loads                                                    (18.36%)
S2       16          2,502,302 iTLB-load-misses                                              (18.45%)
S2       16      1,741,067,064 branch-loads                                                  (18.38%)
S2       16         42,526,644 branch-load-misses                                            (17.71%)
S3       16         71,882,650 cache-misses                                                  (17.36%)
S3       16     36,517,239,179 cycles                    #    0.000 GHz                      (22.35%)
S3       16     20,918,001,566 instructions              #    0.00  insns per cycle          (26.36%)
S3       16             82,905 cs                                                            (100.00%)
S3       16              4,970 migrations                                                    (100.00%)
S3       16             25,963 faults                                                      
S3       16      2,790,901,015 bus-cycles                                                    (26.22%)
S3       16     61,163,352,688 idle-cycles-frontend      #    0.00% frontend cycles idle     (25.85%)
S3       16     59,010,411,433 idle-cycles-backend       #    0.00% backend  cycles idle     (25.54%)
S3       16      5,969,939,250 L1-dcache-loads                                               (25.22%)
S3       16        530,513,654 L1-dcache-load-misses                                         (16.87%)
S3       16      2,987,095,239 L1-dcache-stores                                              (17.30%)
S3       16         65,493,817 L1-dcache-store-misses                                        (17.39%)
S3       16        152,614,277 L1-dcache-prefetch-misses                                     (17.54%)
S3       16        259,388,590 L1-icache-load-misses                                         (17.66%)
S3       16        265,417,260 LLC-loads                                                     (17.51%)
S3       16         29,933,625 LLC-stores                                                    (17.30%)
S3       16        111,499,394 LLC-prefetches                                                (8.73%)
S3       16      5,868,910,127 dTLB-loads                                                    (13.04%)
S3       16         95,142,533 dTLB-load-misses                                              (17.01%)
S3       16      3,753,859,906 dTLB-stores                                                   (17.44%)
S3       16         13,441,469 dTLB-store-misses                                             (17.54%)
S3       16          4,180,271 iTLB-loads                                                    (17.80%)
S3       16          6,332,637 iTLB-load-misses                                              (18.11%)
S3       16      4,216,754,560 branch-loads                                                  (18.04%)
S3       16        109,481,079 branch-load-misses                                            (18.16%)

     295.599384822 seconds time elapsed

#################################################################
# Test multi-threading - 48 threads - T5
#################################################################
2593025.MEM-Interleave.penguin.t48
[M::bwa_idx_load_from_disk] read 0 ALT contigs
[M::process] read 4752476 sequences (480000076 bp)...
[M::mem_process_seqs] Processed 4752476 reads in 2592.141 CPU sec, 70.998 real sec
[M::process] read 4752476 sequences (480000076 bp)...
[M::process] read 4752476 sequences (480000076 bp)...
[M::mem_process_seqs] Processed 4752476 reads in 1758.630 CPU sec, 37.604 real sec
[M::process] read 4752476 sequences (480000076 bp)...
[M::mem_process_seqs] Processed 4752476 reads in 1786.060 CPU sec, 38.126 real sec
[M::process] read 2525158 sequences (255040958 bp)...
[M::mem_process_seqs] Processed 4752476 reads in 1842.273 CPU sec, 39.303 real sec
[M::mem_process_seqs] Processed 2525158 reads in 1005.609 CPU sec, 21.447 real sec
[main] Version: 0.7.15-r1140
[main] CMD: ./bwa mem -t 48 /tmp/data/indexes/HG_index_BWA_default/hsapiens_v37.fa /tmp/data/datasets/NIST7086_CGTACTAG_L002_R2_001.fastq
[main] Real time: 231.883 sec; CPU: 9014.474 sec

 Performance counter stats for 'numactl --interleave=0-2 --physcpubind=0,4,8,12,16,20,24,28,32,36,40,44,48,52,56,60,1,5,9,13,17,21,25,29,33,37,41,45,49,53,57,61,2,6,10,14,18,22,26,30,34,38,42,46,50,54,58,62 ./bwa mem -t 48 /tmp/data/indexes/HG_index_BWA_default/hsapiens_v37.fa /tmp/data/datasets/NIST7086_CGTACTAG_L002_R2_001.fastq':

S0       16     11,814,170,726 cache-misses                                                  (16.99%)
S0       16  5,405,225,670,064 cycles                    #    0.000 GHz                      (22.06%)
S0       16  3,750,760,849,040 instructions              #   13.73  insns per cycle        
                                             #    0.06  stalled cycles per insn  (26.97%)
S0       16          2,874,599 cs                                                            (100.00%)
S0       16             58,263 migrations                                                    (100.00%)
S0       16            301,401 faults                                                      
S0       16    282,955,747,732 bus-cycles                                                    (27.54%)
S0       16  4,192,738,743,860 idle-cycles-frontend      #  1534.63% frontend cycles idle     (26.71%)
S0       16  2,924,928,137,777 idle-cycles-backend       #  1070.58% backend  cycles idle     (27.23%)
S0       16    710,693,598,762 L1-dcache-loads                                               (27.27%)
S0       16     26,791,011,574 L1-dcache-load-misses     #   76.09% of all L1-dcache hits    (19.14%)
S0       16    375,356,342,274 L1-dcache-stores                                              (17.73%)
S0       16      3,165,588,161 L1-dcache-store-misses                                        (17.83%)
S0       16     17,846,643,964 L1-dcache-prefetch-misses                                     (16.92%)
S0       16      5,138,890,435 L1-icache-load-misses                                         (18.37%)
S0       16     15,942,475,396 LLC-loads                                                     (16.84%)
S0       16      1,106,488,796 LLC-stores                                                    (16.79%)
S0       16      2,189,831,628 LLC-prefetches                                                (9.15%)
S0       16    810,167,622,735 dTLB-loads                                                    (12.88%)
S0       16      8,880,488,533 dTLB-load-misses          #   22.97% of all dTLB cache hits   (16.40%)
S0       16    401,404,957,718 dTLB-stores                                                   (17.20%)
S0       16        718,215,834 dTLB-store-misses                                             (16.40%)
S0       16      1,340,168,813 iTLB-loads                                                    (16.45%)
S0       16        737,803,255 iTLB-load-misses          #  1241.89% of all iTLB cache hits   (16.59%)
S0       16    329,672,375,044 branch-loads                                                  (17.55%)
S0       16     19,381,579,215 branch-load-misses                                            (16.86%)
S1       16     12,758,977,045 cache-misses                                                  (17.14%)
S1       16  5,944,144,387,280 cycles                    #    0.000 GHz                      (21.41%)
S1       16  4,134,550,260,640 instructions              #    0.00  insns per cycle          (25.52%)
S1       16          3,139,673 cs                                                            (100.00%)
S1       16             59,210 migrations                                                    (100.00%)
S1       16            312,507 faults                                                      
S1       16    299,049,726,823 bus-cycles                                                    (25.77%)
S1       16  4,758,994,914,994 idle-cycles-frontend      #    0.00% frontend cycles idle     (25.09%)
S1       16  3,361,547,840,589 idle-cycles-backend       #    0.00% backend  cycles idle     (25.42%)
S1       16    790,376,279,811 L1-dcache-loads                                               (25.50%)
S1       16     30,064,766,716 L1-dcache-load-misses                                         (18.30%)
S1       16    402,482,573,366 L1-dcache-stores                                              (17.56%)
S1       16      3,853,232,905 L1-dcache-store-misses                                        (17.47%)
S1       16     19,280,953,220 L1-dcache-prefetch-misses                                     (16.88%)
S1       16      5,483,232,990 L1-icache-load-misses                                         (17.51%)
S1       16     16,856,760,603 LLC-loads                                                     (17.15%)
S1       16      1,484,546,346 LLC-stores                                                    (17.60%)
S1       16      2,376,665,454 LLC-prefetches                                                (10.67%)
S1       16    815,518,782,333 dTLB-loads                                                    (14.30%)
S1       16      8,827,947,591 dTLB-load-misses                                              (18.04%)
S1       16    399,252,066,433 dTLB-stores                                                   (17.98%)
S1       16        604,903,006 dTLB-store-misses                                             (17.96%)
S1       16      1,443,199,442 iTLB-loads                                                    (17.77%)
S1       16        758,140,786 iTLB-load-misses                                              (17.21%)
S1       16    357,387,317,308 branch-loads                                                  (16.90%)
S1       16     20,352,183,809 branch-load-misses                                            (16.69%)
S2       16     12,804,661,510 cache-misses                                                  (16.84%)
S2       16  6,096,752,127,510 cycles                    #    0.000 GHz                      (21.41%)
S2       16  4,075,382,453,722 instructions              #    0.00  insns per cycle          (26.14%)
S2       16          3,229,348 cs                                                            (100.00%)
S2       16             57,352 migrations                                                    (100.00%)
S2       16            978,778 faults                                                      
S2       16    292,537,935,846 bus-cycles                                                    (26.78%)
S2       16  4,759,287,512,241 idle-cycles-frontend      #    0.00% frontend cycles idle     (27.61%)
S2       16  3,419,372,671,523 idle-cycles-backend       #    0.00% backend  cycles idle     (28.23%)
S2       16    747,125,632,625 L1-dcache-loads                                               (28.45%)
S2       16     29,049,024,422 L1-dcache-load-misses                                         (18.66%)
S2       16    387,822,829,823 L1-dcache-stores                                              (18.22%)
S2       16      3,865,911,356 L1-dcache-store-misses                                        (17.71%)
S2       16     18,513,479,491 L1-dcache-prefetch-misses                                     (17.40%)
S2       16      5,848,053,761 L1-icache-load-misses                                         (17.37%)
S2       16     16,828,428,528 LLC-loads                                                     (17.15%)
S2       16      1,289,418,587 LLC-stores                                                    (17.20%)
S2       16      2,185,377,703 LLC-prefetches                                                (8.79%)
S2       16    842,278,182,255 dTLB-loads                                                    (12.88%)
S2       16      9,717,325,194 dTLB-load-misses                                              (16.56%)
S2       16    430,682,061,562 dTLB-stores                                                   (16.39%)
S2       16        620,229,933 dTLB-store-misses                                             (16.21%)
S2       16      1,014,003,361 iTLB-loads                                                    (16.25%)
S2       16      1,032,481,456 iTLB-load-misses                                              (16.36%)
S2       16    369,046,006,031 branch-loads                                                  (16.34%)
S2       16     20,481,063,411 branch-load-misses                                            (16.46%)
S3       16        117,377,514 cache-misses                                                  (17.15%)
S3       16     39,236,130,244 cycles                    #    0.000 GHz                      (21.27%)
S3       16     19,561,275,120 instructions              #    0.00  insns per cycle          (25.17%)
S3       16             81,836 cs                                                            (100.00%)
S3       16              9,976 migrations                                                    (100.00%)
S3       16             46,012 faults                                                      
S3       16      2,879,187,618 bus-cycles                                                    (23.83%)
S3       16     60,764,712,782 idle-cycles-frontend      #    0.00% frontend cycles idle     (24.83%)
S3       16     48,486,506,035 idle-cycles-backend       #    0.00% backend  cycles idle     (25.38%)
S3       16      5,362,823,471 L1-dcache-loads                                               (25.57%)
S3       16        463,749,437 L1-dcache-load-misses                                         (18.72%)
S3       16      3,782,755,215 L1-dcache-stores                                              (18.55%)
S3       16         75,434,495 L1-dcache-store-misses                                        (18.90%)
S3       16        236,449,665 L1-dcache-prefetch-misses                                     (18.52%)
S3       16        326,501,865 L1-icache-load-misses                                         (17.99%)
S3       16        312,709,078 LLC-loads                                                     (18.35%)
S3       16         29,678,729 LLC-stores                                                    (17.31%)
S3       16        122,972,162 LLC-prefetches                                                (8.12%)
S3       16      6,650,286,933 dTLB-loads                                                    (13.26%)
S3       16        117,526,625 dTLB-load-misses                                              (17.18%)
S3       16      3,780,485,811 dTLB-stores                                                   (17.48%)
S3       16         13,841,583 dTLB-store-misses                                             (17.33%)
S3       16          4,835,319 iTLB-loads                                                    (17.24%)
S3       16          6,097,263 iTLB-load-misses                                              (17.08%)
S3       16      3,917,482,194 branch-loads                                                  (16.77%)
S3       16         99,231,256 branch-load-misses                                            (16.81%)

     232.236923435 seconds time elapsed

#################################################################
# Test multi-threading - 64 threads - T6
#################################################################

[M::bwa_idx_load_from_disk] read 0 ALT contigs
[M::process] read 6336634 sequences (640000034 bp)...
[M::mem_process_seqs] Processed 6336634 reads in 3614.307 CPU sec, 77.159 real sec
[M::process] read 6336634 sequences (640000034 bp)...
[M::process] read 6336634 sequences (640000034 bp)...
[M::mem_process_seqs] Processed 6336634 reads in 2339.620 CPU sec, 38.413 real sec
[M::mem_process_seqs] Processed 6336634 reads in 2378.654 CPU sec, 45.281 real sec
[M::process] read 2525160 sequences (255041160 bp)...
[M::mem_process_seqs] Processed 2525160 reads in 960.829 CPU sec, 15.704 real sec
[main] Version: 0.7.15-r1140
[main] CMD: ./bwa mem -t 64 /tmp/data/indexes/HG_index_BWA_default/hsapiens_v37.fa /tmp/data/datasets/NIST7086_CGTACTAG_L002_R2_001.fastq
[main] Real time: 213.770 sec; CPU: 9345.041 sec

 Performance counter stats for 'numactl --interleave=0-3 --physcpubind=0-63 ./bwa mem -t 64 /tmp/data/indexes/HG_index_BWA_default/hsapiens_v37.fa /tmp/data/datasets/NIST7086_CGTACTAG_L002_R2_001.fastq':

S0       16     10,426,964,986 cache-misses                                                  (16.03%)
S0       16  4,698,040,660,166 cycles                    #    0.000 GHz                      (20.71%)
S0       16  3,101,842,171,424 instructions              #   10.86  insns per cycle        
                                             #    0.08  stalled cycles per insn  (25.33%)
S0       16          2,156,539 cs                                                            (100.00%)
S0       16             55,164 migrations                                                    (100.00%)
S0       16            697,443 faults                                                      
S0       16    241,314,654,172 bus-cycles                                                    (25.99%)
S0       16  3,739,286,036,128 idle-cycles-frontend      #  1308.71% frontend cycles idle     (26.52%)
S0       16  2,688,122,787,332 idle-cycles-backend       #  940.81% backend  cycles idle     (27.31%)
S0       16    557,161,024,183 L1-dcache-loads                                               (27.89%)
S0       16     21,231,550,531 L1-dcache-load-misses     #   58.91% of all L1-dcache hits    (19.41%)
S0       16    281,032,224,205 L1-dcache-stores                                              (19.13%)
S0       16      2,623,754,536 L1-dcache-store-misses                                        (18.45%)
S0       16     13,618,398,170 L1-dcache-prefetch-misses                                     (17.96%)
S0       16      4,534,082,512 L1-icache-load-misses                                         (17.19%)
S0       16     13,052,232,894 LLC-loads                                                     (16.78%)
S0       16      1,400,033,721 LLC-stores                                                    (16.70%)
S0       16      2,041,358,460 LLC-prefetches                                                (8.93%)
S0       16    627,216,805,608 dTLB-loads                                                    (12.92%)
S0       16      7,238,221,274 dTLB-load-misses          #   18.65% of all dTLB cache hits   (17.09%)
S0       16    307,416,285,859 dTLB-stores                                                   (17.52%)
S0       16        263,909,180 dTLB-store-misses                                             (17.02%)
S0       16      1,711,829,522 iTLB-loads                                                    (16.73%)
S0       16        438,953,349 iTLB-load-misses          #  487.15% of all iTLB cache hits   (16.55%)
S0       16    281,289,687,778 branch-loads                                                  (16.09%)
S0       16     15,787,720,186 branch-load-misses                                            (16.14%)
S1       16      9,695,362,565 cache-misses                                                  (16.97%)
S1       16  4,552,510,956,274 cycles                    #    0.000 GHz                      (21.42%)
S1       16  3,047,904,337,052 instructions              #    0.00  insns per cycle          (26.10%)
S1       16          2,271,447 cs                                                            (100.00%)
S1       16             56,777 migrations                                                    (100.00%)
S1       16            790,550 faults                                                      
S1       16    239,561,449,151 bus-cycles                                                    (26.36%)
S1       16  3,833,925,585,754 idle-cycles-frontend      #    0.00% frontend cycles idle     (25.92%)
S1       16  2,820,078,783,623 idle-cycles-backend       #    0.00% backend  cycles idle     (26.24%)
S1       16    588,385,900,986 L1-dcache-loads                                               (26.54%)
S1       16     21,744,153,409 L1-dcache-load-misses                                         (18.23%)
S1       16    292,145,007,288 L1-dcache-stores                                              (18.12%)
S1       16      2,436,633,586 L1-dcache-store-misses                                        (17.94%)
S1       16     13,727,713,943 L1-dcache-prefetch-misses                                     (17.38%)
S1       16      4,450,151,844 L1-icache-load-misses                                         (18.03%)
S1       16     12,682,551,435 LLC-loads                                                     (16.93%)
S1       16      1,043,300,315 LLC-stores                                                    (16.88%)
S1       16      1,877,522,876 LLC-prefetches                                                (9.49%)
S1       16    630,989,328,661 dTLB-loads                                                    (12.81%)
S1       16      7,166,196,135 dTLB-load-misses                                              (16.78%)
S1       16    310,780,963,506 dTLB-stores                                                   (17.24%)
S1       16        289,954,005 dTLB-store-misses                                             (17.17%)
S1       16      1,327,853,612 iTLB-loads                                                    (17.03%)
S1       16        626,330,411 iTLB-load-misses                                              (17.13%)
S1       16    265,883,765,496 branch-loads                                                  (17.01%)
S1       16     14,631,973,009 branch-load-misses                                            (17.78%)
S2       16      9,658,143,400 cache-misses                                                  (16.77%)
S2       16  4,492,157,414,147 cycles                    #    0.000 GHz                      (21.41%)
S2       16  2,998,132,513,819 instructions              #    0.00  insns per cycle          (25.38%)
S2       16          2,280,757 cs                                                            (100.00%)
S2       16             54,835 migrations                                                    (100.00%)
S2       16            326,462 faults                                                      
S2       16    234,054,972,288 bus-cycles                                                    (26.03%)
S2       16  3,801,766,396,665 idle-cycles-frontend      #    0.00% frontend cycles idle     (26.29%)
S2       16  2,818,204,296,871 idle-cycles-backend       #    0.00% backend  cycles idle     (26.73%)
S2       16    551,063,314,713 L1-dcache-loads                                               (27.15%)
S2       16     20,740,059,003 L1-dcache-load-misses                                         (19.06%)
S2       16    277,580,368,135 L1-dcache-stores                                              (19.15%)
S2       16      2,369,336,685 L1-dcache-store-misses                                        (17.89%)
S2       16     13,104,979,111 L1-dcache-prefetch-misses                                     (18.37%)
S2       16      4,493,645,942 L1-icache-load-misses                                         (17.14%)
S2       16     12,442,406,797 LLC-loads                                                     (17.17%)
S2       16      1,044,123,813 LLC-stores                                                    (17.05%)
S2       16      1,778,355,849 LLC-prefetches                                                (9.46%)
S2       16    622,560,321,309 dTLB-loads                                                    (13.01%)
S2       16      7,187,638,282 dTLB-load-misses                                              (17.46%)
S2       16    311,353,937,829 dTLB-stores                                                   (17.10%)
S2       16        269,322,034 dTLB-store-misses                                             (16.69%)
S2       16      1,462,440,118 iTLB-loads                                                    (16.35%)
S2       16        455,468,393 iTLB-load-misses                                              (17.10%)
S2       16    269,184,884,284 branch-loads                                                  (16.31%)
S2       16     15,284,324,363 branch-load-misses                                            (16.70%)
S3       16      9,540,711,859 cache-misses                                                  (17.22%)
S3       16  4,543,593,712,575 cycles                    #    0.000 GHz                      (21.50%)
S3       16  3,093,601,406,293 instructions              #    0.00  insns per cycle          (25.64%)
S3       16          2,311,933 cs                                                            (100.00%)
S3       16             60,524 migrations                                                    (100.00%)
S3       16            490,900 faults                                                      
S3       16    242,540,952,456 bus-cycles                                                    (25.74%)
S3       16  3,864,635,519,560 idle-cycles-frontend      #    0.00% frontend cycles idle     (25.70%)
S3       16  2,830,627,625,535 idle-cycles-backend       #    0.00% backend  cycles idle     (26.02%)
S3       16    609,831,527,967 L1-dcache-loads                                               (25.78%)
S3       16     23,783,696,056 L1-dcache-load-misses                                         (17.59%)
S3       16    312,516,255,105 L1-dcache-stores                                              (17.35%)
S3       16      2,909,397,165 L1-dcache-store-misses                                        (17.24%)
S3       16     14,136,554,427 L1-dcache-prefetch-misses                                     (17.54%)
S3       16      4,663,347,194 L1-icache-load-misses                                         (17.37%)
S3       16     12,772,341,453 LLC-loads                                                     (17.43%)
S3       16      1,101,736,222 LLC-stores                                                    (17.24%)
S3       16      1,949,924,327 LLC-prefetches                                                (9.33%)
S3       16    603,340,922,622 dTLB-loads                                                    (13.56%)
S3       16      7,146,144,742 dTLB-load-misses                                              (17.94%)
S3       16    302,596,870,919 dTLB-stores                                                   (17.95%)
S3       16        402,896,872 dTLB-store-misses                                             (17.55%)
S3       16      1,264,664,488 iTLB-loads                                                    (17.40%)
S3       16        598,747,361 iTLB-load-misses                                              (17.45%)
S3       16    267,168,679,190 branch-loads                                                  (17.31%)
S3       16     14,950,655,371 branch-load-misses                                            (17.23%)

     214.484329703 seconds time elapsed

#################################################################
# Test multi-threading - 64 threads - T6
#################################################################
