mkdir: cannot create directory `/scratch/077-hpca4se-bioinf/jlenis/results/SNAP-Interleave': File exists
> Benchmarks for snap-beta.18: NIST7086_CGTACTAG_L002_R2_001
batman
#################################################################
# Warm up - 64 threads - T1
#################################################################
WarmUp.2593054.SNAP-Interleave.batman.t64
Welcome to SNAP version 1.0beta.23.

Loading index from directory... 240s.  3137208264 bases, seed size 20
Aligning.
Total Reads    Aligned, MAPQ >= 10    Aligned, MAPQ < 10     Unaligned              Too Short/Too Many Ns     Reads/s   Time in Aligner (s)
21,535,062     17,333,608 (80.49%)    2,875,797 (13.35%)     576,575 (2.68%)        749,082 (3.48%)           341,810   63


#################################################################
# Test multi-threading - 8 threads - T2
#################################################################
2593054.SNAP-Interleave.batman.t8
Welcome to SNAP version 1.0beta.23.

Loading index from directory... 268s.  3137208264 bases, seed size 20
Aligning.
Total Reads    Aligned, MAPQ >= 10    Aligned, MAPQ < 10     Unaligned              Too Short/Too Many Ns     Reads/s   Time in Aligner (s)
21,535,062     17,333,608 (80.49%)    2,875,797 (13.35%)     576,575 (2.68%)        749,082 (3.48%)           165,356   130

 Performance counter stats for 'numactl --interleave=0,1 --physcpubind=0-7 ./snap-aligner single /tmp/data/indexes/HG_index_snap /tmp/data/datasets/NIST7086_CGTACTAG_L002_R2_001.fastq -t 8 -o /scratch/077-hpca4se-bioinf/jlenis/results/SNAP-Interleave/2593054.SNAP-Interleave.batman.t8.sam':

S0       16      5,526,720,582 cache-misses                                                  (21.33%)
S0       16  2,826,693,803,775 cycles                    #    0.000 GHz                      (21.53%)
S0       16  2,223,207,419,895 instructions              #   48.32  insns per cycle        
                                             #    0.01  stalled cycles per insn  (27.09%)
S0       16            458,826 cs                                                            (100.00%)
S0       16              1,079 migrations                                                    (100.00%)
S0       16          1,425,829 faults                                                      
S0       16    <not supported> bus-cycles              
S0       16  1,033,776,194,325 idle-cycles-frontend      #  2246.97% frontend cycles idle     (17.49%)
S0       16    360,311,208,482 idle-cycles-backend       #  783.15% backend  cycles idle     (16.31%)
S0       16  1,011,765,056,523 L1-dcache-loads                                               (22.65%)
S0       16     14,689,490,933 L1-dcache-load-misses     #   91.47% of all L1-dcache hits    (27.06%)
S0       16     17,915,718,447 L1-dcache-stores                                              (27.83%)
S0       16    <not supported> L1-dcache-store-misses  
S0       16                  0 L1-dcache-prefetch-misses                                     (26.88%)
S0       16      5,268,333,772 L1-icache-load-misses                                         (28.06%)
S0       16     24,096,847,546 LLC-loads                                                     (12.20%)
S0       16      7,875,091,497 LLC-stores                                                    (11.07%)
S0       16    <not supported> LLC-prefetches          
S0       16  1,049,428,367,902 dTLB-loads                                                    (16.95%)
S0       16        586,975,200 dTLB-load-misses          #    3.53% of all dTLB cache hits   (17.19%)
S0       16    <not supported> dTLB-stores             
S0       16    <not supported> dTLB-store-misses       
S0       16    850,266,529,656 iTLB-loads                                                    (16.59%)
S0       16            980,114 iTLB-load-misses          #    0.01% of all iTLB cache hits   (11.02%)
S0       16    332,134,110,352 branch-loads                                                  (16.66%)
S0       16     26,004,314,541 branch-load-misses                                            (22.33%)
S1       16        144,198,529 cache-misses                                                  (21.41%)
S1       16     35,177,678,427 cycles                    #    0.000 GHz                      (21.45%)
S1       16      6,946,562,733 instructions              #    0.00  insns per cycle          (28.07%)
S1       16             38,452 cs                                                            (100.00%)
S1       16                413 migrations                                                    (100.00%)
S1       16             14,816 faults                                                      
S1       16    <not supported> bus-cycles              
S1       16    290,125,122,997 idle-cycles-frontend      #    0.00% frontend cycles idle     (18.16%)
S1       16     12,136,026,921 idle-cycles-backend       #    0.00% backend  cycles idle     (16.91%)
S1       16      3,385,543,448 L1-dcache-loads                                               (23.61%)
S1       16        195,128,849 L1-dcache-load-misses                                         (28.91%)
S1       16        220,841,737 L1-dcache-stores                                              (27.99%)
S1       16    <not supported> L1-dcache-store-misses  
S1       16                  0 L1-dcache-prefetch-misses                                     (26.62%)
S1       16        155,195,337 L1-icache-load-misses                                         (26.99%)
S1       16        290,722,880 LLC-loads                                                     (11.98%)
S1       16        151,850,746 LLC-stores                                                    (12.16%)
S1       16    <not supported> LLC-prefetches          
S1       16      3,560,521,544 dTLB-loads                                                    (17.14%)
S1       16             92,909 dTLB-load-misses                                              (17.41%)
S1       16    <not supported> dTLB-stores             
S1       16    <not supported> dTLB-store-misses       
S1       16      1,868,107,273 iTLB-loads                                                    (16.17%)
S1       16             69,821 iTLB-load-misses                                              (10.75%)
S1       16      1,178,697,396 branch-loads                                                  (16.02%)
S1       16         21,966,637 branch-load-misses                                            (21.42%)
S2       16         80,541,506 cache-misses                                                  (22.14%)
S2       16     33,903,902,576 cycles                    #    0.000 GHz                      (22.03%)
S2       16      6,338,403,891 instructions              #    0.00  insns per cycle          (27.78%)
S2       16             84,728 cs                                                            (100.00%)
S2       16                792 migrations                                                    (100.00%)
S2       16             13,390 faults                                                      
S2       16    <not supported> bus-cycles              
S2       16    250,865,027,087 idle-cycles-frontend      #    0.00% frontend cycles idle     (16.89%)
S2       16     12,871,843,444 idle-cycles-backend       #    0.00% backend  cycles idle     (17.00%)
S2       16      3,327,847,269 L1-dcache-loads                                               (22.37%)
S2       16        175,670,785 L1-dcache-load-misses                                         (27.96%)
S2       16        186,392,549 L1-dcache-stores                                              (27.94%)
S2       16    <not supported> L1-dcache-store-misses  
S2       16                  0 L1-dcache-prefetch-misses                                     (27.57%)
S2       16         82,557,407 L1-icache-load-misses                                         (27.59%)
S2       16        236,175,149 LLC-loads                                                     (11.21%)
S2       16        173,172,170 LLC-stores                                                    (11.25%)
S2       16    <not supported> LLC-prefetches          
S2       16      3,097,208,759 dTLB-loads                                                    (17.07%)
S2       16            242,874 dTLB-load-misses                                              (16.93%)
S2       16    <not supported> dTLB-stores             
S2       16    <not supported> dTLB-store-misses       
S2       16      1,554,301,298 iTLB-loads                                                    (16.58%)
S2       16             61,062 iTLB-load-misses                                              (10.82%)
S2       16      1,056,290,458 branch-loads                                                  (16.22%)
S2       16         11,372,307 branch-load-misses                                            (21.66%)
S3       16        340,143,671 cache-misses                                                  (21.15%)
S3       16     48,715,169,258 cycles                    #    0.000 GHz                      (20.20%)
S3       16     16,709,963,596 instructions              #    0.00  insns per cycle          (27.08%)
S3       16             59,144 cs                                                            (100.00%)
S3       16              1,280 migrations                                                    (100.00%)
S3       16             25,818 faults                                                      
S3       16    <not supported> bus-cycles              
S3       16    284,627,668,049 idle-cycles-frontend      #    0.00% frontend cycles idle     (18.15%)
S3       16     16,833,136,601 idle-cycles-backend       #    0.00% backend  cycles idle     (16.23%)
S3       16      9,346,623,275 L1-dcache-loads                                               (22.84%)
S3       16        474,963,012 L1-dcache-load-misses                                         (27.47%)
S3       16        492,669,233 L1-dcache-stores                                              (27.52%)
S3       16    <not supported> L1-dcache-store-misses  
S3       16                  0 L1-dcache-prefetch-misses                                     (26.43%)
S3       16        317,579,359 L1-icache-load-misses                                         (27.20%)
S3       16        763,758,991 LLC-loads                                                     (13.58%)
S3       16        181,218,313 LLC-stores                                                    (12.68%)
S3       16    <not supported> LLC-prefetches          
S3       16      8,896,869,424 dTLB-loads                                                    (18.83%)
S3       16            895,304 dTLB-load-misses                                              (17.39%)
S3       16    <not supported> dTLB-stores             
S3       16    <not supported> dTLB-store-misses       
S3       16      5,636,208,817 iTLB-loads                                                    (16.34%)
S3       16            528,855 iTLB-load-misses                                              (10.67%)
S3       16      3,366,366,084 branch-loads                                                  (16.21%)
S3       16        102,697,755 branch-load-misses                                            (21.23%)

     398.632208886 seconds time elapsed

#################################################################
# Test multi-threading - 16 threads - T3
#################################################################
2593054.SNAP-Interleave.batman.t16
Welcome to SNAP version 1.0beta.23.

Loading index from directory... 450s.  3137208264 bases, seed size 20
Aligning.
Total Reads    Aligned, MAPQ >= 10    Aligned, MAPQ < 10     Unaligned              Too Short/Too Many Ns     Reads/s   Time in Aligner (s)
21,535,062     17,333,608 (80.49%)    2,875,797 (13.35%)     576,575 (2.68%)        749,082 (3.48%)           257,174   84

 Performance counter stats for 'numactl --interleave=0,1 --physcpubind=0-15 ./snap-aligner single /tmp/data/indexes/HG_index_snap /tmp/data/datasets/NIST7086_CGTACTAG_L002_R2_001.fastq -t 16 -o /scratch/077-hpca4se-bioinf/jlenis/results/SNAP-Interleave/2593054.SNAP-Interleave.batman.t16.sam':

S0       16      5,890,219,180 cache-misses                                                  (21.57%)
S0       16  3,634,226,119,855 cycles                    #    0.000 GHz                      (22.48%)
S0       16  2,610,714,996,772 instructions              #   44.08  insns per cycle        
                                             #    0.02  stalled cycles per insn  (28.13%)
S0       16            350,457 cs                                                            (100.00%)
S0       16              1,666 migrations                                                    (100.00%)
S0       16          1,434,215 faults                                                      
S0       16    <not supported> bus-cycles              
S0       16  1,652,921,146,499 idle-cycles-frontend      #  2790.71% frontend cycles idle     (17.66%)
S0       16    839,181,790,558 idle-cycles-backend       #  1416.83% backend  cycles idle     (17.00%)
S0       16  1,226,112,448,938 L1-dcache-loads                                               (22.60%)
S0       16     21,060,999,816 L1-dcache-load-misses     #  108.12% of all L1-dcache hits    (28.22%)
S0       16     25,983,152,215 L1-dcache-stores                                              (28.23%)
S0       16    <not supported> L1-dcache-store-misses  
S0       16                  0 L1-dcache-prefetch-misses                                     (28.06%)
S0       16      6,061,722,322 L1-icache-load-misses                                         (27.65%)
S0       16     33,523,869,905 LLC-loads                                                     (10.74%)
S0       16     10,434,999,395 LLC-stores                                                    (10.94%)
S0       16    <not supported> LLC-prefetches          
S0       16  1,249,126,127,569 dTLB-loads                                                    (16.62%)
S0       16        589,915,140 dTLB-load-misses          #    2.97% of all dTLB cache hits   (16.76%)
S0       16    <not supported> dTLB-stores             
S0       16    <not supported> dTLB-store-misses       
S0       16    967,392,324,885 iTLB-loads                                                    (16.56%)
S0       16          1,376,997 iTLB-load-misses          #    0.01% of all iTLB cache hits   (10.60%)
S0       16    415,692,971,971 branch-loads                                                  (16.01%)
S0       16     26,458,694,914 branch-load-misses                                            (21.52%)
S1       16        165,969,138 cache-misses                                                  (21.85%)
S1       16     49,120,536,714 cycles                    #    0.000 GHz                      (21.61%)
S1       16     10,248,132,273 instructions              #    0.00  insns per cycle          (26.97%)
S1       16             70,125 cs                                                            (100.00%)
S1       16              1,483 migrations                                                    (100.00%)
S1       16             33,078 faults                                                      
S1       16    <not supported> bus-cycles              
S1       16    374,647,266,714 idle-cycles-frontend      #    0.00% frontend cycles idle     (16.27%)
S1       16     17,930,191,473 idle-cycles-backend       #    0.00% backend  cycles idle     (16.37%)
S1       16      5,117,782,659 L1-dcache-loads                                               (21.93%)
S1       16        259,814,989 L1-dcache-load-misses                                         (27.66%)
S1       16        300,754,705 L1-dcache-stores                                              (27.84%)
S1       16    <not supported> L1-dcache-store-misses  
S1       16                  0 L1-dcache-prefetch-misses                                     (28.11%)
S1       16        221,051,482 L1-icache-load-misses                                         (28.31%)
S1       16        451,412,269 LLC-loads                                                     (11.32%)
S1       16        195,477,337 LLC-stores                                                    (11.30%)
S1       16    <not supported> LLC-prefetches          
S1       16      4,831,058,687 dTLB-loads                                                    (16.98%)
S1       16            162,022 dTLB-load-misses                                              (16.94%)
S1       16    <not supported> dTLB-stores             
S1       16    <not supported> dTLB-store-misses       
S1       16      2,940,522,993 iTLB-loads                                                    (16.73%)
S1       16            148,824 iTLB-load-misses                                              (11.20%)
S1       16      1,751,113,101 branch-loads                                                  (16.62%)
S1       16         31,903,312 branch-load-misses                                            (22.00%)
S2       16        103,796,246 cache-misses                                                  (21.51%)
S2       16     43,472,366,491 cycles                    #    0.000 GHz                      (21.84%)
S2       16      8,546,894,997 instructions              #    0.00  insns per cycle          (27.40%)
S2       16             96,205 cs                                                            (100.00%)
S2       16              2,113 migrations                                                    (100.00%)
S2       16             24,323 faults                                                      
S2       16    <not supported> bus-cycles              
S2       16    246,500,275,776 idle-cycles-frontend      #    0.00% frontend cycles idle     (17.50%)
S2       16     12,386,651,848 idle-cycles-backend       #    0.00% backend  cycles idle     (16.88%)
S2       16      3,169,419,768 L1-dcache-loads                                               (22.47%)
S2       16        158,713,902 L1-dcache-load-misses                                         (28.14%)
S2       16        173,279,275 L1-dcache-stores                                              (28.19%)
S2       16    <not supported> L1-dcache-store-misses  
S2       16                  0 L1-dcache-prefetch-misses                                     (27.99%)
S2       16         96,604,076 L1-icache-load-misses                                         (28.29%)
S2       16        369,000,250 LLC-loads                                                     (11.37%)
S2       16        255,781,083 LLC-stores                                                    (11.09%)
S2       16    <not supported> LLC-prefetches          
S2       16      4,236,387,675 dTLB-loads                                                    (16.57%)
S2       16             87,274 dTLB-load-misses                                              (17.01%)
S2       16    <not supported> dTLB-stores             
S2       16    <not supported> dTLB-store-misses       
S2       16      1,689,029,682 iTLB-loads                                                    (15.96%)
S2       16             94,272 iTLB-load-misses                                              (10.56%)
S2       16      1,136,451,750 branch-loads                                                  (15.97%)
S2       16         13,122,397 branch-load-misses                                            (21.24%)
S3       16        455,779,935 cache-misses                                                  (21.32%)
S3       16     63,865,408,762 cycles                    #    0.000 GHz                      (24.11%)
S3       16     22,982,828,556 instructions              #    0.00  insns per cycle          (27.37%)
S3       16             61,130 cs                                                            (100.00%)
S3       16              2,152 migrations                                                    (100.00%)
S3       16             42,158 faults                                                      
S3       16    <not supported> bus-cycles              
S3       16    323,670,918,160 idle-cycles-frontend      #    0.00% frontend cycles idle     (18.13%)
S3       16     19,921,337,619 idle-cycles-backend       #    0.00% backend  cycles idle     (17.84%)
S3       16     12,326,988,804 L1-dcache-loads                                               (21.10%)
S3       16        607,606,728 L1-dcache-load-misses                                         (25.78%)
S3       16        640,705,861 L1-dcache-stores                                              (28.14%)
S3       16    <not supported> L1-dcache-store-misses  
S3       16                  0 L1-dcache-prefetch-misses                                     (24.50%)
S3       16        439,926,524 L1-icache-load-misses                                         (27.45%)
S3       16      1,069,794,369 LLC-loads                                                     (11.50%)
S3       16        209,889,486 LLC-stores                                                    (10.60%)
S3       16    <not supported> LLC-prefetches          
S3       16     12,193,889,634 dTLB-loads                                                    (17.32%)
S3       16          1,226,141 dTLB-load-misses                                              (17.13%)
S3       16    <not supported> dTLB-stores             
S3       16    <not supported> dTLB-store-misses       
S3       16      8,028,849,523 iTLB-loads                                                    (15.49%)
S3       16            607,657 iTLB-load-misses                                              (11.94%)
S3       16      4,227,789,427 branch-loads                                                  (18.78%)
S3       16        149,277,751 branch-load-misses                                            (23.44%)

     534.663146339 seconds time elapsed

#################################################################
# Test multi-threading - 32 threads - T4 
#################################################################
2593054.SNAP-Interleave.batman.t32
Welcome to SNAP version 1.0beta.23.

Loading index from directory... 201s.  3137208264 bases, seed size 20
Aligning.
Total Reads    Aligned, MAPQ >= 10    Aligned, MAPQ < 10     Unaligned              Too Short/Too Many Ns     Reads/s   Time in Aligner (s)
21,535,062     17,333,608 (80.49%)    2,875,797 (13.35%)     576,575 (2.68%)        749,082 (3.48%)           387,809   56

 Performance counter stats for 'numactl --interleave=0-3 --physcpubind=0-31 ./snap-aligner single /tmp/data/indexes/HG_index_snap /tmp/data/datasets/NIST7086_CGTACTAG_L002_R2_001.fastq -t 32 -o /scratch/077-hpca4se-bioinf/jlenis/results/SNAP-Interleave/2593054.SNAP-Interleave.batman.t32.sam':

S0       16      3,779,458,883 cache-misses                                                  (22.01%)
S0       16  1,509,949,065,004 cycles                    #    0.000 GHz                      (22.23%)
S0       16  1,081,079,476,481 instructions              #   23.08  insns per cycle        
                                             #    0.03  stalled cycles per insn  (27.71%)
S0       16            265,989 cs                                                            (100.00%)
S0       16                989 migrations                                                    (100.00%)
S0       16            718,963 faults                                                      
S0       16    <not supported> bus-cycles              
S0       16    915,796,445,820 idle-cycles-frontend      #  1955.33% frontend cycles idle     (16.92%)
S0       16    256,044,089,625 idle-cycles-backend       #  546.68% backend  cycles idle     (17.04%)
S0       16    495,495,056,412 L1-dcache-loads                                               (22.84%)
S0       16      7,614,515,223 L1-dcache-load-misses     #   49.11% of all L1-dcache hits    (28.35%)
S0       16      9,365,485,441 L1-dcache-stores                                              (28.65%)
S0       16    <not supported> L1-dcache-store-misses  
S0       16                  0 L1-dcache-prefetch-misses                                     (28.28%)
S0       16      3,739,479,939 L1-icache-load-misses                                         (28.00%)
S0       16     13,810,336,995 LLC-loads                                                     (10.96%)
S0       16      4,496,163,549 LLC-stores                                                    (10.47%)
S0       16    <not supported> LLC-prefetches          
S0       16    531,215,593,370 dTLB-loads                                                    (16.02%)
S0       16        341,039,056 dTLB-load-misses          #    2.12% of all dTLB cache hits   (16.27%)
S0       16    <not supported> dTLB-stores             
S0       16    <not supported> dTLB-store-misses       
S0       16    420,456,035,390 iTLB-loads                                                    (16.74%)
S0       16          1,152,247 iTLB-load-misses          #    0.01% of all iTLB cache hits   (11.08%)
S0       16    160,283,430,053 branch-loads                                                  (16.43%)
S0       16     12,651,481,785 branch-load-misses                                            (21.96%)
S1       16      2,352,178,636 cache-misses                                                  (21.56%)
S1       16  1,402,438,556,706 cycles                    #    0.000 GHz                      (21.80%)
S1       16  1,053,605,438,982 instructions              #    0.00  insns per cycle          (27.31%)
S1       16             82,350 cs                                                            (100.00%)
S1       16                483 migrations                                                    (100.00%)
S1       16            730,534 faults                                                      
S1       16    <not supported> bus-cycles              
S1       16    632,546,100,715 idle-cycles-frontend      #    0.00% frontend cycles idle     (16.77%)
S1       16    225,227,450,070 idle-cycles-backend       #    0.00% backend  cycles idle     (16.79%)
S1       16    484,313,836,905 L1-dcache-loads                                               (22.25%)
S1       16      6,174,990,394 L1-dcache-load-misses                                         (27.99%)
S1       16      7,015,413,718 L1-dcache-stores                                              (28.18%)
S1       16    <not supported> L1-dcache-store-misses  
S1       16                  0 L1-dcache-prefetch-misses                                     (28.37%)
S1       16      2,193,395,164 L1-icache-load-misses                                         (28.44%)
S1       16      9,437,716,470 LLC-loads                                                     (11.15%)
S1       16      2,820,898,614 LLC-stores                                                    (11.07%)
S1       16    <not supported> LLC-prefetches          
S1       16    486,900,217,612 dTLB-loads                                                    (16.61%)
S1       16        320,512,673 dTLB-load-misses                                              (16.63%)
S1       16    <not supported> dTLB-stores             
S1       16    <not supported> dTLB-store-misses       
S1       16    419,588,579,373 iTLB-loads                                                    (16.53%)
S1       16          1,073,627 iTLB-load-misses                                              (10.90%)
S1       16    151,968,765,687 branch-loads                                                  (16.47%)
S1       16     13,028,943,225 branch-load-misses                                            (21.44%)
S2       16        118,038,717 cache-misses                                                  (20.97%)
S2       16     39,160,894,327 cycles                    #    0.000 GHz                      (21.52%)
S2       16      8,670,723,668 instructions              #    0.00  insns per cycle          (27.53%)
S2       16             90,953 cs                                                            (100.00%)
S2       16              2,161 migrations                                                    (100.00%)
S2       16             15,289 faults                                                      
S2       16    <not supported> bus-cycles              
S2       16    200,758,106,457 idle-cycles-frontend      #    0.00% frontend cycles idle     (18.26%)
S2       16     15,541,816,443 idle-cycles-backend       #    0.00% backend  cycles idle     (17.39%)
S2       16      3,958,574,195 L1-dcache-loads                                               (22.60%)
S2       16        211,103,915 L1-dcache-load-misses                                         (27.79%)
S2       16        221,994,998 L1-dcache-stores                                              (27.49%)
S2       16    <not supported> L1-dcache-store-misses  
S2       16                  0 L1-dcache-prefetch-misses                                     (27.49%)
S2       16        108,417,266 L1-icache-load-misses                                         (27.57%)
S2       16        314,165,689 LLC-loads                                                     (11.39%)
S2       16        190,480,963 LLC-stores                                                    (11.40%)
S2       16    <not supported> LLC-prefetches          
S2       16      4,073,365,503 dTLB-loads                                                    (17.05%)
S2       16            130,831 dTLB-load-misses                                              (16.97%)
S2       16    <not supported> dTLB-stores             
S2       16    <not supported> dTLB-store-misses       
S2       16      2,165,665,192 iTLB-loads                                                    (16.28%)
S2       16            110,640 iTLB-load-misses                                              (10.77%)
S2       16      1,385,646,181 branch-loads                                                  (16.38%)
S2       16         14,954,735 branch-load-misses                                            (21.42%)
S3       16        265,061,175 cache-misses                                                  (20.97%)
S3       16     45,947,665,945 cycles                    #    0.000 GHz                      (22.94%)
S3       16     14,377,312,270 instructions              #    0.00  insns per cycle          (26.22%)
S3       16             45,606 cs                                                            (100.00%)
S3       16              1,759 migrations                                                    (100.00%)
S3       16             21,366 faults                                                      
S3       16    <not supported> bus-cycles              
S3       16    289,546,402,092 idle-cycles-frontend      #    0.00% frontend cycles idle     (18.18%)
S3       16     15,680,128,236 idle-cycles-backend       #    0.00% backend  cycles idle     (16.53%)
S3       16      8,598,343,687 L1-dcache-loads                                               (23.03%)
S3       16        427,068,348 L1-dcache-load-misses                                         (26.47%)
S3       16        444,702,055 L1-dcache-stores                                              (27.93%)
S3       16    <not supported> L1-dcache-store-misses  
S3       16                  0 L1-dcache-prefetch-misses                                     (24.61%)
S3       16        281,047,825 L1-icache-load-misses                                         (25.67%)
S3       16        642,015,607 LLC-loads                                                     (13.80%)
S3       16        153,698,178 LLC-stores                                                    (11.26%)
S3       16    <not supported> LLC-prefetches          
S3       16      7,383,979,960 dTLB-loads                                                    (17.56%)
S3       16            624,590 dTLB-load-misses                                              (18.13%)
S3       16    <not supported> dTLB-stores             
S3       16    <not supported> dTLB-store-misses       
S3       16      4,369,859,914 iTLB-loads                                                    (16.00%)
S3       16            391,598 iTLB-load-misses                                              (10.83%)
S3       16      2,465,250,748 branch-loads                                                  (16.30%)
S3       16         85,113,061 branch-load-misses                                            (22.42%)

     257.056842367 seconds time elapsed

#################################################################
# Test multi-threading - 48 threads - T5
#################################################################
2593054.SNAP-Interleave.batman.t48
Welcome to SNAP version 1.0beta.23.

Loading index from directory... 23s.  3137208264 bases, seed size 20
Aligning.
Total Reads    Aligned, MAPQ >= 10    Aligned, MAPQ < 10     Unaligned              Too Short/Too Many Ns     Reads/s   Time in Aligner (s)
21,535,062     17,333,608 (80.49%)    2,875,797 (13.35%)     576,575 (2.68%)        749,082 (3.48%)           405,663   53

 Performance counter stats for 'numactl --interleave=0-5 --physcpubind=0-47 ./snap-aligner single /tmp/data/indexes/HG_index_snap /tmp/data/datasets/NIST7086_CGTACTAG_L002_R2_001.fastq -t 48 -o /scratch/077-hpca4se-bioinf/jlenis/results/SNAP-Interleave/2593054.SNAP-Interleave.batman.t48.sam':

S0       16      2,990,203,745 cache-misses                                                  (20.04%)
S0       16  1,253,748,400,481 cycles                    #    0.000 GHz                      (18.83%)
S0       16    801,222,071,305 instructions              #   13.47  insns per cycle        
                                             #    0.02  stalled cycles per insn  (25.77%)
S0       16             64,290 cs                                                            (100.00%)
S0       16                386 migrations                                                    (100.00%)
S0       16            476,896 faults                                                      
S0       16    <not supported> bus-cycles              
S0       16    293,131,376,869 idle-cycles-frontend      #  492.74% frontend cycles idle     (18.96%)
S0       16    214,462,628,846 idle-cycles-backend       #  360.50% backend  cycles idle     (18.07%)
S0       16    326,213,374,793 L1-dcache-loads                                               (25.11%)
S0       16      4,866,932,714 L1-dcache-load-misses     #   32.30% of all L1-dcache hits    (28.44%)
S0       16      5,422,187,846 L1-dcache-stores                                              (30.30%)
S0       16    <not supported> L1-dcache-store-misses  
S0       16                  0 L1-dcache-prefetch-misses                                     (26.95%)
S0       16      2,316,036,850 L1-icache-load-misses                                         (27.52%)
S0       16      8,951,388,497 LLC-loads                                                     (13.38%)
S0       16      2,454,583,648 LLC-stores                                                    (10.52%)
S0       16    <not supported> LLC-prefetches          
S0       16    404,052,303,672 dTLB-loads                                                    (16.72%)
S0       16        259,549,031 dTLB-load-misses          #    1.63% of all dTLB cache hits   (16.74%)
S0       16    <not supported> dTLB-stores             
S0       16    <not supported> dTLB-store-misses       
S0       16    312,700,018,975 iTLB-loads                                                    (16.70%)
S0       16          1,080,240 iTLB-load-misses          #    0.01% of all iTLB cache hits   (11.83%)
S0       16    123,349,977,204 branch-loads                                                  (16.67%)
S0       16      9,958,930,540 branch-load-misses                                            (20.53%)
S1       16      1,898,829,464 cache-misses                                                  (18.53%)
S1       16  1,370,499,757,658 cycles                    #    0.000 GHz                      (19.88%)
S1       16    756,451,147,123 instructions              #    0.00  insns per cycle          (25.71%)
S1       16             26,004 cs                                                            (100.00%)
S1       16                187 migrations                                                    (100.00%)
S1       16            492,755 faults                                                      
S1       16    <not supported> bus-cycles              
S1       16    373,522,796,141 idle-cycles-frontend      #    0.00% frontend cycles idle     (17.70%)
S1       16    240,370,763,126 idle-cycles-backend       #    0.00% backend  cycles idle     (17.83%)
S1       16    322,602,303,170 L1-dcache-loads                                               (23.51%)
S1       16      4,117,964,641 L1-dcache-load-misses                                         (29.24%)
S1       16      5,797,698,955 L1-dcache-stores                                              (29.58%)
S1       16    <not supported> L1-dcache-store-misses  
S1       16                  0 L1-dcache-prefetch-misses                                     (29.20%)
S1       16      1,389,626,570 L1-icache-load-misses                                         (29.30%)
S1       16      7,072,803,063 LLC-loads                                                     (11.83%)
S1       16      2,759,384,517 LLC-stores                                                    (11.86%)
S1       16    <not supported> LLC-prefetches          
S1       16    314,874,948,863 dTLB-loads                                                    (17.85%)
S1       16        209,127,678 dTLB-load-misses                                              (17.60%)
S1       16    <not supported> dTLB-stores             
S1       16    <not supported> dTLB-store-misses       
S1       16    314,702,691,651 iTLB-loads                                                    (16.72%)
S1       16          1,323,845 iTLB-load-misses                                              (9.57%)
S1       16    133,048,643,155 branch-loads                                                  (14.11%)
S1       16     11,289,297,980 branch-load-misses                                            (18.55%)
S2       16      1,645,119,026 cache-misses                                                  (19.91%)
S2       16  1,158,532,483,560 cycles                    #    0.000 GHz                      (21.17%)
S2       16    704,914,831,024 instructions              #    0.00  insns per cycle          (27.23%)
S2       16             85,068 cs                                                            (100.00%)
S2       16                846 migrations                                                    (100.00%)
S2       16            474,443 faults                                                      
S2       16    <not supported> bus-cycles              
S2       16    298,842,566,976 idle-cycles-frontend      #    0.00% frontend cycles idle     (17.67%)
S2       16    199,658,322,581 idle-cycles-backend       #    0.00% backend  cycles idle     (16.59%)
S2       16    312,003,517,057 L1-dcache-loads                                               (22.64%)
S2       16      3,930,596,213 L1-dcache-load-misses                                         (28.62%)
S2       16      4,321,864,151 L1-dcache-stores                                              (28.64%)
S2       16    <not supported> L1-dcache-store-misses  
S2       16                  0 L1-dcache-prefetch-misses                                     (29.37%)
S2       16      1,381,506,095 L1-icache-load-misses                                         (29.62%)
S2       16      5,954,293,219 LLC-loads                                                     (11.42%)
S2       16      1,497,219,185 LLC-stores                                                    (12.23%)
S2       16    <not supported> LLC-prefetches          
S2       16    296,380,518,664 dTLB-loads                                                    (17.92%)
S2       16        209,562,759 dTLB-load-misses                                              (16.70%)
S2       16    <not supported> dTLB-stores             
S2       16    <not supported> dTLB-store-misses       
S2       16    295,316,700,477 iTLB-loads                                                    (15.58%)
S2       16          1,072,508 iTLB-load-misses                                              (9.77%)
S2       16    121,221,078,262 branch-loads                                                  (14.31%)
S2       16     10,330,190,378 branch-load-misses                                            (18.77%)
S3       16        113,444,717 cache-misses                                                  (22.95%)
S3       16     24,565,045,749 cycles                    #    0.000 GHz                      (24.64%)
S3       16      7,296,516,175 instructions              #    0.00  insns per cycle          (30.00%)
S3       16             37,574 cs                                                            (100.00%)
S3       16                576 migrations                                                    (100.00%)
S3       16             11,012 faults                                                      
S3       16    <not supported> bus-cycles              
S3       16    108,979,119,402 idle-cycles-frontend      #    0.00% frontend cycles idle     (20.02%)
S3       16     11,033,177,293 idle-cycles-backend       #    0.00% backend  cycles idle     (18.28%)
S3       16      3,434,319,123 L1-dcache-loads                                               (24.88%)
S3       16        177,659,654 L1-dcache-load-misses                                         (29.35%)
S3       16        196,899,371 L1-dcache-stores                                              (29.24%)
S3       16    <not supported> L1-dcache-store-misses  
S3       16                  0 L1-dcache-prefetch-misses                                     (24.96%)
S3       16        130,304,882 L1-icache-load-misses                                         (25.17%)
S3       16        336,285,611 LLC-loads                                                     (11.97%)
S3       16        138,811,892 LLC-stores                                                    (9.90%)
S3       16    <not supported> LLC-prefetches          
S3       16      3,433,046,926 dTLB-loads                                                    (15.43%)
S3       16            244,059 dTLB-load-misses                                              (17.06%)
S3       16    <not supported> dTLB-stores             
S3       16    <not supported> dTLB-store-misses       
S3       16      1,895,921,232 iTLB-loads                                                    (14.98%)
S3       16            109,267 iTLB-load-misses                                              (9.56%)
S3       16      1,190,768,169 branch-loads                                                  (14.49%)
S3       16         27,163,564 branch-load-misses                                            (21.11%)

      77.004953173 seconds time elapsed

#################################################################
# Test multi-threading - 64 threads - T6
#################################################################
2593054.SNAP-Interleave.batman.t64
Welcome to SNAP version 1.0beta.23.

Loading index from directory... 25s.  3137208264 bases, seed size 20
Aligning.
Total Reads    Aligned, MAPQ >= 10    Aligned, MAPQ < 10     Unaligned              Too Short/Too Many Ns     Reads/s   Time in Aligner (s)
21,535,062     17,333,608 (80.49%)    2,875,797 (13.35%)     576,575 (2.68%)        749,082 (3.48%)           411,886   52

 Performance counter stats for 'numactl --interleave=0-7 --physcpubind=0-63 ./snap-aligner single /tmp/data/indexes/HG_index_snap /tmp/data/datasets/NIST7086_CGTACTAG_L002_R2_001.fastq -t 64 -o /scratch/077-hpca4se-bioinf/jlenis/results/SNAP-Interleave/2593054.SNAP-Interleave.batman.t64.sam':

S0       16      2,438,917,159 cache-misses                                                  (20.12%)
S0       16  1,180,312,952,630 cycles                    #    0.000 GHz                      (20.80%)
S0       16    574,059,249,321 instructions              #    7.43  insns per cycle        
                                             #    0.03  stalled cycles per insn  (27.70%)
S0       16             78,879 cs                                                            (100.00%)
S0       16                327 migrations                                                    (100.00%)
S0       16            365,316 faults                                                      
S0       16    <not supported> bus-cycles              
S0       16    269,214,878,792 idle-cycles-frontend      #  348.35% frontend cycles idle     (18.92%)
S0       16    253,206,686,268 idle-cycles-backend       #  327.64% backend  cycles idle     (17.71%)
S0       16    260,945,316,709 L1-dcache-loads                                               (23.54%)
S0       16      4,209,812,362 L1-dcache-load-misses     #   28.24% of all L1-dcache hits    (28.17%)
S0       16      4,939,954,492 L1-dcache-stores                                              (28.61%)
S0       16    <not supported> L1-dcache-store-misses  
S0       16                  0 L1-dcache-prefetch-misses                                     (27.88%)
S0       16      2,072,599,914 L1-icache-load-misses                                         (28.72%)
S0       16      7,261,805,498 LLC-loads                                                     (12.33%)
S0       16      1,773,519,361 LLC-stores                                                    (11.01%)
S0       16    <not supported> LLC-prefetches          
S0       16    280,120,524,247 dTLB-loads                                                    (16.67%)
S0       16        193,544,531 dTLB-load-misses          #    1.18% of all dTLB cache hits   (16.05%)
S0       16    <not supported> dTLB-stores             
S0       16    <not supported> dTLB-store-misses       
S0       16    239,104,325,669 iTLB-loads                                                    (15.71%)
S0       16          1,335,466 iTLB-load-misses          #    0.01% of all iTLB cache hits   (10.45%)
S0       16     92,712,885,276 branch-loads                                                  (15.07%)
S0       16      7,284,365,048 branch-load-misses                                            (20.05%)
S1       16      1,312,328,333 cache-misses                                                  (18.42%)
S1       16  1,273,883,803,959 cycles                    #    0.000 GHz                      (19.86%)
S1       16    540,584,654,982 instructions              #    0.00  insns per cycle          (26.27%)
S1       16             38,997 cs                                                            (100.00%)
S1       16                435 migrations                                                    (100.00%)
S1       16            345,383 faults                                                      
S1       16    <not supported> bus-cycles              
S1       16    208,994,021,410 idle-cycles-frontend      #    0.00% frontend cycles idle     (19.88%)
S1       16    229,117,448,750 idle-cycles-backend       #    0.00% backend  cycles idle     (19.59%)
S1       16    203,507,034,683 L1-dcache-loads                                               (25.64%)
S1       16      2,704,955,991 L1-dcache-load-misses                                         (30.66%)
S1       16      3,048,444,626 L1-dcache-stores                                              (30.39%)
S1       16    <not supported> L1-dcache-store-misses  
S1       16                  0 L1-dcache-prefetch-misses                                     (29.16%)
S1       16      1,131,334,898 L1-icache-load-misses                                         (27.83%)
S1       16      4,824,532,075 LLC-loads                                                     (11.00%)
S1       16      1,355,500,155 LLC-stores                                                    (10.84%)
S1       16    <not supported> LLC-prefetches          
S1       16    259,275,876,956 dTLB-loads                                                    (16.54%)
S1       16        160,214,135 dTLB-load-misses                                              (16.78%)
S1       16    <not supported> dTLB-stores             
S1       16    <not supported> dTLB-store-misses       
S1       16    212,859,692,198 iTLB-loads                                                    (16.45%)
S1       16          1,159,116 iTLB-load-misses                                              (10.21%)
S1       16     79,973,501,915 branch-loads                                                  (14.91%)
S1       16      7,268,594,436 branch-load-misses                                            (18.78%)
S2       16      1,386,142,765 cache-misses                                                  (19.74%)
S2       16  1,252,420,242,013 cycles                    #    0.000 GHz                      (19.64%)
S2       16    574,556,954,713 instructions              #    0.00  insns per cycle          (25.78%)
S2       16             94,231 cs                                                            (100.00%)
S2       16              1,602 migrations                                                    (100.00%)
S2       16            366,077 faults                                                      
S2       16    <not supported> bus-cycles              
S2       16    182,903,360,921 idle-cycles-frontend      #    0.00% frontend cycles idle     (16.98%)
S2       16    245,538,540,381 idle-cycles-backend       #    0.00% backend  cycles idle     (17.39%)
S2       16    235,979,712,298 L1-dcache-loads                                               (23.26%)
S2       16      3,086,799,316 L1-dcache-load-misses                                         (28.88%)
S2       16      3,420,119,279 L1-dcache-stores                                              (29.02%)
S2       16    <not supported> L1-dcache-store-misses  
S2       16                  0 L1-dcache-prefetch-misses                                     (29.58%)
S2       16      1,109,535,358 L1-icache-load-misses                                         (30.00%)
S2       16      4,762,482,245 LLC-loads                                                     (11.31%)
S2       16      1,288,000,517 LLC-stores                                                    (11.29%)
S2       16    <not supported> LLC-prefetches          
S2       16    244,417,906,970 dTLB-loads                                                    (16.87%)
S2       16        152,457,034 dTLB-load-misses                                              (17.16%)
S2       16    <not supported> dTLB-stores             
S2       16    <not supported> dTLB-store-misses       
S2       16    214,939,865,404 iTLB-loads                                                    (16.50%)
S2       16          1,351,494 iTLB-load-misses                                              (10.42%)
S2       16     89,431,423,334 branch-loads                                                  (14.81%)
S2       16      7,584,953,337 branch-load-misses                                            (19.43%)
S3       16      1,362,474,879 cache-misses                                                  (19.74%)
S3       16  1,239,448,441,093 cycles                    #    0.000 GHz                      (19.99%)
S3       16    575,262,592,188 instructions              #    0.00  insns per cycle          (25.36%)
S3       16             48,757 cs                                                            (100.00%)
S3       16                687 migrations                                                    (100.00%)
S3       16            389,174 faults                                                      
S3       16    <not supported> bus-cycles              
S3       16    286,758,297,565 idle-cycles-frontend      #    0.00% frontend cycles idle     (17.34%)
S3       16    293,443,161,425 idle-cycles-backend       #    0.00% backend  cycles idle     (16.35%)
S3       16    253,731,661,626 L1-dcache-loads                                               (23.17%)
S3       16      3,423,287,704 L1-dcache-load-misses                                         (26.76%)
S3       16      4,872,351,586 L1-dcache-stores                                              (27.87%)
S3       16    <not supported> L1-dcache-store-misses  
S3       16                  0 L1-dcache-prefetch-misses                                     (26.66%)
S3       16      1,142,667,611 L1-icache-load-misses                                         (28.32%)
S3       16      6,667,026,717 LLC-loads                                                     (12.77%)
S3       16      3,127,178,601 LLC-stores                                                    (11.90%)
S3       16    <not supported> LLC-prefetches          
S3       16    262,879,952,941 dTLB-loads                                                    (17.38%)
S3       16        159,037,101 dTLB-load-misses                                              (18.36%)
S3       16    <not supported> dTLB-stores             
S3       16    <not supported> dTLB-store-misses       
S3       16    205,034,388,862 iTLB-loads                                                    (17.18%)
S3       16          1,453,526 iTLB-load-misses                                              (10.91%)
S3       16     85,301,446,712 branch-loads                                                  (16.02%)
S3       16      7,010,239,574 branch-load-misses                                            (21.29%)

      78.079756233 seconds time elapsed

#################################################################
#################################################################
