mkdir: cannot create directory `/scratch/077-hpca4se-bioinf/jlenis/results/SNAP-Interleave': File exists
> Benchmarks for snap-beta.18: NIST7086_CGTACTAG_L002_R2_001
penguin
#################################################################
# Warm up - 64 threads - T1
#################################################################
WarmUp.2593064.SNAP-Interleave.penguin.t64
Welcome to SNAP version 1.0beta.23.

Loading index from directory... 58s.  3137208264 bases, seed size 20
Aligning.
Total Reads    Aligned, MAPQ >= 10    Aligned, MAPQ < 10     Unaligned              Too Short/Too Many Ns     Reads/s   Time in Aligner (s)
21,535,062     17,333,608 (80.49%)    2,875,797 (13.35%)     576,575 (2.68%)        749,082 (3.48%)           437,100   49


#################################################################
# Test multi-threading - 8 threads - T2
#################################################################
2593064.SNAP-Interleave.penguin.t8
Welcome to SNAP version 1.0beta.23.

Loading index from directory... 116s.  3137208264 bases, seed size 20
Aligning.
Total Reads    Aligned, MAPQ >= 10    Aligned, MAPQ < 10     Unaligned              Too Short/Too Many Ns     Reads/s   Time in Aligner (s)
21,535,062     17,333,608 (80.49%)    2,875,797 (13.35%)     576,575 (2.68%)        749,082 (3.48%)           211,684   102

 Performance counter stats for 'numactl --interleave=0 --physcpubind=0,4,8,12,16,20,24,28 ./snap-aligner single /tmp/data/indexes/HG_index_snap /tmp/data/datasets/NIST7086_CGTACTAG_L002_R2_001.fastq -t 8 -o /scratch/077-hpca4se-bioinf/jlenis/results/SNAP-Interleave/2593064.SNAP-Interleave.penguin.t8.sam':

S0       16      1,725,786,074 cache-misses                                                  (16.53%)
S0       16    646,831,306,443 cycles                    #    0.000 GHz                      (21.01%)
S0       16    611,191,318,270 instructions              #   17.64  insns per cycle        
                                             #    0.08  stalled cycles per insn  (25.44%)
S0       16            284,699 cs                                                            (100.00%)
S0       16                679 migrations                                                    (100.00%)
S0       16            373,989 faults                                                      
S0       16     29,058,189,069 bus-cycles                                                    (25.56%)
S0       16    966,749,653,756 idle-cycles-frontend      #  2790.90% frontend cycles idle     (25.62%)
S0       16    904,350,086,683 idle-cycles-backend       #  2610.76% backend  cycles idle     (25.94%)
S0       16    169,438,121,394 L1-dcache-loads                                               (26.57%)
S0       16      5,919,492,632 L1-dcache-load-misses     #   63.59% of all L1-dcache hits    (18.34%)
S0       16     58,102,938,428 L1-dcache-stores                                              (18.53%)
S0       16      2,461,587,644 L1-dcache-store-misses                                        (19.07%)
S0       16      2,353,403,049 L1-dcache-prefetch-misses                                     (18.99%)
S0       16      1,579,445,009 L1-icache-load-misses                                         (18.24%)
S0       16      3,577,928,992 LLC-loads                                                     (17.91%)
S0       16      1,466,072,745 LLC-stores                                                    (17.21%)
S0       16      1,285,324,869 LLC-prefetches                                                (8.46%)
S0       16    174,547,701,742 dTLB-loads                                                    (12.73%)
S0       16        929,687,901 dTLB-load-misses          #    9.56% of all dTLB cache hits   (16.79%)
S0       16     59,760,107,507 dTLB-stores                                                   (16.81%)
S0       16         66,845,085 dTLB-store-misses                                             (16.79%)
S0       16         14,725,646 iTLB-loads                                                    (16.70%)
S0       16          3,888,516 iTLB-load-misses          #  374.27% of all iTLB cache hits   (16.88%)
S0       16     90,252,850,872 branch-loads                                                  (16.85%)
S0       16      5,310,185,191 branch-load-misses                                            (16.83%)
S1       16        790,477,845 cache-misses                                                  (16.35%)
S1       16    518,859,371,159 cycles                    #    0.000 GHz                      (21.23%)
S1       16    527,075,249,467 instructions              #    0.00  insns per cycle          (25.64%)
S1       16             60,433 cs                                                            (100.00%)
S1       16                132 migrations                                                    (100.00%)
S1       16            363,559 faults                                                      
S1       16     20,643,352,953 bus-cycles                                                    (25.77%)
S1       16    741,421,141,756 idle-cycles-frontend      #    0.00% frontend cycles idle     (26.35%)
S1       16    670,292,746,021 idle-cycles-backend       #    0.00% backend  cycles idle     (26.22%)
S1       16    137,436,832,896 L1-dcache-loads                                               (26.69%)
S1       16      2,658,220,733 L1-dcache-load-misses                                         (17.76%)
S1       16     43,939,156,554 L1-dcache-stores                                              (17.24%)
S1       16      1,205,983,059 L1-dcache-store-misses                                        (17.08%)
S1       16      1,279,081,313 L1-dcache-prefetch-misses                                     (17.18%)
S1       16      1,310,384,120 L1-icache-load-misses                                         (17.27%)
S1       16      1,429,278,151 LLC-loads                                                     (17.43%)
S1       16        259,350,432 LLC-stores                                                    (17.45%)
S1       16        726,830,424 LLC-prefetches                                                (8.44%)
S1       16    150,249,229,397 dTLB-loads                                                    (13.16%)
S1       16        385,586,560 dTLB-load-misses                                              (17.73%)
S1       16     41,421,030,715 dTLB-stores                                                   (17.99%)
S1       16         23,395,082 dTLB-store-misses                                             (18.08%)
S1       16         26,156,078 iTLB-loads                                                    (17.82%)
S1       16          5,744,347 iTLB-load-misses                                              (17.17%)
S1       16     80,096,197,401 branch-loads                                                  (16.90%)
S1       16      5,337,267,391 branch-load-misses                                            (16.85%)
S2       16        764,835,121 cache-misses                                                  (17.06%)
S2       16    559,133,370,038 cycles                    #    0.000 GHz                      (21.28%)
S2       16    540,333,323,905 instructions              #    0.00  insns per cycle          (25.58%)
S2       16             72,045 cs                                                            (100.00%)
S2       16                298 migrations                                                    (100.00%)
S2       16            344,760 faults                                                      
S2       16     22,019,119,948 bus-cycles                                                    (25.76%)
S2       16    814,480,343,973 idle-cycles-frontend      #    0.00% frontend cycles idle     (25.29%)
S2       16    789,738,459,288 idle-cycles-backend       #    0.00% backend  cycles idle     (26.04%)
S2       16    146,168,736,465 L1-dcache-loads                                               (25.65%)
S2       16      2,848,919,056 L1-dcache-load-misses                                         (18.51%)
S2       16     44,651,288,941 L1-dcache-stores                                              (18.21%)
S2       16      1,175,369,892 L1-dcache-store-misses                                        (17.99%)
S2       16      1,186,747,882 L1-dcache-prefetch-misses                                     (17.95%)
S2       16      1,605,628,044 L1-icache-load-misses                                         (18.35%)
S2       16      1,351,528,755 LLC-loads                                                     (17.85%)
S2       16        289,093,297 LLC-stores                                                    (17.95%)
S2       16        630,702,156 LLC-prefetches                                                (9.19%)
S2       16    145,473,795,354 dTLB-loads                                                    (13.10%)
S2       16        567,989,838 dTLB-load-misses                                              (17.46%)
S2       16     43,773,174,656 dTLB-stores                                                   (17.58%)
S2       16         39,224,649 dTLB-store-misses                                             (17.36%)
S2       16         11,803,870 iTLB-loads                                                    (16.71%)
S2       16          5,015,470 iTLB-load-misses                                              (16.38%)
S2       16     73,217,516,047 branch-loads                                                  (16.89%)
S2       16      4,577,988,872 branch-load-misses                                            (16.45%)
S3       16        661,054,114 cache-misses                                                  (17.10%)
S3       16    492,092,818,820 cycles                    #    0.000 GHz                      (21.47%)
S3       16    480,327,166,393 instructions              #    0.00  insns per cycle          (26.13%)
S3       16             62,243 cs                                                            (100.00%)
S3       16                381 migrations                                                    (100.00%)
S3       16            362,823 faults                                                      
S3       16     19,713,765,872 bus-cycles                                                    (26.15%)
S3       16    773,127,926,727 idle-cycles-frontend      #    0.00% frontend cycles idle     (26.23%)
S3       16    716,616,911,280 idle-cycles-backend       #    0.00% backend  cycles idle     (26.74%)
S3       16    142,733,624,134 L1-dcache-loads                                               (26.92%)
S3       16      2,823,835,183 L1-dcache-load-misses                                         (17.47%)
S3       16     42,356,365,986 L1-dcache-stores                                              (17.35%)
S3       16      1,171,195,530 L1-dcache-store-misses                                        (17.35%)
S3       16      1,151,566,911 L1-dcache-prefetch-misses                                     (17.67%)
S3       16      1,174,681,689 L1-icache-load-misses                                         (17.82%)
S3       16      1,354,334,991 LLC-loads                                                     (17.88%)
S3       16        220,315,652 LLC-stores                                                    (17.74%)
S3       16        668,368,891 LLC-prefetches                                                (8.87%)
S3       16    151,847,323,349 dTLB-loads                                                    (13.13%)
S3       16        320,141,699 dTLB-load-misses                                              (17.64%)
S3       16     43,300,672,889 dTLB-stores                                                   (17.42%)
S3       16         15,222,619 dTLB-store-misses                                             (17.01%)
S3       16         13,808,356 iTLB-loads                                                    (16.78%)
S3       16          3,789,529 iTLB-load-misses                                              (16.65%)
S3       16     74,657,370,213 branch-loads                                                  (16.70%)
S3       16      4,905,200,185 branch-load-misses                                            (16.65%)

     218.970856505 seconds time elapsed

#################################################################
# Test multi-threading - 16 threads - T3
#################################################################
2593064.SNAP-Interleave.penguin.t16
Welcome to SNAP version 1.0beta.23.

Loading index from directory... 141s.  3137208264 bases, seed size 20
Aligning.
Total Reads    Aligned, MAPQ >= 10    Aligned, MAPQ < 10     Unaligned              Too Short/Too Many Ns     Reads/s   Time in Aligner (s)
21,535,062     17,333,608 (80.49%)    2,875,797 (13.35%)     576,575 (2.68%)        749,082 (3.48%)           375,351   57

 Performance counter stats for 'numactl --interleave=0,1 --physcpubind=0,4,8,12,16,20,24,28,1,5,9,13,17,21,25,29 ./snap-aligner single /tmp/data/indexes/HG_index_snap /tmp/data/datasets/NIST7086_CGTACTAG_L002_R2_001.fastq -t 16 -o /scratch/077-hpca4se-bioinf/jlenis/results/SNAP-Interleave/2593064.SNAP-Interleave.penguin.t16.sam':

S0       16      1,140,391,738 cache-misses                                                  (16.70%)
S0       16    636,929,587,007 cycles                    #    0.000 GHz                      (21.30%)
S0       16    567,004,752,843 instructions              #   15.08  insns per cycle        
                                             #    0.10  stalled cycles per insn  (26.32%)
S0       16            193,665 cs                                                            (100.00%)
S0       16                701 migrations                                                    (100.00%)
S0       16            378,926 faults                                                      
S0       16     26,024,716,371 bus-cycles                                                    (26.73%)
S0       16    914,725,277,485 idle-cycles-frontend      #  2433.15% frontend cycles idle     (26.91%)
S0       16    833,628,159,699 idle-cycles-backend       #  2217.43% backend  cycles idle     (27.95%)
S0       16    135,711,523,471 L1-dcache-loads                                               (28.03%)
S0       16      2,918,486,777 L1-dcache-load-misses     #   32.78% of all L1-dcache hits    (19.05%)
S0       16     41,741,152,436 L1-dcache-stores                                              (18.89%)
S0       16      1,360,132,642 L1-dcache-store-misses                                        (18.78%)
S0       16      1,280,128,958 L1-dcache-prefetch-misses                                     (18.36%)
S0       16      1,295,356,728 L1-icache-load-misses                                         (17.74%)
S0       16      1,609,991,362 LLC-loads                                                     (17.74%)
S0       16        510,424,076 LLC-stores                                                    (16.98%)
S0       16      1,135,875,243 LLC-prefetches                                                (8.48%)
S0       16    207,373,126,337 dTLB-loads                                                    (12.07%)
S0       16        797,824,982 dTLB-load-misses          #    7.77% of all dTLB cache hits   (16.40%)
S0       16     63,957,974,537 dTLB-stores                                                   (16.05%)
S0       16         56,002,500 dTLB-store-misses                                             (15.78%)
S0       16         18,500,268 iTLB-loads                                                    (15.96%)
S0       16          5,264,673 iTLB-load-misses          #  347.52% of all iTLB cache hits   (15.91%)
S0       16     93,596,376,869 branch-loads                                                  (16.20%)
S0       16      6,258,448,924 branch-load-misses                                            (16.47%)
S1       16      1,243,088,099 cache-misses                                                  (17.34%)
S1       16    603,577,609,496 cycles                    #    0.000 GHz                      (22.28%)
S1       16    503,214,462,054 instructions              #    0.00  insns per cycle          (27.02%)
S1       16            411,980 cs                                                            (100.00%)
S1       16                322 migrations                                                    (100.00%)
S1       16            372,772 faults                                                      
S1       16     27,740,752,953 bus-cycles                                                    (26.64%)
S1       16    976,454,576,280 idle-cycles-frontend      #    0.00% frontend cycles idle     (26.51%)
S1       16    927,158,182,623 idle-cycles-backend       #    0.00% backend  cycles idle     (26.01%)
S1       16    152,997,320,858 L1-dcache-loads                                               (25.56%)
S1       16      4,328,583,971 L1-dcache-load-misses                                         (17.07%)
S1       16     50,169,028,057 L1-dcache-stores                                              (17.92%)
S1       16      2,201,841,445 L1-dcache-store-misses                                        (17.14%)
S1       16      1,734,350,748 L1-dcache-prefetch-misses                                     (17.57%)
S1       16      1,878,884,424 L1-icache-load-misses                                         (17.18%)
S1       16      2,203,201,443 LLC-loads                                                     (17.21%)
S1       16      1,095,620,999 LLC-stores                                                    (17.05%)
S1       16      1,068,819,169 LLC-prefetches                                                (9.40%)
S1       16    157,743,988,377 dTLB-loads                                                    (13.37%)
S1       16        829,168,790 dTLB-load-misses                                              (17.22%)
S1       16     53,304,492,140 dTLB-stores                                                   (17.50%)
S1       16         60,474,810 dTLB-store-misses                                             (17.93%)
S1       16         38,626,507 iTLB-loads                                                    (17.40%)
S1       16          9,342,771 iTLB-load-misses                                              (17.23%)
S1       16     78,817,412,649 branch-loads                                                  (17.32%)
S1       16      5,240,014,830 branch-load-misses                                            (17.55%)
S2       16        875,405,476 cache-misses                                                  (17.01%)
S2       16    591,979,848,662 cycles                    #    0.000 GHz                      (21.63%)
S2       16    518,685,711,471 instructions              #    0.00  insns per cycle          (26.30%)
S2       16             52,572 cs                                                            (100.00%)
S2       16                304 migrations                                                    (100.00%)
S2       16            338,716 faults                                                      
S2       16     23,670,679,680 bus-cycles                                                    (26.31%)
S2       16    814,543,642,929 idle-cycles-frontend      #    0.00% frontend cycles idle     (26.41%)
S2       16    800,748,174,074 idle-cycles-backend       #    0.00% backend  cycles idle     (26.97%)
S2       16    139,138,939,279 L1-dcache-loads                                               (27.27%)
S2       16      3,191,131,262 L1-dcache-load-misses                                         (19.08%)
S2       16     43,745,510,132 L1-dcache-stores                                              (18.61%)
S2       16      1,265,248,564 L1-dcache-store-misses                                        (18.09%)
S2       16      1,136,251,765 L1-dcache-prefetch-misses                                     (17.76%)
S2       16      1,915,174,799 L1-icache-load-misses                                         (17.53%)
S2       16      1,441,805,278 LLC-loads                                                     (17.53%)
S2       16        353,943,007 LLC-stores                                                    (17.03%)
S2       16        770,714,173 LLC-prefetches                                                (8.47%)
S2       16    143,852,942,551 dTLB-loads                                                    (12.95%)
S2       16        723,948,005 dTLB-load-misses                                              (17.04%)
S2       16     43,869,793,947 dTLB-stores                                                   (16.79%)
S2       16         52,710,565 dTLB-store-misses                                             (17.21%)
S2       16         16,705,065 iTLB-loads                                                    (16.19%)
S2       16          4,737,902 iTLB-load-misses                                              (16.48%)
S2       16     79,353,279,788 branch-loads                                                  (16.33%)
S2       16      5,112,345,989 branch-load-misses                                            (16.15%)
S3       16        757,482,875 cache-misses                                                  (16.99%)
S3       16    573,549,119,162 cycles                    #    0.000 GHz                      (21.56%)
S3       16    511,910,863,560 instructions              #    0.00  insns per cycle          (26.27%)
S3       16             53,065 cs                                                            (100.00%)
S3       16                477 migrations                                                    (100.00%)
S3       16            371,441 faults                                                      
S3       16     22,791,511,029 bus-cycles                                                    (26.43%)
S3       16    818,598,203,329 idle-cycles-frontend      #    0.00% frontend cycles idle     (26.50%)
S3       16    781,402,264,400 idle-cycles-backend       #    0.00% backend  cycles idle     (27.30%)
S3       16    141,944,192,135 L1-dcache-loads                                               (27.20%)
S3       16      2,891,098,722 L1-dcache-load-misses                                         (17.68%)
S3       16     43,617,848,336 L1-dcache-stores                                              (17.83%)
S3       16      1,200,056,156 L1-dcache-store-misses                                        (17.60%)
S3       16      1,231,167,146 L1-dcache-prefetch-misses                                     (17.66%)
S3       16      1,167,155,735 L1-icache-load-misses                                         (17.79%)
S3       16      1,468,819,881 LLC-loads                                                     (17.45%)
S3       16        241,021,401 LLC-stores                                                    (17.06%)
S3       16        739,620,059 LLC-prefetches                                                (8.57%)
S3       16    147,832,728,793 dTLB-loads                                                    (12.58%)
S3       16        257,336,467 dTLB-load-misses                                              (16.88%)
S3       16     42,655,997,476 dTLB-stores                                                   (16.88%)
S3       16         10,837,079 dTLB-store-misses                                             (16.80%)
S3       16         23,122,098 iTLB-loads                                                    (17.06%)
S3       16          5,065,987 iTLB-load-misses                                              (17.10%)
S3       16     74,176,372,474 branch-loads                                                  (17.18%)
S3       16      5,145,499,510 branch-load-misses                                            (16.88%)

     198.622126741 seconds time elapsed

#################################################################
# Test multi-threading - 32 threads - T4 
#################################################################
2593064.SNAP-Interleave.penguin.t32
Welcome to SNAP version 1.0beta.23.

Loading index from directory... 101s.  3137208264 bases, seed size 20
Aligning.
Total Reads    Aligned, MAPQ >= 10    Aligned, MAPQ < 10     Unaligned              Too Short/Too Many Ns     Reads/s   Time in Aligner (s)
21,535,062     17,333,608 (80.49%)    2,875,797 (13.35%)     576,575 (2.68%)        749,082 (3.48%)           360,588   60

 Performance counter stats for 'numactl --interleave=0,1 --physcpubind=0,4,8,12,16,20,24,28,32,36,40,44,48,52,56,60,1,5,9,13,17,21,25,29,33,37,41,45,49,53,57,61 ./snap-aligner single /tmp/data/indexes/HG_index_snap /tmp/data/datasets/NIST7086_CGTACTAG_L002_R2_001.fastq -t 32 -o /scratch/077-hpca4se-bioinf/jlenis/results/SNAP-Interleave/2593064.SNAP-Interleave.penguin.t32.sam':

S0       16      1,058,453,209 cache-misses                                                  (17.09%)
S0       16    726,039,048,689 cycles                    #    0.000 GHz                      (21.76%)
S0       16    569,817,199,554 instructions              #   12.92  insns per cycle        
                                             #    0.12  stalled cycles per insn  (26.38%)
S0       16             82,660 cs                                                            (100.00%)
S0       16                447 migrations                                                    (100.00%)
S0       16            354,703 faults                                                      
S0       16     31,183,161,066 bus-cycles                                                    (26.60%)
S0       16  1,149,300,371,696 idle-cycles-frontend      #  2606.28% frontend cycles idle     (27.14%)
S0       16  1,075,707,931,466 idle-cycles-backend       #  2439.40% backend  cycles idle     (27.49%)
S0       16    155,066,472,985 L1-dcache-loads                                               (27.13%)
S0       16      4,040,824,709 L1-dcache-load-misses     #   43.09% of all L1-dcache hits    (17.82%)
S0       16     56,587,549,104 L1-dcache-stores                                              (17.40%)
S0       16      1,843,079,050 L1-dcache-store-misses                                        (16.85%)
S0       16      1,610,699,690 L1-dcache-prefetch-misses                                     (16.87%)
S0       16      2,162,839,142 L1-icache-load-misses                                         (17.19%)
S0       16      2,176,707,013 LLC-loads                                                     (17.06%)
S0       16        467,795,609 LLC-stores                                                    (17.23%)
S0       16        875,454,709 LLC-prefetches                                                (8.98%)
S0       16    158,335,708,855 dTLB-loads                                                    (13.49%)
S0       16      1,252,689,248 dTLB-load-misses          #   11.59% of all dTLB cache hits   (17.83%)
S0       16     55,876,068,983 dTLB-stores                                                   (17.88%)
S0       16        146,569,717 dTLB-store-misses                                             (17.23%)
S0       16         23,887,400 iTLB-loads                                                    (16.99%)
S0       16          6,498,391 iTLB-load-misses          #  538.68% of all iTLB cache hits   (16.44%)
S0       16     98,906,636,995 branch-loads                                                  (16.20%)
S0       16      5,728,465,797 branch-load-misses                                            (16.56%)
S1       16      1,743,364,025 cache-misses                                                  (17.15%)
S1       16    789,846,666,559 cycles                    #    0.000 GHz                      (21.70%)
S1       16    598,867,269,692 instructions              #    0.00  insns per cycle          (25.82%)
S1       16            159,419 cs                                                            (100.00%)
S1       16                162 migrations                                                    (100.00%)
S1       16            380,149 faults                                                      
S1       16     37,661,947,728 bus-cycles                                                    (25.67%)
S1       16  1,236,776,180,453 idle-cycles-frontend      #    0.00% frontend cycles idle     (25.92%)
S1       16  1,137,909,021,556 idle-cycles-backend       #    0.00% backend  cycles idle     (25.63%)
S1       16    163,468,256,887 L1-dcache-loads                                               (25.76%)
S1       16      6,408,474,901 L1-dcache-load-misses                                         (19.26%)
S1       16     58,422,053,366 L1-dcache-stores                                              (17.89%)
S1       16      2,558,975,289 L1-dcache-store-misses                                        (18.95%)
S1       16      2,542,156,027 L1-dcache-prefetch-misses                                     (18.28%)
S1       16      1,413,153,757 L1-icache-load-misses                                         (17.43%)
S1       16      4,735,753,168 LLC-loads                                                     (17.59%)
S1       16      1,540,472,933 LLC-stores                                                    (17.23%)
S1       16      1,483,384,389 LLC-prefetches                                                (8.45%)
S1       16    189,727,449,460 dTLB-loads                                                    (12.62%)
S1       16        881,681,530 dTLB-load-misses                                              (16.82%)
S1       16     66,857,050,025 dTLB-stores                                                   (16.95%)
S1       16         55,471,115 dTLB-store-misses                                             (16.75%)
S1       16         25,014,723 iTLB-loads                                                    (16.87%)
S1       16          8,116,996 iTLB-load-misses                                              (17.31%)
S1       16     94,013,060,766 branch-loads                                                  (17.48%)
S1       16      5,108,793,688 branch-load-misses                                            (17.64%)
S2       16        733,679,450 cache-misses                                                  (17.57%)
S2       16    612,127,076,526 cycles                    #    0.000 GHz                      (23.01%)
S2       16    470,730,198,324 instructions              #    0.00  insns per cycle          (27.96%)
S2       16             50,791 cs                                                            (100.00%)
S2       16                241 migrations                                                    (100.00%)
S2       16            356,692 faults                                                      
S2       16     28,029,254,625 bus-cycles                                                    (27.92%)
S2       16  1,081,080,998,077 idle-cycles-frontend      #    0.00% frontend cycles idle     (27.01%)
S2       16    992,513,739,065 idle-cycles-backend       #    0.00% backend  cycles idle     (27.94%)
S2       16    134,841,597,036 L1-dcache-loads                                               (27.69%)
S2       16      2,825,308,944 L1-dcache-load-misses                                         (18.27%)
S2       16     39,464,523,677 L1-dcache-stores                                              (18.31%)
S2       16      1,070,452,493 L1-dcache-store-misses                                        (18.66%)
S2       16      1,032,059,286 L1-dcache-prefetch-misses                                     (18.75%)
S2       16      1,170,481,671 L1-icache-load-misses                                         (18.67%)
S2       16      1,380,467,687 LLC-loads                                                     (17.92%)
S2       16        248,524,021 LLC-stores                                                    (16.73%)
S2       16        951,455,018 LLC-prefetches                                                (8.18%)
S2       16    180,079,723,723 dTLB-loads                                                    (11.25%)
S2       16        429,043,145 dTLB-load-misses                                              (14.71%)
S2       16     47,230,534,245 dTLB-stores                                                   (15.39%)
S2       16         11,671,769 dTLB-store-misses                                             (16.27%)
S2       16          8,961,656 iTLB-loads                                                    (16.63%)
S2       16          4,742,617 iTLB-load-misses                                              (16.69%)
S2       16     74,431,125,357 branch-loads                                                  (17.18%)
S2       16      5,106,269,234 branch-load-misses                                            (17.27%)
S3       16        845,481,077 cache-misses                                                  (17.33%)
S3       16    694,215,016,434 cycles                    #    0.000 GHz                      (21.88%)
S3       16    542,898,872,056 instructions              #    0.00  insns per cycle          (26.03%)
S3       16             56,448 cs                                                            (100.00%)
S3       16                273 migrations                                                    (100.00%)
S3       16            371,943 faults                                                      
S3       16     31,212,728,560 bus-cycles                                                    (25.97%)
S3       16  1,066,661,945,081 idle-cycles-frontend      #    0.00% frontend cycles idle     (26.15%)
S3       16  1,013,358,708,871 idle-cycles-backend       #    0.00% backend  cycles idle     (25.94%)
S3       16    146,779,190,711 L1-dcache-loads                                               (25.82%)
S3       16      2,705,513,363 L1-dcache-load-misses                                         (17.90%)
S3       16     38,434,123,623 L1-dcache-stores                                              (17.99%)
S3       16      1,042,382,295 L1-dcache-store-misses                                        (18.49%)
S3       16      1,086,667,596 L1-dcache-prefetch-misses                                     (18.46%)
S3       16      1,151,120,827 L1-icache-load-misses                                         (18.10%)
S3       16      1,452,054,529 LLC-loads                                                     (17.87%)
S3       16        268,114,149 LLC-stores                                                    (17.54%)
S3       16        924,299,468 LLC-prefetches                                                (8.54%)
S3       16    163,863,764,595 dTLB-loads                                                    (12.74%)
S3       16        402,561,242 dTLB-load-misses                                              (16.78%)
S3       16     47,581,479,248 dTLB-stores                                                   (16.34%)
S3       16         15,047,035 dTLB-store-misses                                             (16.51%)
S3       16         19,342,289 iTLB-loads                                                    (16.61%)
S3       16          5,939,548 iTLB-load-misses                                              (16.99%)
S3       16     79,211,278,882 branch-loads                                                  (17.45%)
S3       16      5,518,438,564 branch-load-misses                                            (17.39%)

     161.550454058 seconds time elapsed

#################################################################
# Test multi-threading - 48 threads - T5
#################################################################
2593064.SNAP-Interleave.penguin.t48
Welcome to SNAP version 1.0beta.23.

Loading index from directory... 120s.  3137208264 bases, seed size 20
Aligning.
Total Reads    Aligned, MAPQ >= 10    Aligned, MAPQ < 10     Unaligned              Too Short/Too Many Ns     Reads/s   Time in Aligner (s)
21,535,062     17,333,608 (80.49%)    2,875,797 (13.35%)     576,575 (2.68%)        749,082 (3.48%)           500,245   43

 Performance counter stats for 'numactl --interleave=0-2 --physcpubind=0,4,8,12,16,20,24,28,32,36,40,44,48,52,56,60,1,5,9,13,17,21,25,29,33,37,41,45,49,53,57,61,2,6,10,14,18,22,26,30,34,38,42,46,50,54,58,62 ./snap-aligner single /tmp/data/indexes/HG_index_snap /tmp/data/datasets/NIST7086_CGTACTAG_L002_R2_001.fastq -t 48 -o /scratch/077-hpca4se-bioinf/jlenis/results/SNAP-Interleave/2593064.SNAP-Interleave.penguin.t48.sam':

S0       16      1,300,666,879 cache-misses                                                  (17.51%)
S0       16  1,036,541,985,908 cycles                    #    0.000 GHz                      (22.06%)
S0       16    507,122,668,254 instructions              #    8.16  insns per cycle        
                                             #    0.14  stalled cycles per insn  (26.56%)
S0       16            410,989 cs                                                            (100.00%)
S0       16                316 migrations                                                    (100.00%)
S0       16            362,053 faults                                                      
S0       16     47,385,575,680 bus-cycles                                                    (26.33%)
S0       16  1,156,723,222,831 idle-cycles-frontend      #  1860.45% frontend cycles idle     (26.44%)
S0       16  1,034,284,725,426 idle-cycles-backend       #  1663.52% backend  cycles idle     (26.59%)
S0       16    145,104,237,528 L1-dcache-loads                                               (26.50%)
S0       16      4,798,307,228 L1-dcache-load-misses     #   53.50% of all L1-dcache hits    (19.10%)
S0       16     48,573,039,828 L1-dcache-stores                                              (18.39%)
S0       16      2,384,468,399 L1-dcache-store-misses                                        (18.83%)
S0       16      1,744,738,664 L1-dcache-prefetch-misses                                     (17.29%)
S0       16      1,943,631,724 L1-icache-load-misses                                         (16.90%)
S0       16      2,274,996,080 LLC-loads                                                     (16.92%)
S0       16      1,233,056,285 LLC-stores                                                    (16.66%)
S0       16      1,207,697,393 LLC-prefetches                                                (8.89%)
S0       16    155,076,678,271 dTLB-loads                                                    (13.43%)
S0       16        816,991,476 dTLB-load-misses          #    8.39% of all dTLB cache hits   (16.95%)
S0       16     50,350,601,441 dTLB-stores                                                   (16.93%)
S0       16         78,638,699 dTLB-store-misses                                             (16.82%)
S0       16        137,361,731 iTLB-loads                                                    (17.34%)
S0       16         24,695,382 iTLB-load-misses          #  278.96% of all iTLB cache hits   (16.71%)
S0       16     80,305,760,667 branch-loads                                                  (16.70%)
S0       16      5,036,862,280 branch-load-misses                                            (16.93%)
S1       16        965,576,245 cache-misses                                                  (16.91%)
S1       16    978,988,561,246 cycles                    #    0.000 GHz                      (21.69%)
S1       16    525,184,987,881 instructions              #    0.00  insns per cycle          (25.95%)
S1       16             68,071 cs                                                            (100.00%)
S1       16                372 migrations                                                    (100.00%)
S1       16            370,921 faults                                                      
S1       16     43,468,924,688 bus-cycles                                                    (25.66%)
S1       16  1,018,681,296,433 idle-cycles-frontend      #    0.00% frontend cycles idle     (26.11%)
S1       16    884,688,319,837 idle-cycles-backend       #    0.00% backend  cycles idle     (26.70%)
S1       16    141,353,130,868 L1-dcache-loads                                               (26.54%)
S1       16      3,435,088,242 L1-dcache-load-misses                                         (18.55%)
S1       16     42,741,477,758 L1-dcache-stores                                              (17.62%)
S1       16      1,486,821,297 L1-dcache-store-misses                                        (18.26%)
S1       16      1,264,408,854 L1-dcache-prefetch-misses                                     (17.55%)
S1       16      1,325,205,538 L1-icache-load-misses                                         (17.59%)
S1       16      1,629,353,787 LLC-loads                                                     (17.69%)
S1       16        356,275,612 LLC-stores                                                    (17.21%)
S1       16        917,247,061 LLC-prefetches                                                (9.10%)
S1       16    145,823,707,272 dTLB-loads                                                    (13.69%)
S1       16        414,423,015 dTLB-load-misses                                              (16.89%)
S1       16     41,925,872,008 dTLB-stores                                                   (17.14%)
S1       16         27,498,173 dTLB-store-misses                                             (16.64%)
S1       16        135,473,799 iTLB-loads                                                    (17.40%)
S1       16         23,947,542 iTLB-load-misses                                              (16.86%)
S1       16     79,654,902,981 branch-loads                                                  (16.60%)
S1       16      5,399,731,414 branch-load-misses                                            (16.83%)
S2       16      1,270,305,964 cache-misses                                                  (16.54%)
S2       16  1,018,662,904,801 cycles                    #    0.000 GHz                      (21.30%)
S2       16    562,496,557,201 instructions              #    0.00  insns per cycle          (26.07%)
S2       16            136,183 cs                                                            (100.00%)
S2       16                455 migrations                                                    (100.00%)
S2       16            376,807 faults                                                      
S2       16     44,583,497,907 bus-cycles                                                    (25.95%)
S2       16  1,202,005,320,798 idle-cycles-frontend      #    0.00% frontend cycles idle     (26.19%)
S2       16  1,020,730,007,365 idle-cycles-backend       #    0.00% backend  cycles idle     (26.67%)
S2       16    147,574,849,633 L1-dcache-loads                                               (27.27%)
S2       16      4,304,090,351 L1-dcache-load-misses                                         (18.43%)
S2       16     49,163,793,915 L1-dcache-stores                                              (18.25%)
S2       16      1,952,305,901 L1-dcache-store-misses                                        (18.49%)
S2       16      1,421,512,192 L1-dcache-prefetch-misses                                     (17.89%)
S2       16      2,295,460,343 L1-icache-load-misses                                         (17.91%)
S2       16      1,908,956,652 LLC-loads                                                     (18.03%)
S2       16        687,724,073 LLC-stores                                                    (17.79%)
S2       16      1,091,531,832 LLC-prefetches                                                (8.97%)
S2       16    170,616,182,957 dTLB-loads                                                    (13.11%)
S2       16      1,165,901,395 dTLB-load-misses                                              (16.09%)
S2       16     56,675,272,765 dTLB-stores                                                   (16.02%)
S2       16         99,063,746 dTLB-store-misses                                             (16.14%)
S2       16        155,870,377 iTLB-loads                                                    (17.26%)
S2       16         27,275,914 iTLB-load-misses                                              (16.97%)
S2       16     88,233,954,915 branch-loads                                                  (16.58%)
S2       16      5,473,848,567 branch-load-misses                                            (17.03%)
S3       16        876,844,444 cache-misses                                                  (17.58%)
S3       16    944,972,952,720 cycles                    #    0.000 GHz                      (21.95%)
S3       16    506,086,292,376 instructions              #    0.00  insns per cycle          (26.27%)
S3       16             61,192 cs                                                            (100.00%)
S3       16                334 migrations                                                    (100.00%)
S3       16            374,285 faults                                                      
S3       16     41,439,417,370 bus-cycles                                                    (26.70%)
S3       16  1,052,843,680,189 idle-cycles-frontend      #    0.00% frontend cycles idle     (26.53%)
S3       16    917,254,780,493 idle-cycles-backend       #    0.00% backend  cycles idle     (27.29%)
S3       16    140,004,924,788 L1-dcache-loads                                               (26.84%)
S3       16      3,404,739,523 L1-dcache-load-misses                                         (17.78%)
S3       16     40,958,891,877 L1-dcache-stores                                              (17.98%)
S3       16      1,532,216,221 L1-dcache-store-misses                                        (17.22%)
S3       16      1,237,878,174 L1-dcache-prefetch-misses                                     (17.27%)
S3       16      1,322,621,382 L1-icache-load-misses                                         (17.47%)
S3       16      1,616,440,171 LLC-loads                                                     (17.64%)
S3       16        350,014,439 LLC-stores                                                    (17.42%)
S3       16        943,163,972 LLC-prefetches                                                (8.28%)
S3       16    151,369,124,210 dTLB-loads                                                    (12.65%)
S3       16        381,218,478 dTLB-load-misses                                              (16.84%)
S3       16     42,883,183,709 dTLB-stores                                                   (17.25%)
S3       16         18,151,099 dTLB-store-misses                                             (17.09%)
S3       16        137,858,800 iTLB-loads                                                    (16.82%)
S3       16         33,245,481 iTLB-load-misses                                              (16.71%)
S3       16     79,377,274,000 branch-loads                                                  (16.64%)
S3       16      5,397,587,269 branch-load-misses                                            (16.59%)

     163.262275479 seconds time elapsed

#################################################################
# Test multi-threading - 64 threads - T6
#################################################################
2593064.SNAP-Interleave.penguin.t64
Welcome to SNAP version 1.0beta.23.

Loading index from directory... 33s.  3137208264 bases, seed size 20
Aligning.
Total Reads    Aligned, MAPQ >= 10    Aligned, MAPQ < 10     Unaligned              Too Short/Too Many Ns     Reads/s   Time in Aligner (s)
21,535,062     17,333,608 (80.49%)    2,875,797 (13.35%)     576,575 (2.68%)        749,082 (3.48%)           463,398   46

 Performance counter stats for 'numactl --interleave=0-3 --physcpubind=0-63 ./snap-aligner single /tmp/data/indexes/HG_index_snap /tmp/data/datasets/NIST7086_CGTACTAG_L002_R2_001.fastq -t 64 -o /scratch/077-hpca4se-bioinf/jlenis/results/SNAP-Interleave/2593064.SNAP-Interleave.penguin.t64.sam':

S0       16        960,861,590 cache-misses                                                  (16.84%)
S0       16  1,149,304,448,742 cycles                    #    0.000 GHz                      (21.96%)
S0       16    467,749,599,817 instructions              #    6.46  insns per cycle        
                                             #    0.12  stalled cycles per insn  (27.48%)
S0       16             80,751 cs                                                            (100.00%)
S0       16                187 migrations                                                    (100.00%)
S0       16            341,137 faults                                                      
S0       16     46,580,895,945 bus-cycles                                                    (28.43%)
S0       16    823,085,060,132 idle-cycles-frontend      #  1136.48% frontend cycles idle     (29.47%)
S0       16    684,949,322,150 idle-cycles-backend       #  945.75% backend  cycles idle     (30.13%)
S0       16    119,203,658,252 L1-dcache-loads                                               (29.84%)
S0       16      3,346,503,357 L1-dcache-load-misses     #   39.70% of all L1-dcache hits    (18.49%)
S0       16     39,713,860,873 L1-dcache-stores                                              (17.78%)
S0       16      1,558,192,236 L1-dcache-store-misses                                        (17.37%)
S0       16      1,059,746,790 L1-dcache-prefetch-misses                                     (17.19%)
S0       16      1,388,345,591 L1-icache-load-misses                                         (17.23%)
S0       16      1,597,528,209 LLC-loads                                                     (16.89%)
S0       16        412,619,815 LLC-stores                                                    (16.32%)
S0       16        905,918,749 LLC-prefetches                                                (8.37%)
S0       16    154,835,837,546 dTLB-loads                                                    (12.45%)
S0       16        446,354,460 dTLB-load-misses          #    4.50% of all dTLB cache hits   (16.19%)
S0       16     44,144,135,230 dTLB-stores                                                   (16.30%)
S0       16         41,502,816 dTLB-store-misses                                             (16.36%)
S0       16        177,192,311 iTLB-loads                                                    (15.91%)
S0       16         61,821,586 iTLB-load-misses          #  455.96% of all iTLB cache hits   (15.81%)
S0       16     81,994,649,215 branch-loads                                                  (15.66%)
S0       16      5,821,662,869 branch-load-misses                                            (15.96%)
S1       16      1,525,025,108 cache-misses                                                  (16.98%)
S1       16  1,183,708,007,965 cycles                    #    0.000 GHz                      (21.57%)
S1       16    520,780,805,030 instructions              #    0.00  insns per cycle          (26.04%)
S1       16            102,323 cs                                                            (100.00%)
S1       16                335 migrations                                                    (100.00%)
S1       16            381,762 faults                                                      
S1       16     51,019,992,938 bus-cycles                                                    (26.79%)
S1       16  1,042,449,542,302 idle-cycles-frontend      #    0.00% frontend cycles idle     (26.80%)
S1       16    866,393,943,495 idle-cycles-backend       #    0.00% backend  cycles idle     (27.68%)
S1       16    139,769,810,872 L1-dcache-loads                                               (27.61%)
S1       16      5,037,544,363 L1-dcache-load-misses                                         (18.56%)
S1       16     48,833,794,120 L1-dcache-stores                                              (17.51%)
S1       16      2,719,606,452 L1-dcache-store-misses                                        (17.52%)
S1       16      1,992,928,226 L1-dcache-prefetch-misses                                     (16.66%)
S1       16      1,500,159,706 L1-icache-load-misses                                         (17.18%)
S1       16      2,547,568,457 LLC-loads                                                     (16.82%)
S1       16      1,556,388,123 LLC-stores                                                    (16.91%)
S1       16      1,282,630,267 LLC-prefetches                                                (9.27%)
S1       16    160,012,924,464 dTLB-loads                                                    (12.94%)
S1       16        537,001,080 dTLB-load-misses                                              (16.72%)
S1       16     50,926,608,504 dTLB-stores                                                   (16.68%)
S1       16         57,842,978 dTLB-store-misses                                             (16.87%)
S1       16        187,027,934 iTLB-loads                                                    (17.36%)
S1       16         34,444,197 iTLB-load-misses                                              (17.60%)
S1       16     75,886,315,473 branch-loads                                                  (17.59%)
S1       16      5,583,777,399 branch-load-misses                                            (16.50%)
S2       16      1,397,384,992 cache-misses                                                  (16.26%)
S2       16  1,227,054,822,170 cycles                    #    0.000 GHz                      (21.33%)
S2       16    574,165,228,604 instructions              #    0.00  insns per cycle          (26.27%)
S2       16             69,809 cs                                                            (100.00%)
S2       16                381 migrations                                                    (100.00%)
S2       16            369,309 faults                                                      
S2       16     48,513,107,542 bus-cycles                                                    (27.44%)
S2       16    880,446,692,870 idle-cycles-frontend      #    0.00% frontend cycles idle     (27.20%)
S2       16    721,364,766,293 idle-cycles-backend       #    0.00% backend  cycles idle     (27.79%)
S2       16    146,166,544,174 L1-dcache-loads                                               (27.60%)
S2       16      4,045,837,599 L1-dcache-load-misses                                         (19.28%)
S2       16     48,728,971,680 L1-dcache-stores                                              (17.56%)
S2       16      2,008,587,891 L1-dcache-store-misses                                        (17.90%)
S2       16      1,335,171,832 L1-dcache-prefetch-misses                                     (16.66%)
S2       16      2,389,400,945 L1-icache-load-misses                                         (17.75%)
S2       16      2,019,401,850 LLC-loads                                                     (16.59%)
S2       16        566,280,345 LLC-stores                                                    (17.37%)
S2       16      1,014,451,377 LLC-prefetches                                                (10.53%)
S2       16    160,769,287,502 dTLB-loads                                                    (14.14%)
S2       16        972,656,572 dTLB-load-misses                                              (17.99%)
S2       16     49,499,063,250 dTLB-stores                                                   (17.38%)
S2       16        136,326,100 dTLB-store-misses                                             (16.62%)
S2       16        268,476,138 iTLB-loads                                                    (16.24%)
S2       16         35,970,442 iTLB-load-misses                                              (15.98%)
S2       16     93,557,284,452 branch-loads                                                  (15.68%)
S2       16      6,806,162,861 branch-load-misses                                            (15.26%)
S3       16        904,166,499 cache-misses                                                  (17.65%)
S3       16  1,075,084,524,815 cycles                    #    0.000 GHz                      (22.25%)
S3       16    499,861,743,145 instructions              #    0.00  insns per cycle          (27.19%)
S3       16             57,757 cs                                                            (100.00%)
S3       16                361 migrations                                                    (100.00%)
S3       16            368,826 faults                                                      
S3       16     46,720,410,034 bus-cycles                                                    (27.98%)
S3       16    864,764,821,434 idle-cycles-frontend      #    0.00% frontend cycles idle     (28.30%)
S3       16    711,382,962,241 idle-cycles-backend       #    0.00% backend  cycles idle     (29.18%)
S3       16    134,390,019,331 L1-dcache-loads                                               (28.44%)
S3       16      3,618,758,476 L1-dcache-load-misses                                         (17.87%)
S3       16     41,742,873,149 L1-dcache-stores                                              (17.80%)
S3       16      1,676,236,452 L1-dcache-store-misses                                        (17.25%)
S3       16      1,152,488,243 L1-dcache-prefetch-misses                                     (17.40%)
S3       16      1,330,990,474 L1-icache-load-misses                                         (17.78%)
S3       16      1,643,535,918 LLC-loads                                                     (17.39%)
S3       16        409,335,130 LLC-stores                                                    (17.02%)
S3       16      1,021,277,549 LLC-prefetches                                                (8.05%)
S3       16    159,689,257,882 dTLB-loads                                                    (12.07%)
S3       16        410,046,928 dTLB-load-misses                                              (15.87%)
S3       16     48,323,794,030 dTLB-stores                                                   (15.54%)
S3       16         28,839,869 dTLB-store-misses                                             (16.03%)
S3       16        235,058,532 iTLB-loads                                                    (16.11%)
S3       16         45,408,535 iTLB-load-misses                                              (16.26%)
S3       16     78,256,963,197 branch-loads                                                  (16.87%)
S3       16      5,554,378,880 branch-load-misses                                            (16.66%)

      79.925058007 seconds time elapsed

#################################################################
#################################################################
