mkdir: cannot create directory `/scratch/077-hpca4se-bioinf/jlenis/results/BOWTIE2-Scalability': File exists
> Benchmarks for Bowtie2 2.2.6: gcat_set_039_1
penguin
#################################################################
# Warm up - 64 threads - T1
#################################################################
WarmUp.2595783.BOWTIE2-Scalability.penguin.t64
perl: warning: Setting locale failed.
perl: warning: Please check that your locale settings:
	LANGUAGE = (unset),
	LC_ALL = (unset),
	LC_CTYPE = "UTF-8",
	LANG = "en_US.UTF-8"
    are supported and installed on your system.
perl: warning: Falling back to the standard locale ("C").
11945249 reads; of these:
  11945249 (100.00%) were unpaired; of these:
    268643 (2.25%) aligned 0 times
    7905342 (66.18%) aligned exactly 1 time
    3771264 (31.57%) aligned >1 times
97.75% overall alignment rate
#################################################################
# Test multi-threading - 8 threads - T2
#################################################################
2595783.BOWTIE2-Scalability.penguin.t8
perl: warning: Setting locale failed.
perl: warning: Please check that your locale settings:
	LANGUAGE = (unset),
	LC_ALL = (unset),
	LC_CTYPE = "UTF-8",
	LANG = "en_US.UTF-8"
    are supported and installed on your system.
perl: warning: Falling back to the standard locale ("C").
11945249 reads; of these:
  11945249 (100.00%) were unpaired; of these:
    268643 (2.25%) aligned 0 times
    7905342 (66.18%) aligned exactly 1 time
    3771264 (31.57%) aligned >1 times
97.75% overall alignment rate

 Performance counter stats for './bowtie2 -p 8 -x /tmp/data/indexes/HG_index_bowtie2/bowtie2_index /tmp/data/datasets/gcat_set_039_1.fastq -S /scratch/077-hpca4se-bioinf/jlenis/results/BOWTIE2-Scalability/2595783.BOWTIE2-Scalability.penguin.t8.sam':

S0       16         3950245381 cache-misses                                                  (17.51%)
S0       16      4689787948989 cycles                    #    0.000 GHz                      (21.71%)
S0       16      8448950838722 instructions              #   28.81  insns per cycle        
                                             #    0.05  stalled cycles per insn  (26.12%)
S0       16              96218 cs                                                            (100.00%)
S0       16               2776 migrations                                                    (100.00%)
S0       16              64776 faults                                                      
S0       16       182503282411 bus-cycles                                                    (25.10%)
S0       16      6621077380750 idle-cycles-frontend      #  2257.71% frontend cycles idle     (24.88%)
S0       16      6058281013600 idle-cycles-backend       #  2065.80% backend  cycles idle     (24.79%)
S0       16      2223329037227 L1-dcache-loads                                               (23.91%)
S0       16        77666121800 L1-dcache-load-misses     #   58.97% of all L1-dcache hits    (18.33%)
S0       16      1082507175118 L1-dcache-stores                                              (17.19%)
S0       16        58829339687 L1-dcache-store-misses                                        (17.81%)
S0       16        36712454330 L1-dcache-prefetch-misses                                     (17.96%)
S0       16        10946764721 L1-icache-load-misses                                         (18.48%)
S0       16        13728767092 LLC-loads                                                     (17.80%)
S0       16         9009000868 LLC-stores                                                    (17.27%)
S0       16        23700542738 LLC-prefetches                                                (9.85%)
S0       16      2241556469342 dTLB-loads                                                    (13.42%)
S0       16         2601068919 dTLB-load-misses          #    1.96% of all dTLB cache hits   (17.54%)
S0       16      1083343151826 dTLB-stores                                                   (17.52%)
S0       16          186954540 dTLB-store-misses                                             (18.18%)
S0       16          265293597 iTLB-loads                                                    (17.82%)
S0       16          103237803 iTLB-load-misses          #  672.41% of all iTLB cache hits   (17.74%)
S0       16       835020144697 branch-loads                                                  (17.74%)
S0       16        18398693280 branch-load-misses                                            (17.72%)
S1       16         3651550785 cache-misses                                                  (16.92%)
S1       16      4744022202367 cycles                    #    0.000 GHz                      (21.39%)
S1       16      7963923925131 instructions              #    0.00  insns per cycle          (25.73%)
S1       16             159014 cs                                                            (100.00%)
S1       16               1041 migrations                                                    (100.00%)
S1       16              49210 faults                                                      
S1       16       182042488020 bus-cycles                                                    (26.02%)
S1       16      6795425057018 idle-cycles-frontend      #    0.00% frontend cycles idle     (25.62%)
S1       16      6282410564022 idle-cycles-backend       #    0.00% backend  cycles idle     (25.70%)
S1       16      2073533975049 L1-dcache-loads                                               (25.82%)
S1       16        71640245764 L1-dcache-load-misses                                         (17.57%)
S1       16      1018451625492 L1-dcache-stores                                              (17.57%)
S1       16        55704091861 L1-dcache-store-misses                                        (17.63%)
S1       16        34314211596 L1-dcache-prefetch-misses                                     (17.59%)
S1       16        10362316559 L1-icache-load-misses                                         (18.04%)
S1       16        13047910308 LLC-loads                                                     (17.64%)
S1       16         8423080459 LLC-stores                                                    (17.71%)
S1       16        22703546846 LLC-prefetches                                                (9.87%)
S1       16      2095883997557 dTLB-loads                                                    (13.33%)
S1       16         2542325012 dTLB-load-misses                                              (17.32%)
S1       16      1017690537462 dTLB-stores                                                   (17.18%)
S1       16          234040809 dTLB-store-misses                                             (17.63%)
S1       16          238436826 iTLB-loads                                                    (17.18%)
S1       16          119181822 iTLB-load-misses                                              (17.08%)
S1       16       805169882808 branch-loads                                                  (16.99%)
S1       16        17631079235 branch-load-misses                                            (17.03%)
S2       16         3557543108 cache-misses                                                  (18.34%)
S2       16      4776747254132 cycles                    #    0.000 GHz                      (22.97%)
S2       16      7937396111477 instructions              #    0.00  insns per cycle          (27.52%)
S2       16              89244 cs                                                            (100.00%)
S2       16                739 migrations                                                    (100.00%)
S2       16              70612 faults                                                      
S2       16       184945108263 bus-cycles                                                    (27.31%)
S2       16      6829793068403 idle-cycles-frontend      #    0.00% frontend cycles idle     (27.11%)
S2       16      6347543491522 idle-cycles-backend       #    0.00% backend  cycles idle     (26.82%)
S2       16      2069518454533 L1-dcache-loads                                               (26.40%)
S2       16        70615771488 L1-dcache-load-misses                                         (17.02%)
S2       16      1007422222020 L1-dcache-stores                                              (16.62%)
S2       16        54954168791 L1-dcache-store-misses                                        (16.45%)
S2       16        33298540061 L1-dcache-prefetch-misses                                     (16.53%)
S2       16         9908391181 L1-icache-load-misses                                         (16.49%)
S2       16        12406713840 LLC-loads                                                     (16.62%)
S2       16         8217316744 LLC-stores                                                    (16.68%)
S2       16        21820892891 LLC-prefetches                                                (8.58%)
S2       16      2030911293094 dTLB-loads                                                    (13.04%)
S2       16         2359227524 dTLB-load-misses                                              (17.40%)
S2       16       988170291749 dTLB-stores                                                   (17.47%)
S2       16          178884050 dTLB-store-misses                                             (17.50%)
S2       16          245345842 iTLB-loads                                                    (17.43%)
S2       16           95065153 iTLB-load-misses                                              (17.67%)
S2       16       791435609679 branch-loads                                                  (17.96%)
S2       16        17524631946 branch-load-misses                                            (18.20%)
S3       16         3493486132 cache-misses                                                  (17.35%)
S3       16      4558447961755 cycles                    #    0.000 GHz                      (21.63%)
S3       16      7704453420884 instructions              #    0.00  insns per cycle          (25.91%)
S3       16             105697 cs                                                            (100.00%)
S3       16               1392 migrations                                                    (100.00%)
S3       16              36839 faults                                                      
S3       16       177658870762 bus-cycles                                                    (25.84%)
S3       16      6701286088403 idle-cycles-frontend      #    0.00% frontend cycles idle     (25.83%)
S3       16      6093764692611 idle-cycles-backend       #    0.00% backend  cycles idle     (26.03%)
S3       16      2062092869292 L1-dcache-loads                                               (25.42%)
S3       16        72305139077 L1-dcache-load-misses                                         (17.76%)
S3       16      1024592474777 L1-dcache-stores                                              (17.16%)
S3       16        56700071513 L1-dcache-store-misses                                        (17.05%)
S3       16        35007524676 L1-dcache-prefetch-misses                                     (16.98%)
S3       16        10387426838 L1-icache-load-misses                                         (16.99%)
S3       16        12809735976 LLC-loads                                                     (17.28%)
S3       16         8349360323 LLC-stores                                                    (17.58%)
S3       16        21356019265 LLC-prefetches                                                (8.99%)
S3       16      2116681596545 dTLB-loads                                                    (13.40%)
S3       16         2519711332 dTLB-load-misses                                              (17.76%)
S3       16      1040569186059 dTLB-stores                                                   (17.58%)
S3       16          222957553 dTLB-store-misses                                             (17.70%)
S3       16          233543778 iTLB-loads                                                    (17.64%)
S3       16          113947914 iTLB-load-misses                                              (17.63%)
S3       16       777330518148 branch-loads                                                  (17.56%)
S3       16        17053100682 branch-load-misses                                            (17.25%)

     913.442197747 seconds time elapsed

#################################################################
# Test multi-threading - 16 threads - T3
#################################################################
2595783.BOWTIE2-Scalability.penguin.t16
perl: warning: Setting locale failed.
perl: warning: Please check that your locale settings:
	LANGUAGE = (unset),
	LC_ALL = (unset),
	LC_CTYPE = "UTF-8",
	LANG = "en_US.UTF-8"
    are supported and installed on your system.
perl: warning: Falling back to the standard locale ("C").
11945249 reads; of these:
  11945249 (100.00%) were unpaired; of these:
    268643 (2.25%) aligned 0 times
    7905342 (66.18%) aligned exactly 1 time
    3771264 (31.57%) aligned >1 times
97.75% overall alignment rate

 Performance counter stats for './bowtie2 -p 16 -x /tmp/data/indexes/HG_index_bowtie2/bowtie2_index /tmp/data/datasets/gcat_set_039_1.fastq -S /scratch/077-hpca4se-bioinf/jlenis/results/BOWTIE2-Scalability/2595783.BOWTIE2-Scalability.penguin.t16.sam':

S0       16         4228734036 cache-misses                                                  (16.88%)
S0       16      4663011564640 cycles                    #    0.000 GHz                      (21.39%)
S0       16      8182598145342 instructions              #   27.31  insns per cycle        
                                             #    0.05  stalled cycles per insn  (25.57%)
S0       16              79719 cs                                                            (100.00%)
S0       16                468 migrations                                                    (100.00%)
S0       16              38471 faults                                                      
S0       16       199210458238 bus-cycles                                                    (25.63%)
S0       16      6511581182683 idle-cycles-frontend      #  2173.12% frontend cycles idle     (25.55%)
S0       16      5929414569515 idle-cycles-backend       #  1978.83% backend  cycles idle     (25.62%)
S0       16      2144755742484 L1-dcache-loads                                               (25.74%)
S0       16        74160436360 L1-dcache-load-misses     #   56.53% of all L1-dcache hits    (17.34%)
S0       16      1037326775015 L1-dcache-stores                                              (17.29%)
S0       16        56869503642 L1-dcache-store-misses                                        (17.24%)
S0       16        35101080923 L1-dcache-prefetch-misses                                     (17.10%)
S0       16        10608299920 L1-icache-load-misses                                         (17.43%)
S0       16        13085352835 LLC-loads                                                     (17.72%)
S0       16         8734175485 LLC-stores                                                    (17.77%)
S0       16        21889540224 LLC-prefetches                                                (8.96%)
S0       16      2149363554354 dTLB-loads                                                    (13.71%)
S0       16         2644894070 dTLB-load-misses          #    1.97% of all dTLB cache hits   (17.99%)
S0       16      1042908862317 dTLB-stores                                                   (17.87%)
S0       16          468345513 dTLB-store-misses                                             (17.81%)
S0       16          274763046 iTLB-loads                                                    (17.44%)
S0       16          218400827 iTLB-load-misses          #  1441.74% of all iTLB cache hits   (17.17%)
S0       16       823264238790 branch-loads                                                  (17.17%)
S0       16        18281843701 branch-load-misses                                            (17.00%)
S1       16         3805788483 cache-misses                                                  (17.26%)
S1       16      4889544906060 cycles                    #    0.000 GHz                      (21.32%)
S1       16      7983291451419 instructions              #    0.00  insns per cycle          (25.94%)
S1       16             186124 cs                                                            (100.00%)
S1       16               1260 migrations                                                    (100.00%)
S1       16              56448 faults                                                      
S1       16       193416078799 bus-cycles                                                    (26.01%)
S1       16      7068854982606 idle-cycles-frontend      #    0.00% frontend cycles idle     (25.91%)
S1       16      6520520245845 idle-cycles-backend       #    0.00% backend  cycles idle     (25.66%)
S1       16      2100443515998 L1-dcache-loads                                               (25.59%)
S1       16        72589359979 L1-dcache-load-misses                                         (17.47%)
S1       16      1026258942141 L1-dcache-stores                                              (17.23%)
S1       16        56013263466 L1-dcache-store-misses                                        (17.29%)
S1       16        34342536866 L1-dcache-prefetch-misses                                     (17.28%)
S1       16        10618295809 L1-icache-load-misses                                         (16.97%)
S1       16        12975581522 LLC-loads                                                     (17.20%)
S1       16         8441649542 LLC-stores                                                    (17.38%)
S1       16        22472938787 LLC-prefetches                                                (8.70%)
S1       16      2210587667462 dTLB-loads                                                    (13.08%)
S1       16         2737355396 dTLB-load-misses                                              (17.67%)
S1       16      1051611184529 dTLB-stores                                                   (17.55%)
S1       16          347541496 dTLB-store-misses                                             (17.63%)
S1       16          242308453 iTLB-loads                                                    (17.61%)
S1       16          155133798 iTLB-load-misses                                              (17.58%)
S1       16       806614421863 branch-loads                                                  (17.97%)
S1       16        17713040589 branch-load-misses                                            (17.75%)
S2       16         3688145585 cache-misses                                                  (16.59%)
S2       16      4797830828690 cycles                    #    0.000 GHz                      (21.12%)
S2       16      7860871931764 instructions              #    0.00  insns per cycle          (25.50%)
S2       16              96857 cs                                                            (100.00%)
S2       16                407 migrations                                                    (100.00%)
S2       16              55544 faults                                                      
S2       16       193463773529 bus-cycles                                                    (25.44%)
S2       16      7068993049307 idle-cycles-frontend      #    0.00% frontend cycles idle     (25.42%)
S2       16      6549786471694 idle-cycles-backend       #    0.00% backend  cycles idle     (25.62%)
S2       16      2080208781984 L1-dcache-loads                                               (25.83%)
S2       16        72044427377 L1-dcache-load-misses                                         (17.71%)
S2       16      1019115666779 L1-dcache-stores                                              (18.34%)
S2       16        55849665660 L1-dcache-store-misses                                        (18.47%)
S2       16        34170812109 L1-dcache-prefetch-misses                                     (18.83%)
S2       16        10064080885 L1-icache-load-misses                                         (18.52%)
S2       16        12437365102 LLC-loads                                                     (18.41%)
S2       16         8121287323 LLC-stores                                                    (17.68%)
S2       16        21406242446 LLC-prefetches                                                (9.33%)
S2       16      2103460677890 dTLB-loads                                                    (12.91%)
S2       16         2514264259 dTLB-load-misses                                              (16.74%)
S2       16      1018707337131 dTLB-stores                                                   (16.93%)
S2       16          323664458 dTLB-store-misses                                             (16.97%)
S2       16          206153581 iTLB-loads                                                    (16.98%)
S2       16          134826235 iTLB-load-misses                                              (16.93%)
S2       16       800241990535 branch-loads                                                  (17.24%)
S2       16        17595298148 branch-load-misses                                            (16.73%)
S3       16         3775592646 cache-misses                                                  (17.12%)
S3       16      4826744476053 cycles                    #    0.000 GHz                      (21.42%)
S3       16      7929224279560 instructions              #    0.00  insns per cycle          (26.22%)
S3       16              73154 cs                                                            (100.00%)
S3       16                804 migrations                                                    (100.00%)
S3       16              24023 faults                                                      
S3       16       194617807668 bus-cycles                                                    (26.57%)
S3       16      6836133185558 idle-cycles-frontend      #    0.00% frontend cycles idle     (26.84%)
S3       16      6262291804318 idle-cycles-backend       #    0.00% backend  cycles idle     (27.22%)
S3       16      2070170232560 L1-dcache-loads                                               (27.28%)
S3       16        70989567124 L1-dcache-load-misses                                         (17.97%)
S3       16      1003595741113 L1-dcache-stores                                              (17.65%)
S3       16        55415705262 L1-dcache-store-misses                                        (17.22%)
S3       16        34140899627 L1-dcache-prefetch-misses                                     (16.99%)
S3       16        10262384517 L1-icache-load-misses                                         (16.94%)
S3       16        12855982512 LLC-loads                                                     (16.87%)
S3       16         8550446663 LLC-stores                                                    (17.12%)
S3       16        21567700803 LLC-prefetches                                                (8.71%)
S3       16      2108133011491 dTLB-loads                                                    (13.09%)
S3       16         2556468224 dTLB-load-misses                                              (17.57%)
S3       16      1015468718912 dTLB-stores                                                   (17.46%)
S3       16          346800902 dTLB-store-misses                                             (17.36%)
S3       16          246275290 iTLB-loads                                                    (17.25%)
S3       16          152828821 iTLB-load-misses                                              (16.84%)
S3       16       813016463903 branch-loads                                                  (16.77%)
S3       16        17807355050 branch-load-misses                                            (16.75%)

     495.747001606 seconds time elapsed

#################################################################
# Test multi-threading - 32 threads - T4 
#################################################################
2595783.BOWTIE2-Scalability.penguin.t32
perl: warning: Setting locale failed.
perl: warning: Please check that your locale settings:
	LANGUAGE = (unset),
	LC_ALL = (unset),
	LC_CTYPE = "UTF-8",
	LANG = "en_US.UTF-8"
    are supported and installed on your system.
perl: warning: Falling back to the standard locale ("C").
11945249 reads; of these:
  11945249 (100.00%) were unpaired; of these:
    268643 (2.25%) aligned 0 times
    7905342 (66.18%) aligned exactly 1 time
    3771264 (31.57%) aligned >1 times
97.75% overall alignment rate

 Performance counter stats for './bowtie2 -p 32 -x /tmp/data/indexes/HG_index_bowtie2/bowtie2_index /tmp/data/datasets/gcat_set_039_1.fastq -S /scratch/077-hpca4se-bioinf/jlenis/results/BOWTIE2-Scalability/2595783.BOWTIE2-Scalability.penguin.t32.sam':

S0       16         3821626712 cache-misses                                                  (17.30%)
S0       16      4219137454114 cycles                    #    0.000 GHz                      (21.61%)
S0       16      6949271412615 instructions              #   22.92  insns per cycle        
                                             #    0.06  stalled cycles per insn  (26.43%)
S0       16              80677 cs                                                            (100.00%)
S0       16                933 migrations                                                    (100.00%)
S0       16              26460 faults                                                      
S0       16       228649363715 bus-cycles                                                    (26.76%)
S0       16      5886009852416 idle-cycles-frontend      #  1940.91% frontend cycles idle     (27.14%)
S0       16      5403888346516 idle-cycles-backend       #  1781.93% backend  cycles idle     (27.18%)
S0       16      1806736361448 L1-dcache-loads                                               (26.82%)
S0       16        63517237478 L1-dcache-load-misses     #   48.68% of all L1-dcache hits    (17.75%)
S0       16       902182739974 L1-dcache-stores                                              (17.43%)
S0       16        48649112501 L1-dcache-store-misses                                        (17.34%)
S0       16        29415746532 L1-dcache-prefetch-misses                                     (17.90%)
S0       16         9213779203 L1-icache-load-misses                                         (17.65%)
S0       16        11140321877 LLC-loads                                                     (17.61%)
S0       16         7742156240 LLC-stores                                                    (17.67%)
S0       16        18949419311 LLC-prefetches                                                (8.49%)
S0       16      1860010823026 dTLB-loads                                                    (12.76%)
S0       16         2273929660 dTLB-load-misses          #    1.70% of all dTLB cache hits   (16.96%)
S0       16       914881063876 dTLB-stores                                                   (16.63%)
S0       16          445748654 dTLB-store-misses                                             (16.84%)
S0       16          278318009 iTLB-loads                                                    (16.72%)
S0       16          214483433 iTLB-load-misses          #  1319.84% of all iTLB cache hits   (16.65%)
S0       16       729722396926 branch-loads                                                  (16.79%)
S0       16        15997951399 branch-load-misses                                            (16.96%)
S1       16         4999971243 cache-misses                                                  (17.45%)
S1       16      5346888905833 cycles                    #    0.000 GHz                      (22.04%)
S1       16      9107226959548 instructions              #    0.00  insns per cycle          (26.68%)
S1       16              86213 cs                                                            (100.00%)
S1       16               1576 migrations                                                    (100.00%)
S1       16              27857 faults                                                      
S1       16       231616571215 bus-cycles                                                    (26.68%)
S1       16      7439097537679 idle-cycles-frontend      #    0.00% frontend cycles idle     (27.10%)
S1       16      6830165531118 idle-cycles-backend       #    0.00% backend  cycles idle     (27.14%)
S1       16      2349099085286 L1-dcache-loads                                               (27.05%)
S1       16        80195540078 L1-dcache-load-misses                                         (18.01%)
S1       16      1138447328990 L1-dcache-stores                                              (17.84%)
S1       16        62748513015 L1-dcache-store-misses                                        (17.67%)
S1       16        39043721049 L1-dcache-prefetch-misses                                     (17.45%)
S1       16        11702334106 L1-icache-load-misses                                         (17.16%)
S1       16        14530389165 LLC-loads                                                     (17.10%)
S1       16        10190415353 LLC-stores                                                    (17.12%)
S1       16        23720795499 LLC-prefetches                                                (8.89%)
S1       16      2403150064276 dTLB-loads                                                    (12.97%)
S1       16         3006239249 dTLB-load-misses                                              (17.11%)
S1       16      1178840529241 dTLB-stores                                                   (16.98%)
S1       16          563148853 dTLB-store-misses                                             (16.74%)
S1       16          246871131 iTLB-loads                                                    (16.80%)
S1       16          194588427 iTLB-load-misses                                              (16.74%)
S1       16       946713133343 branch-loads                                                  (16.72%)
S1       16        20606893232 branch-load-misses                                            (16.97%)
S2       16         4563082859 cache-misses                                                  (17.35%)
S2       16      5354326121522 cycles                    #    0.000 GHz                      (22.00%)
S2       16      8599619500252 instructions              #    0.00  insns per cycle          (26.07%)
S2       16             239468 cs                                                            (100.00%)
S2       16               3464 migrations                                                    (100.00%)
S2       16              84884 faults                                                      
S2       16       232115555198 bus-cycles                                                    (26.38%)
S2       16      7627180834492 idle-cycles-frontend      #    0.00% frontend cycles idle     (26.20%)
S2       16      7012893538917 idle-cycles-backend       #    0.00% backend  cycles idle     (25.93%)
S2       16      2269143170185 L1-dcache-loads                                               (25.80%)
S2       16        78674414391 L1-dcache-load-misses                                         (17.22%)
S2       16      1111249436218 L1-dcache-stores                                              (17.67%)
S2       16        60992352498 L1-dcache-store-misses                                        (17.37%)
S2       16        36783202887 L1-dcache-prefetch-misses                                     (17.48%)
S2       16        11254416320 L1-icache-load-misses                                         (17.67%)
S2       16        13808651484 LLC-loads                                                     (17.66%)
S2       16         9367220909 LLC-stores                                                    (17.57%)
S2       16        23587982895 LLC-prefetches                                                (9.42%)
S2       16      2300773366469 dTLB-loads                                                    (13.58%)
S2       16         2857133656 dTLB-load-misses                                              (17.50%)
S2       16      1099227299054 dTLB-stores                                                   (17.68%)
S2       16          516966504 dTLB-store-misses                                             (17.68%)
S2       16          240895319 iTLB-loads                                                    (17.24%)
S2       16          177798724 iTLB-load-misses                                              (16.65%)
S2       16       890161242418 branch-loads                                                  (16.86%)
S2       16        19359513660 branch-load-misses                                            (17.39%)
S3       16         3974247384 cache-misses                                                  (17.57%)
S3       16      4488298369578 cycles                    #    0.000 GHz                      (22.15%)
S3       16      7313085053161 instructions              #    0.00  insns per cycle          (26.75%)
S3       16             181594 cs                                                            (100.00%)
S3       16               1591 migrations                                                    (100.00%)
S3       16              57890 faults                                                      
S3       16       230177458747 bus-cycles                                                    (26.86%)
S3       16      6470530749056 idle-cycles-frontend      #    0.00% frontend cycles idle     (26.28%)
S3       16      5941037667464 idle-cycles-backend       #    0.00% backend  cycles idle     (26.39%)
S3       16      1925025559067 L1-dcache-loads                                               (26.20%)
S3       16        66766990202 L1-dcache-load-misses                                         (17.57%)
S3       16       945146147366 L1-dcache-stores                                              (17.37%)
S3       16        51705340074 L1-dcache-store-misses                                        (17.26%)
S3       16        31769945709 L1-dcache-prefetch-misses                                     (17.29%)
S3       16        10010698662 L1-icache-load-misses                                         (17.11%)
S3       16        11960288174 LLC-loads                                                     (17.01%)
S3       16         7993538102 LLC-stores                                                    (17.13%)
S3       16        20014700464 LLC-prefetches                                                (8.74%)
S3       16      1975383671915 dTLB-loads                                                    (12.87%)
S3       16         2428915061 dTLB-load-misses                                              (17.04%)
S3       16       957865916270 dTLB-stores                                                   (17.01%)
S3       16          409555052 dTLB-store-misses                                             (16.93%)
S3       16          273961812 iTLB-loads                                                    (17.14%)
S3       16          191257257 iTLB-load-misses                                              (17.80%)
S3       16       748002007311 branch-loads                                                  (17.92%)
S3       16        16320237689 branch-load-misses                                            (18.03%)

     298.245796936 seconds time elapsed

#################################################################
# Test multi-threading - 48 threads - T5
#################################################################
2595783.BOWTIE2-Scalability.penguin.t48
perl: warning: Setting locale failed.
perl: warning: Please check that your locale settings:
	LANGUAGE = (unset),
	LC_ALL = (unset),
	LC_CTYPE = "UTF-8",
	LANG = "en_US.UTF-8"
    are supported and installed on your system.
perl: warning: Falling back to the standard locale ("C").
11945249 reads; of these:
  11945249 (100.00%) were unpaired; of these:
    268643 (2.25%) aligned 0 times
    7905342 (66.18%) aligned exactly 1 time
    3771264 (31.57%) aligned >1 times
97.75% overall alignment rate

 Performance counter stats for './bowtie2 -p 48 -x /tmp/data/indexes/HG_index_bowtie2/bowtie2_index /tmp/data/datasets/gcat_set_039_1.fastq -S /scratch/077-hpca4se-bioinf/jlenis/results/BOWTIE2-Scalability/2595783.BOWTIE2-Scalability.penguin.t48.sam':

S0       16         6180050644 cache-misses                                                  (17.25%)
S0       16      6472250647171 cycles                    #    0.000 GHz                      (21.92%)
S0       16      7149924219776 instructions              #   16.36  insns per cycle        
                                             #    0.06  stalled cycles per insn  (26.52%)
S0       16             303919 cs                                                            (100.00%)
S0       16               1570 migrations                                                    (100.00%)
S0       16              76711 faults                                                      
S0       16       373498901915 bus-cycles                                                    (26.53%)
S0       16      5424529543872 idle-cycles-frontend      #  1240.94% frontend cycles idle     (26.82%)
S0       16      3876479398178 idle-cycles-backend       #  886.80% backend  cycles idle     (26.73%)
S0       16      1884092974331 L1-dcache-loads                                               (26.47%)
S0       16        70031509778 L1-dcache-load-misses     #   53.56% of all L1-dcache hits    (17.28%)
S0       16       952039619586 L1-dcache-stores                                              (17.04%)
S0       16        52887561564 L1-dcache-store-misses                                        (16.93%)
S0       16        22990056634 L1-dcache-prefetch-misses                                     (16.96%)
S0       16        12312626941 L1-icache-load-misses                                         (17.13%)
S0       16        12933979958 LLC-loads                                                     (17.37%)
S0       16        12599914970 LLC-stores                                                    (17.52%)
S0       16        25768024452 LLC-prefetches                                                (9.05%)
S0       16      1924851151134 dTLB-loads                                                    (13.27%)
S0       16         3496514378 dTLB-load-misses          #    2.58% of all dTLB cache hits   (17.32%)
S0       16       937001640852 dTLB-stores                                                   (17.36%)
S0       16         1172401695 dTLB-store-misses                                             (17.25%)
S0       16         1636632615 iTLB-loads                                                    (17.31%)
S0       16          558818530 iTLB-load-misses          #  795.23% of all iTLB cache hits   (17.28%)
S0       16       745712264606 branch-loads                                                  (17.25%)
S0       16        16438442013 branch-load-misses                                            (17.16%)
S1       16         7264308308 cache-misses                                                  (16.97%)
S1       16      8527415377461 cycles                    #    0.000 GHz                      (21.48%)
S1       16      8868091534935 instructions              #    0.00  insns per cycle          (26.03%)
S1       16             267564 cs                                                            (100.00%)
S1       16               2041 migrations                                                    (100.00%)
S1       16              68589 faults                                                      
S1       16       369190914438 bus-cycles                                                    (25.37%)
S1       16      7526859294223 idle-cycles-frontend      #    0.00% frontend cycles idle     (25.35%)
S1       16      5719601456111 idle-cycles-backend       #    0.00% backend  cycles idle     (25.47%)
S1       16      2311944626674 L1-dcache-loads                                               (25.31%)
S1       16        85651349894 L1-dcache-load-misses                                         (17.51%)
S1       16      1158780229161 L1-dcache-stores                                              (17.61%)
S1       16        64233415581 L1-dcache-store-misses                                        (17.42%)
S1       16        28049548014 L1-dcache-prefetch-misses                                     (17.75%)
S1       16        14592643824 L1-icache-load-misses                                         (17.59%)
S1       16        15762601685 LLC-loads                                                     (17.56%)
S1       16        15369712012 LLC-stores                                                    (17.64%)
S1       16        31533213587 LLC-prefetches                                                (9.09%)
S1       16      2395587641842 dTLB-loads                                                    (14.01%)
S1       16         4160351212 dTLB-load-misses                                              (17.87%)
S1       16      1169430217508 dTLB-stores                                                   (17.73%)
S1       16         1294537323 dTLB-store-misses                                             (17.67%)
S1       16          952798305 iTLB-loads                                                    (18.13%)
S1       16          966082212 iTLB-load-misses                                              (17.33%)
S1       16       924364288487 branch-loads                                                  (17.29%)
S1       16        20248233494 branch-load-misses                                            (17.26%)
S2       16         6099286631 cache-misses                                                  (16.68%)
S2       16      7388674933036 cycles                    #    0.000 GHz                      (21.29%)
S2       16      8589179341060 instructions              #    0.00  insns per cycle          (25.98%)
S2       16             180098 cs                                                            (100.00%)
S2       16               1859 migrations                                                    (100.00%)
S2       16              74421 faults                                                      
S2       16       314916454808 bus-cycles                                                    (26.35%)
S2       16      7697822147505 idle-cycles-frontend      #    0.00% frontend cycles idle     (26.66%)
S2       16      6324678151412 idle-cycles-backend       #    0.00% backend  cycles idle     (25.71%)
S2       16      2224458056466 L1-dcache-loads                                               (25.63%)
S2       16        80199138625 L1-dcache-load-misses                                         (18.33%)
S2       16      1106428148638 L1-dcache-stores                                              (17.98%)
S2       16        61508222852 L1-dcache-store-misses                                        (17.54%)
S2       16        30753147554 L1-dcache-prefetch-misses                                     (17.59%)
S2       16        12984626623 L1-icache-load-misses                                         (17.51%)
S2       16        14681739654 LLC-loads                                                     (17.16%)
S2       16        13052067440 LLC-stores                                                    (17.02%)
S2       16        28335228974 LLC-prefetches                                                (8.50%)
S2       16      2320303638634 dTLB-loads                                                    (12.88%)
S2       16         3612289626 dTLB-load-misses                                              (17.38%)
S2       16      1100752834636 dTLB-stores                                                   (17.78%)
S2       16          876362399 dTLB-store-misses                                             (17.80%)
S2       16         1187021304 iTLB-loads                                                    (17.72%)
S2       16          483101081 iTLB-load-misses                                              (17.30%)
S2       16       882057187224 branch-loads                                                  (16.93%)
S2       16        19385632500 branch-load-misses                                            (16.72%)
S3       16         5140638837 cache-misses                                                  (17.16%)
S3       16      5587965459948 cycles                    #    0.000 GHz                      (22.27%)
S3       16      7382389988618 instructions              #    0.00  insns per cycle          (26.53%)
S3       16             120385 cs                                                            (100.00%)
S3       16               2315 migrations                                                    (100.00%)
S3       16              69252 faults                                                      
S3       16       304967871427 bus-cycles                                                    (26.47%)
S3       16      5878312003250 idle-cycles-frontend      #    0.00% frontend cycles idle     (26.45%)
S3       16      4744768772937 idle-cycles-backend       #    0.00% backend  cycles idle     (26.47%)
S3       16      1947094475142 L1-dcache-loads                                               (26.10%)
S3       16        70404357524 L1-dcache-load-misses                                         (17.06%)
S3       16       972333687305 L1-dcache-stores                                              (16.99%)
S3       16        54006758993 L1-dcache-store-misses                                        (16.87%)
S3       16        27603628019 L1-dcache-prefetch-misses                                     (16.99%)
S3       16        11533450054 L1-icache-load-misses                                         (17.20%)
S3       16        13175811553 LLC-loads                                                     (17.25%)
S3       16        11418281083 LLC-stores                                                    (17.43%)
S3       16        24265855382 LLC-prefetches                                                (8.57%)
S3       16      2032224187655 dTLB-loads                                                    (12.98%)
S3       16         3373785704 dTLB-load-misses                                              (17.04%)
S3       16       989447847523 dTLB-stores                                                   (16.97%)
S3       16          863479104 dTLB-store-misses                                             (17.47%)
S3       16          720903738 iTLB-loads                                                    (17.79%)
S3       16          676095791 iTLB-load-misses                                              (17.95%)
S3       16       750490272885 branch-loads                                                  (18.01%)
S3       16        16520175472 branch-load-misses                                            (17.77%)

     298.919887460 seconds time elapsed

#################################################################
# Test multi-threading - 64 threads - T6
#################################################################
2595783.BOWTIE2-Scalability.penguin.t64
perl: warning: Setting locale failed.
perl: warning: Please check that your locale settings:
	LANGUAGE = (unset),
	LC_ALL = (unset),
	LC_CTYPE = "UTF-8",
	LANG = "en_US.UTF-8"
    are supported and installed on your system.
perl: warning: Falling back to the standard locale ("C").
11945249 reads; of these:
  11945249 (100.00%) were unpaired; of these:
    268643 (2.25%) aligned 0 times
    7905342 (66.18%) aligned exactly 1 time
    3771264 (31.57%) aligned >1 times
97.75% overall alignment rate

 Performance counter stats for './bowtie2 -p 64 -x /tmp/data/indexes/HG_index_bowtie2/bowtie2_index /tmp/data/datasets/gcat_set_039_1.fastq -S /scratch/077-hpca4se-bioinf/jlenis/results/BOWTIE2-Scalability/2595783.BOWTIE2-Scalability.penguin.t64.sam':

S0       16         6110270737 cache-misses                                                  (17.28%)
S0       16      6523054893720 cycles                    #    0.000 GHz                      (21.80%)
S0       16      6936346462796 instructions              #   12.81  insns per cycle        
                                             #    0.06  stalled cycles per insn  (26.13%)
S0       16             192189 cs                                                            (100.00%)
S0       16               1560 migrations                                                    (100.00%)
S0       16              76520 faults                                                      
S0       16       385742560678 bus-cycles                                                    (26.37%)
S0       16      5130636127868 idle-cycles-frontend      #  947.71% frontend cycles idle     (26.47%)
S0       16      3509789458656 idle-cycles-backend       #  648.31% backend  cycles idle     (26.77%)
S0       16      1789221345501 L1-dcache-loads                                               (26.81%)
S0       16        65947262854 L1-dcache-load-misses     #   50.43% of all L1-dcache hits    (17.77%)
S0       16       897497097471 L1-dcache-stores                                              (17.68%)
S0       16        49896666913 L1-dcache-store-misses                                        (17.42%)
S0       16        20968218483 L1-dcache-prefetch-misses                                     (17.25%)
S0       16        11981653671 L1-icache-load-misses                                         (17.16%)
S0       16        12550529209 LLC-loads                                                     (17.06%)
S0       16        13807471936 LLC-stores                                                    (17.13%)
S0       16        26611116633 LLC-prefetches                                                (8.91%)
S0       16      1884308352146 dTLB-loads                                                    (13.15%)
S0       16         4014177823 dTLB-load-misses          #    2.95% of all dTLB cache hits   (17.39%)
S0       16       924280475197 dTLB-stores                                                   (17.32%)
S0       16         1513737439 dTLB-store-misses                                             (17.01%)
S0       16         1617409783 iTLB-loads                                                    (17.03%)
S0       16          601661174 iTLB-load-misses          #  519.63% of all iTLB cache hits   (17.06%)
S0       16       724847578323 branch-loads                                                  (17.15%)
S0       16        15616720742 branch-load-misses                                            (17.07%)
S1       16         8629849786 cache-misses                                                  (17.33%)
S1       16      9971639482505 cycles                    #    0.000 GHz                      (21.80%)
S1       16      8883380344388 instructions              #    0.00  insns per cycle          (26.12%)
S1       16            6490282 cs                                                            (100.00%)
S1       16               7136 migrations                                                    (100.00%)
S1       16              96434 faults                                                      
S1       16       440631241210 bus-cycles                                                    (26.35%)
S1       16      7051525923013 idle-cycles-frontend      #    0.00% frontend cycles idle     (25.84%)
S1       16      4712819818284 idle-cycles-backend       #    0.00% backend  cycles idle     (25.35%)
S1       16      2306565601945 L1-dcache-loads                                               (25.20%)
S1       16        85955995882 L1-dcache-load-misses                                         (17.56%)
S1       16      1162215555888 L1-dcache-stores                                              (17.86%)
S1       16        64258654476 L1-dcache-store-misses                                        (18.09%)
S1       16        23690659104 L1-dcache-prefetch-misses                                     (18.33%)
S1       16        15832406335 L1-icache-load-misses                                         (17.75%)
S1       16        16127678159 LLC-loads                                                     (17.72%)
S1       16        18658603717 LLC-stores                                                    (17.48%)
S1       16        34071020754 LLC-prefetches                                                (9.44%)
S1       16      2404722351262 dTLB-loads                                                    (13.14%)
S1       16         5800150360 dTLB-load-misses                                              (17.13%)
S1       16      1175942678601 dTLB-stores                                                   (17.14%)
S1       16         2133031664 dTLB-store-misses                                             (17.13%)
S1       16         1854210025 iTLB-loads                                                    (17.17%)
S1       16         1000547401 iTLB-load-misses                                              (17.17%)
S1       16       926357139545 branch-loads                                                  (17.41%)
S1       16        20299627307 branch-load-misses                                            (17.42%)
S2       16         8645128667 cache-misses                                                  (17.19%)
S2       16     10150720842909 cycles                    #    0.000 GHz                      (22.04%)
S2       16      8810856098896 instructions              #    0.00  insns per cycle          (26.41%)
S2       16            6132210 cs                                                            (100.00%)
S2       16               5695 migrations                                                    (100.00%)
S2       16              86333 faults                                                      
S2       16       436073897740 bus-cycles                                                    (26.70%)
S2       16      7307072158685 idle-cycles-frontend      #    0.00% frontend cycles idle     (26.81%)
S2       16      4975822692888 idle-cycles-backend       #    0.00% backend  cycles idle     (26.58%)
S2       16      2312626427234 L1-dcache-loads                                               (26.28%)
S2       16        87453842840 L1-dcache-load-misses                                         (17.31%)
S2       16      1171884692691 L1-dcache-stores                                              (17.50%)
S2       16        64902683567 L1-dcache-store-misses                                        (17.18%)
S2       16        23556569415 L1-dcache-prefetch-misses                                     (17.20%)
S2       16        15834271979 L1-icache-load-misses                                         (17.15%)
S2       16        15954508464 LLC-loads                                                     (17.49%)
S2       16        18685667294 LLC-stores                                                    (17.45%)
S2       16        34342780323 LLC-prefetches                                                (9.13%)
S2       16      2410337577975 dTLB-loads                                                    (13.40%)
S2       16         5566198702 dTLB-load-misses                                              (17.11%)
S2       16      1178620178566 dTLB-stores                                                   (17.13%)
S2       16         1936792987 dTLB-store-misses                                             (17.39%)
S2       16         2215153313 iTLB-loads                                                    (17.37%)
S2       16         1063741689 iTLB-load-misses                                              (17.09%)
S2       16       929207856525 branch-loads                                                  (17.11%)
S2       16        20074705904 branch-load-misses                                            (17.38%)
S3       16         7674359109 cache-misses                                                  (17.34%)
S3       16      8002478089370 cycles                    #    0.000 GHz                      (21.93%)
S3       16      7500834583856 instructions              #    0.00  insns per cycle          (26.13%)
S3       16             345293 cs                                                            (100.00%)
S3       16                973 migrations                                                    (100.00%)
S3       16              73577 faults                                                      
S3       16       439212148856 bus-cycles                                                    (26.36%)
S3       16      5623106908909 idle-cycles-frontend      #    0.00% frontend cycles idle     (26.56%)
S3       16      3619411842878 idle-cycles-backend       #    0.00% backend  cycles idle     (26.60%)
S3       16      1960473239106 L1-dcache-loads                                               (26.43%)
S3       16        73437600990 L1-dcache-load-misses                                         (17.42%)
S3       16       987751133665 L1-dcache-stores                                              (17.23%)
S3       16        54617246361 L1-dcache-store-misses                                        (17.21%)
S3       16        20158581603 L1-dcache-prefetch-misses                                     (17.20%)
S3       16        13355843300 L1-icache-load-misses                                         (17.25%)
S3       16        13409790145 LLC-loads                                                     (17.33%)
S3       16        15555348926 LLC-stores                                                    (17.63%)
S3       16        29242123090 LLC-prefetches                                                (8.93%)
S3       16      2014562641747 dTLB-loads                                                    (13.23%)
S3       16         4527137089 dTLB-load-misses                                              (17.51%)
S3       16       989885299635 dTLB-stores                                                   (17.18%)
S3       16         2228255134 dTLB-store-misses                                             (17.13%)
S3       16         1723512883 iTLB-loads                                                    (17.11%)
S3       16          669842903 iTLB-load-misses                                              (17.11%)
S3       16       783768662606 branch-loads                                                  (17.10%)
S3       16        17226141876 branch-load-misses                                            (17.12%)

     293.922475775 seconds time elapsed

