mkdir: cannot create directory `/scratch/077-hpca4se-bioinf/jlenis/results/GEM-Scalability': File exists
> Benchmarks for GEM3 : gcat_set_039_1
penguin
#################################################################
# Warm up - 64 threads - T1
#################################################################
WarmUp.2595820.GEM-Scalability.penguin.t64
2016/9/28 17:59:00 -- [Opening input file '/tmp/data/datasets/gcat_set_039_1.fastq']
2016/9/28 17:59:00 -- [Outputting to '/scratch/077-hpca4se-bioinf/jlenis/results/GEM-Scalability/WarmUp.2595820.GEM-Scalability.penguin.t64.sam']
2016/9/28 17:59:00 -- [Loading GEM index '/tmp/data/indexes/HG_index_GEM/index.gem']
2016/9/28 17:59:20 -- [SE::Mapping Sequences]
2016/9/28 17:59:32 -- # 100000 sequences processed
2016/9/28 17:59:32 -- # 200000 sequences processed
2016/9/28 17:59:32 -- # 300000 sequences processed
2016/9/28 17:59:32 -- # 400000 sequences processed
2016/9/28 17:59:32 -- # 500000 sequences processed
2016/9/28 17:59:32 -- # 600000 sequences processed
2016/9/28 17:59:32 -- # 700000 sequences processed
2016/9/28 17:59:32 -- # 800000 sequences processed
2016/9/28 17:59:32 -- # 900000 sequences processed
2016/9/28 17:59:32 -- # 1000000 sequences processed
2016/9/28 17:59:32 -- # 1100000 sequences processed
2016/9/28 17:59:32 -- # 1200000 sequences processed
2016/9/28 17:59:32 -- # 1300000 sequences processed
2016/9/28 17:59:32 -- # 1400000 sequences processed
2016/9/28 17:59:33 -- # 1500000 sequences processed
2016/9/28 17:59:33 -- # 1600000 sequences processed
2016/9/28 17:59:33 -- # 1700000 sequences processed
2016/9/28 17:59:34 -- # 1800000 sequences processed
2016/9/28 17:59:34 -- # 1900000 sequences processed
2016/9/28 17:59:34 -- # 2000000 sequences processed
2016/9/28 17:59:34 -- # 2100000 sequences processed
2016/9/28 17:59:34 -- # 2200000 sequences processed
2016/9/28 17:59:34 -- # 2300000 sequences processed
2016/9/28 17:59:34 -- # 2400000 sequences processed
2016/9/28 17:59:34 -- # 2500000 sequences processed
2016/9/28 17:59:34 -- # 2600000 sequences processed
2016/9/28 17:59:34 -- # 2700000 sequences processed
2016/9/28 17:59:34 -- # 2800000 sequences processed
2016/9/28 17:59:34 -- # 2900000 sequences processed
2016/9/28 17:59:34 -- # 3000000 sequences processed
2016/9/28 17:59:34 -- # 3100000 sequences processed
2016/9/28 17:59:34 -- # 3200000 sequences processed
2016/9/28 17:59:35 -- # 3300000 sequences processed
2016/9/28 17:59:35 -- # 3400000 sequences processed
2016/9/28 17:59:35 -- # 3500000 sequences processed
2016/9/28 17:59:35 -- # 3600000 sequences processed
2016/9/28 17:59:35 -- # 3700000 sequences processed
2016/9/28 17:59:35 -- # 3800000 sequences processed
2016/9/28 17:59:35 -- # 3900000 sequences processed
2016/9/28 17:59:35 -- # 4000000 sequences processed
2016/9/28 17:59:35 -- # 4100000 sequences processed
2016/9/28 17:59:35 -- # 4200000 sequences processed
2016/9/28 17:59:35 -- # 4300000 sequences processed
2016/9/28 17:59:35 -- # 4400000 sequences processed
2016/9/28 17:59:35 -- # 4500000 sequences processed
2016/9/28 17:59:35 -- # 4600000 sequences processed
2016/9/28 17:59:35 -- # 4700000 sequences processed
2016/9/28 17:59:35 -- # 4800000 sequences processed
2016/9/28 17:59:35 -- # 4900000 sequences processed
2016/9/28 17:59:35 -- # 5000000 sequences processed
2016/9/28 17:59:35 -- # 5100000 sequences processed
2016/9/28 17:59:35 -- # 5200000 sequences processed
2016/9/28 17:59:35 -- # 5300000 sequences processed
2016/9/28 17:59:35 -- # 5400000 sequences processed
2016/9/28 17:59:35 -- # 5500000 sequences processed
2016/9/28 17:59:35 -- # 5600000 sequences processed
2016/9/28 17:59:35 -- # 5700000 sequences processed
2016/9/28 17:59:35 -- # 5800000 sequences processed
2016/9/28 17:59:35 -- # 5900000 sequences processed
2016/9/28 17:59:35 -- # 6000000 sequences processed
2016/9/28 17:59:36 -- # 6100000 sequences processed
2016/9/28 17:59:38 -- # 6200000 sequences processed
2016/9/28 17:59:38 -- # 6300000 sequences processed
2016/9/28 17:59:38 -- # 6400000 sequences processed
2016/9/28 17:59:41 -- # 6500000 sequences processed
2016/9/28 17:59:41 -- # 6600000 sequences processed
2016/9/28 17:59:41 -- # 6700000 sequences processed
2016/9/28 17:59:41 -- # 6800000 sequences processed
2016/9/28 17:59:41 -- # 6900000 sequences processed
2016/9/28 17:59:41 -- # 7000000 sequences processed
2016/9/28 17:59:41 -- # 7100000 sequences processed
2016/9/28 17:59:41 -- # 7200000 sequences processed
2016/9/28 17:59:41 -- # 7300000 sequences processed
2016/9/28 17:59:41 -- # 7400000 sequences processed
2016/9/28 17:59:42 -- # 7500000 sequences processed
2016/9/28 17:59:42 -- # 7600000 sequences processed
2016/9/28 17:59:42 -- # 7700000 sequences processed
2016/9/28 17:59:42 -- # 7800000 sequences processed
2016/9/28 17:59:42 -- # 7900000 sequences processed
2016/9/28 17:59:43 -- # 8000000 sequences processed
2016/9/28 17:59:43 -- # 8100000 sequences processed
2016/9/28 17:59:43 -- # 8200000 sequences processed
2016/9/28 17:59:43 -- # 8300000 sequences processed
2016/9/28 17:59:43 -- # 8400000 sequences processed
2016/9/28 17:59:43 -- # 8500000 sequences processed
2016/9/28 17:59:43 -- # 8600000 sequences processed
2016/9/28 17:59:43 -- # 8700000 sequences processed
2016/9/28 17:59:43 -- # 8800000 sequences processed
2016/9/28 17:59:43 -- # 8900000 sequences processed
2016/9/28 17:59:43 -- # 9000000 sequences processed
2016/9/28 17:59:43 -- # 9100000 sequences processed
2016/9/28 17:59:43 -- # 9200000 sequences processed
2016/9/28 17:59:43 -- # 9300000 sequences processed
2016/9/28 17:59:44 -- # 9400000 sequences processed
2016/9/28 17:59:44 -- # 9500000 sequences processed
2016/9/28 17:59:44 -- # 9600000 sequences processed
2016/9/28 17:59:44 -- # 9700000 sequences processed
2016/9/28 17:59:44 -- # 9800000 sequences processed
2016/9/28 17:59:44 -- # 9900000 sequences processed
2016/9/28 17:59:44 -- # 10000000 sequences processed
2016/9/28 17:59:44 -- # 10100000 sequences processed
2016/9/28 17:59:44 -- # 10200000 sequences processed
2016/9/28 17:59:44 -- # 10300000 sequences processed
2016/9/28 17:59:44 -- # 10400000 sequences processed
2016/9/28 17:59:44 -- # 10500000 sequences processed
2016/9/28 17:59:44 -- # 10600000 sequences processed
2016/9/28 17:59:44 -- # 10700000 sequences processed
2016/9/28 17:59:44 -- # 10800000 sequences processed
2016/9/28 17:59:44 -- # 10900000 sequences processed
2016/9/28 17:59:44 -- # 11000000 sequences processed
2016/9/28 17:59:44 -- # 11100000 sequences processed
2016/9/28 17:59:44 -- # 11200000 sequences processed
2016/9/28 17:59:44 -- # 11300000 sequences processed
2016/9/28 17:59:44 -- # 11400000 sequences processed
2016/9/28 17:59:44 -- # 11500000 sequences processed
2016/9/28 17:59:44 -- # 11600000 sequences processed
2016/9/28 17:59:44 -- # 11700000 sequences processed
2016/9/28 17:59:44 -- # 11800000 sequences processed
2016/9/28 17:59:44 -- # 11900000 sequences processed
2016/9/28 17:59:44 -- Total 11945249 sequences processed... done
2016/9/28 17:59:45 -- [GEMMapper terminated successfully in 24s. (+20s. loading)]

#################################################################
# Test multi-threading - 8 threads - T2
#################################################################
2595820.GEM-Scalability.penguin.t8
2016/9/28 17:59:45 -- [Opening input file '/tmp/data/datasets/gcat_set_039_1.fastq']
2016/9/28 17:59:45 -- [Outputting to '/scratch/077-hpca4se-bioinf/jlenis/results/GEM-Scalability/2595820.GEM-Scalability.penguin.t8.sam']
2016/9/28 17:59:45 -- [Loading GEM index '/tmp/data/indexes/HG_index_GEM/index.gem']
2016/9/28 17:59:57 -- [SE::Mapping Sequences]
2016/9/28 18:00:05 -- # 100000 sequences processed
2016/9/28 18:00:05 -- # 200000 sequences processed
2016/9/28 18:00:06 -- # 300000 sequences processed
2016/9/28 18:00:06 -- # 400000 sequences processed
2016/9/28 18:00:06 -- # 500000 sequences processed
2016/9/28 18:00:06 -- # 600000 sequences processed
2016/9/28 18:00:06 -- # 700000 sequences processed
2016/9/28 18:00:06 -- # 800000 sequences processed
2016/9/28 18:00:11 -- # 900000 sequences processed
2016/9/28 18:00:11 -- # 1000000 sequences processed
2016/9/28 18:00:12 -- # 1100000 sequences processed
2016/9/28 18:00:12 -- # 1200000 sequences processed
2016/9/28 18:00:12 -- # 1300000 sequences processed
2016/9/28 18:00:12 -- # 1400000 sequences processed
2016/9/28 18:00:13 -- # 1500000 sequences processed
2016/9/28 18:00:13 -- # 1600000 sequences processed
2016/9/28 18:00:17 -- # 1700000 sequences processed
2016/9/28 18:00:17 -- # 1800000 sequences processed
2016/9/28 18:00:19 -- # 1900000 sequences processed
2016/9/28 18:00:19 -- # 2000000 sequences processed
2016/9/28 18:00:19 -- # 2100000 sequences processed
2016/9/28 18:00:19 -- # 2200000 sequences processed
2016/9/28 18:00:19 -- # 2300000 sequences processed
2016/9/28 18:00:20 -- # 2400000 sequences processed
2016/9/28 18:00:23 -- # 2500000 sequences processed
2016/9/28 18:00:23 -- # 2600000 sequences processed
2016/9/28 18:00:25 -- # 2700000 sequences processed
2016/9/28 18:00:26 -- # 2800000 sequences processed
2016/9/28 18:00:26 -- # 2900000 sequences processed
2016/9/28 18:00:26 -- # 3000000 sequences processed
2016/9/28 18:00:26 -- # 3100000 sequences processed
2016/9/28 18:00:26 -- # 3200000 sequences processed
2016/9/28 18:00:29 -- # 3300000 sequences processed
2016/9/28 18:00:29 -- # 3400000 sequences processed
2016/9/28 18:00:32 -- # 3500000 sequences processed
2016/9/28 18:00:32 -- # 3600000 sequences processed
2016/9/28 18:00:32 -- # 3700000 sequences processed
2016/9/28 18:00:32 -- # 3800000 sequences processed
2016/9/28 18:00:32 -- # 3900000 sequences processed
2016/9/28 18:00:33 -- # 4000000 sequences processed
2016/9/28 18:00:35 -- # 4100000 sequences processed
2016/9/28 18:00:35 -- # 4200000 sequences processed
2016/9/28 18:00:38 -- # 4300000 sequences processed
2016/9/28 18:00:39 -- # 4400000 sequences processed
2016/9/28 18:00:39 -- # 4500000 sequences processed
2016/9/28 18:00:39 -- # 4600000 sequences processed
2016/9/28 18:00:39 -- # 4700000 sequences processed
2016/9/28 18:00:40 -- # 4800000 sequences processed
2016/9/28 18:00:41 -- # 4900000 sequences processed
2016/9/28 18:00:41 -- # 5000000 sequences processed
2016/9/28 18:00:45 -- # 5100000 sequences processed
2016/9/28 18:00:45 -- # 5200000 sequences processed
2016/9/28 18:00:45 -- # 5300000 sequences processed
2016/9/28 18:00:45 -- # 5400000 sequences processed
2016/9/28 18:00:45 -- # 5500000 sequences processed
2016/9/28 18:00:46 -- # 5600000 sequences processed
2016/9/28 18:00:47 -- # 5700000 sequences processed
2016/9/28 18:00:47 -- # 5800000 sequences processed
2016/9/28 18:00:51 -- # 5900000 sequences processed
2016/9/28 18:00:52 -- # 6000000 sequences processed
2016/9/28 18:00:52 -- # 6100000 sequences processed
2016/9/28 18:00:52 -- # 6200000 sequences processed
2016/9/28 18:00:52 -- # 6300000 sequences processed
2016/9/28 18:00:52 -- # 6400000 sequences processed
2016/9/28 18:00:53 -- # 6500000 sequences processed
2016/9/28 18:00:53 -- # 6600000 sequences processed
2016/9/28 18:00:58 -- # 6700000 sequences processed
2016/9/28 18:00:58 -- # 6800000 sequences processed
2016/9/28 18:00:58 -- # 6900000 sequences processed
2016/9/28 18:00:58 -- # 7000000 sequences processed
2016/9/28 18:00:58 -- # 7100000 sequences processed
2016/9/28 18:00:59 -- # 7200000 sequences processed
2016/9/28 18:00:59 -- # 7300000 sequences processed
2016/9/28 18:00:59 -- # 7400000 sequences processed
2016/9/28 18:01:04 -- # 7500000 sequences processed
2016/9/28 18:01:04 -- # 7600000 sequences processed
2016/9/28 18:01:05 -- # 7700000 sequences processed
2016/9/28 18:01:05 -- # 7800000 sequences processed
2016/9/28 18:01:05 -- # 7900000 sequences processed
2016/9/28 18:01:05 -- # 8000000 sequences processed
2016/9/28 18:01:05 -- # 8100000 sequences processed
2016/9/28 18:01:06 -- # 8200000 sequences processed
2016/9/28 18:01:10 -- # 8300000 sequences processed
2016/9/28 18:01:10 -- # 8400000 sequences processed
2016/9/28 18:01:11 -- # 8500000 sequences processed
2016/9/28 18:01:12 -- # 8600000 sequences processed
2016/9/28 18:01:12 -- # 8700000 sequences processed
2016/9/28 18:01:12 -- # 8800000 sequences processed
2016/9/28 18:01:12 -- # 8900000 sequences processed
2016/9/28 18:01:13 -- # 9000000 sequences processed
2016/9/28 18:01:16 -- # 9100000 sequences processed
2016/9/28 18:01:16 -- # 9200000 sequences processed
2016/9/28 18:01:18 -- # 9300000 sequences processed
2016/9/28 18:01:18 -- # 9400000 sequences processed
2016/9/28 18:01:18 -- # 9500000 sequences processed
2016/9/28 18:01:18 -- # 9600000 sequences processed
2016/9/28 18:01:18 -- # 9700000 sequences processed
2016/9/28 18:01:19 -- # 9800000 sequences processed
2016/9/28 18:01:22 -- # 9900000 sequences processed
2016/9/28 18:01:22 -- # 10000000 sequences processed
2016/9/28 18:01:24 -- # 10100000 sequences processed
2016/9/28 18:01:25 -- # 10200000 sequences processed
2016/9/28 18:01:25 -- # 10300000 sequences processed
2016/9/28 18:01:25 -- # 10400000 sequences processed
2016/9/28 18:01:25 -- # 10500000 sequences processed
2016/9/28 18:01:26 -- # 10600000 sequences processed
2016/9/28 18:01:28 -- # 10700000 sequences processed
2016/9/28 18:01:28 -- # 10800000 sequences processed
2016/9/28 18:01:31 -- # 10900000 sequences processed
2016/9/28 18:01:31 -- # 11000000 sequences processed
2016/9/28 18:01:31 -- # 11100000 sequences processed
2016/9/28 18:01:31 -- # 11200000 sequences processed
2016/9/28 18:01:32 -- # 11300000 sequences processed
2016/9/28 18:01:33 -- # 11400000 sequences processed
2016/9/28 18:01:33 -- # 11500000 sequences processed
2016/9/28 18:01:34 -- # 11600000 sequences processed
2016/9/28 18:01:35 -- # 11700000 sequences processed
2016/9/28 18:01:35 -- # 11800000 sequences processed
2016/9/28 18:01:35 -- # 11900000 sequences processed
2016/9/28 18:01:35 -- Total 11945249 sequences processed... done
2016/9/28 18:01:35 -- [GEMMapper terminated successfully in 98s. (+12s. loading)]


 Performance counter stats for 'bin/gem-mapper -t 8 -I /tmp/data/indexes/HG_index_GEM/index.gem -i /tmp/data/datasets/gcat_set_039_1.fastq -o /scratch/077-hpca4se-bioinf/jlenis/results/GEM-Scalability/2595820.GEM-Scalability.penguin.t8.sam':

S0       16         1375801702 cache-misses                                                  (15.41%)
S0       16       558676915414 cycles                    #    0.000 GHz                      (19.66%)
S0       16       742352717763 instructions              #   22.61  insns per cycle        
                                             #    0.06  stalled cycles per insn  (24.54%)
S0       16              27714 cs                                                            (100.00%)
S0       16                165 migrations                                                    (100.00%)
S0       16              27314 faults                                                      
S0       16        20756053016 bus-cycles                                                    (25.23%)
S0       16       724791761200 idle-cycles-frontend      #  2207.11% frontend cycles idle     (26.66%)
S0       16       608408880575 idle-cycles-backend       #  1852.71% backend  cycles idle     (28.86%)
S0       16       175069652650 L1-dcache-loads                                               (29.09%)
S0       16         4080740462 L1-dcache-load-misses     #   39.54% of all L1-dcache hits    (21.15%)
S0       16        81654908088 L1-dcache-stores                                              (19.81%)
S0       16         2077111162 L1-dcache-store-misses                                        (18.49%)
S0       16         1810282650 L1-dcache-prefetch-misses                                     (16.93%)
S0       16         1644585840 L1-icache-load-misses                                         (16.99%)
S0       16         2080363060 LLC-loads                                                     (16.21%)
S0       16          693809054 LLC-stores                                                    (17.34%)
S0       16          382293031 LLC-prefetches                                                (9.17%)
S0       16       218792727069 dTLB-loads                                                    (12.55%)
S0       16          569670289 dTLB-load-misses          #    4.69% of all dTLB cache hits   (17.48%)
S0       16        77172066912 dTLB-stores                                                   (16.74%)
S0       16           17950999 dTLB-store-misses                                             (16.20%)
S0       16            7575830 iTLB-loads                                                    (16.13%)
S0       16            3611411 iTLB-load-misses          #  682.12% of all iTLB cache hits   (17.72%)
S0       16        62868826786 branch-loads                                                  (15.98%)
S0       16         1197324714 branch-load-misses                                            (15.19%)
S1       16          985029501 cache-misses                                                  (16.62%)
S1       16       499519061986 cycles                    #    0.000 GHz                      (21.23%)
S1       16       640517763710 instructions              #    0.00  insns per cycle          (26.00%)
S1       16              27675 cs                                                            (100.00%)
S1       16                155 migrations                                                    (100.00%)
S1       16              28908 faults                                                      
S1       16        18742424570 bus-cycles                                                    (26.28%)
S1       16       769256751785 idle-cycles-frontend      #    0.00% frontend cycles idle     (26.55%)
S1       16       698396281221 idle-cycles-backend       #    0.00% backend  cycles idle     (27.37%)
S1       16       158462936020 L1-dcache-loads                                               (27.09%)
S1       16         3214680416 L1-dcache-load-misses                                         (17.70%)
S1       16        67495583221 L1-dcache-stores                                              (17.72%)
S1       16         1425532754 L1-dcache-store-misses                                        (18.07%)
S1       16         1251215967 L1-dcache-prefetch-misses                                     (18.36%)
S1       16         1676892061 L1-icache-load-misses                                         (17.95%)
S1       16         1490268776 LLC-loads                                                     (17.59%)
S1       16          146880737 LLC-stores                                                    (17.46%)
S1       16          380602992 LLC-prefetches                                                (8.21%)
S1       16       181151382589 dTLB-loads                                                    (12.31%)
S1       16          553245330 dTLB-load-misses                                              (16.32%)
S1       16        74305568256 dTLB-stores                                                   (16.34%)
S1       16           25760060 dTLB-store-misses                                             (16.84%)
S1       16           10546351 iTLB-loads                                                    (17.19%)
S1       16            4342074 iTLB-load-misses                                              (17.45%)
S1       16        64318601076 branch-loads                                                  (17.23%)
S1       16         1098242623 branch-load-misses                                            (16.69%)
S2       16          944011170 cache-misses                                                  (16.47%)
S2       16       507527017930 cycles                    #    0.000 GHz                      (21.50%)
S2       16       631887834638 instructions              #    0.00  insns per cycle          (26.06%)
S2       16              29959 cs                                                            (100.00%)
S2       16                153 migrations                                                    (100.00%)
S2       16              35199 faults                                                      
S2       16        19420493406 bus-cycles                                                    (26.89%)
S2       16       751517295247 idle-cycles-frontend      #    0.00% frontend cycles idle     (26.50%)
S2       16       655592517839 idle-cycles-backend       #    0.00% backend  cycles idle     (27.06%)
S2       16       173231202675 L1-dcache-loads                                               (26.74%)
S2       16         3532653774 L1-dcache-load-misses                                         (17.00%)
S2       16        69078657925 L1-dcache-stores                                              (18.29%)
S2       16         1481206346 L1-dcache-store-misses                                        (18.22%)
S2       16         1243811483 L1-dcache-prefetch-misses                                     (18.60%)
S2       16         1545759204 L1-icache-load-misses                                         (18.78%)
S2       16         1393635564 LLC-loads                                                     (18.07%)
S2       16          151388295 LLC-stores                                                    (18.06%)
S2       16          347893510 LLC-prefetches                                                (8.52%)
S2       16       176930939727 dTLB-loads                                                    (12.62%)
S2       16          517436436 dTLB-load-misses                                              (16.57%)
S2       16        68404668265 dTLB-stores                                                   (16.01%)
S2       16           23117950 dTLB-store-misses                                             (16.49%)
S2       16            7100160 iTLB-loads                                                    (16.98%)
S2       16            3315620 iTLB-load-misses                                              (16.55%)
S2       16        57866371396 branch-loads                                                  (16.63%)
S2       16         1010259428 branch-load-misses                                            (16.30%)
S3       16         1011219214 cache-misses                                                  (17.52%)
S3       16       535966891906 cycles                    #    0.000 GHz                      (22.48%)
S3       16       678783933101 instructions              #    0.00  insns per cycle          (27.04%)
S3       16              28315 cs                                                            (100.00%)
S3       16                269 migrations                                                    (100.00%)
S3       16              26202 faults                                                      
S3       16        19943264593 bus-cycles                                                    (26.97%)
S3       16       775509430991 idle-cycles-frontend      #    0.00% frontend cycles idle     (27.69%)
S3       16       660373168463 idle-cycles-backend       #    0.00% backend  cycles idle     (28.25%)
S3       16       153731618035 L1-dcache-loads                                               (28.37%)
S3       16         3350295323 L1-dcache-load-misses                                         (19.16%)
S3       16        67913473469 L1-dcache-stores                                              (18.98%)
S3       16         1300962792 L1-dcache-store-misses                                        (18.92%)
S3       16         1279780144 L1-dcache-prefetch-misses                                     (18.05%)
S3       16         1547244211 L1-icache-load-misses                                         (17.99%)
S3       16         1599645479 LLC-loads                                                     (17.55%)
S3       16          152457851 LLC-stores                                                    (17.39%)
S3       16          333351470 LLC-prefetches                                                (8.81%)
S3       16       200864052055 dTLB-loads                                                    (12.04%)
S3       16          592668978 dTLB-load-misses                                              (15.87%)
S3       16        65732078130 dTLB-stores                                                   (15.82%)
S3       16           27723613 dTLB-store-misses                                             (15.37%)
S3       16            8661625 iTLB-loads                                                    (15.53%)
S3       16            4438251 iTLB-load-misses                                              (15.51%)
S3       16        56797218035 branch-loads                                                  (15.80%)
S3       16         1182305403 branch-load-misses                                            (16.18%)

     110.778319019 seconds time elapsed

#################################################################
# Test multi-threading - 16 threads - T3
#################################################################
2595820.GEM-Scalability.penguin.t16
2016/9/28 18:01:36 -- [Opening input file '/tmp/data/datasets/gcat_set_039_1.fastq']
2016/9/28 18:01:36 -- [Outputting to '/scratch/077-hpca4se-bioinf/jlenis/results/GEM-Scalability/2595820.GEM-Scalability.penguin.t16.sam']
2016/9/28 18:01:36 -- [Loading GEM index '/tmp/data/indexes/HG_index_GEM/index.gem']
2016/9/28 18:01:48 -- [SE::Mapping Sequences]
2016/9/28 18:01:57 -- # 100000 sequences processed
2016/9/28 18:01:57 -- # 200000 sequences processed
2016/9/28 18:01:57 -- # 300000 sequences processed
2016/9/28 18:01:57 -- # 400000 sequences processed
2016/9/28 18:01:57 -- # 500000 sequences processed
2016/9/28 18:01:57 -- # 600000 sequences processed
2016/9/28 18:01:57 -- # 700000 sequences processed
2016/9/28 18:01:57 -- # 800000 sequences processed
2016/9/28 18:01:57 -- # 900000 sequences processed
2016/9/28 18:01:57 -- # 1000000 sequences processed
2016/9/28 18:01:57 -- # 1100000 sequences processed
2016/9/28 18:01:57 -- # 1200000 sequences processed
2016/9/28 18:01:58 -- # 1300000 sequences processed
2016/9/28 18:01:58 -- # 1400000 sequences processed
2016/9/28 18:01:58 -- # 1500000 sequences processed
2016/9/28 18:01:58 -- # 1600000 sequences processed
2016/9/28 18:02:03 -- # 1700000 sequences processed
2016/9/28 18:02:03 -- # 1800000 sequences processed
2016/9/28 18:02:03 -- # 1900000 sequences processed
2016/9/28 18:02:03 -- # 2000000 sequences processed
2016/9/28 18:02:04 -- # 2100000 sequences processed
2016/9/28 18:02:04 -- # 2200000 sequences processed
2016/9/28 18:02:04 -- # 2300000 sequences processed
2016/9/28 18:02:04 -- # 2400000 sequences processed
2016/9/28 18:02:04 -- # 2500000 sequences processed
2016/9/28 18:02:04 -- # 2600000 sequences processed
2016/9/28 18:02:04 -- # 2700000 sequences processed
2016/9/28 18:02:05 -- # 2800000 sequences processed
2016/9/28 18:02:05 -- # 2900000 sequences processed
2016/9/28 18:02:05 -- # 3000000 sequences processed
2016/9/28 18:02:05 -- # 3100000 sequences processed
2016/9/28 18:02:05 -- # 3200000 sequences processed
2016/9/28 18:02:09 -- # 3300000 sequences processed
2016/9/28 18:02:09 -- # 3400000 sequences processed
2016/9/28 18:02:09 -- # 3500000 sequences processed
2016/9/28 18:02:09 -- # 3600000 sequences processed
2016/9/28 18:02:11 -- # 3700000 sequences processed
2016/9/28 18:02:11 -- # 3800000 sequences processed
2016/9/28 18:02:11 -- # 3900000 sequences processed
2016/9/28 18:02:11 -- # 4000000 sequences processed
2016/9/28 18:02:11 -- # 4100000 sequences processed
2016/9/28 18:02:11 -- # 4200000 sequences processed
2016/9/28 18:02:11 -- # 4300000 sequences processed
2016/9/28 18:02:11 -- # 4400000 sequences processed
2016/9/28 18:02:12 -- # 4500000 sequences processed
2016/9/28 18:02:12 -- # 4600000 sequences processed
2016/9/28 18:02:12 -- # 4700000 sequences processed
2016/9/28 18:02:12 -- # 4800000 sequences processed
2016/9/28 18:02:15 -- # 4900000 sequences processed
2016/9/28 18:02:15 -- # 5000000 sequences processed
2016/9/28 18:02:15 -- # 5100000 sequences processed
2016/9/28 18:02:15 -- # 5200000 sequences processed
2016/9/28 18:02:18 -- # 5300000 sequences processed
2016/9/28 18:02:18 -- # 5400000 sequences processed
2016/9/28 18:02:18 -- # 5500000 sequences processed
2016/9/28 18:02:18 -- # 5600000 sequences processed
2016/9/28 18:02:18 -- # 5700000 sequences processed
2016/9/28 18:02:18 -- # 5800000 sequences processed
2016/9/28 18:02:18 -- # 5900000 sequences processed
2016/9/28 18:02:18 -- # 6000000 sequences processed
2016/9/28 18:02:19 -- # 6100000 sequences processed
2016/9/28 18:02:19 -- # 6200000 sequences processed
2016/9/28 18:02:19 -- # 6300000 sequences processed
2016/9/28 18:02:19 -- # 6400000 sequences processed
2016/9/28 18:02:21 -- # 6500000 sequences processed
2016/9/28 18:02:21 -- # 6600000 sequences processed
2016/9/28 18:02:21 -- # 6700000 sequences processed
2016/9/28 18:02:21 -- # 6800000 sequences processed
2016/9/28 18:02:25 -- # 6900000 sequences processed
2016/9/28 18:02:25 -- # 7000000 sequences processed
2016/9/28 18:02:25 -- # 7100000 sequences processed
2016/9/28 18:02:25 -- # 7200000 sequences processed
2016/9/28 18:02:25 -- # 7300000 sequences processed
2016/9/28 18:02:25 -- # 7400000 sequences processed
2016/9/28 18:02:25 -- # 7500000 sequences processed
2016/9/28 18:02:25 -- # 7600000 sequences processed
2016/9/28 18:02:26 -- # 7700000 sequences processed
2016/9/28 18:02:26 -- # 7800000 sequences processed
2016/9/28 18:02:26 -- # 7900000 sequences processed
2016/9/28 18:02:26 -- # 8000000 sequences processed
2016/9/28 18:02:27 -- # 8100000 sequences processed
2016/9/28 18:02:27 -- # 8200000 sequences processed
2016/9/28 18:02:27 -- # 8300000 sequences processed
2016/9/28 18:02:27 -- # 8400000 sequences processed
2016/9/28 18:02:32 -- # 8500000 sequences processed
2016/9/28 18:02:32 -- # 8600000 sequences processed
2016/9/28 18:02:32 -- # 8700000 sequences processed
2016/9/28 18:02:32 -- # 8800000 sequences processed
2016/9/28 18:02:32 -- # 8900000 sequences processed
2016/9/28 18:02:32 -- # 9000000 sequences processed
2016/9/28 18:02:32 -- # 9100000 sequences processed
2016/9/28 18:02:33 -- # 9200000 sequences processed
2016/9/28 18:02:33 -- # 9300000 sequences processed
2016/9/28 18:02:33 -- # 9400000 sequences processed
2016/9/28 18:02:33 -- # 9500000 sequences processed
2016/9/28 18:02:33 -- # 9600000 sequences processed
2016/9/28 18:02:33 -- # 9700000 sequences processed
2016/9/28 18:02:33 -- # 9800000 sequences processed
2016/9/28 18:02:33 -- # 9900000 sequences processed
2016/9/28 18:02:33 -- # 10000000 sequences processed
2016/9/28 18:02:38 -- # 10100000 sequences processed
2016/9/28 18:02:38 -- # 10200000 sequences processed
2016/9/28 18:02:39 -- # 10300000 sequences processed
2016/9/28 18:02:39 -- # 10400000 sequences processed
2016/9/28 18:02:39 -- # 10500000 sequences processed
2016/9/28 18:02:39 -- # 10600000 sequences processed
2016/9/28 18:02:39 -- # 10700000 sequences processed
2016/9/28 18:02:39 -- # 10800000 sequences processed
2016/9/28 18:02:40 -- # 10900000 sequences processed
2016/9/28 18:02:40 -- # 11000000 sequences processed
2016/9/28 18:02:40 -- # 11100000 sequences processed
2016/9/28 18:02:40 -- # 11200000 sequences processed
2016/9/28 18:02:40 -- # 11300000 sequences processed
2016/9/28 18:02:40 -- # 11400000 sequences processed
2016/9/28 18:02:40 -- # 11500000 sequences processed
2016/9/28 18:02:40 -- # 11600000 sequences processed
2016/9/28 18:02:41 -- # 11700000 sequences processed
2016/9/28 18:02:41 -- # 11800000 sequences processed
2016/9/28 18:02:41 -- # 11900000 sequences processed
2016/9/28 18:02:41 -- Total 11945249 sequences processed... done
2016/9/28 18:02:41 -- [GEMMapper terminated successfully in 53s. (+12s. loading)]


 Performance counter stats for 'bin/gem-mapper -t 16 -I /tmp/data/indexes/HG_index_GEM/index.gem -i /tmp/data/datasets/gcat_set_039_1.fastq -o /scratch/077-hpca4se-bioinf/jlenis/results/GEM-Scalability/2595820.GEM-Scalability.penguin.t16.sam':

S0       16          905138368 cache-misses                                                  (14.75%)
S0       16       484923661997 cycles                    #    0.000 GHz                      (20.28%)
S0       16       662508587441 instructions              #   21.07  insns per cycle        
                                             #    0.07  stalled cycles per insn  (24.61%)
S0       16              24260 cs                                                            (100.00%)
S0       16                 99 migrations                                                    (100.00%)
S0       16              22661 faults                                                      
S0       16        19439260269 bus-cycles                                                    (27.09%)
S0       16       717037577214 idle-cycles-frontend      #  2280.04% frontend cycles idle     (29.41%)
S0       16       616429813337 idle-cycles-backend       #  1960.13% backend  cycles idle     (31.66%)
S0       16       141650511123 L1-dcache-loads                                               (33.00%)
S0       16         2754695331 L1-dcache-load-misses     #   28.82% of all L1-dcache hits    (22.69%)
S0       16        58325988234 L1-dcache-stores                                              (22.01%)
S0       16         1314675089 L1-dcache-store-misses                                        (21.09%)
S0       16         1194582668 L1-dcache-prefetch-misses                                     (20.01%)
S0       16         1682121499 L1-icache-load-misses                                         (18.44%)
S0       16         1481665206 LLC-loads                                                     (17.64%)
S0       16          153407283 LLC-stores                                                    (16.46%)
S0       16          351785012 LLC-prefetches                                                (6.89%)
S0       16       192112625188 dTLB-loads                                                    (10.55%)
S0       16          518016477 dTLB-load-misses          #    4.04% of all dTLB cache hits   (14.12%)
S0       16        74035024885 dTLB-stores                                                   (14.08%)
S0       16           19314652 dTLB-store-misses                                             (14.22%)
S0       16            9184482 iTLB-loads                                                    (14.14%)
S0       16            3576520 iTLB-load-misses          #  504.14% of all iTLB cache hits   (13.60%)
S0       16        67075332178 branch-loads                                                  (13.33%)
S0       16         1181389622 branch-load-misses                                            (12.92%)
S1       16          956773178 cache-misses                                                  (15.66%)
S1       16       487198721420 cycles                    #    0.000 GHz                      (20.27%)
S1       16       613702889542 instructions              #    0.00  insns per cycle          (25.45%)
S1       16              21922 cs                                                            (100.00%)
S1       16                 59 migrations                                                    (100.00%)
S1       16              21717 faults                                                      
S1       16        18745542640 bus-cycles                                                    (26.78%)
S1       16       693974560813 idle-cycles-frontend      #    0.00% frontend cycles idle     (27.57%)
S1       16       612501000062 idle-cycles-backend       #    0.00% backend  cycles idle     (28.69%)
S1       16       144446479341 L1-dcache-loads                                               (28.79%)
S1       16         3002213102 L1-dcache-load-misses                                         (19.17%)
S1       16        60848423749 L1-dcache-stores                                              (18.61%)
S1       16         1434839129 L1-dcache-store-misses                                        (18.28%)
S1       16         1275053265 L1-dcache-prefetch-misses                                     (18.53%)
S1       16         1742149444 L1-icache-load-misses                                         (18.53%)
S1       16         1487776155 LLC-loads                                                     (19.24%)
S1       16          147094785 LLC-stores                                                    (19.17%)
S1       16          358715382 LLC-prefetches                                                (8.41%)
S1       16       205202983773 dTLB-loads                                                    (12.30%)
S1       16          550991212 dTLB-load-misses                                              (16.02%)
S1       16        77018679916 dTLB-stores                                                   (15.30%)
S1       16           23459352 dTLB-store-misses                                             (15.65%)
S1       16           16462994 iTLB-loads                                                    (15.38%)
S1       16            5496385 iTLB-load-misses                                              (15.00%)
S1       16        67169135437 branch-loads                                                  (14.80%)
S1       16         1147322163 branch-load-misses                                            (14.45%)
S2       16         1368224771 cache-misses                                                  (16.51%)
S2       16       560088126854 cycles                    #    0.000 GHz                      (21.66%)
S2       16       754087953121 instructions              #    0.00  insns per cycle          (26.94%)
S2       16              28582 cs                                                            (100.00%)
S2       16                173 migrations                                                    (100.00%)
S2       16              24803 faults                                                      
S2       16        20702944005 bus-cycles                                                    (28.80%)
S2       16       773635401837 idle-cycles-frontend      #    0.00% frontend cycles idle     (28.89%)
S2       16       659882710624 idle-cycles-backend       #    0.00% backend  cycles idle     (30.10%)
S2       16       173478976933 L1-dcache-loads                                               (29.79%)
S2       16         4030891343 L1-dcache-load-misses                                         (20.99%)
S2       16        69517830449 L1-dcache-stores                                              (19.99%)
S2       16         2025233473 L1-dcache-store-misses                                        (19.42%)
S2       16         1570340471 L1-dcache-prefetch-misses                                     (19.02%)
S2       16         1665003462 L1-icache-load-misses                                         (19.23%)
S2       16         2019734388 LLC-loads                                                     (17.70%)
S2       16          624956340 LLC-stores                                                    (17.76%)
S2       16          411862999 LLC-prefetches                                                (8.32%)
S2       16       214431132502 dTLB-loads                                                    (11.61%)
S2       16          531753144 dTLB-load-misses                                              (14.74%)
S2       16        87991794530 dTLB-stores                                                   (14.67%)
S2       16           11214793 dTLB-store-misses                                             (14.73%)
S2       16           10484234 iTLB-loads                                                    (14.21%)
S2       16            3687826 iTLB-load-misses                                              (14.17%)
S2       16        77456952712 branch-loads                                                  (14.01%)
S2       16         1361210062 branch-load-misses                                            (14.43%)
S3       16          949314858 cache-misses                                                  (16.94%)
S3       16       480487878179 cycles                    #    0.000 GHz                      (22.31%)
S3       16       595723714731 instructions              #    0.00  insns per cycle          (27.49%)
S3       16              25509 cs                                                            (100.00%)
S3       16                110 migrations                                                    (100.00%)
S3       16              35283 faults                                                      
S3       16        18319083682 bus-cycles                                                    (28.41%)
S3       16       725441985200 idle-cycles-frontend      #    0.00% frontend cycles idle     (29.11%)
S3       16       640007032441 idle-cycles-backend       #    0.00% backend  cycles idle     (29.64%)
S3       16       152164451806 L1-dcache-loads                                               (28.97%)
S3       16         3233319230 L1-dcache-load-misses                                         (18.21%)
S3       16        64591555311 L1-dcache-stores                                              (18.39%)
S3       16         1376313491 L1-dcache-store-misses                                        (18.25%)
S3       16         1204623174 L1-dcache-prefetch-misses                                     (17.46%)
S3       16         1611048618 L1-icache-load-misses                                         (16.91%)
S3       16         1517632888 LLC-loads                                                     (16.45%)
S3       16          172331799 LLC-stores                                                    (16.33%)
S3       16          420658060 LLC-prefetches                                                (8.01%)
S3       16       208798653174 dTLB-loads                                                    (12.03%)
S3       16          578133750 dTLB-load-misses                                              (16.26%)
S3       16        82113930412 dTLB-stores                                                   (16.55%)
S3       16           22963366 dTLB-store-misses                                             (16.47%)
S3       16            9271393 iTLB-loads                                                    (16.08%)
S3       16            6263605 iTLB-load-misses                                              (16.04%)
S3       16        67414935775 branch-loads                                                  (15.31%)
S3       16         1103010249 branch-load-misses                                            (16.09%)

      65.348504590 seconds time elapsed

#################################################################
# Test multi-threading - 32 threads - T4 
#################################################################
2595820.GEM-Scalability.penguin.t32
2016/9/28 18:02:42 -- [Opening input file '/tmp/data/datasets/gcat_set_039_1.fastq']
2016/9/28 18:02:42 -- [Outputting to '/scratch/077-hpca4se-bioinf/jlenis/results/GEM-Scalability/2595820.GEM-Scalability.penguin.t32.sam']
2016/9/28 18:02:42 -- [Loading GEM index '/tmp/data/indexes/HG_index_GEM/index.gem']
2016/9/28 18:02:52 -- [SE::Mapping Sequences]
2016/9/28 18:03:01 -- # 100000 sequences processed
2016/9/28 18:03:01 -- # 200000 sequences processed
2016/9/28 18:03:01 -- # 300000 sequences processed
2016/9/28 18:03:01 -- # 400000 sequences processed
2016/9/28 18:03:02 -- # 500000 sequences processed
2016/9/28 18:03:02 -- # 600000 sequences processed
2016/9/28 18:03:02 -- # 700000 sequences processed
2016/9/28 18:03:02 -- # 800000 sequences processed
2016/9/28 18:03:02 -- # 900000 sequences processed
2016/9/28 18:03:02 -- # 1000000 sequences processed
2016/9/28 18:03:02 -- # 1100000 sequences processed
2016/9/28 18:03:02 -- # 1200000 sequences processed
2016/9/28 18:03:02 -- # 1300000 sequences processed
2016/9/28 18:03:02 -- # 1400000 sequences processed
2016/9/28 18:03:02 -- # 1500000 sequences processed
2016/9/28 18:03:02 -- # 1600000 sequences processed
2016/9/28 18:03:02 -- # 1700000 sequences processed
2016/9/28 18:03:02 -- # 1800000 sequences processed
2016/9/28 18:03:02 -- # 1900000 sequences processed
2016/9/28 18:03:02 -- # 2000000 sequences processed
2016/9/28 18:03:02 -- # 2100000 sequences processed
2016/9/28 18:03:03 -- # 2200000 sequences processed
2016/9/28 18:03:03 -- # 2300000 sequences processed
2016/9/28 18:03:03 -- # 2400000 sequences processed
2016/9/28 18:03:03 -- # 2500000 sequences processed
2016/9/28 18:03:03 -- # 2600000 sequences processed
2016/9/28 18:03:03 -- # 2700000 sequences processed
2016/9/28 18:03:03 -- # 2800000 sequences processed
2016/9/28 18:03:03 -- # 2900000 sequences processed
2016/9/28 18:03:03 -- # 3000000 sequences processed
2016/9/28 18:03:06 -- # 3100000 sequences processed
2016/9/28 18:03:07 -- # 3200000 sequences processed
2016/9/28 18:03:08 -- # 3300000 sequences processed
2016/9/28 18:03:08 -- # 3400000 sequences processed
2016/9/28 18:03:08 -- # 3500000 sequences processed
2016/9/28 18:03:08 -- # 3600000 sequences processed
2016/9/28 18:03:08 -- # 3700000 sequences processed
2016/9/28 18:03:08 -- # 3800000 sequences processed
2016/9/28 18:03:09 -- # 3900000 sequences processed
2016/9/28 18:03:09 -- # 4000000 sequences processed
2016/9/28 18:03:10 -- # 4100000 sequences processed
2016/9/28 18:03:10 -- # 4200000 sequences processed
2016/9/28 18:03:10 -- # 4300000 sequences processed
2016/9/28 18:03:10 -- # 4400000 sequences processed
2016/9/28 18:03:10 -- # 4500000 sequences processed
2016/9/28 18:03:10 -- # 4600000 sequences processed
2016/9/28 18:03:10 -- # 4700000 sequences processed
2016/9/28 18:03:10 -- # 4800000 sequences processed
2016/9/28 18:03:10 -- # 4900000 sequences processed
2016/9/28 18:03:10 -- # 5000000 sequences processed
2016/9/28 18:03:10 -- # 5100000 sequences processed
2016/9/28 18:03:10 -- # 5200000 sequences processed
2016/9/28 18:03:10 -- # 5300000 sequences processed
2016/9/28 18:03:10 -- # 5400000 sequences processed
2016/9/28 18:03:10 -- # 5500000 sequences processed
2016/9/28 18:03:10 -- # 5600000 sequences processed
2016/9/28 18:03:10 -- # 5700000 sequences processed
2016/9/28 18:03:10 -- # 5800000 sequences processed
2016/9/28 18:03:10 -- # 5900000 sequences processed
2016/9/28 18:03:11 -- # 6000000 sequences processed
2016/9/28 18:03:11 -- # 6100000 sequences processed
2016/9/28 18:03:11 -- # 6200000 sequences processed
2016/9/28 18:03:14 -- # 6300000 sequences processed
2016/9/28 18:03:14 -- # 6400000 sequences processed
2016/9/28 18:03:15 -- # 6500000 sequences processed
2016/9/28 18:03:15 -- # 6600000 sequences processed
2016/9/28 18:03:15 -- # 6700000 sequences processed
2016/9/28 18:03:15 -- # 6800000 sequences processed
2016/9/28 18:03:15 -- # 6900000 sequences processed
2016/9/28 18:03:16 -- # 7000000 sequences processed
2016/9/28 18:03:16 -- # 7100000 sequences processed
2016/9/28 18:03:18 -- # 7200000 sequences processed
2016/9/28 18:03:18 -- # 7300000 sequences processed
2016/9/28 18:03:18 -- # 7400000 sequences processed
2016/9/28 18:03:18 -- # 7500000 sequences processed
2016/9/28 18:03:18 -- # 7600000 sequences processed
2016/9/28 18:03:18 -- # 7700000 sequences processed
2016/9/28 18:03:18 -- # 7800000 sequences processed
2016/9/28 18:03:18 -- # 7900000 sequences processed
2016/9/28 18:03:18 -- # 8000000 sequences processed
2016/9/28 18:03:18 -- # 8100000 sequences processed
2016/9/28 18:03:18 -- # 8200000 sequences processed
2016/9/28 18:03:18 -- # 8300000 sequences processed
2016/9/28 18:03:18 -- # 8400000 sequences processed
2016/9/28 18:03:18 -- # 8500000 sequences processed
2016/9/28 18:03:18 -- # 8600000 sequences processed
2016/9/28 18:03:18 -- # 8700000 sequences processed
2016/9/28 18:03:18 -- # 8800000 sequences processed
2016/9/28 18:03:18 -- # 8900000 sequences processed
2016/9/28 18:03:19 -- # 9000000 sequences processed
2016/9/28 18:03:19 -- # 9100000 sequences processed
2016/9/28 18:03:19 -- # 9200000 sequences processed
2016/9/28 18:03:19 -- # 9300000 sequences processed
2016/9/28 18:03:20 -- # 9400000 sequences processed
2016/9/28 18:03:21 -- # 9500000 sequences processed
2016/9/28 18:03:21 -- # 9600000 sequences processed
2016/9/28 18:03:21 -- # 9700000 sequences processed
2016/9/28 18:03:21 -- # 9800000 sequences processed
2016/9/28 18:03:21 -- # 9900000 sequences processed
2016/9/28 18:03:22 -- # 10000000 sequences processed
2016/9/28 18:03:22 -- # 10100000 sequences processed
2016/9/28 18:03:23 -- # 10200000 sequences processed
2016/9/28 18:03:23 -- # 10300000 sequences processed
2016/9/28 18:03:23 -- # 10400000 sequences processed
2016/9/28 18:03:23 -- # 10500000 sequences processed
2016/9/28 18:03:23 -- # 10600000 sequences processed
2016/9/28 18:03:23 -- # 10700000 sequences processed
2016/9/28 18:03:23 -- # 10800000 sequences processed
2016/9/28 18:03:23 -- # 10900000 sequences processed
2016/9/28 18:03:23 -- # 11000000 sequences processed
2016/9/28 18:03:23 -- # 11100000 sequences processed
2016/9/28 18:03:23 -- # 11200000 sequences processed
2016/9/28 18:03:23 -- # 11300000 sequences processed
2016/9/28 18:03:23 -- # 11400000 sequences processed
2016/9/28 18:03:23 -- # 11500000 sequences processed
2016/9/28 18:03:24 -- # 11600000 sequences processed
2016/9/28 18:03:24 -- # 11700000 sequences processed
2016/9/28 18:03:24 -- # 11800000 sequences processed
2016/9/28 18:03:24 -- # 11900000 sequences processed
2016/9/28 18:03:24 -- Total 11945249 sequences processed... done
2016/9/28 18:03:24 -- [GEMMapper terminated successfully in 31s. (+10s. loading)]


 Performance counter stats for 'bin/gem-mapper -t 32 -I /tmp/data/indexes/HG_index_GEM/index.gem -i /tmp/data/datasets/gcat_set_039_1.fastq -o /scratch/077-hpca4se-bioinf/jlenis/results/GEM-Scalability/2595820.GEM-Scalability.penguin.t32.sam':

S0       16         1263736528 cache-misses                                                  (14.36%)
S0       16       599240917866 cycles                    #    0.000 GHz                      (21.22%)
S0       16       639933412770 instructions              #   19.17  insns per cycle        
                                             #    0.06  stalled cycles per insn  (27.46%)
S0       16              30252 cs                                                            (100.00%)
S0       16               1954 migrations                                                    (100.00%)
S0       16              31171 faults                                                      
S0       16        22442657304 bus-cycles                                                    (30.77%)
S0       16       614729894075 idle-cycles-frontend      #  1841.21% frontend cycles idle     (35.09%)
S0       16       505764150635 idle-cycles-backend       #  1514.84% backend  cycles idle     (38.73%)
S0       16       128628827698 L1-dcache-loads                                               (38.67%)
S0       16         2898302333 L1-dcache-load-misses     #   32.05% of all L1-dcache hits    (24.06%)
S0       16        61044713605 L1-dcache-stores                                              (21.48%)
S0       16         1595849191 L1-dcache-store-misses                                        (18.66%)
S0       16         1424931951 L1-dcache-prefetch-misses                                     (17.28%)
S0       16         2496391966 L1-icache-load-misses                                         (15.39%)
S0       16         1996272579 LLC-loads                                                     (14.14%)
S0       16          302004345 LLC-stores                                                    (13.35%)
S0       16          636124580 LLC-prefetches                                                (6.13%)
S0       16       251397603095 dTLB-loads                                                    (10.00%)
S0       16          900882510 dTLB-load-misses          #    6.43% of all dTLB cache hits   (13.56%)
S0       16        99355442662 dTLB-stores                                                   (14.03%)
S0       16           48598404 dTLB-store-misses                                             (14.82%)
S0       16          118641757 iTLB-loads                                                    (13.71%)
S0       16           18551499 iTLB-load-misses          #  697.44% of all iTLB cache hits   (13.12%)
S0       16        87867832826 branch-loads                                                  (12.21%)
S0       16         1544961073 branch-load-misses                                            (11.52%)
S1       16         1346932424 cache-misses                                                  (17.10%)
S1       16       540491894538 cycles                    #    0.000 GHz                      (22.06%)
S1       16       711187887431 instructions              #    0.00  insns per cycle          (26.88%)
S1       16              20785 cs                                                            (100.00%)
S1       16                132 migrations                                                    (100.00%)
S1       16              19431 faults                                                      
S1       16        21611358210 bus-cycles                                                    (27.93%)
S1       16       743281739480 idle-cycles-frontend      #    0.00% frontend cycles idle     (29.69%)
S1       16       625663443025 idle-cycles-backend       #    0.00% backend  cycles idle     (29.90%)
S1       16       165655840686 L1-dcache-loads                                               (29.28%)
S1       16         4108212002 L1-dcache-load-misses                                         (20.43%)
S1       16        71382511965 L1-dcache-stores                                              (19.26%)
S1       16         1971363261 L1-dcache-store-misses                                        (18.64%)
S1       16         1657289038 L1-dcache-prefetch-misses                                     (17.57%)
S1       16         1836206741 L1-icache-load-misses                                         (16.98%)
S1       16         2063048486 LLC-loads                                                     (16.22%)
S1       16          576133679 LLC-stores                                                    (17.39%)
S1       16          430752431 LLC-prefetches                                                (9.75%)
S1       16       227649654663 dTLB-loads                                                    (12.78%)
S1       16          531678224 dTLB-load-misses                                              (16.61%)
S1       16        90557765225 dTLB-stores                                                   (15.49%)
S1       16           17797541 dTLB-store-misses                                             (15.13%)
S1       16           19145687 iTLB-loads                                                    (14.86%)
S1       16            7790513 iTLB-load-misses                                              (14.54%)
S1       16        79966117177 branch-loads                                                  (14.92%)
S1       16         1378542456 branch-load-misses                                            (15.21%)
S2       16         1072508979 cache-misses                                                  (16.40%)
S2       16       555789152646 cycles                    #    0.000 GHz                      (22.60%)
S2       16       642489052953 instructions              #    0.00  insns per cycle          (28.55%)
S2       16              30115 cs                                                            (100.00%)
S2       16                594 migrations                                                    (100.00%)
S2       16              43358 faults                                                      
S2       16        21904708648 bus-cycles                                                    (30.61%)
S2       16       652599704147 idle-cycles-frontend      #    0.00% frontend cycles idle     (32.75%)
S2       16       574225017249 idle-cycles-backend       #    0.00% backend  cycles idle     (33.33%)
S2       16       153222025672 L1-dcache-loads                                               (32.60%)
S2       16         3173786947 L1-dcache-load-misses                                         (21.16%)
S2       16        67917701895 L1-dcache-stores                                              (19.53%)
S2       16         1630244956 L1-dcache-store-misses                                        (16.91%)
S2       16         1405407462 L1-dcache-prefetch-misses                                     (16.71%)
S2       16         1854557699 L1-icache-load-misses                                         (14.85%)
S2       16         1596774751 LLC-loads                                                     (15.57%)
S2       16          179346662 LLC-stores                                                    (15.57%)
S2       16          504584006 LLC-prefetches                                                (8.11%)
S2       16       228345492310 dTLB-loads                                                    (11.67%)
S2       16          543860399 dTLB-load-misses                                              (15.03%)
S2       16        89462792643 dTLB-stores                                                   (14.19%)
S2       16           16146967 dTLB-store-misses                                             (15.31%)
S2       16           20013580 iTLB-loads                                                    (15.27%)
S2       16           11647708 iTLB-load-misses                                              (15.74%)
S2       16        79761861887 branch-loads                                                  (15.13%)
S2       16         1388862701 branch-load-misses                                            (15.04%)
S3       16          813183403 cache-misses                                                  (17.36%)
S3       16       441261257983 cycles                    #    0.000 GHz                      (23.59%)
S3       16       516443591812 instructions              #    0.00  insns per cycle          (29.22%)
S3       16              24170 cs                                                            (100.00%)
S3       16                674 migrations                                                    (100.00%)
S3       16              33746 faults                                                      
S3       16        17813601328 bus-cycles                                                    (30.23%)
S3       16       625326135980 idle-cycles-frontend      #    0.00% frontend cycles idle     (32.34%)
S3       16       535479282500 idle-cycles-backend       #    0.00% backend  cycles idle     (33.84%)
S3       16       131312640570 L1-dcache-loads                                               (32.30%)
S3       16         2763257936 L1-dcache-load-misses                                         (20.68%)
S3       16        58028510272 L1-dcache-stores                                              (18.76%)
S3       16         1344068617 L1-dcache-store-misses                                        (17.19%)
S3       16         1247268389 L1-dcache-prefetch-misses                                     (16.13%)
S3       16         1525293418 L1-icache-load-misses                                         (15.39%)
S3       16         1395041011 LLC-loads                                                     (15.55%)
S3       16          138279229 LLC-stores                                                    (15.48%)
S3       16          374973196 LLC-prefetches                                                (7.91%)
S3       16       189776492769 dTLB-loads                                                    (11.53%)
S3       16          444948774 dTLB-load-misses                                              (14.94%)
S3       16        72972082198 dTLB-stores                                                   (14.49%)
S3       16           21337632 dTLB-store-misses                                             (14.15%)
S3       16           12435691 iTLB-loads                                                    (14.34%)
S3       16            6108276 iTLB-load-misses                                              (14.76%)
S3       16        61378235960 branch-loads                                                  (15.40%)
S3       16         1062121861 branch-load-misses                                            (16.07%)

      42.085504895 seconds time elapsed

#################################################################
# Test multi-threading - 48 threads - T5
#################################################################
2595820.GEM-Scalability.penguin.t48
2016/9/28 18:03:24 -- [Opening input file '/tmp/data/datasets/gcat_set_039_1.fastq']
2016/9/28 18:03:24 -- [Outputting to '/scratch/077-hpca4se-bioinf/jlenis/results/GEM-Scalability/2595820.GEM-Scalability.penguin.t48.sam']
2016/9/28 18:03:24 -- [Loading GEM index '/tmp/data/indexes/HG_index_GEM/index.gem']
2016/9/28 18:03:33 -- [SE::Mapping Sequences]
2016/9/28 18:03:42 -- # 100000 sequences processed
2016/9/28 18:03:42 -- # 200000 sequences processed
2016/9/28 18:03:42 -- # 300000 sequences processed
2016/9/28 18:03:42 -- # 400000 sequences processed
2016/9/28 18:03:42 -- # 500000 sequences processed
2016/9/28 18:03:42 -- # 600000 sequences processed
2016/9/28 18:03:43 -- # 700000 sequences processed
2016/9/28 18:03:44 -- # 800000 sequences processed
2016/9/28 18:03:44 -- # 900000 sequences processed
2016/9/28 18:03:44 -- # 1000000 sequences processed
2016/9/28 18:03:44 -- # 1100000 sequences processed
2016/9/28 18:03:44 -- # 1200000 sequences processed
2016/9/28 18:03:44 -- # 1300000 sequences processed
2016/9/28 18:03:44 -- # 1400000 sequences processed
2016/9/28 18:03:44 -- # 1500000 sequences processed
2016/9/28 18:03:45 -- # 1600000 sequences processed
2016/9/28 18:03:45 -- # 1700000 sequences processed
2016/9/28 18:03:45 -- # 1800000 sequences processed
2016/9/28 18:03:45 -- # 1900000 sequences processed
2016/9/28 18:03:46 -- # 2000000 sequences processed
2016/9/28 18:03:46 -- # 2100000 sequences processed
2016/9/28 18:03:46 -- # 2200000 sequences processed
2016/9/28 18:03:46 -- # 2300000 sequences processed
2016/9/28 18:03:47 -- # 2400000 sequences processed
2016/9/28 18:03:47 -- # 2500000 sequences processed
2016/9/28 18:03:47 -- # 2600000 sequences processed
2016/9/28 18:03:47 -- # 2700000 sequences processed
2016/9/28 18:03:47 -- # 2800000 sequences processed
2016/9/28 18:03:47 -- # 2900000 sequences processed
2016/9/28 18:03:47 -- # 3000000 sequences processed
2016/9/28 18:03:47 -- # 3100000 sequences processed
2016/9/28 18:03:47 -- # 3200000 sequences processed
2016/9/28 18:03:47 -- # 3300000 sequences processed
2016/9/28 18:03:47 -- # 3400000 sequences processed
2016/9/28 18:03:48 -- # 3500000 sequences processed
2016/9/28 18:03:48 -- # 3600000 sequences processed
2016/9/28 18:03:48 -- # 3700000 sequences processed
2016/9/28 18:03:48 -- # 3800000 sequences processed
2016/9/28 18:03:48 -- # 3900000 sequences processed
2016/9/28 18:03:48 -- # 4000000 sequences processed
2016/9/28 18:03:48 -- # 4100000 sequences processed
2016/9/28 18:03:48 -- # 4200000 sequences processed
2016/9/28 18:03:48 -- # 4300000 sequences processed
2016/9/28 18:03:48 -- # 4400000 sequences processed
2016/9/28 18:03:48 -- # 4500000 sequences processed
2016/9/28 18:03:48 -- # 4600000 sequences processed
2016/9/28 18:03:49 -- # 4700000 sequences processed
2016/9/28 18:03:49 -- # 4800000 sequences processed
2016/9/28 18:03:49 -- # 4900000 sequences processed
2016/9/28 18:03:49 -- # 5000000 sequences processed
2016/9/28 18:03:50 -- # 5100000 sequences processed
2016/9/28 18:03:50 -- # 5200000 sequences processed
2016/9/28 18:03:50 -- # 5300000 sequences processed
2016/9/28 18:03:51 -- # 5400000 sequences processed
2016/9/28 18:03:51 -- # 5500000 sequences processed
2016/9/28 18:03:52 -- # 5600000 sequences processed
2016/9/28 18:03:52 -- # 5700000 sequences processed
2016/9/28 18:03:52 -- # 5800000 sequences processed
2016/9/28 18:03:52 -- # 5900000 sequences processed
2016/9/28 18:03:53 -- # 6000000 sequences processed
2016/9/28 18:03:53 -- # 6100000 sequences processed
2016/9/28 18:03:53 -- # 6200000 sequences processed
2016/9/28 18:03:54 -- # 6300000 sequences processed
2016/9/28 18:03:55 -- # 6400000 sequences processed
2016/9/28 18:03:55 -- # 6500000 sequences processed
2016/9/28 18:03:55 -- # 6600000 sequences processed
2016/9/28 18:03:55 -- # 6700000 sequences processed
2016/9/28 18:03:56 -- # 6800000 sequences processed
2016/9/28 18:03:56 -- # 6900000 sequences processed
2016/9/28 18:03:56 -- # 7000000 sequences processed
2016/9/28 18:03:56 -- # 7100000 sequences processed
2016/9/28 18:03:56 -- # 7200000 sequences processed
2016/9/28 18:03:57 -- # 7300000 sequences processed
2016/9/28 18:03:57 -- # 7400000 sequences processed
2016/9/28 18:03:57 -- # 7500000 sequences processed
2016/9/28 18:03:57 -- # 7600000 sequences processed
2016/9/28 18:03:57 -- # 7700000 sequences processed
2016/9/28 18:03:58 -- # 7800000 sequences processed
2016/9/28 18:03:58 -- # 7900000 sequences processed
2016/9/28 18:03:58 -- # 8000000 sequences processed
2016/9/28 18:03:58 -- # 8100000 sequences processed
2016/9/28 18:03:58 -- # 8200000 sequences processed
2016/9/28 18:03:58 -- # 8300000 sequences processed
2016/9/28 18:03:58 -- # 8400000 sequences processed
2016/9/28 18:03:58 -- # 8500000 sequences processed
2016/9/28 18:03:58 -- # 8600000 sequences processed
2016/9/28 18:03:58 -- # 8700000 sequences processed
2016/9/28 18:03:58 -- # 8800000 sequences processed
2016/9/28 18:03:58 -- # 8900000 sequences processed
2016/9/28 18:03:59 -- # 9000000 sequences processed
2016/9/28 18:03:59 -- # 9100000 sequences processed
2016/9/28 18:03:59 -- # 9200000 sequences processed
2016/9/28 18:04:00 -- # 9300000 sequences processed
2016/9/28 18:04:00 -- # 9400000 sequences processed
2016/9/28 18:04:00 -- # 9500000 sequences processed
2016/9/28 18:04:00 -- # 9600000 sequences processed
2016/9/28 18:04:00 -- # 9700000 sequences processed
2016/9/28 18:04:00 -- # 9800000 sequences processed
2016/9/28 18:04:00 -- # 9900000 sequences processed
2016/9/28 18:04:00 -- # 10000000 sequences processed
2016/9/28 18:04:00 -- # 10100000 sequences processed
2016/9/28 18:04:00 -- # 10200000 sequences processed
2016/9/28 18:04:00 -- # 10300000 sequences processed
2016/9/28 18:04:00 -- # 10400000 sequences processed
2016/9/28 18:04:00 -- # 10500000 sequences processed
2016/9/28 18:04:00 -- # 10600000 sequences processed
2016/9/28 18:04:00 -- # 10700000 sequences processed
2016/9/28 18:04:00 -- # 10800000 sequences processed
2016/9/28 18:04:00 -- # 10900000 sequences processed
2016/9/28 18:04:00 -- # 11000000 sequences processed
2016/9/28 18:04:00 -- # 11100000 sequences processed
2016/9/28 18:04:00 -- # 11200000 sequences processed
2016/9/28 18:04:01 -- # 11300000 sequences processed
2016/9/28 18:04:01 -- # 11400000 sequences processed
2016/9/28 18:04:01 -- # 11500000 sequences processed
2016/9/28 18:04:01 -- # 11600000 sequences processed
2016/9/28 18:04:01 -- # 11700000 sequences processed
2016/9/28 18:04:01 -- # 11800000 sequences processed
2016/9/28 18:04:01 -- # 11900000 sequences processed
2016/9/28 18:04:01 -- Total 11945249 sequences processed... done
2016/9/28 18:04:01 -- [GEMMapper terminated successfully in 28s. (+8s. loading)]


 Performance counter stats for 'bin/gem-mapper -t 48 -I /tmp/data/indexes/HG_index_GEM/index.gem -i /tmp/data/datasets/gcat_set_039_1.fastq -o /scratch/077-hpca4se-bioinf/jlenis/results/GEM-Scalability/2595820.GEM-Scalability.penguin.t48.sam':

S0       16         1144769412 cache-misses                                                  (14.81%)
S0       16       627654022702 cycles                    #    0.000 GHz                      (21.57%)
S0       16       571296547668 instructions              #   13.21  insns per cycle        
                                             #    0.07  stalled cycles per insn  (29.27%)
S0       16              27952 cs                                                            (100.00%)
S0       16                207 migrations                                                    (100.00%)
S0       16              22993 faults                                                      
S0       16        21032820439 bus-cycles                                                    (32.88%)
S0       16       543549024956 idle-cycles-frontend      #  1256.68% frontend cycles idle     (35.98%)
S0       16       423345338333 idle-cycles-backend       #  978.77% backend  cycles idle     (39.00%)
S0       16       108220563309 L1-dcache-loads                                               (39.79%)
S0       16         2628107554 L1-dcache-load-misses     #   29.56% of all L1-dcache hits    (23.18%)
S0       16        58935132941 L1-dcache-stores                                              (20.30%)
S0       16         1708282065 L1-dcache-store-misses                                        (17.52%)
S0       16         1564617502 L1-dcache-prefetch-misses                                     (15.37%)
S0       16         2020475709 L1-icache-load-misses                                         (14.37%)
S0       16         1714049037 LLC-loads                                                     (14.73%)
S0       16          223843912 LLC-stores                                                    (14.90%)
S0       16          554376340 LLC-prefetches                                                (6.89%)
S0       16       229219561589 dTLB-loads                                                    (10.07%)
S0       16          556968911 dTLB-load-misses          #    3.98% of all dTLB cache hits   (13.08%)
S0       16        95698248867 dTLB-stores                                                   (12.04%)
S0       16           19355041 dTLB-store-misses                                             (12.25%)
S0       16          194871791 iTLB-loads                                                    (12.37%)
S0       16           16924466 iTLB-load-misses          #  142.63% of all iTLB cache hits   (12.41%)
S0       16        79221342332 branch-loads                                                  (13.14%)
S0       16         1348089442 branch-load-misses                                            (13.42%)
S1       16         1343029106 cache-misses                                                  (15.94%)
S1       16       565357421068 cycles                    #    0.000 GHz                      (20.70%)
S1       16       685975696930 instructions              #    0.00  insns per cycle          (26.39%)
S1       16              22304 cs                                                            (100.00%)
S1       16                226 migrations                                                    (100.00%)
S1       16              24341 faults                                                      
S1       16        22750610664 bus-cycles                                                    (28.97%)
S1       16       687192020626 idle-cycles-frontend      #    0.00% frontend cycles idle     (31.53%)
S1       16       556831380191 idle-cycles-backend       #    0.00% backend  cycles idle     (33.40%)
S1       16       168102037538 L1-dcache-loads                                               (33.62%)
S1       16         4116172727 L1-dcache-load-misses                                         (21.31%)
S1       16        70880563276 L1-dcache-stores                                              (19.12%)
S1       16         2100710123 L1-dcache-store-misses                                        (17.37%)
S1       16         1629906557 L1-dcache-prefetch-misses                                     (15.99%)
S1       16         1813028859 L1-icache-load-misses                                         (15.16%)
S1       16         1960372726 LLC-loads                                                     (15.20%)
S1       16          633317872 LLC-stores                                                    (15.08%)
S1       16          555141369 LLC-prefetches                                                (7.65%)
S1       16       211285195684 dTLB-loads                                                    (11.58%)
S1       16          503547156 dTLB-load-misses                                              (16.19%)
S1       16        77858275033 dTLB-stores                                                   (16.46%)
S1       16           14490078 dTLB-store-misses                                             (15.65%)
S1       16           77357773 iTLB-loads                                                    (15.23%)
S1       16           15204748 iTLB-load-misses                                              (14.51%)
S1       16        75642804078 branch-loads                                                  (14.15%)
S1       16         1275262847 branch-load-misses                                            (14.60%)
S2       16         1152507847 cache-misses                                                  (16.54%)
S2       16       747474277739 cycles                    #    0.000 GHz                      (23.56%)
S2       16       626648829477 instructions              #    0.00  insns per cycle          (30.03%)
S2       16              28584 cs                                                            (100.00%)
S2       16                134 migrations                                                    (100.00%)
S2       16              54373 faults                                                      
S2       16        28111646509 bus-cycles                                                    (33.08%)
S2       16       526592439989 idle-cycles-frontend      #    0.00% frontend cycles idle     (35.02%)
S2       16       365942649898 idle-cycles-backend       #    0.00% backend  cycles idle     (37.82%)
S2       16       136736078190 L1-dcache-loads                                               (37.21%)
S2       16         3509881571 L1-dcache-load-misses                                         (21.41%)
S2       16        66189499210 L1-dcache-stores                                              (19.94%)
S2       16         2046999621 L1-dcache-store-misses                                        (16.80%)
S2       16         1788885410 L1-dcache-prefetch-misses                                     (16.09%)
S2       16         2213086911 L1-icache-load-misses                                         (14.75%)
S2       16         2032288219 LLC-loads                                                     (14.21%)
S2       16          411062213 LLC-stores                                                    (13.24%)
S2       16          920106529 LLC-prefetches                                                (7.04%)
S2       16       263427063438 dTLB-loads                                                    (10.10%)
S2       16          614035999 dTLB-load-misses                                              (13.74%)
S2       16        94325344127 dTLB-stores                                                   (14.10%)
S2       16           14454723 dTLB-store-misses                                             (14.15%)
S2       16          290718058 iTLB-loads                                                    (13.98%)
S2       16           17210617 iTLB-load-misses                                              (13.24%)
S2       16        82889080113 branch-loads                                                  (14.61%)
S2       16         1451813820 branch-load-misses                                            (14.14%)
S3       16         1212010106 cache-misses                                                  (17.57%)
S3       16       827693747685 cycles                    #    0.000 GHz                      (22.49%)
S3       16       650849871595 instructions              #    0.00  insns per cycle          (27.53%)
S3       16              19081 cs                                                            (100.00%)
S3       16                322 migrations                                                    (100.00%)
S3       16              41366 faults                                                      
S3       16        35290073678 bus-cycles                                                    (28.89%)
S3       16       632696993686 idle-cycles-frontend      #    0.00% frontend cycles idle     (30.02%)
S3       16       466198172647 idle-cycles-backend       #    0.00% backend  cycles idle     (31.14%)
S3       16       155990031156 L1-dcache-loads                                               (30.79%)
S3       16         4007526511 L1-dcache-load-misses                                         (19.21%)
S3       16        67924384713 L1-dcache-stores                                              (17.72%)
S3       16         1964661924 L1-dcache-store-misses                                        (17.18%)
S3       16         1627343796 L1-dcache-prefetch-misses                                     (16.70%)
S3       16         2369308601 L1-icache-load-misses                                         (16.90%)
S3       16         1757254302 LLC-loads                                                     (16.85%)
S3       16          390805292 LLC-stores                                                    (16.57%)
S3       16          709382375 LLC-prefetches                                                (8.14%)
S3       16       192675824139 dTLB-loads                                                    (12.00%)
S3       16          838311704 dTLB-load-misses                                              (15.80%)
S3       16        79974573648 dTLB-stores                                                   (15.22%)
S3       16           59349852 dTLB-store-misses                                             (14.76%)
S3       16          196456053 iTLB-loads                                                    (14.92%)
S3       16           51044681 iTLB-load-misses                                              (15.58%)
S3       16        68904640991 branch-loads                                                  (16.20%)
S3       16         1199905364 branch-load-misses                                            (16.41%)

      36.964412132 seconds time elapsed

#################################################################
# Test multi-threading - 64 threads - T6
#################################################################

2016/9/28 18:04:02 -- [Opening input file '/tmp/data/datasets/gcat_set_039_1.fastq']
2016/9/28 18:04:02 -- [Outputting to '/scratch/077-hpca4se-bioinf/jlenis/results/GEM-Scalability/2595820.GEM-Scalability.penguin.t64.sam']
2016/9/28 18:04:02 -- [Loading GEM index '/tmp/data/indexes/HG_index_GEM/index.gem']
2016/9/28 18:04:31 -- [SE::Mapping Sequences]
2016/9/28 18:05:41 -- # 100000 sequences processed
2016/9/28 18:05:41 -- # 200000 sequences processed
2016/9/28 18:05:41 -- # 300000 sequences processed
2016/9/28 18:05:41 -- # 400000 sequences processed
2016/9/28 18:05:41 -- # 500000 sequences processed
2016/9/28 18:05:41 -- # 600000 sequences processed
2016/9/28 18:05:41 -- # 700000 sequences processed
2016/9/28 18:05:41 -- # 800000 sequences processed
2016/9/28 18:05:42 -- # 900000 sequences processed
2016/9/28 18:05:42 -- # 1000000 sequences processed
2016/9/28 18:05:42 -- # 1100000 sequences processed
2016/9/28 18:05:42 -- # 1200000 sequences processed
2016/9/28 18:05:42 -- # 1300000 sequences processed
2016/9/28 18:05:42 -- # 1400000 sequences processed
2016/9/28 18:05:42 -- # 1500000 sequences processed
2016/9/28 18:05:42 -- # 1600000 sequences processed
2016/9/28 18:05:42 -- # 1700000 sequences processed
2016/9/28 18:05:43 -- # 1800000 sequences processed
2016/9/28 18:05:43 -- # 1900000 sequences processed
2016/9/28 18:05:43 -- # 2000000 sequences processed
2016/9/28 18:05:43 -- # 2100000 sequences processed
2016/9/28 18:05:43 -- # 2200000 sequences processed
2016/9/28 18:05:43 -- # 2300000 sequences processed
2016/9/28 18:05:43 -- # 2400000 sequences processed
2016/9/28 18:05:43 -- # 2500000 sequences processed
2016/9/28 18:05:43 -- # 2600000 sequences processed
2016/9/28 18:05:43 -- # 2700000 sequences processed
2016/9/28 18:05:43 -- # 2800000 sequences processed
2016/9/28 18:05:43 -- # 2900000 sequences processed
2016/9/28 18:05:43 -- # 3000000 sequences processed
2016/9/28 18:05:43 -- # 3100000 sequences processed
2016/9/28 18:05:43 -- # 3200000 sequences processed
2016/9/28 18:05:43 -- # 3300000 sequences processed
2016/9/28 18:05:43 -- # 3400000 sequences processed
2016/9/28 18:05:43 -- # 3500000 sequences processed
2016/9/28 18:05:44 -- # 3600000 sequences processed
2016/9/28 18:05:44 -- # 3700000 sequences processed
2016/9/28 18:05:44 -- # 3800000 sequences processed
2016/9/28 18:05:44 -- # 3900000 sequences processed
2016/9/28 18:05:44 -- # 4000000 sequences processed
2016/9/28 18:05:44 -- # 4100000 sequences processed
2016/9/28 18:05:44 -- # 4200000 sequences processed
2016/9/28 18:05:44 -- # 4300000 sequences processed
2016/9/28 18:05:44 -- # 4400000 sequences processed
2016/9/28 18:05:44 -- # 4500000 sequences processed
2016/9/28 18:05:44 -- # 4600000 sequences processed
2016/9/28 18:05:44 -- # 4700000 sequences processed
2016/9/28 18:05:44 -- # 4800000 sequences processed
2016/9/28 18:05:44 -- # 4900000 sequences processed
2016/9/28 18:05:44 -- # 5000000 sequences processed
2016/9/28 18:05:44 -- # 5100000 sequences processed
2016/9/28 18:05:44 -- # 5200000 sequences processed
2016/9/28 18:05:44 -- # 5300000 sequences processed
2016/9/28 18:05:44 -- # 5400000 sequences processed
2016/9/28 18:05:44 -- # 5500000 sequences processed
2016/9/28 18:05:45 -- # 5600000 sequences processed
2016/9/28 18:05:45 -- # 5700000 sequences processed
2016/9/28 18:05:45 -- # 5800000 sequences processed
2016/9/28 18:05:45 -- # 5900000 sequences processed
2016/9/28 18:05:46 -- # 6000000 sequences processed
2016/9/28 18:05:46 -- # 6100000 sequences processed
2016/9/28 18:05:47 -- # 6200000 sequences processed
2016/9/28 18:05:47 -- # 6300000 sequences processed
2016/9/28 18:05:49 -- # 6400000 sequences processed
2016/9/28 18:05:50 -- # 6500000 sequences processed
2016/9/28 18:05:50 -- # 6600000 sequences processed
2016/9/28 18:05:51 -- # 6700000 sequences processed
2016/9/28 18:05:51 -- # 6800000 sequences processed
2016/9/28 18:05:51 -- # 6900000 sequences processed
2016/9/28 18:05:51 -- # 7000000 sequences processed
2016/9/28 18:05:51 -- # 7100000 sequences processed
2016/9/28 18:05:51 -- # 7200000 sequences processed
2016/9/28 18:05:51 -- # 7300000 sequences processed
2016/9/28 18:05:51 -- # 7400000 sequences processed
2016/9/28 18:05:51 -- # 7500000 sequences processed
2016/9/28 18:05:51 -- # 7600000 sequences processed
2016/9/28 18:05:51 -- # 7700000 sequences processed
2016/9/28 18:05:51 -- # 7800000 sequences processed
2016/9/28 18:05:51 -- # 7900000 sequences processed
2016/9/28 18:05:52 -- # 8000000 sequences processed
2016/9/28 18:05:52 -- # 8100000 sequences processed
2016/9/28 18:05:52 -- # 8200000 sequences processed
2016/9/28 18:05:52 -- # 8300000 sequences processed
2016/9/28 18:05:52 -- # 8400000 sequences processed
2016/9/28 18:05:52 -- # 8500000 sequences processed
2016/9/28 18:05:52 -- # 8600000 sequences processed
2016/9/28 18:05:52 -- # 8700000 sequences processed
2016/9/28 18:05:52 -- # 8800000 sequences processed
2016/9/28 18:05:52 -- # 8900000 sequences processed
2016/9/28 18:05:52 -- # 9000000 sequences processed
2016/9/28 18:05:52 -- # 9100000 sequences processed
2016/9/28 18:05:52 -- # 9200000 sequences processed
2016/9/28 18:05:52 -- # 9300000 sequences processed
2016/9/28 18:05:52 -- # 9400000 sequences processed
2016/9/28 18:05:52 -- # 9500000 sequences processed
2016/9/28 18:05:52 -- # 9600000 sequences processed
2016/9/28 18:05:52 -- # 9700000 sequences processed
2016/9/28 18:05:52 -- # 9800000 sequences processed
2016/9/28 18:05:52 -- # 9900000 sequences processed
2016/9/28 18:05:53 -- # 10000000 sequences processed
2016/9/28 18:05:53 -- # 10100000 sequences processed
2016/9/28 18:05:53 -- # 10200000 sequences processed
2016/9/28 18:05:53 -- # 10300000 sequences processed
2016/9/28 18:05:53 -- # 10400000 sequences processed
2016/9/28 18:05:53 -- # 10500000 sequences processed
2016/9/28 18:05:53 -- # 10600000 sequences processed
2016/9/28 18:05:53 -- # 10700000 sequences processed
2016/9/28 18:05:53 -- # 10800000 sequences processed
2016/9/28 18:05:53 -- # 10900000 sequences processed
2016/9/28 18:05:53 -- # 11000000 sequences processed
2016/9/28 18:05:53 -- # 11100000 sequences processed
2016/9/28 18:05:53 -- # 11200000 sequences processed
2016/9/28 18:05:53 -- # 11300000 sequences processed
2016/9/28 18:05:53 -- # 11400000 sequences processed
2016/9/28 18:05:53 -- # 11500000 sequences processed
2016/9/28 18:05:53 -- # 11600000 sequences processed
2016/9/28 18:05:53 -- # 11700000 sequences processed
2016/9/28 18:05:53 -- # 11800000 sequences processed
2016/9/28 18:05:53 -- # 11900000 sequences processed
2016/9/28 18:05:53 -- Total 11945249 sequences processed... done
2016/9/28 18:05:54 -- [GEMMapper terminated successfully in 83s. (+28s. loading)]


 Performance counter stats for 'bin/gem-mapper -t 64 -I /tmp/data/indexes/HG_index_GEM/index.gem -i /tmp/data/datasets/gcat_set_039_1.fastq -o /scratch/077-hpca4se-bioinf/jlenis/results/GEM-Scalability/2595820.GEM-Scalability.penguin.t64.sam':

S0       16         1305609564 cache-misses                                                  (16.03%)
S0       16       745369111958 cycles                    #    0.000 GHz                      (20.92%)
S0       16       642865041203 instructions              #   12.60  insns per cycle        
                                             #    0.06  stalled cycles per insn  (25.36%)
S0       16              34785 cs                                                            (100.00%)
S0       16                747 migrations                                                    (100.00%)
S0       16              40842 faults                                                      
S0       16        32014014641 bus-cycles                                                    (24.82%)
S0       16       559177194314 idle-cycles-frontend      #  1095.91% frontend cycles idle     (25.08%)
S0       16       378819693534 idle-cycles-backend       #  742.43% backend  cycles idle     (25.67%)
S0       16       163393735789 L1-dcache-loads                                               (25.99%)
S0       16         3989560388 L1-dcache-load-misses     #   33.18% of all L1-dcache hits    (18.58%)
S0       16        67039664710 L1-dcache-stores                                              (17.73%)
S0       16         1812125530 L1-dcache-store-misses                                        (19.52%)
S0       16         1465167531 L1-dcache-prefetch-misses                                     (18.05%)
S0       16         2403760792 L1-icache-load-misses                                         (17.34%)
S0       16         1689568555 LLC-loads                                                     (18.40%)
S0       16          343746192 LLC-stores                                                    (17.31%)
S0       16          547239890 LLC-prefetches                                                (9.62%)
S0       16       165307738227 dTLB-loads                                                    (14.12%)
S0       16          730125885 dTLB-load-misses          #    6.00% of all dTLB cache hits   (18.94%)
S0       16        67179180534 dTLB-stores                                                   (17.69%)
S0       16           54180929 dTLB-store-misses                                             (17.53%)
S0       16          168161964 iTLB-loads                                                    (16.71%)
S0       16           72534962 iTLB-load-misses          #  698.76% of all iTLB cache hits   (16.68%)
S0       16        62257524740 branch-loads                                                  (17.52%)
S0       16         1108268897 branch-load-misses                                            (15.99%)
S1       16         1027580181 cache-misses                                                  (17.36%)
S1       16       703737563010 cycles                    #    0.000 GHz                      (22.08%)
S1       16       607563138235 instructions              #    0.00  insns per cycle          (26.78%)
S1       16              30799 cs                                                            (100.00%)
S1       16                281 migrations                                                    (100.00%)
S1       16              33877 faults                                                      
S1       16        31553731309 bus-cycles                                                    (24.36%)
S1       16       556188983357 idle-cycles-frontend      #    0.00% frontend cycles idle     (22.94%)
S1       16       376555885452 idle-cycles-backend       #    0.00% backend  cycles idle     (22.73%)
S1       16       177684372001 L1-dcache-loads                                               (22.18%)
S1       16         4104748188 L1-dcache-load-misses                                         (17.13%)
S1       16        69878880365 L1-dcache-stores                                              (16.69%)
S1       16         1756434156 L1-dcache-store-misses                                        (20.03%)
S1       16         1422718470 L1-dcache-prefetch-misses                                     (17.43%)
S1       16         1713514551 L1-icache-load-misses                                         (18.11%)
S1       16         1464226111 LLC-loads                                                     (20.10%)
S1       16          302223110 LLC-stores                                                    (18.28%)
S1       16          557842053 LLC-prefetches                                                (11.48%)
S1       16       183005095129 dTLB-loads                                                    (14.81%)
S1       16          464263006 dTLB-load-misses                                              (19.60%)
S1       16        68823501202 dTLB-stores                                                   (17.38%)
S1       16           28338863 dTLB-store-misses                                             (17.33%)
S1       16          188466552 iTLB-loads                                                    (17.51%)
S1       16           27356596 iTLB-load-misses                                              (18.15%)
S1       16        56263998245 branch-loads                                                  (19.97%)
S1       16          990105927 branch-load-misses                                            (18.43%)
S2       16         1196182416 cache-misses                                                  (15.23%)
S2       16       758041808216 cycles                    #    0.000 GHz                      (20.37%)
S2       16       676357246379 instructions              #    0.00  insns per cycle          (25.19%)
S2       16              35919 cs                                                            (100.00%)
S2       16                514 migrations                                                    (100.00%)
S2       16              54485 faults                                                      
S2       16        31389214210 bus-cycles                                                    (25.86%)
S2       16       513676840074 idle-cycles-frontend      #    0.00% frontend cycles idle     (27.18%)
S2       16       369576826840 idle-cycles-backend       #    0.00% backend  cycles idle     (26.04%)
S2       16       183631842609 L1-dcache-loads                                               (24.19%)
S2       16         4233083799 L1-dcache-load-misses                                         (18.63%)
S2       16        72762713932 L1-dcache-stores                                              (18.31%)
S2       16         1894181634 L1-dcache-store-misses                                        (17.92%)
S2       16         1395667510 L1-dcache-prefetch-misses                                     (18.42%)
S2       16         1564085491 L1-icache-load-misses                                         (18.93%)
S2       16         1357851020 LLC-loads                                                     (19.28%)
S2       16          226796552 LLC-stores                                                    (18.99%)
S2       16          513288560 LLC-prefetches                                                (10.00%)
S2       16       167455383247 dTLB-loads                                                    (13.67%)
S2       16          445708168 dTLB-load-misses                                              (18.22%)
S2       16        65617032803 dTLB-stores                                                   (17.23%)
S2       16           26821288 dTLB-store-misses                                             (16.49%)
S2       16           99564345 iTLB-loads                                                    (16.34%)
S2       16           28518906 iTLB-load-misses                                              (15.39%)
S2       16        68728377661 branch-loads                                                  (15.52%)
S2       16         1200532548 branch-load-misses                                            (14.96%)
S3       16         1886590723 cache-misses                                                  (16.75%)
S3       16      1058386711584 cycles                    #    0.000 GHz                      (20.84%)
S3       16      1096711843708 instructions              #    0.00  insns per cycle          (23.92%)
S3       16              28125 cs                                                            (100.00%)
S3       16                640 migrations                                                    (100.00%)
S3       16              66308 faults                                                      
S3       16        42517976347 bus-cycles                                                    (23.15%)
S3       16       818764485635 idle-cycles-frontend      #    0.00% frontend cycles idle     (23.85%)
S3       16       599456672964 idle-cycles-backend       #    0.00% backend  cycles idle     (25.25%)
S3       16       244754322946 L1-dcache-loads                                               (26.00%)
S3       16         6054517732 L1-dcache-load-misses                                         (20.94%)
S3       16       100031523496 L1-dcache-stores                                              (21.13%)
S3       16         3150242023 L1-dcache-store-misses                                        (19.28%)
S3       16         2705874280 L1-dcache-prefetch-misses                                     (16.97%)
S3       16         1888373401 L1-icache-load-misses                                         (19.89%)
S3       16         2707263232 LLC-loads                                                     (19.00%)
S3       16          662779213 LLC-stores                                                    (17.51%)
S3       16          920321417 LLC-prefetches                                                (10.87%)
S3       16       263502745595 dTLB-loads                                                    (14.88%)
S3       16         1808490505 dTLB-load-misses                                              (17.85%)
S3       16       128743402617 dTLB-stores                                                   (16.76%)
S3       16           78839432 dTLB-store-misses                                             (14.78%)
S3       16          208159484 iTLB-loads                                                    (16.86%)
S3       16           86859335 iTLB-load-misses                                              (16.65%)
S3       16       128987219238 branch-loads                                                  (17.09%)
S3       16         1643344703 branch-load-misses                                            (15.57%)

     111.925541959 seconds time elapsed

#################################################################
# Test multi-threading - 64 threads - T6
#################################################################
