mkdir: cannot create directory `/scratch/077-hpca4se-bioinf/jlenis/results/MEM-Scalability': File exists
> Benchmarks for BWA 0.7.15: gcat_set_039_1
catwoman
#################################################################
# Warm up - 64 threads - T1
#################################################################
WarmUp.2595751.MEM-Scalability.catwoman.t64
[M::bwa_idx_load_from_disk] read 0 ALT contigs
[M::process] read 6400000 sequences (640000000 bp)...
[M::mem_process_seqs] Processed 6400000 reads in 8314.109 CPU sec, 166.129 real sec
[M::process] read 5545249 sequences (554524900 bp)...
[M::mem_process_seqs] Processed 5545249 reads in 9408.501 CPU sec, 147.493 real sec
[main] Version: 0.7.15-r1140
[main] CMD: ./bwa mem -t 64 /tmp/data/indexes/HG_index_BWA_default/hsapiens_v37.fa /tmp/data/datasets/gcat_set_039_1.fastq
[main] Real time: 336.779 sec; CPU: 17746.047 sec
#################################################################
# Test multi-threading - 8 threads - T2
#################################################################
2595751.MEM-Scalability.catwoman.t8
[M::bwa_idx_load_from_disk] read 0 ALT contigs
[M::process] read 800000 sequences (80000000 bp)...
[M::process] read 800000 sequences (80000000 bp)...
[M::mem_process_seqs] Processed 800000 reads in 633.947 CPU sec, 79.138 real sec
[M::process] read 800000 sequences (80000000 bp)...
[M::mem_process_seqs] Processed 800000 reads in 632.449 CPU sec, 78.723 real sec
[M::process] read 800000 sequences (80000000 bp)...
[M::mem_process_seqs] Processed 800000 reads in 635.639 CPU sec, 79.143 real sec
[M::process] read 800000 sequences (80000000 bp)...
[M::mem_process_seqs] Processed 800000 reads in 632.537 CPU sec, 78.762 real sec
[M::process] read 800000 sequences (80000000 bp)...
[M::mem_process_seqs] Processed 800000 reads in 636.642 CPU sec, 79.255 real sec
[M::process] read 800000 sequences (80000000 bp)...
[M::mem_process_seqs] Processed 800000 reads in 635.263 CPU sec, 79.051 real sec
[M::process] read 800000 sequences (80000000 bp)...
[M::mem_process_seqs] Processed 800000 reads in 633.279 CPU sec, 78.844 real sec
[M::process] read 800000 sequences (80000000 bp)...
[M::mem_process_seqs] Processed 800000 reads in 632.943 CPU sec, 78.768 real sec
[M::process] read 800000 sequences (80000000 bp)...
[M::mem_process_seqs] Processed 800000 reads in 634.520 CPU sec, 78.992 real sec
[M::process] read 800000 sequences (80000000 bp)...
[M::mem_process_seqs] Processed 800000 reads in 634.690 CPU sec, 78.994 real sec
[M::process] read 800000 sequences (80000000 bp)...
[M::mem_process_seqs] Processed 800000 reads in 643.972 CPU sec, 80.176 real sec
[M::process] read 800000 sequences (80000000 bp)...
[M::mem_process_seqs] Processed 800000 reads in 635.944 CPU sec, 79.171 real sec
[M::process] read 800000 sequences (80000000 bp)...
[M::mem_process_seqs] Processed 800000 reads in 633.155 CPU sec, 78.807 real sec
[M::process] read 745249 sequences (74524900 bp)...
[M::mem_process_seqs] Processed 800000 reads in 633.612 CPU sec, 78.890 real sec
[M::mem_process_seqs] Processed 745249 reads in 589.444 CPU sec, 73.663 real sec
[main] Version: 0.7.15-r1140
[main] CMD: ./bwa mem -t 8 /tmp/data/indexes/HG_index_BWA_default/hsapiens_v37.fa /tmp/data/datasets/gcat_set_039_1.fastq
[main] Real time: 1186.728 sec; CPU: 9484.357 sec

 Performance counter stats for './bwa mem -t 8 /tmp/data/indexes/HG_index_BWA_default/hsapiens_v37.fa /tmp/data/datasets/gcat_set_039_1.fastq':

S0       16         3358243727 cache-misses                                                  (22.47%)
S0       16      6111931883075 cycles                    #    0.000 GHz                      (22.40%)
S0       16      6217748388193 instructions              #   16.24  insns per cycle        
                                             #    0.07  stalled cycles per insn  (28.03%)
S0       16            1641214 cs                                                            (100.00%)
S0       16               3997 migrations                                                    (100.00%)
S0       16             217927 faults                                                      
S0       16    <not supported> bus-cycles              
S0       16      6820962577739 idle-cycles-frontend      #  1781.88% frontend cycles idle     (17.77%)
S0       16      3436191885540 idle-cycles-backend       #  897.65% backend  cycles idle     (16.94%)
S0       16      1792282475912 L1-dcache-loads                                               (22.50%)
S0       16        23850592298 L1-dcache-load-misses     #   19.83% of all L1-dcache hits    (28.26%)
S0       16        25288704489 L1-dcache-stores                                              (28.12%)
S0       16    <not supported> L1-dcache-store-misses  
S0       16                  0 L1-dcache-prefetch-misses                                     (27.91%)
S0       16         3335949472 L1-icache-load-misses                                         (26.85%)
S0       16        30575506957 LLC-loads                                                     (10.95%)
S0       16        14395465727 LLC-stores                                                    (10.85%)
S0       16    <not supported> LLC-prefetches          
S0       16      2000319374206 dTLB-loads                                                    (16.23%)
S0       16         1710842726 dTLB-load-misses          #    1.35% of all dTLB cache hits   (16.44%)
S0       16    <not supported> dTLB-stores             
S0       16    <not supported> dTLB-store-misses       
S0       16      1449274260923 iTLB-loads                                                    (16.43%)
S0       16           10304549 iTLB-load-misses          #    0.01% of all iTLB cache hits   (10.98%)
S0       16       545461608782 branch-loads                                                  (16.53%)
S0       16        31713617441 branch-load-misses                                            (22.01%)
S1       16         2739502335 cache-misses                                                  (21.45%)
S1       16      6166023219864 cycles                    #    0.000 GHz                      (22.07%)
S1       16      6806399689920 instructions              #    0.00  insns per cycle          (27.56%)
S1       16            1428192 cs                                                            (100.00%)
S1       16               1194 migrations                                                    (100.00%)
S1       16             157096 faults                                                      
S1       16    <not supported> bus-cycles              
S1       16      6811645053385 idle-cycles-frontend      #    0.00% frontend cycles idle     (17.27%)
S1       16      3384615128390 idle-cycles-backend       #    0.00% backend  cycles idle     (16.54%)
S1       16      1992474218130 L1-dcache-loads                                               (22.09%)
S1       16        25564316812 L1-dcache-load-misses                                         (27.61%)
S1       16        26876018589 L1-dcache-stores                                              (27.81%)
S1       16    <not supported> L1-dcache-store-misses  
S1       16                  0 L1-dcache-prefetch-misses                                     (27.73%)
S1       16         2722990750 L1-icache-load-misses                                         (28.00%)
S1       16        29878164727 LLC-loads                                                     (11.32%)
S1       16        14623803223 LLC-stores                                                    (11.19%)
S1       16    <not supported> LLC-prefetches          
S1       16      2016250098517 dTLB-loads                                                    (16.73%)
S1       16         1717806336 dTLB-load-misses                                              (16.70%)
S1       16    <not supported> dTLB-stores             
S1       16    <not supported> dTLB-store-misses       
S1       16      1470947541218 iTLB-loads                                                    (16.64%)
S1       16            9386113 iTLB-load-misses                                              (11.10%)
S1       16       576455150592 branch-loads                                                  (16.52%)
S1       16        33858495387 branch-load-misses                                            (22.03%)
S2       16         2885382892 cache-misses                                                  (22.14%)
S2       16      6147253240025 cycles                    #    0.000 GHz                      (21.32%)
S2       16      7131952001855 instructions              #    0.00  insns per cycle          (27.90%)
S2       16            1431096 cs                                                            (100.00%)
S2       16               2210 migrations                                                    (100.00%)
S2       16             196888 faults                                                      
S2       16    <not supported> bus-cycles              
S2       16      7117074613728 idle-cycles-frontend      #    0.00% frontend cycles idle     (17.84%)
S2       16      3275419724941 idle-cycles-backend       #    0.00% backend  cycles idle     (17.16%)
S2       16      2062967054231 L1-dcache-loads                                               (22.76%)
S2       16        26484818603 L1-dcache-load-misses                                         (28.20%)
S2       16        28444243457 L1-dcache-stores                                              (27.44%)
S2       16    <not supported> L1-dcache-store-misses  
S2       16                  0 L1-dcache-prefetch-misses                                     (26.90%)
S2       16         2836324414 L1-icache-load-misses                                         (27.20%)
S2       16        31859000752 LLC-loads                                                     (11.81%)
S2       16        15641875108 LLC-stores                                                    (11.80%)
S2       16    <not supported> LLC-prefetches          
S2       16      2131370834615 dTLB-loads                                                    (17.25%)
S2       16         1834348042 dTLB-load-misses                                              (16.32%)
S2       16    <not supported> dTLB-stores             
S2       16    <not supported> dTLB-store-misses       
S2       16      1586987396067 iTLB-loads                                                    (16.18%)
S2       16            9278133 iTLB-load-misses                                              (10.96%)
S2       16       603342516637 branch-loads                                                  (16.54%)
S2       16        35582181116 branch-load-misses                                            (22.27%)
S3       16         2535595736 cache-misses                                                  (21.78%)
S3       16      6073767927548 cycles                    #    0.000 GHz                      (22.09%)
S3       16      6388542060114 instructions              #    0.00  insns per cycle          (27.65%)
S3       16            1151168 cs                                                            (100.00%)
S3       16               2203 migrations                                                    (100.00%)
S3       16             225925 faults                                                      
S3       16    <not supported> bus-cycles              
S3       16      6763343024839 idle-cycles-frontend      #    0.00% frontend cycles idle     (16.67%)
S3       16      3415616847166 idle-cycles-backend       #    0.00% backend  cycles idle     (16.31%)
S3       16      1849005284561 L1-dcache-loads                                               (21.89%)
S3       16        23656615329 L1-dcache-load-misses                                         (27.50%)
S3       16        25089142437 L1-dcache-stores                                              (27.66%)
S3       16    <not supported> L1-dcache-store-misses  
S3       16                  0 L1-dcache-prefetch-misses                                     (27.90%)
S3       16         2539631045 L1-icache-load-misses                                         (28.00%)
S3       16        28237775899 LLC-loads                                                     (11.09%)
S3       16        13824157899 LLC-stores                                                    (11.24%)
S3       16    <not supported> LLC-prefetches          
S3       16      1941773580411 dTLB-loads                                                    (16.82%)
S3       16         1670867495 dTLB-load-misses                                              (16.98%)
S3       16    <not supported> dTLB-stores             
S3       16    <not supported> dTLB-store-misses       
S3       16      1437495115346 iTLB-loads                                                    (16.91%)
S3       16           10549031 iTLB-load-misses                                              (11.04%)
S3       16       549715356976 branch-loads                                                  (16.62%)
S3       16        32208188004 branch-load-misses                                            (22.14%)

    1186.778699634 seconds time elapsed

#################################################################
# Test multi-threading - 16 threads - T3
#################################################################
2595751.MEM-Scalability.catwoman.t16
[M::bwa_idx_load_from_disk] read 0 ALT contigs
[M::process] read 1600000 sequences (160000000 bp)...
[M::process] read 1600000 sequences (160000000 bp)...
[M::mem_process_seqs] Processed 1600000 reads in 1312.671 CPU sec, 81.957 real sec
[M::process] read 1600000 sequences (160000000 bp)...
[M::mem_process_seqs] Processed 1600000 reads in 1306.609 CPU sec, 81.327 real sec
[M::process] read 1600000 sequences (160000000 bp)...
[M::mem_process_seqs] Processed 1600000 reads in 1313.256 CPU sec, 81.734 real sec
[M::process] read 1600000 sequences (160000000 bp)...
[M::mem_process_seqs] Processed 1600000 reads in 1306.719 CPU sec, 81.315 real sec
[M::process] read 1600000 sequences (160000000 bp)...
[M::mem_process_seqs] Processed 1600000 reads in 1310.207 CPU sec, 81.543 real sec
[M::process] read 1600000 sequences (160000000 bp)...
[M::mem_process_seqs] Processed 1600000 reads in 1306.993 CPU sec, 81.362 real sec
[M::process] read 745249 sequences (74524900 bp)...
[M::mem_process_seqs] Processed 1600000 reads in 1307.002 CPU sec, 81.401 real sec
[M::mem_process_seqs] Processed 745249 reads in 610.691 CPU sec, 37.940 real sec
[main] Version: 0.7.15-r1140
[main] CMD: ./bwa mem -t 16 /tmp/data/indexes/HG_index_BWA_default/hsapiens_v37.fa /tmp/data/datasets/gcat_set_039_1.fastq
[main] Real time: 616.349 sec; CPU: 9781.910 sec

 Performance counter stats for './bwa mem -t 16 /tmp/data/indexes/HG_index_BWA_default/hsapiens_v37.fa /tmp/data/datasets/gcat_set_039_1.fastq':

S0       16         2933890100 cache-misses                                                  (21.77%)
S0       16      6533462060194 cycles                    #    0.000 GHz                      (22.02%)
S0       16      6451638765219 instructions              #   16.19  insns per cycle        
                                             #    0.06  stalled cycles per insn  (27.80%)
S0       16            1291002 cs                                                            (100.00%)
S0       16               1469 migrations                                                    (100.00%)
S0       16             191614 faults                                                      
S0       16    <not supported> bus-cycles              
S0       16      6901012655801 idle-cycles-frontend      #  1732.20% frontend cycles idle     (17.26%)
S0       16      3690698623524 idle-cycles-backend       #  926.39% backend  cycles idle     (17.16%)
S0       16      1824816366618 L1-dcache-loads                                               (22.67%)
S0       16        23868066650 L1-dcache-load-misses     #   19.68% of all L1-dcache hits    (28.24%)
S0       16        25127125527 L1-dcache-stores                                              (28.18%)
S0       16    <not supported> L1-dcache-store-misses  
S0       16                  0 L1-dcache-prefetch-misses                                     (27.92%)
S0       16         2856338918 L1-icache-load-misses                                         (27.98%)
S0       16        28415671398 LLC-loads                                                     (11.18%)
S0       16        13376021118 LLC-stores                                                    (10.88%)
S0       16    <not supported> LLC-prefetches          
S0       16      1864241555367 dTLB-loads                                                    (16.32%)
S0       16         1783794306 dTLB-load-misses          #    1.44% of all dTLB cache hits   (16.46%)
S0       16    <not supported> dTLB-stores             
S0       16    <not supported> dTLB-store-misses       
S0       16      1332433848271 iTLB-loads                                                    (16.51%)
S0       16           29060936 iTLB-load-misses          #    0.03% of all iTLB cache hits   (10.86%)
S0       16       524413475238 branch-loads                                                  (16.36%)
S0       16        31614050651 branch-load-misses                                            (21.73%)
S1       16         2654525582 cache-misses                                                  (22.31%)
S1       16      6455569262225 cycles                    #    0.000 GHz                      (22.07%)
S1       16      6947859628053 instructions              #    0.00  insns per cycle          (27.65%)
S1       16            1258739 cs                                                            (100.00%)
S1       16                798 migrations                                                    (100.00%)
S1       16             215356 faults                                                      
S1       16    <not supported> bus-cycles              
S1       16      6447919499533 idle-cycles-frontend      #    0.00% frontend cycles idle     (16.65%)
S1       16      3486354666605 idle-cycles-backend       #    0.00% backend  cycles idle     (16.72%)
S1       16      1983270644057 L1-dcache-loads                                               (22.35%)
S1       16        25388634991 L1-dcache-load-misses                                         (27.97%)
S1       16        26668690997 L1-dcache-stores                                              (28.02%)
S1       16    <not supported> L1-dcache-store-misses  
S1       16                  0 L1-dcache-prefetch-misses                                     (28.09%)
S1       16         2610727274 L1-icache-load-misses                                         (27.98%)
S1       16        29576208896 LLC-loads                                                     (11.04%)
S1       16        14373402015 LLC-stores                                                    (11.13%)
S1       16    <not supported> LLC-prefetches          
S1       16      1992895325316 dTLB-loads                                                    (16.55%)
S1       16         1923775686 dTLB-load-misses                                              (16.61%)
S1       16    <not supported> dTLB-stores             
S1       16    <not supported> dTLB-store-misses       
S1       16      1473167171067 iTLB-loads                                                    (16.34%)
S1       16           29428516 iTLB-load-misses                                              (11.07%)
S1       16       573690566376 branch-loads                                                  (16.41%)
S1       16        34251672081 branch-load-misses                                            (21.94%)
S2       16         2913309707 cache-misses                                                  (21.36%)
S2       16      6266662602505 cycles                    #    0.000 GHz                      (21.55%)
S2       16      7253192527088 instructions              #    0.00  insns per cycle          (27.91%)
S2       16            1525434 cs                                                            (100.00%)
S2       16               1662 migrations                                                    (100.00%)
S2       16             269388 faults                                                      
S2       16    <not supported> bus-cycles              
S2       16      6761967052829 idle-cycles-frontend      #    0.00% frontend cycles idle     (18.78%)
S2       16      3439582031695 idle-cycles-backend       #    0.00% backend  cycles idle     (16.01%)
S2       16      2127654245196 L1-dcache-loads                                               (23.33%)
S2       16        27675249924 L1-dcache-load-misses                                         (27.61%)
S2       16        29059081794 L1-dcache-stores                                              (27.08%)
S2       16    <not supported> L1-dcache-store-misses  
S2       16                  0 L1-dcache-prefetch-misses                                     (24.75%)
S2       16         2915381452 L1-icache-load-misses                                         (27.09%)
S2       16        32044135048 LLC-loads                                                     (13.21%)
S2       16        15629323705 LLC-stores                                                    (13.11%)
S2       16    <not supported> LLC-prefetches          
S2       16      2110013415275 dTLB-loads                                                    (18.57%)
S2       16         2014754400 dTLB-load-misses                                              (16.64%)
S2       16    <not supported> dTLB-stores             
S2       16    <not supported> dTLB-store-misses       
S2       16      1528335956003 iTLB-loads                                                    (16.56%)
S2       16           30099371 iTLB-load-misses                                              (10.94%)
S2       16       590343839428 branch-loads                                                  (16.88%)
S2       16        35092706961 branch-load-misses                                            (22.44%)
S3       16         2768182164 cache-misses                                                  (22.38%)
S3       16      6241700186208 cycles                    #    0.000 GHz                      (21.70%)
S3       16      6385306074032 instructions              #    0.00  insns per cycle          (27.97%)
S3       16            1526770 cs                                                            (100.00%)
S3       16                893 migrations                                                    (100.00%)
S3       16             447862 faults                                                      
S3       16    <not supported> bus-cycles              
S3       16      6525398588411 idle-cycles-frontend      #    0.00% frontend cycles idle     (17.88%)
S3       16      3555578126366 idle-cycles-backend       #    0.00% backend  cycles idle     (16.81%)
S3       16      1826829068379 L1-dcache-loads                                               (22.49%)
S3       16        24013505558 L1-dcache-load-misses                                         (28.10%)
S3       16        25454207216 L1-dcache-stores                                              (28.31%)
S3       16    <not supported> L1-dcache-store-misses  
S3       16                  0 L1-dcache-prefetch-misses                                     (28.09%)
S3       16         2741353989 L1-icache-load-misses                                         (28.08%)
S3       16        29402997035 LLC-loads                                                     (11.02%)
S3       16        14362417956 LLC-stores                                                    (10.78%)
S3       16    <not supported> LLC-prefetches          
S3       16      1986602631800 dTLB-loads                                                    (16.15%)
S3       16         1935816542 dTLB-load-misses                                              (16.27%)
S3       16    <not supported> dTLB-stores             
S3       16    <not supported> dTLB-store-misses       
S3       16      1441338960993 iTLB-loads                                                    (16.25%)
S3       16           31860562 iTLB-load-misses                                              (10.75%)
S3       16       548905647365 branch-loads                                                  (16.24%)
S3       16        32180874524 branch-load-misses                                            (21.86%)

     616.385991334 seconds time elapsed

#################################################################
# Test multi-threading - 32 threads - T4 
#################################################################
2595751.MEM-Scalability.catwoman.t32
[M::bwa_idx_load_from_disk] read 0 ALT contigs
[M::process] read 3200000 sequences (320000000 bp)...
[M::process] read 3200000 sequences (320000000 bp)...
[M::mem_process_seqs] Processed 3200000 reads in 3074.705 CPU sec, 96.036 real sec
[M::process] read 3200000 sequences (320000000 bp)...
[M::mem_process_seqs] Processed 3200000 reads in 3103.949 CPU sec, 96.636 real sec
[M::process] read 2345249 sequences (234524900 bp)...
[M::mem_process_seqs] Processed 3200000 reads in 3117.411 CPU sec, 97.109 real sec
[M::mem_process_seqs] Processed 2345249 reads in 2281.280 CPU sec, 71.062 real sec
[main] Version: 0.7.15-r1140
[main] CMD: ./bwa mem -t 32 /tmp/data/indexes/HG_index_BWA_default/hsapiens_v37.fa /tmp/data/datasets/gcat_set_039_1.fastq
[main] Real time: 374.056 sec; CPU: 11590.543 sec

 Performance counter stats for './bwa mem -t 32 /tmp/data/indexes/HG_index_BWA_default/hsapiens_v37.fa /tmp/data/datasets/gcat_set_039_1.fastq':

S0       16         2908460353 cache-misses                                                  (22.08%)
S0       16      7458751228436 cycles                    #    0.000 GHz                      (22.18%)
S0       16      6291274344291 instructions              #   13.51  insns per cycle        
                                             #    0.07  stalled cycles per insn  (27.81%)
S0       16            1371833 cs                                                            (100.00%)
S0       16               1319 migrations                                                    (100.00%)
S0       16             335716 faults                                                      
S0       16    <not supported> bus-cycles              
S0       16      7658695880245 idle-cycles-frontend      #  1644.53% frontend cycles idle     (16.87%)
S0       16      4736080029466 idle-cycles-backend       #  1016.97% backend  cycles idle     (16.84%)
S0       16      1811823525053 L1-dcache-loads                                               (22.48%)
S0       16        23473799649 L1-dcache-load-misses     #   19.40% of all L1-dcache hits    (28.30%)
S0       16        24918640723 L1-dcache-stores                                              (28.10%)
S0       16    <not supported> L1-dcache-store-misses  
S0       16                  0 L1-dcache-prefetch-misses                                     (27.69%)
S0       16         2938839955 L1-icache-load-misses                                         (27.52%)
S0       16        28612107137 LLC-loads                                                     (11.05%)
S0       16        13025319063 LLC-stores                                                    (11.15%)
S0       16    <not supported> LLC-prefetches          
S0       16      1836208065481 dTLB-loads                                                    (16.86%)
S0       16         2312433898 dTLB-load-misses          #    1.87% of all dTLB cache hits   (16.98%)
S0       16    <not supported> dTLB-stores             
S0       16    <not supported> dTLB-store-misses       
S0       16      1353041401656 iTLB-loads                                                    (16.80%)
S0       16           92321181 iTLB-load-misses          #    0.10% of all iTLB cache hits   (10.83%)
S0       16       531471089093 branch-loads                                                  (16.20%)
S0       16        31608622973 branch-load-misses                                            (21.64%)
S1       16         3176406710 cache-misses                                                  (22.24%)
S1       16      7448418736278 cycles                    #    0.000 GHz                      (22.58%)
S1       16      7016398987771 instructions              #    0.00  insns per cycle          (28.17%)
S1       16            1643393 cs                                                            (100.00%)
S1       16               1953 migrations                                                    (100.00%)
S1       16             580081 faults                                                      
S1       16    <not supported> bus-cycles              
S1       16      7389920040018 idle-cycles-frontend      #    0.00% frontend cycles idle     (16.74%)
S1       16      4636243993604 idle-cycles-backend       #    0.00% backend  cycles idle     (16.50%)
S1       16      2074858402177 L1-dcache-loads                                               (22.07%)
S1       16        27415479874 L1-dcache-load-misses                                         (27.32%)
S1       16        28804731391 L1-dcache-stores                                              (27.25%)
S1       16    <not supported> L1-dcache-store-misses  
S1       16                  0 L1-dcache-prefetch-misses                                     (27.53%)
S1       16         3112278820 L1-icache-load-misses                                         (27.70%)
S1       16        30571474812 LLC-loads                                                     (11.45%)
S1       16        14728408954 LLC-stores                                                    (11.34%)
S1       16    <not supported> LLC-prefetches          
S1       16      2022371590117 dTLB-loads                                                    (16.89%)
S1       16         2562116158 dTLB-load-misses                                              (16.67%)
S1       16    <not supported> dTLB-stores             
S1       16    <not supported> dTLB-store-misses       
S1       16      1510865106472 iTLB-loads                                                    (16.41%)
S1       16          103305169 iTLB-load-misses                                              (10.85%)
S1       16       593552114035 branch-loads                                                  (16.42%)
S1       16        35099307077 branch-load-misses                                            (21.93%)
S2       16         2918268249 cache-misses                                                  (21.39%)
S2       16      7381152446317 cycles                    #    0.000 GHz                      (22.26%)
S2       16      7186613323435 instructions              #    0.00  insns per cycle          (28.36%)
S2       16            1422628 cs                                                            (100.00%)
S2       16               2251 migrations                                                    (100.00%)
S2       16             432268 faults                                                      
S2       16    <not supported> bus-cycles              
S2       16      7682880647167 idle-cycles-frontend      #    0.00% frontend cycles idle     (19.13%)
S2       16      4448328797754 idle-cycles-backend       #    0.00% backend  cycles idle     (16.38%)
S2       16      2075795154438 L1-dcache-loads                                               (23.11%)
S2       16        26882632770 L1-dcache-load-misses                                         (27.37%)
S2       16        28531727527 L1-dcache-stores                                              (28.13%)
S2       16    <not supported> L1-dcache-store-misses  
S2       16                  0 L1-dcache-prefetch-misses                                     (26.88%)
S2       16         2870560354 L1-icache-load-misses                                         (26.76%)
S2       16        31794588534 LLC-loads                                                     (12.28%)
S2       16        15811172506 LLC-stores                                                    (10.81%)
S2       16    <not supported> LLC-prefetches          
S2       16      2156882285276 dTLB-loads                                                    (16.72%)
S2       16         2667132048 dTLB-load-misses                                              (16.53%)
S2       16    <not supported> dTLB-stores             
S2       16    <not supported> dTLB-store-misses       
S2       16      1580465670992 iTLB-loads                                                    (16.47%)
S2       16          100489582 iTLB-load-misses                                              (10.79%)
S2       16       606066821234 branch-loads                                                  (16.62%)
S2       16        36057073747 branch-load-misses                                            (22.24%)
S3       16         2957668768 cache-misses                                                  (21.32%)
S3       16      7516938486725 cycles                    #    0.000 GHz                      (22.35%)
S3       16      6228777781921 instructions              #    0.00  insns per cycle          (28.25%)
S3       16            1590221 cs                                                            (100.00%)
S3       16               2397 migrations                                                    (100.00%)
S3       16             650095 faults                                                      
S3       16    <not supported> bus-cycles              
S3       16      7311403596293 idle-cycles-frontend      #    0.00% frontend cycles idle     (18.23%)
S3       16      4661959209344 idle-cycles-backend       #    0.00% backend  cycles idle     (17.11%)
S3       16      1780615253276 L1-dcache-loads                                               (22.64%)
S3       16        23308891476 L1-dcache-load-misses                                         (28.34%)
S3       16        24916285411 L1-dcache-stores                                              (28.11%)
S3       16    <not supported> L1-dcache-store-misses  
S3       16                  0 L1-dcache-prefetch-misses                                     (27.93%)
S3       16         2920769643 L1-icache-load-misses                                         (27.87%)
S3       16        28870978663 LLC-loads                                                     (10.89%)
S3       16        13586671160 LLC-stores                                                    (10.92%)
S3       16    <not supported> LLC-prefetches          
S3       16      1885319909781 dTLB-loads                                                    (16.23%)
S3       16         2389373243 dTLB-load-misses                                              (16.20%)
S3       16    <not supported> dTLB-stores             
S3       16    <not supported> dTLB-store-misses       
S3       16      1381929488112 iTLB-loads                                                    (16.23%)
S3       16           99369741 iTLB-load-misses                                              (10.95%)
S3       16       545022392112 branch-loads                                                  (16.40%)
S3       16        32055397306 branch-load-misses                                            (21.76%)

     374.211611070 seconds time elapsed

#################################################################
# Test multi-threading - 48 threads - T5
#################################################################
2595751.MEM-Scalability.catwoman.t48
[M::bwa_idx_load_from_disk] read 0 ALT contigs
[M::process] read 4800000 sequences (480000000 bp)...
[M::process] read 4800000 sequences (480000000 bp)...
[M::mem_process_seqs] Processed 4800000 reads in 6472.872 CPU sec, 135.079 real sec
[M::process] read 2345249 sequences (234524900 bp)...
[M::mem_process_seqs] Processed 4800000 reads in 6607.842 CPU sec, 137.391 real sec
[M::mem_process_seqs] Processed 2345249 reads in 3328.464 CPU sec, 69.073 real sec
[main] Version: 0.7.15-r1140
[main] CMD: ./bwa mem -t 48 /tmp/data/indexes/HG_index_BWA_default/hsapiens_v37.fa /tmp/data/datasets/gcat_set_039_1.fastq
[main] Real time: 356.786 sec; CPU: 16424.388 sec

 Performance counter stats for './bwa mem -t 48 /tmp/data/indexes/HG_index_BWA_default/hsapiens_v37.fa /tmp/data/datasets/gcat_set_039_1.fastq':

S0       16         3148790319 cache-misses                                                  (21.48%)
S0       16     10843271195627 cycles                    #    0.000 GHz                      (22.20%)
S0       16      6646161295559 instructions              #   10.06  insns per cycle        
                                             #    0.04  stalled cycles per insn  (27.99%)
S0       16            1726322 cs                                                            (100.00%)
S0       16               2912 migrations                                                    (100.00%)
S0       16             818796 faults                                                      
S0       16    <not supported> bus-cycles              
S0       16      3609323991755 idle-cycles-frontend      #  546.13% frontend cycles idle     (17.83%)
S0       16      4233306085986 idle-cycles-backend       #  640.55% backend  cycles idle     (17.12%)
S0       16      1889569202462 L1-dcache-loads                                               (22.69%)
S0       16        25222944717 L1-dcache-load-misses     #   21.16% of all L1-dcache hits    (28.28%)
S0       16        26858780325 L1-dcache-stores                                              (28.04%)
S0       16    <not supported> L1-dcache-store-misses  
S0       16                  0 L1-dcache-prefetch-misses                                     (27.94%)
S0       16         3149276671 L1-icache-load-misses                                         (27.72%)
S0       16        31576578778 LLC-loads                                                     (10.70%)
S0       16        14286498145 LLC-stores                                                    (10.91%)
S0       16    <not supported> LLC-prefetches          
S0       16      1958871884945 dTLB-loads                                                    (16.50%)
S0       16         3581752135 dTLB-load-misses          #    2.91% of all dTLB cache hits   (16.54%)
S0       16    <not supported> dTLB-stores             
S0       16    <not supported> dTLB-store-misses       
S0       16      1441136209763 iTLB-loads                                                    (16.43%)
S0       16          194488797 iTLB-load-misses          #    0.21% of all iTLB cache hits   (11.14%)
S0       16       556217823447 branch-loads                                                  (16.59%)
S0       16        34012453861 branch-load-misses                                            (22.06%)
S1       16         2809845777 cache-misses                                                  (22.07%)
S1       16     10842772219874 cycles                    #    0.000 GHz                      (22.15%)
S1       16      6318625493798 instructions              #    0.00  insns per cycle          (27.81%)
S1       16            1593457 cs                                                            (100.00%)
S1       16               1735 migrations                                                    (100.00%)
S1       16             593506 faults                                                      
S1       16    <not supported> bus-cycles              
S1       16      3362056071647 idle-cycles-frontend      #    0.00% frontend cycles idle     (16.91%)
S1       16      4373308812995 idle-cycles-backend       #    0.00% backend  cycles idle     (17.05%)
S1       16      1773040810912 L1-dcache-loads                                               (22.92%)
S1       16        23564333360 L1-dcache-load-misses                                         (28.26%)
S1       16        24951684737 L1-dcache-stores                                              (28.22%)
S1       16    <not supported> L1-dcache-store-misses  
S1       16                  0 L1-dcache-prefetch-misses                                     (28.21%)
S1       16         2785622744 L1-icache-load-misses                                         (27.93%)
S1       16        28762650536 LLC-loads                                                     (10.96%)
S1       16        13550787926 LLC-stores                                                    (11.09%)
S1       16    <not supported> LLC-prefetches          
S1       16      1859944086491 dTLB-loads                                                    (16.56%)
S1       16         3520110300 dTLB-load-misses                                              (16.49%)
S1       16    <not supported> dTLB-stores             
S1       16    <not supported> dTLB-store-misses       
S1       16      1382722719483 iTLB-loads                                                    (16.28%)
S1       16          189520984 iTLB-load-misses                                              (10.85%)
S1       16       529822035541 branch-loads                                                  (16.45%)
S1       16        32379399557 branch-load-misses                                            (21.91%)
S2       16         2877477472 cache-misses                                                  (21.40%)
S2       16     10303344888978 cycles                    #    0.000 GHz                      (20.35%)
S2       16      6545015310877 instructions              #    0.00  insns per cycle          (26.31%)
S2       16            1534135 cs                                                            (100.00%)
S2       16               3201 migrations                                                    (100.00%)
S2       16             526011 faults                                                      
S2       16    <not supported> bus-cycles              
S2       16      4238781332735 idle-cycles-frontend      #    0.00% frontend cycles idle     (17.75%)
S2       16      4332479324778 idle-cycles-backend       #    0.00% backend  cycles idle     (15.24%)
S2       16      1850973307340 L1-dcache-loads                                               (24.39%)
S2       16        25042535409 L1-dcache-load-misses                                         (25.00%)
S2       16        26507263261 L1-dcache-stores                                              (27.57%)
S2       16    <not supported> L1-dcache-store-misses  
S2       16                  0 L1-dcache-prefetch-misses                                     (22.19%)
S2       16         2850512698 L1-icache-load-misses                                         (27.27%)
S2       16        28938540918 LLC-loads                                                     (16.08%)
S2       16        13657269087 LLC-stores                                                    (11.94%)
S2       16    <not supported> LLC-prefetches          
S2       16      1883071499046 dTLB-loads                                                    (18.81%)
S2       16         3420985645 dTLB-load-misses                                              (19.91%)
S2       16    <not supported> dTLB-stores             
S2       16    <not supported> dTLB-store-misses       
S2       16      1381576002603 iTLB-loads                                                    (15.50%)
S2       16          180482992 iTLB-load-misses                                              (10.90%)
S2       16       545262537380 branch-loads                                                  (16.49%)
S2       16        33436926362 branch-load-misses                                            (23.20%)
S3       16         3358950767 cache-misses                                                  (21.99%)
S3       16     10307579318358 cycles                    #    0.000 GHz                      (22.52%)
S3       16      7417473677931 instructions              #    0.00  insns per cycle          (28.07%)
S3       16            1873906 cs                                                            (100.00%)
S3       16               2363 migrations                                                    (100.00%)
S3       16            1005461 faults                                                      
S3       16    <not supported> bus-cycles              
S3       16      3933134007144 idle-cycles-frontend      #    0.00% frontend cycles idle     (16.90%)
S3       16      3989684361921 idle-cycles-backend       #    0.00% backend  cycles idle     (16.94%)
S3       16      2113557517353 L1-dcache-loads                                               (22.69%)
S3       16        27882436114 L1-dcache-load-misses                                         (28.45%)
S3       16        29944871799 L1-dcache-stores                                              (28.24%)
S3       16    <not supported> L1-dcache-store-misses  
S3       16                  0 L1-dcache-prefetch-misses                                     (28.06%)
S3       16         3369274913 L1-icache-load-misses                                         (27.52%)
S3       16        34277983563 LLC-loads                                                     (11.16%)
S3       16        16593541276 LLC-stores                                                    (11.12%)
S3       16    <not supported> LLC-prefetches          
S3       16      2163580571331 dTLB-loads                                                    (16.79%)
S3       16         3890834075 dTLB-load-misses                                              (16.55%)
S3       16    <not supported> dTLB-stores             
S3       16    <not supported> dTLB-store-misses       
S3       16      1598243730885 iTLB-loads                                                    (16.61%)
S3       16          206403645 iTLB-load-misses                                              (10.63%)
S3       16       640463025116 branch-loads                                                  (16.02%)
S3       16        38294789576 branch-load-misses                                            (21.61%)

     357.035967088 seconds time elapsed

#################################################################
# Test multi-threading - 64 threads - T6
#################################################################

[M::bwa_idx_load_from_disk] read 0 ALT contigs
[M::process] read 6400000 sequences (640000000 bp)...
[M::process] read 5545249 sequences (554524900 bp)...
[M::mem_process_seqs] Processed 6400000 reads in 9441.637 CPU sec, 185.322 real sec
[M::mem_process_seqs] Processed 5545249 reads in 9747.051 CPU sec, 161.580 real sec
[main] Version: 0.7.15-r1140
[main] CMD: ./bwa mem -t 64 /tmp/data/indexes/HG_index_BWA_default/hsapiens_v37.fa /tmp/data/datasets/gcat_set_039_1.fastq
[main] Real time: 370.230 sec; CPU: 19211.987 sec

 Performance counter stats for './bwa mem -t 64 /tmp/data/indexes/HG_index_BWA_default/hsapiens_v37.fa /tmp/data/datasets/gcat_set_039_1.fastq':

S0       16         3882508740 cache-misses                                                  (22.31%)
S0       16     12608109525168 cycles                    #    0.000 GHz                      (22.13%)
S0       16      6495795983275 instructions              #    8.28  insns per cycle        
                                             #    0.04  stalled cycles per insn  (27.84%)
S0       16            2929608 cs                                                            (100.00%)
S0       16              34042 migrations                                                    (100.00%)
S0       16             750416 faults                                                      
S0       16    <not supported> bus-cycles              
S0       16      1917368889877 idle-cycles-frontend      #  244.47% frontend cycles idle     (17.71%)
S0       16      4091119243546 idle-cycles-backend       #  521.62% backend  cycles idle     (17.00%)
S0       16      1879825783414 L1-dcache-loads                                               (22.59%)
S0       16        25413560381 L1-dcache-load-misses     #   20.86% of all L1-dcache hits    (28.17%)
S0       16        26929133706 L1-dcache-stores                                              (28.06%)
S0       16    <not supported> L1-dcache-store-misses  
S0       16                  0 L1-dcache-prefetch-misses                                     (27.99%)
S0       16         3819853108 L1-icache-load-misses                                         (26.83%)
S0       16        31282195108 LLC-loads                                                     (11.05%)
S0       16        14460845669 LLC-stores                                                    (11.01%)
S0       16    <not supported> LLC-prefetches          
S0       16      1933549635906 dTLB-loads                                                    (16.48%)
S0       16         3761659260 dTLB-load-misses          #    2.98% of all dTLB cache hits   (16.44%)
S0       16    <not supported> dTLB-stores             
S0       16    <not supported> dTLB-store-misses       
S0       16      1406165070409 iTLB-loads                                                    (16.47%)
S0       16          236238020 iTLB-load-misses          #    0.26% of all iTLB cache hits   (11.05%)
S0       16       543604685980 branch-loads                                                  (16.55%)
S0       16        33265290616 branch-load-misses                                            (22.05%)
S1       16         3414952792 cache-misses                                                  (20.89%)
S1       16     12792486093138 cycles                    #    0.000 GHz                      (22.08%)
S1       16      6014482992713 instructions              #    0.00  insns per cycle          (27.88%)
S1       16            2579471 cs                                                            (100.00%)
S1       16              29882 migrations                                                    (100.00%)
S1       16             680734 faults                                                      
S1       16    <not supported> bus-cycles              
S1       16      1744121263190 idle-cycles-frontend      #    0.00% frontend cycles idle     (20.35%)
S1       16      4276852512115 idle-cycles-backend       #    0.00% backend  cycles idle     (17.26%)
S1       16      1720059133918 L1-dcache-loads                                               (22.89%)
S1       16        23052852299 L1-dcache-load-misses                                         (28.51%)
S1       16        24552671802 L1-dcache-stores                                              (28.25%)
S1       16    <not supported> L1-dcache-store-misses  
S1       16                  0 L1-dcache-prefetch-misses                                     (28.04%)
S1       16         3367911729 L1-icache-load-misses                                         (26.12%)
S1       16        28636932124 LLC-loads                                                     (11.04%)
S1       16        13409310904 LLC-stores                                                    (10.96%)
S1       16    <not supported> LLC-prefetches          
S1       16      1810192044645 dTLB-loads                                                    (16.36%)
S1       16         3614615115 dTLB-load-misses                                              (16.35%)
S1       16    <not supported> dTLB-stores             
S1       16    <not supported> dTLB-store-misses       
S1       16      1316354892965 iTLB-loads                                                    (15.99%)
S1       16          236693307 iTLB-load-misses                                              (10.93%)
S1       16       509980879713 branch-loads                                                  (16.35%)
S1       16        31321760714 branch-load-misses                                            (21.75%)
S2       16         3626428221 cache-misses                                                  (21.44%)
S2       16     12591213207409 cycles                    #    0.000 GHz                      (20.42%)
S2       16      6623612060819 instructions              #    0.00  insns per cycle          (27.10%)
S2       16            2747105 cs                                                            (100.00%)
S2       16              36366 migrations                                                    (100.00%)
S2       16             774925 faults                                                      
S2       16    <not supported> bus-cycles              
S2       16      1837240329121 idle-cycles-frontend      #    0.00% frontend cycles idle     (18.95%)
S2       16      4057891308271 idle-cycles-backend       #    0.00% backend  cycles idle     (15.55%)
S2       16      1921657086261 L1-dcache-loads                                               (21.77%)
S2       16        25428409306 L1-dcache-load-misses                                         (27.79%)
S2       16        26933045564 L1-dcache-stores                                              (28.11%)
S2       16    <not supported> L1-dcache-store-misses  
S2       16                  0 L1-dcache-prefetch-misses                                     (26.91%)
S2       16         3623734231 L1-icache-load-misses                                         (27.40%)
S2       16        30960724441 LLC-loads                                                     (11.71%)
S2       16        14618602694 LLC-stores                                                    (11.66%)
S2       16    <not supported> LLC-prefetches          
S2       16      1963665745865 dTLB-loads                                                    (17.24%)
S2       16         3795321831 dTLB-load-misses                                              (17.28%)
S2       16    <not supported> dTLB-stores             
S2       16    <not supported> dTLB-store-misses       
S2       16      1419211979058 iTLB-loads                                                    (16.24%)
S2       16          240350046 iTLB-load-misses                                              (10.99%)
S2       16       558534123278 branch-loads                                                  (16.38%)
S2       16        34276673608 branch-load-misses                                            (21.79%)
S3       16         4246308084 cache-misses                                                  (22.20%)
S3       16     12204160603786 cycles                    #    0.000 GHz                      (22.41%)
S3       16      7887735794441 instructions              #    0.00  insns per cycle          (28.11%)
S3       16            3172683 cs                                                            (100.00%)
S3       16              45243 migrations                                                    (100.00%)
S3       16            1539397 faults                                                      
S3       16    <not supported> bus-cycles              
S3       16      2085589807911 idle-cycles-frontend      #    0.00% frontend cycles idle     (17.10%)
S3       16      3498613717453 idle-cycles-backend       #    0.00% backend  cycles idle     (17.12%)
S3       16      2274699239180 L1-dcache-loads                                               (22.77%)
S3       16        30426310949 L1-dcache-load-misses                                         (28.32%)
S3       16        32692782245 L1-dcache-stores                                              (28.11%)
S3       16    <not supported> L1-dcache-store-misses  
S3       16                  0 L1-dcache-prefetch-misses                                     (27.85%)
S3       16         4298854441 L1-icache-load-misses                                         (27.56%)
S3       16        38135550181 LLC-loads                                                     (10.92%)
S3       16        18158744867 LLC-stores                                                    (10.97%)
S3       16    <not supported> LLC-prefetches          
S3       16      2370701322511 dTLB-loads                                                    (16.38%)
S3       16         4394983240 dTLB-load-misses                                              (16.41%)
S3       16    <not supported> dTLB-stores             
S3       16    <not supported> dTLB-store-misses       
S3       16      1716384790254 iTLB-loads                                                    (16.48%)
S3       16          260829119 iTLB-load-misses                                              (10.98%)
S3       16       672467963233 branch-loads                                                  (16.46%)
S3       16        40678988530 branch-load-misses                                            (21.99%)

     370.613301346 seconds time elapsed

#################################################################
# Test multi-threading - 64 threads - T6
#################################################################
