mkdir: cannot create directory `/scratch/077-hpca4se-bioinf/jlenis/results/SNAP-Scalability': File exists
> Benchmarks for snap-beta.18: gcat_set_039_1
batman
#################################################################
# Warm up - 64 threads - T1
#################################################################
WarmUp.2595790.SNAP-Scalability.batman.t64
Welcome to SNAP version 1.0beta.23.

Loading index from directory... 87s.  3137208264 bases, seed size 20
Aligning.
Total Reads    Aligned, MAPQ >= 10    Aligned, MAPQ < 10     Unaligned              Too Short/Too Many Ns     Reads/s   Time in Aligner (s)
11,945,249     11,307,498 (94.66%)    476,673 (3.99%)        161,078 (1.35%)        0 (0.00%)                 166,153   72
#################################################################
# Test multi-threading - 8 threads - T2
#################################################################
2595790.SNAP-Scalability.batman.t8
Welcome to SNAP version 1.0beta.23.

Loading index from directory... 108s.  3137208264 bases, seed size 20
Aligning.
Total Reads    Aligned, MAPQ >= 10    Aligned, MAPQ < 10     Unaligned              Too Short/Too Many Ns     Reads/s   Time in Aligner (s)
11,945,249     11,307,498 (94.66%)    476,673 (3.99%)        161,078 (1.35%)        0 (0.00%)                 30,168    396

 Performance counter stats for './snap-aligner single /tmp/data/indexes/HG_index_snap /tmp/data/datasets/gcat_set_039_1.fastq -t 8 -o /scratch/077-hpca4se-bioinf/jlenis/results/SNAP-Scalability/2595790.SNAP-Scalability.batman.t8.sam':

S0       16         3699331389 cache-misses                                                  (22.43%)
S0       16      7550963871873 cycles                    #    0.000 GHz                      (22.13%)
S0       16      6670691596228 instructions              #   54.80  insns per cycle        
                                             #    0.01  stalled cycles per insn  (27.85%)
S0       16             167112 cs                                                            (100.00%)
S0       16                719 migrations                                                    (100.00%)
S0       16             823167 faults                                                      
S0       16    <not supported> bus-cycles              
S0       16      1097838370780 idle-cycles-frontend      #  901.90% frontend cycles idle     (16.99%)
S0       16       365687600638 idle-cycles-backend       #  300.42% backend  cycles idle     (16.53%)
S0       16      3163854926228 L1-dcache-loads                                               (22.82%)
S0       16        31465539874 L1-dcache-load-misses     #   62.98% of all L1-dcache hits    (27.34%)
S0       16        38446408879 L1-dcache-stores                                              (27.77%)
S0       16    <not supported> L1-dcache-store-misses  
S0       16                  0 L1-dcache-prefetch-misses                                     (26.62%)
S0       16         3718465705 L1-icache-load-misses                                         (27.73%)
S0       16        43256317629 LLC-loads                                                     (12.17%)
S0       16        16956265060 LLC-stores                                                    (10.83%)
S0       16    <not supported> LLC-prefetches          
S0       16      3226278235301 dTLB-loads                                                    (16.62%)
S0       16         2142393300 dTLB-load-misses          #    4.21% of all dTLB cache hits   (16.85%)
S0       16    <not supported> dTLB-stores             
S0       16    <not supported> dTLB-store-misses       
S0       16      2761444349493 iTLB-loads                                                    (16.13%)
S0       16             500326 iTLB-load-misses          #    0.00% of all iTLB cache hits   (11.25%)
S0       16       897090201363 branch-loads                                                  (16.84%)
S0       16        89729779911 branch-load-misses                                            (22.63%)
S1       16          449919269 cache-misses                                                  (21.55%)
S1       16        61246712951 cycles                    #    0.000 GHz                      (21.51%)
S1       16        22743885870 instructions              #    0.00  insns per cycle          (26.80%)
S1       16              39204 cs                                                            (100.00%)
S1       16                510 migrations                                                    (100.00%)
S1       16              22961 faults                                                      
S1       16    <not supported> bus-cycles              
S1       16       315719386704 idle-cycles-frontend      #    0.00% frontend cycles idle     (16.04%)
S1       16        21885155517 idle-cycles-backend       #    0.00% backend  cycles idle     (16.26%)
S1       16        11578353542 L1-dcache-loads                                               (21.94%)
S1       16          550269358 L1-dcache-load-misses                                         (27.55%)
S1       16          563555371 L1-dcache-stores                                              (28.11%)
S1       16    <not supported> L1-dcache-store-misses  
S1       16                  0 L1-dcache-prefetch-misses                                     (28.64%)
S1       16          402988404 L1-icache-load-misses                                         (28.51%)
S1       16          984251848 LLC-loads                                                     (11.28%)
S1       16          185666995 LLC-stores                                                    (11.45%)
S1       16    <not supported> LLC-prefetches          
S1       16        12085178334 dTLB-loads                                                    (17.02%)
S1       16             597255 dTLB-load-misses                                              (16.87%)
S1       16    <not supported> dTLB-stores             
S1       16    <not supported> dTLB-store-misses       
S1       16         7211111624 iTLB-loads                                                    (16.67%)
S1       16              79102 iTLB-load-misses                                              (11.22%)
S1       16         4104747966 branch-loads                                                  (16.35%)
S1       16          143425095 branch-load-misses                                            (21.59%)
S2       16          147190847 cache-misses                                                  (22.10%)
S2       16        58891612111 cycles                    #    0.000 GHz                      (22.25%)
S2       16        13249690500 instructions              #    0.00  insns per cycle          (27.76%)
S2       16              70092 cs                                                            (100.00%)
S2       16                905 migrations                                                    (100.00%)
S2       16              24505 faults                                                      
S2       16    <not supported> bus-cycles              
S2       16       510028458197 idle-cycles-frontend      #    0.00% frontend cycles idle     (16.83%)
S2       16        21529859323 idle-cycles-backend       #    0.00% backend  cycles idle     (16.80%)
S2       16         8302928971 L1-dcache-loads                                               (22.06%)
S2       16          457447343 L1-dcache-load-misses                                         (28.07%)
S2       16          499703161 L1-dcache-stores                                              (28.11%)
S2       16    <not supported> L1-dcache-store-misses  
S2       16                  0 L1-dcache-prefetch-misses                                     (27.84%)
S2       16          227297490 L1-icache-load-misses                                         (28.00%)
S2       16          730365684 LLC-loads                                                     (11.39%)
S2       16          284830395 LLC-stores                                                    (11.28%)
S2       16    <not supported> LLC-prefetches          
S2       16         7812730477 dTLB-loads                                                    (16.74%)
S2       16             120492 dTLB-load-misses                                              (16.56%)
S2       16    <not supported> dTLB-stores             
S2       16    <not supported> dTLB-store-misses       
S2       16         4097436740 iTLB-loads                                                    (16.27%)
S2       16             117001 iTLB-load-misses                                              (10.67%)
S2       16         2246978004 branch-loads                                                  (16.29%)
S2       16           28547584 branch-load-misses                                            (21.73%)
S3       16          276941055 cache-misses                                                  (22.58%)
S3       16       119278119462 cycles                    #    0.000 GHz                      (21.05%)
S3       16        24239975934 instructions              #    0.00  insns per cycle          (27.77%)
S3       16             177928 cs                                                            (100.00%)
S3       16               1044 migrations                                                    (100.00%)
S3       16              45796 faults                                                      
S3       16    <not supported> bus-cycles              
S3       16       542692414048 idle-cycles-frontend      #    0.00% frontend cycles idle     (17.44%)
S3       16        44256909352 idle-cycles-backend       #    0.00% backend  cycles idle     (16.57%)
S3       16        13894132440 L1-dcache-loads                                               (22.32%)
S3       16          466641984 L1-dcache-load-misses                                         (25.77%)
S3       16         1169999461 L1-dcache-stores                                              (27.22%)
S3       16    <not supported> L1-dcache-store-misses  
S3       16                  0 L1-dcache-prefetch-misses                                     (25.53%)
S3       16          247591249 L1-icache-load-misses                                         (25.91%)
S3       16         1477260018 LLC-loads                                                     (12.54%)
S3       16         1118258681 LLC-stores                                                    (11.00%)
S3       16    <not supported> LLC-prefetches          
S3       16        14522024325 dTLB-loads                                                    (17.00%)
S3       16            1728916 dTLB-load-misses                                              (17.40%)
S3       16    <not supported> dTLB-stores             
S3       16    <not supported> dTLB-store-misses       
S3       16         6924640028 iTLB-loads                                                    (17.38%)
S3       16             546858 iTLB-load-misses                                              (11.83%)
S3       16         5367005491 branch-loads                                                  (17.65%)
S3       16           37984788 branch-load-misses                                            (23.04%)

     504.536415718 seconds time elapsed

#################################################################
# Test multi-threading - 16 threads - T3
#################################################################
2595790.SNAP-Scalability.batman.t16
Welcome to SNAP version 1.0beta.23.

Loading index from directory... 160s.  3137208264 bases, seed size 20
Aligning.
Total Reads    Aligned, MAPQ >= 10    Aligned, MAPQ < 10     Unaligned              Too Short/Too Many Ns     Reads/s   Time in Aligner (s)
11,945,249     11,307,498 (94.66%)    476,673 (3.99%)        161,078 (1.35%)        0 (0.00%)                 60,332    198

 Performance counter stats for './snap-aligner single /tmp/data/indexes/HG_index_snap /tmp/data/datasets/gcat_set_039_1.fastq -t 16 -o /scratch/077-hpca4se-bioinf/jlenis/results/SNAP-Scalability/2595790.SNAP-Scalability.batman.t16.sam':

S0       16         3604914173 cache-misses                                                  (21.67%)
S0       16      7683769055182 cycles                    #    0.000 GHz                      (21.29%)
S0       16      6796728562707 instructions              #   53.39  insns per cycle        
                                             #    0.00  stalled cycles per insn  (27.32%)
S0       16              54935 cs                                                            (100.00%)
S0       16                540 migrations                                                    (100.00%)
S0       16             809250 faults                                                      
S0       16    <not supported> bus-cycles              
S0       16       835143436607 idle-cycles-frontend      #  655.98% frontend cycles idle     (17.03%)
S0       16       351835380913 idle-cycles-backend       #  276.36% backend  cycles idle     (17.29%)
S0       16      3137210358099 L1-dcache-loads                                               (22.61%)
S0       16        31137146418 L1-dcache-load-misses     #   61.90% of all L1-dcache hits    (27.96%)
S0       16        36345531501 L1-dcache-stores                                              (28.07%)
S0       16    <not supported> L1-dcache-store-misses  
S0       16                  0 L1-dcache-prefetch-misses                                     (28.13%)
S0       16         3548007549 L1-icache-load-misses                                         (28.10%)
S0       16        40128898724 LLC-loads                                                     (11.22%)
S0       16        16100300084 LLC-stores                                                    (11.31%)
S0       16    <not supported> LLC-prefetches          
S0       16      3113229737730 dTLB-loads                                                    (16.89%)
S0       16         2522126417 dTLB-load-misses          #    5.05% of all dTLB cache hits   (16.73%)
S0       16    <not supported> dTLB-stores             
S0       16    <not supported> dTLB-store-misses       
S0       16      2693942549683 iTLB-loads                                                    (16.24%)
S0       16             932827 iTLB-load-misses          #    0.00% of all iTLB cache hits   (10.99%)
S0       16       881440400668 branch-loads                                                  (16.47%)
S0       16        89864492259 branch-load-misses                                            (21.97%)
S1       16          318583856 cache-misses                                                  (22.08%)
S1       16        51735416303 cycles                    #    0.000 GHz                      (22.29%)
S1       16        17503173528 instructions              #    0.00  insns per cycle          (27.87%)
S1       16              36278 cs                                                            (100.00%)
S1       16                850 migrations                                                    (100.00%)
S1       16              21125 faults                                                      
S1       16    <not supported> bus-cycles              
S1       16       373722783016 idle-cycles-frontend      #    0.00% frontend cycles idle     (17.18%)
S1       16        15769880191 idle-cycles-backend       #    0.00% backend  cycles idle     (16.88%)
S1       16         9585239941 L1-dcache-loads                                               (22.24%)
S1       16          463907346 L1-dcache-load-misses                                         (27.42%)
S1       16          474903029 L1-dcache-stores                                              (27.11%)
S1       16    <not supported> L1-dcache-store-misses  
S1       16                  0 L1-dcache-prefetch-misses                                     (26.85%)
S1       16          288610664 L1-icache-load-misses                                         (26.24%)
S1       16          762792107 LLC-loads                                                     (10.54%)
S1       16          388573410 LLC-stores                                                    (11.56%)
S1       16    <not supported> LLC-prefetches          
S1       16        13618595098 dTLB-loads                                                    (17.51%)
S1       16             398062 dTLB-load-misses                                              (17.90%)
S1       16    <not supported> dTLB-stores             
S1       16    <not supported> dTLB-store-misses       
S1       16         6142246080 iTLB-loads                                                    (17.29%)
S1       16              72643 iTLB-load-misses                                              (11.19%)
S1       16         2966780384 branch-loads                                                  (16.71%)
S1       16          104703753 branch-load-misses                                            (22.06%)
S2       16           90485555 cache-misses                                                  (22.43%)
S2       16        25231715852 cycles                    #    0.000 GHz                      (22.76%)
S2       16         6473687006 instructions              #    0.00  insns per cycle          (28.50%)
S2       16              57838 cs                                                            (100.00%)
S2       16                834 migrations                                                    (100.00%)
S2       16              16063 faults                                                      
S2       16    <not supported> bus-cycles              
S2       16       151504265599 idle-cycles-frontend      #    0.00% frontend cycles idle     (17.17%)
S2       16         7616106896 idle-cycles-backend       #    0.00% backend  cycles idle     (16.79%)
S2       16         2960081491 L1-dcache-loads                                               (22.33%)
S2       16          126572676 L1-dcache-load-misses                                         (27.66%)
S2       16          122868291 L1-dcache-stores                                              (27.20%)
S2       16    <not supported> L1-dcache-store-misses  
S2       16                  0 L1-dcache-prefetch-misses                                     (26.84%)
S2       16           78223409 L1-icache-load-misses                                         (27.11%)
S2       16          194909759 LLC-loads                                                     (11.21%)
S2       16          121048589 LLC-stores                                                    (11.06%)
S2       16    <not supported> LLC-prefetches          
S2       16         2738751108 dTLB-loads                                                    (16.61%)
S2       16              72363 dTLB-load-misses                                              (16.78%)
S2       16    <not supported> dTLB-stores             
S2       16    <not supported> dTLB-store-misses       
S2       16         1634446819 iTLB-loads                                                    (16.84%)
S2       16              64335 iTLB-load-misses                                              (11.02%)
S2       16         1180222959 branch-loads                                                  (16.75%)
S2       16           14969630 branch-load-misses                                            (22.32%)
S3       16          244560560 cache-misses                                                  (21.26%)
S3       16       387244048608 cycles                    #    0.000 GHz                      (18.75%)
S3       16       163890845166 instructions              #    0.00  insns per cycle          (26.38%)
S3       16             141747 cs                                                            (100.00%)
S3       16               1135 migrations                                                    (100.00%)
S3       16              37497 faults                                                      
S3       16    <not supported> bus-cycles              
S3       16       707712803196 idle-cycles-frontend      #    0.00% frontend cycles idle     (18.61%)
S3       16       272772689182 idle-cycles-backend       #    0.00% backend  cycles idle     (16.83%)
S3       16        69735844533 L1-dcache-loads                                               (23.76%)
S3       16         2774283832 L1-dcache-load-misses                                         (26.21%)
S3       16         6128700292 L1-dcache-stores                                              (28.59%)
S3       16    <not supported> L1-dcache-store-misses  
S3       16                  0 L1-dcache-prefetch-misses                                     (25.51%)
S3       16          211290714 L1-icache-load-misses                                         (26.75%)
S3       16         6022331749 LLC-loads                                                     (14.55%)
S3       16         4194903569 LLC-stores                                                    (11.10%)
S3       16    <not supported> LLC-prefetches          
S3       16        69752681654 dTLB-loads                                                    (17.58%)
S3       16           11251465 dTLB-load-misses                                              (17.63%)
S3       16    <not supported> dTLB-stores             
S3       16    <not supported> dTLB-store-misses       
S3       16        40716864191 iTLB-loads                                                    (16.73%)
S3       16             645076 iTLB-load-misses                                              (11.26%)
S3       16        30307465055 branch-loads                                                  (16.49%)
S3       16           99316830 branch-load-misses                                            (21.72%)

     358.876929116 seconds time elapsed

#################################################################
# Test multi-threading - 32 threads - T4 
#################################################################
2595790.SNAP-Scalability.batman.t32
Welcome to SNAP version 1.0beta.23.

Loading index from directory... 909s.  3137208264 bases, seed size 20
Aligning.
Total Reads    Aligned, MAPQ >= 10    Aligned, MAPQ < 10     Unaligned              Too Short/Too Many Ns     Reads/s   Time in Aligner (s)
11,945,249     11,307,498 (94.66%)    476,673 (3.99%)        161,078 (1.35%)        0 (0.00%)                 116,902   102

 Performance counter stats for './snap-aligner single /tmp/data/indexes/HG_index_snap /tmp/data/datasets/gcat_set_039_1.fastq -t 32 -o /scratch/077-hpca4se-bioinf/jlenis/results/SNAP-Scalability/2595790.SNAP-Scalability.batman.t32.sam':

S0       16         3067592582 cache-misses                                                  (22.04%)
S0       16      5956469497686 cycles                    #    0.000 GHz                      (22.17%)
S0       16      4866964401298 instructions              #   31.52  insns per cycle        
                                             #    0.01  stalled cycles per insn  (27.69%)
S0       16             187069 cs                                                            (100.00%)
S0       16               3673 migrations                                                    (100.00%)
S0       16             449391 faults                                                      
S0       16    <not supported> bus-cycles              
S0       16      2959796174290 idle-cycles-frontend      #  1917.15% frontend cycles idle     (16.98%)
S0       16      1630017477982 idle-cycles-backend       #  1055.81% backend  cycles idle     (17.04%)
S0       16      2165549903665 L1-dcache-loads                                               (22.80%)
S0       16        34202393731 L1-dcache-load-misses     #   57.66% of all L1-dcache hits    (28.42%)
S0       16        40805826621 L1-dcache-stores                                              (28.60%)
S0       16    <not supported> L1-dcache-store-misses  
S0       16                  0 L1-dcache-prefetch-misses                                     (28.47%)
S0       16         3041082488 L1-icache-load-misses                                         (28.28%)
S0       16        45478764357 LLC-loads                                                     (10.89%)
S0       16        12981094792 LLC-stores                                                    (10.89%)
S0       16    <not supported> LLC-prefetches          
S0       16      2260908673512 dTLB-loads                                                    (16.35%)
S0       16         1208276518 dTLB-load-misses          #    1.99% of all dTLB cache hits   (16.23%)
S0       16    <not supported> dTLB-stores             
S0       16    <not supported> dTLB-store-misses       
S0       16      1725068056979 iTLB-loads                                                    (16.15%)
S0       16            1103251 iTLB-load-misses          #    0.00% of all iTLB cache hits   (10.86%)
S0       16       716782786258 branch-loads                                                  (16.17%)
S0       16        46215318384 branch-load-misses                                            (21.76%)
S1       16         2363800711 cache-misses                                                  (22.61%)
S1       16      3775699907401 cycles                    #    0.000 GHz                      (22.63%)
S1       16      3337525549201 instructions              #    0.00  insns per cycle          (28.20%)
S1       16              69934 cs                                                            (100.00%)
S1       16               1700 migrations                                                    (100.00%)
S1       16             449844 faults                                                      
S1       16    <not supported> bus-cycles              
S1       16       588678377163 idle-cycles-frontend      #    0.00% frontend cycles idle     (16.47%)
S1       16       185674909442 idle-cycles-backend       #    0.00% backend  cycles idle     (16.37%)
S1       16      1611776220991 L1-dcache-loads                                               (22.05%)
S1       16        16752278261 L1-dcache-load-misses                                         (27.43%)
S1       16        19595306490 L1-dcache-stores                                              (27.47%)
S1       16    <not supported> L1-dcache-store-misses  
S1       16                  0 L1-dcache-prefetch-misses                                     (27.83%)
S1       16         2511822626 L1-icache-load-misses                                         (27.94%)
S1       16        21597965012 LLC-loads                                                     (11.22%)
S1       16         8322143279 LLC-stores                                                    (11.19%)
S1       16    <not supported> LLC-prefetches          
S1       16      1607115341791 dTLB-loads                                                    (16.64%)
S1       16         1311908418 dTLB-load-misses                                              (16.36%)
S1       16    <not supported> dTLB-stores             
S1       16    <not supported> dTLB-store-misses       
S1       16      1393462247102 iTLB-loads                                                    (16.27%)
S1       16            1117794 iTLB-load-misses                                              (11.10%)
S1       16       443776712391 branch-loads                                                  (16.68%)
S1       16        44358922706 branch-load-misses                                            (22.50%)
S2       16          157630914 cache-misses                                                  (22.27%)
S2       16        46833835089 cycles                    #    0.000 GHz                      (22.26%)
S2       16        10908434713 instructions              #    0.00  insns per cycle          (27.90%)
S2       16             115967 cs                                                            (100.00%)
S2       16               2731 migrations                                                    (100.00%)
S2       16              52523 faults                                                      
S2       16    <not supported> bus-cycles              
S2       16       294244114621 idle-cycles-frontend      #    0.00% frontend cycles idle     (16.63%)
S2       16        12407924777 idle-cycles-backend       #    0.00% backend  cycles idle     (16.72%)
S2       16         5936033232 L1-dcache-loads                                               (22.37%)
S2       16          233525857 L1-dcache-load-misses                                         (27.75%)
S2       16          256601951 L1-dcache-stores                                              (27.65%)
S2       16    <not supported> L1-dcache-store-misses  
S2       16                  0 L1-dcache-prefetch-misses                                     (27.72%)
S2       16          170321619 L1-icache-load-misses                                         (27.72%)
S2       16          391133737 LLC-loads                                                     (11.04%)
S2       16          191604438 LLC-stores                                                    (10.97%)
S2       16    <not supported> LLC-prefetches          
S2       16         5502317396 dTLB-loads                                                    (16.64%)
S2       16             202500 dTLB-load-misses                                              (16.81%)
S2       16    <not supported> dTLB-stores             
S2       16    <not supported> dTLB-store-misses       
S2       16         3238485219 iTLB-loads                                                    (16.78%)
S2       16             160810 iTLB-load-misses                                              (11.08%)
S2       16         2023385559 branch-loads                                                  (16.66%)
S2       16           40105486 branch-load-misses                                            (22.10%)
S3       16          391164010 cache-misses                                                  (22.13%)
S3       16       101649425579 cycles                    #    0.000 GHz                      (20.74%)
S3       16        21105654196 instructions              #    0.00  insns per cycle          (27.56%)
S3       16             219306 cs                                                            (100.00%)
S3       16               3483 migrations                                                    (100.00%)
S3       16              85900 faults                                                      
S3       16    <not supported> bus-cycles              
S3       16       602718807670 idle-cycles-frontend      #    0.00% frontend cycles idle     (18.29%)
S3       16        34605905162 idle-cycles-backend       #    0.00% backend  cycles idle     (16.74%)
S3       16        13098806284 L1-dcache-loads                                               (23.04%)
S3       16          483911799 L1-dcache-load-misses                                         (27.95%)
S3       16          867727022 L1-dcache-stores                                              (26.72%)
S3       16    <not supported> L1-dcache-store-misses  
S3       16                  0 L1-dcache-prefetch-misses                                     (24.70%)
S3       16          353844313 L1-icache-load-misses                                         (25.64%)
S3       16         1188560786 LLC-loads                                                     (13.18%)
S3       16          772463760 LLC-stores                                                    (14.23%)
S3       16    <not supported> LLC-prefetches          
S3       16        12570864706 dTLB-loads                                                    (19.01%)
S3       16            1011479 dTLB-load-misses                                              (16.60%)
S3       16    <not supported> dTLB-stores             
S3       16    <not supported> dTLB-store-misses       
S3       16         5825669724 iTLB-loads                                                    (16.79%)
S3       16            1136283 iTLB-load-misses                                              (10.95%)
S3       16         3889081858 branch-loads                                                  (16.36%)
S3       16           66944387 branch-load-misses                                            (21.66%)

    1011.688534378 seconds time elapsed

#################################################################
# Test multi-threading - 48 threads - T5
#################################################################
2595790.SNAP-Scalability.batman.t48
Welcome to SNAP version 1.0beta.23.

Loading index from directory... 102s.  3137208264 bases, seed size 20
Aligning.
Total Reads    Aligned, MAPQ >= 10    Aligned, MAPQ < 10     Unaligned              Too Short/Too Many Ns     Reads/s   Time in Aligner (s)
11,945,249     11,307,498 (94.66%)    476,673 (3.99%)        161,078 (1.35%)        0 (0.00%)                 177,213   67

 Performance counter stats for './snap-aligner single /tmp/data/indexes/HG_index_snap /tmp/data/datasets/gcat_set_039_1.fastq -t 48 -o /scratch/077-hpca4se-bioinf/jlenis/results/SNAP-Scalability/2595790.SNAP-Scalability.batman.t48.sam':

S0       16         1168119240 cache-misses                                                  (20.26%)
S0       16      2535569804188 cycles                    #    0.000 GHz                      (22.68%)
S0       16      2177704227548 instructions              #   18.03  insns per cycle        
                                             #    0.01  stalled cycles per insn  (28.73%)
S0       16              44899 cs                                                            (100.00%)
S0       16                354 migrations                                                    (100.00%)
S0       16             280401 faults                                                      
S0       16    <not supported> bus-cycles              
S0       16       372938870016 idle-cycles-frontend      #  308.74% frontend cycles idle     (20.78%)
S0       16       128496320237 idle-cycles-backend       #  106.38% backend  cycles idle     (16.79%)
S0       16      1046679999052 L1-dcache-loads                                               (22.18%)
S0       16        10203919414 L1-dcache-load-misses     #   20.94% of all L1-dcache hits    (28.08%)
S0       16        12482766527 L1-dcache-stores                                              (27.79%)
S0       16    <not supported> L1-dcache-store-misses  
S0       16                  0 L1-dcache-prefetch-misses                                     (27.67%)
S0       16         1160210198 L1-icache-load-misses                                         (27.22%)
S0       16        13775423381 LLC-loads                                                     (11.04%)
S0       16         5432784832 LLC-stores                                                    (10.77%)
S0       16    <not supported> LLC-prefetches          
S0       16      1083162805003 dTLB-loads                                                    (16.34%)
S0       16          757400555 dTLB-load-misses          #    1.48% of all dTLB cache hits   (16.19%)
S0       16    <not supported> dTLB-stores             
S0       16    <not supported> dTLB-store-misses       
S0       16       938579981825 iTLB-loads                                                    (15.91%)
S0       16            1236944 iTLB-load-misses          #    0.00% of all iTLB cache hits   (10.70%)
S0       16       306176378869 branch-loads                                                  (16.08%)
S0       16        31118161641 branch-load-misses                                            (21.49%)
S1       16         1400006062 cache-misses                                                  (22.59%)
S1       16      2472877730112 cycles                    #    0.000 GHz                      (23.33%)
S1       16      2097421502981 instructions              #    0.00  insns per cycle          (29.76%)
S1       16              91647 cs                                                            (100.00%)
S1       16                118 migrations                                                    (100.00%)
S1       16             284905 faults                                                      
S1       16    <not supported> bus-cycles              
S1       16       348210606341 idle-cycles-frontend      #    0.00% frontend cycles idle     (18.35%)
S1       16       131222428687 idle-cycles-backend       #    0.00% backend  cycles idle     (17.79%)
S1       16      1006711837750 L1-dcache-loads                                               (23.49%)
S1       16        10445081846 L1-dcache-load-misses                                         (28.79%)
S1       16        13067184675 L1-dcache-stores                                              (27.82%)
S1       16    <not supported> L1-dcache-store-misses  
S1       16                  0 L1-dcache-prefetch-misses                                     (27.32%)
S1       16         1433924811 L1-icache-load-misses                                         (26.69%)
S1       16        16204545698 LLC-loads                                                     (10.27%)
S1       16         6076636998 LLC-stores                                                    (10.79%)
S1       16    <not supported> LLC-prefetches          
S1       16      1107680750364 dTLB-loads                                                    (16.08%)
S1       16          845541226 dTLB-load-misses                                              (16.13%)
S1       16    <not supported> dTLB-stores             
S1       16    <not supported> dTLB-store-misses       
S1       16       937373007736 iTLB-loads                                                    (16.08%)
S1       16            1265756 iTLB-load-misses                                              (10.67%)
S1       16       298341341844 branch-loads                                                  (16.41%)
S1       16        30395321840 branch-load-misses                                            (21.78%)
S2       16         1253533148 cache-misses                                                  (21.54%)
S2       16      2619837885295 cycles                    #    0.000 GHz                      (22.40%)
S2       16      2231591250429 instructions              #    0.00  insns per cycle          (28.23%)
S2       16             107466 cs                                                            (100.00%)
S2       16                502 migrations                                                    (100.00%)
S2       16             281400 faults                                                      
S2       16    <not supported> bus-cycles              
S2       16       382912498270 idle-cycles-frontend      #    0.00% frontend cycles idle     (17.85%)
S2       16       183475282086 idle-cycles-backend       #    0.00% backend  cycles idle     (17.37%)
S2       16      1047480458761 L1-dcache-loads                                               (22.69%)
S2       16        10965212619 L1-dcache-load-misses                                         (28.25%)
S2       16        14357762046 L1-dcache-stores                                              (27.94%)
S2       16    <not supported> L1-dcache-store-misses  
S2       16                  0 L1-dcache-prefetch-misses                                     (27.36%)
S2       16         1231424369 L1-icache-load-misses                                         (27.21%)
S2       16        15859305422 LLC-loads                                                     (11.13%)
S2       16         7490732463 LLC-stores                                                    (11.32%)
S2       16    <not supported> LLC-prefetches          
S2       16      1059661942296 dTLB-loads                                                    (16.88%)
S2       16          765389858 dTLB-load-misses                                              (16.58%)
S2       16    <not supported> dTLB-stores             
S2       16    <not supported> dTLB-store-misses       
S2       16       917524484498 iTLB-loads                                                    (16.46%)
S2       16            1334196 iTLB-load-misses                                              (10.79%)
S2       16       313777107478 branch-loads                                                  (15.90%)
S2       16        30685279895 branch-load-misses                                            (21.56%)
S3       16          312934326 cache-misses                                                  (21.23%)
S3       16       102397690417 cycles                    #    0.000 GHz                      (19.90%)
S3       16        31177433570 instructions              #    0.00  insns per cycle          (27.42%)
S3       16              55446 cs                                                            (100.00%)
S3       16                868 migrations                                                    (100.00%)
S3       16              22800 faults                                                      
S3       16    <not supported> bus-cycles              
S3       16       262015325491 idle-cycles-frontend      #    0.00% frontend cycles idle     (18.76%)
S3       16        61318113005 idle-cycles-backend       #    0.00% backend  cycles idle     (17.79%)
S3       16        17942347124 L1-dcache-loads                                               (23.82%)
S3       16          664563925 L1-dcache-load-misses                                         (27.70%)
S3       16         1159135240 L1-dcache-stores                                              (29.23%)
S3       16    <not supported> L1-dcache-store-misses  
S3       16                  0 L1-dcache-prefetch-misses                                     (26.74%)
S3       16          328338476 L1-icache-load-misses                                         (27.81%)
S3       16         1368498828 LLC-loads                                                     (13.63%)
S3       16          711552512 LLC-stores                                                    (11.03%)
S3       16    <not supported> LLC-prefetches          
S3       16        17706799897 dTLB-loads                                                    (17.06%)
S3       16            2249567 dTLB-load-misses                                              (16.63%)
S3       16    <not supported> dTLB-stores             
S3       16    <not supported> dTLB-store-misses       
S3       16         8854756326 iTLB-loads                                                    (15.58%)
S3       16             946804 iTLB-load-misses                                              (10.33%)
S3       16         5791591076 branch-loads                                                  (15.06%)
S3       16           73724291 branch-load-misses                                            (19.94%)

     170.607846779 seconds time elapsed

#################################################################
# Test multi-threading - 64 threads - T6
#################################################################
2595790.SNAP-Scalability.batman.t64
Welcome to SNAP version 1.0beta.23.

Loading index from directory... 120s.  3137208264 bases, seed size 20
Aligning.
Total Reads    Aligned, MAPQ >= 10    Aligned, MAPQ < 10     Unaligned              Too Short/Too Many Ns     Reads/s   Time in Aligner (s)
11,945,249     11,307,498 (94.66%)    476,673 (3.99%)        161,078 (1.35%)        0 (0.00%)                 208,523   57

 Performance counter stats for './snap-aligner single /tmp/data/indexes/HG_index_snap /tmp/data/datasets/gcat_set_039_1.fastq -t 64 -o /scratch/077-hpca4se-bioinf/jlenis/results/SNAP-Scalability/2595790.SNAP-Scalability.batman.t64.sam':

S0       16         1055219546 cache-misses                                                  (20.92%)
S0       16      2096841637296 cycles                    #    0.000 GHz                      (19.50%)
S0       16      1709711261722 instructions              #   12.85  insns per cycle        
                                             #    0.01  stalled cycles per insn  (27.17%)
S0       16              59826 cs                                                            (100.00%)
S0       16                458 migrations                                                    (100.00%)
S0       16             220048 faults                                                      
S0       16    <not supported> bus-cycles              
S0       16       309779849827 idle-cycles-frontend      #  232.81% frontend cycles idle     (19.15%)
S0       16       139364342045 idle-cycles-backend       #  104.74% backend  cycles idle     (17.47%)
S0       16       759507092271 L1-dcache-loads                                               (24.20%)
S0       16         7563291714 L1-dcache-load-misses     #   15.53% of all L1-dcache hits    (28.05%)
S0       16         9094984624 L1-dcache-stores                                              (29.14%)
S0       16    <not supported> L1-dcache-store-misses  
S0       16                  0 L1-dcache-prefetch-misses                                     (26.20%)
S0       16          972782877 L1-icache-load-misses                                         (26.77%)
S0       16        10321660439 LLC-loads                                                     (14.33%)
S0       16         4204636547 LLC-stores                                                    (12.40%)
S0       16    <not supported> LLC-prefetches          
S0       16       788034957987 dTLB-loads                                                    (18.95%)
S0       16          641628507 dTLB-load-misses          #    1.24% of all dTLB cache hits   (17.12%)
S0       16    <not supported> dTLB-stores             
S0       16    <not supported> dTLB-store-misses       
S0       16       706311310040 iTLB-loads                                                    (16.00%)
S0       16            1744273 iTLB-load-misses          #    0.00% of all iTLB cache hits   (10.17%)
S0       16       239911229303 branch-loads                                                  (15.30%)
S0       16        24273801829 branch-load-misses                                            (20.41%)
S1       16          824658187 cache-misses                                                  (21.88%)
S1       16      2061152162860 cycles                    #    0.000 GHz                      (21.99%)
S1       16      1672942057406 instructions              #    0.00  insns per cycle          (27.86%)
S1       16              30479 cs                                                            (100.00%)
S1       16                221 migrations                                                    (100.00%)
S1       16             217865 faults                                                      
S1       16    <not supported> bus-cycles              
S1       16       224869323786 idle-cycles-frontend      #    0.00% frontend cycles idle     (17.37%)
S1       16       132387003919 idle-cycles-backend       #    0.00% backend  cycles idle     (17.76%)
S1       16       755279172736 L1-dcache-loads                                               (23.34%)
S1       16         7560370622 L1-dcache-load-misses                                         (29.08%)
S1       16         8975779007 L1-dcache-stores                                              (29.07%)
S1       16    <not supported> L1-dcache-store-misses  
S1       16                  0 L1-dcache-prefetch-misses                                     (28.35%)
S1       16          804011570 L1-icache-load-misses                                         (28.22%)
S1       16         9950667627 LLC-loads                                                     (11.42%)
S1       16         4759712051 LLC-stores                                                    (10.64%)
S1       16    <not supported> LLC-prefetches          
S1       16       835740054225 dTLB-loads                                                    (15.85%)
S1       16          698375776 dTLB-load-misses                                              (15.67%)
S1       16    <not supported> dTLB-stores             
S1       16    <not supported> dTLB-store-misses       
S1       16       704138593494 iTLB-loads                                                    (15.97%)
S1       16            1620772 iTLB-load-misses                                              (10.74%)
S1       16       223493302987 branch-loads                                                  (16.22%)
S1       16        22845781347 branch-load-misses                                            (21.58%)
S2       16         1258834972 cache-misses                                                  (21.05%)
S2       16      2110730779287 cycles                    #    0.000 GHz                      (21.43%)
S2       16      1756090719815 instructions              #    0.00  insns per cycle          (27.09%)
S2       16              62802 cs                                                            (100.00%)
S2       16                481 migrations                                                    (100.00%)
S2       16             221442 faults                                                      
S2       16    <not supported> bus-cycles              
S2       16       259913461050 idle-cycles-frontend      #    0.00% frontend cycles idle     (17.46%)
S2       16       122509208074 idle-cycles-backend       #    0.00% backend  cycles idle     (17.24%)
S2       16       789182873971 L1-dcache-loads                                               (22.81%)
S2       16         8027881332 L1-dcache-load-misses                                         (28.60%)
S2       16         9632505692 L1-dcache-stores                                              (28.27%)
S2       16    <not supported> L1-dcache-store-misses  
S2       16                  0 L1-dcache-prefetch-misses                                     (28.44%)
S2       16         1140622502 L1-icache-load-misses                                         (28.37%)
S2       16        10951892204 LLC-loads                                                     (11.29%)
S2       16         4242784714 LLC-stores                                                    (11.30%)
S2       16    <not supported> LLC-prefetches          
S2       16       792524719637 dTLB-loads                                                    (17.19%)
S2       16          657029344 dTLB-load-misses                                              (16.51%)
S2       16    <not supported> dTLB-stores             
S2       16    <not supported> dTLB-store-misses       
S2       16       706858923320 iTLB-loads                                                    (16.27%)
S2       16            1613263 iTLB-load-misses                                              (10.65%)
S2       16       245250504754 branch-loads                                                  (15.53%)
S2       16        24491973141 branch-load-misses                                            (20.84%)
S3       16         1036110706 cache-misses                                                  (20.55%)
S3       16      2247077562947 cycles                    #    0.000 GHz                      (22.12%)
S3       16      1761762665787 instructions              #    0.00  insns per cycle          (28.13%)
S3       16             114468 cs                                                            (100.00%)
S3       16                488 migrations                                                    (100.00%)
S3       16             228762 faults                                                      
S3       16    <not supported> bus-cycles              
S3       16       470616466588 idle-cycles-frontend      #    0.00% frontend cycles idle     (18.77%)
S3       16       289511795737 idle-cycles-backend       #    0.00% backend  cycles idle     (17.40%)
S3       16       812485967156 L1-dcache-loads                                               (23.14%)
S3       16         9893446738 L1-dcache-load-misses                                         (28.04%)
S3       16        13133030316 L1-dcache-stores                                              (28.12%)
S3       16    <not supported> L1-dcache-store-misses  
S3       16                  0 L1-dcache-prefetch-misses                                     (28.24%)
S3       16         1002324796 L1-icache-load-misses                                         (27.76%)
S3       16        14498288573 LLC-loads                                                     (11.04%)
S3       16         6557381933 LLC-stores                                                    (10.86%)
S3       16    <not supported> LLC-prefetches          
S3       16       883384136121 dTLB-loads                                                    (16.00%)
S3       16          654590804 dTLB-load-misses                                              (16.12%)
S3       16    <not supported> dTLB-stores             
S3       16    <not supported> dTLB-store-misses       
S3       16       717761423066 iTLB-loads                                                    (16.30%)
S3       16            1832954 iTLB-load-misses                                              (10.85%)
S3       16       244463751102 branch-loads                                                  (16.34%)
S3       16        22639827117 branch-load-misses                                            (21.79%)

     177.729039726 seconds time elapsed

#################################################################
#################################################################
