mkdir: cannot create directory `/scratch/077-hpca4se-bioinf/jlenis/results/SNAP-Scalability': File exists
> Benchmarks for snap-beta.18: gcat_set_039_1
penguin
#################################################################
# Warm up - 64 threads - T1
#################################################################
WarmUp.2595804.SNAP-Scalability.penguin.t64
Welcome to SNAP version 1.0beta.23.

Loading index from directory... 98s.  3137208264 bases, seed size 20
Aligning.
Total Reads    Aligned, MAPQ >= 10    Aligned, MAPQ < 10     Unaligned              Too Short/Too Many Ns     Reads/s   Time in Aligner (s)
11,945,249     11,307,498 (94.66%)    476,673 (3.99%)        161,078 (1.35%)        0 (0.00%)                 183,144   65
#################################################################
# Test multi-threading - 8 threads - T2
#################################################################
2595804.SNAP-Scalability.penguin.t8
Welcome to SNAP version 1.0beta.23.

Loading index from directory... 108s.  3137208264 bases, seed size 20
Aligning.
Total Reads    Aligned, MAPQ >= 10    Aligned, MAPQ < 10     Unaligned              Too Short/Too Many Ns     Reads/s   Time in Aligner (s)
11,945,249     11,307,498 (94.66%)    476,673 (3.99%)        161,078 (1.35%)        0 (0.00%)                 39,640    301

 Performance counter stats for './snap-aligner single /tmp/data/indexes/HG_index_snap /tmp/data/datasets/gcat_set_039_1.fastq -t 8 -o /scratch/077-hpca4se-bioinf/jlenis/results/SNAP-Scalability/2595804.SNAP-Scalability.penguin.t8.sam':

S0       16         2754196344 cache-misses                                                  (17.50%)
S0       16      1550496366441 cycles                    #    0.000 GHz                      (21.97%)
S0       16      1694552600329 instructions              #   17.46  insns per cycle        
                                             #    0.08  stalled cycles per insn  (26.89%)
S0       16              75656 cs                                                            (100.00%)
S0       16               1026 migrations                                                    (100.00%)
S0       16             227723 faults                                                      
S0       16        60634443890 bus-cycles                                                    (27.08%)
S0       16      2202395970411 idle-cycles-frontend      #  2269.62% frontend cycles idle     (27.43%)
S0       16      2048866367976 idle-cycles-backend       #  2111.40% backend  cycles idle     (27.54%)
S0       16       514030450715 L1-dcache-loads                                               (27.16%)
S0       16        10422026696 L1-dcache-load-misses     #   33.62% of all L1-dcache hits    (17.47%)
S0       16       126479941054 L1-dcache-stores                                              (17.46%)
S0       16         5667733819 L1-dcache-store-misses                                        (17.26%)
S0       16         4679971013 L1-dcache-prefetch-misses                                     (16.90%)
S0       16         1225138066 L1-icache-load-misses                                         (17.10%)
S0       16         5566968619 LLC-loads                                                     (16.96%)
S0       16         1369068397 LLC-stores                                                    (17.20%)
S0       16         3425665187 LLC-prefetches                                                (8.74%)
S0       16       519822147128 dTLB-loads                                                    (12.88%)
S0       16          903948042 dTLB-load-misses          #    2.91% of all dTLB cache hits   (16.96%)
S0       16       131173857161 dTLB-stores                                                   (16.84%)
S0       16           21800170 dTLB-store-misses                                             (16.70%)
S0       16            8748061 iTLB-loads                                                    (16.78%)
S0       16            4040529 iTLB-load-misses          #  621.85% of all iTLB cache hits   (17.05%)
S0       16       229166322518 branch-loads                                                  (17.02%)
S0       16        18600635598 branch-load-misses                                            (16.90%)
S1       16         2631859199 cache-misses                                                  (17.75%)
S1       16      1547474821900 cycles                    #    0.000 GHz                      (22.32%)
S1       16      1691129884576 instructions              #    0.00  insns per cycle          (26.25%)
S1       16             188541 cs                                                            (100.00%)
S1       16                332 migrations                                                    (100.00%)
S1       16             223779 faults                                                      
S1       16        63394971852 bus-cycles                                                    (26.00%)
S1       16      2358745353844 idle-cycles-frontend      #    0.00% frontend cycles idle     (25.71%)
S1       16      2131370091167 idle-cycles-backend       #    0.00% backend  cycles idle     (25.47%)
S1       16       483752481513 L1-dcache-loads                                               (25.44%)
S1       16         9977046501 L1-dcache-load-misses                                         (17.25%)
S1       16       119927859935 L1-dcache-stores                                              (17.54%)
S1       16         5424054671 L1-dcache-store-misses                                        (17.46%)
S1       16         4709305056 L1-dcache-prefetch-misses                                     (17.18%)
S1       16         1401006096 L1-icache-load-misses                                         (17.12%)
S1       16         5570298949 LLC-loads                                                     (17.55%)
S1       16         1286060899 LLC-stores                                                    (17.45%)
S1       16         3416816079 LLC-prefetches                                                (9.18%)
S1       16       495301069103 dTLB-loads                                                    (13.32%)
S1       16         1003182466 dTLB-load-misses                                              (17.26%)
S1       16       120334854912 dTLB-stores                                                   (17.38%)
S1       16           39328503 dTLB-store-misses                                             (17.83%)
S1       16           16087118 iTLB-loads                                                    (17.66%)
S1       16            7419348 iTLB-load-misses                                              (17.74%)
S1       16       217778583062 branch-loads                                                  (17.55%)
S1       16        18043482562 branch-load-misses                                            (17.90%)
S2       16         2365142783 cache-misses                                                  (17.21%)
S2       16      1548191835143 cycles                    #    0.000 GHz                      (21.66%)
S2       16      1599434090371 instructions              #    0.00  insns per cycle          (25.93%)
S2       16              84289 cs                                                            (100.00%)
S2       16                263 migrations                                                    (100.00%)
S2       16             223521 faults                                                      
S2       16        58987667839 bus-cycles                                                    (26.15%)
S2       16      2342716439768 idle-cycles-frontend      #    0.00% frontend cycles idle     (25.97%)
S2       16      2184854832094 idle-cycles-backend       #    0.00% backend  cycles idle     (26.40%)
S2       16       493602807112 L1-dcache-loads                                               (25.82%)
S2       16         8753495754 L1-dcache-load-misses                                         (18.86%)
S2       16       116594216742 L1-dcache-stores                                              (18.50%)
S2       16         5246955574 L1-dcache-store-misses                                        (18.10%)
S2       16         4289224324 L1-dcache-prefetch-misses                                     (18.08%)
S2       16         1025951688 L1-icache-load-misses                                         (17.83%)
S2       16         5274194562 LLC-loads                                                     (17.84%)
S2       16          937459280 LLC-stores                                                    (17.55%)
S2       16         3480165624 LLC-prefetches                                                (8.80%)
S2       16       490907628712 dTLB-loads                                                    (12.70%)
S2       16          704400715 dTLB-load-misses                                              (16.62%)
S2       16       120248333673 dTLB-stores                                                   (16.72%)
S2       16           10172527 dTLB-store-misses                                             (16.98%)
S2       16            4404391 iTLB-loads                                                    (17.10%)
S2       16            3811626 iTLB-load-misses                                              (16.83%)
S2       16       215141713722 branch-loads                                                  (16.79%)
S2       16        18383977351 branch-load-misses                                            (17.10%)
S3       16         2434597547 cache-misses                                                  (17.98%)
S3       16      1564286211595 cycles                    #    0.000 GHz                      (22.58%)
S3       16      1667697313570 instructions              #    0.00  insns per cycle          (26.84%)
S3       16              48367 cs                                                            (100.00%)
S3       16                724 migrations                                                    (100.00%)
S3       16             216994 faults                                                      
S3       16        61624210817 bus-cycles                                                    (26.77%)
S3       16      2218362218115 idle-cycles-frontend      #    0.00% frontend cycles idle     (26.67%)
S3       16      2037144733917 idle-cycles-backend       #    0.00% backend  cycles idle     (26.41%)
S3       16       492526561950 L1-dcache-loads                                               (26.40%)
S3       16         9076513575 L1-dcache-load-misses                                         (17.32%)
S3       16       116018682855 L1-dcache-stores                                              (17.47%)
S3       16         4918548958 L1-dcache-store-misses                                        (17.26%)
S3       16         4294452358 L1-dcache-prefetch-misses                                     (17.15%)
S3       16         1168636223 L1-icache-load-misses                                         (17.53%)
S3       16         5230426686 LLC-loads                                                     (17.25%)
S3       16          821267472 LLC-stores                                                    (17.27%)
S3       16         3217881720 LLC-prefetches                                                (8.08%)
S3       16       484331905517 dTLB-loads                                                    (12.22%)
S3       16          729765121 dTLB-load-misses                                              (16.38%)
S3       16       118075487226 dTLB-stores                                                   (16.73%)
S3       16           11628677 dTLB-store-misses                                             (17.23%)
S3       16           12344962 iTLB-loads                                                    (17.42%)
S3       16            6212318 iTLB-load-misses                                              (17.76%)
S3       16       218116286701 branch-loads                                                  (17.80%)
S3       16        19163497088 branch-load-misses                                            (17.85%)

     409.789757147 seconds time elapsed

#################################################################
# Test multi-threading - 16 threads - T3
#################################################################
2595804.SNAP-Scalability.penguin.t16
Welcome to SNAP version 1.0beta.23.

Loading index from directory... 385s.  3137208264 bases, seed size 20
Aligning.
Total Reads    Aligned, MAPQ >= 10    Aligned, MAPQ < 10     Unaligned              Too Short/Too Many Ns     Reads/s   Time in Aligner (s)
11,945,249     11,307,498 (94.66%)    476,673 (3.99%)        161,078 (1.35%)        0 (0.00%)                 75,580    158

 Performance counter stats for './snap-aligner single /tmp/data/indexes/HG_index_snap /tmp/data/datasets/gcat_set_039_1.fastq -t 16 -o /scratch/077-hpca4se-bioinf/jlenis/results/SNAP-Scalability/2595804.SNAP-Scalability.penguin.t16.sam':

S0       16         2670817343 cache-misses                                                  (17.23%)
S0       16      1553626614298 cycles                    #    0.000 GHz                      (21.64%)
S0       16      1688955032743 instructions              #   14.98  insns per cycle        
                                             #    0.10  stalled cycles per insn  (26.13%)
S0       16              88392 cs                                                            (100.00%)
S0       16                971 migrations                                                    (100.00%)
S0       16             234949 faults                                                      
S0       16        61775878131 bus-cycles                                                    (26.37%)
S0       16      2196110401042 idle-cycles-frontend      #  1948.21% frontend cycles idle     (26.36%)
S0       16      2088644488224 idle-cycles-backend       #  1852.87% backend  cycles idle     (26.33%)
S0       16       492227139356 L1-dcache-loads                                               (26.34%)
S0       16         9604877909 L1-dcache-load-misses     #   28.46% of all L1-dcache hits    (17.28%)
S0       16       123190991511 L1-dcache-stores                                              (17.24%)
S0       16         5333056031 L1-dcache-store-misses                                        (17.34%)
S0       16         4614506754 L1-dcache-prefetch-misses                                     (17.12%)
S0       16         1310794500 L1-icache-load-misses                                         (17.02%)
S0       16         5846736168 LLC-loads                                                     (17.07%)
S0       16         1243852499 LLC-stores                                                    (17.03%)
S0       16         3749557735 LLC-prefetches                                                (8.81%)
S0       16       524436693934 dTLB-loads                                                    (13.44%)
S0       16          932846819 dTLB-load-misses          #    2.65% of all dTLB cache hits   (17.66%)
S0       16       125081546168 dTLB-stores                                                   (17.69%)
S0       16           24725746 dTLB-store-misses                                             (17.51%)
S0       16           13259772 iTLB-loads                                                    (17.26%)
S0       16            5148616 iTLB-load-misses          #  570.52% of all iTLB cache hits   (17.36%)
S0       16       224153533483 branch-loads                                                  (17.41%)
S0       16        18480364728 branch-load-misses                                            (17.22%)
S1       16         5790258557 cache-misses                                                  (16.64%)
S1       16      2563540535868 cycles                    #    0.000 GHz                      (21.08%)
S1       16      2709158849256 instructions              #    0.00  insns per cycle          (25.70%)
S1       16             110295 cs                                                            (100.00%)
S1       16                575 migrations                                                    (100.00%)
S1       16             226915 faults                                                      
S1       16       101258502231 bus-cycles                                                    (25.58%)
S1       16      3715497347991 idle-cycles-frontend      #    0.00% frontend cycles idle     (25.75%)
S1       16      3359843473139 idle-cycles-backend       #    0.00% backend  cycles idle     (25.87%)
S1       16       714961018569 L1-dcache-loads                                               (25.90%)
S1       16        25433122039 L1-dcache-load-misses                                         (17.81%)
S1       16       259677500588 L1-dcache-stores                                              (17.89%)
S1       16         7272608510 L1-dcache-store-misses                                        (18.70%)
S1       16        11618918585 L1-dcache-prefetch-misses                                     (18.07%)
S1       16         1482891687 L1-icache-load-misses                                         (18.26%)
S1       16        22157436314 LLC-loads                                                     (17.53%)
S1       16         1945162778 LLC-stores                                                    (17.18%)
S1       16         4998179629 LLC-prefetches                                                (8.98%)
S1       16       711765315951 dTLB-loads                                                    (13.85%)
S1       16         4482770792 dTLB-load-misses                                              (17.17%)
S1       16       268290629183 dTLB-stores                                                   (17.37%)
S1       16          184211966 dTLB-store-misses                                             (17.39%)
S1       16           23843880 iTLB-loads                                                    (17.63%)
S1       16            6937250 iTLB-load-misses                                              (16.92%)
S1       16       395857185712 branch-loads                                                  (16.69%)
S1       16        19267154176 branch-load-misses                                            (16.64%)
S2       16         2354993347 cache-misses                                                  (17.56%)
S2       16      1532210925419 cycles                    #    0.000 GHz                      (21.85%)
S2       16      1605841271198 instructions              #    0.00  insns per cycle          (26.52%)
S2       16              51636 cs                                                            (100.00%)
S2       16                588 migrations                                                    (100.00%)
S2       16             243931 faults                                                      
S2       16        61064204120 bus-cycles                                                    (25.78%)
S2       16      2279839974931 idle-cycles-frontend      #    0.00% frontend cycles idle     (25.65%)
S2       16      2119541894571 idle-cycles-backend       #    0.00% backend  cycles idle     (25.82%)
S2       16       485633875794 L1-dcache-loads                                               (25.80%)
S2       16         8997906521 L1-dcache-load-misses                                         (18.46%)
S2       16       113532882565 L1-dcache-stores                                              (17.51%)
S2       16         4883804030 L1-dcache-store-misses                                        (18.29%)
S2       16         4083561456 L1-dcache-prefetch-misses                                     (17.05%)
S2       16          994338211 L1-icache-load-misses                                         (17.29%)
S2       16         5005564801 LLC-loads                                                     (17.31%)
S2       16          845100343 LLC-stores                                                    (16.73%)
S2       16         3394352604 LLC-prefetches                                                (9.50%)
S2       16       508197542875 dTLB-loads                                                    (14.44%)
S2       16          711682561 dTLB-load-misses                                              (16.84%)
S2       16       119960276143 dTLB-stores                                                   (16.80%)
S2       16            9852252 dTLB-store-misses                                             (16.99%)
S2       16            7684337 iTLB-loads                                                    (18.39%)
S2       16            5332701 iTLB-load-misses                                              (17.54%)
S2       16       220149323413 branch-loads                                                  (17.53%)
S2       16        17603046468 branch-load-misses                                            (17.57%)
S3       16         2481286370 cache-misses                                                  (17.48%)
S3       16      1565000313769 cycles                    #    0.000 GHz                      (22.11%)
S3       16      1643459727791 instructions              #    0.00  insns per cycle          (26.66%)
S3       16              60164 cs                                                            (100.00%)
S3       16               1387 migrations                                                    (100.00%)
S3       16             230258 faults                                                      
S3       16        63286267774 bus-cycles                                                    (26.52%)
S3       16      2260656865968 idle-cycles-frontend      #    0.00% frontend cycles idle     (26.68%)
S3       16      2068314114055 idle-cycles-backend       #    0.00% backend  cycles idle     (26.79%)
S3       16       467303750513 L1-dcache-loads                                               (26.84%)
S3       16         8946627803 L1-dcache-load-misses                                         (17.66%)
S3       16       115070109679 L1-dcache-stores                                              (17.71%)
S3       16         5008183997 L1-dcache-store-misses                                        (17.45%)
S3       16         4446916556 L1-dcache-prefetch-misses                                     (17.03%)
S3       16         1293068636 L1-icache-load-misses                                         (16.80%)
S3       16         5673266010 LLC-loads                                                     (16.38%)
S3       16          934992411 LLC-stores                                                    (16.46%)
S3       16         3552399307 LLC-prefetches                                                (8.35%)
S3       16       509058949550 dTLB-loads                                                    (12.64%)
S3       16          732741507 dTLB-load-misses                                              (17.09%)
S3       16       119739267735 dTLB-stores                                                   (17.56%)
S3       16           13563937 dTLB-store-misses                                             (17.56%)
S3       16           12968293 iTLB-loads                                                    (17.66%)
S3       16            9084612 iTLB-load-misses                                              (17.79%)
S3       16       220520873584 branch-loads                                                  (17.71%)
S3       16        18236900431 branch-load-misses                                            (17.45%)

     544.066770248 seconds time elapsed

#################################################################
# Test multi-threading - 32 threads - T4 
#################################################################
2595804.SNAP-Scalability.penguin.t32
Welcome to SNAP version 1.0beta.23.

Loading index from directory... 144s.  3137208264 bases, seed size 20
Aligning.
Total Reads    Aligned, MAPQ >= 10    Aligned, MAPQ < 10     Unaligned              Too Short/Too Many Ns     Reads/s   Time in Aligner (s)
11,945,249     11,307,498 (94.66%)    476,673 (3.99%)        161,078 (1.35%)        0 (0.00%)                 132,473   90

 Performance counter stats for './snap-aligner single /tmp/data/indexes/HG_index_snap /tmp/data/datasets/gcat_set_039_1.fastq -t 32 -o /scratch/077-hpca4se-bioinf/jlenis/results/SNAP-Scalability/2595804.SNAP-Scalability.penguin.t32.sam':

S0       16         3232104507 cache-misses                                                  (16.99%)
S0       16      1645027285305 cycles                    #    0.000 GHz                      (21.57%)
S0       16      1753185269912 instructions              #   17.05  insns per cycle        
                                             #    0.08  stalled cycles per insn  (26.08%)
S0       16             101731 cs                                                            (100.00%)
S0       16                484 migrations                                                    (100.00%)
S0       16             221565 faults                                                      
S0       16        72018974431 bus-cycles                                                    (26.57%)
S0       16      2257092092814 idle-cycles-frontend      #  2195.11% frontend cycles idle     (26.79%)
S0       16      2098734508266 idle-cycles-backend       #  2041.10% backend  cycles idle     (26.82%)
S0       16       511125958043 L1-dcache-loads                                               (26.67%)
S0       16        10382696844 L1-dcache-load-misses     #   33.19% of all L1-dcache hits    (17.70%)
S0       16       125207056804 L1-dcache-stores                                              (17.84%)
S0       16         5502678475 L1-dcache-store-misses                                        (18.01%)
S0       16         4521216429 L1-dcache-prefetch-misses                                     (17.92%)
S0       16         1449885942 L1-icache-load-misses                                         (17.86%)
S0       16         5544146257 LLC-loads                                                     (17.65%)
S0       16         1333641896 LLC-stores                                                    (17.90%)
S0       16         3466289080 LLC-prefetches                                                (9.02%)
S0       16       510000376384 dTLB-loads                                                    (13.17%)
S0       16         1076792902 dTLB-load-misses          #    3.32% of all dTLB cache hits   (17.28%)
S0       16       129186168257 dTLB-stores                                                   (16.74%)
S0       16           46976964 dTLB-store-misses                                             (16.30%)
S0       16           22206595 iTLB-loads                                                    (16.40%)
S0       16            5910405 iTLB-load-misses          #  444.46% of all iTLB cache hits   (16.40%)
S0       16       242439237170 branch-loads                                                  (16.28%)
S0       16        19727433688 branch-load-misses                                            (16.68%)
S1       16         3260692241 cache-misses                                                  (17.64%)
S1       16      1771683111870 cycles                    #    0.000 GHz                      (21.66%)
S1       16      1823844666923 instructions              #    0.00  insns per cycle          (26.16%)
S1       16             158170 cs                                                            (100.00%)
S1       16                239 migrations                                                    (100.00%)
S1       16             219485 faults                                                      
S1       16        77885139456 bus-cycles                                                    (25.95%)
S1       16      2564461222332 idle-cycles-frontend      #    0.00% frontend cycles idle     (25.63%)
S1       16      2351916393630 idle-cycles-backend       #    0.00% backend  cycles idle     (25.32%)
S1       16       548584142049 L1-dcache-loads                                               (25.32%)
S1       16        12352240233 L1-dcache-load-misses                                         (17.43%)
S1       16       145402549643 L1-dcache-stores                                              (17.43%)
S1       16         5713828974 L1-dcache-store-misses                                        (17.72%)
S1       16         5697353650 L1-dcache-prefetch-misses                                     (17.55%)
S1       16         1168655616 L1-icache-load-misses                                         (17.55%)
S1       16         7852430809 LLC-loads                                                     (17.57%)
S1       16         1640158796 LLC-stores                                                    (17.86%)
S1       16         3883949452 LLC-prefetches                                                (9.00%)
S1       16       535135677808 dTLB-loads                                                    (13.49%)
S1       16         1445935237 dTLB-load-misses                                              (18.18%)
S1       16       146584297521 dTLB-stores                                                   (17.62%)
S1       16           38600506 dTLB-store-misses                                             (17.75%)
S1       16           20407385 iTLB-loads                                                    (17.26%)
S1       16            6870625 iTLB-load-misses                                              (17.77%)
S1       16       251496076166 branch-loads                                                  (16.80%)
S1       16        18491330034 branch-load-misses                                            (17.16%)
S2       16         2622648973 cache-misses                                                  (17.40%)
S2       16      1569401063952 cycles                    #    0.000 GHz                      (21.87%)
S2       16      1622584649587 instructions              #    0.00  insns per cycle          (26.36%)
S2       16              37223 cs                                                            (100.00%)
S2       16                237 migrations                                                    (100.00%)
S2       16             215243 faults                                                      
S2       16        69174553872 bus-cycles                                                    (26.59%)
S2       16      2132498730408 idle-cycles-frontend      #    0.00% frontend cycles idle     (26.54%)
S2       16      1944210672077 idle-cycles-backend       #    0.00% backend  cycles idle     (26.87%)
S2       16       468442744988 L1-dcache-loads                                               (26.78%)
S2       16         8763655171 L1-dcache-load-misses                                         (17.64%)
S2       16       112081273867 L1-dcache-stores                                              (17.71%)
S2       16         4912580679 L1-dcache-store-misses                                        (17.33%)
S2       16         4148623376 L1-dcache-prefetch-misses                                     (17.00%)
S2       16          977034203 L1-icache-load-misses                                         (16.94%)
S2       16         4964241657 LLC-loads                                                     (16.99%)
S2       16          847677038 LLC-stores                                                    (17.15%)
S2       16         3420320045 LLC-prefetches                                                (8.93%)
S2       16       516748084705 dTLB-loads                                                    (13.15%)
S2       16          704851760 dTLB-load-misses                                              (17.53%)
S2       16       120907035738 dTLB-stores                                                   (17.42%)
S2       16            7796382 dTLB-store-misses                                             (17.06%)
S2       16           15030211 iTLB-loads                                                    (17.13%)
S2       16            4067424 iTLB-load-misses                                              (17.00%)
S2       16       219240180411 branch-loads                                                  (17.00%)
S2       16        18624272392 branch-load-misses                                            (17.01%)
S3       16         2753483157 cache-misses                                                  (16.66%)
S3       16      1594599102880 cycles                    #    0.000 GHz                      (21.16%)
S3       16      1651037690047 instructions              #    0.00  insns per cycle          (25.65%)
S3       16              38039 cs                                                            (100.00%)
S3       16                464 migrations                                                    (100.00%)
S3       16             209990 faults                                                      
S3       16        69355425669 bus-cycles                                                    (26.14%)
S3       16      2235586141411 idle-cycles-frontend      #    0.00% frontend cycles idle     (26.71%)
S3       16      2040827986739 idle-cycles-backend       #    0.00% backend  cycles idle     (27.18%)
S3       16       474037372525 L1-dcache-loads                                               (27.01%)
S3       16         8838197080 L1-dcache-load-misses                                         (17.93%)
S3       16       112500848742 L1-dcache-stores                                              (17.66%)
S3       16         5014541130 L1-dcache-store-misses                                        (17.20%)
S3       16         4160284297 L1-dcache-prefetch-misses                                     (17.62%)
S3       16         1143178090 L1-icache-load-misses                                         (17.23%)
S3       16         5249874831 LLC-loads                                                     (17.28%)
S3       16          854663428 LLC-stores                                                    (17.81%)
S3       16         3418267694 LLC-prefetches                                                (8.62%)
S3       16       512002961181 dTLB-loads                                                    (12.98%)
S3       16          741415778 dTLB-load-misses                                              (16.94%)
S3       16       125391623574 dTLB-stores                                                   (17.11%)
S3       16            9425871 dTLB-store-misses                                             (17.32%)
S3       16           27463062 iTLB-loads                                                    (17.18%)
S3       16            6234044 iTLB-load-misses                                              (17.52%)
S3       16       223565542345 branch-loads                                                  (16.65%)
S3       16        19009874867 branch-load-misses                                            (16.49%)

     234.419774324 seconds time elapsed

#################################################################
# Test multi-threading - 48 threads - T5
#################################################################
2595804.SNAP-Scalability.penguin.t48
Welcome to SNAP version 1.0beta.23.

Loading index from directory... 75s.  3137208264 bases, seed size 20
Aligning.
Total Reads    Aligned, MAPQ >= 10    Aligned, MAPQ < 10     Unaligned              Too Short/Too Many Ns     Reads/s   Time in Aligner (s)
11,945,249     11,307,498 (94.66%)    476,673 (3.99%)        161,078 (1.35%)        0 (0.00%)                 148,626   80

 Performance counter stats for './snap-aligner single /tmp/data/indexes/HG_index_snap /tmp/data/datasets/gcat_set_039_1.fastq -t 48 -o /scratch/077-hpca4se-bioinf/jlenis/results/SNAP-Scalability/2595804.SNAP-Scalability.penguin.t48.sam':

S0       16         3134826986 cache-misses                                                  (16.63%)
S0       16      1947397015891 cycles                    #    0.000 GHz                      (21.76%)
S0       16      1611882825588 instructions              #   12.79  insns per cycle        
                                             #    0.07  stalled cycles per insn  (26.25%)
S0       16              42200 cs                                                            (100.00%)
S0       16                141 migrations                                                    (100.00%)
S0       16             210858 faults                                                      
S0       16        85340144636 bus-cycles                                                    (26.87%)
S0       16      1845124799206 idle-cycles-frontend      #  1464.17% frontend cycles idle     (25.99%)
S0       16      1425314973307 idle-cycles-backend       #  1131.03% backend  cycles idle     (26.76%)
S0       16       446126875049 L1-dcache-loads                                               (27.07%)
S0       16         9009277636 L1-dcache-load-misses     #   30.54% of all L1-dcache hits    (19.23%)
S0       16       108364629351 L1-dcache-stores                                              (18.79%)
S0       16         4966474603 L1-dcache-store-misses                                        (18.36%)
S0       16         3657851357 L1-dcache-prefetch-misses                                     (18.21%)
S0       16         1164851795 L1-icache-load-misses                                         (18.79%)
S0       16         5654639183 LLC-loads                                                     (17.78%)
S0       16         1204477439 LLC-stores                                                    (17.07%)
S0       16         3856800998 LLC-prefetches                                                (8.73%)
S0       16       511189038473 dTLB-loads                                                    (12.98%)
S0       16          880521881 dTLB-load-misses          #    2.62% of all dTLB cache hits   (16.44%)
S0       16       127095228103 dTLB-stores                                                   (16.69%)
S0       16           90882567 dTLB-store-misses                                             (15.93%)
S0       16          318495307 iTLB-loads                                                    (15.98%)
S0       16           55169146 iTLB-load-misses          #  240.28% of all iTLB cache hits   (16.44%)
S0       16       228402642980 branch-loads                                                  (17.26%)
S0       16        20157912186 branch-load-misses                                            (16.26%)
S1       16         3908477976 cache-misses                                                  (16.63%)
S1       16      2103159838232 cycles                    #    0.000 GHz                      (21.76%)
S1       16      1745403667283 instructions              #    0.00  insns per cycle          (26.28%)
S1       16              74745 cs                                                            (100.00%)
S1       16                118 migrations                                                    (100.00%)
S1       16             220035 faults                                                      
S1       16        88849112907 bus-cycles                                                    (27.03%)
S1       16      2086596882808 idle-cycles-frontend      #    0.00% frontend cycles idle     (26.39%)
S1       16      1666026936781 idle-cycles-backend       #    0.00% backend  cycles idle     (26.58%)
S1       16       503761978665 L1-dcache-loads                                               (26.55%)
S1       16        12257274345 L1-dcache-load-misses                                         (18.05%)
S1       16       143717636324 L1-dcache-stores                                              (17.36%)
S1       16         6186749642 L1-dcache-store-misses                                        (17.51%)
S1       16         5476937871 L1-dcache-prefetch-misses                                     (17.29%)
S1       16         1233850043 L1-icache-load-misses                                         (18.98%)
S1       16         8580652901 LLC-loads                                                     (17.51%)
S1       16         1975641307 LLC-stores                                                    (17.45%)
S1       16         4140303695 LLC-prefetches                                                (11.27%)
S1       16       575131424077 dTLB-loads                                                    (13.32%)
S1       16         1519107533 dTLB-load-misses                                              (16.87%)
S1       16       147250542627 dTLB-stores                                                   (18.06%)
S1       16           95193832 dTLB-store-misses                                             (16.63%)
S1       16          244919650 iTLB-loads                                                    (16.35%)
S1       16           98717119 iTLB-load-misses                                              (16.34%)
S1       16       252250676356 branch-loads                                                  (16.29%)
S1       16        19942039306 branch-load-misses                                            (16.43%)
S2       16         3733547257 cache-misses                                                  (17.48%)
S2       16      1975757511569 cycles                    #    0.000 GHz                      (22.37%)
S2       16      1684510113568 instructions              #    0.00  insns per cycle          (27.21%)
S2       16              40816 cs                                                            (100.00%)
S2       16                263 migrations                                                    (100.00%)
S2       16             230229 faults                                                      
S2       16        84783587019 bus-cycles                                                    (27.64%)
S2       16      1865529180231 idle-cycles-frontend      #    0.00% frontend cycles idle     (27.73%)
S2       16      1461702820806 idle-cycles-backend       #    0.00% backend  cycles idle     (27.82%)
S2       16       486242987167 L1-dcache-loads                                               (27.20%)
S2       16        10670659670 L1-dcache-load-misses                                         (17.25%)
S2       16       125410048628 L1-dcache-stores                                              (16.91%)
S2       16         5990663381 L1-dcache-store-misses                                        (16.84%)
S2       16         4385659003 L1-dcache-prefetch-misses                                     (17.27%)
S2       16         1573985319 L1-icache-load-misses                                         (17.19%)
S2       16         6255074774 LLC-loads                                                     (17.48%)
S2       16         1749934750 LLC-stores                                                    (17.29%)
S2       16         4360485964 LLC-prefetches                                                (8.26%)
S2       16       549226022025 dTLB-loads                                                    (12.53%)
S2       16         1168028635 dTLB-load-misses                                              (16.44%)
S2       16       136442048718 dTLB-stores                                                   (16.55%)
S2       16           35796597 dTLB-store-misses                                             (16.61%)
S2       16          464846516 iTLB-loads                                                    (16.75%)
S2       16           53864857 iTLB-load-misses                                              (17.06%)
S2       16       237598211560 branch-loads                                                  (17.33%)
S2       16        20074400122 branch-load-misses                                            (17.41%)
S3       16         3301979746 cache-misses                                                  (16.39%)
S3       16      2038893393300 cycles                    #    0.000 GHz                      (21.25%)
S3       16      1703074466047 instructions              #    0.00  insns per cycle          (25.41%)
S3       16              37216 cs                                                            (100.00%)
S3       16                363 migrations                                                    (100.00%)
S3       16             211225 faults                                                      
S3       16        87746309386 bus-cycles                                                    (26.43%)
S3       16      1792267947760 idle-cycles-frontend      #    0.00% frontend cycles idle     (26.65%)
S3       16      1394169125232 idle-cycles-backend       #    0.00% backend  cycles idle     (27.19%)
S3       16       451851704916 L1-dcache-loads                                               (27.41%)
S3       16         9241710362 L1-dcache-load-misses                                         (19.13%)
S3       16       110297110504 L1-dcache-stores                                              (18.41%)
S3       16         4940822752 L1-dcache-store-misses                                        (18.90%)
S3       16         3719168833 L1-dcache-prefetch-misses                                     (18.50%)
S3       16         1260001264 L1-icache-load-misses                                         (17.48%)
S3       16         5688615401 LLC-loads                                                     (17.37%)
S3       16         1244483105 LLC-stores                                                    (16.93%)
S3       16         3876931552 LLC-prefetches                                                (8.22%)
S3       16       517733383864 dTLB-loads                                                    (12.72%)
S3       16          891464237 dTLB-load-misses                                              (16.70%)
S3       16       124659195572 dTLB-stores                                                   (17.04%)
S3       16           18830749 dTLB-store-misses                                             (16.93%)
S3       16          441215191 iTLB-loads                                                    (16.49%)
S3       16           55517548 iTLB-load-misses                                              (16.41%)
S3       16       238768345614 branch-loads                                                  (15.93%)
S3       16        20374420172 branch-load-misses                                            (15.97%)

     156.160738634 seconds time elapsed

#################################################################
# Test multi-threading - 64 threads - T6
#################################################################
2595804.SNAP-Scalability.penguin.t64
Welcome to SNAP version 1.0beta.23.

Loading index from directory... 250s.  3137208264 bases, seed size 20
Aligning.
Total Reads    Aligned, MAPQ >= 10    Aligned, MAPQ < 10     Unaligned              Too Short/Too Many Ns     Reads/s   Time in Aligner (s)
11,945,249     11,307,498 (94.66%)    476,673 (3.99%)        161,078 (1.35%)        0 (0.00%)                 157,132   76

 Performance counter stats for './snap-aligner single /tmp/data/indexes/HG_index_snap /tmp/data/datasets/gcat_set_039_1.fastq -t 64 -o /scratch/077-hpca4se-bioinf/jlenis/results/SNAP-Scalability/2595804.SNAP-Scalability.penguin.t64.sam':

S0       16         3919681776 cache-misses                                                  (17.48%)
S0       16      2204555783068 cycles                    #    0.000 GHz                      (22.07%)
S0       16      1695326188292 instructions              #   11.23  insns per cycle        
                                             #    0.07  stalled cycles per insn  (26.69%)
S0       16              90412 cs                                                            (100.00%)
S0       16                988 migrations                                                    (100.00%)
S0       16             229675 faults                                                      
S0       16        99038689134 bus-cycles                                                    (26.83%)
S0       16      1539218763726 idle-cycles-frontend      #  1019.48% frontend cycles idle     (25.83%)
S0       16       951316894892 idle-cycles-backend       #  630.09% backend  cycles idle     (26.15%)
S0       16       499819149620 L1-dcache-loads                                               (25.81%)
S0       16        11423802954 L1-dcache-load-misses     #   34.19% of all L1-dcache hits    (17.37%)
S0       16       125593680244 L1-dcache-stores                                              (17.41%)
S0       16         6139296022 L1-dcache-store-misses                                        (17.20%)
S0       16         4294828394 L1-dcache-prefetch-misses                                     (17.10%)
S0       16         1836632380 L1-icache-load-misses                                         (18.29%)
S0       16         6668887962 LLC-loads                                                     (17.03%)
S0       16         1824242646 LLC-stores                                                    (17.22%)
S0       16         4243167858 LLC-prefetches                                                (9.46%)
S0       16       519862531267 dTLB-loads                                                    (13.44%)
S0       16         1258049311 dTLB-load-misses          #    3.76% of all dTLB cache hits   (17.21%)
S0       16       126460181295 dTLB-stores                                                   (18.39%)
S0       16           79007999 dTLB-store-misses                                             (17.06%)
S0       16          552245098 iTLB-loads                                                    (16.90%)
S0       16          127963276 iTLB-load-misses          #  339.23% of all iTLB cache hits   (17.33%)
S0       16       230516896267 branch-loads                                                  (17.74%)
S0       16        20045440558 branch-load-misses                                            (17.54%)
S1       16         4738632076 cache-misses                                                  (17.11%)
S1       16      2867207494077 cycles                    #    0.000 GHz                      (21.55%)
S1       16      2371022325961 instructions              #    0.00  insns per cycle          (25.81%)
S1       16              73588 cs                                                            (100.00%)
S1       16                247 migrations                                                    (100.00%)
S1       16             221936 faults                                                      
S1       16       125338354965 bus-cycles                                                    (25.92%)
S1       16      2589113388557 idle-cycles-frontend      #    0.00% frontend cycles idle     (25.19%)
S1       16      1862673815033 idle-cycles-backend       #    0.00% backend  cycles idle     (25.35%)
S1       16       664088180481 L1-dcache-loads                                               (25.60%)
S1       16        20873539517 L1-dcache-load-misses                                         (16.89%)
S1       16       233740849856 L1-dcache-stores                                              (17.31%)
S1       16         7506358315 L1-dcache-store-misses                                        (16.96%)
S1       16         8808254936 L1-dcache-prefetch-misses                                     (17.12%)
S1       16         1345150964 L1-icache-load-misses                                         (17.77%)
S1       16        14497876721 LLC-loads                                                     (17.59%)
S1       16         2398302807 LLC-stores                                                    (17.74%)
S1       16         4974669233 LLC-prefetches                                                (9.36%)
S1       16       639793680559 dTLB-loads                                                    (13.75%)
S1       16         2679262460 dTLB-load-misses                                              (17.80%)
S1       16       220834975697 dTLB-stores                                                   (18.40%)
S1       16           64969158 dTLB-store-misses                                             (17.43%)
S1       16          709380643 iTLB-loads                                                    (17.57%)
S1       16           86541641 iTLB-load-misses                                              (17.54%)
S1       16       331823305776 branch-loads                                                  (17.61%)
S1       16        19741760896 branch-load-misses                                            (17.41%)
S2       16         3509032406 cache-misses                                                  (16.83%)
S2       16      2315270303373 cycles                    #    0.000 GHz                      (20.95%)
S2       16      1675175073535 instructions              #    0.00  insns per cycle          (25.30%)
S2       16              46309 cs                                                            (100.00%)
S2       16                365 migrations                                                    (100.00%)
S2       16             228300 faults                                                      
S2       16        99359471242 bus-cycles                                                    (26.30%)
S2       16      1551979151718 idle-cycles-frontend      #    0.00% frontend cycles idle     (25.79%)
S2       16       992004903438 idle-cycles-backend       #    0.00% backend  cycles idle     (26.37%)
S2       16       470917486260 L1-dcache-loads                                               (25.92%)
S2       16         9901079656 L1-dcache-load-misses                                         (18.02%)
S2       16       119656672814 L1-dcache-stores                                              (17.06%)
S2       16         5528969548 L1-dcache-store-misses                                        (16.98%)
S2       16         3816641618 L1-dcache-prefetch-misses                                     (16.63%)
S2       16         1222318337 L1-icache-load-misses                                         (17.47%)
S2       16         5923579358 LLC-loads                                                     (17.76%)
S2       16         1417889558 LLC-stores                                                    (17.48%)
S2       16         3676175941 LLC-prefetches                                                (9.88%)
S2       16       485125085834 dTLB-loads                                                    (14.02%)
S2       16          881771113 dTLB-load-misses                                              (17.32%)
S2       16       113723362114 dTLB-stores                                                   (18.67%)
S2       16           47097444 dTLB-store-misses                                             (17.64%)
S2       16          425679062 iTLB-loads                                                    (17.65%)
S2       16          130861881 iTLB-load-misses                                              (16.70%)
S2       16       226339684261 branch-loads                                                  (17.08%)
S2       16        19730192692 branch-load-misses                                            (16.79%)
S3       16         3464566342 cache-misses                                                  (17.21%)
S3       16      2275688570194 cycles                    #    0.000 GHz                      (21.40%)
S3       16      1697318857531 instructions              #    0.00  insns per cycle          (25.55%)
S3       16              44130 cs                                                            (100.00%)
S3       16                892 migrations                                                    (100.00%)
S3       16             226800 faults                                                      
S3       16       104748100114 bus-cycles                                                    (25.51%)
S3       16      1651791898912 idle-cycles-frontend      #    0.00% frontend cycles idle     (25.53%)
S3       16      1081131210453 idle-cycles-backend       #    0.00% backend  cycles idle     (25.46%)
S3       16       503838135813 L1-dcache-loads                                               (25.48%)
S3       16        10364266232 L1-dcache-load-misses                                         (17.26%)
S3       16       116295636558 L1-dcache-stores                                              (17.59%)
S3       16         5275430934 L1-dcache-store-misses                                        (17.79%)
S3       16         3583182440 L1-dcache-prefetch-misses                                     (17.86%)
S3       16         1265463568 L1-icache-load-misses                                         (17.78%)
S3       16         5941444983 LLC-loads                                                     (17.78%)
S3       16         1450611932 LLC-stores                                                    (17.70%)
S3       16         4053180692 LLC-prefetches                                                (8.66%)
S3       16       497372356533 dTLB-loads                                                    (12.86%)
S3       16          833882915 dTLB-load-misses                                              (17.24%)
S3       16       119136580390 dTLB-stores                                                   (17.13%)
S3       16           17175790 dTLB-store-misses                                             (17.48%)
S3       16          726904352 iTLB-loads                                                    (17.74%)
S3       16           75263492 iTLB-load-misses                                              (17.67%)
S3       16       214577104045 branch-loads                                                  (17.53%)
S3       16        18817761840 branch-load-misses                                            (17.36%)

     327.505702453 seconds time elapsed

#################################################################
#################################################################
