mkdir: cannot create directory `/scratch/077-hpca4se-bioinf/jlenis/results/SNAP-Scalability': File exists
> Benchmarks for snap-beta.18: gcat_set_039_1
batman
#################################################################
# Warm up - 64 threads - T1
#################################################################
WarmUp.2595794.SNAP-Scalability.batman.t64
Welcome to SNAP version 1.0beta.23.

Loading index from directory... 195s.  3137208264 bases, seed size 20
Aligning.
Total Reads    Aligned, MAPQ >= 10    Aligned, MAPQ < 10     Unaligned              Too Short/Too Many Ns     Reads/s   Time in Aligner (s)
11,945,249     11,307,498 (94.66%)    476,673 (3.99%)        161,078 (1.35%)        0 (0.00%)                 170,824   70
#################################################################
# Test multi-threading - 8 threads - T2
#################################################################
2595794.SNAP-Scalability.batman.t8
Welcome to SNAP version 1.0beta.23.

Loading index from directory... 103s.  3137208264 bases, seed size 20
Aligning.
Total Reads    Aligned, MAPQ >= 10    Aligned, MAPQ < 10     Unaligned              Too Short/Too Many Ns     Reads/s   Time in Aligner (s)
11,945,249     11,307,498 (94.66%)    476,673 (3.99%)        161,078 (1.35%)        0 (0.00%)                 30,005    398

 Performance counter stats for './snap-aligner single /tmp/data/indexes/HG_index_snap /tmp/data/datasets/gcat_set_039_1.fastq -t 8 -o /scratch/077-hpca4se-bioinf/jlenis/results/SNAP-Scalability/2595794.SNAP-Scalability.batman.t8.sam':

S0       16         3760056943 cache-misses                                                  (21.73%)
S0       16      7881364311536 cycles                    #    0.000 GHz                      (22.11%)
S0       16      6825674973033 instructions              #   53.82  insns per cycle        
                                             #    0.01  stalled cycles per insn  (27.86%)
S0       16             123928 cs                                                            (100.00%)
S0       16                535 migrations                                                    (100.00%)
S0       16             817629 faults                                                      
S0       16    <not supported> bus-cycles              
S0       16      1317466374546 idle-cycles-frontend      #  1038.82% frontend cycles idle     (17.55%)
S0       16       355683807032 idle-cycles-backend       #  280.46% backend  cycles idle     (16.39%)
S0       16      3145525006780 L1-dcache-loads                                               (21.84%)
S0       16        32425692203 L1-dcache-load-misses     #   65.14% of all L1-dcache hits    (27.49%)
S0       16        39195446016 L1-dcache-stores                                              (27.60%)
S0       16    <not supported> L1-dcache-store-misses  
S0       16                  0 L1-dcache-prefetch-misses                                     (27.58%)
S0       16         3683268444 L1-icache-load-misses                                         (27.59%)
S0       16        43861927870 LLC-loads                                                     (11.08%)
S0       16        16620427641 LLC-stores                                                    (11.09%)
S0       16    <not supported> LLC-prefetches          
S0       16      3218561465424 dTLB-loads                                                    (16.57%)
S0       16         2061985224 dTLB-load-misses          #    4.05% of all dTLB cache hits   (16.71%)
S0       16    <not supported> dTLB-stores             
S0       16    <not supported> dTLB-store-misses       
S0       16      2706033395880 iTLB-loads                                                    (16.90%)
S0       16             505104 iTLB-load-misses          #    0.00% of all iTLB cache hits   (11.28%)
S0       16       895185880914 branch-loads                                                  (16.79%)
S0       16        90662017007 branch-load-misses                                            (22.27%)
S1       16          378497462 cache-misses                                                  (21.31%)
S1       16        39590768777 cycles                    #    0.000 GHz                      (21.52%)
S1       16        18875403706 instructions              #    0.00  insns per cycle          (26.97%)
S1       16              31867 cs                                                            (100.00%)
S1       16                422 migrations                                                    (100.00%)
S1       16              22998 faults                                                      
S1       16    <not supported> bus-cycles              
S1       16       219764777709 idle-cycles-frontend      #    0.00% frontend cycles idle     (16.59%)
S1       16        12182753600 idle-cycles-backend       #    0.00% backend  cycles idle     (16.81%)
S1       16        11111921450 L1-dcache-loads                                               (22.53%)
S1       16          520580210 L1-dcache-load-misses                                         (28.20%)
S1       16          532644537 L1-dcache-stores                                              (28.72%)
S1       16    <not supported> L1-dcache-store-misses  
S1       16                  0 L1-dcache-prefetch-misses                                     (28.69%)
S1       16          409025781 L1-icache-load-misses                                         (28.75%)
S1       16         1149438973 LLC-loads                                                     (11.32%)
S1       16          122893264 LLC-stores                                                    (11.22%)
S1       16    <not supported> LLC-prefetches          
S1       16        12758442824 dTLB-loads                                                    (16.85%)
S1       16             467569 dTLB-load-misses                                              (16.71%)
S1       16    <not supported> dTLB-stores             
S1       16    <not supported> dTLB-store-misses       
S1       16         6748456344 iTLB-loads                                                    (16.46%)
S1       16             101331 iTLB-load-misses                                              (10.62%)
S1       16         3562470582 branch-loads                                                  (15.95%)
S1       16          139084773 branch-load-misses                                            (21.31%)
S2       16           75244150 cache-misses                                                  (21.88%)
S2       16        28055707117 cycles                    #    0.000 GHz                      (22.49%)
S2       16         5024657468 instructions              #    0.00  insns per cycle          (27.90%)
S2       16              53239 cs                                                            (100.00%)
S2       16                989 migrations                                                    (100.00%)
S2       16              23437 faults                                                      
S2       16    <not supported> bus-cycles              
S2       16       254978845887 idle-cycles-frontend      #    0.00% frontend cycles idle     (17.09%)
S2       16         7773721225 idle-cycles-backend       #    0.00% backend  cycles idle     (16.82%)
S2       16         2576088282 L1-dcache-loads                                               (22.68%)
S2       16          135404815 L1-dcache-load-misses                                         (28.09%)
S2       16          151510074 L1-dcache-stores                                              (28.38%)
S2       16    <not supported> L1-dcache-store-misses  
S2       16                  0 L1-dcache-prefetch-misses                                     (28.20%)
S2       16           81565868 L1-icache-load-misses                                         (28.13%)
S2       16          391518442 LLC-loads                                                     (11.17%)
S2       16          314959569 LLC-stores                                                    (11.09%)
S2       16    <not supported> LLC-prefetches          
S2       16         5030141701 dTLB-loads                                                    (16.70%)
S2       16             104519 dTLB-load-misses                                              (16.17%)
S2       16    <not supported> dTLB-stores             
S2       16    <not supported> dTLB-store-misses       
S2       16         1854427691 iTLB-loads                                                    (16.20%)
S2       16              75204 iTLB-load-misses                                              (10.77%)
S2       16         1012947587 branch-loads                                                  (16.43%)
S2       16           11755228 branch-load-misses                                            (21.64%)
S3       16          307091565 cache-misses                                                  (20.40%)
S3       16       167687072029 cycles                    #    0.000 GHz                      (20.86%)
S3       16        51820174530 instructions              #    0.00  insns per cycle          (27.09%)
S3       16             203843 cs                                                            (100.00%)
S3       16               1322 migrations                                                    (100.00%)
S3       16              49589 faults                                                      
S3       16    <not supported> bus-cycles              
S3       16       685796963553 idle-cycles-frontend      #    0.00% frontend cycles idle     (19.46%)
S3       16        92339671856 idle-cycles-backend       #    0.00% backend  cycles idle     (16.38%)
S3       16        26610199127 L1-dcache-loads                                               (22.93%)
S3       16          914182200 L1-dcache-load-misses                                         (26.55%)
S3       16         2514228831 L1-dcache-stores                                              (27.33%)
S3       16    <not supported> L1-dcache-store-misses  
S3       16                  0 L1-dcache-prefetch-misses                                     (24.62%)
S3       16          275901864 L1-icache-load-misses                                         (25.75%)
S3       16         2573930025 LLC-loads                                                     (14.00%)
S3       16         2324188378 LLC-stores                                                    (13.14%)
S3       16    <not supported> LLC-prefetches          
S3       16        26081933455 dTLB-loads                                                    (18.39%)
S3       16            3581322 dTLB-load-misses                                              (17.57%)
S3       16    <not supported> dTLB-stores             
S3       16    <not supported> dTLB-store-misses       
S3       16        12444533612 iTLB-loads                                                    (16.39%)
S3       16             644418 iTLB-load-misses                                              (11.07%)
S3       16         9409632732 branch-loads                                                  (16.61%)
S3       16           53252692 branch-load-misses                                            (22.44%)

     501.383676911 seconds time elapsed

#################################################################
# Test multi-threading - 16 threads - T3
#################################################################
2595794.SNAP-Scalability.batman.t16
Welcome to SNAP version 1.0beta.23.

Loading index from directory... 209s.  3137208264 bases, seed size 20
Aligning.
Total Reads    Aligned, MAPQ >= 10    Aligned, MAPQ < 10     Unaligned              Too Short/Too Many Ns     Reads/s   Time in Aligner (s)
11,945,249     11,307,498 (94.66%)    476,673 (3.99%)        161,078 (1.35%)        0 (0.00%)                 60,758    197

 Performance counter stats for './snap-aligner single /tmp/data/indexes/HG_index_snap /tmp/data/datasets/gcat_set_039_1.fastq -t 16 -o /scratch/077-hpca4se-bioinf/jlenis/results/SNAP-Scalability/2595794.SNAP-Scalability.batman.t16.sam':

S0       16         3826672602 cache-misses                                                  (21.77%)
S0       16      7703035833665 cycles                    #    0.000 GHz                      (21.88%)
S0       16      6840847047528 instructions              #   54.20  insns per cycle        
                                             #    0.01  stalled cycles per insn  (27.47%)
S0       16             123522 cs                                                            (100.00%)
S0       16                709 migrations                                                    (100.00%)
S0       16             814160 faults                                                      
S0       16    <not supported> bus-cycles              
S0       16      1074055731284 idle-cycles-frontend      #  851.05% frontend cycles idle     (16.68%)
S0       16       373374062599 idle-cycles-backend       #  295.85% backend  cycles idle     (16.91%)
S0       16      3120424160881 L1-dcache-loads                                               (22.62%)
S0       16        31824149091 L1-dcache-load-misses     #   63.68% of all L1-dcache hits    (28.18%)
S0       16        37754605370 L1-dcache-stores                                              (28.25%)
S0       16    <not supported> L1-dcache-store-misses  
S0       16                  0 L1-dcache-prefetch-misses                                     (28.25%)
S0       16         3687942571 L1-icache-load-misses                                         (28.33%)
S0       16        41434008937 LLC-loads                                                     (11.41%)
S0       16        17282314297 LLC-stores                                                    (11.13%)
S0       16    <not supported> LLC-prefetches          
S0       16      3226529275975 dTLB-loads                                                    (16.49%)
S0       16         2580570507 dTLB-load-misses          #    4.99% of all dTLB cache hits   (16.28%)
S0       16    <not supported> dTLB-stores             
S0       16    <not supported> dTLB-store-misses       
S0       16      2765153475967 iTLB-loads                                                    (16.36%)
S0       16            1130532 iTLB-load-misses          #    0.00% of all iTLB cache hits   (11.01%)
S0       16       897192439513 branch-loads                                                  (16.43%)
S0       16        90837441586 branch-load-misses                                            (21.75%)
S1       16          337771416 cache-misses                                                  (22.18%)
S1       16        45291464724 cycles                    #    0.000 GHz                      (22.18%)
S1       16        14953474833 instructions              #    0.00  insns per cycle          (27.94%)
S1       16              33537 cs                                                            (100.00%)
S1       16                302 migrations                                                    (100.00%)
S1       16              23630 faults                                                      
S1       16    <not supported> bus-cycles              
S1       16       316363229985 idle-cycles-frontend      #    0.00% frontend cycles idle     (17.08%)
S1       16        15579905446 idle-cycles-backend       #    0.00% backend  cycles idle     (17.09%)
S1       16         9623549878 L1-dcache-loads                                               (22.45%)
S1       16          426364481 L1-dcache-load-misses                                         (28.00%)
S1       16          621539497 L1-dcache-stores                                              (27.85%)
S1       16    <not supported> L1-dcache-store-misses  
S1       16                  0 L1-dcache-prefetch-misses                                     (27.97%)
S1       16          346521356 L1-icache-load-misses                                         (27.64%)
S1       16         1005294077 LLC-loads                                                     (10.80%)
S1       16          302551231 LLC-stores                                                    (10.88%)
S1       16    <not supported> LLC-prefetches          
S1       16        11392810046 dTLB-loads                                                    (16.45%)
S1       16             476287 dTLB-load-misses                                              (16.42%)
S1       16    <not supported> dTLB-stores             
S1       16    <not supported> dTLB-store-misses       
S1       16         6571179065 iTLB-loads                                                    (16.57%)
S1       16              42476 iTLB-load-misses                                              (11.20%)
S1       16         3718093927 branch-loads                                                  (16.63%)
S1       16          139677594 branch-load-misses                                            (21.93%)
S2       16          110207814 cache-misses                                                  (21.53%)
S2       16        35607369622 cycles                    #    0.000 GHz                      (22.17%)
S2       16         7727289541 instructions              #    0.00  insns per cycle          (28.18%)
S2       16              67532 cs                                                            (100.00%)
S2       16               1039 migrations                                                    (100.00%)
S2       16              18705 faults                                                      
S2       16    <not supported> bus-cycles              
S2       16       209732170295 idle-cycles-frontend      #    0.00% frontend cycles idle     (17.60%)
S2       16        11106196351 idle-cycles-backend       #    0.00% backend  cycles idle     (17.74%)
S2       16         3858532834 L1-dcache-loads                                               (23.35%)
S2       16          160097574 L1-dcache-load-misses                                         (29.03%)
S2       16          226027744 L1-dcache-stores                                              (28.71%)
S2       16    <not supported> L1-dcache-store-misses  
S2       16                  0 L1-dcache-prefetch-misses                                     (28.24%)
S2       16           99276193 L1-icache-load-misses                                         (27.87%)
S2       16          302705601 LLC-loads                                                     (10.93%)
S2       16          223881002 LLC-stores                                                    (11.00%)
S2       16    <not supported> LLC-prefetches          
S2       16         4418671323 dTLB-loads                                                    (16.16%)
S2       16             101222 dTLB-load-misses                                              (16.00%)
S2       16    <not supported> dTLB-stores             
S2       16    <not supported> dTLB-store-misses       
S2       16         3089982177 iTLB-loads                                                    (16.24%)
S2       16              91268 iTLB-load-misses                                              (10.68%)
S2       16         1725716458 branch-loads                                                  (16.13%)
S2       16           16760621 branch-load-misses                                            (21.66%)
S3       16          358182507 cache-misses                                                  (22.31%)
S3       16       293115429608 cycles                    #    0.000 GHz                      (21.30%)
S3       16       146131112984 instructions              #    0.00  insns per cycle          (27.48%)
S3       16             196170 cs                                                            (100.00%)
S3       16               1240 migrations                                                    (100.00%)
S3       16              37118 faults                                                      
S3       16    <not supported> bus-cycles              
S3       16       763026884788 idle-cycles-frontend      #    0.00% frontend cycles idle     (17.22%)
S3       16       206236050558 idle-cycles-backend       #    0.00% backend  cycles idle     (16.72%)
S3       16        64279658401 L1-dcache-loads                                               (22.64%)
S3       16         2362177204 L1-dcache-load-misses                                         (27.34%)
S3       16         5040271474 L1-dcache-stores                                              (27.18%)
S3       16    <not supported> L1-dcache-store-misses  
S3       16                  0 L1-dcache-prefetch-misses                                     (25.95%)
S3       16          350957361 L1-icache-load-misses                                         (26.16%)
S3       16         5447430257 LLC-loads                                                     (12.18%)
S3       16         3862337046 LLC-stores                                                    (12.47%)
S3       16    <not supported> LLC-prefetches          
S3       16        65864638520 dTLB-loads                                                    (17.88%)
S3       16            3593628 dTLB-load-misses                                              (17.04%)
S3       16    <not supported> dTLB-stores             
S3       16    <not supported> dTLB-store-misses       
S3       16        36888730822 iTLB-loads                                                    (16.85%)
S3       16             433239 iTLB-load-misses                                              (10.89%)
S3       16        26996229223 branch-loads                                                  (16.34%)
S3       16          109077479 branch-load-misses                                            (21.87%)

     406.294785118 seconds time elapsed

#################################################################
# Test multi-threading - 32 threads - T4 
#################################################################
2595794.SNAP-Scalability.batman.t32
Welcome to SNAP version 1.0beta.23.

Loading index from directory... 270s.  3137208264 bases, seed size 20
Aligning.
Total Reads    Aligned, MAPQ >= 10    Aligned, MAPQ < 10     Unaligned              Too Short/Too Many Ns     Reads/s   Time in Aligner (s)
11,945,249     11,307,498 (94.66%)    476,673 (3.99%)        161,078 (1.35%)        0 (0.00%)                 119,771   100

 Performance counter stats for './snap-aligner single /tmp/data/indexes/HG_index_snap /tmp/data/datasets/gcat_set_039_1.fastq -t 32 -o /scratch/077-hpca4se-bioinf/jlenis/results/SNAP-Scalability/2595794.SNAP-Scalability.batman.t32.sam':

S0       16         2035030130 cache-misses                                                  (21.66%)
S0       16      4400304819612 cycles                    #    0.000 GHz                      (21.85%)
S0       16      3738837565213 instructions              #   28.39  insns per cycle        
                                             #    0.01  stalled cycles per insn  (27.67%)
S0       16              92110 cs                                                            (100.00%)
S0       16                743 migrations                                                    (100.00%)
S0       16             418650 faults                                                      
S0       16    <not supported> bus-cycles              
S0       16      1002298805060 idle-cycles-frontend      #  761.15% frontend cycles idle     (17.26%)
S0       16       511539208855 idle-cycles-backend       #  388.47% backend  cycles idle     (17.86%)
S0       16      1653244862296 L1-dcache-loads                                               (23.42%)
S0       16        19484815439 L1-dcache-load-misses     #   38.94% of all L1-dcache hits    (28.80%)
S0       16        23460639424 L1-dcache-stores                                              (28.68%)
S0       16    <not supported> L1-dcache-store-misses  
S0       16                  0 L1-dcache-prefetch-misses                                     (28.34%)
S0       16         1978880604 L1-icache-load-misses                                         (27.88%)
S0       16        26058293799 LLC-loads                                                     (11.02%)
S0       16         8945645656 LLC-stores                                                    (10.93%)
S0       16    <not supported> LLC-prefetches          
S0       16      1747448707132 dTLB-loads                                                    (16.44%)
S0       16         1044769212 dTLB-load-misses          #    1.97% of all dTLB cache hits   (16.50%)
S0       16    <not supported> dTLB-stores             
S0       16    <not supported> dTLB-store-misses       
S0       16      1450300533473 iTLB-loads                                                    (16.28%)
S0       16            1164481 iTLB-load-misses          #    0.00% of all iTLB cache hits   (10.43%)
S0       16       523085572335 branch-loads                                                  (15.90%)
S0       16        46354100990 branch-load-misses                                            (21.46%)
S1       16         2275281465 cache-misses                                                  (20.40%)
S1       16      3888382523911 cycles                    #    0.000 GHz                      (21.07%)
S1       16      3399785722734 instructions              #    0.00  insns per cycle          (27.52%)
S1       16              31823 cs                                                            (100.00%)
S1       16                321 migrations                                                    (100.00%)
S1       16             421888 faults                                                      
S1       16    <not supported> bus-cycles              
S1       16       425752235095 idle-cycles-frontend      #    0.00% frontend cycles idle     (19.45%)
S1       16       165920635637 idle-cycles-backend       #    0.00% backend  cycles idle     (17.98%)
S1       16      1529404644309 L1-dcache-loads                                               (23.53%)
S1       16        15408408847 L1-dcache-load-misses                                         (28.84%)
S1       16        18662222373 L1-dcache-stores                                              (28.70%)
S1       16    <not supported> L1-dcache-store-misses  
S1       16                  0 L1-dcache-prefetch-misses                                     (28.63%)
S1       16         2060425098 L1-icache-load-misses                                         (27.55%)
S1       16        21507459600 LLC-loads                                                     (11.15%)
S1       16         8151300446 LLC-stores                                                    (10.99%)
S1       16    <not supported> LLC-prefetches          
S1       16      1630907609562 dTLB-loads                                                    (16.34%)
S1       16         1079218185 dTLB-load-misses                                              (16.09%)
S1       16    <not supported> dTLB-stores             
S1       16    <not supported> dTLB-store-misses       
S1       16      1442454513053 iTLB-loads                                                    (16.04%)
S1       16            1194553 iTLB-load-misses                                              (10.66%)
S1       16       481593498113 branch-loads                                                  (15.67%)
S1       16        47679952147 branch-load-misses                                            (21.07%)
S2       16           80120552 cache-misses                                                  (20.02%)
S2       16        31320624163 cycles                    #    0.000 GHz                      (20.83%)
S2       16         5292617215 instructions              #    0.00  insns per cycle          (27.33%)
S2       16              59329 cs                                                            (100.00%)
S2       16                813 migrations                                                    (100.00%)
S2       16              24819 faults                                                      
S2       16    <not supported> bus-cycles              
S2       16       214920775495 idle-cycles-frontend      #    0.00% frontend cycles idle     (19.52%)
S2       16        12628202448 idle-cycles-backend       #    0.00% backend  cycles idle     (17.34%)
S2       16         3701260491 L1-dcache-loads                                               (21.82%)
S2       16          154449152 L1-dcache-load-misses                                         (26.58%)
S2       16          307848287 L1-dcache-stores                                              (26.98%)
S2       16    <not supported> L1-dcache-store-misses  
S2       16                  0 L1-dcache-prefetch-misses                                     (27.37%)
S2       16           81980462 L1-icache-load-misses                                         (26.69%)
S2       16          337511770 LLC-loads                                                     (11.42%)
S2       16          245442227 LLC-stores                                                    (11.72%)
S2       16    <not supported> LLC-prefetches          
S2       16         3295502807 dTLB-loads                                                    (17.26%)
S2       16              93979 dTLB-load-misses                                              (17.03%)
S2       16    <not supported> dTLB-stores             
S2       16    <not supported> dTLB-store-misses       
S2       16         1426687301 iTLB-loads                                                    (17.00%)
S2       16              85201 iTLB-load-misses                                              (11.07%)
S2       16          896253489 branch-loads                                                  (16.25%)
S2       16           10867242 branch-load-misses                                            (21.64%)
S3       16          295217380 cache-misses                                                  (21.15%)
S3       16       107636005908 cycles                    #    0.000 GHz                      (18.79%)
S3       16        22658539297 instructions              #    0.00  insns per cycle          (27.88%)
S3       16             174574 cs                                                            (100.00%)
S3       16               2496 migrations                                                    (100.00%)
S3       16              46799 faults                                                      
S3       16    <not supported> bus-cycles              
S3       16       442033542004 idle-cycles-frontend      #    0.00% frontend cycles idle     (21.46%)
S3       16        54602248404 idle-cycles-backend       #    0.00% backend  cycles idle     (16.85%)
S3       16        16475945967 L1-dcache-loads                                               (24.11%)
S3       16          552373505 L1-dcache-load-misses                                         (24.68%)
S3       16         1624745572 L1-dcache-stores                                              (27.27%)
S3       16    <not supported> L1-dcache-store-misses  
S3       16                  0 L1-dcache-prefetch-misses                                     (21.90%)
S3       16          284850250 L1-icache-load-misses                                         (23.80%)
S3       16         1802576000 LLC-loads                                                     (16.48%)
S3       16         1449038643 LLC-stores                                                    (11.69%)
S3       16    <not supported> LLC-prefetches          
S3       16        17212577944 dTLB-loads                                                    (19.21%)
S3       16            1101449 dTLB-load-misses                                              (18.71%)
S3       16    <not supported> dTLB-stores             
S3       16    <not supported> dTLB-store-misses       
S3       16         6597850874 iTLB-loads                                                    (16.99%)
S3       16             465552 iTLB-load-misses                                              (10.89%)
S3       16         3986640351 branch-loads                                                  (16.51%)
S3       16           56261017 branch-load-misses                                            (22.04%)

     370.822289904 seconds time elapsed

#################################################################
# Test multi-threading - 48 threads - T5
#################################################################
2595794.SNAP-Scalability.batman.t48
Welcome to SNAP version 1.0beta.23.

Loading index from directory... 207s.  3137208264 bases, seed size 20
Aligning.
Total Reads    Aligned, MAPQ >= 10    Aligned, MAPQ < 10     Unaligned              Too Short/Too Many Ns     Reads/s   Time in Aligner (s)
11,945,249     11,307,498 (94.66%)    476,673 (3.99%)        161,078 (1.35%)        0 (0.00%)                 171,363   70

 Performance counter stats for './snap-aligner single /tmp/data/indexes/HG_index_snap /tmp/data/datasets/gcat_set_039_1.fastq -t 48 -o /scratch/077-hpca4se-bioinf/jlenis/results/SNAP-Scalability/2595794.SNAP-Scalability.batman.t48.sam':

S0       16         1620452808 cache-misses                                                  (21.77%)
S0       16      2937075017356 cycles                    #    0.000 GHz                      (21.69%)
S0       16      2459520117979 instructions              #   18.75  insns per cycle        
                                             #    0.01  stalled cycles per insn  (27.18%)
S0       16              84007 cs                                                            (100.00%)
S0       16                660 migrations                                                    (100.00%)
S0       16             290337 faults                                                      
S0       16    <not supported> bus-cycles              
S0       16       561467217176 idle-cycles-frontend      #  427.96% frontend cycles idle     (16.04%)
S0       16       306352702607 idle-cycles-backend       #  233.51% backend  cycles idle     (16.12%)
S0       16      1163751818002 L1-dcache-loads                                               (21.62%)
S0       16        13162329618 L1-dcache-load-misses     #   25.20% of all L1-dcache hits    (27.20%)
S0       16        16764735149 L1-dcache-stores                                              (27.31%)
S0       16    <not supported> L1-dcache-store-misses  
S0       16                  0 L1-dcache-prefetch-misses                                     (27.69%)
S0       16         1592029778 L1-icache-load-misses                                         (28.11%)
S0       16        16567943606 LLC-loads                                                     (12.06%)
S0       16         7188338527 LLC-stores                                                    (11.81%)
S0       16    <not supported> LLC-prefetches          
S0       16      1069358222133 dTLB-loads                                                    (17.63%)
S0       16          787563200 dTLB-load-misses          #    1.54% of all dTLB cache hits   (16.89%)
S0       16    <not supported> dTLB-stores             
S0       16    <not supported> dTLB-store-misses       
S0       16       930496323906 iTLB-loads                                                    (16.85%)
S0       16            1324601 iTLB-load-misses          #    0.00% of all iTLB cache hits   (10.97%)
S0       16       324701234355 branch-loads                                                  (16.43%)
S0       16        30251123920 branch-load-misses                                            (22.00%)
S1       16         1272767310 cache-misses                                                  (22.27%)
S1       16      2594159650281 cycles                    #    0.000 GHz                      (22.51%)
S1       16      2187452912012 instructions              #    0.00  insns per cycle          (28.31%)
S1       16              29885 cs                                                            (100.00%)
S1       16                194 migrations                                                    (100.00%)
S1       16             281631 faults                                                      
S1       16    <not supported> bus-cycles              
S1       16       259261040455 idle-cycles-frontend      #    0.00% frontend cycles idle     (17.01%)
S1       16       153618883121 idle-cycles-backend       #    0.00% backend  cycles idle     (16.79%)
S1       16      1069647952976 L1-dcache-loads                                               (21.90%)
S1       16        10602054514 L1-dcache-load-misses                                         (27.45%)
S1       16        12718459492 L1-dcache-stores                                              (27.22%)
S1       16    <not supported> L1-dcache-store-misses  
S1       16                  0 L1-dcache-prefetch-misses                                     (27.06%)
S1       16         1306425831 L1-icache-load-misses                                         (27.23%)
S1       16        13677166461 LLC-loads                                                     (11.29%)
S1       16         5218646535 LLC-stores                                                    (11.39%)
S1       16    <not supported> LLC-prefetches          
S1       16      1040214212804 dTLB-loads                                                    (16.95%)
S1       16          736700112 dTLB-load-misses                                              (16.90%)
S1       16    <not supported> dTLB-stores             
S1       16    <not supported> dTLB-store-misses       
S1       16       895567008940 iTLB-loads                                                    (16.72%)
S1       16            1349407 iTLB-load-misses                                              (10.85%)
S1       16       298794990512 branch-loads                                                  (16.32%)
S1       16        30134825360 branch-load-misses                                            (21.89%)
S2       16         1076754250 cache-misses                                                  (22.16%)
S2       16      2570977357988 cycles                    #    0.000 GHz                      (22.70%)
S2       16      2176774491608 instructions              #    0.00  insns per cycle          (28.32%)
S2       16              52950 cs                                                            (100.00%)
S2       16                366 migrations                                                    (100.00%)
S2       16             284346 faults                                                      
S2       16    <not supported> bus-cycles              
S2       16       267035044496 idle-cycles-frontend      #    0.00% frontend cycles idle     (17.35%)
S2       16       153175747135 idle-cycles-backend       #    0.00% backend  cycles idle     (17.03%)
S2       16      1034966691123 L1-dcache-loads                                               (22.53%)
S2       16        10208796633 L1-dcache-load-misses                                         (28.05%)
S2       16        12062030459 L1-dcache-stores                                              (28.02%)
S2       16    <not supported> L1-dcache-store-misses  
S2       16                  0 L1-dcache-prefetch-misses                                     (27.24%)
S2       16         1097461343 L1-icache-load-misses                                         (27.40%)
S2       16        13714794976 LLC-loads                                                     (10.88%)
S2       16         5561503739 LLC-stores                                                    (10.78%)
S2       16    <not supported> LLC-prefetches          
S2       16      1084217659394 dTLB-loads                                                    (16.26%)
S2       16          814739247 dTLB-load-misses                                              (16.55%)
S2       16    <not supported> dTLB-stores             
S2       16    <not supported> dTLB-store-misses       
S2       16       890178447742 iTLB-loads                                                    (16.79%)
S2       16            1281021 iTLB-load-misses                                              (11.13%)
S2       16       282924169995 branch-loads                                                  (17.03%)
S2       16        29016281279 branch-load-misses                                            (22.66%)
S3       16          261989689 cache-misses                                                  (22.53%)
S3       16       294342775747 cycles                    #    0.000 GHz                      (21.05%)
S3       16       156104523207 instructions              #    0.00  insns per cycle          (26.43%)
S3       16              85871 cs                                                            (100.00%)
S3       16               2578 migrations                                                    (100.00%)
S3       16              36229 faults                                                      
S3       16    <not supported> bus-cycles              
S3       16       460241504141 idle-cycles-frontend      #    0.00% frontend cycles idle     (17.40%)
S3       16       207831133530 idle-cycles-backend       #    0.00% backend  cycles idle     (16.28%)
S3       16        73975576638 L1-dcache-loads                                               (23.32%)
S3       16         2533124331 L1-dcache-load-misses                                         (26.62%)
S3       16         3787089217 L1-dcache-stores                                              (28.30%)
S3       16    <not supported> L1-dcache-store-misses  
S3       16                  0 L1-dcache-prefetch-misses                                     (25.86%)
S3       16          328879615 L1-icache-load-misses                                         (26.33%)
S3       16         4208392167 LLC-loads                                                     (13.11%)
S3       16         2023210772 LLC-stores                                                    (10.87%)
S3       16    <not supported> LLC-prefetches          
S3       16        74959481980 dTLB-loads                                                    (17.28%)
S3       16           11378627 dTLB-load-misses                                              (18.35%)
S3       16    <not supported> dTLB-stores             
S3       16    <not supported> dTLB-store-misses       
S3       16        37692255587 iTLB-loads                                                    (16.37%)
S3       16             518043 iTLB-load-misses                                              (11.18%)
S3       16        27427366496 branch-loads                                                  (16.60%)
S3       16          152963670 branch-load-misses                                            (22.69%)

     277.292721419 seconds time elapsed

#################################################################
# Test multi-threading - 64 threads - T6
#################################################################
2595794.SNAP-Scalability.batman.t64
Welcome to SNAP version 1.0beta.23.

Loading index from directory... 560s.  3137208264 bases, seed size 20
Aligning.
Total Reads    Aligned, MAPQ >= 10    Aligned, MAPQ < 10     Unaligned              Too Short/Too Many Ns     Reads/s   Time in Aligner (s)
11,945,249     11,307,498 (94.66%)    476,673 (3.99%)        161,078 (1.35%)        0 (0.00%)                 187,135   64

 Performance counter stats for './snap-aligner single /tmp/data/indexes/HG_index_snap /tmp/data/datasets/gcat_set_039_1.fastq -t 64 -o /scratch/077-hpca4se-bioinf/jlenis/results/SNAP-Scalability/2595794.SNAP-Scalability.batman.t64.sam':

S0       16         1811608710 cache-misses                                                  (21.77%)
S0       16      3154386577240 cycles                    #    0.000 GHz                      (21.48%)
S0       16      2514663986043 instructions              #   17.16  insns per cycle        
                                             #    0.02  stalled cycles per insn  (27.67%)
S0       16             135462 cs                                                            (100.00%)
S0       16               2104 migrations                                                    (100.00%)
S0       16             231629 faults                                                      
S0       16    <not supported> bus-cycles              
S0       16      1608992989223 idle-cycles-frontend      #  1098.10% frontend cycles idle     (17.56%)
S0       16       918390799060 idle-cycles-backend       #  626.78% backend  cycles idle     (16.80%)
S0       16      1149316503233 L1-dcache-loads                                               (23.45%)
S0       16        18396379948 L1-dcache-load-misses     #   33.04% of all L1-dcache hits    (27.02%)
S0       16        22941849458 L1-dcache-stores                                              (27.23%)
S0       16    <not supported> L1-dcache-store-misses  
S0       16                  0 L1-dcache-prefetch-misses                                     (24.86%)
S0       16         1780984394 L1-icache-load-misses                                         (26.32%)
S0       16        24892137513 LLC-loads                                                     (13.41%)
S0       16         8494163887 LLC-stores                                                    (12.99%)
S0       16    <not supported> LLC-prefetches          
S0       16      1175137898176 dTLB-loads                                                    (18.20%)
S0       16          546882222 dTLB-load-misses          #    0.96% of all dTLB cache hits   (17.17%)
S0       16    <not supported> dTLB-stores             
S0       16    <not supported> dTLB-store-misses       
S0       16       854795694615 iTLB-loads                                                    (16.37%)
S0       16            1482819 iTLB-load-misses          #    0.00% of all iTLB cache hits   (10.92%)
S0       16       366532214402 branch-loads                                                  (16.58%)
S0       16        22567905926 branch-load-misses                                            (22.37%)
S1       16         1119735734 cache-misses                                                  (21.62%)
S1       16      2054695278062 cycles                    #    0.000 GHz                      (21.91%)
S1       16      1725887624299 instructions              #    0.00  insns per cycle          (27.48%)
S1       16             114857 cs                                                            (100.00%)
S1       16                989 migrations                                                    (100.00%)
S1       16             244149 faults                                                      
S1       16    <not supported> bus-cycles              
S1       16       434687183778 idle-cycles-frontend      #    0.00% frontend cycles idle     (16.65%)
S1       16       139989105348 idle-cycles-backend       #    0.00% backend  cycles idle     (16.69%)
S1       16       810993177112 L1-dcache-loads                                               (22.22%)
S1       16         8228710517 L1-dcache-load-misses                                         (27.93%)
S1       16        10143846951 L1-dcache-stores                                              (28.08%)
S1       16    <not supported> L1-dcache-store-misses  
S1       16                  0 L1-dcache-prefetch-misses                                     (28.39%)
S1       16         1067762487 L1-icache-load-misses                                         (28.47%)
S1       16        11069034868 LLC-loads                                                     (11.41%)
S1       16         4545260304 LLC-stores                                                    (11.32%)
S1       16    <not supported> LLC-prefetches          
S1       16       811681115365 dTLB-loads                                                    (16.66%)
S1       16          569622888 dTLB-load-misses                                              (16.41%)
S1       16    <not supported> dTLB-stores             
S1       16    <not supported> dTLB-store-misses       
S1       16       698463870248 iTLB-loads                                                    (16.33%)
S1       16            1568602 iTLB-load-misses                                              (10.80%)
S1       16       231929330953 branch-loads                                                  (16.10%)
S1       16        23246422620 branch-load-misses                                            (21.57%)
S2       16          982137858 cache-misses                                                  (21.95%)
S2       16      1971972969167 cycles                    #    0.000 GHz                      (22.39%)
S2       16      1680092781970 instructions              #    0.00  insns per cycle          (28.02%)
S2       16              85039 cs                                                            (100.00%)
S2       16               1341 migrations                                                    (100.00%)
S2       16             236246 faults                                                      
S2       16    <not supported> bus-cycles              
S2       16       347493646846 idle-cycles-frontend      #    0.00% frontend cycles idle     (17.02%)
S2       16       114199773556 idle-cycles-backend       #    0.00% backend  cycles idle     (17.11%)
S2       16       781872139996 L1-dcache-loads                                               (22.82%)
S2       16         7784342945 L1-dcache-load-misses                                         (28.51%)
S2       16         9242842032 L1-dcache-stores                                              (28.33%)
S2       16    <not supported> L1-dcache-store-misses  
S2       16                  0 L1-dcache-prefetch-misses                                     (28.26%)
S2       16          960244421 L1-icache-load-misses                                         (28.16%)
S2       16        10413327559 LLC-loads                                                     (11.11%)
S2       16         4154629954 LLC-stores                                                    (10.84%)
S2       16    <not supported> LLC-prefetches          
S2       16       832280418513 dTLB-loads                                                    (16.13%)
S2       16          635203194 dTLB-load-misses                                              (16.17%)
S2       16    <not supported> dTLB-stores             
S2       16    <not supported> dTLB-store-misses       
S2       16       703375999258 iTLB-loads                                                    (16.23%)
S2       16            1441088 iTLB-load-misses                                              (10.76%)
S2       16       228173536291 branch-loads                                                  (16.20%)
S2       16        22890781801 branch-load-misses                                            (21.89%)
S3       16         1611587061 cache-misses                                                  (20.91%)
S3       16      2196540818185 cycles                    #    0.000 GHz                      (21.58%)
S3       16      1783497993311 instructions              #    0.00  insns per cycle          (27.14%)
S3       16             156398 cs                                                            (100.00%)
S3       16               2273 migrations                                                    (100.00%)
S3       16             263972 faults                                                      
S3       16    <not supported> bus-cycles              
S3       16       588276098517 idle-cycles-frontend      #    0.00% frontend cycles idle     (18.69%)
S3       16       216609088059 idle-cycles-backend       #    0.00% backend  cycles idle     (16.69%)
S3       16       820792834522 L1-dcache-loads                                               (22.38%)
S3       16         9292553984 L1-dcache-load-misses                                         (27.67%)
S3       16        11904543695 L1-dcache-stores                                              (28.35%)
S3       16    <not supported> L1-dcache-store-misses  
S3       16                  0 L1-dcache-prefetch-misses                                     (28.67%)
S3       16         1376151675 L1-icache-load-misses                                         (27.42%)
S3       16        13494718542 LLC-loads                                                     (11.23%)
S3       16         6103805260 LLC-stores                                                    (11.11%)
S3       16    <not supported> LLC-prefetches          
S3       16       827470104057 dTLB-loads                                                    (16.75%)
S3       16          602202580 dTLB-load-misses                                              (16.82%)
S3       16    <not supported> dTLB-stores             
S3       16    <not supported> dTLB-store-misses       
S3       16       698184689348 iTLB-loads                                                    (16.19%)
S3       16            2245314 iTLB-load-misses                                              (10.68%)
S3       16       242549082049 branch-loads                                                  (15.95%)
S3       16        23476431166 branch-load-misses                                            (21.26%)

     624.255569455 seconds time elapsed

#################################################################
#################################################################
