mkdir: cannot create directory `/scratch/077-hpca4se-bioinf/jlenis/results/GEM-Interleave': File exists
> Benchmarks for GEM3 : gcat_set_039_1
batman
#################################################################
# Warm up - 64 threads - T1
#################################################################
WarmUp.2595651.GEM-Interleave.batman.t64
2016/9/28 20:16:40 -- [Opening input file '/tmp/data/datasets/gcat_set_039_1.fastq']
2016/9/28 20:16:40 -- [Outputting to '/scratch/077-hpca4se-bioinf/jlenis/results/GEM-Interleave/WarmUp.2595651.GEM-Interleave.batman.t64.sam']
2016/9/28 20:16:40 -- [Loading GEM index '/tmp/data/indexes/HG_index_GEM/index.gem']
2016/9/28 20:18:13 -- [SE::Mapping Sequences]
2016/9/28 20:18:32 -- # 100000 sequences processed
2016/9/28 20:18:32 -- # 200000 sequences processed
2016/9/28 20:18:32 -- # 300000 sequences processed
2016/9/28 20:18:32 -- # 400000 sequences processed
2016/9/28 20:18:32 -- # 500000 sequences processed
2016/9/28 20:18:32 -- # 600000 sequences processed
2016/9/28 20:18:32 -- # 700000 sequences processed
2016/9/28 20:18:32 -- # 800000 sequences processed
2016/9/28 20:18:32 -- # 900000 sequences processed
2016/9/28 20:18:32 -- # 1000000 sequences processed
2016/9/28 20:18:33 -- # 1100000 sequences processed
2016/9/28 20:18:33 -- # 1200000 sequences processed
2016/9/28 20:18:33 -- # 1300000 sequences processed
2016/9/28 20:18:33 -- # 1400000 sequences processed
2016/9/28 20:18:33 -- # 1500000 sequences processed
2016/9/28 20:18:33 -- # 1600000 sequences processed
2016/9/28 20:18:33 -- # 1700000 sequences processed
2016/9/28 20:18:33 -- # 1800000 sequences processed
2016/9/28 20:18:33 -- # 1900000 sequences processed
2016/9/28 20:18:33 -- # 2000000 sequences processed
2016/9/28 20:18:33 -- # 2100000 sequences processed
2016/9/28 20:18:34 -- # 2200000 sequences processed
2016/9/28 20:18:34 -- # 2300000 sequences processed
2016/9/28 20:18:34 -- # 2400000 sequences processed
2016/9/28 20:18:34 -- # 2500000 sequences processed
2016/9/28 20:18:34 -- # 2600000 sequences processed
2016/9/28 20:18:34 -- # 2700000 sequences processed
2016/9/28 20:18:34 -- # 2800000 sequences processed
2016/9/28 20:18:34 -- # 2900000 sequences processed
2016/9/28 20:18:34 -- # 3000000 sequences processed
2016/9/28 20:18:34 -- # 3100000 sequences processed
2016/9/28 20:18:34 -- # 3200000 sequences processed
2016/9/28 20:18:34 -- # 3300000 sequences processed
2016/9/28 20:18:34 -- # 3400000 sequences processed
2016/9/28 20:18:34 -- # 3500000 sequences processed
2016/9/28 20:18:35 -- # 3600000 sequences processed
2016/9/28 20:18:35 -- # 3700000 sequences processed
2016/9/28 20:18:35 -- # 3800000 sequences processed
2016/9/28 20:18:35 -- # 3900000 sequences processed
2016/9/28 20:18:35 -- # 4000000 sequences processed
2016/9/28 20:18:36 -- # 4100000 sequences processed
2016/9/28 20:18:36 -- # 4200000 sequences processed
2016/9/28 20:18:36 -- # 4300000 sequences processed
2016/9/28 20:18:37 -- # 4400000 sequences processed
2016/9/28 20:18:37 -- # 4500000 sequences processed
2016/9/28 20:18:37 -- # 4600000 sequences processed
2016/9/28 20:18:37 -- # 4700000 sequences processed
2016/9/28 20:18:37 -- # 4800000 sequences processed
2016/9/28 20:18:37 -- # 4900000 sequences processed
2016/9/28 20:18:37 -- # 5000000 sequences processed
2016/9/28 20:18:37 -- # 5100000 sequences processed
2016/9/28 20:18:37 -- # 5200000 sequences processed
2016/9/28 20:18:37 -- # 5300000 sequences processed
2016/9/28 20:18:37 -- # 5400000 sequences processed
2016/9/28 20:18:37 -- # 5500000 sequences processed
2016/9/28 20:18:37 -- # 5600000 sequences processed
2016/9/28 20:18:38 -- # 5700000 sequences processed
2016/9/28 20:18:38 -- # 5800000 sequences processed
2016/9/28 20:18:38 -- # 5900000 sequences processed
2016/9/28 20:18:38 -- # 6000000 sequences processed
2016/9/28 20:18:39 -- # 6100000 sequences processed
2016/9/28 20:18:41 -- # 6200000 sequences processed
2016/9/28 20:18:41 -- # 6300000 sequences processed
2016/9/28 20:18:42 -- # 6400000 sequences processed
2016/9/28 20:18:42 -- # 6500000 sequences processed
2016/9/28 20:18:42 -- # 6600000 sequences processed
2016/9/28 20:18:42 -- # 6700000 sequences processed
2016/9/28 20:18:42 -- # 6800000 sequences processed
2016/9/28 20:18:42 -- # 6900000 sequences processed
2016/9/28 20:18:42 -- # 7000000 sequences processed
2016/9/28 20:18:42 -- # 7100000 sequences processed
2016/9/28 20:18:42 -- # 7200000 sequences processed
2016/9/28 20:18:42 -- # 7300000 sequences processed
2016/9/28 20:18:43 -- # 7400000 sequences processed
2016/9/28 20:18:43 -- # 7500000 sequences processed
2016/9/28 20:18:43 -- # 7600000 sequences processed
2016/9/28 20:18:43 -- # 7700000 sequences processed
2016/9/28 20:18:43 -- # 7800000 sequences processed
2016/9/28 20:18:43 -- # 7900000 sequences processed
2016/9/28 20:18:43 -- # 8000000 sequences processed
2016/9/28 20:18:43 -- # 8100000 sequences processed
2016/9/28 20:18:43 -- # 8200000 sequences processed
2016/9/28 20:18:43 -- # 8300000 sequences processed
2016/9/28 20:18:44 -- # 8400000 sequences processed
2016/9/28 20:18:44 -- # 8500000 sequences processed
2016/9/28 20:18:44 -- # 8600000 sequences processed
2016/9/28 20:18:44 -- # 8700000 sequences processed
2016/9/28 20:18:44 -- # 8800000 sequences processed
2016/9/28 20:18:44 -- # 8900000 sequences processed
2016/9/28 20:18:44 -- # 9000000 sequences processed
2016/9/28 20:18:44 -- # 9100000 sequences processed
2016/9/28 20:18:44 -- # 9200000 sequences processed
2016/9/28 20:18:44 -- # 9300000 sequences processed
2016/9/28 20:18:44 -- # 9400000 sequences processed
2016/9/28 20:18:44 -- # 9500000 sequences processed
2016/9/28 20:18:44 -- # 9600000 sequences processed
2016/9/28 20:18:44 -- # 9700000 sequences processed
2016/9/28 20:18:44 -- # 9800000 sequences processed
2016/9/28 20:18:44 -- # 9900000 sequences processed
2016/9/28 20:18:44 -- # 10000000 sequences processed
2016/9/28 20:18:44 -- # 10100000 sequences processed
2016/9/28 20:18:44 -- # 10200000 sequences processed
2016/9/28 20:18:44 -- # 10300000 sequences processed
2016/9/28 20:18:45 -- # 10400000 sequences processed
2016/9/28 20:18:45 -- # 10500000 sequences processed
2016/9/28 20:18:45 -- # 10600000 sequences processed
2016/9/28 20:18:45 -- # 10700000 sequences processed
2016/9/28 20:18:45 -- # 10800000 sequences processed
2016/9/28 20:18:45 -- # 10900000 sequences processed
2016/9/28 20:18:45 -- # 11000000 sequences processed
2016/9/28 20:18:45 -- # 11100000 sequences processed
2016/9/28 20:18:45 -- # 11200000 sequences processed
2016/9/28 20:18:45 -- # 11300000 sequences processed
2016/9/28 20:18:45 -- # 11400000 sequences processed
2016/9/28 20:18:45 -- # 11500000 sequences processed
2016/9/28 20:18:45 -- # 11600000 sequences processed
2016/9/28 20:18:45 -- # 11700000 sequences processed
2016/9/28 20:18:45 -- # 11800000 sequences processed
2016/9/28 20:18:45 -- # 11900000 sequences processed
2016/9/28 20:18:45 -- Total 11945249 sequences processed... done
2016/9/28 20:18:46 -- [GEMMapper terminated successfully in 32s. (+93s. loading)]

#################################################################
# Test multi-threading - 8 threads - T2
#################################################################
2595651.GEM-Interleave.batman.t8
2016/9/28 20:18:46 -- [Opening input file '/tmp/data/datasets/gcat_set_039_1.fastq']
2016/9/28 20:18:46 -- [Outputting to '/scratch/077-hpca4se-bioinf/jlenis/results/GEM-Interleave/2595651.GEM-Interleave.batman.t8.sam']
2016/9/28 20:18:46 -- [Loading GEM index '/tmp/data/indexes/HG_index_GEM/index.gem']
2016/9/28 20:20:14 -- [SE::Mapping Sequences]
2016/9/28 20:20:34 -- # 100000 sequences processed
2016/9/28 20:20:34 -- # 200000 sequences processed
2016/9/28 20:20:34 -- # 300000 sequences processed
2016/9/28 20:20:34 -- # 400000 sequences processed
2016/9/28 20:20:34 -- # 500000 sequences processed
2016/9/28 20:20:34 -- # 600000 sequences processed
2016/9/28 20:20:34 -- # 700000 sequences processed
2016/9/28 20:20:35 -- # 800000 sequences processed
2016/9/28 20:20:42 -- # 900000 sequences processed
2016/9/28 20:20:42 -- # 1000000 sequences processed
2016/9/28 20:20:42 -- # 1100000 sequences processed
2016/9/28 20:20:42 -- # 1200000 sequences processed
2016/9/28 20:20:42 -- # 1300000 sequences processed
2016/9/28 20:20:42 -- # 1400000 sequences processed
2016/9/28 20:20:42 -- # 1500000 sequences processed
2016/9/28 20:20:44 -- # 1600000 sequences processed
2016/9/28 20:20:50 -- # 1700000 sequences processed
2016/9/28 20:20:50 -- # 1800000 sequences processed
2016/9/28 20:20:50 -- # 1900000 sequences processed
2016/9/28 20:20:50 -- # 2000000 sequences processed
2016/9/28 20:20:50 -- # 2100000 sequences processed
2016/9/28 20:20:50 -- # 2200000 sequences processed
2016/9/28 20:20:51 -- # 2300000 sequences processed
2016/9/28 20:20:52 -- # 2400000 sequences processed
2016/9/28 20:20:58 -- # 2500000 sequences processed
2016/9/28 20:20:58 -- # 2600000 sequences processed
2016/9/28 20:20:58 -- # 2700000 sequences processed
2016/9/28 20:20:58 -- # 2800000 sequences processed
2016/9/28 20:20:58 -- # 2900000 sequences processed
2016/9/28 20:20:59 -- # 3000000 sequences processed
2016/9/28 20:20:59 -- # 3100000 sequences processed
2016/9/28 20:21:00 -- # 3200000 sequences processed
2016/9/28 20:21:07 -- # 3300000 sequences processed
2016/9/28 20:21:07 -- # 3400000 sequences processed
2016/9/28 20:21:07 -- # 3500000 sequences processed
2016/9/28 20:21:07 -- # 3600000 sequences processed
2016/9/28 20:21:07 -- # 3700000 sequences processed
2016/9/28 20:21:07 -- # 3800000 sequences processed
2016/9/28 20:21:07 -- # 3900000 sequences processed
2016/9/28 20:21:08 -- # 4000000 sequences processed
2016/9/28 20:21:14 -- # 4100000 sequences processed
2016/9/28 20:21:14 -- # 4200000 sequences processed
2016/9/28 20:21:15 -- # 4300000 sequences processed
2016/9/28 20:21:15 -- # 4400000 sequences processed
2016/9/28 20:21:15 -- # 4500000 sequences processed
2016/9/28 20:21:15 -- # 4600000 sequences processed
2016/9/28 20:21:15 -- # 4700000 sequences processed
2016/9/28 20:21:16 -- # 4800000 sequences processed
2016/9/28 20:21:22 -- # 4900000 sequences processed
2016/9/28 20:21:22 -- # 5000000 sequences processed
2016/9/28 20:21:22 -- # 5100000 sequences processed
2016/9/28 20:21:23 -- # 5200000 sequences processed
2016/9/28 20:21:23 -- # 5300000 sequences processed
2016/9/28 20:21:23 -- # 5400000 sequences processed
2016/9/28 20:21:23 -- # 5500000 sequences processed
2016/9/28 20:21:24 -- # 5600000 sequences processed
2016/9/28 20:21:30 -- # 5700000 sequences processed
2016/9/28 20:21:30 -- # 5800000 sequences processed
2016/9/28 20:21:30 -- # 5900000 sequences processed
2016/9/28 20:21:30 -- # 6000000 sequences processed
2016/9/28 20:21:30 -- # 6100000 sequences processed
2016/9/28 20:21:31 -- # 6200000 sequences processed
2016/9/28 20:21:31 -- # 6300000 sequences processed
2016/9/28 20:21:32 -- # 6400000 sequences processed
2016/9/28 20:21:38 -- # 6500000 sequences processed
2016/9/28 20:21:38 -- # 6600000 sequences processed
2016/9/28 20:21:38 -- # 6700000 sequences processed
2016/9/28 20:21:38 -- # 6800000 sequences processed
2016/9/28 20:21:38 -- # 6900000 sequences processed
2016/9/28 20:21:38 -- # 7000000 sequences processed
2016/9/28 20:21:38 -- # 7100000 sequences processed
2016/9/28 20:21:40 -- # 7200000 sequences processed
2016/9/28 20:21:46 -- # 7300000 sequences processed
2016/9/28 20:21:46 -- # 7400000 sequences processed
2016/9/28 20:21:46 -- # 7500000 sequences processed
2016/9/28 20:21:46 -- # 7600000 sequences processed
2016/9/28 20:21:46 -- # 7700000 sequences processed
2016/9/28 20:21:46 -- # 7800000 sequences processed
2016/9/28 20:21:46 -- # 7900000 sequences processed
2016/9/28 20:21:48 -- # 8000000 sequences processed
2016/9/28 20:21:54 -- # 8100000 sequences processed
2016/9/28 20:21:54 -- # 8200000 sequences processed
2016/9/28 20:21:54 -- # 8300000 sequences processed
2016/9/28 20:21:54 -- # 8400000 sequences processed
2016/9/28 20:21:54 -- # 8500000 sequences processed
2016/9/28 20:21:54 -- # 8600000 sequences processed
2016/9/28 20:21:54 -- # 8700000 sequences processed
2016/9/28 20:21:56 -- # 8800000 sequences processed
2016/9/28 20:22:02 -- # 8900000 sequences processed
2016/9/28 20:22:02 -- # 9000000 sequences processed
2016/9/28 20:22:02 -- # 9100000 sequences processed
2016/9/28 20:22:02 -- # 9200000 sequences processed
2016/9/28 20:22:02 -- # 9300000 sequences processed
2016/9/28 20:22:02 -- # 9400000 sequences processed
2016/9/28 20:22:02 -- # 9500000 sequences processed
2016/9/28 20:22:03 -- # 9600000 sequences processed
2016/9/28 20:22:10 -- # 9700000 sequences processed
2016/9/28 20:22:10 -- # 9800000 sequences processed
2016/9/28 20:22:10 -- # 9900000 sequences processed
2016/9/28 20:22:10 -- # 10000000 sequences processed
2016/9/28 20:22:10 -- # 10100000 sequences processed
2016/9/28 20:22:10 -- # 10200000 sequences processed
2016/9/28 20:22:10 -- # 10300000 sequences processed
2016/9/28 20:22:11 -- # 10400000 sequences processed
2016/9/28 20:22:18 -- # 10500000 sequences processed
2016/9/28 20:22:18 -- # 10600000 sequences processed
2016/9/28 20:22:18 -- # 10700000 sequences processed
2016/9/28 20:22:18 -- # 10800000 sequences processed
2016/9/28 20:22:18 -- # 10900000 sequences processed
2016/9/28 20:22:18 -- # 11000000 sequences processed
2016/9/28 20:22:18 -- # 11100000 sequences processed
2016/9/28 20:22:19 -- # 11200000 sequences processed
2016/9/28 20:22:25 -- # 11300000 sequences processed
2016/9/28 20:22:25 -- # 11400000 sequences processed
2016/9/28 20:22:26 -- # 11500000 sequences processed
2016/9/28 20:22:26 -- # 11600000 sequences processed
2016/9/28 20:22:26 -- # 11700000 sequences processed
2016/9/28 20:22:26 -- # 11800000 sequences processed
2016/9/28 20:22:26 -- # 11900000 sequences processed
2016/9/28 20:22:26 -- Total 11945249 sequences processed... done
2016/9/28 20:22:27 -- [GEMMapper terminated successfully in 132s. (+88s. loading)]


 Performance counter stats for 'numactl --interleave=0,1 --physcpubind=0-7 bin/gem-mapper -t 8 -I /tmp/data/indexes/HG_index_GEM/index.gem -i /tmp/data/datasets/gcat_set_039_1.fastq -o /scratch/077-hpca4se-bioinf/jlenis/results/GEM-Interleave/2595651.GEM-Interleave.batman.t8.sam':

S0       16         5964805797 cache-misses                                                  (21.61%)
S0       16      2466558307094 cycles                    #    0.000 GHz                      (20.98%)
S0       16      2683805501672 instructions              #   67.39  insns per cycle        
                                             #    0.01  stalled cycles per insn  (27.47%)
S0       16             373340 cs                                                            (100.00%)
S0       16               1068 migrations                                                    (100.00%)
S0       16              97272 faults                                                      
S0       16    <not supported> bus-cycles              
S0       16       492055593128 idle-cycles-frontend      #  1235.49% frontend cycles idle     (17.33%)
S0       16       295402116443 idle-cycles-backend       #  741.72% backend  cycles idle     (16.96%)
S0       16       998151202534 L1-dcache-loads                                               (23.43%)
S0       16        13099944437 L1-dcache-load-misses     #   83.11% of all L1-dcache hits    (26.91%)
S0       16        16257649649 L1-dcache-stores                                              (28.11%)
S0       16    <not supported> L1-dcache-store-misses  
S0       16                  0 L1-dcache-prefetch-misses                                     (26.18%)
S0       16         5710293366 L1-icache-load-misses                                         (28.48%)
S0       16        22017462801 LLC-loads                                                     (13.11%)
S0       16         6314361318 LLC-stores                                                    (10.64%)
S0       16    <not supported> LLC-prefetches          
S0       16      1012249830906 dTLB-loads                                                    (17.05%)
S0       16          925901648 dTLB-load-misses          #    5.80% of all dTLB cache hits   (16.84%)
S0       16    <not supported> dTLB-stores             
S0       16    <not supported> dTLB-store-misses       
S0       16       545563484508 iTLB-loads                                                    (16.03%)
S0       16             257282 iTLB-load-misses          #    0.00% of all iTLB cache hits   (11.05%)
S0       16       238054235521 branch-loads                                                  (16.35%)
S0       16         6118403408 branch-load-misses                                            (22.45%)
S1       16           67648057 cache-misses                                                  (20.83%)
S1       16        27472271677 cycles                    #    0.000 GHz                      (20.85%)
S1       16         4678294875 instructions              #    0.00  insns per cycle          (25.73%)
S1       16              13702 cs                                                            (100.00%)
S1       16                274 migrations                                                    (100.00%)
S1       16               8545 faults                                                      
S1       16    <not supported> bus-cycles              
S1       16       216718784275 idle-cycles-frontend      #    0.00% frontend cycles idle     (17.79%)
S1       16         9564522376 idle-cycles-backend       #    0.00% backend  cycles idle     (17.00%)
S1       16         2527222087 L1-dcache-loads                                               (22.72%)
S1       16          140469004 L1-dcache-load-misses                                         (28.61%)
S1       16          156093012 L1-dcache-stores                                              (28.66%)
S1       16    <not supported> L1-dcache-store-misses  
S1       16                  0 L1-dcache-prefetch-misses                                     (28.16%)
S1       16           59112377 L1-icache-load-misses                                         (28.93%)
S1       16          102398513 LLC-loads                                                     (12.17%)
S1       16           90577471 LLC-stores                                                    (11.20%)
S1       16    <not supported> LLC-prefetches          
S1       16         1859371216 dTLB-loads                                                    (16.77%)
S1       16              46275 dTLB-load-misses                                              (16.68%)
S1       16    <not supported> dTLB-stores             
S1       16    <not supported> dTLB-store-misses       
S1       16         1397713879 iTLB-loads                                                    (16.11%)
S1       16              39168 iTLB-load-misses                                              (10.28%)
S1       16          997319876 branch-loads                                                  (15.62%)
S1       16           10131140 branch-load-misses                                            (20.67%)
S2       16           84131666 cache-misses                                                  (20.93%)
S2       16        27608843202 cycles                    #    0.000 GHz                      (21.21%)
S2       16         5644450829 instructions              #    0.00  insns per cycle          (26.89%)
S2       16              48275 cs                                                            (100.00%)
S2       16                775 migrations                                                    (100.00%)
S2       16              15731 faults                                                      
S2       16    <not supported> bus-cycles              
S2       16       195736411157 idle-cycles-frontend      #    0.00% frontend cycles idle     (16.93%)
S2       16         8051722422 idle-cycles-backend       #    0.00% backend  cycles idle     (16.84%)
S2       16         2312841594 L1-dcache-loads                                               (22.47%)
S2       16          106511549 L1-dcache-load-misses                                         (28.16%)
S2       16          115068570 L1-dcache-stores                                              (27.90%)
S2       16    <not supported> L1-dcache-store-misses  
S2       16                  0 L1-dcache-prefetch-misses                                     (27.62%)
S2       16           62255481 L1-icache-load-misses                                         (27.92%)
S2       16          154706624 LLC-loads                                                     (11.25%)
S2       16           84527045 LLC-stores                                                    (11.37%)
S2       16    <not supported> LLC-prefetches          
S2       16         1952479178 dTLB-loads                                                    (17.06%)
S2       16             203234 dTLB-load-misses                                              (17.03%)
S2       16    <not supported> dTLB-stores             
S2       16    <not supported> dTLB-store-misses       
S2       16         2378799232 iTLB-loads                                                    (17.45%)
S2       16             209967 iTLB-load-misses                                              (11.46%)
S2       16         1789758645 branch-loads                                                  (16.39%)
S2       16           13629538 branch-load-misses                                            (21.61%)
S3       16          193159875 cache-misses                                                  (22.02%)
S3       16        27281002440 cycles                    #    0.000 GHz                      (22.39%)
S3       16         9566001603 instructions              #    0.00  insns per cycle          (27.80%)
S3       16              42917 cs                                                            (100.00%)
S3       16                870 migrations                                                    (100.00%)
S3       16              13324 faults                                                      
S3       16    <not supported> bus-cycles              
S3       16       132920168188 idle-cycles-frontend      #    0.00% frontend cycles idle     (17.75%)
S3       16        10082507142 idle-cycles-backend       #    0.00% backend  cycles idle     (16.10%)
S3       16         5772944115 L1-dcache-loads                                               (21.49%)
S3       16          283083165 L1-dcache-load-misses                                         (27.29%)
S3       16          292507336 L1-dcache-stores                                              (27.75%)
S3       16    <not supported> L1-dcache-store-misses  
S3       16                  0 L1-dcache-prefetch-misses                                     (27.45%)
S3       16          180514262 L1-icache-load-misses                                         (27.38%)
S3       16          476465987 LLC-loads                                                     (11.05%)
S3       16          101422306 LLC-stores                                                    (11.74%)
S3       16    <not supported> LLC-prefetches          
S3       16         5952898295 dTLB-loads                                                    (17.34%)
S3       16             355428 dTLB-load-misses                                              (16.93%)
S3       16    <not supported> dTLB-stores             
S3       16    <not supported> dTLB-store-misses       
S3       16         4402809811 iTLB-loads                                                    (16.09%)
S3       16              66716 iTLB-load-misses                                              (11.12%)
S3       16         1900450397 branch-loads                                                  (16.52%)
S3       16           71400812 branch-load-misses                                            (22.03%)

     221.025590419 seconds time elapsed

#################################################################
# Test multi-threading - 16 threads - T3
#################################################################
2595651.GEM-Interleave.batman.t16
2016/9/28 20:22:27 -- [Opening input file '/tmp/data/datasets/gcat_set_039_1.fastq']
2016/9/28 20:22:27 -- [Outputting to '/scratch/077-hpca4se-bioinf/jlenis/results/GEM-Interleave/2595651.GEM-Interleave.batman.t16.sam']
2016/9/28 20:22:27 -- [Loading GEM index '/tmp/data/indexes/HG_index_GEM/index.gem']
2016/9/28 20:24:12 -- [SE::Mapping Sequences]
2016/9/28 20:25:28 -- # 100000 sequences processed
2016/9/28 20:25:29 -- # 200000 sequences processed
2016/9/28 20:25:29 -- # 300000 sequences processed
2016/9/28 20:25:29 -- # 400000 sequences processed
2016/9/28 20:25:29 -- # 500000 sequences processed
2016/9/28 20:25:31 -- # 600000 sequences processed
2016/9/28 20:25:31 -- # 700000 sequences processed
2016/9/28 20:25:32 -- # 800000 sequences processed
2016/9/28 20:25:33 -- # 900000 sequences processed
2016/9/28 20:25:33 -- # 1000000 sequences processed
2016/9/28 20:25:33 -- # 1100000 sequences processed
2016/9/28 20:25:33 -- # 1200000 sequences processed
2016/9/28 20:25:33 -- # 1300000 sequences processed
2016/9/28 20:25:33 -- # 1400000 sequences processed
2016/9/28 20:25:34 -- # 1500000 sequences processed
2016/9/28 20:25:34 -- # 1600000 sequences processed
2016/9/28 20:25:36 -- # 1700000 sequences processed
2016/9/28 20:25:36 -- # 1800000 sequences processed
2016/9/28 20:25:36 -- # 1900000 sequences processed
2016/9/28 20:25:36 -- # 2000000 sequences processed
2016/9/28 20:25:37 -- # 2100000 sequences processed
2016/9/28 20:25:41 -- # 2200000 sequences processed
2016/9/28 20:25:43 -- # 2300000 sequences processed
2016/9/28 20:25:43 -- # 2400000 sequences processed
2016/9/28 20:25:44 -- # 2500000 sequences processed
2016/9/28 20:25:44 -- # 2600000 sequences processed
2016/9/28 20:25:44 -- # 2700000 sequences processed
2016/9/28 20:25:44 -- # 2800000 sequences processed
2016/9/28 20:25:44 -- # 2900000 sequences processed
2016/9/28 20:25:44 -- # 3000000 sequences processed
2016/9/28 20:25:44 -- # 3100000 sequences processed
2016/9/28 20:25:44 -- # 3200000 sequences processed
2016/9/28 20:25:44 -- # 3300000 sequences processed
2016/9/28 20:25:44 -- # 3400000 sequences processed
2016/9/28 20:25:45 -- # 3500000 sequences processed
2016/9/28 20:25:45 -- # 3600000 sequences processed
2016/9/28 20:25:46 -- # 3700000 sequences processed
2016/9/28 20:25:50 -- # 3800000 sequences processed
2016/9/28 20:25:51 -- # 3900000 sequences processed
2016/9/28 20:25:51 -- # 4000000 sequences processed
2016/9/28 20:25:52 -- # 4100000 sequences processed
2016/9/28 20:25:52 -- # 4200000 sequences processed
2016/9/28 20:25:53 -- # 4300000 sequences processed
2016/9/28 20:25:53 -- # 4400000 sequences processed
2016/9/28 20:25:53 -- # 4500000 sequences processed
2016/9/28 20:25:56 -- # 4600000 sequences processed
2016/9/28 20:25:56 -- # 4700000 sequences processed
2016/9/28 20:25:56 -- # 4800000 sequences processed
2016/9/28 20:25:56 -- # 4900000 sequences processed
2016/9/28 20:25:56 -- # 5000000 sequences processed
2016/9/28 20:25:57 -- # 5100000 sequences processed
2016/9/28 20:25:57 -- # 5200000 sequences processed
2016/9/28 20:25:58 -- # 5300000 sequences processed
2016/9/28 20:25:58 -- # 5400000 sequences processed
2016/9/28 20:25:58 -- # 5500000 sequences processed
2016/9/28 20:25:59 -- # 5600000 sequences processed
2016/9/28 20:25:59 -- # 5700000 sequences processed
2016/9/28 20:25:59 -- # 5800000 sequences processed
2016/9/28 20:26:01 -- # 5900000 sequences processed
2016/9/28 20:26:01 -- # 6000000 sequences processed
2016/9/28 20:26:05 -- # 6100000 sequences processed
2016/9/28 20:26:05 -- # 6200000 sequences processed
2016/9/28 20:26:05 -- # 6300000 sequences processed
2016/9/28 20:26:06 -- # 6400000 sequences processed
2016/9/28 20:26:06 -- # 6500000 sequences processed
2016/9/28 20:26:07 -- # 6600000 sequences processed
2016/9/28 20:26:08 -- # 6700000 sequences processed
2016/9/28 20:26:08 -- # 6800000 sequences processed
2016/9/28 20:26:08 -- # 6900000 sequences processed
2016/9/28 20:26:08 -- # 7000000 sequences processed
2016/9/28 20:26:09 -- # 7100000 sequences processed
2016/9/28 20:26:09 -- # 7200000 sequences processed
2016/9/28 20:26:09 -- # 7300000 sequences processed
2016/9/28 20:26:09 -- # 7400000 sequences processed
2016/9/28 20:26:10 -- # 7500000 sequences processed
2016/9/28 20:26:10 -- # 7600000 sequences processed
2016/9/28 20:26:12 -- # 7700000 sequences processed
2016/9/28 20:26:12 -- # 7800000 sequences processed
2016/9/28 20:26:13 -- # 7900000 sequences processed
2016/9/28 20:26:14 -- # 8000000 sequences processed
2016/9/28 20:26:15 -- # 8100000 sequences processed
2016/9/28 20:26:16 -- # 8200000 sequences processed
2016/9/28 20:26:17 -- # 8300000 sequences processed
2016/9/28 20:26:17 -- # 8400000 sequences processed
2016/9/28 20:26:19 -- # 8500000 sequences processed
2016/9/28 20:26:20 -- # 8600000 sequences processed
2016/9/28 20:26:20 -- # 8700000 sequences processed
2016/9/28 20:26:20 -- # 8800000 sequences processed
2016/9/28 20:26:20 -- # 8900000 sequences processed
2016/9/28 20:26:20 -- # 9000000 sequences processed
2016/9/28 20:26:21 -- # 9100000 sequences processed
2016/9/28 20:26:21 -- # 9200000 sequences processed
2016/9/28 20:26:21 -- # 9300000 sequences processed
2016/9/28 20:26:22 -- # 9400000 sequences processed
2016/9/28 20:26:22 -- # 9500000 sequences processed
2016/9/28 20:26:22 -- # 9600000 sequences processed
2016/9/28 20:26:23 -- # 9700000 sequences processed
2016/9/28 20:26:25 -- # 9800000 sequences processed
2016/9/28 20:26:25 -- # 9900000 sequences processed
2016/9/28 20:26:27 -- # 10000000 sequences processed
2016/9/28 20:26:27 -- # 10100000 sequences processed
2016/9/28 20:26:27 -- # 10200000 sequences processed
2016/9/28 20:26:29 -- # 10300000 sequences processed
2016/9/28 20:26:30 -- # 10400000 sequences processed
2016/9/28 20:26:30 -- # 10500000 sequences processed
2016/9/28 20:26:31 -- # 10600000 sequences processed
2016/9/28 20:26:32 -- # 10700000 sequences processed
2016/9/28 20:26:32 -- # 10800000 sequences processed
2016/9/28 20:26:32 -- # 10900000 sequences processed
2016/9/28 20:26:33 -- # 11000000 sequences processed
2016/9/28 20:26:33 -- # 11100000 sequences processed
2016/9/28 20:26:33 -- # 11200000 sequences processed
2016/9/28 20:26:33 -- # 11300000 sequences processed
2016/9/28 20:26:33 -- # 11400000 sequences processed
2016/9/28 20:26:33 -- # 11500000 sequences processed
2016/9/28 20:26:34 -- # 11600000 sequences processed
2016/9/28 20:26:34 -- # 11700000 sequences processed
2016/9/28 20:26:34 -- # 11800000 sequences processed
2016/9/28 20:26:34 -- # 11900000 sequences processed
2016/9/28 20:26:34 -- Total 11945249 sequences processed... done
2016/9/28 20:26:34 -- [GEMMapper terminated successfully in 142s. (+105s. loading)]


 Performance counter stats for 'numactl --interleave=0,1 --physcpubind=0-15 bin/gem-mapper -t 16 -I /tmp/data/indexes/HG_index_GEM/index.gem -i /tmp/data/datasets/gcat_set_039_1.fastq -o /scratch/077-hpca4se-bioinf/jlenis/results/GEM-Interleave/2595651.GEM-Interleave.batman.t16.sam':

S0       16         6418411997 cache-misses                                                  (22.10%)
S0       16      2472862073664 cycles                    #    0.000 GHz                      (21.96%)
S0       16      2739009161722 instructions              #   67.80  insns per cycle        
                                             #    0.01  stalled cycles per insn  (28.17%)
S0       16             485014 cs                                                            (100.00%)
S0       16               7997 migrations                                                    (100.00%)
S0       16             103353 faults                                                      
S0       16    <not supported> bus-cycles              
S0       16      1214806762311 idle-cycles-frontend      #  3006.97% frontend cycles idle     (17.90%)
S0       16       607363637040 idle-cycles-backend       #  1503.39% backend  cycles idle     (16.71%)
S0       16      1047883833955 L1-dcache-loads                                               (22.77%)
S0       16        15272673308 L1-dcache-load-misses     #   92.04% of all L1-dcache hits    (27.21%)
S0       16        18423333834 L1-dcache-stores                                              (27.63%)
S0       16    <not supported> L1-dcache-store-misses  
S0       16                  0 L1-dcache-prefetch-misses                                     (26.68%)
S0       16         6472224994 L1-icache-load-misses                                         (26.95%)
S0       16        24918815012 LLC-loads                                                     (12.47%)
S0       16         6820838774 LLC-stores                                                    (11.56%)
S0       16    <not supported> LLC-prefetches          
S0       16      1085912026231 dTLB-loads                                                    (17.28%)
S0       16          914056634 dTLB-load-misses          #    5.32% of all dTLB cache hits   (16.51%)
S0       16    <not supported> dTLB-stores             
S0       16    <not supported> dTLB-store-misses       
S0       16       602117276616 iTLB-loads                                                    (16.15%)
S0       16             339712 iTLB-load-misses          #    0.00% of all iTLB cache hits   (11.02%)
S0       16       245840667285 branch-loads                                                  (16.83%)
S0       16         5957385107 branch-load-misses                                            (22.25%)
S1       16           80366408 cache-misses                                                  (21.76%)
S1       16        28702452213 cycles                    #    0.000 GHz                      (19.57%)
S1       16         4863395368 instructions              #    0.00  insns per cycle          (27.08%)
S1       16              15073 cs                                                            (100.00%)
S1       16                307 migrations                                                    (100.00%)
S1       16               9187 faults                                                      
S1       16    <not supported> bus-cycles              
S1       16       276989432851 idle-cycles-frontend      #    0.00% frontend cycles idle     (18.21%)
S1       16        14724244645 idle-cycles-backend       #    0.00% backend  cycles idle     (16.30%)
S1       16         2685539221 L1-dcache-loads                                               (22.97%)
S1       16          130734875 L1-dcache-load-misses                                         (25.56%)
S1       16          135198542 L1-dcache-stores                                              (27.92%)
S1       16    <not supported> L1-dcache-store-misses  
S1       16                  0 L1-dcache-prefetch-misses                                     (25.06%)
S1       16           80935631 L1-icache-load-misses                                         (26.45%)
S1       16          197268477 LLC-loads                                                     (14.63%)
S1       16           95214702 LLC-stores                                                    (11.15%)
S1       16    <not supported> LLC-prefetches          
S1       16         2400425313 dTLB-loads                                                    (17.60%)
S1       16              49135 dTLB-load-misses                                              (17.88%)
S1       16    <not supported> dTLB-stores             
S1       16    <not supported> dTLB-store-misses       
S1       16         1313263752 iTLB-loads                                                    (16.95%)
S1       16              33018 iTLB-load-misses                                              (10.97%)
S1       16          856207688 branch-loads                                                  (16.68%)
S1       16            9890546 branch-load-misses                                            (22.24%)
S2       16          108634588 cache-misses                                                  (22.32%)
S2       16        34362153897 cycles                    #    0.000 GHz                      (22.07%)
S2       16         7636312969 instructions              #    0.00  insns per cycle          (27.58%)
S2       16              57409 cs                                                            (100.00%)
S2       16                815 migrations                                                    (100.00%)
S2       16              16409 faults                                                      
S2       16    <not supported> bus-cycles              
S2       16       159709775159 idle-cycles-frontend      #    0.00% frontend cycles idle     (17.77%)
S2       16        16045256544 idle-cycles-backend       #    0.00% backend  cycles idle     (17.25%)
S2       16         3759358778 L1-dcache-loads                                               (22.60%)
S2       16          167648113 L1-dcache-load-misses                                         (28.26%)
S2       16          184578105 L1-dcache-stores                                              (27.94%)
S2       16    <not supported> L1-dcache-store-misses  
S2       16                  0 L1-dcache-prefetch-misses                                     (27.24%)
S2       16          118860526 L1-icache-load-misses                                         (27.28%)
S2       16          288650031 LLC-loads                                                     (11.33%)
S2       16          137543369 LLC-stores                                                    (11.17%)
S2       16    <not supported> LLC-prefetches          
S2       16         4057436166 dTLB-loads                                                    (16.51%)
S2       16             245134 dTLB-load-misses                                              (16.52%)
S2       16    <not supported> dTLB-stores             
S2       16    <not supported> dTLB-store-misses       
S2       16         2244291660 iTLB-loads                                                    (15.97%)
S2       16             227885 iTLB-load-misses                                              (11.07%)
S2       16         1427610214 branch-loads                                                  (15.78%)
S2       16           20546651 branch-load-misses                                            (21.63%)
S3       16          274111561 cache-misses                                                  (21.43%)
S3       16        49653225732 cycles                    #    0.000 GHz                      (22.32%)
S3       16        14869078462 instructions              #    0.00  insns per cycle          (27.87%)
S3       16              44503 cs                                                            (100.00%)
S3       16               1926 migrations                                                    (100.00%)
S3       16              11279 faults                                                      
S3       16    <not supported> bus-cycles              
S3       16       217180193203 idle-cycles-frontend      #    0.00% frontend cycles idle     (17.29%)
S3       16        23134185079 idle-cycles-backend       #    0.00% backend  cycles idle     (16.83%)
S3       16         7673430293 L1-dcache-loads                                               (22.71%)
S3       16          370651959 L1-dcache-load-misses                                         (28.12%)
S3       16          375594052 L1-dcache-stores                                              (28.00%)
S3       16    <not supported> L1-dcache-store-misses  
S3       16                  0 L1-dcache-prefetch-misses                                     (28.30%)
S3       16          243903390 L1-icache-load-misses                                         (28.05%)
S3       16          695248705 LLC-loads                                                     (10.86%)
S3       16          164705219 LLC-stores                                                    (10.94%)
S3       16    <not supported> LLC-prefetches          
S3       16         7484861913 dTLB-loads                                                    (16.34%)
S3       16             299202 dTLB-load-misses                                              (16.67%)
S3       16    <not supported> dTLB-stores             
S3       16    <not supported> dTLB-store-misses       
S3       16         4725710750 iTLB-loads                                                    (16.59%)
S3       16              83255 iTLB-load-misses                                              (10.75%)
S3       16         2784372254 branch-loads                                                  (16.34%)
S3       16           87437997 branch-load-misses                                            (21.52%)

     247.563787372 seconds time elapsed

#################################################################
# Test multi-threading - 32 threads - T4 
#################################################################
2595651.GEM-Interleave.batman.t32
2016/9/28 20:26:35 -- [Opening input file '/tmp/data/datasets/gcat_set_039_1.fastq']
2016/9/28 20:26:35 -- [Outputting to '/scratch/077-hpca4se-bioinf/jlenis/results/GEM-Interleave/2595651.GEM-Interleave.batman.t32.sam']
2016/9/28 20:26:35 -- [Loading GEM index '/tmp/data/indexes/HG_index_GEM/index.gem']
2016/9/28 20:27:36 -- [SE::Mapping Sequences]
2016/9/28 20:27:45 -- # 100000 sequences processed
2016/9/28 20:27:45 -- # 200000 sequences processed
2016/9/28 20:27:45 -- # 300000 sequences processed
2016/9/28 20:27:46 -- # 400000 sequences processed
2016/9/28 20:27:46 -- # 500000 sequences processed
2016/9/28 20:27:46 -- # 600000 sequences processed
2016/9/28 20:27:46 -- # 700000 sequences processed
2016/9/28 20:27:46 -- # 800000 sequences processed
2016/9/28 20:27:46 -- # 900000 sequences processed
2016/9/28 20:27:46 -- # 1000000 sequences processed
2016/9/28 20:27:46 -- # 1100000 sequences processed
2016/9/28 20:27:46 -- # 1200000 sequences processed
2016/9/28 20:27:46 -- # 1300000 sequences processed
2016/9/28 20:27:46 -- # 1400000 sequences processed
2016/9/28 20:27:46 -- # 1500000 sequences processed
2016/9/28 20:27:46 -- # 1600000 sequences processed
2016/9/28 20:27:46 -- # 1700000 sequences processed
2016/9/28 20:27:47 -- # 1800000 sequences processed
2016/9/28 20:27:47 -- # 1900000 sequences processed
2016/9/28 20:27:47 -- # 2000000 sequences processed
2016/9/28 20:27:47 -- # 2100000 sequences processed
2016/9/28 20:27:47 -- # 2200000 sequences processed
2016/9/28 20:27:47 -- # 2300000 sequences processed
2016/9/28 20:27:47 -- # 2400000 sequences processed
2016/9/28 20:27:47 -- # 2500000 sequences processed
2016/9/28 20:27:49 -- # 2600000 sequences processed
2016/9/28 20:27:49 -- # 2700000 sequences processed
2016/9/28 20:27:49 -- # 2800000 sequences processed
2016/9/28 20:27:49 -- # 2900000 sequences processed
2016/9/28 20:27:49 -- # 3000000 sequences processed
2016/9/28 20:27:50 -- # 3100000 sequences processed
2016/9/28 20:27:51 -- # 3200000 sequences processed
2016/9/28 20:27:53 -- # 3300000 sequences processed
2016/9/28 20:27:53 -- # 3400000 sequences processed
2016/9/28 20:27:53 -- # 3500000 sequences processed
2016/9/28 20:27:53 -- # 3600000 sequences processed
2016/9/28 20:27:54 -- # 3700000 sequences processed
2016/9/28 20:27:54 -- # 3800000 sequences processed
2016/9/28 20:27:54 -- # 3900000 sequences processed
2016/9/28 20:27:54 -- # 4000000 sequences processed
2016/9/28 20:27:54 -- # 4100000 sequences processed
2016/9/28 20:27:54 -- # 4200000 sequences processed
2016/9/28 20:27:55 -- # 4300000 sequences processed
2016/9/28 20:27:55 -- # 4400000 sequences processed
2016/9/28 20:27:55 -- # 4500000 sequences processed
2016/9/28 20:27:55 -- # 4600000 sequences processed
2016/9/28 20:27:55 -- # 4700000 sequences processed
2016/9/28 20:27:55 -- # 4800000 sequences processed
2016/9/28 20:27:56 -- # 4900000 sequences processed
2016/9/28 20:27:56 -- # 5000000 sequences processed
2016/9/28 20:27:56 -- # 5100000 sequences processed
2016/9/28 20:27:56 -- # 5200000 sequences processed
2016/9/28 20:27:56 -- # 5300000 sequences processed
2016/9/28 20:27:56 -- # 5400000 sequences processed
2016/9/28 20:27:56 -- # 5500000 sequences processed
2016/9/28 20:27:57 -- # 5600000 sequences processed
2016/9/28 20:27:57 -- # 5700000 sequences processed
2016/9/28 20:27:58 -- # 5800000 sequences processed
2016/9/28 20:27:59 -- # 5900000 sequences processed
2016/9/28 20:27:59 -- # 6000000 sequences processed
2016/9/28 20:28:00 -- # 6100000 sequences processed
2016/9/28 20:28:01 -- # 6200000 sequences processed
2016/9/28 20:28:01 -- # 6300000 sequences processed
2016/9/28 20:28:01 -- # 6400000 sequences processed
2016/9/28 20:28:01 -- # 6500000 sequences processed
2016/9/28 20:28:01 -- # 6600000 sequences processed
2016/9/28 20:28:01 -- # 6700000 sequences processed
2016/9/28 20:28:02 -- # 6800000 sequences processed
2016/9/28 20:28:02 -- # 6900000 sequences processed
2016/9/28 20:28:02 -- # 7000000 sequences processed
2016/9/28 20:28:02 -- # 7100000 sequences processed
2016/9/28 20:28:02 -- # 7200000 sequences processed
2016/9/28 20:28:02 -- # 7300000 sequences processed
2016/9/28 20:28:03 -- # 7400000 sequences processed
2016/9/28 20:28:03 -- # 7500000 sequences processed
2016/9/28 20:28:03 -- # 7600000 sequences processed
2016/9/28 20:28:03 -- # 7700000 sequences processed
2016/9/28 20:28:04 -- # 7800000 sequences processed
2016/9/28 20:28:04 -- # 7900000 sequences processed
2016/9/28 20:28:04 -- # 8000000 sequences processed
2016/9/28 20:28:05 -- # 8100000 sequences processed
2016/9/28 20:28:05 -- # 8200000 sequences processed
2016/9/28 20:28:05 -- # 8300000 sequences processed
2016/9/28 20:28:06 -- # 8400000 sequences processed
2016/9/28 20:28:07 -- # 8500000 sequences processed
2016/9/28 20:28:07 -- # 8600000 sequences processed
2016/9/28 20:28:08 -- # 8700000 sequences processed
2016/9/28 20:28:08 -- # 8800000 sequences processed
2016/9/28 20:28:08 -- # 8900000 sequences processed
2016/9/28 20:28:08 -- # 9000000 sequences processed
2016/9/28 20:28:08 -- # 9100000 sequences processed
2016/9/28 20:28:08 -- # 9200000 sequences processed
2016/9/28 20:28:09 -- # 9300000 sequences processed
2016/9/28 20:28:09 -- # 9400000 sequences processed
2016/9/28 20:28:09 -- # 9500000 sequences processed
2016/9/28 20:28:09 -- # 9600000 sequences processed
2016/9/28 20:28:10 -- # 9700000 sequences processed
2016/9/28 20:28:10 -- # 9800000 sequences processed
2016/9/28 20:28:10 -- # 9900000 sequences processed
2016/9/28 20:28:10 -- # 10000000 sequences processed
2016/9/28 20:28:10 -- # 10100000 sequences processed
2016/9/28 20:28:11 -- # 10200000 sequences processed
2016/9/28 20:28:11 -- # 10300000 sequences processed
2016/9/28 20:28:11 -- # 10400000 sequences processed
2016/9/28 20:28:11 -- # 10500000 sequences processed
2016/9/28 20:28:11 -- # 10600000 sequences processed
2016/9/28 20:28:11 -- # 10700000 sequences processed
2016/9/28 20:28:11 -- # 10800000 sequences processed
2016/9/28 20:28:11 -- # 10900000 sequences processed
2016/9/28 20:28:11 -- # 11000000 sequences processed
2016/9/28 20:28:11 -- # 11100000 sequences processed
2016/9/28 20:28:11 -- # 11200000 sequences processed
2016/9/28 20:28:11 -- # 11300000 sequences processed
2016/9/28 20:28:12 -- # 11400000 sequences processed
2016/9/28 20:28:12 -- # 11500000 sequences processed
2016/9/28 20:28:12 -- # 11600000 sequences processed
2016/9/28 20:28:12 -- # 11700000 sequences processed
2016/9/28 20:28:12 -- # 11800000 sequences processed
2016/9/28 20:28:12 -- # 11900000 sequences processed
2016/9/28 20:28:12 -- Total 11945249 sequences processed... done
2016/9/28 20:28:12 -- [GEMMapper terminated successfully in 36s. (+61s. loading)]


 Performance counter stats for 'numactl --interleave=0-3 --physcpubind=0-31 bin/gem-mapper -t 32 -I /tmp/data/indexes/HG_index_GEM/index.gem -i /tmp/data/datasets/gcat_set_039_1.fastq -o /scratch/077-hpca4se-bioinf/jlenis/results/GEM-Interleave/2595651.GEM-Interleave.batman.t32.sam':

S0       16         3647133309 cache-misses                                                  (20.81%)
S0       16      1494105607985 cycles                    #    0.000 GHz                      (20.64%)
S0       16      1557010915568 instructions              #   37.24  insns per cycle        
                                             #    0.01  stalled cycles per insn  (26.16%)
S0       16             262663 cs                                                            (100.00%)
S0       16               1804 migrations                                                    (100.00%)
S0       16              85797 faults                                                      
S0       16    <not supported> bus-cycles              
S0       16       237753847594 idle-cycles-frontend      #  568.71% frontend cycles idle     (16.48%)
S0       16       182481547806 idle-cycles-backend       #  436.50% backend  cycles idle     (16.60%)
S0       16       556705674071 L1-dcache-loads                                               (22.34%)
S0       16         7400793538 L1-dcache-load-misses     #   47.53% of all L1-dcache hits    (28.45%)
S0       16         9176068246 L1-dcache-stores                                              (28.73%)
S0       16    <not supported> L1-dcache-store-misses  
S0       16                  0 L1-dcache-prefetch-misses                                     (29.20%)
S0       16         3241387971 L1-icache-load-misses                                         (29.25%)
S0       16        12678714926 LLC-loads                                                     (11.27%)
S0       16         3691763522 LLC-stores                                                    (11.38%)
S0       16    <not supported> LLC-prefetches          
S0       16       532975319236 dTLB-loads                                                    (17.32%)
S0       16          501942075 dTLB-load-misses          #    3.26% of all dTLB cache hits   (17.01%)
S0       16    <not supported> dTLB-stores             
S0       16    <not supported> dTLB-store-misses       
S0       16       310060446903 iTLB-loads                                                    (16.59%)
S0       16             549551 iTLB-load-misses          #    0.01% of all iTLB cache hits   (10.80%)
S0       16       134271331763 branch-loads                                                  (16.06%)
S0       16         3473475534 branch-load-misses                                            (21.29%)
S1       16         2755028065 cache-misses                                                  (20.30%)
S1       16      1138084976567 cycles                    #    0.000 GHz                      (20.55%)
S1       16      1236559761025 instructions              #    0.00  insns per cycle          (26.22%)
S1       16              16701 cs                                                            (100.00%)
S1       16               1857 migrations                                                    (100.00%)
S1       16              32203 faults                                                      
S1       16    <not supported> bus-cycles              
S1       16       448743720261 idle-cycles-frontend      #    0.00% frontend cycles idle     (18.13%)
S1       16       225834134983 idle-cycles-backend       #    0.00% backend  cycles idle     (16.95%)
S1       16       433792205079 L1-dcache-loads                                               (22.37%)
S1       16         5609674281 L1-dcache-load-misses                                         (27.02%)
S1       16         6701935803 L1-dcache-stores                                              (28.41%)
S1       16    <not supported> L1-dcache-store-misses  
S1       16                  0 L1-dcache-prefetch-misses                                     (27.01%)
S1       16         2632709222 L1-icache-load-misses                                         (26.96%)
S1       16         9211786375 LLC-loads                                                     (11.84%)
S1       16         2256789501 LLC-stores                                                    (11.38%)
S1       16    <not supported> LLC-prefetches          
S1       16       444710191397 dTLB-loads                                                    (17.12%)
S1       16          397884655 dTLB-load-misses                                              (17.29%)
S1       16    <not supported> dTLB-stores             
S1       16    <not supported> dTLB-store-misses       
S1       16       244911099422 iTLB-loads                                                    (17.22%)
S1       16             513077 iTLB-load-misses                                              (12.09%)
S1       16       101644481703 branch-loads                                                  (16.93%)
S1       16         2737238097 branch-load-misses                                            (21.66%)
S2       16           77576839 cache-misses                                                  (20.22%)
S2       16        21795294579 cycles                    #    0.000 GHz                      (21.60%)
S2       16         6060451116 instructions              #    0.00  insns per cycle          (27.52%)
S2       16              46948 cs                                                            (100.00%)
S2       16                852 migrations                                                    (100.00%)
S2       16              16979 faults                                                      
S2       16    <not supported> bus-cycles              
S2       16       105008392070 idle-cycles-frontend      #    0.00% frontend cycles idle     (18.08%)
S2       16         8101459400 idle-cycles-backend       #    0.00% backend  cycles idle     (17.07%)
S2       16         2585047023 L1-dcache-loads                                               (22.81%)
S2       16          123325144 L1-dcache-load-misses                                         (28.08%)
S2       16          130703737 L1-dcache-stores                                              (27.81%)
S2       16    <not supported> L1-dcache-store-misses  
S2       16                  0 L1-dcache-prefetch-misses                                     (27.89%)
S2       16           73305930 L1-icache-load-misses                                         (27.70%)
S2       16          205131342 LLC-loads                                                     (11.07%)
S2       16          102587338 LLC-stores                                                    (11.53%)
S2       16    <not supported> LLC-prefetches          
S2       16         2928590318 dTLB-loads                                                    (17.61%)
S2       16             112048 dTLB-load-misses                                              (17.30%)
S2       16    <not supported> dTLB-stores             
S2       16    <not supported> dTLB-store-misses       
S2       16         1751233989 iTLB-loads                                                    (17.00%)
S2       16             145180 iTLB-load-misses                                              (10.56%)
S2       16         1092194066 branch-loads                                                  (15.93%)
S2       16           18507923 branch-load-misses                                            (20.23%)
S3       16          118591361 cache-misses                                                  (21.32%)
S3       16        21577937711 cycles                    #    0.000 GHz                      (21.96%)
S3       16         7204612919 instructions              #    0.00  insns per cycle          (27.98%)
S3       16              26841 cs                                                            (100.00%)
S3       16               1273 migrations                                                    (100.00%)
S3       16              12384 faults                                                      
S3       16    <not supported> bus-cycles              
S3       16        90085909114 idle-cycles-frontend      #    0.00% frontend cycles idle     (19.04%)
S3       16         9011091292 idle-cycles-backend       #    0.00% backend  cycles idle     (17.33%)
S3       16         3496198229 L1-dcache-loads                                               (26.33%)
S3       16          192221797 L1-dcache-load-misses                                         (28.10%)
S3       16          205705142 L1-dcache-stores                                              (27.31%)
S3       16    <not supported> L1-dcache-store-misses  
S3       16                  0 L1-dcache-prefetch-misses                                     (25.60%)
S3       16          117884287 L1-icache-load-misses                                         (27.02%)
S3       16          299270848 LLC-loads                                                     (13.09%)
S3       16           86600534 LLC-stores                                                    (11.00%)
S3       16    <not supported> LLC-prefetches          
S3       16         4153025971 dTLB-loads                                                    (15.94%)
S3       16             218737 dTLB-load-misses                                              (16.83%)
S3       16    <not supported> dTLB-stores             
S3       16    <not supported> dTLB-store-misses       
S3       16         2098202575 iTLB-loads                                                    (15.36%)
S3       16              63616 iTLB-load-misses                                              (11.08%)
S3       16         1262109645 branch-loads                                                  (16.81%)
S3       16           41688524 branch-load-misses                                            (22.31%)

      97.725436985 seconds time elapsed

#################################################################
# Test multi-threading - 48 threads - T5
#################################################################
2595651.GEM-Interleave.batman.t48
2016/9/28 20:28:12 -- [Opening input file '/tmp/data/datasets/gcat_set_039_1.fastq']
2016/9/28 20:28:12 -- [Outputting to '/scratch/077-hpca4se-bioinf/jlenis/results/GEM-Interleave/2595651.GEM-Interleave.batman.t48.sam']
2016/9/28 20:28:12 -- [Loading GEM index '/tmp/data/indexes/HG_index_GEM/index.gem']
2016/9/28 20:28:23 -- [SE::Mapping Sequences]
2016/9/28 20:28:33 -- # 100000 sequences processed
2016/9/28 20:28:33 -- # 200000 sequences processed
2016/9/28 20:28:33 -- # 300000 sequences processed
2016/9/28 20:28:33 -- # 400000 sequences processed
2016/9/28 20:28:33 -- # 500000 sequences processed
2016/9/28 20:28:33 -- # 600000 sequences processed
2016/9/28 20:28:33 -- # 700000 sequences processed
2016/9/28 20:28:33 -- # 800000 sequences processed
2016/9/28 20:28:33 -- # 900000 sequences processed
2016/9/28 20:28:33 -- # 1000000 sequences processed
2016/9/28 20:28:33 -- # 1100000 sequences processed
2016/9/28 20:28:33 -- # 1200000 sequences processed
2016/9/28 20:28:33 -- # 1300000 sequences processed
2016/9/28 20:28:33 -- # 1400000 sequences processed
2016/9/28 20:28:33 -- # 1500000 sequences processed
2016/9/28 20:28:33 -- # 1600000 sequences processed
2016/9/28 20:28:33 -- # 1700000 sequences processed
2016/9/28 20:28:33 -- # 1800000 sequences processed
2016/9/28 20:28:33 -- # 1900000 sequences processed
2016/9/28 20:28:33 -- # 2000000 sequences processed
2016/9/28 20:28:33 -- # 2100000 sequences processed
2016/9/28 20:28:33 -- # 2200000 sequences processed
2016/9/28 20:28:33 -- # 2300000 sequences processed
2016/9/28 20:28:33 -- # 2400000 sequences processed
2016/9/28 20:28:33 -- # 2500000 sequences processed
2016/9/28 20:28:33 -- # 2600000 sequences processed
2016/9/28 20:28:33 -- # 2700000 sequences processed
2016/9/28 20:28:33 -- # 2800000 sequences processed
2016/9/28 20:28:33 -- # 2900000 sequences processed
2016/9/28 20:28:33 -- # 3000000 sequences processed
2016/9/28 20:28:33 -- # 3100000 sequences processed
2016/9/28 20:28:34 -- # 3200000 sequences processed
2016/9/28 20:28:34 -- # 3300000 sequences processed
2016/9/28 20:28:34 -- # 3400000 sequences processed
2016/9/28 20:28:34 -- # 3500000 sequences processed
2016/9/28 20:28:34 -- # 3600000 sequences processed
2016/9/28 20:28:34 -- # 3700000 sequences processed
2016/9/28 20:28:34 -- # 3800000 sequences processed
2016/9/28 20:28:34 -- # 3900000 sequences processed
2016/9/28 20:28:34 -- # 4000000 sequences processed
2016/9/28 20:28:34 -- # 4100000 sequences processed
2016/9/28 20:28:34 -- # 4200000 sequences processed
2016/9/28 20:28:34 -- # 4300000 sequences processed
2016/9/28 20:28:35 -- # 4400000 sequences processed
2016/9/28 20:28:35 -- # 4500000 sequences processed
2016/9/28 20:28:35 -- # 4600000 sequences processed
2016/9/28 20:28:37 -- # 4700000 sequences processed
2016/9/28 20:28:38 -- # 4800000 sequences processed
2016/9/28 20:28:41 -- # 4900000 sequences processed
2016/9/28 20:28:41 -- # 5000000 sequences processed
2016/9/28 20:28:41 -- # 5100000 sequences processed
2016/9/28 20:28:41 -- # 5200000 sequences processed
2016/9/28 20:28:41 -- # 5300000 sequences processed
2016/9/28 20:28:41 -- # 5400000 sequences processed
2016/9/28 20:28:41 -- # 5500000 sequences processed
2016/9/28 20:28:41 -- # 5600000 sequences processed
2016/9/28 20:28:41 -- # 5700000 sequences processed
2016/9/28 20:28:41 -- # 5800000 sequences processed
2016/9/28 20:28:41 -- # 5900000 sequences processed
2016/9/28 20:28:41 -- # 6000000 sequences processed
2016/9/28 20:28:41 -- # 6100000 sequences processed
2016/9/28 20:28:41 -- # 6200000 sequences processed
2016/9/28 20:28:41 -- # 6300000 sequences processed
2016/9/28 20:28:41 -- # 6400000 sequences processed
2016/9/28 20:28:41 -- # 6500000 sequences processed
2016/9/28 20:28:41 -- # 6600000 sequences processed
2016/9/28 20:28:41 -- # 6700000 sequences processed
2016/9/28 20:28:41 -- # 6800000 sequences processed
2016/9/28 20:28:41 -- # 6900000 sequences processed
2016/9/28 20:28:41 -- # 7000000 sequences processed
2016/9/28 20:28:41 -- # 7100000 sequences processed
2016/9/28 20:28:41 -- # 7200000 sequences processed
2016/9/28 20:28:41 -- # 7300000 sequences processed
2016/9/28 20:28:41 -- # 7400000 sequences processed
2016/9/28 20:28:41 -- # 7500000 sequences processed
2016/9/28 20:28:41 -- # 7600000 sequences processed
2016/9/28 20:28:41 -- # 7700000 sequences processed
2016/9/28 20:28:42 -- # 7800000 sequences processed
2016/9/28 20:28:42 -- # 7900000 sequences processed
2016/9/28 20:28:42 -- # 8000000 sequences processed
2016/9/28 20:28:42 -- # 8100000 sequences processed
2016/9/28 20:28:42 -- # 8200000 sequences processed
2016/9/28 20:28:42 -- # 8300000 sequences processed
2016/9/28 20:28:42 -- # 8400000 sequences processed
2016/9/28 20:28:42 -- # 8500000 sequences processed
2016/9/28 20:28:42 -- # 8600000 sequences processed
2016/9/28 20:28:42 -- # 8700000 sequences processed
2016/9/28 20:28:43 -- # 8800000 sequences processed
2016/9/28 20:28:43 -- # 8900000 sequences processed
2016/9/28 20:28:43 -- # 9000000 sequences processed
2016/9/28 20:28:44 -- # 9100000 sequences processed
2016/9/28 20:28:45 -- # 9200000 sequences processed
2016/9/28 20:28:45 -- # 9300000 sequences processed
2016/9/28 20:28:45 -- # 9400000 sequences processed
2016/9/28 20:28:46 -- # 9500000 sequences processed
2016/9/28 20:28:46 -- # 9600000 sequences processed
2016/9/28 20:28:46 -- # 9700000 sequences processed
2016/9/28 20:28:46 -- # 9800000 sequences processed
2016/9/28 20:28:46 -- # 9900000 sequences processed
2016/9/28 20:28:46 -- # 10000000 sequences processed
2016/9/28 20:28:46 -- # 10100000 sequences processed
2016/9/28 20:28:46 -- # 10200000 sequences processed
2016/9/28 20:28:46 -- # 10300000 sequences processed
2016/9/28 20:28:46 -- # 10400000 sequences processed
2016/9/28 20:28:46 -- # 10500000 sequences processed
2016/9/28 20:28:46 -- # 10600000 sequences processed
2016/9/28 20:28:46 -- # 10700000 sequences processed
2016/9/28 20:28:46 -- # 10800000 sequences processed
2016/9/28 20:28:46 -- # 10900000 sequences processed
2016/9/28 20:28:46 -- # 11000000 sequences processed
2016/9/28 20:28:46 -- # 11100000 sequences processed
2016/9/28 20:28:46 -- # 11200000 sequences processed
2016/9/28 20:28:46 -- # 11300000 sequences processed
2016/9/28 20:28:46 -- # 11400000 sequences processed
2016/9/28 20:28:46 -- # 11500000 sequences processed
2016/9/28 20:28:46 -- # 11600000 sequences processed
2016/9/28 20:28:46 -- # 11700000 sequences processed
2016/9/28 20:28:46 -- # 11800000 sequences processed
2016/9/28 20:28:47 -- # 11900000 sequences processed
2016/9/28 20:28:47 -- Total 11945249 sequences processed... done
2016/9/28 20:28:47 -- [GEMMapper terminated successfully in 24s. (+10s. loading)]


 Performance counter stats for 'numactl --interleave=0-5 --physcpubind=0-47 bin/gem-mapper -t 48 -I /tmp/data/indexes/HG_index_GEM/index.gem -i /tmp/data/datasets/gcat_set_039_1.fastq -o /scratch/077-hpca4se-bioinf/jlenis/results/GEM-Interleave/2595651.GEM-Interleave.batman.t48.sam':

S0       16         2166236109 cache-misses                                                  (19.15%)
S0       16       916463370138 cycles                    #    0.000 GHz                      (19.46%)
S0       16       925434784095 instructions              #   22.06  insns per cycle        
                                             #    0.01  stalled cycles per insn  (25.55%)
S0       16              33050 cs                                                            (100.00%)
S0       16               1376 migrations                                                    (100.00%)
S0       16              29048 faults                                                      
S0       16    <not supported> bus-cycles              
S0       16       136040959978 idle-cycles-frontend      #  324.25% frontend cycles idle     (17.69%)
S0       16       125185868936 idle-cycles-backend       #  298.38% backend  cycles idle     (19.00%)
S0       16       276713798829 L1-dcache-loads                                               (26.39%)
S0       16         3585589349 L1-dcache-load-misses     #   27.52% of all L1-dcache hits    (33.73%)
S0       16         4747510900 L1-dcache-stores                                              (34.05%)
S0       16    <not supported> L1-dcache-store-misses  
S0       16                  0 L1-dcache-prefetch-misses                                     (34.27%)
S0       16         1541325355 L1-icache-load-misses                                         (33.06%)
S0       16         8360452694 LLC-loads                                                     (10.37%)
S0       16         2743549873 LLC-stores                                                    (9.73%)
S0       16    <not supported> LLC-prefetches          
S0       16       384002475119 dTLB-loads                                                    (14.52%)
S0       16          359403530 dTLB-load-misses          #    1.89% of all dTLB cache hits   (14.13%)
S0       16    <not supported> dTLB-stores             
S0       16    <not supported> dTLB-store-misses       
S0       16       218505297656 iTLB-loads                                                    (13.75%)
S0       16             338660 iTLB-load-misses          #    0.00% of all iTLB cache hits   (9.45%)
S0       16        93890830644 branch-loads                                                  (13.49%)
S0       16         2425830894 branch-load-misses                                            (18.02%)
S1       16         2128052382 cache-misses                                                  (19.03%)
S1       16       886400473400 cycles                    #    0.000 GHz                      (20.91%)
S1       16       899380170527 instructions              #    0.00  insns per cycle          (28.27%)
S1       16              10921 cs                                                            (100.00%)
S1       16                305 migrations                                                    (100.00%)
S1       16              79111 faults                                                      
S1       16    <not supported> bus-cycles              
S1       16        54583097447 idle-cycles-frontend      #    0.00% frontend cycles idle     (21.11%)
S1       16        76858434565 idle-cycles-backend       #    0.00% backend  cycles idle     (21.67%)
S1       16       263801104037 L1-dcache-loads                                               (29.47%)
S1       16         3356798549 L1-dcache-load-misses                                         (36.58%)
S1       16         4033441900 L1-dcache-stores                                              (36.10%)
S1       16    <not supported> L1-dcache-store-misses  
S1       16                  0 L1-dcache-prefetch-misses                                     (33.97%)
S1       16         1582744309 L1-icache-load-misses                                         (31.57%)
S1       16         9208479985 LLC-loads                                                     (8.80%)
S1       16         2379317917 LLC-stores                                                    (8.56%)
S1       16    <not supported> LLC-prefetches          
S1       16       451529710230 dTLB-loads                                                    (13.03%)
S1       16          413285478 dTLB-load-misses                                              (13.42%)
S1       16    <not supported> dTLB-stores             
S1       16    <not supported> dTLB-store-misses       
S1       16       248270019793 iTLB-loads                                                    (12.94%)
S1       16             590794 iTLB-load-misses                                              (8.07%)
S1       16       106252624290 branch-loads                                                  (12.84%)
S1       16         2770969998 branch-load-misses                                            (16.99%)
S2       16         2274082027 cache-misses                                                  (20.36%)
S2       16       861646504370 cycles                    #    0.000 GHz                      (21.55%)
S2       16       859454306624 instructions              #    0.00  insns per cycle          (29.58%)
S2       16              34121 cs                                                            (100.00%)
S2       16                852 migrations                                                    (100.00%)
S2       16              32181 faults                                                      
S2       16    <not supported> bus-cycles              
S2       16        49756254510 idle-cycles-frontend      #    0.00% frontend cycles idle     (20.91%)
S2       16        84400658578 idle-cycles-backend       #    0.00% backend  cycles idle     (20.74%)
S2       16       291503657811 L1-dcache-loads                                               (26.46%)
S2       16         3997716691 L1-dcache-load-misses                                         (31.97%)
S2       16         5001283512 L1-dcache-stores                                              (30.35%)
S2       16    <not supported> L1-dcache-store-misses  
S2       16                  0 L1-dcache-prefetch-misses                                     (28.39%)
S2       16         2172940325 L1-icache-load-misses                                         (28.41%)
S2       16         7899166729 LLC-loads                                                     (11.02%)
S2       16         2072468845 LLC-stores                                                    (10.42%)
S2       16    <not supported> LLC-prefetches          
S2       16       381604760911 dTLB-loads                                                    (15.05%)
S2       16          369053132 dTLB-load-misses                                              (14.58%)
S2       16    <not supported> dTLB-stores             
S2       16    <not supported> dTLB-store-misses       
S2       16       225402305577 iTLB-loads                                                    (14.09%)
S2       16             564827 iTLB-load-misses                                              (9.59%)
S2       16        93359964762 branch-loads                                                  (14.44%)
S2       16         2428370847 branch-load-misses                                            (18.97%)
S3       16           41293549 cache-misses                                                  (24.93%)
S3       16        20663920115 cycles                    #    0.000 GHz                      (19.39%)
S3       16         3678836426 instructions              #    0.00  insns per cycle          (24.99%)
S3       16              28375 cs                                                            (100.00%)
S3       16               1196 migrations                                                    (100.00%)
S3       16                211 faults                                                      
S3       16    <not supported> bus-cycles              
S3       16        74011277080 idle-cycles-frontend      #    0.00% frontend cycles idle     (19.93%)
S3       16         9236006022 idle-cycles-backend       #    0.00% backend  cycles idle     (18.62%)
S3       16         1877966868 L1-dcache-loads                                               (24.24%)
S3       16          105466595 L1-dcache-load-misses                                         (28.76%)
S3       16          109317334 L1-dcache-stores                                              (30.05%)
S3       16    <not supported> L1-dcache-store-misses  
S3       16                  0 L1-dcache-prefetch-misses                                     (23.50%)
S3       16           50253245 L1-icache-load-misses                                         (25.37%)
S3       16          133028278 LLC-loads                                                     (13.75%)
S3       16           82320994 LLC-stores                                                    (10.37%)
S3       16    <not supported> LLC-prefetches          
S3       16         1517829800 dTLB-loads                                                    (16.76%)
S3       16              46781 dTLB-load-misses                                              (17.76%)
S3       16    <not supported> dTLB-stores             
S3       16    <not supported> dTLB-store-misses       
S3       16          885302482 iTLB-loads                                                    (15.47%)
S3       16              56132 iTLB-load-misses                                              (9.65%)
S3       16          575274294 branch-loads                                                  (14.52%)
S3       16            6484356 branch-load-misses                                            (20.70%)

      34.443110976 seconds time elapsed

#################################################################
# Test multi-threading - 64 threads - T6
#################################################################

2016/9/28 20:28:47 -- [Opening input file '/tmp/data/datasets/gcat_set_039_1.fastq']
2016/9/28 20:28:47 -- [Outputting to '/scratch/077-hpca4se-bioinf/jlenis/results/GEM-Interleave/2595651.GEM-Interleave.batman.t64.sam']
2016/9/28 20:28:47 -- [Loading GEM index '/tmp/data/indexes/HG_index_GEM/index.gem']
2016/9/28 20:28:59 -- [SE::Mapping Sequences]
2016/9/28 20:29:08 -- # 100000 sequences processed
2016/9/28 20:29:08 -- # 200000 sequences processed
2016/9/28 20:29:08 -- # 300000 sequences processed
2016/9/28 20:29:08 -- # 400000 sequences processed
2016/9/28 20:29:08 -- # 500000 sequences processed
2016/9/28 20:29:08 -- # 600000 sequences processed
2016/9/28 20:29:08 -- # 700000 sequences processed
2016/9/28 20:29:08 -- # 800000 sequences processed
2016/9/28 20:29:08 -- # 900000 sequences processed
2016/9/28 20:29:08 -- # 1000000 sequences processed
2016/9/28 20:29:08 -- # 1100000 sequences processed
2016/9/28 20:29:09 -- # 1200000 sequences processed
2016/9/28 20:29:09 -- # 1300000 sequences processed
2016/9/28 20:29:09 -- # 1400000 sequences processed
2016/9/28 20:29:09 -- # 1500000 sequences processed
2016/9/28 20:29:09 -- # 1600000 sequences processed
2016/9/28 20:29:09 -- # 1700000 sequences processed
2016/9/28 20:29:09 -- # 1800000 sequences processed
2016/9/28 20:29:09 -- # 1900000 sequences processed
2016/9/28 20:29:09 -- # 2000000 sequences processed
2016/9/28 20:29:09 -- # 2100000 sequences processed
2016/9/28 20:29:09 -- # 2200000 sequences processed
2016/9/28 20:29:09 -- # 2300000 sequences processed
2016/9/28 20:29:09 -- # 2400000 sequences processed
2016/9/28 20:29:09 -- # 2500000 sequences processed
2016/9/28 20:29:09 -- # 2600000 sequences processed
2016/9/28 20:29:09 -- # 2700000 sequences processed
2016/9/28 20:29:09 -- # 2800000 sequences processed
2016/9/28 20:29:09 -- # 2900000 sequences processed
2016/9/28 20:29:09 -- # 3000000 sequences processed
2016/9/28 20:29:09 -- # 3100000 sequences processed
2016/9/28 20:29:09 -- # 3200000 sequences processed
2016/9/28 20:29:09 -- # 3300000 sequences processed
2016/9/28 20:29:09 -- # 3400000 sequences processed
2016/9/28 20:29:09 -- # 3500000 sequences processed
2016/9/28 20:29:09 -- # 3600000 sequences processed
2016/9/28 20:29:09 -- # 3700000 sequences processed
2016/9/28 20:29:09 -- # 3800000 sequences processed
2016/9/28 20:29:09 -- # 3900000 sequences processed
2016/9/28 20:29:09 -- # 4000000 sequences processed
2016/9/28 20:29:09 -- # 4100000 sequences processed
2016/9/28 20:29:09 -- # 4200000 sequences processed
2016/9/28 20:29:09 -- # 4300000 sequences processed
2016/9/28 20:29:09 -- # 4400000 sequences processed
2016/9/28 20:29:09 -- # 4500000 sequences processed
2016/9/28 20:29:09 -- # 4600000 sequences processed
2016/9/28 20:29:09 -- # 4700000 sequences processed
2016/9/28 20:29:09 -- # 4800000 sequences processed
2016/9/28 20:29:09 -- # 4900000 sequences processed
2016/9/28 20:29:09 -- # 5000000 sequences processed
2016/9/28 20:29:09 -- # 5100000 sequences processed
2016/9/28 20:29:09 -- # 5200000 sequences processed
2016/9/28 20:29:09 -- # 5300000 sequences processed
2016/9/28 20:29:09 -- # 5400000 sequences processed
2016/9/28 20:29:09 -- # 5500000 sequences processed
2016/9/28 20:29:09 -- # 5600000 sequences processed
2016/9/28 20:29:09 -- # 5700000 sequences processed
2016/9/28 20:29:09 -- # 5800000 sequences processed
2016/9/28 20:29:09 -- # 5900000 sequences processed
2016/9/28 20:29:09 -- # 6000000 sequences processed
2016/9/28 20:29:09 -- # 6100000 sequences processed
2016/9/28 20:29:09 -- # 6200000 sequences processed
2016/9/28 20:29:09 -- # 6300000 sequences processed
2016/9/28 20:29:16 -- # 6400000 sequences processed
2016/9/28 20:29:16 -- # 6500000 sequences processed
2016/9/28 20:29:16 -- # 6600000 sequences processed
2016/9/28 20:29:16 -- # 6700000 sequences processed
2016/9/28 20:29:16 -- # 6800000 sequences processed
2016/9/28 20:29:16 -- # 6900000 sequences processed
2016/9/28 20:29:16 -- # 7000000 sequences processed
2016/9/28 20:29:16 -- # 7100000 sequences processed
2016/9/28 20:29:16 -- # 7200000 sequences processed
2016/9/28 20:29:16 -- # 7300000 sequences processed
2016/9/28 20:29:16 -- # 7400000 sequences processed
2016/9/28 20:29:16 -- # 7500000 sequences processed
2016/9/28 20:29:16 -- # 7600000 sequences processed
2016/9/28 20:29:16 -- # 7700000 sequences processed
2016/9/28 20:29:16 -- # 7800000 sequences processed
2016/9/28 20:29:16 -- # 7900000 sequences processed
2016/9/28 20:29:16 -- # 8000000 sequences processed
2016/9/28 20:29:16 -- # 8100000 sequences processed
2016/9/28 20:29:16 -- # 8200000 sequences processed
2016/9/28 20:29:16 -- # 8300000 sequences processed
2016/9/28 20:29:16 -- # 8400000 sequences processed
2016/9/28 20:29:16 -- # 8500000 sequences processed
2016/9/28 20:29:16 -- # 8600000 sequences processed
2016/9/28 20:29:16 -- # 8700000 sequences processed
2016/9/28 20:29:16 -- # 8800000 sequences processed
2016/9/28 20:29:16 -- # 8900000 sequences processed
2016/9/28 20:29:16 -- # 9000000 sequences processed
2016/9/28 20:29:16 -- # 9100000 sequences processed
2016/9/28 20:29:16 -- # 9200000 sequences processed
2016/9/28 20:29:16 -- # 9300000 sequences processed
2016/9/28 20:29:16 -- # 9400000 sequences processed
2016/9/28 20:29:16 -- # 9500000 sequences processed
2016/9/28 20:29:16 -- # 9600000 sequences processed
2016/9/28 20:29:16 -- # 9700000 sequences processed
2016/9/28 20:29:16 -- # 9800000 sequences processed
2016/9/28 20:29:16 -- # 9900000 sequences processed
2016/9/28 20:29:16 -- # 10000000 sequences processed
2016/9/28 20:29:16 -- # 10100000 sequences processed
2016/9/28 20:29:16 -- # 10200000 sequences processed
2016/9/28 20:29:16 -- # 10300000 sequences processed
2016/9/28 20:29:16 -- # 10400000 sequences processed
2016/9/28 20:29:16 -- # 10500000 sequences processed
2016/9/28 20:29:16 -- # 10600000 sequences processed
2016/9/28 20:29:16 -- # 10700000 sequences processed
2016/9/28 20:29:16 -- # 10800000 sequences processed
2016/9/28 20:29:16 -- # 10900000 sequences processed
2016/9/28 20:29:16 -- # 11000000 sequences processed
2016/9/28 20:29:17 -- # 11100000 sequences processed
2016/9/28 20:29:17 -- # 11200000 sequences processed
2016/9/28 20:29:17 -- # 11300000 sequences processed
2016/9/28 20:29:17 -- # 11400000 sequences processed
2016/9/28 20:29:17 -- # 11500000 sequences processed
2016/9/28 20:29:17 -- # 11600000 sequences processed
2016/9/28 20:29:17 -- # 11700000 sequences processed
2016/9/28 20:29:17 -- # 11800000 sequences processed
2016/9/28 20:29:17 -- # 11900000 sequences processed
2016/9/28 20:29:17 -- Total 11945249 sequences processed... done
2016/9/28 20:29:17 -- [GEMMapper terminated successfully in 18s. (+11s. loading)]


 Performance counter stats for 'numactl --interleave=0-7 --physcpubind=0-63 bin/gem-mapper -t 64 -I /tmp/data/indexes/HG_index_GEM/index.gem -i /tmp/data/datasets/gcat_set_039_1.fastq -o /scratch/077-hpca4se-bioinf/jlenis/results/GEM-Interleave/2595651.GEM-Interleave.batman.t64.sam':

S0       16         1691451323 cache-misses                                                  (17.91%)
S0       16       608388452979 cycles                    #    0.000 GHz                      (21.69%)
S0       16       696761750051 instructions              #   18.43  insns per cycle        
                                             #    0.01  stalled cycles per insn  (27.56%)
S0       16              28741 cs                                                            (100.00%)
S0       16                326 migrations                                                    (100.00%)
S0       16              24742 faults                                                      
S0       16    <not supported> bus-cycles              
S0       16        50858393683 idle-cycles-frontend      #  134.55% frontend cycles idle     (21.63%)
S0       16        60138511840 idle-cycles-backend       #  159.10% backend  cycles idle     (22.44%)
S0       16       206507588917 L1-dcache-loads                                               (29.66%)
S0       16         2837648648 L1-dcache-load-misses     #   20.98% of all L1-dcache hits    (34.52%)
S0       16         3151743839 L1-dcache-stores                                              (33.35%)
S0       16    <not supported> L1-dcache-store-misses  
S0       16                  0 L1-dcache-prefetch-misses                                     (29.42%)
S0       16         1286919311 L1-icache-load-misses                                         (28.22%)
S0       16         6732556447 LLC-loads                                                     (10.92%)
S0       16         1728691433 LLC-stores                                                    (11.11%)
S0       16    <not supported> LLC-prefetches          
S0       16       344802387665 dTLB-loads                                                    (14.42%)
S0       16          328088307 dTLB-load-misses          #    1.62% of all dTLB cache hits   (12.96%)
S0       16    <not supported> dTLB-stores             
S0       16    <not supported> dTLB-store-misses       
S0       16       179529271548 iTLB-loads                                                    (14.15%)
S0       16             422276 iTLB-load-misses          #    0.00% of all iTLB cache hits   (9.64%)
S0       16        80080170693 branch-loads                                                  (14.06%)
S0       16         2117917247 branch-load-misses                                            (17.26%)
S1       16         1509740696 cache-misses                                                  (19.69%)
S1       16       608288719296 cycles                    #    0.000 GHz                      (23.43%)
S1       16       623048829562 instructions              #    0.00  insns per cycle          (29.48%)
S1       16               5997 cs                                                            (100.00%)
S1       16                268 migrations                                                    (100.00%)
S1       16              35217 faults                                                      
S1       16    <not supported> bus-cycles              
S1       16        82297230904 idle-cycles-frontend      #    0.00% frontend cycles idle     (19.84%)
S1       16        88950935126 idle-cycles-backend       #    0.00% backend  cycles idle     (19.64%)
S1       16       214063571729 L1-dcache-loads                                               (26.75%)
S1       16         2798827321 L1-dcache-load-misses                                         (33.14%)
S1       16         3980930395 L1-dcache-stores                                              (33.39%)
S1       16    <not supported> L1-dcache-store-misses  
S1       16                  0 L1-dcache-prefetch-misses                                     (32.59%)
S1       16         1223201999 L1-icache-load-misses                                         (30.34%)
S1       16         7120414313 LLC-loads                                                     (9.69%)
S1       16         2553958732 LLC-stores                                                    (8.56%)
S1       16    <not supported> LLC-prefetches          
S1       16       342125853465 dTLB-loads                                                    (13.03%)
S1       16          310666124 dTLB-load-misses                                              (13.39%)
S1       16    <not supported> dTLB-stores             
S1       16    <not supported> dTLB-store-misses       
S1       16       181334676102 iTLB-loads                                                    (13.99%)
S1       16             598470 iTLB-load-misses                                              (8.91%)
S1       16        80780379020 branch-loads                                                  (12.81%)
S1       16         2129036591 branch-load-misses                                            (16.90%)
S2       16         1470979735 cache-misses                                                  (20.39%)
S2       16       646669598122 cycles                    #    0.000 GHz                      (21.79%)
S2       16       645842888891 instructions              #    0.00  insns per cycle          (29.34%)
S2       16              35522 cs                                                            (100.00%)
S2       16                393 migrations                                                    (100.00%)
S2       16              78215 faults                                                      
S2       16    <not supported> bus-cycles              
S2       16        50675478346 idle-cycles-frontend      #    0.00% frontend cycles idle     (20.40%)
S2       16        65340226707 idle-cycles-backend       #    0.00% backend  cycles idle     (20.94%)
S2       16       212795589371 L1-dcache-loads                                               (27.74%)
S2       16         2699905473 L1-dcache-load-misses                                         (34.01%)
S2       16         3318990772 L1-dcache-stores                                              (32.40%)
S2       16    <not supported> L1-dcache-store-misses  
S2       16                  0 L1-dcache-prefetch-misses                                     (30.26%)
S2       16         1286881140 L1-icache-load-misses                                         (29.13%)
S2       16         5905795952 LLC-loads                                                     (10.34%)
S2       16         1737951592 LLC-stores                                                    (9.33%)
S2       16    <not supported> LLC-prefetches          
S2       16       319770938575 dTLB-loads                                                    (14.04%)
S2       16          293302670 dTLB-load-misses                                              (14.38%)
S2       16    <not supported> dTLB-stores             
S2       16    <not supported> dTLB-store-misses       
S2       16       175317612845 iTLB-loads                                                    (14.31%)
S2       16             448151 iTLB-load-misses                                              (8.79%)
S2       16        81192968756 branch-loads                                                  (12.94%)
S2       16         2106917652 branch-load-misses                                            (17.02%)
S3       16         1943907601 cache-misses                                                  (22.21%)
S3       16       555815509317 cycles                    #    0.000 GHz                      (24.08%)
S3       16       586299958373 instructions              #    0.00  insns per cycle          (31.40%)
S3       16              33775 cs                                                            (100.00%)
S3       16                371 migrations                                                    (100.00%)
S3       16              35058 faults                                                      
S3       16    <not supported> bus-cycles              
S3       16        54431016032 idle-cycles-frontend      #    0.00% frontend cycles idle     (20.83%)
S3       16        84204216969 idle-cycles-backend       #    0.00% backend  cycles idle     (17.86%)
S3       16       232323822051 L1-dcache-loads                                               (24.86%)
S3       16         3575723841 L1-dcache-load-misses                                         (27.46%)
S3       16         4483693422 L1-dcache-stores                                              (28.05%)
S3       16    <not supported> L1-dcache-store-misses  
S3       16                  0 L1-dcache-prefetch-misses                                     (25.17%)
S3       16         2020666889 L1-icache-load-misses                                         (26.09%)
S3       16         6778739326 LLC-loads                                                     (13.33%)
S3       16         1806842643 LLC-stores                                                    (10.29%)
S3       16    <not supported> LLC-prefetches          
S3       16       287962273093 dTLB-loads                                                    (15.24%)
S3       16          267226277 dTLB-load-misses                                              (14.78%)
S3       16    <not supported> dTLB-stores             
S3       16    <not supported> dTLB-store-misses       
S3       16       165464830029 iTLB-loads                                                    (14.29%)
S3       16             627768 iTLB-load-misses                                              (10.10%)
S3       16        64645781313 branch-loads                                                  (16.16%)
S3       16         1688487211 branch-load-misses                                            (21.55%)

      30.068175459 seconds time elapsed

#################################################################
# Test multi-threading - 64 threads - T6
#################################################################
