mkdir: cannot create directory `/scratch/077-hpca4se-bioinf/jlenis/results/GEM-Part': File exists
penguin
> Benchmarks for GEM3 : gcat_set_039_1
penguin
#################################################################
# Test multi-threading - 8 threads - T2
#################################################################
2595576.GEM-Part.penguin.Instance1.t16
#################################################################
# Test multi-threading - 8 threads - T2
#################################################################
2595576.GEM-Part.penguin.Instance2.t16
#################################################################
# Test multi-threading - 8 threads - T2
#################################################################
#################################################################
# Test multi-threading - 8 threads - T2
#################################################################
#################################################################
/var/log/slurm/log_slurmd//job2595576/slurm_script: line 93: [: missing `]'
