mkdir: cannot create directory `/scratch/077-hpca4se-bioinf/jlenis/results/GEM-Part': File exists
catwoman
> Benchmarks for GEM3 : gcat_set_039_1
catwoman
#################################################################
# Test multi-threading - 8 threads - T2
#################################################################
2595567.GEM-Part.catwoman.Instance1.t16
#################################################################
# Test multi-threading - 8 threads - T2
#################################################################
2595567.GEM-Part.catwoman.Instance2.t16
#################################################################
# Test multi-threading - 8 threads - T2
#################################################################
#################################################################
# Test multi-threading - 8 threads - T2
#################################################################
#################################################################
/var/log/slurm/log_slurmd//job2595567/slurm_script: line 90: [: missing `]'
