mkdir: cannot create directory `/scratch/077-hpca4se-bioinf/jlenis/results/SNAP-Part': File exists
catwoman
> Benchmarks for snap-beta.18: gcat_set_039_1
catwoman
#################################################################
# Test multi-threading - 8 threads - T2
#################################################################
2595546.SNAP-Part.catwoman.Instance1.t32
#################################################################
# Test multi-threading - 8 threads - T2
#################################################################
2595546.SNAP-Part.catwoman.Instance2.t32
Loading index from directory... Loading index from directory... 381s.  3137208264 bases, seed size 20
Aligning.
381s.  3137208264 bases, seed size 20
Aligning.
Total Reads    Aligned, MAPQ >= 10    Aligned, MAPQ < 10     Unaligned              Too Short/Too Many Ns     Reads/s   Time in Aligner (s)
5,972,624      5,653,745 (94.66%)     238,543 (3.99%)        80,336 (1.35%)         0 (0.00%)                 77,587    77
/var/log/slurm/log_slurmd//job2595546/slurm_script: line 73: [: missing `]'
Total Reads    Aligned, MAPQ >= 10    Aligned, MAPQ < 10     Unaligned              Too Short/Too Many Ns     Reads/s   Time in Aligner (s)
5,972,625      5,653,753 (94.66%)     238,130 (3.99%)        80,742 (1.35%)         0 (0.00%)                 38,307    156
