mkdir: cannot create directory `/scratch/077-hpca4se-bioinf/jlenis/results/SNAP-Part': File exists
penguin
> Benchmarks for snap-beta.18: gcat_set_039_1
penguin
#################################################################
# Test multi-threading - 32 threads - T2
#################################################################
2595555.SNAP-Part.penguin.Instance1.t32
#################################################################
# Test multi-threading - 32 threads - T2
#################################################################
2595555.SNAP-Part.penguin.Instance2.t32
Loading index from directory... Loading index from directory... 198s.  3137208264 bases, seed size 20
Aligning.
Total Reads    Aligned, MAPQ >= 10    Aligned, MAPQ < 10     Unaligned              Too Short/Too Many Ns     Reads/s   Time in Aligner (s)
5,972,624      5,653,745 (94.66%)     238,543 (3.99%)        80,336 (1.35%)         0 (0.00%)                 102,573   58
/var/log/slurm/log_slurmd//job2595555/slurm_script: line 73: [: missing `]'
280s.  3137208264 bases, seed size 20
Aligning.
Total Reads    Aligned, MAPQ >= 10    Aligned, MAPQ < 10     Unaligned              Too Short/Too Many Ns     Reads/s   Time in Aligner (s)
5,972,625      5,653,753 (94.66%)     238,130 (3.99%)        80,742 (1.35%)         0 (0.00%)                 43,498    137
