mkdir: cannot create directory `/scratch/077-hpca4se-bioinf/jlenis/results/MEM-Part': File exists
> Benchmarks for BWA 0.7.15: NIST7086_CGTACTAG_L002_R2_001
catwoman
#################################################################
# Warm up - 64 threads - T1
#################################################################
#################################################################
# Test multi-threading - 8 threads - T2
#################################################################
2594439.MEM-Part.catwoman.Instance1.t8
#################################################################
# Test multi-threading - 8 threads - T2
#################################################################
2594439.MEM-Part.catwoman.Instance2.t8
#################################################################
# Test multi-threading - 8 threads - T2
#################################################################
2594439.MEM-Part.catwoman.Instance3.t8
#################################################################
# Test multi-threading - 8 threads - T2
#################################################################
2594439.MEM-Part.catwoman.Instance4.t8
#################################################################
# Test multi-threading - 8 threads - T2
#################################################################
2594439.MEM-Part.catwoman.Instance5.t8
#################################################################
# Test multi-threading - 8 threads - T2
#################################################################
2594439.MEM-Part.catwoman.Instance6.t8
#################################################################
# Test multi-threading - 8 threads - T2
#################################################################
2594439.MEM-Part.catwoman.Instance7.t8
#################################################################
# Test multi-threading - 8 threads - T2
#################################################################
2594439.MEM-Part.catwoman.Instance8.t8
#################################################################
/var/log/slurm/log_slurmd//job2594439/slurm_script: line 136: [: missing `]'
/var/log/slurm/log_slurmd//job2594439/slurm_script: line 137: [: missing `]'
/var/log/slurm/log_slurmd//job2594439/slurm_script: line 138: [: missing `]'
/var/log/slurm/log_slurmd//job2594439/slurm_script: line 139: [: missing `]'
/var/log/slurm/log_slurmd//job2594439/slurm_script: line 140: [: missing `]'
/var/log/slurm/log_slurmd//job2594439/slurm_script: line 141: [: missing `]'
/var/log/slurm/log_slurmd//job2594439/slurm_script: line 142: [: missing `]'
