mkdir: cannot create directory `/scratch/077-hpca4se-bioinf/jlenis/results/BOWTIE2-Scalability': File exists
> Benchmarks for Bowtie2 2.2.6: NIST7086_CGTACTAG_L002_R2_001
catwoman
#################################################################
# Warm up - 64 threads - T1
#################################################################
WarmUp.2592614.BOWTIE2-Scalability.catwoman.t64
21535062 reads; of these:
  21535062 (100.00%) were unpaired; of these:
    970429 (4.51%) aligned 0 times
    14935119 (69.35%) aligned exactly 1 time
    5629514 (26.14%) aligned >1 times
95.49% overall alignment rate
#################################################################
# Test multi-threading - 8 threads - T2
#################################################################
2592614.BOWTIE2-Scalability.catwoman.t8
21535062 reads; of these:
  21535062 (100.00%) were unpaired; of these:
    970429 (4.51%) aligned 0 times
    14935119 (69.35%) aligned exactly 1 time
    5629514 (26.14%) aligned >1 times
95.49% overall alignment rate

 Performance counter stats for './bowtie2 -p 8 -x /tmp/data/indexes/HG_index_bowtie2/bowtie2_index /tmp/data/datasets/NIST7086_CGTACTAG_L002_R2_001.fastq -S /scratch/077-hpca4se-bioinf/jlenis/results/BOWTIE2-Scalability/2592614.BOWTIE2-Scalability.catwoman.t8.sam':

S0       16     13,529,875,252 cache-misses                                                  (22.01%)
S0       16  3,268,641,213,082 cycles                    #    0.000 GHz                      (21.62%)
S0       16  3,641,349,085,622 instructions              #   17.65  insns per cycle        
                                             #    0.07  stalled cycles per insn  (27.01%)
S0       16            231,294 cs                                                            (100.00%)
S0       16              2,825 migrations                                                    (100.00%)
S0       16             47,147 faults                                                      
S0       16    <not supported> bus-cycles              
S0       16  3,938,680,172,591 idle-cycles-frontend      #  1908.62% frontend cycles idle     (16.15%)
S0       16  1,410,772,697,379 idle-cycles-backend       #  683.64% backend  cycles idle     (16.38%)
S0       16  1,569,686,622,780 L1-dcache-loads                                               (21.85%)
S0       16     35,565,391,532 L1-dcache-load-misses     #   35.35% of all L1-dcache hits    (27.41%)
S0       16     42,008,622,853 L1-dcache-stores                                              (27.75%)
S0       16    <not supported> L1-dcache-store-misses  
S0       16                  0 L1-dcache-prefetch-misses                                     (27.80%)
S0       16     13,609,577,300 L1-icache-load-misses                                         (28.06%)
S0       16     55,934,668,713 LLC-loads                                                     (11.28%)
S0       16      7,599,634,036 LLC-stores                                                    (11.40%)
S0       16    <not supported> LLC-prefetches          
S0       16  1,585,118,588,646 dTLB-loads                                                    (16.99%)
S0       16        556,567,542 dTLB-load-misses          #    0.56% of all dTLB cache hits   (16.98%)
S0       16    <not supported> dTLB-stores             
S0       16    <not supported> dTLB-store-misses       
S0       16  1,004,156,075,170 iTLB-loads                                                    (17.00%)
S0       16          1,033,205 iTLB-load-misses          #    0.00% of all iTLB cache hits   (11.33%)
S0       16    408,201,064,846 branch-loads                                                  (16.93%)
S0       16     16,742,784,542 branch-load-misses                                            (22.36%)
S1       16     13,472,359,708 cache-misses                                                  (21.42%)
S1       16  3,270,582,947,744 cycles                    #    0.000 GHz                      (22.21%)
S1       16  3,645,712,628,608 instructions              #    0.00  insns per cycle          (27.75%)
S1       16             72,790 cs                                                            (100.00%)
S1       16                831 migrations                                                    (100.00%)
S1       16             28,863 faults                                                      
S1       16    <not supported> bus-cycles              
S1       16  3,759,204,275,715 idle-cycles-frontend      #    0.00% frontend cycles idle     (17.53%)
S1       16  1,400,381,948,578 idle-cycles-backend       #    0.00% backend  cycles idle     (16.65%)
S1       16  1,558,273,694,107 L1-dcache-loads                                               (22.41%)
S1       16     35,263,948,280 L1-dcache-load-misses                                         (27.83%)
S1       16     42,220,745,155 L1-dcache-stores                                              (27.92%)
S1       16    <not supported> L1-dcache-store-misses  
S1       16                  0 L1-dcache-prefetch-misses                                     (27.84%)
S1       16     13,626,793,364 L1-icache-load-misses                                         (27.95%)
S1       16     56,715,767,348 LLC-loads                                                     (10.82%)
S1       16      7,656,924,563 LLC-stores                                                    (11.05%)
S1       16    <not supported> LLC-prefetches          
S1       16  1,570,982,352,826 dTLB-loads                                                    (16.70%)
S1       16        488,787,051 dTLB-load-misses                                              (16.81%)
S1       16    <not supported> dTLB-stores             
S1       16    <not supported> dTLB-store-misses       
S1       16    995,761,027,586 iTLB-loads                                                    (16.65%)
S1       16            587,184 iTLB-load-misses                                              (11.06%)
S1       16    405,161,635,087 branch-loads                                                  (16.59%)
S1       16     16,640,459,625 branch-load-misses                                            (22.07%)
S2       16     13,292,257,654 cache-misses                                                  (22.35%)
S2       16  3,254,086,655,741 cycles                    #    0.000 GHz                      (21.37%)
S2       16  3,686,059,376,135 instructions              #    0.00  insns per cycle          (26.70%)
S2       16             83,856 cs                                                            (100.00%)
S2       16              4,308 migrations                                                    (100.00%)
S2       16             31,407 faults                                                      
S2       16    <not supported> bus-cycles              
S2       16  3,711,046,557,727 idle-cycles-frontend      #    0.00% frontend cycles idle     (17.59%)
S2       16  1,460,669,585,416 idle-cycles-backend       #    0.00% backend  cycles idle     (15.76%)
S2       16  1,585,977,282,656 L1-dcache-loads                                               (23.69%)
S2       16     35,740,165,784 L1-dcache-load-misses                                         (26.21%)
S2       16     41,770,385,406 L1-dcache-stores                                              (28.14%)
S2       16    <not supported> L1-dcache-store-misses  
S2       16                  0 L1-dcache-prefetch-misses                                     (24.96%)
S2       16     13,281,496,679 L1-icache-load-misses                                         (27.08%)
S2       16     54,283,784,429 LLC-loads                                                     (13.96%)
S2       16      7,317,027,772 LLC-stores                                                    (11.14%)
S2       16    <not supported> LLC-prefetches          
S2       16  1,537,567,009,570 dTLB-loads                                                    (17.67%)
S2       16        503,484,857 dTLB-load-misses                                              (17.99%)
S2       16    <not supported> dTLB-stores             
S2       16    <not supported> dTLB-store-misses       
S2       16    999,713,482,825 iTLB-loads                                                    (15.96%)
S2       16            611,935 iTLB-load-misses                                              (10.74%)
S2       16    407,095,895,767 branch-loads                                                  (16.42%)
S2       16     16,607,759,776 branch-load-misses                                            (22.91%)
S3       16     15,209,485,020 cache-misses                                                  (20.39%)
S3       16  3,413,873,292,551 cycles                    #    0.000 GHz                      (20.44%)
S3       16  4,131,430,786,387 instructions              #    0.00  insns per cycle          (27.40%)
S3       16             46,188 cs                                                            (100.00%)
S3       16                660 migrations                                                    (100.00%)
S3       16             48,812 faults                                                      
S3       16    <not supported> bus-cycles              
S3       16  3,881,409,247,204 idle-cycles-frontend      #    0.00% frontend cycles idle     (19.58%)
S3       16  1,271,676,635,459 idle-cycles-backend       #    0.00% backend  cycles idle     (15.27%)
S3       16  1,724,818,684,444 L1-dcache-loads                                               (23.74%)
S3       16     38,921,612,136 L1-dcache-load-misses                                         (27.96%)
S3       16     46,192,779,777 L1-dcache-stores                                              (28.01%)
S3       16    <not supported> L1-dcache-store-misses  
S3       16                  0 L1-dcache-prefetch-misses                                     (23.76%)
S3       16     14,578,052,989 L1-icache-load-misses                                         (26.76%)
S3       16     58,779,009,939 LLC-loads                                                     (13.92%)
S3       16      8,207,366,218 LLC-stores                                                    (13.88%)
S3       16    <not supported> LLC-prefetches          
S3       16  1,658,685,057,181 dTLB-loads                                                    (19.60%)
S3       16        559,660,011 dTLB-load-misses                                              (19.77%)
S3       16    <not supported> dTLB-stores             
S3       16    <not supported> dTLB-store-misses       
S3       16  1,051,775,132,545 iTLB-loads                                                    (15.32%)
S3       16          1,371,886 iTLB-load-misses                                              (10.91%)
S3       16    440,395,446,228 branch-loads                                                  (16.34%)
S3       16     18,272,276,960 branch-load-misses                                            (21.79%)

     623.540111220 seconds time elapsed

#################################################################
# Test multi-threading - 16 threads - T3
#################################################################
2592614.BOWTIE2-Scalability.catwoman.t16
21535062 reads; of these:
  21535062 (100.00%) were unpaired; of these:
    970429 (4.51%) aligned 0 times
    14935119 (69.35%) aligned exactly 1 time
    5629514 (26.14%) aligned >1 times
95.49% overall alignment rate

 Performance counter stats for './bowtie2 -p 16 -x /tmp/data/indexes/HG_index_bowtie2/bowtie2_index /tmp/data/datasets/NIST7086_CGTACTAG_L002_R2_001.fastq -S /scratch/077-hpca4se-bioinf/jlenis/results/BOWTIE2-Scalability/2592614.BOWTIE2-Scalability.catwoman.t16.sam':

S0       16     13,571,936,117 cache-misses                                                  (21.28%)
S0       16  3,505,089,002,569 cycles                    #    0.000 GHz                      (22.46%)
S0       16  3,591,256,022,344 instructions              #   16.23  insns per cycle        
                                             #    0.07  stalled cycles per insn  (27.86%)
S0       16            262,787 cs                                                            (100.00%)
S0       16              1,886 migrations                                                    (100.00%)
S0       16             60,127 faults                                                      
S0       16    <not supported> bus-cycles              
S0       16  4,060,575,755,156 idle-cycles-frontend      #  1835.20% frontend cycles idle     (18.12%)
S0       16  1,654,922,721,458 idle-cycles-backend       #  747.95% backend  cycles idle     (16.45%)
S0       16  1,579,369,220,599 L1-dcache-loads                                               (22.04%)
S0       16     35,324,408,118 L1-dcache-load-misses     #   35.57% of all L1-dcache hits    (27.47%)
S0       16     41,634,743,527 L1-dcache-stores                                              (27.80%)
S0       16    <not supported> L1-dcache-store-misses  
S0       16                  0 L1-dcache-prefetch-misses                                     (27.85%)
S0       16     13,637,126,823 L1-icache-load-misses                                         (27.89%)
S0       16     55,695,399,462 LLC-loads                                                     (10.91%)
S0       16      7,518,439,203 LLC-stores                                                    (11.09%)
S0       16    <not supported> LLC-prefetches          
S0       16  1,582,515,513,274 dTLB-loads                                                    (16.71%)
S0       16        672,457,906 dTLB-load-misses          #    0.66% of all dTLB cache hits   (16.68%)
S0       16    <not supported> dTLB-stores             
S0       16    <not supported> dTLB-store-misses       
S0       16  1,008,207,575,195 iTLB-loads                                                    (16.19%)
S0       16          2,756,620 iTLB-load-misses          #    0.00% of all iTLB cache hits   (11.10%)
S0       16    410,443,182,781 branch-loads                                                  (16.70%)
S0       16     16,761,284,895 branch-load-misses                                            (22.01%)
S1       16     13,684,119,518 cache-misses                                                  (21.65%)
S1       16  3,568,875,589,773 cycles                    #    0.000 GHz                      (21.38%)
S1       16  3,590,897,862,123 instructions              #    0.00  insns per cycle          (28.04%)
S1       16             76,951 cs                                                            (100.00%)
S1       16                928 migrations                                                    (100.00%)
S1       16             29,485 faults                                                      
S1       16    <not supported> bus-cycles              
S1       16  3,984,039,710,599 idle-cycles-frontend      #    0.00% frontend cycles idle     (17.74%)
S1       16  1,596,987,722,943 idle-cycles-backend       #    0.00% backend  cycles idle     (17.49%)
S1       16  1,528,867,756,680 L1-dcache-loads                                               (22.66%)
S1       16     34,531,120,070 L1-dcache-load-misses                                         (27.31%)
S1       16     41,175,586,972 L1-dcache-stores                                              (27.14%)
S1       16    <not supported> L1-dcache-store-misses  
S1       16                  0 L1-dcache-prefetch-misses                                     (27.35%)
S1       16     13,537,180,089 L1-icache-load-misses                                         (27.61%)
S1       16     55,716,069,572 LLC-loads                                                     (11.08%)
S1       16      7,561,555,414 LLC-stores                                                    (11.16%)
S1       16    <not supported> LLC-prefetches          
S1       16  1,595,977,535,074 dTLB-loads                                                    (16.75%)
S1       16        709,050,937 dTLB-load-misses                                              (16.89%)
S1       16    <not supported> dTLB-stores             
S1       16    <not supported> dTLB-store-misses       
S1       16  1,011,416,747,892 iTLB-loads                                                    (16.53%)
S1       16          1,875,838 iTLB-load-misses                                              (11.11%)
S1       16    410,266,047,364 branch-loads                                                  (16.78%)
S1       16     16,803,211,771 branch-load-misses                                            (22.29%)
S2       16     13,611,086,899 cache-misses                                                  (22.65%)
S2       16  3,522,962,218,380 cycles                    #    0.000 GHz                      (20.26%)
S2       16  3,587,983,973,579 instructions              #    0.00  insns per cycle          (26.41%)
S2       16             79,685 cs                                                            (100.00%)
S2       16              7,373 migrations                                                    (100.00%)
S2       16             33,626 faults                                                      
S2       16    <not supported> bus-cycles              
S2       16  4,073,530,516,775 idle-cycles-frontend      #    0.00% frontend cycles idle     (18.89%)
S2       16  1,640,497,755,165 idle-cycles-backend       #    0.00% backend  cycles idle     (17.52%)
S2       16  1,546,048,593,895 L1-dcache-loads                                               (23.45%)
S2       16     35,164,090,367 L1-dcache-load-misses                                         (27.75%)
S2       16     41,434,924,452 L1-dcache-stores                                              (28.34%)
S2       16    <not supported> L1-dcache-store-misses  
S2       16                  0 L1-dcache-prefetch-misses                                     (25.96%)
S2       16     13,534,081,977 L1-icache-load-misses                                         (25.31%)
S2       16     55,334,515,182 LLC-loads                                                     (12.66%)
S2       16      7,357,308,183 LLC-stores                                                    (12.09%)
S2       16    <not supported> LLC-prefetches          
S2       16  1,586,518,349,991 dTLB-loads                                                    (17.96%)
S2       16        624,869,238 dTLB-load-misses                                              (16.72%)
S2       16    <not supported> dTLB-stores             
S2       16    <not supported> dTLB-store-misses       
S2       16  1,021,194,806,424 iTLB-loads                                                    (16.38%)
S2       16          1,829,561 iTLB-load-misses                                              (10.86%)
S2       16    405,657,418,374 branch-loads                                                  (16.64%)
S2       16     16,744,718,313 branch-load-misses                                            (21.94%)
S3       16     15,289,986,550 cache-misses                                                  (22.03%)
S3       16  3,563,773,866,027 cycles                    #    0.000 GHz                      (22.23%)
S3       16  4,005,498,597,193 instructions              #    0.00  insns per cycle          (28.05%)
S3       16             30,056 cs                                                            (100.00%)
S3       16                344 migrations                                                    (100.00%)
S3       16             35,303 faults                                                      
S3       16    <not supported> bus-cycles              
S3       16  3,999,395,801,443 idle-cycles-frontend      #    0.00% frontend cycles idle     (16.85%)
S3       16  1,405,743,355,786 idle-cycles-backend       #    0.00% backend  cycles idle     (16.56%)
S3       16  1,700,906,410,631 L1-dcache-loads                                               (22.07%)
S3       16     38,370,402,566 L1-dcache-load-misses                                         (27.50%)
S3       16     46,090,384,578 L1-dcache-stores                                              (27.06%)
S3       16    <not supported> L1-dcache-store-misses  
S3       16                  0 L1-dcache-prefetch-misses                                     (27.24%)
S3       16     15,113,859,337 L1-icache-load-misses                                         (27.32%)
S3       16     61,993,757,153 LLC-loads                                                     (11.27%)
S3       16      8,263,117,745 LLC-stores                                                    (11.43%)
S3       16    <not supported> LLC-prefetches          
S3       16  1,738,861,210,312 dTLB-loads                                                    (17.12%)
S3       16        753,921,121 dTLB-load-misses                                              (16.95%)
S3       16    <not supported> dTLB-stores             
S3       16    <not supported> dTLB-store-misses       
S3       16  1,108,724,154,608 iTLB-loads                                                    (17.02%)
S3       16          1,812,828 iTLB-load-misses                                              (11.12%)
S3       16    452,465,292,434 branch-loads                                                  (16.59%)
S3       16     18,647,474,468 branch-load-misses                                            (21.91%)

     344.796335225 seconds time elapsed

#################################################################
# Test multi-threading - 32 threads - T4 
#################################################################
2592614.BOWTIE2-Scalability.catwoman.t32
21535062 reads; of these:
  21535062 (100.00%) were unpaired; of these:
    970429 (4.51%) aligned 0 times
    14935119 (69.35%) aligned exactly 1 time
    5629514 (26.14%) aligned >1 times
95.49% overall alignment rate

 Performance counter stats for './bowtie2 -p 32 -x /tmp/data/indexes/HG_index_bowtie2/bowtie2_index /tmp/data/datasets/NIST7086_CGTACTAG_L002_R2_001.fastq -S /scratch/077-hpca4se-bioinf/jlenis/results/BOWTIE2-Scalability/2592614.BOWTIE2-Scalability.catwoman.t32.sam':

S0       16     14,588,272,812 cache-misses                                                  (20.31%)
S0       16  4,267,192,370,955 cycles                    #    0.000 GHz                      (22.35%)
S0       16  3,759,802,582,033 instructions              #   14.39  insns per cycle        
                                             #    0.08  stalled cycles per insn  (28.10%)
S0       16            381,680 cs                                                            (100.00%)
S0       16              3,488 migrations                                                    (100.00%)
S0       16             99,897 faults                                                      
S0       16    <not supported> bus-cycles              
S0       16  4,741,598,455,909 idle-cycles-frontend      #  1814.48% frontend cycles idle     (18.87%)
S0       16  1,866,208,174,745 idle-cycles-backend       #  714.15% backend  cycles idle     (17.14%)
S0       16  1,591,433,967,550 L1-dcache-loads                                               (22.53%)
S0       16     36,249,469,634 L1-dcache-load-misses     #   36.68% of all L1-dcache hits    (28.14%)
S0       16     42,813,796,141 L1-dcache-stores                                              (27.78%)
S0       16    <not supported> L1-dcache-store-misses  
S0       16                  0 L1-dcache-prefetch-misses                                     (27.66%)
S0       16     14,520,121,832 L1-icache-load-misses                                         (27.68%)
S0       16     57,881,509,615 LLC-loads                                                     (11.21%)
S0       16      7,408,453,459 LLC-stores                                                    (11.03%)
S0       16    <not supported> LLC-prefetches          
S0       16  1,638,393,307,915 dTLB-loads                                                    (16.59%)
S0       16        767,987,434 dTLB-load-misses          #    0.74% of all dTLB cache hits   (16.56%)
S0       16    <not supported> dTLB-stores             
S0       16    <not supported> dTLB-store-misses       
S0       16  1,031,901,760,503 iTLB-loads                                                    (16.46%)
S0       16          9,810,104 iTLB-load-misses          #    0.01% of all iTLB cache hits   (10.75%)
S0       16    424,356,198,750 branch-loads                                                  (16.05%)
S0       16     17,320,854,459 branch-load-misses                                            (21.52%)
S1       16     14,248,158,141 cache-misses                                                  (22.11%)
S1       16  4,147,977,653,466 cycles                    #    0.000 GHz                      (22.25%)
S1       16  3,637,735,295,483 instructions              #    0.00  insns per cycle          (27.72%)
S1       16            112,520 cs                                                            (100.00%)
S1       16                727 migrations                                                    (100.00%)
S1       16             33,572 faults                                                      
S1       16    <not supported> bus-cycles              
S1       16  4,589,757,617,639 idle-cycles-frontend      #    0.00% frontend cycles idle     (16.98%)
S1       16  1,895,790,662,766 idle-cycles-backend       #    0.00% backend  cycles idle     (16.87%)
S1       16  1,577,743,388,902 L1-dcache-loads                                               (22.36%)
S1       16     35,975,034,652 L1-dcache-load-misses                                         (27.85%)
S1       16     42,717,506,411 L1-dcache-stores                                              (27.76%)
S1       16    <not supported> L1-dcache-store-misses  
S1       16                  0 L1-dcache-prefetch-misses                                     (27.35%)
S1       16     14,346,971,046 L1-icache-load-misses                                         (27.15%)
S1       16     57,648,236,034 LLC-loads                                                     (11.05%)
S1       16      7,325,695,490 LLC-stores                                                    (10.99%)
S1       16    <not supported> LLC-prefetches          
S1       16  1,611,380,530,959 dTLB-loads                                                    (16.78%)
S1       16        769,462,632 dTLB-load-misses                                              (16.73%)
S1       16    <not supported> dTLB-stores             
S1       16    <not supported> dTLB-store-misses       
S1       16  1,015,770,260,621 iTLB-loads                                                    (17.05%)
S1       16          6,212,814 iTLB-load-misses                                              (11.47%)
S1       16    415,632,388,197 branch-loads                                                  (16.78%)
S1       16     16,984,147,346 branch-load-misses                                            (22.31%)
S2       16     14,028,936,830 cache-misses                                                  (21.74%)
S2       16  4,151,978,532,240 cycles                    #    0.000 GHz                      (21.10%)
S2       16  3,498,917,744,475 instructions              #    0.00  insns per cycle          (26.48%)
S2       16             56,277 cs                                                            (100.00%)
S2       16                509 migrations                                                    (100.00%)
S2       16             11,599 faults                                                      
S2       16    <not supported> bus-cycles              
S2       16  4,524,325,978,261 idle-cycles-frontend      #    0.00% frontend cycles idle     (17.71%)
S2       16  1,885,157,177,734 idle-cycles-backend       #    0.00% backend  cycles idle     (15.62%)
S2       16  1,460,228,638,707 L1-dcache-loads                                               (23.56%)
S2       16     34,817,407,366 L1-dcache-load-misses                                         (25.58%)
S2       16     41,211,568,760 L1-dcache-stores                                              (27.99%)
S2       16    <not supported> L1-dcache-store-misses  
S2       16                  0 L1-dcache-prefetch-misses                                     (25.62%)
S2       16     13,620,560,545 L1-icache-load-misses                                         (27.41%)
S2       16     56,796,424,957 LLC-loads                                                     (14.55%)
S2       16      7,477,909,137 LLC-stores                                                    (10.75%)
S2       16    <not supported> LLC-prefetches          
S2       16  1,572,626,716,774 dTLB-loads                                                    (17.11%)
S2       16        746,877,237 dTLB-load-misses                                              (17.16%)
S2       16    <not supported> dTLB-stores             
S2       16    <not supported> dTLB-store-misses       
S2       16    992,141,204,051 iTLB-loads                                                    (16.38%)
S2       16          4,224,138 iTLB-load-misses                                              (10.98%)
S2       16    407,004,112,255 branch-loads                                                  (16.00%)
S2       16     16,646,748,574 branch-load-misses                                            (22.54%)
S3       16     16,047,434,251 cache-misses                                                  (21.53%)
S3       16  4,157,357,997,377 cycles                    #    0.000 GHz                      (22.28%)
S3       16  4,020,126,330,830 instructions              #    0.00  insns per cycle          (27.96%)
S3       16             50,320 cs                                                            (100.00%)
S3       16                823 migrations                                                    (100.00%)
S3       16             30,569 faults                                                      
S3       16    <not supported> bus-cycles              
S3       16  4,557,857,764,059 idle-cycles-frontend      #    0.00% frontend cycles idle     (17.80%)
S3       16  1,648,516,727,371 idle-cycles-backend       #    0.00% backend  cycles idle     (16.95%)
S3       16  1,696,305,952,756 L1-dcache-loads                                               (22.77%)
S3       16     39,266,468,293 L1-dcache-load-misses                                         (28.42%)
S3       16     46,649,713,794 L1-dcache-stores                                              (28.13%)
S3       16    <not supported> L1-dcache-store-misses  
S3       16                  0 L1-dcache-prefetch-misses                                     (28.05%)
S3       16     15,577,448,079 L1-icache-load-misses                                         (27.60%)
S3       16     64,553,753,645 LLC-loads                                                     (10.79%)
S3       16      8,848,035,169 LLC-stores                                                    (11.20%)
S3       16    <not supported> LLC-prefetches          
S3       16  1,787,115,487,049 dTLB-loads                                                    (16.89%)
S3       16        837,978,447 dTLB-load-misses                                              (16.71%)
S3       16    <not supported> dTLB-stores             
S3       16    <not supported> dTLB-store-misses       
S3       16  1,155,837,434,851 iTLB-loads                                                    (16.14%)
S3       16          6,320,276 iTLB-load-misses                                              (10.95%)
S3       16    472,792,600,339 branch-loads                                                  (16.44%)
S3       16     19,270,278,233 branch-load-misses                                            (21.74%)

     208.227104954 seconds time elapsed

#################################################################
# Test multi-threading - 48 threads - T5
#################################################################
2592614.BOWTIE2-Scalability.catwoman.t48
21535062 reads; of these:
  21535062 (100.00%) were unpaired; of these:
    970429 (4.51%) aligned 0 times
    14935119 (69.35%) aligned exactly 1 time
    5629514 (26.14%) aligned >1 times
95.49% overall alignment rate

 Performance counter stats for './bowtie2 -p 48 -x /tmp/data/indexes/HG_index_bowtie2/bowtie2_index /tmp/data/datasets/NIST7086_CGTACTAG_L002_R2_001.fastq -S /scratch/077-hpca4se-bioinf/jlenis/results/BOWTIE2-Scalability/2592614.BOWTIE2-Scalability.catwoman.t48.sam':

S0       16     16,038,244,212 cache-misses                                                  (22.15%)
S0       16  9,795,274,428,369 cycles                    #    0.000 GHz                      (20.86%)
S0       16  4,092,267,991,039 instructions              #    6.93  insns per cycle        
                                             #    0.13  stalled cycles per insn  (27.86%)
S0       16          1,517,473 cs                                                            (100.00%)
S0       16              4,534 migrations                                                    (100.00%)
S0       16             89,215 faults                                                      
S0       16    <not supported> bus-cycles              
S0       16  8,420,171,488,958 idle-cycles-frontend      #  1425.23% frontend cycles idle     (18.23%)
S0       16  1,051,671,619,370 idle-cycles-backend       #  178.01% backend  cycles idle     (16.65%)
S0       16  1,794,268,908,677 L1-dcache-loads                                               (22.99%)
S0       16     36,327,902,989 L1-dcache-load-misses     #   32.75% of all L1-dcache hits    (26.40%)
S0       16     44,630,928,803 L1-dcache-stores                                              (27.70%)
S0       16    <not supported> L1-dcache-store-misses  
S0       16                  0 L1-dcache-prefetch-misses                                     (25.64%)
S0       16     16,032,142,493 L1-icache-load-misses                                         (26.43%)
S0       16     61,200,466,807 LLC-loads                                                     (13.22%)
S0       16      9,847,264,158 LLC-stores                                                    (11.03%)
S0       16    <not supported> LLC-prefetches          
S0       16  1,820,502,241,152 dTLB-loads                                                    (17.35%)
S0       16      1,390,859,679 dTLB-load-misses          #    1.24% of all dTLB cache hits   (17.33%)
S0       16    <not supported> dTLB-stores             
S0       16    <not supported> dTLB-store-misses       
S0       16  1,096,193,046,999 iTLB-loads                                                    (16.69%)
S0       16         50,356,675 iTLB-load-misses          #    0.07% of all iTLB cache hits   (11.08%)
S0       16    480,887,793,874 branch-loads                                                  (16.57%)
S0       16     18,636,835,349 branch-load-misses                                            (22.02%)
S1       16     15,958,863,652 cache-misses                                                  (22.25%)
S1       16  9,912,150,688,728 cycles                    #    0.000 GHz                      (22.33%)
S1       16  4,181,586,414,742 instructions              #    0.00  insns per cycle          (27.88%)
S1       16            891,923 cs                                                            (100.00%)
S1       16              2,929 migrations                                                    (100.00%)
S1       16             90,302 faults                                                      
S1       16    <not supported> bus-cycles              
S1       16  7,923,915,612,765 idle-cycles-frontend      #    0.00% frontend cycles idle     (16.70%)
S1       16  1,255,840,470,096 idle-cycles-backend       #    0.00% backend  cycles idle     (16.60%)
S1       16  1,849,386,103,478 L1-dcache-loads                                               (22.12%)
S1       16     37,292,177,089 L1-dcache-load-misses                                         (27.61%)
S1       16     45,720,888,034 L1-dcache-stores                                              (27.55%)
S1       16    <not supported> L1-dcache-store-misses  
S1       16                  0 L1-dcache-prefetch-misses                                     (27.57%)
S1       16     16,129,101,722 L1-icache-load-misses                                         (27.61%)
S1       16     61,386,121,139 LLC-loads                                                     (11.20%)
S1       16      9,403,623,844 LLC-stores                                                    (11.33%)
S1       16    <not supported> LLC-prefetches          
S1       16  1,839,839,223,918 dTLB-loads                                                    (16.77%)
S1       16      1,533,714,999 dTLB-load-misses                                              (16.58%)
S1       16    <not supported> dTLB-stores             
S1       16    <not supported> dTLB-store-misses       
S1       16  1,128,867,379,911 iTLB-loads                                                    (16.64%)
S1       16         56,626,544 iTLB-load-misses                                              (11.18%)
S1       16    485,710,464,727 branch-loads                                                  (16.72%)
S1       16     18,952,428,845 branch-load-misses                                            (22.22%)
S2       16     15,023,825,642 cache-misses                                                  (22.05%)
S2       16  8,687,161,352,666 cycles                    #    0.000 GHz                      (21.10%)
S2       16  3,675,198,262,393 instructions              #    0.00  insns per cycle          (28.10%)
S2       16            524,815 cs                                                            (100.00%)
S2       16              2,890 migrations                                                    (100.00%)
S2       16             59,505 faults                                                      
S2       16    <not supported> bus-cycles              
S2       16  8,575,156,544,338 idle-cycles-frontend      #    0.00% frontend cycles idle     (18.35%)
S2       16  1,291,345,564,011 idle-cycles-backend       #    0.00% backend  cycles idle     (16.81%)
S2       16  1,611,984,409,426 L1-dcache-loads                                               (22.83%)
S2       16     32,608,370,972 L1-dcache-load-misses                                         (28.30%)
S2       16     39,639,066,366 L1-dcache-stores                                              (27.90%)
S2       16    <not supported> L1-dcache-store-misses  
S2       16                  0 L1-dcache-prefetch-misses                                     (25.70%)
S2       16     14,983,382,800 L1-icache-load-misses                                         (26.45%)
S2       16     54,521,853,772 LLC-loads                                                     (12.48%)
S2       16      8,103,205,244 LLC-stores                                                    (12.26%)
S2       16    <not supported> LLC-prefetches          
S2       16  1,657,954,531,141 dTLB-loads                                                    (17.65%)
S2       16      1,117,469,366 dTLB-load-misses                                              (16.84%)
S2       16    <not supported> dTLB-stores             
S2       16    <not supported> dTLB-store-misses       
S2       16  1,018,914,193,619 iTLB-loads                                                    (15.87%)
S2       16         35,072,789 iTLB-load-misses                                              (11.07%)
S2       16    437,189,012,690 branch-loads                                                  (16.58%)
S2       16     16,764,896,796 branch-load-misses                                            (21.95%)
S3       16     15,856,218,199 cache-misses                                                  (22.42%)
S3       16  9,416,218,118,618 cycles                    #    0.000 GHz                      (22.35%)
S3       16  4,114,860,522,464 instructions              #    0.00  insns per cycle          (28.23%)
S3       16            644,959 cs                                                            (100.00%)
S3       16              1,779 migrations                                                    (100.00%)
S3       16             36,812 faults                                                      
S3       16    <not supported> bus-cycles              
S3       16  8,045,543,246,540 idle-cycles-frontend      #    0.00% frontend cycles idle     (17.18%)
S3       16  1,187,802,542,123 idle-cycles-backend       #    0.00% backend  cycles idle     (16.46%)
S3       16  1,844,613,030,033 L1-dcache-loads                                               (22.31%)
S3       16     37,015,794,679 L1-dcache-load-misses                                         (27.40%)
S3       16     45,503,410,168 L1-dcache-stores                                              (27.00%)
S3       16    <not supported> L1-dcache-store-misses  
S3       16                  0 L1-dcache-prefetch-misses                                     (26.50%)
S3       16     16,063,479,814 L1-icache-load-misses                                         (26.94%)
S3       16     60,907,033,913 LLC-loads                                                     (11.95%)
S3       16      9,302,645,167 LLC-stores                                                    (12.22%)
S3       16    <not supported> LLC-prefetches          
S3       16  1,858,640,594,894 dTLB-loads                                                    (17.17%)
S3       16      1,469,902,721 dTLB-load-misses                                              (16.34%)
S3       16    <not supported> dTLB-stores             
S3       16    <not supported> dTLB-store-misses       
S3       16  1,131,717,455,964 iTLB-loads                                                    (16.41%)
S3       16         50,330,544 iTLB-load-misses                                              (11.24%)
S3       16    485,858,784,814 branch-loads                                                  (16.69%)
S3       16     18,837,930,698 branch-load-misses                                            (22.30%)

     309.161484492 seconds time elapsed

#################################################################
# Test multi-threading - 64 threads - T6
#################################################################
2592614.BOWTIE2-Scalability.catwoman.t64
21535062 reads; of these:
  21535062 (100.00%) were unpaired; of these:
    970429 (4.51%) aligned 0 times
    14935119 (69.35%) aligned exactly 1 time
    5629514 (26.14%) aligned >1 times
95.49% overall alignment rate

 Performance counter stats for './bowtie2 -p 64 -x /tmp/data/indexes/HG_index_bowtie2/bowtie2_index /tmp/data/datasets/NIST7086_CGTACTAG_L002_R2_001.fastq -S /scratch/077-hpca4se-bioinf/jlenis/results/BOWTIE2-Scalability/2592614.BOWTIE2-Scalability.catwoman.t64.sam':

S0       16     17,174,315,961 cache-misses                                                  (22.19%)
S0       16 22,232,942,048,715 cycles                    #    0.000 GHz                      (21.72%)
S0       16  4,012,144,658,064 instructions              #    2.85  insns per cycle        
                                             #    0.15  stalled cycles per insn  (27.98%)
S0       16          8,312,335 cs                                                            (100.00%)
S0       16              7,667 migrations                                                    (100.00%)
S0       16            187,230 faults                                                      
S0       16    <not supported> bus-cycles              
S0       16  9,451,004,593,457 idle-cycles-frontend      #  671.65% frontend cycles idle     (17.54%)
S0       16  5,280,572,936,848 idle-cycles-backend       #  375.27% backend  cycles idle     (16.65%)
S0       16  1,785,043,207,526 L1-dcache-loads                                               (22.58%)
S0       16     37,872,506,991 L1-dcache-load-misses     #   34.17% of all L1-dcache hits    (27.40%)
S0       16     45,505,523,351 L1-dcache-stores                                              (27.70%)
S0       16    <not supported> L1-dcache-store-misses  
S0       16                  0 L1-dcache-prefetch-misses                                     (26.67%)
S0       16     17,236,936,392 L1-icache-load-misses                                         (27.06%)
S0       16     63,193,306,911 LLC-loads                                                     (12.12%)
S0       16      9,858,402,584 LLC-stores                                                    (11.45%)
S0       16    <not supported> LLC-prefetches          
S0       16  1,794,411,510,881 dTLB-loads                                                    (17.35%)
S0       16      1,760,429,418 dTLB-load-misses          #    1.57% of all dTLB cache hits   (16.97%)
S0       16    <not supported> dTLB-stores             
S0       16    <not supported> dTLB-store-misses       
S0       16  1,109,785,595,205 iTLB-loads                                                    (16.59%)
S0       16         98,089,234 iTLB-load-misses          #    0.14% of all iTLB cache hits   (11.04%)
S0       16    471,046,418,644 branch-loads                                                  (16.60%)
S0       16     18,518,319,742 branch-load-misses                                            (22.12%)
S1       16     17,244,531,166 cache-misses                                                  (22.18%)
S1       16 22,633,378,313,278 cycles                    #    0.000 GHz                      (22.29%)
S1       16  4,173,904,127,912 instructions              #    0.00  insns per cycle          (27.95%)
S1       16          2,426,805 cs                                                            (100.00%)
S1       16              1,716 migrations                                                    (100.00%)
S1       16             69,094 faults                                                      
S1       16    <not supported> bus-cycles              
S1       16  9,326,562,124,837 idle-cycles-frontend      #    0.00% frontend cycles idle     (16.90%)
S1       16  5,110,631,985,062 idle-cycles-backend       #    0.00% backend  cycles idle     (16.85%)
S1       16  1,832,676,636,712 L1-dcache-loads                                               (22.39%)
S1       16     38,723,639,108 L1-dcache-load-misses                                         (27.92%)
S1       16     46,752,854,270 L1-dcache-stores                                              (27.76%)
S1       16    <not supported> L1-dcache-store-misses  
S1       16                  0 L1-dcache-prefetch-misses                                     (27.68%)
S1       16     17,396,353,955 L1-icache-load-misses                                         (27.65%)
S1       16     64,737,690,299 LLC-loads                                                     (11.09%)
S1       16     10,327,044,132 LLC-stores                                                    (11.08%)
S1       16    <not supported> LLC-prefetches          
S1       16  1,858,245,247,438 dTLB-loads                                                    (16.62%)
S1       16      1,784,583,029 dTLB-load-misses                                              (16.60%)
S1       16    <not supported> dTLB-stores             
S1       16    <not supported> dTLB-store-misses       
S1       16  1,146,883,902,952 iTLB-loads                                                    (16.61%)
S1       16        101,579,979 iTLB-load-misses                                              (11.07%)
S1       16    486,095,405,022 branch-loads                                                  (16.61%)
S1       16     19,184,177,777 branch-load-misses                                            (22.13%)
S2       16     16,832,306,869 cache-misses                                                  (22.16%)
S2       16 22,580,560,996,342 cycles                    #    0.000 GHz                      (20.58%)
S2       16  4,022,196,916,997 instructions              #    0.00  insns per cycle          (27.19%)
S2       16          2,103,764 cs                                                            (100.00%)
S2       16              1,436 migrations                                                    (100.00%)
S2       16             45,634 faults                                                      
S2       16    <not supported> bus-cycles              
S2       16  9,133,205,982,943 idle-cycles-frontend      #    0.00% frontend cycles idle     (17.60%)
S2       16  5,234,183,758,311 idle-cycles-backend       #    0.00% backend  cycles idle     (16.46%)
S2       16  1,768,201,426,946 L1-dcache-loads                                               (23.41%)
S2       16     37,433,491,502 L1-dcache-load-misses                                         (25.83%)
S2       16     44,941,417,932 L1-dcache-stores                                              (27.86%)
S2       16    <not supported> L1-dcache-store-misses  
S2       16                  0 L1-dcache-prefetch-misses                                     (24.61%)
S2       16     16,911,781,391 L1-icache-load-misses                                         (26.98%)
S2       16     62,696,033,606 LLC-loads                                                     (14.15%)
S2       16      9,889,106,430 LLC-stores                                                    (11.07%)
S2       16    <not supported> LLC-prefetches          
S2       16  1,793,312,120,474 dTLB-loads                                                    (17.65%)
S2       16      1,769,233,124 dTLB-load-misses                                              (17.66%)
S2       16    <not supported> dTLB-stores             
S2       16    <not supported> dTLB-store-misses       
S2       16  1,107,996,949,598 iTLB-loads                                                    (16.59%)
S2       16         97,450,620 iTLB-load-misses                                              (11.09%)
S2       16    469,076,659,396 branch-loads                                                  (16.61%)
S2       16     18,499,456,362 branch-load-misses                                            (22.79%)
S3       16     16,211,026,683 cache-misses                                                  (22.13%)
S3       16 22,609,907,739,697 cycles                    #    0.000 GHz                      (22.28%)
S3       16  3,880,963,881,895 instructions              #    0.00  insns per cycle          (27.99%)
S3       16          1,970,285 cs                                                            (100.00%)
S3       16              1,392 migrations                                                    (100.00%)
S3       16             71,392 faults                                                      
S3       16    <not supported> bus-cycles              
S3       16 10,277,846,544,674 idle-cycles-frontend      #    0.00% frontend cycles idle     (16.98%)
S3       16  5,103,996,630,314 idle-cycles-backend       #    0.00% backend  cycles idle     (16.82%)
S3       16  1,708,553,817,697 L1-dcache-loads                                               (22.34%)
S3       16     36,374,063,416 L1-dcache-load-misses                                         (27.87%)
S3       16     44,144,927,320 L1-dcache-stores                                              (27.71%)
S3       16    <not supported> L1-dcache-store-misses  
S3       16                  0 L1-dcache-prefetch-misses                                     (27.66%)
S3       16     16,269,793,279 L1-icache-load-misses                                         (27.69%)
S3       16     60,921,027,746 LLC-loads                                                     (11.11%)
S3       16     10,153,498,557 LLC-stores                                                    (11.07%)
S3       16    <not supported> LLC-prefetches          
S3       16  1,736,466,488,117 dTLB-loads                                                    (16.60%)
S3       16      1,690,264,778 dTLB-load-misses                                              (16.57%)
S3       16    <not supported> dTLB-stores             
S3       16    <not supported> dTLB-store-misses       
S3       16  1,068,028,997,178 iTLB-loads                                                    (16.61%)
S3       16         95,216,479 iTLB-load-misses                                              (11.08%)
S3       16    453,230,258,582 branch-loads                                                  (16.61%)
S3       16     18,044,415,172 branch-load-misses                                            (22.11%)

     559.963687496 seconds time elapsed

