mkdir: cannot create directory `/scratch/077-hpca4se-bioinf/jlenis/results/MEM-Scalability': File exists
> Benchmarks for BWA 0.7.15: NIST7086_CGTACTAG_L002_R2_001
penguin
#################################################################
# Warm up - 64 threads - T1
#################################################################
WarmUp.2592602.MEM-Scalability.penguin.t64
[M::bwa_idx_load_from_disk] read 0 ALT contigs
[M::process] read 6336634 sequences (640000034 bp)...
[M::mem_process_seqs] Processed 6336634 reads in 4470.205 CPU sec, 90.643 real sec
[M::process] read 6336634 sequences (640000034 bp)...
[M::process] read 6336634 sequences (640000034 bp)...
[M::mem_process_seqs] Processed 6336634 reads in 3173.575 CPU sec, 51.434 real sec
[M::mem_process_seqs] Processed 6336634 reads in 3160.700 CPU sec, 50.512 real sec
[M::process] read 2525160 sequences (255041160 bp)...
[M::mem_process_seqs] Processed 2525160 reads in 1298.397 CPU sec, 20.819 real sec
[main] Version: 0.7.15-r1140
[main] CMD: ./bwa mem -t 64 /tmp/data/indexes/HG_index_BWA_default/hsapiens_v37.fa /tmp/data/datasets/NIST7086_CGTACTAG_L002_R2_001.fastq
[main] Real time: 243.714 sec; CPU: 12145.722 sec
#################################################################
# Test multi-threading - 8 threads - T2
#################################################################
2592602.MEM-Scalability.penguin.t8
[M::bwa_idx_load_from_disk] read 0 ALT contigs
[M::process] read 792080 sequences (80000080 bp)...
[M::process] read 792080 sequences (80000080 bp)...
[M::mem_process_seqs] Processed 792080 reads in 197.106 CPU sec, 24.632 real sec
[M::process] read 792080 sequences (80000080 bp)...
[M::mem_process_seqs] Processed 792080 reads in 193.326 CPU sec, 24.005 real sec
[M::process] read 792080 sequences (80000080 bp)...
[M::mem_process_seqs] Processed 792080 reads in 196.173 CPU sec, 24.388 real sec
[M::process] read 792080 sequences (80000080 bp)...
[M::mem_process_seqs] Processed 792080 reads in 195.812 CPU sec, 24.407 real sec
[M::process] read 792080 sequences (80000080 bp)...
[M::mem_process_seqs] Processed 792080 reads in 197.713 CPU sec, 24.625 real sec
[M::process] read 792080 sequences (80000080 bp)...
[M::mem_process_seqs] Processed 792080 reads in 198.559 CPU sec, 24.641 real sec
[M::process] read 792080 sequences (80000080 bp)...
[M::mem_process_seqs] Processed 792080 reads in 199.425 CPU sec, 24.846 real sec
[M::process] read 792080 sequences (80000080 bp)...
[M::mem_process_seqs] Processed 792080 reads in 192.685 CPU sec, 23.895 real sec
[M::process] read 792080 sequences (80000080 bp)...
[M::mem_process_seqs] Processed 792080 reads in 195.572 CPU sec, 24.422 real sec
[M::process] read 792080 sequences (80000080 bp)...
[M::mem_process_seqs] Processed 792080 reads in 194.410 CPU sec, 24.097 real sec
[M::process] read 792080 sequences (80000080 bp)...
[M::mem_process_seqs] Processed 792080 reads in 199.090 CPU sec, 24.855 real sec
[M::process] read 792080 sequences (80000080 bp)...
[M::mem_process_seqs] Processed 792080 reads in 197.328 CPU sec, 24.491 real sec
[M::process] read 792080 sequences (80000080 bp)...
[M::mem_process_seqs] Processed 792080 reads in 203.137 CPU sec, 25.313 real sec
[M::process] read 792080 sequences (80000080 bp)...
[M::mem_process_seqs] Processed 792080 reads in 195.776 CPU sec, 24.294 real sec
[M::process] read 792080 sequences (80000080 bp)...
[M::mem_process_seqs] Processed 792080 reads in 193.647 CPU sec, 24.165 real sec
[M::process] read 792080 sequences (80000080 bp)...
[M::mem_process_seqs] Processed 792080 reads in 194.038 CPU sec, 24.075 real sec
[M::process] read 792080 sequences (80000080 bp)...
[M::mem_process_seqs] Processed 792080 reads in 194.515 CPU sec, 24.280 real sec
[M::process] read 792080 sequences (80000080 bp)...
[M::mem_process_seqs] Processed 792080 reads in 194.829 CPU sec, 24.165 real sec
[M::process] read 792080 sequences (80000080 bp)...
[M::mem_process_seqs] Processed 792080 reads in 196.855 CPU sec, 24.578 real sec
[M::process] read 792080 sequences (80000080 bp)...
[M::mem_process_seqs] Processed 792080 reads in 202.002 CPU sec, 25.030 real sec
[M::process] read 792080 sequences (80000080 bp)...
[M::mem_process_seqs] Processed 792080 reads in 195.728 CPU sec, 24.469 real sec
[M::process] read 792080 sequences (80000080 bp)...
[M::mem_process_seqs] Processed 792080 reads in 193.089 CPU sec, 23.921 real sec
[M::process] read 792080 sequences (80000080 bp)...
[M::mem_process_seqs] Processed 792080 reads in 194.803 CPU sec, 24.353 real sec
[M::process] read 792080 sequences (80000080 bp)...
[M::mem_process_seqs] Processed 792080 reads in 195.911 CPU sec, 24.279 real sec
[M::process] read 792080 sequences (80000080 bp)...
[M::mem_process_seqs] Processed 792080 reads in 199.752 CPU sec, 24.985 real sec
[M::process] read 792080 sequences (80000080 bp)...
[M::mem_process_seqs] Processed 792080 reads in 195.793 CPU sec, 24.241 real sec
[M::process] read 148902 sequences (15039102 bp)...
[M::mem_process_seqs] Processed 792080 reads in 198.973 CPU sec, 24.891 real sec
[M::mem_process_seqs] Processed 148902 reads in 41.366 CPU sec, 5.000 real sec
[main] Version: 0.7.15-r1140
[main] CMD: ./bwa mem -t 8 /tmp/data/indexes/HG_index_BWA_default/hsapiens_v37.fa /tmp/data/datasets/NIST7086_CGTACTAG_L002_R2_001.fastq
[main] Real time: 671.394 sec; CPU: 5353.430 sec

 Performance counter stats for './bwa mem -t 8 /tmp/data/indexes/HG_index_BWA_default/hsapiens_v37.fa /tmp/data/datasets/NIST7086_CGTACTAG_L002_R2_001.fastq':

S0       16      7,589,121,065 cache-misses                                                  (17.17%)
S0       16  3,394,218,855,580 cycles                    #    0.000 GHz                      (21.66%)
S0       16  2,906,286,637,730 instructions              #   13.65  insns per cycle        
                                             #    0.12  stalled cycles per insn  (26.02%)
S0       16          2,889,229 cs                                                            (100.00%)
S0       16                623 migrations                                                    (100.00%)
S0       16            226,712 faults                                                      
S0       16    132,755,456,384 bus-cycles                                                    (26.21%)
S0       16  5,922,603,582,817 idle-cycles-frontend      #  2782.07% frontend cycles idle     (26.48%)
S0       16  5,561,288,207,962 idle-cycles-backend       #  2612.35% backend  cycles idle     (26.59%)
S0       16    586,728,903,358 L1-dcache-loads                                               (26.78%)
S0       16     17,830,473,191 L1-dcache-load-misses     #   48.26% of all L1-dcache hits    (17.81%)
S0       16    311,400,291,041 L1-dcache-stores                                              (17.70%)
S0       16      1,691,292,258 L1-dcache-store-misses                                        (17.57%)
S0       16     12,654,046,675 L1-dcache-prefetch-misses                                     (17.37%)
S0       16      3,306,861,901 L1-icache-load-misses                                         (17.19%)
S0       16     11,195,408,092 LLC-loads                                                     (17.09%)
S0       16        403,462,742 LLC-stores                                                    (17.29%)
S0       16        827,909,449 LLC-prefetches                                                (8.63%)
S0       16    602,407,854,192 dTLB-loads                                                    (13.01%)
S0       16      6,617,890,045 dTLB-load-misses          #   17.20% of all dTLB cache hits   (17.29%)
S0       16    293,221,359,189 dTLB-stores                                                   (17.17%)
S0       16        143,540,427 dTLB-store-misses                                             (17.21%)
S0       16        119,191,612 iTLB-loads                                                    (17.18%)
S0       16         40,140,115 iTLB-load-misses          #  529.76% of all iTLB cache hits   (17.19%)
S0       16    242,810,183,639 branch-loads                                                  (17.18%)
S0       16     13,244,427,305 branch-load-misses                                            (17.11%)
S1       16      7,514,175,886 cache-misses                                                  (17.12%)
S1       16  3,433,758,570,422 cycles                    #    0.000 GHz                      (21.70%)
S1       16  2,782,304,054,287 instructions              #    0.00  insns per cycle          (26.11%)
S1       16          2,833,163 cs                                                            (100.00%)
S1       16                675 migrations                                                    (100.00%)
S1       16             98,439 faults                                                      
S1       16    131,424,035,371 bus-cycles                                                    (26.36%)
S1       16  5,752,667,590,924 idle-cycles-frontend      #    0.00% frontend cycles idle     (26.51%)
S1       16  5,332,705,274,778 idle-cycles-backend       #    0.00% backend  cycles idle     (26.65%)
S1       16    546,999,324,796 L1-dcache-loads                                               (26.01%)
S1       16     16,626,282,785 L1-dcache-load-misses                                         (17.59%)
S1       16    286,428,195,109 L1-dcache-stores                                              (17.44%)
S1       16      1,457,367,988 L1-dcache-store-misses                                        (17.45%)
S1       16     11,252,561,215 L1-dcache-prefetch-misses                                     (17.54%)
S1       16      2,964,600,260 L1-icache-load-misses                                         (17.46%)
S1       16     10,176,040,011 LLC-loads                                                     (17.55%)
S1       16        338,860,647 LLC-stores                                                    (17.31%)
S1       16        753,342,708 LLC-prefetches                                                (9.03%)
S1       16    573,845,370,777 dTLB-loads                                                    (13.75%)
S1       16      6,254,578,161 dTLB-load-misses                                              (17.39%)
S1       16    277,864,028,489 dTLB-stores                                                   (17.26%)
S1       16        136,424,637 dTLB-store-misses                                             (17.16%)
S1       16        113,278,787 iTLB-loads                                                    (16.81%)
S1       16         42,170,627 iTLB-load-misses                                              (16.83%)
S1       16    245,869,187,042 branch-loads                                                  (16.94%)
S1       16     13,690,159,310 branch-load-misses                                            (17.55%)
S2       16      7,573,794,335 cache-misses                                                  (17.01%)
S2       16  3,400,186,435,525 cycles                    #    0.000 GHz                      (21.51%)
S2       16  2,841,639,880,017 instructions              #    0.00  insns per cycle          (26.06%)
S2       16          2,733,934 cs                                                            (100.00%)
S2       16                572 migrations                                                    (100.00%)
S2       16            145,106 faults                                                      
S2       16    127,485,518,501 bus-cycles                                                    (26.37%)
S2       16  5,516,181,489,560 idle-cycles-frontend      #    0.00% frontend cycles idle     (25.95%)
S2       16  5,176,147,523,676 idle-cycles-backend       #    0.00% backend  cycles idle     (26.28%)
S2       16    570,963,046,265 L1-dcache-loads                                               (26.41%)
S2       16     17,351,900,199 L1-dcache-load-misses                                         (18.09%)
S2       16    293,278,550,361 L1-dcache-stores                                              (18.19%)
S2       16      1,517,822,929 L1-dcache-store-misses                                        (17.78%)
S2       16     11,342,857,352 L1-dcache-prefetch-misses                                     (17.67%)
S2       16      3,021,462,434 L1-icache-load-misses                                         (17.61%)
S2       16     10,448,976,216 LLC-loads                                                     (17.35%)
S2       16        374,014,413 LLC-stores                                                    (17.34%)
S2       16        762,197,101 LLC-prefetches                                                (9.84%)
S2       16    587,598,084,970 dTLB-loads                                                    (13.06%)
S2       16      6,556,730,109 dTLB-load-misses                                              (17.16%)
S2       16    295,953,723,126 dTLB-stores                                                   (17.61%)
S2       16        137,645,283 dTLB-store-misses                                             (16.79%)
S2       16        117,009,807 iTLB-loads                                                    (16.90%)
S2       16         39,582,330 iTLB-load-misses                                              (17.07%)
S2       16    258,064,451,487 branch-loads                                                  (16.67%)
S2       16     13,710,436,562 branch-load-misses                                            (16.87%)
S3       16      9,047,776,427 cache-misses                                                  (17.01%)
S3       16  3,396,457,097,432 cycles                    #    0.000 GHz                      (21.78%)
S3       16  3,402,871,520,966 instructions              #    0.00  insns per cycle          (25.74%)
S3       16          3,387,319 cs                                                            (100.00%)
S3       16              1,582 migrations                                                    (100.00%)
S3       16            210,957 faults                                                      
S3       16    132,782,673,761 bus-cycles                                                    (25.56%)
S3       16  5,411,640,627,544 idle-cycles-frontend      #    0.00% frontend cycles idle     (25.61%)
S3       16  5,029,640,218,758 idle-cycles-backend       #    0.00% backend  cycles idle     (25.43%)
S3       16    659,765,577,631 L1-dcache-loads                                               (25.26%)
S3       16     20,358,165,660 L1-dcache-load-misses                                         (17.42%)
S3       16    317,058,670,178 L1-dcache-stores                                              (17.60%)
S3       16      2,372,230,469 L1-dcache-store-misses                                        (17.64%)
S3       16     12,890,675,439 L1-dcache-prefetch-misses                                     (17.72%)
S3       16      3,671,983,885 L1-icache-load-misses                                         (17.85%)
S3       16     12,495,287,734 LLC-loads                                                     (17.58%)
S3       16        793,014,775 LLC-stores                                                    (17.30%)
S3       16      1,403,170,979 LLC-prefetches                                                (8.78%)
S3       16    698,418,823,205 dTLB-loads                                                    (13.37%)
S3       16      7,990,646,767 dTLB-load-misses                                              (17.35%)
S3       16    345,606,408,378 dTLB-stores                                                   (17.62%)
S3       16        201,901,539 dTLB-store-misses                                             (17.63%)
S3       16        135,448,857 iTLB-loads                                                    (17.89%)
S3       16         46,821,301 iTLB-load-misses                                              (17.62%)
S3       16    294,920,149,897 branch-loads                                                  (17.62%)
S3       16     15,309,465,852 branch-load-misses                                            (17.76%)

     671.404791560 seconds time elapsed

#################################################################
# Test multi-threading - 16 threads - T3
#################################################################
2592602.MEM-Scalability.penguin.t16
[M::bwa_idx_load_from_disk] read 0 ALT contigs
[M::process] read 1584160 sequences (160000160 bp)...
[M::process] read 1584160 sequences (160000160 bp)...
[M::mem_process_seqs] Processed 1584160 reads in 416.999 CPU sec, 26.148 real sec
[M::process] read 1584160 sequences (160000160 bp)...
[M::mem_process_seqs] Processed 1584160 reads in 416.026 CPU sec, 26.054 real sec
[M::process] read 1584160 sequences (160000160 bp)...
[M::mem_process_seqs] Processed 1584160 reads in 425.982 CPU sec, 26.492 real sec
[M::process] read 1584160 sequences (160000160 bp)...
[M::mem_process_seqs] Processed 1584160 reads in 424.080 CPU sec, 26.368 real sec
[M::process] read 1584160 sequences (160000160 bp)...
[M::mem_process_seqs] Processed 1584160 reads in 424.188 CPU sec, 26.513 real sec
[M::process] read 1584160 sequences (160000160 bp)...
[M::mem_process_seqs] Processed 1584160 reads in 422.877 CPU sec, 26.307 real sec
[M::process] read 1584160 sequences (160000160 bp)...
[M::mem_process_seqs] Processed 1584160 reads in 425.092 CPU sec, 26.442 real sec
[M::process] read 1584160 sequences (160000160 bp)...
[M::mem_process_seqs] Processed 1584160 reads in 414.320 CPU sec, 25.776 real sec
[M::process] read 1584160 sequences (160000160 bp)...
[M::mem_process_seqs] Processed 1584160 reads in 420.577 CPU sec, 26.318 real sec
[M::process] read 1584160 sequences (160000160 bp)...
[M::mem_process_seqs] Processed 1584160 reads in 424.003 CPU sec, 26.368 real sec
[M::process] read 1584160 sequences (160000160 bp)...
[M::mem_process_seqs] Processed 1584160 reads in 417.482 CPU sec, 26.091 real sec
[M::process] read 1584160 sequences (160000160 bp)...
[M::mem_process_seqs] Processed 1584160 reads in 423.607 CPU sec, 26.321 real sec
[M::process] read 940982 sequences (95039182 bp)...
[M::mem_process_seqs] Processed 1584160 reads in 424.549 CPU sec, 26.625 real sec
[M::mem_process_seqs] Processed 940982 reads in 260.748 CPU sec, 16.207 real sec
[main] Version: 0.7.15-r1140
[main] CMD: ./bwa mem -t 16 /tmp/data/indexes/HG_index_BWA_default/hsapiens_v37.fa /tmp/data/datasets/NIST7086_CGTACTAG_L002_R2_001.fastq
[main] Real time: 365.839 sec; CPU: 5748.307 sec

 Performance counter stats for './bwa mem -t 16 /tmp/data/indexes/HG_index_BWA_default/hsapiens_v37.fa /tmp/data/datasets/NIST7086_CGTACTAG_L002_R2_001.fastq':

S0       16      7,837,124,311 cache-misses                                                  (16.70%)
S0       16  3,594,023,030,975 cycles                    #    0.000 GHz                      (20.91%)
S0       16  2,846,490,681,244 instructions              #   12.73  insns per cycle        
                                             #    0.13  stalled cycles per insn  (25.31%)
S0       16          3,447,164 cs                                                            (100.00%)
S0       16                803 migrations                                                    (100.00%)
S0       16            253,415 faults                                                      
S0       16    149,429,581,159 bus-cycles                                                    (25.06%)
S0       16  6,250,373,457,480 idle-cycles-frontend      #  2795.54% frontend cycles idle     (25.27%)
S0       16  5,795,627,150,398 idle-cycles-backend       #  2592.15% backend  cycles idle     (25.88%)
S0       16    553,687,309,752 L1-dcache-loads                                               (26.05%)
S0       16     17,126,344,376 L1-dcache-load-misses     #   46.32% of all L1-dcache hits    (17.98%)
S0       16    276,661,032,181 L1-dcache-stores                                              (18.32%)
S0       16      1,812,051,884 L1-dcache-store-misses                                        (18.41%)
S0       16     10,880,446,676 L1-dcache-prefetch-misses                                     (18.89%)
S0       16      3,368,050,669 L1-icache-load-misses                                         (18.08%)
S0       16     10,118,708,090 LLC-loads                                                     (18.24%)
S0       16        528,580,230 LLC-stores                                                    (17.92%)
S0       16      1,090,061,187 LLC-prefetches                                                (9.11%)
S0       16    566,175,966,278 dTLB-loads                                                    (13.21%)
S0       16      6,638,731,323 dTLB-load-misses          #   17.51% of all dTLB cache hits   (17.44%)
S0       16    285,781,305,344 dTLB-stores                                                   (17.02%)
S0       16        158,387,819 dTLB-store-misses                                             (17.13%)
S0       16        131,750,738 iTLB-loads                                                    (17.02%)
S0       16         73,362,462 iTLB-load-misses          #  908.91% of all iTLB cache hits   (17.09%)
S0       16    263,870,563,583 branch-loads                                                  (16.24%)
S0       16     13,148,323,464 branch-load-misses                                            (16.33%)
S1       16      7,938,745,573 cache-misses                                                  (17.30%)
S1       16  3,446,640,253,626 cycles                    #    0.000 GHz                      (22.12%)
S1       16  2,916,031,157,774 instructions              #    0.00  insns per cycle          (26.41%)
S1       16          3,169,825 cs                                                            (100.00%)
S1       16                422 migrations                                                    (100.00%)
S1       16            111,993 faults                                                      
S1       16    146,678,725,682 bus-cycles                                                    (26.20%)
S1       16  5,860,391,672,331 idle-cycles-frontend      #    0.00% frontend cycles idle     (25.87%)
S1       16  5,502,816,584,205 idle-cycles-backend       #    0.00% backend  cycles idle     (26.14%)
S1       16    592,694,923,565 L1-dcache-loads                                               (26.07%)
S1       16     17,866,738,236 L1-dcache-load-misses                                         (17.73%)
S1       16    277,168,694,738 L1-dcache-stores                                              (17.89%)
S1       16      1,519,713,965 L1-dcache-store-misses                                        (17.47%)
S1       16     11,088,195,439 L1-dcache-prefetch-misses                                     (17.65%)
S1       16      3,158,152,130 L1-icache-load-misses                                         (17.38%)
S1       16     10,411,345,902 LLC-loads                                                     (17.34%)
S1       16        356,459,693 LLC-stores                                                    (17.96%)
S1       16        744,183,683 LLC-prefetches                                                (9.17%)
S1       16    596,934,642,212 dTLB-loads                                                    (13.25%)
S1       16      6,229,195,493 dTLB-load-misses                                              (17.84%)
S1       16    301,606,024,026 dTLB-stores                                                   (17.04%)
S1       16        120,439,920 dTLB-store-misses                                             (16.82%)
S1       16        124,863,839 iTLB-loads                                                    (16.91%)
S1       16         66,977,889 iTLB-load-misses                                              (17.58%)
S1       16    252,419,497,162 branch-loads                                                  (17.36%)
S1       16     14,656,831,260 branch-load-misses                                            (16.75%)
S2       16      9,894,735,000 cache-misses                                                  (15.97%)
S2       16  3,714,732,951,765 cycles                    #    0.000 GHz                      (20.37%)
S2       16  3,424,696,069,473 instructions              #    0.00  insns per cycle          (25.25%)
S2       16          3,483,880 cs                                                            (100.00%)
S2       16                536 migrations                                                    (100.00%)
S2       16            125,040 faults                                                      
S2       16    146,780,028,272 bus-cycles                                                    (25.06%)
S2       16  5,803,171,356,389 idle-cycles-frontend      #    0.00% frontend cycles idle     (25.15%)
S2       16  5,303,529,305,306 idle-cycles-backend       #    0.00% backend  cycles idle     (26.06%)
S2       16    655,152,449,492 L1-dcache-loads                                               (26.11%)
S2       16     20,224,739,470 L1-dcache-load-misses                                         (18.13%)
S2       16    323,977,001,070 L1-dcache-stores                                              (18.86%)
S2       16      1,919,377,491 L1-dcache-store-misses                                        (18.36%)
S2       16     13,556,539,861 L1-dcache-prefetch-misses                                     (18.46%)
S2       16      3,415,011,266 L1-icache-load-misses                                         (17.86%)
S2       16     12,898,321,516 LLC-loads                                                     (17.34%)
S2       16        665,327,574 LLC-stores                                                    (18.17%)
S2       16        979,563,937 LLC-prefetches                                                (9.88%)
S2       16    696,789,217,453 dTLB-loads                                                    (13.14%)
S2       16      7,540,761,758 dTLB-load-misses                                              (18.53%)
S2       16    343,190,485,544 dTLB-stores                                                   (16.98%)
S2       16        143,586,073 dTLB-store-misses                                             (17.09%)
S2       16        136,085,585 iTLB-loads                                                    (16.71%)
S2       16         68,065,900 iTLB-load-misses                                              (17.88%)
S2       16    301,419,722,188 branch-loads                                                  (16.17%)
S2       16     16,172,334,859 branch-load-misses                                            (16.60%)
S3       16      7,894,793,650 cache-misses                                                  (16.80%)
S3       16  3,553,977,395,854 cycles                    #    0.000 GHz                      (21.23%)
S3       16  2,896,025,404,630 instructions              #    0.00  insns per cycle          (25.35%)
S3       16          2,862,170 cs                                                            (100.00%)
S3       16                998 migrations                                                    (100.00%)
S3       16            249,966 faults                                                      
S3       16    141,482,258,873 bus-cycles                                                    (25.44%)
S3       16  5,771,936,826,340 idle-cycles-frontend      #    0.00% frontend cycles idle     (25.63%)
S3       16  5,415,952,532,205 idle-cycles-backend       #    0.00% backend  cycles idle     (25.94%)
S3       16    564,882,620,710 L1-dcache-loads                                               (26.17%)
S3       16     17,461,611,842 L1-dcache-load-misses                                         (17.76%)
S3       16    281,028,292,756 L1-dcache-stores                                              (17.52%)
S3       16      1,616,324,025 L1-dcache-store-misses                                        (17.74%)
S3       16     10,979,230,082 L1-dcache-prefetch-misses                                     (17.60%)
S3       16      3,133,945,644 L1-icache-load-misses                                         (17.40%)
S3       16      9,954,395,315 LLC-loads                                                     (17.82%)
S3       16        407,962,204 LLC-stores                                                    (17.70%)
S3       16        829,209,688 LLC-prefetches                                                (8.93%)
S3       16    566,673,983,334 dTLB-loads                                                    (13.86%)
S3       16      6,361,973,759 dTLB-load-misses                                              (17.92%)
S3       16    298,809,061,249 dTLB-stores                                                   (17.69%)
S3       16        122,760,723 dTLB-store-misses                                             (17.33%)
S3       16        123,874,103 iTLB-loads                                                    (16.95%)
S3       16         71,096,232 iTLB-load-misses                                              (16.89%)
S3       16    260,618,058,140 branch-loads                                                  (16.86%)
S3       16     14,154,277,260 branch-load-misses                                            (16.64%)

     366.049955945 seconds time elapsed

#################################################################
# Test multi-threading - 32 threads - T4 
#################################################################
2592602.MEM-Scalability.penguin.t32
[M::bwa_idx_load_from_disk] read 0 ALT contigs
[M::process] read 3168318 sequences (320000118 bp)...
[M::process] read 3168318 sequences (320000118 bp)...
[M::mem_process_seqs] Processed 3168318 reads in 1016.654 CPU sec, 32.444 real sec
[M::process] read 3168318 sequences (320000118 bp)...
[M::mem_process_seqs] Processed 3168318 reads in 1028.648 CPU sec, 32.123 real sec
[M::process] read 3168318 sequences (320000118 bp)...
[M::mem_process_seqs] Processed 3168318 reads in 1036.328 CPU sec, 32.118 real sec
[M::process] read 3168318 sequences (320000118 bp)...
[M::mem_process_seqs] Processed 3168318 reads in 1018.210 CPU sec, 31.998 real sec
[M::process] read 3168318 sequences (320000118 bp)...
[M::mem_process_seqs] Processed 3168318 reads in 1031.360 CPU sec, 32.002 real sec
[M::process] read 2525154 sequences (255040554 bp)...
[M::mem_process_seqs] Processed 3168318 reads in 1030.928 CPU sec, 32.497 real sec
[M::mem_process_seqs] Processed 2525154 reads in 832.731 CPU sec, 26.020 real sec
[main] Version: 0.7.15-r1140
[main] CMD: ./bwa mem -t 32 /tmp/data/indexes/HG_index_BWA_default/hsapiens_v37.fa /tmp/data/datasets/NIST7086_CGTACTAG_L002_R2_001.fastq
[main] Real time: 230.639 sec; CPU: 7006.280 sec

 Performance counter stats for './bwa mem -t 32 /tmp/data/indexes/HG_index_BWA_default/hsapiens_v37.fa /tmp/data/datasets/NIST7086_CGTACTAG_L002_R2_001.fastq':

S0       16      7,249,323,944 cache-misses                                                  (18.22%)
S0       16  3,501,071,936,148 cycles                    #    0.000 GHz                      (23.10%)
S0       16  2,596,178,565,956 instructions              #   10.66  insns per cycle        
                                             #    0.15  stalled cycles per insn  (27.25%)
S0       16          3,166,035 cs                                                            (100.00%)
S0       16              4,574 migrations                                                    (100.00%)
S0       16            380,205 faults                                                      
S0       16    170,498,070,570 bus-cycles                                                    (27.12%)
S0       16  5,655,456,083,599 idle-cycles-frontend      #  2322.65% frontend cycles idle     (26.42%)
S0       16  5,248,012,912,414 idle-cycles-backend       #  2155.31% backend  cycles idle     (25.80%)
S0       16    518,763,455,855 L1-dcache-loads                                               (25.68%)
S0       16     16,969,630,456 L1-dcache-load-misses     #   47.45% of all L1-dcache hits    (16.98%)
S0       16    262,483,774,111 L1-dcache-stores                                              (17.46%)
S0       16      1,647,292,099 L1-dcache-store-misses                                        (17.56%)
S0       16     10,619,804,092 L1-dcache-prefetch-misses                                     (17.27%)
S0       16      3,746,037,975 L1-icache-load-misses                                         (17.47%)
S0       16     10,252,934,726 LLC-loads                                                     (17.17%)
S0       16        550,205,797 LLC-stores                                                    (17.22%)
S0       16        847,715,628 LLC-prefetches                                                (8.60%)
S0       16    577,891,974,695 dTLB-loads                                                    (12.62%)
S0       16      6,415,478,533 dTLB-load-misses          #   16.72% of all dTLB cache hits   (16.48%)
S0       16    280,580,689,906 dTLB-stores                                                   (16.86%)
S0       16        160,029,117 dTLB-store-misses                                             (17.38%)
S0       16        221,750,224 iTLB-loads                                                    (17.70%)
S0       16        185,977,505 iTLB-load-misses          #  1468.60% of all iTLB cache hits   (17.71%)
S0       16    225,570,187,969 branch-loads                                                  (17.91%)
S0       16     12,532,883,688 branch-load-misses                                            (17.90%)
S1       16      8,240,470,766 cache-misses                                                  (16.99%)
S1       16  4,181,680,671,131 cycles                    #    0.000 GHz                      (21.18%)
S1       16  2,908,419,435,469 instructions              #    0.00  insns per cycle          (25.99%)
S1       16          3,156,266 cs                                                            (100.00%)
S1       16              8,671 migrations                                                    (100.00%)
S1       16            173,679 faults                                                      
S1       16    174,597,094,433 bus-cycles                                                    (25.74%)
S1       16  6,471,016,220,265 idle-cycles-frontend      #    0.00% frontend cycles idle     (26.18%)
S1       16  5,999,855,232,832 idle-cycles-backend       #    0.00% backend  cycles idle     (26.32%)
S1       16    551,713,927,733 L1-dcache-loads                                               (26.57%)
S1       16     18,224,911,733 L1-dcache-load-misses                                         (17.68%)
S1       16    293,107,564,546 L1-dcache-stores                                              (17.85%)
S1       16      1,747,019,179 L1-dcache-store-misses                                        (17.56%)
S1       16     11,841,017,278 L1-dcache-prefetch-misses                                     (17.55%)
S1       16      3,578,895,465 L1-icache-load-misses                                         (17.32%)
S1       16     10,724,170,706 LLC-loads                                                     (17.84%)
S1       16        477,002,226 LLC-stores                                                    (17.84%)
S1       16        894,699,211 LLC-prefetches                                                (9.29%)
S1       16    589,430,225,169 dTLB-loads                                                    (13.53%)
S1       16      6,667,554,831 dTLB-load-misses                                              (17.07%)
S1       16    296,427,384,879 dTLB-stores                                                   (16.89%)
S1       16        132,231,352 dTLB-store-misses                                             (17.27%)
S1       16        228,205,417 iTLB-loads                                                    (16.94%)
S1       16        160,992,240 iTLB-load-misses                                              (16.91%)
S1       16    257,333,386,807 branch-loads                                                  (16.72%)
S1       16     14,411,139,603 branch-load-misses                                            (17.28%)
S2       16     10,647,629,433 cache-misses                                                  (16.15%)
S2       16  4,042,602,531,629 cycles                    #    0.000 GHz                      (21.06%)
S2       16  3,674,422,017,310 instructions              #    0.00  insns per cycle          (25.64%)
S2       16          3,262,797 cs                                                            (100.00%)
S2       16              2,200 migrations                                                    (100.00%)
S2       16            218,152 faults                                                      
S2       16    168,303,127,103 bus-cycles                                                    (26.42%)
S2       16  6,093,536,135,794 idle-cycles-frontend      #    0.00% frontend cycles idle     (27.02%)
S2       16  5,604,508,655,400 idle-cycles-backend       #    0.00% backend  cycles idle     (27.71%)
S2       16    682,529,995,819 L1-dcache-loads                                               (27.99%)
S2       16     22,070,418,515 L1-dcache-load-misses                                         (18.50%)
S2       16    357,210,329,375 L1-dcache-stores                                              (18.59%)
S2       16      2,023,625,939 L1-dcache-store-misses                                        (18.42%)
S2       16     15,006,869,984 L1-dcache-prefetch-misses                                     (18.02%)
S2       16      3,674,512,231 L1-icache-load-misses                                         (17.86%)
S2       16     13,731,463,330 LLC-loads                                                     (17.39%)
S2       16        651,967,572 LLC-stores                                                    (17.05%)
S2       16        999,332,110 LLC-prefetches                                                (8.45%)
S2       16    737,145,918,373 dTLB-loads                                                    (12.84%)
S2       16      8,201,829,669 dTLB-load-misses                                              (17.03%)
S2       16    372,587,889,848 dTLB-stores                                                   (16.87%)
S2       16        134,782,272 dTLB-store-misses                                             (16.54%)
S2       16        181,781,765 iTLB-loads                                                    (16.34%)
S2       16        169,869,810 iTLB-load-misses                                              (15.94%)
S2       16    324,667,908,081 branch-loads                                                  (15.97%)
S2       16     18,355,532,980 branch-load-misses                                            (16.02%)
S3       16      8,270,574,523 cache-misses                                                  (16.74%)
S3       16  3,858,116,631,517 cycles                    #    0.000 GHz                      (21.46%)
S3       16  2,781,744,278,975 instructions              #    0.00  insns per cycle          (26.32%)
S3       16          3,576,636 cs                                                            (100.00%)
S3       16              2,366 migrations                                                    (100.00%)
S3       16            407,630 faults                                                      
S3       16    165,310,488,737 bus-cycles                                                    (26.89%)
S3       16  6,189,690,489,834 idle-cycles-frontend      #    0.00% frontend cycles idle     (26.77%)
S3       16  5,809,199,986,548 idle-cycles-backend       #    0.00% backend  cycles idle     (26.77%)
S3       16    535,823,984,505 L1-dcache-loads                                               (25.68%)
S3       16     17,864,710,695 L1-dcache-load-misses                                         (17.81%)
S3       16    279,557,634,969 L1-dcache-stores                                              (17.86%)
S3       16      2,224,637,635 L1-dcache-store-misses                                        (18.00%)
S3       16     11,625,505,827 L1-dcache-prefetch-misses                                     (17.90%)
S3       16      3,962,564,056 L1-icache-load-misses                                         (17.75%)
S3       16     10,788,942,236 LLC-loads                                                     (17.59%)
S3       16        662,591,151 LLC-stores                                                    (17.50%)
S3       16      1,140,042,681 LLC-prefetches                                                (9.16%)
S3       16    551,727,443,127 dTLB-loads                                                    (14.10%)
S3       16      6,597,917,609 dTLB-load-misses                                              (16.93%)
S3       16    288,689,296,627 dTLB-stores                                                   (16.77%)
S3       16        204,362,607 dTLB-store-misses                                             (16.37%)
S3       16        178,732,482 iTLB-loads                                                    (16.29%)
S3       16        175,561,015 iTLB-load-misses                                              (16.52%)
S3       16    261,615,153,604 branch-loads                                                  (16.94%)
S3       16     13,306,464,815 branch-load-misses                                            (17.45%)

     231.036667674 seconds time elapsed

#################################################################
# Test multi-threading - 48 threads - T5
#################################################################
2592602.MEM-Scalability.penguin.t48
[M::bwa_idx_load_from_disk] read 0 ALT contigs
[M::process] read 4752476 sequences (480000076 bp)...
[M::mem_process_seqs] Processed 4752476 reads in 2048.183 CPU sec, 47.584 real sec
[M::process] read 4752476 sequences (480000076 bp)...
[M::process] read 4752476 sequences (480000076 bp)...
[M::mem_process_seqs] Processed 4752476 reads in 2039.642 CPU sec, 42.862 real sec
[M::process] read 4752476 sequences (480000076 bp)...
[M::mem_process_seqs] Processed 4752476 reads in 2059.324 CPU sec, 43.290 real sec
[M::process] read 2525158 sequences (255040958 bp)...
[M::mem_process_seqs] Processed 4752476 reads in 2031.677 CPU sec, 42.369 real sec
[M::mem_process_seqs] Processed 2525158 reads in 1119.975 CPU sec, 23.414 real sec
[main] Version: 0.7.15-r1140
[main] CMD: ./bwa mem -t 48 /tmp/data/indexes/HG_index_BWA_default/hsapiens_v37.fa /tmp/data/datasets/NIST7086_CGTACTAG_L002_R2_001.fastq
[main] Real time: 215.002 sec; CPU: 9315.331 sec

 Performance counter stats for './bwa mem -t 48 /tmp/data/indexes/HG_index_BWA_default/hsapiens_v37.fa /tmp/data/datasets/NIST7086_CGTACTAG_L002_R2_001.fastq':

S0       16      8,151,455,719 cache-misses                                                  (17.65%)
S0       16  4,580,901,819,498 cycles                    #    0.000 GHz                      (22.57%)
S0       16  2,547,774,310,312 instructions              #    8.23  insns per cycle        
                                             #    0.13  stalled cycles per insn  (27.42%)
S0       16          2,894,060 cs                                                            (100.00%)
S0       16              2,417 migrations                                                    (100.00%)
S0       16            258,039 faults                                                      
S0       16    225,211,423,466 bus-cycles                                                    (27.77%)
S0       16  4,872,697,137,921 idle-cycles-frontend      #  1573.86% frontend cycles idle     (27.43%)
S0       16  4,142,903,823,951 idle-cycles-backend       #  1338.14% backend  cycles idle     (27.64%)
S0       16    502,580,255,204 L1-dcache-loads                                               (27.20%)
S0       16     19,415,560,997 L1-dcache-load-misses     #   54.67% of all L1-dcache hits    (17.96%)
S0       16    273,198,445,013 L1-dcache-stores                                              (17.01%)
S0       16      2,315,377,307 L1-dcache-store-misses                                        (16.79%)
S0       16     12,310,161,784 L1-dcache-prefetch-misses                                     (16.65%)
S0       16      4,267,128,834 L1-icache-load-misses                                         (17.08%)
S0       16     11,239,577,642 LLC-loads                                                     (16.72%)
S0       16        796,565,717 LLC-stores                                                    (16.96%)
S0       16      1,240,440,177 LLC-prefetches                                                (9.07%)
S0       16    548,507,927,444 dTLB-loads                                                    (12.87%)
S0       16      6,352,313,310 dTLB-load-misses          #   16.62% of all dTLB cache hits   (16.83%)
S0       16    278,688,859,387 dTLB-stores                                                   (16.89%)
S0       16        261,017,111 dTLB-store-misses                                             (16.66%)
S0       16        865,337,682 iTLB-loads                                                    (16.92%)
S0       16        405,835,883 iTLB-load-misses          #  654.94% of all iTLB cache hits   (17.41%)
S0       16    225,789,605,490 branch-loads                                                  (17.49%)
S0       16     12,803,830,463 branch-load-misses                                            (17.28%)
S1       16      8,802,025,790 cache-misses                                                  (17.42%)
S1       16  5,348,808,904,937 cycles                    #    0.000 GHz                      (22.12%)
S1       16  2,751,545,436,510 instructions              #    0.00  insns per cycle          (26.76%)
S1       16          3,341,570 cs                                                            (100.00%)
S1       16              3,629 migrations                                                    (100.00%)
S1       16            308,311 faults                                                      
S1       16    231,568,852,954 bus-cycles                                                    (27.03%)
S1       16  5,839,566,397,457 idle-cycles-frontend      #    0.00% frontend cycles idle     (26.75%)
S1       16  5,034,802,984,096 idle-cycles-backend       #    0.00% backend  cycles idle     (26.93%)
S1       16    546,632,283,364 L1-dcache-loads                                               (26.36%)
S1       16     21,505,218,068 L1-dcache-load-misses                                         (17.55%)
S1       16    290,200,997,391 L1-dcache-stores                                              (16.96%)
S1       16      2,670,499,365 L1-dcache-store-misses                                        (17.26%)
S1       16     12,767,100,805 L1-dcache-prefetch-misses                                     (17.22%)
S1       16      4,563,143,813 L1-icache-load-misses                                         (17.27%)
S1       16     11,534,598,515 LLC-loads                                                     (17.79%)
S1       16        916,395,519 LLC-stores                                                    (17.80%)
S1       16      1,623,727,121 LLC-prefetches                                                (9.60%)
S1       16    584,937,160,831 dTLB-loads                                                    (13.31%)
S1       16      6,737,269,903 dTLB-load-misses                                              (16.97%)
S1       16    290,295,479,136 dTLB-stores                                                   (17.04%)
S1       16        294,605,565 dTLB-store-misses                                             (17.00%)
S1       16        863,199,354 iTLB-loads                                                    (16.74%)
S1       16        455,648,231 iTLB-load-misses                                              (16.85%)
S1       16    253,983,793,754 branch-loads                                                  (16.78%)
S1       16     13,753,628,209 branch-load-misses                                            (16.67%)
S2       16     12,123,129,902 cache-misses                                                  (16.18%)
S2       16  5,223,331,088,848 cycles                    #    0.000 GHz                      (21.24%)
S2       16  3,813,805,137,076 instructions              #    0.00  insns per cycle          (25.90%)
S2       16          3,592,764 cs                                                            (100.00%)
S2       16              2,228 migrations                                                    (100.00%)
S2       16            540,838 faults                                                      
S2       16    220,765,015,579 bus-cycles                                                    (26.66%)
S2       16  5,265,383,734,828 idle-cycles-frontend      #    0.00% frontend cycles idle     (27.29%)
S2       16  4,226,443,352,068 idle-cycles-backend       #    0.00% backend  cycles idle     (27.84%)
S2       16    698,018,406,075 L1-dcache-loads                                               (27.92%)
S2       16     25,563,459,330 L1-dcache-load-misses                                         (17.99%)
S2       16    370,524,711,093 L1-dcache-stores                                              (17.61%)
S2       16      2,697,148,170 L1-dcache-store-misses                                        (17.60%)
S2       16     17,126,333,590 L1-dcache-prefetch-misses                                     (17.53%)
S2       16      4,592,691,138 L1-icache-load-misses                                         (17.14%)
S2       16     15,316,225,870 LLC-loads                                                     (17.16%)
S2       16      1,109,469,990 LLC-stores                                                    (16.80%)
S2       16      1,722,463,373 LLC-prefetches                                                (9.11%)
S2       16    761,988,453,521 dTLB-loads                                                    (13.51%)
S2       16      8,536,771,422 dTLB-load-misses                                              (17.29%)
S2       16    386,703,539,089 dTLB-stores                                                   (17.10%)
S2       16        243,031,115 dTLB-store-misses                                             (16.64%)
S2       16      1,360,013,566 iTLB-loads                                                    (16.50%)
S2       16        451,973,956 iTLB-load-misses                                              (16.75%)
S2       16    328,324,416,650 branch-loads                                                  (16.75%)
S2       16     19,117,087,131 branch-load-misses                                            (16.34%)
S3       16      8,448,383,612 cache-misses                                                  (17.25%)
S3       16  4,661,483,077,457 cycles                    #    0.000 GHz                      (22.33%)
S3       16  2,723,820,894,647 instructions              #    0.00  insns per cycle          (26.73%)
S3       16          2,722,386 cs                                                            (100.00%)
S3       16              2,565 migrations                                                    (100.00%)
S3       16            611,462 faults                                                      
S3       16    215,577,817,897 bus-cycles                                                    (27.05%)
S3       16  5,249,597,053,716 idle-cycles-frontend      #    0.00% frontend cycles idle     (27.38%)
S3       16  4,547,656,784,304 idle-cycles-backend       #    0.00% backend  cycles idle     (27.68%)
S3       16    525,599,064,809 L1-dcache-loads                                               (27.36%)
S3       16     19,459,180,857 L1-dcache-load-misses                                         (18.09%)
S3       16    276,634,224,857 L1-dcache-stores                                              (17.40%)
S3       16      2,119,307,056 L1-dcache-store-misses                                        (17.47%)
S3       16     12,350,358,475 L1-dcache-prefetch-misses                                     (17.07%)
S3       16      4,088,104,563 L1-icache-load-misses                                         (17.10%)
S3       16     11,271,272,366 LLC-loads                                                     (17.14%)
S3       16        742,321,077 LLC-stores                                                    (16.99%)
S3       16      1,228,700,112 LLC-prefetches                                                (8.77%)
S3       16    550,449,469,782 dTLB-loads                                                    (13.23%)
S3       16      6,232,196,339 dTLB-load-misses                                              (17.46%)
S3       16    278,907,560,099 dTLB-stores                                                   (17.26%)
S3       16        175,695,500 dTLB-store-misses                                             (16.76%)
S3       16        877,204,502 iTLB-loads                                                    (16.30%)
S3       16        393,364,615 iTLB-load-misses                                              (16.45%)
S3       16    250,162,409,395 branch-loads                                                  (16.51%)
S3       16     13,735,557,394 branch-load-misses                                            (16.67%)

     215.497392472 seconds time elapsed

#################################################################
# Test multi-threading - 64 threads - T6
#################################################################

[M::bwa_idx_load_from_disk] read 0 ALT contigs
[M::process] read 6336634 sequences (640000034 bp)...
[M::mem_process_seqs] Processed 6336634 reads in 4486.176 CPU sec, 97.676 real sec
[M::process] read 6336634 sequences (640000034 bp)...
[M::process] read 6336634 sequences (640000034 bp)...
[M::mem_process_seqs] Processed 6336634 reads in 3129.452 CPU sec, 50.511 real sec
[M::mem_process_seqs] Processed 6336634 reads in 3487.416 CPU sec, 57.325 real sec
[M::process] read 2525160 sequences (255041160 bp)...
[M::mem_process_seqs] Processed 2525160 reads in 1434.447 CPU sec, 22.833 real sec
[main] Version: 0.7.15-r1140
[main] CMD: ./bwa mem -t 64 /tmp/data/indexes/HG_index_BWA_default/hsapiens_v37.fa /tmp/data/datasets/NIST7086_CGTACTAG_L002_R2_001.fastq
[main] Real time: 263.830 sec; CPU: 12588.334 sec

 Performance counter stats for './bwa mem -t 64 /tmp/data/indexes/HG_index_BWA_default/hsapiens_v37.fa /tmp/data/datasets/NIST7086_CGTACTAG_L002_R2_001.fastq':

S0       16     12,352,372,575 cache-misses                                                  (17.03%)
S0       16  5,490,858,681,929 cycles                    #    0.000 GHz                      (21.77%)
S0       16  3,858,634,607,641 instructions              #   10.20  insns per cycle        
                                             #    0.09  stalled cycles per insn  (26.30%)
S0       16          2,668,158 cs                                                            (100.00%)
S0       16             47,586 migrations                                                    (100.00%)
S0       16          1,064,758 faults                                                      
S0       16    303,561,912,927 bus-cycles                                                    (26.65%)
S0       16  4,484,835,282,207 idle-cycles-frontend      #  1186.03% frontend cycles idle     (27.10%)
S0       16  3,195,202,441,306 idle-cycles-backend       #  844.98% backend  cycles idle     (27.59%)
S0       16    738,083,594,669 L1-dcache-loads                                               (27.52%)
S0       16     27,980,540,737 L1-dcache-load-misses     #   77.16% of all L1-dcache hits    (18.26%)
S0       16    375,285,553,603 L1-dcache-stores                                              (18.00%)
S0       16      3,264,480,286 L1-dcache-store-misses                                        (17.69%)
S0       16     18,259,475,718 L1-dcache-prefetch-misses                                     (17.53%)
S0       16      5,035,736,449 L1-icache-load-misses                                         (17.36%)
S0       16     15,960,128,650 LLC-loads                                                     (17.23%)
S0       16      1,371,500,738 LLC-stores                                                    (17.07%)
S0       16      2,414,603,436 LLC-prefetches                                                (8.38%)
S0       16    800,701,484,920 dTLB-loads                                                    (12.66%)
S0       16      8,791,999,513 dTLB-load-misses          #   22.85% of all dTLB cache hits   (16.87%)
S0       16    400,019,144,074 dTLB-stores                                                   (16.84%)
S0       16        309,099,426 dTLB-store-misses                                             (16.82%)
S0       16      1,892,548,017 iTLB-loads                                                    (16.75%)
S0       16        636,982,731 iTLB-load-misses          #  845.35% of all iTLB cache hits   (16.67%)
S0       16    339,055,670,273 branch-loads                                                  (16.69%)
S0       16     19,241,794,950 branch-load-misses                                            (16.60%)
S1       16      8,843,458,366 cache-misses                                                  (17.52%)
S1       16  5,961,328,234,310 cycles                    #    0.000 GHz                      (21.79%)
S1       16  2,881,888,072,281 instructions              #    0.00  insns per cycle          (26.27%)
S1       16          2,612,733 cs                                                            (100.00%)
S1       16             33,799 migrations                                                    (100.00%)
S1       16            964,453 faults                                                      
S1       16    308,503,562,418 bus-cycles                                                    (26.26%)
S1       16  5,370,831,936,217 idle-cycles-frontend      #    0.00% frontend cycles idle     (26.50%)
S1       16  4,391,310,813,961 idle-cycles-backend       #    0.00% backend  cycles idle     (26.67%)
S1       16    563,091,016,711 L1-dcache-loads                                               (26.21%)
S1       16     20,904,009,321 L1-dcache-load-misses                                         (18.46%)
S1       16    281,610,648,246 L1-dcache-stores                                              (17.88%)
S1       16      2,388,845,836 L1-dcache-store-misses                                        (17.69%)
S1       16     13,008,020,460 L1-dcache-prefetch-misses                                     (17.50%)
S1       16      4,428,922,615 L1-icache-load-misses                                         (17.25%)
S1       16     12,016,170,561 LLC-loads                                                     (17.11%)
S1       16        833,145,153 LLC-stores                                                    (17.04%)
S1       16      1,469,676,069 LLC-prefetches                                                (8.58%)
S1       16    583,097,014,964 dTLB-loads                                                    (12.91%)
S1       16      6,218,067,009 dTLB-load-misses                                              (17.19%)
S1       16    291,194,107,743 dTLB-stores                                                   (17.18%)
S1       16        241,002,907 dTLB-store-misses                                             (17.11%)
S1       16      1,183,963,781 iTLB-loads                                                    (17.00%)
S1       16        445,089,041 iTLB-load-misses                                              (17.09%)
S1       16    250,960,170,897 branch-loads                                                  (17.05%)
S1       16     13,923,508,380 branch-load-misses                                            (17.15%)
S2       16      9,098,895,253 cache-misses                                                  (17.22%)
S2       16  6,022,418,163,232 cycles                    #    0.000 GHz                      (21.75%)
S2       16  2,918,954,487,852 instructions              #    0.00  insns per cycle          (25.71%)
S2       16          2,620,581 cs                                                            (100.00%)
S2       16             35,535 migrations                                                    (100.00%)
S2       16            661,072 faults                                                      
S2       16    314,642,806,874 bus-cycles                                                    (25.52%)
S2       16  5,431,627,927,730 idle-cycles-frontend      #    0.00% frontend cycles idle     (25.62%)
S2       16  4,442,259,688,004 idle-cycles-backend       #    0.00% backend  cycles idle     (25.87%)
S2       16    560,280,030,513 L1-dcache-loads                                               (26.25%)
S2       16     21,155,822,692 L1-dcache-load-misses                                         (18.89%)
S2       16    280,303,753,605 L1-dcache-stores                                              (18.46%)
S2       16      2,750,957,141 L1-dcache-store-misses                                        (18.40%)
S2       16     13,245,750,059 L1-dcache-prefetch-misses                                     (18.19%)
S2       16      4,768,311,841 L1-icache-load-misses                                         (17.15%)
S2       16     12,463,369,034 LLC-loads                                                     (17.00%)
S2       16        938,019,667 LLC-stores                                                    (17.15%)
S2       16      1,688,246,502 LLC-prefetches                                                (8.96%)
S2       16    589,880,559,199 dTLB-loads                                                    (13.39%)
S2       16      6,511,551,763 dTLB-load-misses                                              (17.10%)
S2       16    298,284,962,619 dTLB-stores                                                   (16.91%)
S2       16        363,039,719 dTLB-store-misses                                             (17.35%)
S2       16        980,101,652 iTLB-loads                                                    (17.25%)
S2       16        458,790,216 iTLB-load-misses                                              (17.14%)
S2       16    255,894,687,649 branch-loads                                                  (17.07%)
S2       16     14,073,951,188 branch-load-misses                                            (17.27%)
S3       16      7,339,791,051 cache-misses                                                  (16.80%)
S3       16  6,726,223,543,731 cycles                    #    0.000 GHz                      (21.28%)
S3       16  2,398,858,336,828 instructions              #    0.00  insns per cycle          (25.93%)
S3       16          2,352,456 cs                                                            (100.00%)
S3       16             31,654 migrations                                                    (100.00%)
S3       16            400,838 faults                                                      
S3       16    316,399,725,618 bus-cycles                                                    (26.07%)
S3       16  6,096,387,116,352 idle-cycles-frontend      #    0.00% frontend cycles idle     (26.53%)
S3       16  5,223,292,003,282 idle-cycles-backend       #    0.00% backend  cycles idle     (26.93%)
S3       16    459,476,333,703 L1-dcache-loads                                               (27.14%)
S3       16     17,569,231,429 L1-dcache-load-misses                                         (18.10%)
S3       16    231,181,673,730 L1-dcache-stores                                              (17.97%)
S3       16      2,125,149,311 L1-dcache-store-misses                                        (17.87%)
S3       16     10,536,686,350 L1-dcache-prefetch-misses                                     (17.66%)
S3       16      4,147,556,576 L1-icache-load-misses                                         (17.68%)
S3       16      9,875,063,660 LLC-loads                                                     (17.60%)
S3       16        724,882,852 LLC-stores                                                    (17.30%)
S3       16      1,210,266,872 LLC-prefetches                                                (8.50%)
S3       16    488,420,622,326 dTLB-loads                                                    (12.70%)
S3       16      5,279,154,201 dTLB-load-misses                                              (16.84%)
S3       16    244,000,072,824 dTLB-stores                                                   (16.98%)
S3       16        210,131,875 dTLB-store-misses                                             (16.92%)
S3       16        765,882,163 iTLB-loads                                                    (16.93%)
S3       16        556,252,707 iTLB-load-misses                                              (17.00%)
S3       16    208,733,185,545 branch-loads                                                  (16.76%)
S3       16     11,814,905,892 branch-load-misses                                            (16.70%)

     264.325531574 seconds time elapsed

#################################################################
# Test multi-threading - 64 threads - T6
#################################################################
