mkdir: cannot create directory `/scratch/077-hpca4se-bioinf/jlenis/results/MEM-Scalability': File exists
> Benchmarks for BWA 0.7.15: NIST7086_CGTACTAG_L002_R2_001
penguin
#################################################################
# Warm up - 64 threads - T1
#################################################################
WarmUp.2592607.MEM-Scalability.penguin.t64
[M::bwa_idx_load_from_disk] read 0 ALT contigs
[M::process] read 6336634 sequences (640000034 bp)...
[M::mem_process_seqs] Processed 6336634 reads in 4832.790 CPU sec, 97.161 real sec
[M::process] read 6336634 sequences (640000034 bp)...
[M::process] read 6336634 sequences (640000034 bp)...
[M::mem_process_seqs] Processed 6336634 reads in 3326.613 CPU sec, 54.183 real sec
[M::mem_process_seqs] Processed 6336634 reads in 3338.841 CPU sec, 54.050 real sec
[M::process] read 2525160 sequences (255041160 bp)...
[M::mem_process_seqs] Processed 2525160 reads in 1358.590 CPU sec, 21.938 real sec
[main] Version: 0.7.15-r1140
[main] CMD: ./bwa mem -t 64 /tmp/data/indexes/HG_index_BWA_default/hsapiens_v37.fa /tmp/data/datasets/NIST7086_CGTACTAG_L002_R2_001.fastq
[main] Real time: 254.853 sec; CPU: 12890.341 sec
#################################################################
# Test multi-threading - 8 threads - T2
#################################################################
2592607.MEM-Scalability.penguin.t8
[M::bwa_idx_load_from_disk] read 0 ALT contigs
[M::process] read 792080 sequences (80000080 bp)...
[M::process] read 792080 sequences (80000080 bp)...
[M::mem_process_seqs] Processed 792080 reads in 195.201 CPU sec, 24.382 real sec
[M::process] read 792080 sequences (80000080 bp)...
[M::mem_process_seqs] Processed 792080 reads in 195.962 CPU sec, 24.360 real sec
[M::process] read 792080 sequences (80000080 bp)...
[M::mem_process_seqs] Processed 792080 reads in 194.925 CPU sec, 24.197 real sec
[M::process] read 792080 sequences (80000080 bp)...
[M::mem_process_seqs] Processed 792080 reads in 196.158 CPU sec, 24.389 real sec
[M::process] read 792080 sequences (80000080 bp)...
[M::mem_process_seqs] Processed 792080 reads in 197.985 CPU sec, 24.671 real sec
[M::process] read 792080 sequences (80000080 bp)...
[M::mem_process_seqs] Processed 792080 reads in 199.243 CPU sec, 24.714 real sec
[M::process] read 792080 sequences (80000080 bp)...
[M::mem_process_seqs] Processed 792080 reads in 198.724 CPU sec, 24.780 real sec
[M::process] read 792080 sequences (80000080 bp)...
[M::mem_process_seqs] Processed 792080 reads in 195.654 CPU sec, 24.279 real sec
[M::process] read 792080 sequences (80000080 bp)...
[M::mem_process_seqs] Processed 792080 reads in 194.955 CPU sec, 24.282 real sec
[M::process] read 792080 sequences (80000080 bp)...
[M::mem_process_seqs] Processed 792080 reads in 195.212 CPU sec, 24.221 real sec
[M::process] read 792080 sequences (80000080 bp)...
[M::mem_process_seqs] Processed 792080 reads in 197.398 CPU sec, 24.624 real sec
[M::process] read 792080 sequences (80000080 bp)...
[M::mem_process_seqs] Processed 792080 reads in 197.713 CPU sec, 24.537 real sec
[M::process] read 792080 sequences (80000080 bp)...
[M::mem_process_seqs] Processed 792080 reads in 202.642 CPU sec, 25.273 real sec
[M::process] read 792080 sequences (80000080 bp)...
[M::mem_process_seqs] Processed 792080 reads in 194.629 CPU sec, 24.164 real sec
[M::process] read 792080 sequences (80000080 bp)...
[M::mem_process_seqs] Processed 792080 reads in 193.904 CPU sec, 24.181 real sec
[M::process] read 792080 sequences (80000080 bp)...
[M::mem_process_seqs] Processed 792080 reads in 193.677 CPU sec, 24.037 real sec
[M::process] read 792080 sequences (80000080 bp)...
[M::mem_process_seqs] Processed 792080 reads in 195.488 CPU sec, 24.364 real sec
[M::process] read 792080 sequences (80000080 bp)...
[M::mem_process_seqs] Processed 792080 reads in 196.143 CPU sec, 24.342 real sec
[M::process] read 792080 sequences (80000080 bp)...
[M::mem_process_seqs] Processed 792080 reads in 197.355 CPU sec, 24.599 real sec
[M::process] read 792080 sequences (80000080 bp)...
[M::mem_process_seqs] Processed 792080 reads in 197.461 CPU sec, 24.471 real sec
[M::process] read 792080 sequences (80000080 bp)...
[M::mem_process_seqs] Processed 792080 reads in 194.908 CPU sec, 24.250 real sec
[M::process] read 792080 sequences (80000080 bp)...
[M::mem_process_seqs] Processed 792080 reads in 194.508 CPU sec, 24.166 real sec
[M::process] read 792080 sequences (80000080 bp)...
[M::mem_process_seqs] Processed 792080 reads in 196.136 CPU sec, 24.411 real sec
[M::process] read 792080 sequences (80000080 bp)...
[M::mem_process_seqs] Processed 792080 reads in 198.060 CPU sec, 24.613 real sec
[M::process] read 792080 sequences (80000080 bp)...
[M::mem_process_seqs] Processed 792080 reads in 200.382 CPU sec, 24.980 real sec
[M::process] read 792080 sequences (80000080 bp)...
[M::mem_process_seqs] Processed 792080 reads in 197.081 CPU sec, 24.437 real sec
[M::process] read 148902 sequences (15039102 bp)...
[M::mem_process_seqs] Processed 792080 reads in 200.713 CPU sec, 25.048 real sec
[M::mem_process_seqs] Processed 148902 reads in 41.659 CPU sec, 5.051 real sec
[main] Version: 0.7.15-r1140
[main] CMD: ./bwa mem -t 8 /tmp/data/indexes/HG_index_BWA_default/hsapiens_v37.fa /tmp/data/datasets/NIST7086_CGTACTAG_L002_R2_001.fastq
[main] Real time: 672.286 sec; CPU: 5360.307 sec

 Performance counter stats for './bwa mem -t 8 /tmp/data/indexes/HG_index_BWA_default/hsapiens_v37.fa /tmp/data/datasets/NIST7086_CGTACTAG_L002_R2_001.fastq':

S0       16     10,045,263,199 cache-misses                                                  (16.48%)
S0       16  3,786,954,193,946 cycles                    #    0.000 GHz                      (20.73%)
S0       16  3,656,729,323,767 instructions              #   16.65  insns per cycle        
                                             #    0.10  stalled cycles per insn  (25.25%)
S0       16          3,303,440 cs                                                            (100.00%)
S0       16                568 migrations                                                    (100.00%)
S0       16            106,398 faults                                                      
S0       16    143,362,660,801 bus-cycles                                                    (25.86%)
S0       16  5,841,826,051,291 idle-cycles-frontend      #  2660.04% frontend cycles idle     (25.96%)
S0       16  5,423,308,157,530 idle-cycles-backend       #  2469.47% backend  cycles idle     (26.20%)
S0       16    699,971,929,275 L1-dcache-loads                                               (26.35%)
S0       16     20,970,247,127 L1-dcache-load-misses     #   53.83% of all L1-dcache hits    (17.42%)
S0       16    330,641,809,375 L1-dcache-stores                                              (17.49%)
S0       16      1,838,102,461 L1-dcache-store-misses                                        (17.55%)
S0       16     12,683,363,283 L1-dcache-prefetch-misses                                     (17.60%)
S0       16      3,434,311,530 L1-icache-load-misses                                         (17.52%)
S0       16     11,878,767,145 LLC-loads                                                     (17.47%)
S0       16        579,326,291 LLC-stores                                                    (17.43%)
S0       16        895,882,294 LLC-prefetches                                                (8.71%)
S0       16    653,216,403,022 dTLB-loads                                                    (13.25%)
S0       16      6,948,509,109 dTLB-load-misses          #   18.43% of all dTLB cache hits   (17.70%)
S0       16    322,162,250,183 dTLB-stores                                                   (17.92%)
S0       16         95,261,222 dTLB-store-misses                                             (17.78%)
S0       16        156,914,629 iTLB-loads                                                    (17.66%)
S0       16         52,226,384 iTLB-load-misses          #  667.87% of all iTLB cache hits   (17.16%)
S0       16    302,772,783,161 branch-loads                                                  (16.88%)
S0       16     17,436,018,797 branch-load-misses                                            (16.62%)
S1       16      7,640,733,929 cache-misses                                                  (18.03%)
S1       16  3,248,552,364,663 cycles                    #    0.000 GHz                      (22.49%)
S1       16  2,739,981,232,951 instructions              #    0.00  insns per cycle          (26.43%)
S1       16          3,765,202 cs                                                            (100.00%)
S1       16              1,162 migrations                                                    (100.00%)
S1       16            185,800 faults                                                      
S1       16    136,764,745,201 bus-cycles                                                    (25.37%)
S1       16  5,787,171,379,600 idle-cycles-frontend      #    0.00% frontend cycles idle     (25.01%)
S1       16  5,494,727,219,566 idle-cycles-backend       #    0.00% backend  cycles idle     (24.90%)
S1       16    592,604,639,673 L1-dcache-loads                                               (24.66%)
S1       16     18,365,519,892 L1-dcache-load-misses                                         (17.35%)
S1       16    288,381,376,169 L1-dcache-stores                                              (17.86%)
S1       16      1,997,671,095 L1-dcache-store-misses                                        (17.66%)
S1       16     10,942,354,315 L1-dcache-prefetch-misses                                     (17.83%)
S1       16      3,365,263,257 L1-icache-load-misses                                         (17.28%)
S1       16     10,936,160,560 LLC-loads                                                     (17.40%)
S1       16        570,109,182 LLC-stores                                                    (17.82%)
S1       16      1,213,241,384 LLC-prefetches                                                (10.35%)
S1       16    586,475,757,208 dTLB-loads                                                    (14.46%)
S1       16      6,556,738,026 dTLB-load-misses                                              (18.41%)
S1       16    286,375,024,047 dTLB-stores                                                   (17.50%)
S1       16        147,901,280 dTLB-store-misses                                             (17.08%)
S1       16        114,842,482 iTLB-loads                                                    (17.71%)
S1       16         43,757,403 iTLB-load-misses                                              (18.08%)
S1       16    257,737,749,095 branch-loads                                                  (17.67%)
S1       16     13,435,305,348 branch-load-misses                                            (17.55%)
S2       16      7,377,920,608 cache-misses                                                  (17.67%)
S2       16  3,261,393,029,190 cycles                    #    0.000 GHz                      (22.52%)
S2       16  2,662,230,244,453 instructions              #    0.00  insns per cycle          (26.83%)
S2       16          3,169,763 cs                                                            (100.00%)
S2       16                878 migrations                                                    (100.00%)
S2       16            101,144 faults                                                      
S2       16    135,833,194,792 bus-cycles                                                    (25.72%)
S2       16  5,676,452,459,393 idle-cycles-frontend      #    0.00% frontend cycles idle     (25.48%)
S2       16  5,377,323,948,516 idle-cycles-backend       #    0.00% backend  cycles idle     (25.31%)
S2       16    581,771,431,448 L1-dcache-loads                                               (25.14%)
S2       16     17,490,685,308 L1-dcache-load-misses                                         (17.37%)
S2       16    293,206,081,777 L1-dcache-stores                                              (17.63%)
S2       16      1,622,978,039 L1-dcache-store-misses                                        (17.10%)
S2       16     11,212,103,305 L1-dcache-prefetch-misses                                     (17.61%)
S2       16      3,214,282,222 L1-icache-load-misses                                         (17.10%)
S2       16     10,750,614,291 LLC-loads                                                     (17.25%)
S2       16        407,202,170 LLC-stores                                                    (17.90%)
S2       16        870,788,809 LLC-prefetches                                                (9.41%)
S2       16    604,978,814,997 dTLB-loads                                                    (13.65%)
S2       16      6,202,086,581 dTLB-load-misses                                              (18.11%)
S2       16    284,473,564,069 dTLB-stores                                                   (17.18%)
S2       16         93,826,434 dTLB-store-misses                                             (17.44%)
S2       16        113,848,048 iTLB-loads                                                    (17.62%)
S2       16         40,220,286 iTLB-load-misses                                              (18.15%)
S2       16    226,178,617,821 branch-loads                                                  (18.14%)
S2       16     12,681,214,723 branch-load-misses                                            (17.69%)
S3       16      8,362,573,918 cache-misses                                                  (17.54%)
S3       16  3,758,421,617,758 cycles                    #    0.000 GHz                      (21.96%)
S3       16  3,185,251,249,726 instructions              #    0.00  insns per cycle          (26.26%)
S3       16          3,087,123 cs                                                            (100.00%)
S3       16              1,055 migrations                                                    (100.00%)
S3       16            187,255 faults                                                      
S3       16    145,458,446,196 bus-cycles                                                    (26.22%)
S3       16  6,240,543,394,461 idle-cycles-frontend      #    0.00% frontend cycles idle     (25.74%)
S3       16  5,846,354,927,272 idle-cycles-backend       #    0.00% backend  cycles idle     (25.87%)
S3       16    619,016,442,847 L1-dcache-loads                                               (25.87%)
S3       16     18,077,254,639 L1-dcache-load-misses                                         (16.95%)
S3       16    297,653,865,930 L1-dcache-stores                                              (17.33%)
S3       16      1,611,998,824 L1-dcache-store-misses                                        (17.00%)
S3       16     11,431,214,933 L1-dcache-prefetch-misses                                     (17.10%)
S3       16      3,100,435,757 L1-icache-load-misses                                         (16.98%)
S3       16     10,482,801,078 LLC-loads                                                     (17.53%)
S3       16        374,857,326 LLC-stores                                                    (17.62%)
S3       16        774,178,845 LLC-prefetches                                                (9.19%)
S3       16    567,944,659,161 dTLB-loads                                                    (13.57%)
S3       16      6,100,613,975 dTLB-load-misses                                              (17.70%)
S3       16    280,991,784,322 dTLB-stores                                                   (17.34%)
S3       16         88,958,024 dTLB-store-misses                                             (17.51%)
S3       16        114,867,965 iTLB-loads                                                    (17.82%)
S3       16         40,504,754 iTLB-load-misses                                              (17.70%)
S3       16    238,872,155,045 branch-loads                                                  (17.43%)
S3       16     13,652,333,785 branch-load-misses                                            (17.53%)

     672.383682252 seconds time elapsed

#################################################################
# Test multi-threading - 16 threads - T3
#################################################################
2592607.MEM-Scalability.penguin.t16
[M::bwa_idx_load_from_disk] read 0 ALT contigs
[M::process] read 1584160 sequences (160000160 bp)...
[M::process] read 1584160 sequences (160000160 bp)...
[M::mem_process_seqs] Processed 1584160 reads in 420.146 CPU sec, 26.357 real sec
[M::process] read 1584160 sequences (160000160 bp)...
[M::mem_process_seqs] Processed 1584160 reads in 417.393 CPU sec, 26.142 real sec
[M::process] read 1584160 sequences (160000160 bp)...
[M::mem_process_seqs] Processed 1584160 reads in 427.031 CPU sec, 26.521 real sec
[M::process] read 1584160 sequences (160000160 bp)...
[M::mem_process_seqs] Processed 1584160 reads in 425.058 CPU sec, 26.557 real sec
[M::process] read 1584160 sequences (160000160 bp)...
[M::mem_process_seqs] Processed 1584160 reads in 417.779 CPU sec, 25.953 real sec
[M::process] read 1584160 sequences (160000160 bp)...
[M::mem_process_seqs] Processed 1584160 reads in 424.038 CPU sec, 26.484 real sec
[M::process] read 1584160 sequences (160000160 bp)...
[M::mem_process_seqs] Processed 1584160 reads in 428.831 CPU sec, 26.787 real sec
[M::process] read 1584160 sequences (160000160 bp)...
[M::mem_process_seqs] Processed 1584160 reads in 418.726 CPU sec, 26.008 real sec
[M::process] read 1584160 sequences (160000160 bp)...
[M::mem_process_seqs] Processed 1584160 reads in 423.283 CPU sec, 26.424 real sec
[M::process] read 1584160 sequences (160000160 bp)...
[M::mem_process_seqs] Processed 1584160 reads in 422.089 CPU sec, 26.250 real sec
[M::process] read 1584160 sequences (160000160 bp)...
[M::mem_process_seqs] Processed 1584160 reads in 425.314 CPU sec, 26.582 real sec
[M::process] read 1584160 sequences (160000160 bp)...
[M::mem_process_seqs] Processed 1584160 reads in 425.121 CPU sec, 26.432 real sec
[M::process] read 940982 sequences (95039182 bp)...
[M::mem_process_seqs] Processed 1584160 reads in 425.702 CPU sec, 26.657 real sec
[M::mem_process_seqs] Processed 940982 reads in 258.699 CPU sec, 16.083 real sec
[main] Version: 0.7.15-r1140
[main] CMD: ./bwa mem -t 16 /tmp/data/indexes/HG_index_BWA_default/hsapiens_v37.fa /tmp/data/datasets/NIST7086_CGTACTAG_L002_R2_001.fastq
[main] Real time: 366.894 sec; CPU: 5766.859 sec

 Performance counter stats for './bwa mem -t 16 /tmp/data/indexes/HG_index_BWA_default/hsapiens_v37.fa /tmp/data/datasets/NIST7086_CGTACTAG_L002_R2_001.fastq':

S0       16      7,583,674,154 cache-misses                                                  (17.57%)
S0       16  3,526,820,623,950 cycles                    #    0.000 GHz                      (22.37%)
S0       16  2,789,856,096,125 instructions              #   12.31  insns per cycle        
                                             #    0.13  stalled cycles per insn  (26.58%)
S0       16          3,321,158 cs                                                            (100.00%)
S0       16                685 migrations                                                    (100.00%)
S0       16            222,021 faults                                                      
S0       16    144,366,074,078 bus-cycles                                                    (26.30%)
S0       16  5,884,675,660,620 idle-cycles-frontend      #  2596.14% frontend cycles idle     (26.01%)
S0       16  5,569,410,288,490 idle-cycles-backend       #  2457.05% backend  cycles idle     (25.74%)
S0       16    582,243,056,836 L1-dcache-loads                                               (25.23%)
S0       16     18,547,770,821 L1-dcache-load-misses     #   49.43% of all L1-dcache hits    (16.43%)
S0       16    294,829,543,791 L1-dcache-stores                                              (16.90%)
S0       16      1,796,695,827 L1-dcache-store-misses                                        (17.01%)
S0       16     11,327,655,518 L1-dcache-prefetch-misses                                     (17.28%)
S0       16      3,492,201,113 L1-icache-load-misses                                         (17.34%)
S0       16     10,527,889,080 LLC-loads                                                     (17.29%)
S0       16        480,349,611 LLC-stores                                                    (17.40%)
S0       16        904,226,113 LLC-prefetches                                                (8.88%)
S0       16    553,971,641,244 dTLB-loads                                                    (13.44%)
S0       16      6,150,186,134 dTLB-load-misses          #   16.27% of all dTLB cache hits   (17.56%)
S0       16    278,510,165,078 dTLB-stores                                                   (17.81%)
S0       16        124,922,484 dTLB-store-misses                                             (18.14%)
S0       16        117,913,984 iTLB-loads                                                    (17.88%)
S0       16         69,195,379 iTLB-load-misses          #  870.05% of all iTLB cache hits   (17.98%)
S0       16    237,836,803,894 branch-loads                                                  (17.74%)
S0       16     12,932,753,679 branch-load-misses                                            (17.47%)
S1       16      7,901,685,849 cache-misses                                                  (17.38%)
S1       16  3,539,803,726,306 cycles                    #    0.000 GHz                      (21.66%)
S1       16  2,854,776,979,683 instructions              #    0.00  insns per cycle          (26.22%)
S1       16          3,357,308 cs                                                            (100.00%)
S1       16                799 migrations                                                    (100.00%)
S1       16            133,260 faults                                                      
S1       16    140,561,536,778 bus-cycles                                                    (26.29%)
S1       16  5,751,594,881,725 idle-cycles-frontend      #    0.00% frontend cycles idle     (26.32%)
S1       16  5,534,180,819,947 idle-cycles-backend       #    0.00% backend  cycles idle     (26.25%)
S1       16    580,104,601,346 L1-dcache-loads                                               (26.24%)
S1       16     16,836,111,018 L1-dcache-load-misses                                         (17.98%)
S1       16    280,883,433,916 L1-dcache-stores                                              (18.06%)
S1       16      1,721,901,442 L1-dcache-store-misses                                        (17.04%)
S1       16     11,128,889,319 L1-dcache-prefetch-misses                                     (17.12%)
S1       16      3,380,017,949 L1-icache-load-misses                                         (17.03%)
S1       16     10,395,584,498 LLC-loads                                                     (17.31%)
S1       16        454,016,155 LLC-stores                                                    (17.24%)
S1       16        851,796,107 LLC-prefetches                                                (9.89%)
S1       16    577,345,846,706 dTLB-loads                                                    (13.01%)
S1       16      6,499,647,352 dTLB-load-misses                                              (16.95%)
S1       16    287,425,144,414 dTLB-stores                                                   (17.81%)
S1       16        120,002,901 dTLB-store-misses                                             (17.46%)
S1       16        138,914,975 iTLB-loads                                                    (17.01%)
S1       16         67,752,463 iTLB-load-misses                                              (17.46%)
S1       16    255,945,853,306 branch-loads                                                  (17.01%)
S1       16     13,686,682,503 branch-load-misses                                            (16.90%)
S2       16      9,680,729,547 cache-misses                                                  (17.32%)
S2       16  3,619,861,243,203 cycles                    #    0.000 GHz                      (21.78%)
S2       16  3,390,903,430,050 instructions              #    0.00  insns per cycle          (26.10%)
S2       16          3,303,165 cs                                                            (100.00%)
S2       16                440 migrations                                                    (100.00%)
S2       16            156,254 faults                                                      
S2       16    140,973,840,196 bus-cycles                                                    (26.28%)
S2       16  5,888,269,904,834 idle-cycles-frontend      #    0.00% frontend cycles idle     (26.22%)
S2       16  5,505,071,215,299 idle-cycles-backend       #    0.00% backend  cycles idle     (26.34%)
S2       16    679,146,200,451 L1-dcache-loads                                               (25.97%)
S2       16     22,293,876,334 L1-dcache-load-misses                                         (17.02%)
S2       16    362,010,467,513 L1-dcache-stores                                              (17.38%)
S2       16      2,081,593,334 L1-dcache-store-misses                                        (17.45%)
S2       16     13,898,259,209 L1-dcache-prefetch-misses                                     (17.81%)
S2       16      3,365,313,701 L1-icache-load-misses                                         (17.95%)
S2       16     12,167,293,558 LLC-loads                                                     (17.95%)
S2       16        617,539,684 LLC-stores                                                    (17.95%)
S2       16        992,280,686 LLC-prefetches                                                (8.79%)
S2       16    700,013,477,528 dTLB-loads                                                    (12.90%)
S2       16      7,724,421,743 dTLB-load-misses                                              (17.04%)
S2       16    347,366,477,716 dTLB-stores                                                   (16.93%)
S2       16        126,913,076 dTLB-store-misses                                             (17.00%)
S2       16        126,427,240 iTLB-loads                                                    (17.12%)
S2       16         67,021,625 iTLB-load-misses                                              (17.22%)
S2       16    288,740,889,254 branch-loads                                                  (17.03%)
S2       16     16,505,147,705 branch-load-misses                                            (17.05%)
S3       16      8,561,471,332 cache-misses                                                  (16.73%)
S3       16  3,820,426,902,178 cycles                    #    0.000 GHz                      (21.42%)
S3       16  3,089,756,692,179 instructions              #    0.00  insns per cycle          (25.98%)
S3       16          3,305,046 cs                                                            (100.00%)
S3       16                675 migrations                                                    (100.00%)
S3       16            265,802 faults                                                      
S3       16    149,952,247,555 bus-cycles                                                    (26.27%)
S3       16  5,969,598,890,694 idle-cycles-frontend      #    0.00% frontend cycles idle     (26.95%)
S3       16  5,514,547,929,376 idle-cycles-backend       #    0.00% backend  cycles idle     (27.67%)
S3       16    560,197,806,529 L1-dcache-loads                                               (27.68%)
S3       16     16,934,834,788 L1-dcache-load-misses                                         (18.34%)
S3       16    275,722,016,178 L1-dcache-stores                                              (18.14%)
S3       16      1,622,953,442 L1-dcache-store-misses                                        (17.94%)
S3       16     11,266,407,225 L1-dcache-prefetch-misses                                     (17.80%)
S3       16      3,191,564,237 L1-icache-load-misses                                         (17.76%)
S3       16     10,316,700,482 LLC-loads                                                     (17.78%)
S3       16        436,533,795 LLC-stores                                                    (17.83%)
S3       16        885,623,302 LLC-prefetches                                                (8.68%)
S3       16    587,956,301,645 dTLB-loads                                                    (12.87%)
S3       16      6,592,824,630 dTLB-load-misses                                              (16.84%)
S3       16    309,422,496,090 dTLB-stores                                                   (16.26%)
S3       16        130,453,294 dTLB-store-misses                                             (16.21%)
S3       16        125,735,837 iTLB-loads                                                    (16.05%)
S3       16         74,029,012 iTLB-load-misses                                              (16.33%)
S3       16    270,054,400,611 branch-loads                                                  (16.30%)
S3       16     14,786,389,010 branch-load-misses                                            (16.26%)

     367.088702922 seconds time elapsed

#################################################################
# Test multi-threading - 32 threads - T4 
#################################################################
2592607.MEM-Scalability.penguin.t32
[M::bwa_idx_load_from_disk] read 0 ALT contigs
[M::process] read 3168318 sequences (320000118 bp)...
[M::process] read 3168318 sequences (320000118 bp)...
[M::mem_process_seqs] Processed 3168318 reads in 1010.872 CPU sec, 32.286 real sec
[M::process] read 3168318 sequences (320000118 bp)...
[M::mem_process_seqs] Processed 3168318 reads in 1026.708 CPU sec, 32.078 real sec
[M::process] read 3168318 sequences (320000118 bp)...
[M::mem_process_seqs] Processed 3168318 reads in 1027.663 CPU sec, 31.986 real sec
[M::process] read 3168318 sequences (320000118 bp)...
[M::mem_process_seqs] Processed 3168318 reads in 1038.400 CPU sec, 32.425 real sec
[M::process] read 3168318 sequences (320000118 bp)...
[M::mem_process_seqs] Processed 3168318 reads in 1030.753 CPU sec, 32.377 real sec
[M::process] read 2525154 sequences (255040554 bp)...
[M::mem_process_seqs] Processed 3168318 reads in 1030.767 CPU sec, 32.249 real sec
[M::mem_process_seqs] Processed 2525154 reads in 833.848 CPU sec, 26.167 real sec
[main] Version: 0.7.15-r1140
[main] CMD: ./bwa mem -t 32 /tmp/data/indexes/HG_index_BWA_default/hsapiens_v37.fa /tmp/data/datasets/NIST7086_CGTACTAG_L002_R2_001.fastq
[main] Real time: 231.136 sec; CPU: 7010.549 sec

 Performance counter stats for './bwa mem -t 32 /tmp/data/indexes/HG_index_BWA_default/hsapiens_v37.fa /tmp/data/datasets/NIST7086_CGTACTAG_L002_R2_001.fastq':

S0       16      7,783,317,965 cache-misses                                                  (17.53%)
S0       16  3,632,997,124,659 cycles                    #    0.000 GHz                      (22.25%)
S0       16  2,628,853,156,300 instructions              #   11.01  insns per cycle        
                                             #    0.14  stalled cycles per insn  (26.84%)
S0       16          3,286,699 cs                                                            (100.00%)
S0       16              7,400 migrations                                                    (100.00%)
S0       16            372,236 faults                                                      
S0       16    175,181,324,209 bus-cycles                                                    (27.03%)
S0       16  5,560,043,750,462 idle-cycles-frontend      #  2328.22% frontend cycles idle     (27.25%)
S0       16  5,181,439,116,460 idle-cycles-backend       #  2169.68% backend  cycles idle     (27.35%)
S0       16    506,130,166,296 L1-dcache-loads                                               (26.90%)
S0       16     17,209,300,917 L1-dcache-load-misses     #   48.42% of all L1-dcache hits    (17.41%)
S0       16    257,393,930,347 L1-dcache-stores                                              (17.61%)
S0       16      1,936,037,398 L1-dcache-store-misses                                        (17.70%)
S0       16     10,401,156,368 L1-dcache-prefetch-misses                                     (17.49%)
S0       16      3,981,485,921 L1-icache-load-misses                                         (17.65%)
S0       16     10,256,112,961 LLC-loads                                                     (17.24%)
S0       16        659,819,377 LLC-stores                                                    (16.84%)
S0       16      1,046,474,225 LLC-prefetches                                                (8.22%)
S0       16    562,163,691,763 dTLB-loads                                                    (12.00%)
S0       16      6,577,455,656 dTLB-load-misses          #   16.64% of all dTLB cache hits   (16.17%)
S0       16    280,165,353,076 dTLB-stores                                                   (16.41%)
S0       16        186,647,192 dTLB-store-misses                                             (16.65%)
S0       16        231,441,946 iTLB-loads                                                    (17.48%)
S0       16        192,139,333 iTLB-load-misses          #  1682.93% of all iTLB cache hits   (17.52%)
S0       16    235,598,925,643 branch-loads                                                  (17.41%)
S0       16     12,617,270,434 branch-load-misses                                            (17.49%)
S1       16      7,909,674,013 cache-misses                                                  (17.37%)
S1       16  3,953,552,939,902 cycles                    #    0.000 GHz                      (21.98%)
S1       16  2,829,509,232,249 instructions              #    0.00  insns per cycle          (26.32%)
S1       16          3,224,695 cs                                                            (100.00%)
S1       16              8,266 migrations                                                    (100.00%)
S1       16            158,939 faults                                                      
S1       16    167,676,874,374 bus-cycles                                                    (25.72%)
S1       16  6,467,675,318,253 idle-cycles-frontend      #    0.00% frontend cycles idle     (25.85%)
S1       16  6,106,975,064,935 idle-cycles-backend       #    0.00% backend  cycles idle     (25.87%)
S1       16    546,626,870,302 L1-dcache-loads                                               (25.52%)
S1       16     17,585,296,615 L1-dcache-load-misses                                         (17.79%)
S1       16    292,762,242,816 L1-dcache-stores                                              (17.84%)
S1       16      1,660,439,244 L1-dcache-store-misses                                        (16.96%)
S1       16     11,975,517,818 L1-dcache-prefetch-misses                                     (16.73%)
S1       16      3,561,081,910 L1-icache-load-misses                                         (16.74%)
S1       16     10,758,313,095 LLC-loads                                                     (17.25%)
S1       16        444,921,323 LLC-stores                                                    (17.60%)
S1       16        810,349,750 LLC-prefetches                                                (10.52%)
S1       16    596,089,576,010 dTLB-loads                                                    (14.07%)
S1       16      6,654,383,111 dTLB-load-misses                                              (17.80%)
S1       16    296,763,355,641 dTLB-stores                                                   (18.12%)
S1       16        150,599,588 dTLB-store-misses                                             (17.23%)
S1       16        140,879,045 iTLB-loads                                                    (17.23%)
S1       16        168,026,632 iTLB-load-misses                                              (17.14%)
S1       16    249,443,441,750 branch-loads                                                  (17.48%)
S1       16     14,005,641,692 branch-load-misses                                            (17.45%)
S2       16      9,955,129,665 cache-misses                                                  (18.33%)
S2       16  3,858,566,681,471 cycles                    #    0.000 GHz                      (23.06%)
S2       16  3,531,897,492,998 instructions              #    0.00  insns per cycle          (27.84%)
S2       16          3,398,534 cs                                                            (100.00%)
S2       16              4,278 migrations                                                    (100.00%)
S2       16            239,946 faults                                                      
S2       16    163,293,159,909 bus-cycles                                                    (27.91%)
S2       16  6,084,298,392,915 idle-cycles-frontend      #    0.00% frontend cycles idle     (27.53%)
S2       16  5,632,374,930,205 idle-cycles-backend       #    0.00% backend  cycles idle     (27.12%)
S2       16    697,700,430,537 L1-dcache-loads                                               (26.07%)
S2       16     22,911,599,569 L1-dcache-load-misses                                         (16.07%)
S2       16    375,612,049,709 L1-dcache-stores                                              (15.98%)
S2       16      2,115,858,799 L1-dcache-store-misses                                        (16.07%)
S2       16     15,232,439,465 L1-dcache-prefetch-misses                                     (16.09%)
S2       16      3,792,397,987 L1-icache-load-misses                                         (16.57%)
S2       16     13,461,448,783 LLC-loads                                                     (16.88%)
S2       16        616,477,073 LLC-stores                                                    (17.05%)
S2       16        988,807,704 LLC-prefetches                                                (9.13%)
S2       16    744,096,960,255 dTLB-loads                                                    (13.32%)
S2       16      8,225,032,561 dTLB-load-misses                                              (17.76%)
S2       16    369,978,249,117 dTLB-stores                                                   (17.95%)
S2       16        140,012,860 dTLB-store-misses                                             (17.83%)
S2       16        157,682,941 iTLB-loads                                                    (17.66%)
S2       16        168,714,588 iTLB-load-misses                                              (17.45%)
S2       16    318,304,704,428 branch-loads                                                  (17.44%)
S2       16     18,072,051,274 branch-load-misses                                            (17.54%)
S3       16      8,243,190,242 cache-misses                                                  (17.20%)
S3       16  3,838,803,927,636 cycles                    #    0.000 GHz                      (22.70%)
S3       16  2,742,101,746,282 instructions              #    0.00  insns per cycle          (27.70%)
S3       16          3,488,729 cs                                                            (100.00%)
S3       16              9,724 migrations                                                    (100.00%)
S3       16            415,572 faults                                                      
S3       16    164,597,512,973 bus-cycles                                                    (27.76%)
S3       16  6,238,495,819,865 idle-cycles-frontend      #    0.00% frontend cycles idle     (28.42%)
S3       16  5,901,150,357,873 idle-cycles-backend       #    0.00% backend  cycles idle     (28.64%)
S3       16    524,105,783,944 L1-dcache-loads                                               (28.19%)
S3       16     17,716,215,128 L1-dcache-load-misses                                         (18.07%)
S3       16    278,874,149,781 L1-dcache-stores                                              (17.68%)
S3       16      2,000,081,636 L1-dcache-store-misses                                        (17.48%)
S3       16     11,446,901,041 L1-dcache-prefetch-misses                                     (17.31%)
S3       16      3,739,453,871 L1-icache-load-misses                                         (16.95%)
S3       16     11,141,686,838 LLC-loads                                                     (16.38%)
S3       16        628,805,208 LLC-stores                                                    (15.97%)
S3       16      1,165,203,653 LLC-prefetches                                                (7.94%)
S3       16    628,193,214,023 dTLB-loads                                                    (11.88%)
S3       16      7,061,216,232 dTLB-load-misses                                              (16.07%)
S3       16    304,439,679,933 dTLB-stores                                                   (16.41%)
S3       16        180,862,099 dTLB-store-misses                                             (16.88%)
S3       16        200,683,116 iTLB-loads                                                    (17.38%)
S3       16        166,331,585 iTLB-load-misses                                              (17.35%)
S3       16    258,339,859,923 branch-loads                                                  (17.20%)
S3       16     13,516,178,941 branch-load-misses                                            (17.07%)

     231.574656449 seconds time elapsed

#################################################################
# Test multi-threading - 48 threads - T5
#################################################################
2592607.MEM-Scalability.penguin.t48
[M::bwa_idx_load_from_disk] read 0 ALT contigs
[M::process] read 4752476 sequences (480000076 bp)...
[M::mem_process_seqs] Processed 4752476 reads in 1942.598 CPU sec, 44.248 real sec
[M::process] read 4752476 sequences (480000076 bp)...
[M::process] read 4752476 sequences (480000076 bp)...
[M::mem_process_seqs] Processed 4752476 reads in 1904.617 CPU sec, 39.825 real sec
[M::process] read 4752476 sequences (480000076 bp)...
[M::mem_process_seqs] Processed 4752476 reads in 1974.972 CPU sec, 41.083 real sec
[M::process] read 2525158 sequences (255040958 bp)...
[M::mem_process_seqs] Processed 4752476 reads in 1977.360 CPU sec, 41.567 real sec
[M::mem_process_seqs] Processed 2525158 reads in 1082.320 CPU sec, 22.508 real sec
[main] Version: 0.7.15-r1140
[main] CMD: ./bwa mem -t 48 /tmp/data/indexes/HG_index_BWA_default/hsapiens_v37.fa /tmp/data/datasets/NIST7086_CGTACTAG_L002_R2_001.fastq
[main] Real time: 205.559 sec; CPU: 8899.949 sec

 Performance counter stats for './bwa mem -t 48 /tmp/data/indexes/HG_index_BWA_default/hsapiens_v37.fa /tmp/data/datasets/NIST7086_CGTACTAG_L002_R2_001.fastq':

S0       16     10,018,393,362 cache-misses                                                  (17.02%)
S0       16  4,195,382,165,217 cycles                    #    0.000 GHz                      (21.39%)
S0       16  3,242,394,129,121 instructions              #   11.08  insns per cycle        
                                             #    0.09  stalled cycles per insn  (26.14%)
S0       16          2,666,270 cs                                                            (100.00%)
S0       16              2,566 migrations                                                    (100.00%)
S0       16            237,935 faults                                                      
S0       16    218,416,403,839 bus-cycles                                                    (26.19%)
S0       16  4,069,724,370,791 idle-cycles-frontend      #  1390.38% frontend cycles idle     (26.19%)
S0       16  3,222,031,057,970 idle-cycles-backend       #  1100.77% backend  cycles idle     (26.05%)
S0       16    614,772,991,546 L1-dcache-loads                                               (25.86%)
S0       16     23,135,779,608 L1-dcache-load-misses     #   64.96% of all L1-dcache hits    (17.94%)
S0       16    318,969,146,997 L1-dcache-stores                                              (17.79%)
S0       16      2,504,376,034 L1-dcache-store-misses                                        (17.16%)
S0       16     14,604,174,168 L1-dcache-prefetch-misses                                     (17.59%)
S0       16      4,307,532,217 L1-icache-load-misses                                         (17.58%)
S0       16     13,236,649,271 LLC-loads                                                     (17.22%)
S0       16        947,793,590 LLC-stores                                                    (18.47%)
S0       16      1,431,911,705 LLC-prefetches                                                (10.31%)
S0       16    657,992,063,509 dTLB-loads                                                    (14.24%)
S0       16      7,386,545,188 dTLB-load-misses          #   19.18% of all dTLB cache hits   (18.41%)
S0       16    327,740,271,450 dTLB-stores                                                   (17.36%)
S0       16        259,194,028 dTLB-store-misses                                             (17.22%)
S0       16        935,139,898 iTLB-loads                                                    (16.80%)
S0       16        428,469,377 iTLB-load-misses          #  696.17% of all iTLB cache hits   (16.81%)
S0       16    290,573,747,323 branch-loads                                                  (16.48%)
S0       16     16,551,644,022 branch-load-misses                                            (16.77%)
S1       16      9,812,076,495 cache-misses                                                  (17.14%)
S1       16  5,131,412,462,048 cycles                    #    0.000 GHz                      (21.84%)
S1       16  3,067,621,536,215 instructions              #    0.00  insns per cycle          (26.06%)
S1       16          3,346,637 cs                                                            (100.00%)
S1       16              3,379 migrations                                                    (100.00%)
S1       16            617,323 faults                                                      
S1       16    221,481,269,909 bus-cycles                                                    (26.43%)
S1       16  5,414,168,012,963 idle-cycles-frontend      #    0.00% frontend cycles idle     (26.81%)
S1       16  4,540,252,876,228 idle-cycles-backend       #    0.00% backend  cycles idle     (27.07%)
S1       16    603,467,048,952 L1-dcache-loads                                               (26.71%)
S1       16     23,154,462,821 L1-dcache-load-misses                                         (17.51%)
S1       16    311,090,076,957 L1-dcache-stores                                              (17.53%)
S1       16      2,947,242,690 L1-dcache-store-misses                                        (17.60%)
S1       16     13,821,378,052 L1-dcache-prefetch-misses                                     (18.14%)
S1       16      4,525,334,965 L1-icache-load-misses                                         (18.08%)
S1       16     12,887,197,071 LLC-loads                                                     (17.67%)
S1       16      1,093,585,412 LLC-stores                                                    (17.42%)
S1       16      1,996,578,081 LLC-prefetches                                                (8.27%)
S1       16    640,890,804,094 dTLB-loads                                                    (12.73%)
S1       16      7,412,149,145 dTLB-load-misses                                              (17.03%)
S1       16    318,912,771,776 dTLB-stores                                                   (17.13%)
S1       16        269,694,594 dTLB-store-misses                                             (17.12%)
S1       16      1,191,226,105 iTLB-loads                                                    (16.92%)
S1       16        390,112,951 iTLB-load-misses                                              (16.73%)
S1       16    285,377,673,645 branch-loads                                                  (16.62%)
S1       16     14,865,397,404 branch-load-misses                                            (16.66%)
S2       16      8,768,373,032 cache-misses                                                  (17.41%)
S2       16  4,875,768,204,575 cycles                    #    0.000 GHz                      (22.31%)
S2       16  2,832,890,035,577 instructions              #    0.00  insns per cycle          (26.99%)
S2       16          3,384,893 cs                                                            (100.00%)
S2       16              2,427 migrations                                                    (100.00%)
S2       16            605,439 faults                                                      
S2       16    209,358,618,585 bus-cycles                                                    (27.50%)
S2       16  5,252,956,625,466 idle-cycles-frontend      #    0.00% frontend cycles idle     (28.03%)
S2       16  4,444,453,328,795 idle-cycles-backend       #    0.00% backend  cycles idle     (28.46%)
S2       16    541,722,146,070 L1-dcache-loads                                               (28.11%)
S2       16     20,316,507,465 L1-dcache-load-misses                                         (17.69%)
S2       16    292,913,395,179 L1-dcache-stores                                              (17.40%)
S2       16      2,251,851,539 L1-dcache-store-misses                                        (17.05%)
S2       16     13,213,555,148 L1-dcache-prefetch-misses                                     (16.96%)
S2       16      4,182,848,778 L1-icache-load-misses                                         (17.00%)
S2       16     12,030,824,310 LLC-loads                                                     (16.87%)
S2       16        788,631,107 LLC-stores                                                    (17.11%)
S2       16      1,372,861,574 LLC-prefetches                                                (8.68%)
S2       16    592,914,096,810 dTLB-loads                                                    (12.90%)
S2       16      6,596,879,014 dTLB-load-misses                                              (16.95%)
S2       16    307,602,792,284 dTLB-stores                                                   (16.41%)
S2       16        219,843,016 dTLB-store-misses                                             (16.44%)
S2       16      1,020,800,680 iTLB-loads                                                    (16.39%)
S2       16        381,451,062 iTLB-load-misses                                              (16.58%)
S2       16    258,042,620,887 branch-loads                                                  (16.69%)
S2       16     14,472,793,430 branch-load-misses                                            (16.64%)
S3       16      8,344,447,920 cache-misses                                                  (17.26%)
S3       16  4,530,604,403,937 cycles                    #    0.000 GHz                      (21.92%)
S3       16  2,722,217,324,731 instructions              #    0.00  insns per cycle          (26.38%)
S3       16          2,571,227 cs                                                            (100.00%)
S3       16              2,712 migrations                                                    (100.00%)
S3       16            194,241 faults                                                      
S3       16    211,056,292,143 bus-cycles                                                    (26.76%)
S3       16  4,969,372,308,005 idle-cycles-frontend      #    0.00% frontend cycles idle     (26.68%)
S3       16  4,264,059,900,173 idle-cycles-backend       #    0.00% backend  cycles idle     (26.93%)
S3       16    519,498,496,582 L1-dcache-loads                                               (26.87%)
S3       16     18,394,630,601 L1-dcache-load-misses                                         (18.82%)
S3       16    264,931,702,465 L1-dcache-stores                                              (17.76%)
S3       16      1,923,731,874 L1-dcache-store-misses                                        (17.40%)
S3       16     12,086,114,957 L1-dcache-prefetch-misses                                     (16.98%)
S3       16      3,870,434,159 L1-icache-load-misses                                         (16.94%)
S3       16     11,354,258,520 LLC-loads                                                     (16.45%)
S3       16        698,832,205 LLC-stores                                                    (16.91%)
S3       16      1,161,596,985 LLC-prefetches                                                (8.84%)
S3       16    572,370,337,193 dTLB-loads                                                    (13.00%)
S3       16      6,218,238,312 dTLB-load-misses                                              (17.10%)
S3       16    275,597,215,193 dTLB-stores                                                   (17.49%)
S3       16        172,970,750 dTLB-store-misses                                             (17.53%)
S3       16        791,831,152 iTLB-loads                                                    (17.44%)
S3       16        370,331,317 iTLB-load-misses                                              (17.15%)
S3       16    232,045,709,817 branch-loads                                                  (17.08%)
S3       16     13,409,924,375 branch-load-misses                                            (16.88%)

     206.110197114 seconds time elapsed

#################################################################
# Test multi-threading - 64 threads - T6
#################################################################

[M::bwa_idx_load_from_disk] read 0 ALT contigs
[M::process] read 6336634 sequences (640000034 bp)...
[M::mem_process_seqs] Processed 6336634 reads in 4484.539 CPU sec, 91.922 real sec
[M::process] read 6336634 sequences (640000034 bp)...
[M::process] read 6336634 sequences (640000034 bp)...
[M::mem_process_seqs] Processed 6336634 reads in 3181.466 CPU sec, 51.808 real sec
[M::process] read 2525160 sequences (255041160 bp)...
[M::mem_process_seqs] Processed 6336634 reads in 3244.826 CPU sec, 53.030 real sec
[M::mem_process_seqs] Processed 2525160 reads in 1419.800 CPU sec, 22.862 real sec
[main] Version: 0.7.15-r1140
[main] CMD: ./bwa mem -t 64 /tmp/data/indexes/HG_index_BWA_default/hsapiens_v37.fa /tmp/data/datasets/NIST7086_CGTACTAG_L002_R2_001.fastq
[main] Real time: 248.426 sec; CPU: 12367.155 sec

 Performance counter stats for './bwa mem -t 64 /tmp/data/indexes/HG_index_BWA_default/hsapiens_v37.fa /tmp/data/datasets/NIST7086_CGTACTAG_L002_R2_001.fastq':

S0       16      7,625,493,876 cache-misses                                                  (17.15%)
S0       16  6,134,314,108,596 cycles                    #    0.000 GHz                      (22.07%)
S0       16  2,393,182,720,186 instructions              #    6.59  insns per cycle        
                                             #    0.13  stalled cycles per insn  (26.82%)
S0       16          2,211,984 cs                                                            (100.00%)
S0       16             27,842 migrations                                                    (100.00%)
S0       16            710,611 faults                                                      
S0       16    303,332,448,553 bus-cycles                                                    (26.50%)
S0       16  5,631,806,120,957 idle-cycles-frontend      #  1551.23% frontend cycles idle     (25.91%)
S0       16  4,828,781,342,945 idle-cycles-backend       #  1330.04% backend  cycles idle     (25.79%)
S0       16    473,643,246,793 L1-dcache-loads                                               (25.62%)
S0       16     18,625,495,931 L1-dcache-load-misses     #   51.45% of all L1-dcache hits    (18.18%)
S0       16    249,084,528,582 L1-dcache-stores                                              (17.77%)
S0       16      2,342,032,436 L1-dcache-store-misses                                        (17.21%)
S0       16     11,427,004,531 L1-dcache-prefetch-misses                                     (17.46%)
S0       16      4,378,946,022 L1-icache-load-misses                                         (17.13%)
S0       16     10,610,171,692 LLC-loads                                                     (16.86%)
S0       16        816,931,939 LLC-stores                                                    (17.28%)
S0       16      1,278,779,185 LLC-prefetches                                                (9.16%)
S0       16    504,319,095,969 dTLB-loads                                                    (13.25%)
S0       16      5,474,785,226 dTLB-load-misses          #   14.20% of all dTLB cache hits   (17.23%)
S0       16    250,550,357,573 dTLB-stores                                                   (17.35%)
S0       16        228,139,659 dTLB-store-misses                                             (17.01%)
S0       16        928,874,408 iTLB-loads                                                    (17.72%)
S0       16        382,547,099 iTLB-load-misses          #  523.39% of all iTLB cache hits   (17.90%)
S0       16    213,586,441,724 branch-loads                                                  (17.78%)
S0       16     11,753,689,344 branch-load-misses                                            (17.79%)
S1       16      8,572,872,889 cache-misses                                                  (17.65%)
S1       16  5,606,895,839,069 cycles                    #    0.000 GHz                      (22.39%)
S1       16  2,712,552,227,406 instructions              #    0.00  insns per cycle          (27.08%)
S1       16          2,739,262 cs                                                            (100.00%)
S1       16             33,261 migrations                                                    (100.00%)
S1       16            312,927 faults                                                      
S1       16    292,448,885,354 bus-cycles                                                    (26.56%)
S1       16  5,079,500,521,748 idle-cycles-frontend      #    0.00% frontend cycles idle     (26.17%)
S1       16  4,161,280,494,646 idle-cycles-backend       #    0.00% backend  cycles idle     (26.01%)
S1       16    541,012,467,360 L1-dcache-loads                                               (26.02%)
S1       16     20,552,198,156 L1-dcache-load-misses                                         (18.39%)
S1       16    277,614,131,161 L1-dcache-stores                                              (17.86%)
S1       16      2,318,797,539 L1-dcache-store-misses                                        (17.12%)
S1       16     12,977,350,616 L1-dcache-prefetch-misses                                     (17.43%)
S1       16      4,499,576,588 L1-icache-load-misses                                         (17.61%)
S1       16     11,938,054,290 LLC-loads                                                     (17.38%)
S1       16        855,525,377 LLC-stores                                                    (17.43%)
S1       16      1,511,441,697 LLC-prefetches                                                (8.34%)
S1       16    580,741,955,867 dTLB-loads                                                    (12.57%)
S1       16      6,308,355,661 dTLB-load-misses                                              (16.87%)
S1       16    288,413,385,445 dTLB-stores                                                   (16.83%)
S1       16        196,163,123 dTLB-store-misses                                             (16.96%)
S1       16      1,193,838,810 iTLB-loads                                                    (17.21%)
S1       16        444,006,805 iTLB-load-misses                                              (17.34%)
S1       16    233,562,570,098 branch-loads                                                  (17.57%)
S1       16     13,229,473,689 branch-load-misses                                            (17.68%)
S2       16      8,769,667,801 cache-misses                                                  (17.61%)
S2       16  5,931,195,972,935 cycles                    #    0.000 GHz                      (22.18%)
S2       16  2,858,176,221,135 instructions              #    0.00  insns per cycle          (26.75%)
S2       16          2,683,270 cs                                                            (100.00%)
S2       16             31,170 migrations                                                    (100.00%)
S2       16            696,341 faults                                                      
S2       16    299,609,286,611 bus-cycles                                                    (26.34%)
S2       16  5,309,591,657,914 idle-cycles-frontend      #    0.00% frontend cycles idle     (26.29%)
S2       16  4,330,268,155,260 idle-cycles-backend       #    0.00% backend  cycles idle     (25.96%)
S2       16    564,125,331,365 L1-dcache-loads                                               (25.66%)
S2       16     21,662,664,642 L1-dcache-load-misses                                         (18.24%)
S2       16    291,985,098,219 L1-dcache-stores                                              (17.62%)
S2       16      2,505,419,503 L1-dcache-store-misses                                        (17.17%)
S2       16     13,517,749,150 L1-dcache-prefetch-misses                                     (17.27%)
S2       16      4,477,985,142 L1-icache-load-misses                                         (17.62%)
S2       16     12,289,329,488 LLC-loads                                                     (16.98%)
S2       16        839,591,211 LLC-stores                                                    (17.17%)
S2       16      1,373,730,208 LLC-prefetches                                                (9.16%)
S2       16    597,676,632,753 dTLB-loads                                                    (13.26%)
S2       16      6,378,777,942 dTLB-load-misses                                              (17.26%)
S2       16    295,255,041,887 dTLB-stores                                                   (17.15%)
S2       16        316,000,512 dTLB-store-misses                                             (16.99%)
S2       16        927,965,501 iTLB-loads                                                    (17.68%)
S2       16        546,395,929 iTLB-load-misses                                              (17.70%)
S2       16    249,819,084,686 branch-loads                                                  (17.57%)
S2       16     13,984,127,968 branch-load-misses                                            (17.67%)
S3       16     12,533,560,470 cache-misses                                                  (17.23%)
S3       16  5,563,106,704,219 cycles                    #    0.000 GHz                      (21.69%)
S3       16  3,877,913,453,328 instructions              #    0.00  insns per cycle          (25.79%)
S3       16          2,927,474 cs                                                            (100.00%)
S3       16             50,557 migrations                                                    (100.00%)
S3       16            426,210 faults                                                      
S3       16    297,565,350,569 bus-cycles                                                    (26.20%)
S3       16  4,572,794,595,669 idle-cycles-frontend      #    0.00% frontend cycles idle     (26.52%)
S3       16  3,283,435,313,709 idle-cycles-backend       #    0.00% backend  cycles idle     (26.87%)
S3       16    738,136,367,010 L1-dcache-loads                                               (27.00%)
S3       16     28,360,133,533 L1-dcache-load-misses                                         (18.07%)
S3       16    374,774,734,600 L1-dcache-stores                                              (17.87%)
S3       16      3,477,865,071 L1-dcache-store-misses                                        (17.65%)
S3       16     18,608,586,183 L1-dcache-prefetch-misses                                     (17.42%)
S3       16      5,268,450,595 L1-icache-load-misses                                         (17.19%)
S3       16     16,166,588,505 LLC-loads                                                     (17.24%)
S3       16      1,347,124,844 LLC-stores                                                    (17.20%)
S3       16      2,270,409,989 LLC-prefetches                                                (8.61%)
S3       16    785,271,857,792 dTLB-loads                                                    (12.78%)
S3       16      8,690,010,095 dTLB-load-misses                                              (17.06%)
S3       16    394,482,003,370 dTLB-stores                                                   (16.96%)
S3       16        230,950,999 dTLB-store-misses                                             (17.05%)
S3       16      1,627,124,396 iTLB-loads                                                    (17.15%)
S3       16        631,239,039 iTLB-load-misses                                              (17.16%)
S3       16    338,275,826,287 branch-loads                                                  (17.05%)
S3       16     18,809,854,676 branch-load-misses                                            (16.91%)

     248.954711497 seconds time elapsed

#################################################################
# Test multi-threading - 64 threads - T6
#################################################################
