mkdir: cannot create directory `/scratch/077-hpca4se-bioinf/jlenis/results/SNAP-Scalability': File exists
> Benchmarks for snap-beta.18: NIST7086_CGTACTAG_L002_R2_001
batman
#################################################################
# Warm up - 64 threads - T1
#################################################################
WarmUp.2592638.SNAP-Scalability.batman.t64
Welcome to SNAP version 1.0beta.23.

Loading index from directory... 150s.  3137208264 bases, seed size 20
Aligning.
Total Reads    Aligned, MAPQ >= 10    Aligned, MAPQ < 10     Unaligned              Too Short/Too Many Ns     Reads/s   Time in Aligner (s)
21,535,062     17,333,608 (80.49%)    2,875,797 (13.35%)     576,575 (2.68%)        749,082 (3.48%)           572,010   38
#################################################################
# Test multi-threading - 8 threads - T2
#################################################################
2592638.SNAP-Scalability.batman.t8
Welcome to SNAP version 1.0beta.23.

Loading index from directory... 115s.  3137208264 bases, seed size 20
Aligning.
Total Reads    Aligned, MAPQ >= 10    Aligned, MAPQ < 10     Unaligned              Too Short/Too Many Ns     Reads/s   Time in Aligner (s)
21,535,062     17,333,608 (80.49%)    2,875,797 (13.35%)     576,575 (2.68%)        749,082 (3.48%)           132,937   162

 Performance counter stats for './snap-aligner single /tmp/data/indexes/HG_index_snap /tmp/data/datasets/NIST7086_CGTACTAG_L002_R2_001.fastq -t 8 -o /scratch/077-hpca4se-bioinf/jlenis/results/SNAP-Scalability/2592638.SNAP-Scalability.batman.t8.sam':

S0       16      5,068,211,798 cache-misses                                                  (22.07%)
S0       16  3,086,371,286,762 cycles                    #    0.000 GHz                      (22.38%)
S0       16  2,202,818,451,022 instructions              #   43.60  insns per cycle        
                                             #    0.01  stalled cycles per insn  (28.04%)
S0       16            140,479 cs                                                            (100.00%)
S0       16                352 migrations                                                    (100.00%)
S0       16          1,418,828 faults                                                      
S0       16    <not supported> bus-cycles              
S0       16    646,959,436,962 idle-cycles-frontend      #  1280.65% frontend cycles idle     (17.01%)
S0       16    298,126,716,274 idle-cycles-backend       #  590.14% backend  cycles idle     (17.12%)
S0       16  1,087,893,382,875 L1-dcache-loads                                               (22.86%)
S0       16     14,027,840,471 L1-dcache-load-misses     #   80.91% of all L1-dcache hits    (28.38%)
S0       16     16,959,206,286 L1-dcache-stores                                              (28.10%)
S0       16    <not supported> L1-dcache-store-misses  
S0       16                  0 L1-dcache-prefetch-misses                                     (28.02%)
S0       16      5,006,452,002 L1-icache-load-misses                                         (27.49%)
S0       16     22,054,533,185 LLC-loads                                                     (10.77%)
S0       16      6,793,882,180 LLC-stores                                                    (11.14%)
S0       16    <not supported> LLC-prefetches          
S0       16  1,130,771,376,599 dTLB-loads                                                    (16.55%)
S0       16        620,113,705 dTLB-load-misses          #    3.45% of all dTLB cache hits   (16.69%)
S0       16    <not supported> dTLB-stores             
S0       16    <not supported> dTLB-store-misses       
S0       16    869,543,306,905 iTLB-loads                                                    (16.52%)
S0       16            891,860 iTLB-load-misses          #    0.01% of all iTLB cache hits   (10.80%)
S0       16    340,880,468,850 branch-loads                                                  (16.21%)
S0       16     25,525,468,144 branch-load-misses                                            (21.91%)
S1       16        128,716,023 cache-misses                                                  (21.30%)
S1       16     41,529,605,527 cycles                    #    0.000 GHz                      (21.51%)
S1       16      8,235,129,777 instructions              #    0.00  insns per cycle          (27.50%)
S1       16             33,303 cs                                                            (100.00%)
S1       16                424 migrations                                                    (100.00%)
S1       16              9,440 faults                                                      
S1       16    <not supported> bus-cycles              
S1       16    412,790,047,072 idle-cycles-frontend      #    0.00% frontend cycles idle     (17.04%)
S1       16     16,936,518,173 idle-cycles-backend       #    0.00% backend  cycles idle     (16.61%)
S1       16      5,463,998,247 L1-dcache-loads                                               (22.83%)
S1       16        276,172,101 L1-dcache-load-misses                                         (28.15%)
S1       16        276,561,025 L1-dcache-stores                                              (27.90%)
S1       16    <not supported> L1-dcache-store-misses  
S1       16                  0 L1-dcache-prefetch-misses                                     (27.53%)
S1       16        151,106,647 L1-icache-load-misses                                         (28.15%)
S1       16        527,872,663 LLC-loads                                                     (12.33%)
S1       16        268,120,548 LLC-stores                                                    (12.06%)
S1       16    <not supported> LLC-prefetches          
S1       16      4,501,941,072 dTLB-loads                                                    (17.13%)
S1       16             91,811 dTLB-load-misses                                              (16.39%)
S1       16    <not supported> dTLB-stores             
S1       16    <not supported> dTLB-store-misses       
S1       16      2,247,577,970 iTLB-loads                                                    (16.44%)
S1       16             74,085 iTLB-load-misses                                              (10.67%)
S1       16      1,238,168,895 branch-loads                                                  (15.94%)
S1       16         22,301,323 branch-load-misses                                            (21.02%)
S2       16        329,274,406 cache-misses                                                  (21.27%)
S2       16     72,916,386,749 cycles                    #    0.000 GHz                      (21.40%)
S2       16     18,694,741,186 instructions              #    0.00  insns per cycle          (27.38%)
S2       16            153,855 cs                                                            (100.00%)
S2       16              1,095 migrations                                                    (100.00%)
S2       16             11,611 faults                                                      
S2       16    <not supported> bus-cycles              
S2       16    370,430,081,551 idle-cycles-frontend      #    0.00% frontend cycles idle     (16.97%)
S2       16     32,810,537,097 idle-cycles-backend       #    0.00% backend  cycles idle     (17.48%)
S2       16     13,207,652,278 L1-dcache-loads                                               (23.54%)
S2       16        557,246,307 L1-dcache-load-misses                                         (28.19%)
S2       16        834,111,308 L1-dcache-stores                                              (27.88%)
S2       16    <not supported> L1-dcache-store-misses  
S2       16                  0 L1-dcache-prefetch-misses                                     (26.18%)
S2       16        342,076,778 L1-icache-load-misses                                         (26.90%)
S2       16      1,031,453,023 LLC-loads                                                     (12.69%)
S2       16        554,646,293 LLC-stores                                                    (12.68%)
S2       16    <not supported> LLC-prefetches          
S2       16     11,666,268,636 dTLB-loads                                                    (17.52%)
S2       16            364,961 dTLB-load-misses                                              (16.56%)
S2       16    <not supported> dTLB-stores             
S2       16    <not supported> dTLB-store-misses       
S2       16      5,284,604,294 iTLB-loads                                                    (16.80%)
S2       16             58,783 iTLB-load-misses                                              (11.09%)
S2       16      3,184,915,910 branch-loads                                                  (16.40%)
S2       16         73,585,968 branch-load-misses                                            (21.64%)
S3       16         99,799,751 cache-misses                                                  (22.37%)
S3       16     32,341,066,904 cycles                    #    0.000 GHz                      (22.61%)
S3       16      6,392,749,649 instructions              #    0.00  insns per cycle          (28.07%)
S3       16             53,426 cs                                                            (100.00%)
S3       16              1,083 migrations                                                    (100.00%)
S3       16             18,250 faults                                                      
S3       16    <not supported> bus-cycles              
S3       16    213,020,542,499 idle-cycles-frontend      #    0.00% frontend cycles idle     (16.44%)
S3       16     13,310,014,911 idle-cycles-backend       #    0.00% backend  cycles idle     (16.55%)
S3       16      2,981,269,196 L1-dcache-loads                                               (22.22%)
S3       16        173,046,182 L1-dcache-load-misses                                         (27.99%)
S3       16        182,184,025 L1-dcache-stores                                              (28.27%)
S3       16    <not supported> L1-dcache-store-misses  
S3       16                  0 L1-dcache-prefetch-misses                                     (28.23%)
S3       16         96,507,042 L1-icache-load-misses                                         (28.11%)
S3       16        278,594,752 LLC-loads                                                     (10.96%)
S3       16        167,064,817 LLC-stores                                                    (10.89%)
S3       16    <not supported> LLC-prefetches          
S3       16      3,077,477,284 dTLB-loads                                                    (16.30%)
S3       16            266,809 dTLB-load-misses                                              (16.45%)
S3       16    <not supported> dTLB-stores             
S3       16    <not supported> dTLB-store-misses       
S3       16      1,630,583,406 iTLB-loads                                                    (16.63%)
S3       16            297,494 iTLB-load-misses                                              (10.77%)
S3       16      1,065,456,478 branch-loads                                                  (16.69%)
S3       16         13,775,845 branch-load-misses                                            (22.16%)

     277.845801478 seconds time elapsed

#################################################################
# Test multi-threading - 16 threads - T3
#################################################################
2592638.SNAP-Scalability.batman.t16
Welcome to SNAP version 1.0beta.23.

Loading index from directory... 302s.  3137208264 bases, seed size 20
Aligning.
Total Reads    Aligned, MAPQ >= 10    Aligned, MAPQ < 10     Unaligned              Too Short/Too Many Ns     Reads/s   Time in Aligner (s)
21,535,062     17,333,608 (80.49%)    2,875,797 (13.35%)     576,575 (2.68%)        749,082 (3.48%)           290,582   74

 Performance counter stats for './snap-aligner single /tmp/data/indexes/HG_index_snap /tmp/data/datasets/NIST7086_CGTACTAG_L002_R2_001.fastq -t 16 -o /scratch/077-hpca4se-bioinf/jlenis/results/SNAP-Scalability/2592638.SNAP-Scalability.batman.t16.sam':

S0       16      4,869,945,855 cache-misses                                                  (21.53%)
S0       16  2,489,687,877,951 cycles                    #    0.000 GHz                      (22.15%)
S0       16  2,063,621,357,524 instructions              #   40.31  insns per cycle        
                                             #    0.01  stalled cycles per insn  (27.84%)
S0       16             87,233 cs                                                            (100.00%)
S0       16              1,110 migrations                                                    (100.00%)
S0       16          1,427,850 faults                                                      
S0       16    <not supported> bus-cycles              
S0       16    392,106,378,067 idle-cycles-frontend      #  766.01% frontend cycles idle     (17.24%)
S0       16    165,592,958,688 idle-cycles-backend       #  323.50% backend  cycles idle     (17.10%)
S0       16    925,641,743,624 L1-dcache-loads                                               (22.71%)
S0       16     12,454,722,272 L1-dcache-load-misses     #   72.38% of all L1-dcache hits    (28.35%)
S0       16     13,933,169,427 L1-dcache-stores                                              (28.28%)
S0       16    <not supported> L1-dcache-store-misses  
S0       16                  0 L1-dcache-prefetch-misses                                     (28.26%)
S0       16      4,799,371,018 L1-icache-load-misses                                         (27.89%)
S0       16     20,346,604,164 LLC-loads                                                     (10.85%)
S0       16      5,187,087,740 LLC-stores                                                    (11.08%)
S0       16    <not supported> LLC-prefetches          
S0       16    947,497,896,908 dTLB-loads                                                    (16.75%)
S0       16        654,007,118 dTLB-load-misses          #    3.73% of all dTLB cache hits   (16.42%)
S0       16    <not supported> dTLB-stores             
S0       16    <not supported> dTLB-store-misses       
S0       16    824,782,414,168 iTLB-loads                                                    (16.59%)
S0       16          1,206,802 iTLB-load-misses          #    0.01% of all iTLB cache hits   (10.90%)
S0       16    314,815,440,891 branch-loads                                                  (16.25%)
S0       16     26,164,963,165 branch-load-misses                                            (21.55%)
S1       16        191,513,408 cache-misses                                                  (22.24%)
S1       16     43,388,423,657 cycles                    #    0.000 GHz                      (22.35%)
S1       16     11,037,721,436 instructions              #    0.00  insns per cycle          (28.08%)
S1       16             57,911 cs                                                            (100.00%)
S1       16              2,435 migrations                                                    (100.00%)
S1       16             19,801 faults                                                      
S1       16    <not supported> bus-cycles              
S1       16    303,035,842,867 idle-cycles-frontend      #    0.00% frontend cycles idle     (16.93%)
S1       16     17,957,945,874 idle-cycles-backend       #    0.00% backend  cycles idle     (16.81%)
S1       16      5,036,071,368 L1-dcache-loads                                               (22.42%)
S1       16        268,056,025 L1-dcache-load-misses                                         (28.14%)
S1       16        283,638,111 L1-dcache-stores                                              (27.97%)
S1       16    <not supported> L1-dcache-store-misses  
S1       16                  0 L1-dcache-prefetch-misses                                     (28.00%)
S1       16        138,225,917 L1-icache-load-misses                                         (28.19%)
S1       16        368,458,338 LLC-loads                                                     (11.34%)
S1       16        207,586,299 LLC-stores                                                    (11.03%)
S1       16    <not supported> LLC-prefetches          
S1       16      4,474,184,978 dTLB-loads                                                    (16.43%)
S1       16            124,504 dTLB-load-misses                                              (15.99%)
S1       16    <not supported> dTLB-stores             
S1       16    <not supported> dTLB-store-misses       
S1       16      2,602,796,263 iTLB-loads                                                    (16.05%)
S1       16            105,037 iTLB-load-misses                                              (11.07%)
S1       16      1,774,007,655 branch-loads                                                  (16.42%)
S1       16         27,700,207 branch-load-misses                                            (21.94%)
S2       16        277,858,425 cache-misses                                                  (22.28%)
S2       16     44,125,371,714 cycles                    #    0.000 GHz                      (22.56%)
S2       16     15,782,263,661 instructions              #    0.00  insns per cycle          (27.94%)
S2       16             98,831 cs                                                            (100.00%)
S2       16              1,461 migrations                                                    (100.00%)
S2       16             15,714 faults                                                      
S2       16    <not supported> bus-cycles              
S2       16    198,923,779,236 idle-cycles-frontend      #    0.00% frontend cycles idle     (17.18%)
S2       16     15,723,433,118 idle-cycles-backend       #    0.00% backend  cycles idle     (16.78%)
S2       16     10,014,074,276 L1-dcache-loads                                               (22.33%)
S2       16        490,625,651 L1-dcache-load-misses                                         (27.90%)
S2       16        545,763,164 L1-dcache-stores                                              (28.02%)
S2       16    <not supported> L1-dcache-store-misses  
S2       16                  0 L1-dcache-prefetch-misses                                     (27.80%)
S2       16        418,638,587 L1-icache-load-misses                                         (27.41%)
S2       16        850,125,230 LLC-loads                                                     (10.84%)
S2       16        192,424,289 LLC-stores                                                    (11.03%)
S2       16    <not supported> LLC-prefetches          
S2       16      9,084,514,111 dTLB-loads                                                    (16.60%)
S2       16            589,602 dTLB-load-misses                                              (16.46%)
S2       16    <not supported> dTLB-stores             
S2       16    <not supported> dTLB-store-misses       
S2       16      4,990,966,636 iTLB-loads                                                    (16.57%)
S2       16             75,825 iTLB-load-misses                                              (11.09%)
S2       16      2,637,298,831 branch-loads                                                  (16.74%)
S2       16         92,187,723 branch-load-misses                                            (22.07%)
S3       16        200,356,967 cache-misses                                                  (21.58%)
S3       16    698,840,975,037 cycles                    #    0.000 GHz                      (19.67%)
S3       16    369,691,264,360 instructions              #    0.00  insns per cycle          (26.55%)
S3       16             99,264 cs                                                            (100.00%)
S3       16              1,011 migrations                                                    (100.00%)
S3       16             43,222 faults                                                      
S3       16    <not supported> bus-cycles              
S3       16    922,822,113,329 idle-cycles-frontend      #    0.00% frontend cycles idle     (17.14%)
S3       16    516,576,903,462 idle-cycles-backend       #    0.00% backend  cycles idle     (16.74%)
S3       16    160,574,098,007 L1-dcache-loads                                               (23.16%)
S3       16      6,359,619,335 L1-dcache-load-misses                                         (25.54%)
S3       16      7,998,536,686 L1-dcache-stores                                              (28.04%)
S3       16    <not supported> L1-dcache-store-misses  
S3       16                  0 L1-dcache-prefetch-misses                                     (25.19%)
S3       16        194,597,029 L1-icache-load-misses                                         (27.62%)
S3       16      8,126,394,978 LLC-loads                                                     (14.38%)
S3       16      3,287,222,116 LLC-stores                                                    (11.12%)
S3       16    <not supported> LLC-prefetches          
S3       16    162,212,437,257 dTLB-loads                                                    (17.60%)
S3       16         10,144,656 dTLB-load-misses                                              (17.74%)
S3       16    <not supported> dTLB-stores             
S3       16    <not supported> dTLB-store-misses       
S3       16     88,210,885,654 iTLB-loads                                                    (16.73%)
S3       16            285,569 iTLB-load-misses                                              (10.96%)
S3       16     64,086,115,618 branch-loads                                                  (16.37%)
S3       16        246,871,356 branch-load-misses                                            (22.27%)

     377.260322528 seconds time elapsed

#################################################################
# Test multi-threading - 32 threads - T4 
#################################################################
2592638.SNAP-Scalability.batman.t32
Welcome to SNAP version 1.0beta.23.

Loading index from directory... 154s.  3137208264 bases, seed size 20
Aligning.
Total Reads    Aligned, MAPQ >= 10    Aligned, MAPQ < 10     Unaligned              Too Short/Too Many Ns     Reads/s   Time in Aligner (s)
21,535,062     17,333,608 (80.49%)    2,875,797 (13.35%)     576,575 (2.68%)        749,082 (3.48%)           529,351   41

 Performance counter stats for './snap-aligner single /tmp/data/indexes/HG_index_snap /tmp/data/datasets/NIST7086_CGTACTAG_L002_R2_001.fastq -t 32 -o /scratch/077-hpca4se-bioinf/jlenis/results/SNAP-Scalability/2592638.SNAP-Scalability.batman.t32.sam':

S0       16      2,936,172,578 cache-misses                                                  (22.27%)
S0       16  1,488,508,889,443 cycles                    #    0.000 GHz                      (22.75%)
S0       16  1,038,244,453,738 instructions              #   19.71  insns per cycle        
                                             #    0.02  stalled cycles per insn  (28.13%)
S0       16             84,347 cs                                                            (100.00%)
S0       16                546 migrations                                                    (100.00%)
S0       16            712,045 faults                                                      
S0       16    <not supported> bus-cycles              
S0       16    244,734,299,005 idle-cycles-frontend      #  464.70% frontend cycles idle     (17.69%)
S0       16    185,861,337,273 idle-cycles-backend       #  352.91% backend  cycles idle     (17.82%)
S0       16    461,890,288,190 L1-dcache-loads                                               (23.35%)
S0       16      6,522,422,571 L1-dcache-load-misses     #   41.93% of all L1-dcache hits    (29.05%)
S0       16      7,508,494,704 L1-dcache-stores                                              (29.40%)
S0       16    <not supported> L1-dcache-store-misses  
S0       16                  0 L1-dcache-prefetch-misses                                     (28.68%)
S0       16      2,996,150,182 L1-icache-load-misses                                         (28.03%)
S0       16     11,099,231,154 LLC-loads                                                     (10.82%)
S0       16      3,242,479,462 LLC-stores                                                    (10.50%)
S0       16    <not supported> LLC-prefetches          
S0       16    525,368,058,148 dTLB-loads                                                    (15.56%)
S0       16        365,421,826 dTLB-load-misses          #    2.06% of all dTLB cache hits   (15.02%)
S0       16    <not supported> dTLB-stores             
S0       16    <not supported> dTLB-store-misses       
S0       16    453,300,489,411 iTLB-loads                                                    (15.41%)
S0       16          1,417,799 iTLB-load-misses          #    0.01% of all iTLB cache hits   (11.01%)
S0       16    155,262,003,197 branch-loads                                                  (16.36%)
S0       16     12,697,547,023 branch-load-misses                                            (21.92%)
S1       16      2,137,999,489 cache-misses                                                  (22.45%)
S1       16  1,460,046,451,727 cycles                    #    0.000 GHz                      (22.79%)
S1       16  1,005,203,550,244 instructions              #    0.00  insns per cycle          (28.48%)
S1       16             48,218 cs                                                            (100.00%)
S1       16                265 migrations                                                    (100.00%)
S1       16            717,323 faults                                                      
S1       16    <not supported> bus-cycles              
S1       16    227,423,234,312 idle-cycles-frontend      #    0.00% frontend cycles idle     (17.10%)
S1       16    183,839,092,207 idle-cycles-backend       #    0.00% backend  cycles idle     (17.32%)
S1       16    448,548,870,688 L1-dcache-loads                                               (23.39%)
S1       16      5,905,237,336 L1-dcache-load-misses                                         (29.10%)
S1       16      6,499,688,437 L1-dcache-stores                                              (29.05%)
S1       16    <not supported> L1-dcache-store-misses  
S1       16                  0 L1-dcache-prefetch-misses                                     (29.08%)
S1       16      2,118,337,134 L1-icache-load-misses                                         (28.46%)
S1       16      9,455,671,605 LLC-loads                                                     (10.69%)
S1       16      2,768,778,855 LLC-stores                                                    (10.23%)
S1       16    <not supported> LLC-prefetches          
S1       16    522,556,474,026 dTLB-loads                                                    (15.29%)
S1       16        377,177,308 dTLB-load-misses                                              (15.33%)
S1       16    <not supported> dTLB-stores             
S1       16    <not supported> dTLB-store-misses       
S1       16    433,343,953,360 iTLB-loads                                                    (15.95%)
S1       16          1,412,778 iTLB-load-misses                                              (10.61%)
S1       16    155,791,822,942 branch-loads                                                  (15.92%)
S1       16     12,919,277,182 branch-load-misses                                            (21.66%)
S2       16        308,323,547 cache-misses                                                  (22.31%)
S2       16     80,260,515,064 cycles                    #    0.000 GHz                      (22.12%)
S2       16     18,409,952,367 instructions              #    0.00  insns per cycle          (28.07%)
S2       16             93,945 cs                                                            (100.00%)
S2       16              1,929 migrations                                                    (100.00%)
S2       16             10,936 faults                                                      
S2       16    <not supported> bus-cycles              
S2       16    248,911,999,664 idle-cycles-frontend      #    0.00% frontend cycles idle     (16.99%)
S2       16     48,241,217,853 idle-cycles-backend       #    0.00% backend  cycles idle     (17.22%)
S2       16     10,260,586,381 L1-dcache-loads                                               (22.93%)
S2       16        449,186,576 L1-dcache-load-misses                                         (28.15%)
S2       16        487,917,105 L1-dcache-stores                                              (27.89%)
S2       16    <not supported> L1-dcache-store-misses  
S2       16                  0 L1-dcache-prefetch-misses                                     (27.58%)
S2       16        302,143,036 L1-icache-load-misses                                         (27.82%)
S2       16        789,394,530 LLC-loads                                                     (11.38%)
S2       16        291,122,700 LLC-stores                                                    (11.36%)
S2       16    <not supported> LLC-prefetches          
S2       16     10,335,682,369 dTLB-loads                                                    (16.78%)
S2       16            341,443 dTLB-load-misses                                              (16.40%)
S2       16    <not supported> dTLB-stores             
S2       16    <not supported> dTLB-store-misses       
S2       16      6,162,213,968 iTLB-loads                                                    (15.92%)
S2       16             81,370 iTLB-load-misses                                              (10.89%)
S2       16      3,552,050,523 branch-loads                                                  (16.45%)
S2       16         75,065,880 branch-load-misses                                            (21.74%)
S3       16        260,570,397 cache-misses                                                  (22.47%)
S3       16    341,774,112,270 cycles                    #    0.000 GHz                      (22.65%)
S3       16    166,197,354,516 instructions              #    0.00  insns per cycle          (27.86%)
S3       16             78,490 cs                                                            (100.00%)
S3       16                440 migrations                                                    (100.00%)
S3       16             28,169 faults                                                      
S3       16    <not supported> bus-cycles              
S3       16    482,199,236,682 idle-cycles-frontend      #    0.00% frontend cycles idle     (18.31%)
S3       16    245,758,575,159 idle-cycles-backend       #    0.00% backend  cycles idle     (16.12%)
S3       16     74,768,217,806 L1-dcache-loads                                               (22.61%)
S3       16      2,581,248,161 L1-dcache-load-misses                                         (26.94%)
S3       16      3,750,177,929 L1-dcache-stores                                              (27.60%)
S3       16    <not supported> L1-dcache-store-misses  
S3       16                  0 L1-dcache-prefetch-misses                                     (26.87%)
S3       16        252,616,116 L1-icache-load-misses                                         (26.66%)
S3       16      4,181,400,534 LLC-loads                                                     (11.31%)
S3       16      2,099,613,159 LLC-stores                                                    (10.85%)
S3       16    <not supported> LLC-prefetches          
S3       16     74,721,932,186 dTLB-loads                                                    (16.59%)
S3       16          3,973,061 dTLB-load-misses                                              (16.90%)
S3       16    <not supported> dTLB-stores             
S3       16    <not supported> dTLB-store-misses       
S3       16     37,240,111,898 iTLB-loads                                                    (16.35%)
S3       16            219,024 iTLB-load-misses                                              (10.93%)
S3       16     28,428,699,290 branch-loads                                                  (16.48%)
S3       16        107,531,599 branch-load-misses                                            (22.20%)

     195.291323192 seconds time elapsed

#################################################################
# Test multi-threading - 48 threads - T5
#################################################################
2592638.SNAP-Scalability.batman.t48
Welcome to SNAP version 1.0beta.23.

Loading index from directory... 481s.  3137208264 bases, seed size 20
Aligning.
Total Reads    Aligned, MAPQ >= 10    Aligned, MAPQ < 10     Unaligned              Too Short/Too Many Ns     Reads/s   Time in Aligner (s)
21,535,062     17,333,608 (80.49%)    2,875,797 (13.35%)     576,575 (2.68%)        749,082 (3.48%)           494,774   44

 Performance counter stats for './snap-aligner single /tmp/data/indexes/HG_index_snap /tmp/data/datasets/NIST7086_CGTACTAG_L002_R2_001.fastq -t 48 -o /scratch/077-hpca4se-bioinf/jlenis/results/SNAP-Scalability/2592638.SNAP-Scalability.batman.t48.sam':

S0       16      2,263,034,375 cache-misses                                                  (22.09%)
S0       16  2,188,342,584,363 cycles                    #    0.000 GHz                      (20.93%)
S0       16  1,464,622,039,254 instructions              #   19.40  insns per cycle        
                                             #    0.03  stalled cycles per insn  (26.58%)
S0       16            150,430 cs                                                            (100.00%)
S0       16              1,648 migrations                                                    (100.00%)
S0       16            514,856 faults                                                      
S0       16    <not supported> bus-cycles              
S0       16  1,397,724,332,741 idle-cycles-frontend      #  1850.96% frontend cycles idle     (16.71%)
S0       16    889,129,381,495 idle-cycles-backend       #  1177.45% backend  cycles idle     (16.33%)
S0       16    640,303,835,809 L1-dcache-loads                                               (23.84%)
S0       16     12,432,847,459 L1-dcache-load-misses     #   60.17% of all L1-dcache hits    (26.29%)
S0       16     13,885,744,305 L1-dcache-stores                                              (28.37%)
S0       16    <not supported> L1-dcache-store-misses  
S0       16                  0 L1-dcache-prefetch-misses                                     (25.07%)
S0       16      2,255,098,975 L1-icache-load-misses                                         (27.51%)
S0       16     16,630,809,581 LLC-loads                                                     (14.04%)
S0       16      2,857,308,545 LLC-stores                                                    (10.77%)
S0       16    <not supported> LLC-prefetches          
S0       16    648,321,886,225 dTLB-loads                                                    (17.43%)
S0       16        228,768,181 dTLB-load-misses          #    1.11% of all dTLB cache hits   (17.34%)
S0       16    <not supported> dTLB-stores             
S0       16    <not supported> dTLB-store-misses       
S0       16    436,296,987,676 iTLB-loads                                                    (16.93%)
S0       16          1,399,141 iTLB-load-misses          #    0.01% of all iTLB cache hits   (11.32%)
S0       16    227,188,158,239 branch-loads                                                  (16.91%)
S0       16      8,918,036,681 branch-load-misses                                            (23.61%)
S1       16      2,329,217,494 cache-misses                                                  (21.76%)
S1       16  1,306,634,505,133 cycles                    #    0.000 GHz                      (21.90%)
S1       16    704,929,201,912 instructions              #    0.00  insns per cycle          (27.42%)
S1       16            102,982 cs                                                            (100.00%)
S1       16                909 migrations                                                    (100.00%)
S1       16            479,671 faults                                                      
S1       16    <not supported> bus-cycles              
S1       16    379,444,853,523 idle-cycles-frontend      #    0.00% frontend cycles idle     (16.67%)
S1       16    280,941,055,904 idle-cycles-backend       #    0.00% backend  cycles idle     (16.72%)
S1       16    327,412,545,362 L1-dcache-loads                                               (22.34%)
S1       16      4,985,124,233 L1-dcache-load-misses                                         (28.11%)
S1       16      6,567,873,282 L1-dcache-stores                                              (28.08%)
S1       16    <not supported> L1-dcache-store-misses  
S1       16                  0 L1-dcache-prefetch-misses                                     (28.23%)
S1       16      2,380,932,274 L1-icache-load-misses                                         (28.24%)
S1       16      9,022,048,946 LLC-loads                                                     (11.06%)
S1       16      2,978,404,823 LLC-stores                                                    (11.13%)
S1       16    <not supported> LLC-prefetches          
S1       16    329,591,257,731 dTLB-loads                                                    (16.65%)
S1       16        205,158,007 dTLB-load-misses                                              (16.69%)
S1       16    <not supported> dTLB-stores             
S1       16    <not supported> dTLB-store-misses       
S1       16    273,711,978,936 iTLB-loads                                                    (16.60%)
S1       16          1,569,900 iTLB-load-misses                                              (11.00%)
S1       16    104,476,795,066 branch-loads                                                  (16.42%)
S1       16      8,144,121,271 branch-load-misses                                            (21.73%)
S2       16      1,770,735,016 cache-misses                                                  (21.93%)
S2       16  1,284,571,124,572 cycles                    #    0.000 GHz                      (21.83%)
S2       16    737,792,794,914 instructions              #    0.00  insns per cycle          (27.36%)
S2       16            139,755 cs                                                            (100.00%)
S2       16              1,420 migrations                                                    (100.00%)
S2       16            513,591 faults                                                      
S2       16    <not supported> bus-cycles              
S2       16    399,927,727,226 idle-cycles-frontend      #    0.00% frontend cycles idle     (17.03%)
S2       16    248,793,349,842 idle-cycles-backend       #    0.00% backend  cycles idle     (16.27%)
S2       16    348,595,092,056 L1-dcache-loads                                               (21.97%)
S2       16      4,954,300,609 L1-dcache-load-misses                                         (27.39%)
S2       16      5,824,421,415 L1-dcache-stores                                              (27.44%)
S2       16    <not supported> L1-dcache-store-misses  
S2       16                  0 L1-dcache-prefetch-misses                                     (27.77%)
S2       16      1,757,813,400 L1-icache-load-misses                                         (27.54%)
S2       16      7,282,058,939 LLC-loads                                                     (11.41%)
S2       16      2,323,152,054 LLC-stores                                                    (11.28%)
S2       16    <not supported> LLC-prefetches          
S2       16    337,889,173,489 dTLB-loads                                                    (16.89%)
S2       16        219,040,909 dTLB-load-misses                                              (17.07%)
S2       16    <not supported> dTLB-stores             
S2       16    <not supported> dTLB-store-misses       
S2       16    285,267,329,228 iTLB-loads                                                    (16.83%)
S2       16          1,463,357 iTLB-load-misses                                              (11.04%)
S2       16    106,070,815,412 branch-loads                                                  (16.62%)
S2       16      8,689,694,630 branch-load-misses                                            (22.03%)
S3       16        179,580,593 cache-misses                                                  (21.82%)
S3       16     53,306,082,322 cycles                    #    0.000 GHz                      (21.52%)
S3       16     11,511,702,289 instructions              #    0.00  insns per cycle          (27.00%)
S3       16             95,869 cs                                                            (100.00%)
S3       16              4,067 migrations                                                    (100.00%)
S3       16             39,577 faults                                                      
S3       16    <not supported> bus-cycles              
S3       16    316,426,012,290 idle-cycles-frontend      #    0.00% frontend cycles idle     (17.08%)
S3       16     23,018,243,984 idle-cycles-backend       #    0.00% backend  cycles idle     (16.58%)
S3       16      6,154,819,770 L1-dcache-loads                                               (22.06%)
S3       16        299,419,771 L1-dcache-load-misses                                         (27.84%)
S3       16        358,932,612 L1-dcache-stores                                              (27.81%)
S3       16    <not supported> L1-dcache-store-misses  
S3       16                  0 L1-dcache-prefetch-misses                                     (27.74%)
S3       16        175,581,462 L1-icache-load-misses                                         (27.41%)
S3       16        501,751,068 LLC-loads                                                     (11.60%)
S3       16        281,140,867 LLC-stores                                                    (11.65%)
S3       16    <not supported> LLC-prefetches          
S3       16      5,864,873,499 dTLB-loads                                                    (17.26%)
S3       16            626,822 dTLB-load-misses                                              (16.91%)
S3       16    <not supported> dTLB-stores             
S3       16    <not supported> dTLB-store-misses       
S3       16      3,213,509,001 iTLB-loads                                                    (16.60%)
S3       16            611,175 iTLB-load-misses                                              (11.11%)
S3       16      1,884,335,645 branch-loads                                                  (16.51%)
S3       16         34,646,003 branch-load-misses                                            (21.84%)

     525.365356403 seconds time elapsed

#################################################################
# Test multi-threading - 64 threads - T6
#################################################################
2592638.SNAP-Scalability.batman.t64
Welcome to SNAP version 1.0beta.23.

Loading index from directory... 289s.  3137208264 bases, seed size 20
Aligning.
Total Reads    Aligned, MAPQ >= 10    Aligned, MAPQ < 10     Unaligned              Too Short/Too Many Ns     Reads/s   Time in Aligner (s)
21,535,062     17,333,608 (80.49%)    2,875,797 (13.35%)     576,575 (2.68%)        749,082 (3.48%)           322,937   67

 Performance counter stats for './snap-aligner single /tmp/data/indexes/HG_index_snap /tmp/data/datasets/NIST7086_CGTACTAG_L002_R2_001.fastq -t 64 -o /scratch/077-hpca4se-bioinf/jlenis/results/SNAP-Scalability/2592638.SNAP-Scalability.batman.t64.sam':

S0       16      1,242,246,236 cache-misses                                                  (21.89%)
S0       16  1,418,115,447,994 cycles                    #    0.000 GHz                      (22.01%)
S0       16    638,005,056,112 instructions              #    7.92  insns per cycle        
                                             #    0.05  stalled cycles per insn  (27.45%)
S0       16            132,034 cs                                                            (100.00%)
S0       16              1,565 migrations                                                    (100.00%)
S0       16            366,981 faults                                                      
S0       16    <not supported> bus-cycles              
S0       16    596,822,083,514 idle-cycles-frontend      #  740.55% frontend cycles idle     (17.40%)
S0       16    465,881,172,859 idle-cycles-backend       #  578.07% backend  cycles idle     (16.46%)
S0       16    326,976,497,369 L1-dcache-loads                                               (22.73%)
S0       16      5,480,296,348 L1-dcache-load-misses     #   29.87% of all L1-dcache hits    (27.16%)
S0       16      6,469,383,033 L1-dcache-stores                                              (27.71%)
S0       16    <not supported> L1-dcache-store-misses  
S0       16                  0 L1-dcache-prefetch-misses                                     (26.74%)
S0       16      1,214,891,620 L1-icache-load-misses                                         (27.58%)
S0       16      7,638,278,050 LLC-loads                                                     (12.26%)
S0       16      2,399,420,060 LLC-stores                                                    (10.89%)
S0       16    <not supported> LLC-prefetches          
S0       16    330,549,484,387 dTLB-loads                                                    (16.93%)
S0       16        143,648,737 dTLB-load-misses          #    0.77% of all dTLB cache hits   (16.90%)
S0       16    <not supported> dTLB-stores             
S0       16    <not supported> dTLB-store-misses       
S0       16    237,935,399,795 iTLB-loads                                                    (16.35%)
S0       16          1,036,531 iTLB-load-misses          #    0.01% of all iTLB cache hits   (11.17%)
S0       16     97,900,498,252 branch-loads                                                  (16.67%)
S0       16      6,022,539,023 branch-load-misses                                            (22.62%)
S1       16      2,134,612,111 cache-misses                                                  (22.87%)
S1       16  1,135,800,970,565 cycles                    #    0.000 GHz                      (22.82%)
S1       16    575,933,468,267 instructions              #    0.00  insns per cycle          (28.26%)
S1       16             56,774 cs                                                            (100.00%)
S1       16                720 migrations                                                    (100.00%)
S1       16            372,733 faults                                                      
S1       16    <not supported> bus-cycles              
S1       16    483,772,800,052 idle-cycles-frontend      #    0.00% frontend cycles idle     (16.91%)
S1       16    293,292,027,019 idle-cycles-backend       #    0.00% backend  cycles idle     (16.76%)
S1       16    271,179,911,432 L1-dcache-loads                                               (22.52%)
S1       16      4,304,016,301 L1-dcache-load-misses                                         (28.11%)
S1       16      4,956,519,303 L1-dcache-stores                                              (27.92%)
S1       16    <not supported> L1-dcache-store-misses  
S1       16                  0 L1-dcache-prefetch-misses                                     (27.96%)
S1       16      2,109,232,673 L1-icache-load-misses                                         (27.53%)
S1       16      7,650,623,093 LLC-loads                                                     (10.53%)
S1       16      1,945,302,433 LLC-stores                                                    (10.80%)
S1       16    <not supported> LLC-prefetches          
S1       16    288,217,146,804 dTLB-loads                                                    (16.26%)
S1       16        176,814,103 dTLB-load-misses                                              (16.20%)
S1       16    <not supported> dTLB-stores             
S1       16    <not supported> dTLB-store-misses       
S1       16    236,913,266,694 iTLB-loads                                                    (16.22%)
S1       16          1,099,810 iTLB-load-misses                                              (11.40%)
S1       16     85,577,118,130 branch-loads                                                  (17.03%)
S1       16      6,224,024,476 branch-load-misses                                            (22.69%)
S2       16      1,215,934,783 cache-misses                                                  (22.03%)
S2       16  1,086,489,937,126 cycles                    #    0.000 GHz                      (22.30%)
S2       16    520,200,358,764 instructions              #    0.00  insns per cycle          (28.04%)
S2       16            106,607 cs                                                            (100.00%)
S2       16              1,219 migrations                                                    (100.00%)
S2       16            376,754 faults                                                      
S2       16    <not supported> bus-cycles              
S2       16    322,660,691,001 idle-cycles-frontend      #    0.00% frontend cycles idle     (17.26%)
S2       16    256,772,724,890 idle-cycles-backend       #    0.00% backend  cycles idle     (16.98%)
S2       16    240,330,683,451 L1-dcache-loads                                               (22.72%)
S2       16      3,185,365,911 L1-dcache-load-misses                                         (28.07%)
S2       16      3,571,369,740 L1-dcache-stores                                              (27.92%)
S2       16    <not supported> L1-dcache-store-misses  
S2       16                  0 L1-dcache-prefetch-misses                                     (27.67%)
S2       16      1,221,111,484 L1-icache-load-misses                                         (27.59%)
S2       16      4,866,429,411 LLC-loads                                                     (11.10%)
S2       16      1,335,496,780 LLC-stores                                                    (10.90%)
S2       16    <not supported> LLC-prefetches          
S2       16    246,525,180,647 dTLB-loads                                                    (16.71%)
S2       16        142,861,228 dTLB-load-misses                                              (16.45%)
S2       16    <not supported> dTLB-stores             
S2       16    <not supported> dTLB-store-misses       
S2       16    209,505,065,774 iTLB-loads                                                    (16.81%)
S2       16          1,101,813 iTLB-load-misses                                              (10.90%)
S2       16     77,588,047,895 branch-loads                                                  (16.25%)
S2       16      6,474,674,675 branch-load-misses                                            (21.74%)
S3       16      1,450,480,836 cache-misses                                                  (21.55%)
S3       16  1,517,475,097,253 cycles                    #    0.000 GHz                      (20.82%)
S3       16    726,393,618,506 instructions              #    0.00  insns per cycle          (27.69%)
S3       16            134,549 cs                                                            (100.00%)
S3       16              1,479 migrations                                                    (100.00%)
S3       16            393,904 faults                                                      
S3       16    <not supported> bus-cycles              
S3       16    805,711,134,337 idle-cycles-frontend      #    0.00% frontend cycles idle     (18.77%)
S3       16    554,152,059,459 idle-cycles-backend       #    0.00% backend  cycles idle     (16.63%)
S3       16    335,730,697,761 L1-dcache-loads                                               (22.50%)
S3       16      6,705,591,562 L1-dcache-load-misses                                         (26.25%)
S3       16      8,347,835,968 L1-dcache-stores                                              (27.50%)
S3       16    <not supported> L1-dcache-store-misses  
S3       16                  0 L1-dcache-prefetch-misses                                     (25.59%)
S3       16      1,449,778,400 L1-icache-load-misses                                         (26.34%)
S3       16      9,823,255,551 LLC-loads                                                     (13.12%)
S3       16      3,588,600,679 LLC-stores                                                    (11.03%)
S3       16    <not supported> LLC-prefetches          
S3       16    333,164,352,333 dTLB-loads                                                    (17.72%)
S3       16        143,344,751 dTLB-load-misses                                              (17.79%)
S3       16    <not supported> dTLB-stores             
S3       16    <not supported> dTLB-store-misses       
S3       16    250,583,037,881 iTLB-loads                                                    (16.95%)
S3       16          1,571,701 iTLB-load-misses                                              (11.05%)
S3       16    110,994,727,088 branch-loads                                                  (16.55%)
S3       16      6,445,782,625 branch-load-misses                                            (22.51%)

     356.033611168 seconds time elapsed

#################################################################
#################################################################
