mkdir: cannot create directory `/scratch/077-hpca4se-bioinf/jlenis/results/SNAP-Scalability': File exists
> Benchmarks for snap-beta.18: NIST7086_CGTACTAG_L002_R2_001
penguin
#################################################################
# Warm up - 64 threads - T1
#################################################################
WarmUp.2592643.SNAP-Scalability.penguin.t64
Welcome to SNAP version 1.0beta.23.

Loading index from directory... 73s.  3137208264 bases, seed size 20
Aligning.
Total Reads    Aligned, MAPQ >= 10    Aligned, MAPQ < 10     Unaligned              Too Short/Too Many Ns     Reads/s   Time in Aligner (s)
21,535,062     17,333,608 (80.49%)    2,875,797 (13.35%)     576,575 (2.68%)        749,082 (3.48%)           473,183   46
#################################################################
# Test multi-threading - 8 threads - T2
#################################################################
2592643.SNAP-Scalability.penguin.t8
Welcome to SNAP version 1.0beta.23.

Loading index from directory... 581s.  3137208264 bases, seed size 20
Aligning.
Total Reads    Aligned, MAPQ >= 10    Aligned, MAPQ < 10     Unaligned              Too Short/Too Many Ns     Reads/s   Time in Aligner (s)
21,535,062     17,333,608 (80.49%)    2,875,797 (13.35%)     576,575 (2.68%)        749,082 (3.48%)           206,753   104

 Performance counter stats for './snap-aligner single /tmp/data/indexes/HG_index_snap /tmp/data/datasets/NIST7086_CGTACTAG_L002_R2_001.fastq -t 8 -o /scratch/077-hpca4se-bioinf/jlenis/results/SNAP-Scalability/2592643.SNAP-Scalability.penguin.t8.sam':

S0       16        910,171,265 cache-misses                                                  (17.46%)
S0       16    563,988,185,337 cycles                    #    0.000 GHz                      (21.94%)
S0       16    538,236,513,756 instructions              #    9.75  insns per cycle        
                                             #    0.15  stalled cycles per insn  (26.57%)
S0       16            176,806 cs                                                            (100.00%)
S0       16              1,958 migrations                                                    (100.00%)
S0       16            431,407 faults                                                      
S0       16     22,441,135,839 bus-cycles                                                    (26.60%)
S0       16    784,284,059,565 idle-cycles-frontend      #  1420.68% frontend cycles idle     (26.97%)
S0       16    729,903,192,680 idle-cycles-backend       #  1322.17% backend  cycles idle     (27.18%)
S0       16    146,793,561,655 L1-dcache-loads                                               (26.95%)
S0       16      3,150,616,412 L1-dcache-load-misses     #   21.65% of all L1-dcache hits    (17.60%)
S0       16     45,691,729,295 L1-dcache-stores                                              (17.36%)
S0       16      1,504,770,667 L1-dcache-store-misses                                        (17.14%)
S0       16      1,349,012,846 L1-dcache-prefetch-misses                                     (17.14%)
S0       16      1,380,030,670 L1-icache-load-misses                                         (17.16%)
S0       16      1,702,196,500 LLC-loads                                                     (16.91%)
S0       16        553,691,665 LLC-stores                                                    (17.15%)
S0       16        772,743,595 LLC-prefetches                                                (8.72%)
S0       16    152,683,395,801 dTLB-loads                                                    (12.95%)
S0       16        379,989,747 dTLB-load-misses          #    2.56% of all dTLB cache hits   (17.21%)
S0       16     49,043,610,334 dTLB-stores                                                   (17.17%)
S0       16         19,459,312 dTLB-store-misses                                             (17.16%)
S0       16         13,671,960 iTLB-loads                                                    (17.12%)
S0       16          4,752,612 iTLB-load-misses          #  370.16% of all iTLB cache hits   (17.31%)
S0       16     79,228,560,890 branch-loads                                                  (17.13%)
S0       16      5,236,136,565 branch-load-misses                                            (17.13%)
S1       16      2,302,557,981 cache-misses                                                  (17.15%)
S1       16  1,834,134,974,567 cycles                    #    0.000 GHz                      (21.51%)
S1       16  1,977,885,669,000 instructions              #    0.00  insns per cycle          (25.97%)
S1       16            235,695 cs                                                            (100.00%)
S1       16              1,503 migrations                                                    (100.00%)
S1       16            339,977 faults                                                      
S1       16     72,169,268,007 bus-cycles                                                    (26.09%)
S1       16  2,772,271,357,204 idle-cycles-frontend      #    0.00% frontend cycles idle     (26.15%)
S1       16  2,454,090,228,308 idle-cycles-backend       #    0.00% backend  cycles idle     (26.20%)
S1       16    495,702,300,346 L1-dcache-loads                                               (26.26%)
S1       16     13,912,452,067 L1-dcache-load-misses                                         (17.46%)
S1       16    293,846,031,691 L1-dcache-stores                                              (17.49%)
S1       16      4,571,869,830 L1-dcache-store-misses                                        (17.57%)
S1       16      6,538,516,939 L1-dcache-prefetch-misses                                     (17.41%)
S1       16      2,108,515,046 L1-icache-load-misses                                         (17.47%)
S1       16      7,250,317,514 LLC-loads                                                     (17.31%)
S1       16      1,212,943,368 LLC-stores                                                    (17.46%)
S1       16      2,086,104,501 LLC-prefetches                                                (8.86%)
S1       16    479,842,571,595 dTLB-loads                                                    (13.16%)
S1       16      6,319,711,138 dTLB-load-misses                                              (17.39%)
S1       16    278,691,102,598 dTLB-stores                                                   (17.28%)
S1       16        261,954,887 dTLB-store-misses                                             (17.38%)
S1       16         32,729,830 iTLB-loads                                                    (17.27%)
S1       16          8,148,667 iTLB-load-misses                                              (17.30%)
S1       16    322,455,680,852 branch-loads                                                  (17.32%)
S1       16      5,349,166,049 branch-load-misses                                            (16.99%)
S2       16        792,880,527 cache-misses                                                  (16.91%)
S2       16    602,813,517,949 cycles                    #    0.000 GHz                      (21.42%)
S2       16    582,785,906,769 instructions              #    0.00  insns per cycle          (25.95%)
S2       16             85,325 cs                                                            (100.00%)
S2       16              1,300 migrations                                                    (100.00%)
S2       16            404,069 faults                                                      
S2       16     24,241,467,459 bus-cycles                                                    (25.99%)
S2       16    848,988,005,940 idle-cycles-frontend      #    0.00% frontend cycles idle     (26.57%)
S2       16    817,026,026,768 idle-cycles-backend       #    0.00% backend  cycles idle     (27.12%)
S2       16    142,367,587,781 L1-dcache-loads                                               (27.24%)
S2       16      2,809,013,520 L1-dcache-load-misses                                         (18.49%)
S2       16     41,529,603,156 L1-dcache-stores                                              (18.29%)
S2       16      1,155,308,407 L1-dcache-store-misses                                        (18.16%)
S2       16      1,234,010,158 L1-dcache-prefetch-misses                                     (17.75%)
S2       16      1,544,496,820 L1-icache-load-misses                                         (17.57%)
S2       16      1,600,389,532 LLC-loads                                                     (17.46%)
S2       16        240,395,115 LLC-stores                                                    (17.26%)
S2       16        757,331,731 LLC-prefetches                                                (8.38%)
S2       16    173,528,921,483 dTLB-loads                                                    (12.39%)
S2       16        322,886,700 dTLB-load-misses                                              (16.44%)
S2       16     51,015,027,212 dTLB-stores                                                   (16.56%)
S2       16         14,557,744 dTLB-store-misses                                             (16.51%)
S2       16         24,294,550 iTLB-loads                                                    (16.89%)
S2       16          9,266,249 iTLB-load-misses                                              (17.18%)
S2       16     78,347,425,697 branch-loads                                                  (16.92%)
S2       16      5,474,713,891 branch-load-misses                                            (16.78%)
S3       16        725,136,896 cache-misses                                                  (17.28%)
S3       16    532,185,127,015 cycles                    #    0.000 GHz                      (21.62%)
S3       16    515,678,077,628 instructions              #    0.00  insns per cycle          (25.99%)
S3       16             94,344 cs                                                            (100.00%)
S3       16              2,777 migrations                                                    (100.00%)
S3       16            393,148 faults                                                      
S3       16     20,790,235,322 bus-cycles                                                    (25.59%)
S3       16    798,396,105,315 idle-cycles-frontend      #    0.00% frontend cycles idle     (25.60%)
S3       16    785,410,531,498 idle-cycles-backend       #    0.00% backend  cycles idle     (25.46%)
S3       16    146,372,480,317 L1-dcache-loads                                               (25.41%)
S3       16      2,837,545,052 L1-dcache-load-misses                                         (17.22%)
S3       16     40,757,174,692 L1-dcache-stores                                              (17.94%)
S3       16      1,260,322,706 L1-dcache-store-misses                                        (17.02%)
S3       16      1,174,617,270 L1-dcache-prefetch-misses                                     (17.42%)
S3       16      1,221,932,260 L1-icache-load-misses                                         (17.30%)
S3       16      1,403,535,912 LLC-loads                                                     (17.52%)
S3       16        231,690,017 LLC-stores                                                    (17.36%)
S3       16        651,859,208 LLC-prefetches                                                (9.69%)
S3       16    142,144,413,765 dTLB-loads                                                    (13.22%)
S3       16        284,514,790 dTLB-load-misses                                              (17.27%)
S3       16     40,212,930,294 dTLB-stores                                                   (18.28%)
S3       16         12,778,397 dTLB-store-misses                                             (17.58%)
S3       16         11,476,478 iTLB-loads                                                    (17.66%)
S3       16          5,449,677 iTLB-load-misses                                              (17.50%)
S3       16     74,503,804,359 branch-loads                                                  (18.00%)
S3       16      5,052,986,535 branch-load-misses                                            (17.42%)

     686.287575189 seconds time elapsed

#################################################################
# Test multi-threading - 16 threads - T3
#################################################################
2592643.SNAP-Scalability.penguin.t16
Welcome to SNAP version 1.0beta.23.

Loading index from directory... 217s.  3137208264 bases, seed size 20
Aligning.
Total Reads    Aligned, MAPQ >= 10    Aligned, MAPQ < 10     Unaligned              Too Short/Too Many Ns     Reads/s   Time in Aligner (s)
21,535,062     17,333,608 (80.49%)    2,875,797 (13.35%)     576,575 (2.68%)        749,082 (3.48%)           379,552   57

 Performance counter stats for './snap-aligner single /tmp/data/indexes/HG_index_snap /tmp/data/datasets/NIST7086_CGTACTAG_L002_R2_001.fastq -t 16 -o /scratch/077-hpca4se-bioinf/jlenis/results/SNAP-Scalability/2592643.SNAP-Scalability.penguin.t16.sam':

S0       16        980,729,913 cache-misses                                                  (16.26%)
S0       16    594,513,649,552 cycles                    #    0.000 GHz                      (20.95%)
S0       16    525,194,643,003 instructions              #   12.53  insns per cycle        
                                             #    0.12  stalled cycles per insn  (25.24%)
S0       16             87,180 cs                                                            (100.00%)
S0       16                658 migrations                                                    (100.00%)
S0       16            346,454 faults                                                      
S0       16     23,953,916,757 bus-cycles                                                    (25.75%)
S0       16    889,974,677,743 idle-cycles-frontend      #  2122.82% frontend cycles idle     (26.20%)
S0       16    841,119,035,526 idle-cycles-backend       #  2006.29% backend  cycles idle     (26.22%)
S0       16    135,368,033,414 L1-dcache-loads                                               (26.56%)
S0       16      2,971,926,323 L1-dcache-load-misses     #   28.80% of all L1-dcache hits    (17.43%)
S0       16     42,719,498,250 L1-dcache-stores                                              (17.68%)
S0       16      1,306,237,555 L1-dcache-store-misses                                        (17.95%)
S0       16      1,176,047,383 L1-dcache-prefetch-misses                                     (18.05%)
S0       16      1,752,228,070 L1-icache-load-misses                                         (18.19%)
S0       16      1,596,201,311 LLC-loads                                                     (17.58%)
S0       16        454,404,881 LLC-stores                                                    (17.80%)
S0       16        816,555,732 LLC-prefetches                                                (9.05%)
S0       16    143,096,967,691 dTLB-loads                                                    (13.60%)
S0       16        809,905,194 dTLB-load-misses          #    7.55% of all dTLB cache hits   (17.58%)
S0       16     45,630,730,007 dTLB-stores                                                   (17.45%)
S0       16         71,808,505 dTLB-store-misses                                             (17.23%)
S0       16         20,691,568 iTLB-loads                                                    (16.92%)
S0       16          3,960,239 iTLB-load-misses          #  264.37% of all iTLB cache hits   (17.03%)
S0       16     77,504,852,659 branch-loads                                                  (16.48%)
S0       16      5,118,355,812 branch-load-misses                                            (16.41%)
S1       16      1,926,141,916 cache-misses                                                  (17.89%)
S1       16    907,568,967,015 cycles                    #    0.000 GHz                      (22.40%)
S1       16    879,661,955,760 instructions              #    0.00  insns per cycle          (26.73%)
S1       16            182,468 cs                                                            (100.00%)
S1       16                355 migrations                                                    (100.00%)
S1       16            376,424 faults                                                      
S1       16     38,816,085,925 bus-cycles                                                    (26.28%)
S1       16  1,404,482,954,474 idle-cycles-frontend      #    0.00% frontend cycles idle     (25.99%)
S1       16  1,239,664,784,437 idle-cycles-backend       #    0.00% backend  cycles idle     (26.16%)
S1       16    237,927,066,411 L1-dcache-loads                                               (25.87%)
S1       16      8,187,160,042 L1-dcache-load-misses                                         (17.54%)
S1       16    100,205,594,517 L1-dcache-stores                                              (17.95%)
S1       16      2,468,492,682 L1-dcache-store-misses                                        (17.32%)
S1       16      3,775,165,018 L1-dcache-prefetch-misses                                     (17.34%)
S1       16      1,475,778,708 L1-icache-load-misses                                         (17.37%)
S1       16      5,951,033,357 LLC-loads                                                     (17.27%)
S1       16        917,062,263 LLC-stores                                                    (16.88%)
S1       16      1,385,942,739 LLC-prefetches                                                (9.24%)
S1       16    241,957,033,344 dTLB-loads                                                    (13.05%)
S1       16      1,598,764,084 dTLB-load-misses                                              (17.05%)
S1       16    101,648,166,002 dTLB-stores                                                   (17.69%)
S1       16        104,529,319 dTLB-store-misses                                             (17.31%)
S1       16         34,592,753 iTLB-loads                                                    (17.04%)
S1       16          8,730,260 iTLB-load-misses                                              (17.30%)
S1       16    140,304,366,049 branch-loads                                                  (18.03%)
S1       16      5,508,422,092 branch-load-misses                                            (17.57%)
S2       16        952,051,896 cache-misses                                                  (17.26%)
S2       16    590,344,594,785 cycles                    #    0.000 GHz                      (22.11%)
S2       16    548,800,926,388 instructions              #    0.00  insns per cycle          (26.72%)
S2       16             84,950 cs                                                            (100.00%)
S2       16                291 migrations                                                    (100.00%)
S2       16            377,731 faults                                                      
S2       16     23,614,296,807 bus-cycles                                                    (27.01%)
S2       16    904,941,781,070 idle-cycles-frontend      #    0.00% frontend cycles idle     (26.64%)
S2       16    823,085,960,689 idle-cycles-backend       #    0.00% backend  cycles idle     (26.56%)
S2       16    150,971,807,957 L1-dcache-loads                                               (25.88%)
S2       16      3,480,431,787 L1-dcache-load-misses                                         (16.78%)
S2       16     45,953,359,549 L1-dcache-stores                                              (17.35%)
S2       16      1,557,221,061 L1-dcache-store-misses                                        (17.34%)
S2       16      1,437,418,040 L1-dcache-prefetch-misses                                     (17.20%)
S2       16      1,449,775,840 L1-icache-load-misses                                         (18.25%)
S2       16      1,783,869,729 LLC-loads                                                     (17.42%)
S2       16        539,785,779 LLC-stores                                                    (17.65%)
S2       16        818,322,102 LLC-prefetches                                                (8.67%)
S2       16    147,792,161,988 dTLB-loads                                                    (13.11%)
S2       16        371,400,404 dTLB-load-misses                                              (17.37%)
S2       16     47,736,047,089 dTLB-stores                                                   (17.26%)
S2       16         22,270,883 dTLB-store-misses                                             (17.62%)
S2       16         21,671,992 iTLB-loads                                                    (17.22%)
S2       16          6,368,248 iTLB-load-misses                                              (16.84%)
S2       16     82,752,439,815 branch-loads                                                  (16.96%)
S2       16      5,511,830,459 branch-load-misses                                            (17.01%)
S3       16        786,763,512 cache-misses                                                  (17.22%)
S3       16    590,720,489,658 cycles                    #    0.000 GHz                      (21.00%)
S3       16    524,396,777,264 instructions              #    0.00  insns per cycle          (25.25%)
S3       16             51,683 cs                                                            (100.00%)
S3       16                510 migrations                                                    (100.00%)
S3       16            360,774 faults                                                      
S3       16     23,242,520,211 bus-cycles                                                    (25.30%)
S3       16    848,261,403,076 idle-cycles-frontend      #    0.00% frontend cycles idle     (25.43%)
S3       16    813,260,246,916 idle-cycles-backend       #    0.00% backend  cycles idle     (25.22%)
S3       16    136,220,480,851 L1-dcache-loads                                               (25.36%)
S3       16      2,666,130,870 L1-dcache-load-misses                                         (17.42%)
S3       16     40,961,823,675 L1-dcache-stores                                              (17.47%)
S3       16      1,158,648,029 L1-dcache-store-misses                                        (17.55%)
S3       16      1,176,418,827 L1-dcache-prefetch-misses                                     (17.58%)
S3       16      1,143,432,071 L1-icache-load-misses                                         (17.35%)
S3       16      1,410,536,832 LLC-loads                                                     (17.54%)
S3       16        223,394,833 LLC-stores                                                    (17.94%)
S3       16        734,724,417 LLC-prefetches                                                (9.10%)
S3       16    153,524,231,591 dTLB-loads                                                    (13.37%)
S3       16        283,076,418 dTLB-load-misses                                              (17.43%)
S3       16     43,819,463,306 dTLB-stores                                                   (17.66%)
S3       16         12,071,753 dTLB-store-misses                                             (18.09%)
S3       16         18,915,148 iTLB-loads                                                    (18.18%)
S3       16          4,894,047 iTLB-load-misses                                              (17.81%)
S3       16     75,035,553,077 branch-loads                                                  (17.36%)
S3       16      5,286,762,931 branch-load-misses                                            (16.96%)

     274.050754087 seconds time elapsed

#################################################################
# Test multi-threading - 32 threads - T4 
#################################################################
2592643.SNAP-Scalability.penguin.t32
Welcome to SNAP version 1.0beta.23.

Loading index from directory... 63s.  3137208264 bases, seed size 20
Aligning.
Total Reads    Aligned, MAPQ >= 10    Aligned, MAPQ < 10     Unaligned              Too Short/Too Many Ns     Reads/s   Time in Aligner (s)
21,535,062     17,333,608 (80.49%)    2,875,797 (13.35%)     576,575 (2.68%)        749,082 (3.48%)           521,051   41

 Performance counter stats for './snap-aligner single /tmp/data/indexes/HG_index_snap /tmp/data/datasets/NIST7086_CGTACTAG_L002_R2_001.fastq -t 32 -o /scratch/077-hpca4se-bioinf/jlenis/results/SNAP-Scalability/2592643.SNAP-Scalability.penguin.t32.sam':

S0       16      1,370,175,356 cache-misses                                                  (16.41%)
S0       16    802,323,109,056 cycles                    #    0.000 GHz                      (21.65%)
S0       16    506,629,886,362 instructions              #   10.23  insns per cycle        
                                             #    0.14  stalled cycles per insn  (26.74%)
S0       16             89,285 cs                                                            (100.00%)
S0       16                245 migrations                                                    (100.00%)
S0       16            346,653 faults                                                      
S0       16     33,351,055,555 bus-cycles                                                    (27.74%)
S0       16  1,150,310,719,153 idle-cycles-frontend      #  2321.78% frontend cycles idle     (27.81%)
S0       16  1,060,538,863,435 idle-cycles-backend       #  2140.58% backend  cycles idle     (29.07%)
S0       16    136,364,325,315 L1-dcache-loads                                               (27.93%)
S0       16      3,217,833,887 L1-dcache-load-misses     #   37.21% of all L1-dcache hits    (19.81%)
S0       16     46,974,736,489 L1-dcache-stores                                              (18.76%)
S0       16      1,373,141,286 L1-dcache-store-misses                                        (18.85%)
S0       16      1,579,104,681 L1-dcache-prefetch-misses                                     (18.07%)
S0       16      1,310,268,359 L1-icache-load-misses                                         (17.45%)
S0       16      2,364,633,156 LLC-loads                                                     (15.78%)
S0       16        627,080,699 LLC-stores                                                    (16.46%)
S0       16        960,352,570 LLC-prefetches                                                (8.78%)
S0       16    148,218,565,415 dTLB-loads                                                    (12.34%)
S0       16        467,792,073 dTLB-load-misses          #    4.81% of all dTLB cache hits   (16.22%)
S0       16     44,991,247,694 dTLB-stores                                                   (15.98%)
S0       16         40,463,077 dTLB-store-misses                                             (15.66%)
S0       16         16,436,662 iTLB-loads                                                    (17.01%)
S0       16          8,071,891 iTLB-load-misses          #  503.01% of all iTLB cache hits   (17.06%)
S0       16     81,525,425,611 branch-loads                                                  (16.21%)
S0       16      5,441,080,474 branch-load-misses                                            (16.29%)
S1       16        863,741,219 cache-misses                                                  (16.17%)
S1       16    742,900,459,485 cycles                    #    0.000 GHz                      (20.77%)
S1       16    492,835,277,279 instructions              #    0.00  insns per cycle          (25.64%)
S1       16             53,748 cs                                                            (100.00%)
S1       16                145 migrations                                                    (100.00%)
S1       16            352,800 faults                                                      
S1       16     30,749,908,630 bus-cycles                                                    (26.35%)
S1       16  1,086,756,941,562 idle-cycles-frontend      #    0.00% frontend cycles idle     (26.72%)
S1       16  1,003,044,145,205 idle-cycles-backend       #    0.00% backend  cycles idle     (27.57%)
S1       16    132,591,614,884 L1-dcache-loads                                               (27.65%)
S1       16      2,828,541,376 L1-dcache-load-misses                                         (18.28%)
S1       16     40,640,088,722 L1-dcache-stores                                              (17.98%)
S1       16      1,145,446,868 L1-dcache-store-misses                                        (17.92%)
S1       16      1,171,448,726 L1-dcache-prefetch-misses                                     (17.96%)
S1       16      1,247,616,226 L1-icache-load-misses                                         (17.73%)
S1       16      1,477,903,720 LLC-loads                                                     (18.02%)
S1       16        261,857,734 LLC-stores                                                    (17.56%)
S1       16        833,585,856 LLC-prefetches                                                (8.70%)
S1       16    142,896,155,821 dTLB-loads                                                    (12.96%)
S1       16        344,617,284 dTLB-load-misses                                              (17.11%)
S1       16     42,922,850,025 dTLB-stores                                                   (17.25%)
S1       16         16,404,971 dTLB-store-misses                                             (16.77%)
S1       16         37,226,513 iTLB-loads                                                    (16.43%)
S1       16         10,760,242 iTLB-load-misses                                              (16.03%)
S1       16     85,236,090,801 branch-loads                                                  (15.88%)
S1       16      5,709,437,398 branch-load-misses                                            (15.71%)
S2       16      1,333,416,610 cache-misses                                                  (16.47%)
S2       16    858,489,379,150 cycles                    #    0.000 GHz                      (21.42%)
S2       16    605,845,526,899 instructions              #    0.00  insns per cycle          (26.48%)
S2       16             63,771 cs                                                            (100.00%)
S2       16                214 migrations                                                    (100.00%)
S2       16            384,125 faults                                                      
S2       16     33,839,365,060 bus-cycles                                                    (27.48%)
S2       16  1,177,885,256,595 idle-cycles-frontend      #    0.00% frontend cycles idle     (28.30%)
S2       16  1,074,161,303,890 idle-cycles-backend       #    0.00% backend  cycles idle     (28.98%)
S2       16    151,810,524,897 L1-dcache-loads                                               (28.98%)
S2       16      4,318,437,477 L1-dcache-load-misses                                         (19.04%)
S2       16     52,241,653,457 L1-dcache-stores                                              (18.60%)
S2       16      1,992,769,355 L1-dcache-store-misses                                        (18.53%)
S2       16      1,837,087,858 L1-dcache-prefetch-misses                                     (17.83%)
S2       16      1,440,262,964 L1-icache-load-misses                                         (16.99%)
S2       16      2,590,800,433 LLC-loads                                                     (16.45%)
S2       16        939,686,027 LLC-stores                                                    (15.97%)
S2       16      1,167,429,946 LLC-prefetches                                                (8.37%)
S2       16    171,413,650,728 dTLB-loads                                                    (12.39%)
S2       16        733,862,152 dTLB-load-misses                                              (16.23%)
S2       16     57,013,021,639 dTLB-stores                                                   (16.47%)
S2       16         39,558,780 dTLB-store-misses                                             (15.79%)
S2       16         21,157,702 iTLB-loads                                                    (16.19%)
S2       16         10,426,397 iTLB-load-misses                                              (16.07%)
S2       16     97,815,326,569 branch-loads                                                  (16.20%)
S2       16      5,868,941,163 branch-load-misses                                            (16.42%)
S3       16      1,124,681,708 cache-misses                                                  (16.48%)
S3       16    767,130,518,036 cycles                    #    0.000 GHz                      (20.87%)
S3       16    535,947,387,519 instructions              #    0.00  insns per cycle          (25.59%)
S3       16             94,589 cs                                                            (100.00%)
S3       16                297 migrations                                                    (100.00%)
S3       16            350,641 faults                                                      
S3       16     31,728,975,549 bus-cycles                                                    (26.15%)
S3       16  1,130,157,213,021 idle-cycles-frontend      #    0.00% frontend cycles idle     (27.17%)
S3       16  1,033,347,599,773 idle-cycles-backend       #    0.00% backend  cycles idle     (28.08%)
S3       16    132,651,794,624 L1-dcache-loads                                               (28.15%)
S3       16      3,064,995,065 L1-dcache-load-misses                                         (18.75%)
S3       16     40,904,082,690 L1-dcache-stores                                              (18.48%)
S3       16      1,315,800,032 L1-dcache-store-misses                                        (18.21%)
S3       16      1,249,122,280 L1-dcache-prefetch-misses                                     (17.35%)
S3       16      1,766,011,189 L1-icache-load-misses                                         (17.50%)
S3       16      1,698,244,453 LLC-loads                                                     (17.23%)
S3       16        519,797,608 LLC-stores                                                    (16.82%)
S3       16        995,703,875 LLC-prefetches                                                (8.63%)
S3       16    160,501,912,168 dTLB-loads                                                    (12.52%)
S3       16        994,031,988 dTLB-load-misses                                              (17.41%)
S3       16     51,266,188,445 dTLB-stores                                                   (17.24%)
S3       16         85,088,294 dTLB-store-misses                                             (16.94%)
S3       16         27,880,630 iTLB-loads                                                    (16.94%)
S3       16          9,463,541 iTLB-load-misses                                              (15.94%)
S3       16     92,279,326,030 branch-loads                                                  (15.70%)
S3       16      5,981,813,959 branch-load-misses                                            (15.48%)

     104.812619083 seconds time elapsed

#################################################################
# Test multi-threading - 48 threads - T5
#################################################################
2592643.SNAP-Scalability.penguin.t48
Welcome to SNAP version 1.0beta.23.

Loading index from directory... 234s.  3137208264 bases, seed size 20
Aligning.
Total Reads    Aligned, MAPQ >= 10    Aligned, MAPQ < 10     Unaligned              Too Short/Too Many Ns     Reads/s   Time in Aligner (s)
21,535,062     17,333,608 (80.49%)    2,875,797 (13.35%)     576,575 (2.68%)        749,082 (3.48%)           344,792   62

 Performance counter stats for './snap-aligner single /tmp/data/indexes/HG_index_snap /tmp/data/datasets/NIST7086_CGTACTAG_L002_R2_001.fastq -t 48 -o /scratch/077-hpca4se-bioinf/jlenis/results/SNAP-Scalability/2592643.SNAP-Scalability.penguin.t48.sam':

S0       16      1,589,246,155 cache-misses                                                  (16.53%)
S0       16  1,278,864,647,538 cycles                    #    0.000 GHz                      (20.94%)
S0       16    835,011,786,039 instructions              #   11.90  insns per cycle        
                                             #    0.09  stalled cycles per insn  (25.15%)
S0       16            167,020 cs                                                            (100.00%)
S0       16                768 migrations                                                    (100.00%)
S0       16            378,996 faults                                                      
S0       16     54,348,678,661 bus-cycles                                                    (25.52%)
S0       16  1,479,487,533,202 idle-cycles-frontend      #  2107.70% frontend cycles idle     (25.89%)
S0       16  1,303,202,301,554 idle-cycles-backend       #  1856.56% backend  cycles idle     (26.09%)
S0       16    207,379,069,598 L1-dcache-loads                                               (26.50%)
S0       16      6,761,612,403 L1-dcache-load-misses     #   61.79% of all L1-dcache hits    (17.83%)
S0       16     89,908,218,011 L1-dcache-stores                                              (17.66%)
S0       16      2,406,495,772 L1-dcache-store-misses                                        (17.80%)
S0       16      2,813,942,722 L1-dcache-prefetch-misses                                     (17.48%)
S0       16      1,577,216,754 L1-icache-load-misses                                         (17.62%)
S0       16      4,305,438,466 LLC-loads                                                     (17.83%)
S0       16        940,084,267 LLC-stores                                                    (17.73%)
S0       16      1,383,465,729 LLC-prefetches                                                (9.10%)
S0       16    218,052,827,307 dTLB-loads                                                    (13.59%)
S0       16      1,593,856,164 dTLB-load-misses          #   13.29% of all dTLB cache hits   (17.37%)
S0       16     93,940,784,141 dTLB-stores                                                   (17.42%)
S0       16         93,767,155 dTLB-store-misses                                             (17.51%)
S0       16        154,660,626 iTLB-loads                                                    (17.18%)
S0       16         38,494,741 iTLB-load-misses          #  380.21% of all iTLB cache hits   (17.15%)
S0       16    131,414,929,918 branch-loads                                                  (16.80%)
S0       16      5,501,919,119 branch-load-misses                                            (16.45%)
S1       16      1,681,310,640 cache-misses                                                  (17.13%)
S1       16  1,261,073,836,503 cycles                    #    0.000 GHz                      (21.59%)
S1       16    960,337,323,260 instructions              #    0.00  insns per cycle          (25.03%)
S1       16            125,218 cs                                                            (100.00%)
S1       16                627 migrations                                                    (100.00%)
S1       16            402,915 faults                                                      
S1       16     55,831,643,251 bus-cycles                                                    (25.41%)
S1       16  1,525,467,034,475 idle-cycles-frontend      #    0.00% frontend cycles idle     (25.51%)
S1       16  1,267,070,599,933 idle-cycles-backend       #    0.00% backend  cycles idle     (25.60%)
S1       16    219,484,839,672 L1-dcache-loads                                               (26.16%)
S1       16      7,525,931,178 L1-dcache-load-misses                                         (17.94%)
S1       16    101,060,306,129 L1-dcache-stores                                              (18.20%)
S1       16      2,801,376,039 L1-dcache-store-misses                                        (18.11%)
S1       16      3,275,334,276 L1-dcache-prefetch-misses                                     (17.73%)
S1       16      2,253,041,747 L1-icache-load-misses                                         (17.74%)
S1       16      4,382,144,170 LLC-loads                                                     (17.85%)
S1       16      1,172,695,005 LLC-stores                                                    (17.61%)
S1       16      1,459,703,355 LLC-prefetches                                                (9.45%)
S1       16    253,239,642,753 dTLB-loads                                                    (13.30%)
S1       16      1,987,065,941 dTLB-load-misses                                              (17.22%)
S1       16     94,180,752,525 dTLB-stores                                                   (17.38%)
S1       16        144,493,519 dTLB-store-misses                                             (17.30%)
S1       16        217,523,255 iTLB-loads                                                    (17.32%)
S1       16         28,600,529 iTLB-load-misses                                              (16.89%)
S1       16    154,991,346,296 branch-loads                                                  (16.88%)
S1       16      5,996,416,120 branch-load-misses                                            (16.71%)
S2       16        873,547,769 cache-misses                                                  (17.43%)
S2       16    919,171,247,649 cycles                    #    0.000 GHz                      (22.33%)
S2       16    487,844,790,400 instructions              #    0.00  insns per cycle          (27.26%)
S2       16             99,826 cs                                                            (100.00%)
S2       16                460 migrations                                                    (100.00%)
S2       16            370,710 faults                                                      
S2       16     39,586,409,037 bus-cycles                                                    (27.60%)
S2       16    940,689,626,236 idle-cycles-frontend      #    0.00% frontend cycles idle     (27.81%)
S2       16    832,840,802,932 idle-cycles-backend       #    0.00% backend  cycles idle     (26.78%)
S2       16    137,436,338,574 L1-dcache-loads                                               (26.56%)
S2       16      3,498,955,268 L1-dcache-load-misses                                         (18.46%)
S2       16     44,861,346,455 L1-dcache-stores                                              (17.63%)
S2       16      1,557,567,411 L1-dcache-store-misses                                        (17.13%)
S2       16      1,235,502,619 L1-dcache-prefetch-misses                                     (16.88%)
S2       16      1,689,216,990 L1-icache-load-misses                                         (16.84%)
S2       16      1,692,935,444 LLC-loads                                                     (17.45%)
S2       16        348,757,840 LLC-stores                                                    (17.11%)
S2       16      1,005,528,790 LLC-prefetches                                                (8.84%)
S2       16    164,540,719,188 dTLB-loads                                                    (12.91%)
S2       16        436,981,344 dTLB-load-misses                                              (16.27%)
S2       16     47,106,912,256 dTLB-stores                                                   (16.62%)
S2       16         48,429,266 dTLB-store-misses                                             (16.86%)
S2       16        119,397,755 iTLB-loads                                                    (17.14%)
S2       16         29,267,198 iTLB-load-misses                                              (17.01%)
S2       16     76,079,597,580 branch-loads                                                  (17.00%)
S2       16      5,181,992,577 branch-load-misses                                            (17.46%)
S3       16        928,651,683 cache-misses                                                  (16.32%)
S3       16  1,033,330,115,603 cycles                    #    0.000 GHz                      (20.67%)
S3       16    520,774,077,944 instructions              #    0.00  insns per cycle          (24.80%)
S3       16             68,297 cs                                                            (100.00%)
S3       16                572 migrations                                                    (100.00%)
S3       16            353,692 faults                                                      
S3       16     46,017,160,311 bus-cycles                                                    (24.77%)
S3       16  1,099,115,032,439 idle-cycles-frontend      #    0.00% frontend cycles idle     (25.20%)
S3       16    966,051,262,715 idle-cycles-backend       #    0.00% backend  cycles idle     (25.93%)
S3       16    136,011,347,169 L1-dcache-loads                                               (26.28%)
S3       16      3,077,341,094 L1-dcache-load-misses                                         (18.03%)
S3       16     38,241,195,691 L1-dcache-stores                                              (17.92%)
S3       16      1,338,100,020 L1-dcache-store-misses                                        (17.70%)
S3       16      1,087,045,051 L1-dcache-prefetch-misses                                     (17.52%)
S3       16      1,184,515,736 L1-icache-load-misses                                         (18.09%)
S3       16      1,420,605,709 LLC-loads                                                     (18.27%)
S3       16        311,976,733 LLC-stores                                                    (18.09%)
S3       16        818,142,402 LLC-prefetches                                                (8.95%)
S3       16    131,966,141,962 dTLB-loads                                                    (13.41%)
S3       16        310,098,571 dTLB-load-misses                                              (17.76%)
S3       16     37,989,768,135 dTLB-stores                                                   (17.80%)
S3       16         14,246,423 dTLB-store-misses                                             (17.42%)
S3       16        156,391,996 iTLB-loads                                                    (16.99%)
S3       16         19,071,682 iTLB-load-misses                                              (16.78%)
S3       16     74,442,765,983 branch-loads                                                  (16.54%)
S3       16      5,271,798,197 branch-load-misses                                            (16.21%)

     297.351096756 seconds time elapsed

#################################################################
# Test multi-threading - 64 threads - T6
#################################################################
2592643.SNAP-Scalability.penguin.t64
Welcome to SNAP version 1.0beta.23.

Loading index from directory... 124s.  3137208264 bases, seed size 20
Aligning.
Total Reads    Aligned, MAPQ >= 10    Aligned, MAPQ < 10     Unaligned              Too Short/Too Many Ns     Reads/s   Time in Aligner (s)
21,535,062     17,333,608 (80.49%)    2,875,797 (13.35%)     576,575 (2.68%)        749,082 (3.48%)           474,058   45

 Performance counter stats for './snap-aligner single /tmp/data/indexes/HG_index_snap /tmp/data/datasets/NIST7086_CGTACTAG_L002_R2_001.fastq -t 64 -o /scratch/077-hpca4se-bioinf/jlenis/results/SNAP-Scalability/2592643.SNAP-Scalability.penguin.t64.sam':

S0       16      1,081,474,723 cache-misses                                                  (17.93%)
S0       16  1,141,582,361,383 cycles                    #    0.000 GHz                      (23.02%)
S0       16    504,654,075,048 instructions              #    6.72  insns per cycle        
                                             #    0.13  stalled cycles per insn  (27.69%)
S0       16             99,277 cs                                                            (100.00%)
S0       16                577 migrations                                                    (100.00%)
S0       16            380,393 faults                                                      
S0       16     50,315,200,122 bus-cycles                                                    (27.52%)
S0       16  1,010,166,402,116 idle-cycles-frontend      #  1344.45% frontend cycles idle     (27.67%)
S0       16    853,522,426,974 idle-cycles-backend       #  1135.97% backend  cycles idle     (27.74%)
S0       16    138,924,869,908 L1-dcache-loads                                               (27.60%)
S0       16      3,909,478,321 L1-dcache-load-misses     #   40.57% of all L1-dcache hits    (18.02%)
S0       16     43,637,003,713 L1-dcache-stores                                              (18.45%)
S0       16      1,740,220,665 L1-dcache-store-misses                                        (17.66%)
S0       16      1,262,371,667 L1-dcache-prefetch-misses                                     (17.39%)
S0       16      1,625,827,098 L1-icache-load-misses                                         (16.67%)
S0       16      1,880,692,330 LLC-loads                                                     (17.04%)
S0       16        589,038,157 LLC-stores                                                    (16.25%)
S0       16      1,062,112,952 LLC-prefetches                                                (9.29%)
S0       16    158,642,866,962 dTLB-loads                                                    (12.52%)
S0       16        593,856,312 dTLB-load-misses          #    5.67% of all dTLB cache hits   (16.53%)
S0       16     47,729,387,973 dTLB-stores                                                   (16.54%)
S0       16         52,043,494 dTLB-store-misses                                             (16.51%)
S0       16        258,235,656 iTLB-loads                                                    (16.03%)
S0       16         34,095,411 iTLB-load-misses          #  217.18% of all iTLB cache hits   (16.44%)
S0       16     81,531,704,977 branch-loads                                                  (17.32%)
S0       16      5,551,584,904 branch-load-misses                                            (16.99%)
S1       16      1,823,961,222 cache-misses                                                  (17.70%)
S1       16  1,322,313,357,166 cycles                    #    0.000 GHz                      (22.48%)
S1       16    707,631,395,488 instructions              #    0.00  insns per cycle          (27.07%)
S1       16            177,615 cs                                                            (100.00%)
S1       16                540 migrations                                                    (100.00%)
S1       16            377,852 faults                                                      
S1       16     59,376,190,438 bus-cycles                                                    (26.74%)
S1       16  1,259,614,930,717 idle-cycles-frontend      #    0.00% frontend cycles idle     (26.83%)
S1       16  1,044,898,899,167 idle-cycles-backend       #    0.00% backend  cycles idle     (27.13%)
S1       16    195,390,266,527 L1-dcache-loads                                               (26.63%)
S1       16      7,111,255,109 L1-dcache-load-misses                                         (17.37%)
S1       16     77,132,691,576 L1-dcache-stores                                              (17.27%)
S1       16      2,900,948,599 L1-dcache-store-misses                                        (16.96%)
S1       16      2,434,652,090 L1-dcache-prefetch-misses                                     (16.88%)
S1       16      2,488,042,928 L1-icache-load-misses                                         (16.72%)
S1       16      3,316,881,531 LLC-loads                                                     (17.04%)
S1       16      1,147,982,618 LLC-stores                                                    (16.96%)
S1       16      1,577,326,772 LLC-prefetches                                                (8.48%)
S1       16    201,431,557,489 dTLB-loads                                                    (12.74%)
S1       16      1,940,360,695 dTLB-load-misses                                              (17.10%)
S1       16     78,619,634,494 dTLB-stores                                                   (17.31%)
S1       16        207,265,343 dTLB-store-misses                                             (17.31%)
S1       16        287,762,134 iTLB-loads                                                    (17.44%)
S1       16         56,643,157 iTLB-load-misses                                              (17.58%)
S1       16    110,959,005,269 branch-loads                                                  (17.40%)
S1       16      5,509,357,393 branch-load-misses                                            (17.35%)
S2       16      1,024,458,082 cache-misses                                                  (17.04%)
S2       16  1,184,856,946,291 cycles                    #    0.000 GHz                      (21.80%)
S2       16    523,202,450,675 instructions              #    0.00  insns per cycle          (26.59%)
S2       16             95,441 cs                                                            (100.00%)
S2       16                409 migrations                                                    (100.00%)
S2       16            375,369 faults                                                      
S2       16     51,867,798,845 bus-cycles                                                    (27.07%)
S2       16    975,198,123,973 idle-cycles-frontend      #    0.00% frontend cycles idle     (27.92%)
S2       16    816,752,073,635 idle-cycles-backend       #    0.00% backend  cycles idle     (28.17%)
S2       16    140,639,083,909 L1-dcache-loads                                               (27.53%)
S2       16      3,971,052,376 L1-dcache-load-misses                                         (17.86%)
S2       16     44,499,471,457 L1-dcache-stores                                              (17.62%)
S2       16      1,733,151,160 L1-dcache-store-misses                                        (17.54%)
S2       16      1,133,211,064 L1-dcache-prefetch-misses                                     (17.85%)
S2       16      1,564,828,869 L1-icache-load-misses                                         (18.08%)
S2       16      1,682,197,741 LLC-loads                                                     (17.90%)
S2       16        448,875,230 LLC-stores                                                    (17.63%)
S2       16      1,033,157,791 LLC-prefetches                                                (8.50%)
S2       16    156,536,205,601 dTLB-loads                                                    (13.04%)
S2       16        604,472,475 dTLB-load-misses                                              (16.63%)
S2       16     48,975,740,707 dTLB-stores                                                   (16.33%)
S2       16         75,421,343 dTLB-store-misses                                             (16.10%)
S2       16        241,793,511 iTLB-loads                                                    (15.50%)
S2       16         54,658,959 iTLB-load-misses                                              (15.99%)
S2       16     86,051,106,696 branch-loads                                                  (16.23%)
S2       16      5,781,954,984 branch-load-misses                                            (16.60%)
S3       16      1,152,075,965 cache-misses                                                  (17.98%)
S3       16  1,159,942,449,495 cycles                    #    0.000 GHz                      (22.36%)
S3       16    489,678,184,723 instructions              #    0.00  insns per cycle          (26.83%)
S3       16             95,567 cs                                                            (100.00%)
S3       16                622 migrations                                                    (100.00%)
S3       16            365,530 faults                                                      
S3       16     52,607,656,827 bus-cycles                                                    (26.53%)
S3       16  1,065,937,849,666 idle-cycles-frontend      #    0.00% frontend cycles idle     (26.52%)
S3       16    926,995,691,305 idle-cycles-backend       #    0.00% backend  cycles idle     (26.12%)
S3       16    141,762,739,088 L1-dcache-loads                                               (26.30%)
S3       16      4,307,311,341 L1-dcache-load-misses                                         (17.18%)
S3       16     44,865,458,740 L1-dcache-stores                                              (17.11%)
S3       16      1,932,781,452 L1-dcache-store-misses                                        (17.51%)
S3       16      1,371,654,565 L1-dcache-prefetch-misses                                     (17.52%)
S3       16      1,366,181,456 L1-icache-load-misses                                         (17.56%)
S3       16      1,930,189,504 LLC-loads                                                     (17.58%)
S3       16        816,929,942 LLC-stores                                                    (17.47%)
S3       16      1,138,261,030 LLC-prefetches                                                (8.47%)
S3       16    153,671,218,608 dTLB-loads                                                    (12.56%)
S3       16        568,635,778 dTLB-load-misses                                              (16.73%)
S3       16     45,475,995,397 dTLB-stores                                                   (16.71%)
S3       16         39,103,869 dTLB-store-misses                                             (17.40%)
S3       16        216,943,344 iTLB-loads                                                    (17.56%)
S3       16         34,537,543 iTLB-load-misses                                              (17.75%)
S3       16     71,862,441,504 branch-loads                                                  (17.85%)
S3       16      5,016,152,994 branch-load-misses                                            (17.53%)

     169.976980564 seconds time elapsed

#################################################################
#################################################################
