mkdir: cannot create directory `/scratch/077-hpca4se-bioinf/jlenis/results/BOWTIE2-Localalloc': File exists
> Benchmarks for Bowtie2 2.2.6: gcat_set_039_1
batman
#################################################################
# Warm up - 64 threads - T1
#################################################################
WarmUp.2595686.BOWTIE2-Localalloc.batman.t64
perl: warning: Setting locale failed.
perl: warning: Please check that your locale settings:
	LANGUAGE = (unset),
	LC_ALL = (unset),
	LC_CTYPE = "UTF-8",
	LANG = "en_US.UTF-8"
    are supported and installed on your system.
perl: warning: Falling back to the standard locale ("C").
11945249 reads; of these:
  11945249 (100.00%) were unpaired; of these:
    268643 (2.25%) aligned 0 times
    7905342 (66.18%) aligned exactly 1 time
    3771264 (31.57%) aligned >1 times
97.75% overall alignment rate
#################################################################
# Test multi-threading - 8 threads - T2
#################################################################
2595686.BOWTIE2-Localalloc.batman.t8
perl: warning: Setting locale failed.
perl: warning: Please check that your locale settings:
	LANGUAGE = (unset),
	LC_ALL = (unset),
	LC_CTYPE = "UTF-8",
	LANG = "en_US.UTF-8"
    are supported and installed on your system.
perl: warning: Falling back to the standard locale ("C").
11945249 reads; of these:
  11945249 (100.00%) were unpaired; of these:
    268643 (2.25%) aligned 0 times
    7905342 (66.18%) aligned exactly 1 time
    3771264 (31.57%) aligned >1 times
97.75% overall alignment rate

 Performance counter stats for 'numactl --localalloc --physcpubind=0-7 ./bowtie2 -p 8 -x /tmp/data/indexes/HG_index_bowtie2/bowtie2_index /tmp/data/datasets/gcat_set_039_1.fastq -S /scratch/077-hpca4se-bioinf/jlenis/results/BOWTIE2-Localalloc/2595686.BOWTIE2-Localalloc.batman.t8.sam':

S0       16        42629716893 cache-misses                                                  (22.08%)
S0       16     24364547054054 cycles                    #    0.000 GHz                      (20.56%)
S0       16     32143559843956 instructions              #   83.26  insns per cycle        
                                             #    0.00  stalled cycles per insn  (26.73%)
S0       16             228310 cs                                                            (100.00%)
S0       16               1741 migrations                                                    (100.00%)
S0       16              92648 faults                                                      
S0       16    <not supported> bus-cycles              
S0       16      1644182868363 idle-cycles-frontend      #  425.89% frontend cycles idle     (16.73%)
S0       16       758163050152 idle-cycles-backend       #  196.38% backend  cycles idle     (16.60%)
S0       16     12685670186280 L1-dcache-loads                                               (23.03%)
S0       16       210757938835 L1-dcache-load-misses     #  105.81% of all L1-dcache hits    (26.46%)
S0       16       295577109814 L1-dcache-stores                                              (27.90%)
S0       16    <not supported> L1-dcache-store-misses  
S0       16                  0 L1-dcache-prefetch-misses                                     (25.84%)
S0       16        42869428515 L1-icache-load-misses                                         (27.84%)
S0       16       339116021931 LLC-loads                                                     (13.26%)
S0       16        59859543049 LLC-stores                                                    (11.11%)
S0       16    <not supported> LLC-prefetches          
S0       16     12699150634232 dTLB-loads                                                    (17.36%)
S0       16         4510965018 dTLB-load-misses          #    2.26% of all dTLB cache hits   (17.36%)
S0       16    <not supported> dTLB-stores             
S0       16    <not supported> dTLB-store-misses       
S0       16      7385992611549 iTLB-loads                                                    (16.70%)
S0       16          117738874 iTLB-load-misses          #    0.10% of all iTLB cache hits   (11.24%)
S0       16      3212597464249 branch-loads                                                  (16.62%)
S0       16        74946258344 branch-load-misses                                            (22.81%)
S1       16          222573086 cache-misses                                                  (20.97%)
S1       16        80460612564 cycles                    #    0.000 GHz                      (21.75%)
S1       16        21450277044 instructions              #    0.00  insns per cycle          (27.46%)
S1       16             106070 cs                                                            (100.00%)
S1       16                958 migrations                                                    (100.00%)
S1       16              63499 faults                                                      
S1       16    <not supported> bus-cycles              
S1       16       803065877607 idle-cycles-frontend      #    0.00% frontend cycles idle     (18.24%)
S1       16        33392100224 idle-cycles-backend       #    0.00% backend  cycles idle     (16.36%)
S1       16        12945838469 L1-dcache-loads                                               (22.02%)
S1       16          620485929 L1-dcache-load-misses                                         (27.22%)
S1       16          628401024 L1-dcache-stores                                              (27.81%)
S1       16    <not supported> L1-dcache-store-misses  
S1       16                  0 L1-dcache-prefetch-misses                                     (27.77%)
S1       16          268153251 L1-icache-load-misses                                         (27.57%)
S1       16          861921466 LLC-loads                                                     (11.29%)
S1       16          584027071 LLC-stores                                                    (11.24%)
S1       16    <not supported> LLC-prefetches          
S1       16        10885098568 dTLB-loads                                                    (16.88%)
S1       16             279540 dTLB-load-misses                                              (16.95%)
S1       16    <not supported> dTLB-stores             
S1       16    <not supported> dTLB-store-misses       
S1       16         4834183582 iTLB-loads                                                    (16.86%)
S1       16             199719 iTLB-load-misses                                              (11.01%)
S1       16         3384484256 branch-loads                                                  (16.38%)
S1       16           35757992 branch-load-misses                                            (22.00%)
S2       16          257201880 cache-misses                                                  (22.51%)
S2       16        87421090882 cycles                    #    0.000 GHz                      (22.62%)
S2       16        23376318436 instructions              #    0.00  insns per cycle          (28.16%)
S2       16             115337 cs                                                            (100.00%)
S2       16               1361 migrations                                                    (100.00%)
S2       16              62147 faults                                                      
S2       16    <not supported> bus-cycles              
S2       16       620825554629 idle-cycles-frontend      #    0.00% frontend cycles idle     (16.86%)
S2       16        33877196887 idle-cycles-backend       #    0.00% backend  cycles idle     (16.73%)
S2       16        11814598708 L1-dcache-loads                                               (22.20%)
S2       16          511586646 L1-dcache-load-misses                                         (27.60%)
S2       16          597501354 L1-dcache-stores                                              (27.61%)
S2       16    <not supported> L1-dcache-store-misses  
S2       16                  0 L1-dcache-prefetch-misses                                     (27.52%)
S2       16          278527020 L1-icache-load-misses                                         (27.46%)
S2       16          757337435 LLC-loads                                                     (11.03%)
S2       16          407764648 LLC-stores                                                    (11.05%)
S2       16    <not supported> LLC-prefetches          
S2       16         9877264187 dTLB-loads                                                    (16.54%)
S2       16             282162 dTLB-load-misses                                              (16.47%)
S2       16    <not supported> dTLB-stores             
S2       16    <not supported> dTLB-store-misses       
S2       16         6163301159 iTLB-loads                                                    (16.60%)
S2       16             201522 iTLB-load-misses                                              (11.16%)
S2       16         4255829368 branch-loads                                                  (16.69%)
S2       16           57861932 branch-load-misses                                            (22.24%)
S3       16         1121041605 cache-misses                                                  (20.52%)
S3       16       175485429546 cycles                    #    0.000 GHz                      (19.59%)
S3       16        69553103946 instructions              #    0.00  insns per cycle          (27.62%)
S3       16             136179 cs                                                            (100.00%)
S3       16               1823 migrations                                                    (100.00%)
S3       16              96410 faults                                                      
S3       16    <not supported> bus-cycles              
S3       16      1218351680705 idle-cycles-frontend      #    0.00% frontend cycles idle     (19.60%)
S3       16        57407924806 idle-cycles-backend       #    0.00% backend  cycles idle     (17.22%)
S3       16        38007506321 L1-dcache-loads                                               (23.49%)
S3       16         1834563654 L1-dcache-load-misses                                         (27.32%)
S3       16         1859723677 L1-dcache-stores                                              (27.22%)
S3       16    <not supported> L1-dcache-store-misses  
S3       16                  0 L1-dcache-prefetch-misses                                     (24.64%)
S3       16         1115898423 L1-icache-load-misses                                         (25.46%)
S3       16         3100867594 LLC-loads                                                     (13.98%)
S3       16          984854528 LLC-stores                                                    (14.35%)
S3       16    <not supported> LLC-prefetches          
S3       16        42385901556 dTLB-loads                                                    (18.99%)
S3       16            2454357 dTLB-load-misses                                              (17.13%)
S3       16    <not supported> dTLB-stores             
S3       16    <not supported> dTLB-store-misses       
S3       16        21994439595 iTLB-loads                                                    (16.59%)
S3       16            1309390 iTLB-load-misses                                              (10.92%)
S3       16        12463833400 branch-loads                                                  (16.40%)
S3       16          368088931 branch-load-misses                                            (21.86%)

    1309.259838232 seconds time elapsed

#################################################################
# Test multi-threading - 16 threads - T3
#################################################################
2595686.BOWTIE2-Localalloc.batman.t16
perl: warning: Setting locale failed.
perl: warning: Please check that your locale settings:
	LANGUAGE = (unset),
	LC_ALL = (unset),
	LC_CTYPE = "UTF-8",
	LANG = "en_US.UTF-8"
    are supported and installed on your system.
perl: warning: Falling back to the standard locale ("C").
11945249 reads; of these:
  11945249 (100.00%) were unpaired; of these:
    268643 (2.25%) aligned 0 times
    7905342 (66.18%) aligned exactly 1 time
    3771264 (31.57%) aligned >1 times
97.75% overall alignment rate

 Performance counter stats for 'numactl --localalloc --physcpubind=0-15 ./bowtie2 -p 16 -x /tmp/data/indexes/HG_index_bowtie2/bowtie2_index /tmp/data/datasets/gcat_set_039_1.fastq -S /scratch/077-hpca4se-bioinf/jlenis/results/BOWTIE2-Localalloc/2595686.BOWTIE2-Localalloc.batman.t16.sam':

S0       16        43102326534 cache-misses                                                  (21.84%)
S0       16     25187598370704 cycles                    #    0.000 GHz                      (22.27%)
S0       16     32151322477715 instructions              #   81.03  insns per cycle        
                                             #    0.00  stalled cycles per insn  (27.84%)
S0       16             268072 cs                                                            (100.00%)
S0       16                817 migrations                                                    (100.00%)
S0       16              78612 faults                                                      
S0       16    <not supported> bus-cycles              
S0       16      1611588670982 idle-cycles-frontend      #  406.17% frontend cycles idle     (17.46%)
S0       16       892730935967 idle-cycles-backend       #  224.99% backend  cycles idle     (16.33%)
S0       16     12723255195768 L1-dcache-loads                                               (21.87%)
S0       16       207116659503 L1-dcache-load-misses     #  103.88% of all L1-dcache hits    (27.41%)
S0       16       295929117874 L1-dcache-stores                                              (27.73%)
S0       16    <not supported> L1-dcache-store-misses  
S0       16                  0 L1-dcache-prefetch-misses                                     (27.71%)
S0       16        43193310917 L1-icache-load-misses                                         (27.73%)
S0       16       340208691306 LLC-loads                                                     (11.12%)
S0       16        60244167988 LLC-stores                                                    (11.10%)
S0       16    <not supported> LLC-prefetches          
S0       16     12767620847707 dTLB-loads                                                    (16.66%)
S0       16         5214519118 dTLB-load-misses          #    2.61% of all dTLB cache hits   (16.65%)
S0       16    <not supported> dTLB-stores             
S0       16    <not supported> dTLB-store-misses       
S0       16      7407204606740 iTLB-loads                                                    (16.68%)
S0       16          124860679 iTLB-load-misses          #    0.11% of all iTLB cache hits   (11.11%)
S0       16      3221217856236 branch-loads                                                  (16.66%)
S0       16        75198463505 branch-load-misses                                            (22.20%)
S1       16          160471560 cache-misses                                                  (21.95%)
S1       16        72634639768 cycles                    #    0.000 GHz                      (22.53%)
S1       16        16319024458 instructions              #    0.00  insns per cycle          (28.14%)
S1       16              81068 cs                                                            (100.00%)
S1       16                632 migrations                                                    (100.00%)
S1       16              49865 faults                                                      
S1       16    <not supported> bus-cycles              
S1       16       796539746564 idle-cycles-frontend      #    0.00% frontend cycles idle     (17.44%)
S1       16        22994138290 idle-cycles-backend       #    0.00% backend  cycles idle     (16.96%)
S1       16        11701568578 L1-dcache-loads                                               (22.80%)
S1       16          504299564 L1-dcache-load-misses                                         (28.21%)
S1       16          528420748 L1-dcache-stores                                              (28.03%)
S1       16    <not supported> L1-dcache-store-misses  
S1       16                  0 L1-dcache-prefetch-misses                                     (27.65%)
S1       16          208381121 L1-icache-load-misses                                         (27.50%)
S1       16          454092564 LLC-loads                                                     (10.87%)
S1       16          257600401 LLC-stores                                                    (10.91%)
S1       16    <not supported> LLC-prefetches          
S1       16         5592915111 dTLB-loads                                                    (16.39%)
S1       16             205892 dTLB-load-misses                                              (16.51%)
S1       16    <not supported> dTLB-stores             
S1       16    <not supported> dTLB-store-misses       
S1       16         3057753947 iTLB-loads                                                    (16.73%)
S1       16             161376 iTLB-load-misses                                              (10.96%)
S1       16         2056209882 branch-loads                                                  (16.58%)
S1       16           24279357 branch-load-misses                                            (22.03%)
S2       16           99856287 cache-misses                                                  (21.86%)
S2       16        34625522396 cycles                    #    0.000 GHz                      (22.14%)
S2       16         8495619705 instructions              #    0.00  insns per cycle          (27.68%)
S2       16              81750 cs                                                            (100.00%)
S2       16               1299 migrations                                                    (100.00%)
S2       16              32897 faults                                                      
S2       16    <not supported> bus-cycles              
S2       16       208207932707 idle-cycles-frontend      #    0.00% frontend cycles idle     (16.76%)
S2       16        12170214646 idle-cycles-backend       #    0.00% backend  cycles idle     (16.84%)
S2       16         4348431032 L1-dcache-loads                                               (22.49%)
S2       16          186919515 L1-dcache-load-misses                                         (27.96%)
S2       16          207961511 L1-dcache-stores                                              (28.15%)
S2       16    <not supported> L1-dcache-store-misses  
S2       16                  0 L1-dcache-prefetch-misses                                     (28.33%)
S2       16          101324361 L1-icache-load-misses                                         (28.04%)
S2       16          323444449 LLC-loads                                                     (11.17%)
S2       16          200669040 LLC-stores                                                    (11.15%)
S2       16    <not supported> LLC-prefetches          
S2       16         4096102687 dTLB-loads                                                    (16.82%)
S2       16             167841 dTLB-load-misses                                              (16.53%)
S2       16    <not supported> dTLB-stores             
S2       16    <not supported> dTLB-store-misses       
S2       16         2303013859 iTLB-loads                                                    (16.38%)
S2       16             117760 iTLB-load-misses                                              (10.80%)
S2       16         1601148630 branch-loads                                                  (16.21%)
S2       16           24631143 branch-load-misses                                            (21.54%)
S3       16          707772171 cache-misses                                                  (20.90%)
S3       16        99046330822 cycles                    #    0.000 GHz                      (20.93%)
S3       16        37932116544 instructions              #    0.00  insns per cycle          (27.84%)
S3       16              74651 cs                                                            (100.00%)
S3       16               1212 migrations                                                    (100.00%)
S3       16              51718 faults                                                      
S3       16    <not supported> bus-cycles              
S3       16       663939106463 idle-cycles-frontend      #    0.00% frontend cycles idle     (19.26%)
S3       16        26712508780 idle-cycles-backend       #    0.00% backend  cycles idle     (15.58%)
S3       16        20834530188 L1-dcache-loads                                               (23.42%)
S3       16          992343551 L1-dcache-load-misses                                         (28.22%)
S3       16         1096486735 L1-dcache-stores                                              (28.22%)
S3       16    <not supported> L1-dcache-store-misses  
S3       16                  0 L1-dcache-prefetch-misses                                     (24.72%)
S3       16          672602487 L1-icache-load-misses                                         (26.68%)
S3       16         1715620244 LLC-loads                                                     (13.24%)
S3       16          631059763 LLC-stores                                                    (13.34%)
S3       16    <not supported> LLC-prefetches          
S3       16        22044474586 dTLB-loads                                                    (19.02%)
S3       16            1446761 dTLB-load-misses                                              (19.03%)
S3       16    <not supported> dTLB-stores             
S3       16    <not supported> dTLB-store-misses       
S3       16        14172920265 iTLB-loads                                                    (15.50%)
S3       16             891980 iTLB-load-misses                                              (10.83%)
S3       16         7739625359 branch-loads                                                  (16.09%)
S3       16          232712113 branch-load-misses                                            (21.67%)

     679.239208540 seconds time elapsed

#################################################################
# Test multi-threading - 32 threads - T4 
#################################################################
2595686.BOWTIE2-Localalloc.batman.t32
perl: warning: Setting locale failed.
perl: warning: Please check that your locale settings:
	LANGUAGE = (unset),
	LC_ALL = (unset),
	LC_CTYPE = "UTF-8",
	LANG = "en_US.UTF-8"
    are supported and installed on your system.
perl: warning: Falling back to the standard locale ("C").
11945249 reads; of these:
  11945249 (100.00%) were unpaired; of these:
    268643 (2.25%) aligned 0 times
    7905342 (66.18%) aligned exactly 1 time
    3771264 (31.57%) aligned >1 times
97.75% overall alignment rate

 Performance counter stats for 'numactl --localalloc --physcpubind=0-31 ./bowtie2 -p 32 -x /tmp/data/indexes/HG_index_bowtie2/bowtie2_index /tmp/data/datasets/gcat_set_039_1.fastq -S /scratch/077-hpca4se-bioinf/jlenis/results/BOWTIE2-Localalloc/2595686.BOWTIE2-Localalloc.batman.t32.sam':

S0       16        22467434030 cache-misses                                                  (22.22%)
S0       16     14972728612290 cycles                    #    0.000 GHz                      (22.40%)
S0       16     16432418156047 instructions              #   34.86  insns per cycle        
                                             #    0.01  stalled cycles per insn  (27.98%)
S0       16             532044 cs                                                            (100.00%)
S0       16               1353 migrations                                                    (100.00%)
S0       16              69251 faults                                                      
S0       16    <not supported> bus-cycles              
S0       16      2837033844921 idle-cycles-frontend      #  601.79% frontend cycles idle     (16.86%)
S0       16       511367309019 idle-cycles-backend       #  108.47% backend  cycles idle     (16.73%)
S0       16      6555393280964 L1-dcache-loads                                               (22.26%)
S0       16       109297186541 L1-dcache-load-misses     #   54.23% of all L1-dcache hits    (27.78%)
S0       16       150921518296 L1-dcache-stores                                              (27.73%)
S0       16    <not supported> L1-dcache-store-misses  
S0       16                  0 L1-dcache-prefetch-misses                                     (27.68%)
S0       16        22633665582 L1-icache-load-misses                                         (27.65%)
S0       16       174475955226 LLC-loads                                                     (11.08%)
S0       16        30678506503 LLC-stores                                                    (11.08%)
S0       16    <not supported> LLC-prefetches          
S0       16      6611499244670 dTLB-loads                                                    (16.61%)
S0       16         3278565415 dTLB-load-misses          #    1.61% of all dTLB cache hits   (16.60%)
S0       16    <not supported> dTLB-stores             
S0       16    <not supported> dTLB-store-misses       
S0       16      3823267481879 iTLB-loads                                                    (16.62%)
S0       16           85403415 iTLB-load-misses          #    0.07% of all iTLB cache hits   (11.08%)
S0       16      1671874943400 branch-loads                                                  (16.62%)
S0       16        38707522868 branch-load-misses                                            (22.14%)
S1       16        21817184487 cache-misses                                                  (22.20%)
S1       16     15082144191079 cycles                    #    0.000 GHz                      (22.31%)
S1       16     15921827444452 instructions              #    0.00  insns per cycle          (27.92%)
S1       16             324894 cs                                                            (100.00%)
S1       16               2293 migrations                                                    (100.00%)
S1       16              78248 faults                                                      
S1       16    <not supported> bus-cycles              
S1       16      2780070144439 idle-cycles-frontend      #    0.00% frontend cycles idle     (16.84%)
S1       16       679565208128 idle-cycles-backend       #    0.00% backend  cycles idle     (16.79%)
S1       16      6327853442779 L1-dcache-loads                                               (22.37%)
S1       16       104754731991 L1-dcache-load-misses                                         (27.91%)
S1       16       145052053621 L1-dcache-stores                                              (27.83%)
S1       16    <not supported> L1-dcache-store-misses  
S1       16                  0 L1-dcache-prefetch-misses                                     (27.78%)
S1       16        21872648345 L1-icache-load-misses                                         (27.73%)
S1       16       168713463996 LLC-loads                                                     (11.07%)
S1       16        29186892807 LLC-stores                                                    (11.06%)
S1       16    <not supported> LLC-prefetches          
S1       16      6421306202183 dTLB-loads                                                    (16.59%)
S1       16         3079526774 dTLB-load-misses                                              (16.58%)
S1       16    <not supported> dTLB-stores             
S1       16    <not supported> dTLB-store-misses       
S1       16      3709416480761 iTLB-loads                                                    (16.59%)
S1       16           85073554 iTLB-load-misses                                              (11.06%)
S1       16      1621600423078 branch-loads                                                  (16.59%)
S1       16        37450715678 branch-load-misses                                            (22.12%)
S2       16           92674186 cache-misses                                                  (21.63%)
S2       16        31615393169 cycles                    #    0.000 GHz                      (22.02%)
S2       16         7679685822 instructions              #    0.00  insns per cycle          (27.87%)
S2       16              75799 cs                                                            (100.00%)
S2       16                884 migrations                                                    (100.00%)
S2       16              39264 faults                                                      
S2       16    <not supported> bus-cycles              
S2       16       253418957724 idle-cycles-frontend      #    0.00% frontend cycles idle     (17.40%)
S2       16        11313355103 idle-cycles-backend       #    0.00% backend  cycles idle     (17.36%)
S2       16         4302844865 L1-dcache-loads                                               (22.74%)
S2       16          183715128 L1-dcache-load-misses                                         (28.11%)
S2       16          202138753 L1-dcache-stores                                              (27.86%)
S2       16    <not supported> L1-dcache-store-misses  
S2       16                  0 L1-dcache-prefetch-misses                                     (27.47%)
S2       16          107628076 L1-icache-load-misses                                         (27.07%)
S2       16          276548833 LLC-loads                                                     (10.89%)
S2       16          179386020 LLC-stores                                                    (11.28%)
S2       16    <not supported> LLC-prefetches          
S2       16         3787135678 dTLB-loads                                                    (17.02%)
S2       16             211299 dTLB-load-misses                                              (17.03%)
S2       16    <not supported> dTLB-stores             
S2       16    <not supported> dTLB-store-misses       
S2       16         2175058124 iTLB-loads                                                    (17.03%)
S2       16             147808 iTLB-load-misses                                              (10.82%)
S2       16         1288279504 branch-loads                                                  (16.29%)
S2       16           20404141 branch-load-misses                                            (21.65%)
S3       16          418376041 cache-misses                                                  (22.63%)
S3       16        85129527057 cycles                    #    0.000 GHz                      (22.09%)
S3       16        25919214227 instructions              #    0.00  insns per cycle          (28.77%)
S3       16              54470 cs                                                            (100.00%)
S3       16               1339 migrations                                                    (100.00%)
S3       16              46815 faults                                                      
S3       16    <not supported> bus-cycles              
S3       16       496515489756 idle-cycles-frontend      #    0.00% frontend cycles idle     (20.19%)
S3       16        22368328175 idle-cycles-backend       #    0.00% backend  cycles idle     (17.86%)
S3       16        12014977835 L1-dcache-loads                                               (23.78%)
S3       16          529265216 L1-dcache-load-misses                                         (27.26%)
S3       16          569853760 L1-dcache-stores                                              (27.57%)
S3       16    <not supported> L1-dcache-store-misses  
S3       16                  0 L1-dcache-prefetch-misses                                     (25.58%)
S3       16          336349826 L1-icache-load-misses                                         (24.54%)
S3       16          895241706 LLC-loads                                                     (12.51%)
S3       16          252321711 LLC-stores                                                    (11.08%)
S3       16    <not supported> LLC-prefetches          
S3       16        11645098371 dTLB-loads                                                    (16.67%)
S3       16             804498 dTLB-load-misses                                              (16.36%)
S3       16    <not supported> dTLB-stores             
S3       16    <not supported> dTLB-store-misses       
S3       16         7812813304 iTLB-loads                                                    (15.88%)
S3       16             313223 iTLB-load-misses                                              (10.93%)
S3       16         5246788007 branch-loads                                                  (17.14%)
S3       16          132087135 branch-load-misses                                            (22.69%)

     402.633415291 seconds time elapsed

#################################################################
# Test multi-threading - 48 threads - T5
#################################################################
2595686.BOWTIE2-Localalloc.batman.t48
perl: warning: Setting locale failed.
perl: warning: Please check that your locale settings:
	LANGUAGE = (unset),
	LC_ALL = (unset),
	LC_CTYPE = "UTF-8",
	LANG = "en_US.UTF-8"
    are supported and installed on your system.
perl: warning: Falling back to the standard locale ("C").
11945249 reads; of these:
  11945249 (100.00%) were unpaired; of these:
    268643 (2.25%) aligned 0 times
    7905342 (66.18%) aligned exactly 1 time
    3771264 (31.57%) aligned >1 times
97.75% overall alignment rate

 Performance counter stats for 'numactl --localalloc --physcpubind=0-47 ./bowtie2 -p 48 -x /tmp/data/indexes/HG_index_bowtie2/bowtie2_index /tmp/data/datasets/gcat_set_039_1.fastq -S /scratch/077-hpca4se-bioinf/jlenis/results/BOWTIE2-Localalloc/2595686.BOWTIE2-Localalloc.batman.t48.sam':

S0       16        14625693963 cache-misses                                                  (22.26%)
S0       16     10091772379604 cycles                    #    0.000 GHz                      (22.34%)
S0       16     10186018403115 instructions              #   20.57  insns per cycle        
                                             #    0.01  stalled cycles per insn  (28.02%)
S0       16             216340 cs                                                            (100.00%)
S0       16              12804 migrations                                                    (100.00%)
S0       16              20964 faults                                                      
S0       16    <not supported> bus-cycles              
S0       16      2579594933309 idle-cycles-frontend      #  520.99% frontend cycles idle     (17.03%)
S0       16       749818527913 idle-cycles-backend       #  151.44% backend  cycles idle     (16.85%)
S0       16      4084359373723 L1-dcache-loads                                               (22.36%)
S0       16        67965255853 L1-dcache-load-misses     #   33.79% of all L1-dcache hits    (27.90%)
S0       16        94370043818 L1-dcache-stores                                              (27.72%)
S0       16    <not supported> L1-dcache-store-misses  
S0       16                  0 L1-dcache-prefetch-misses                                     (27.65%)
S0       16        14727751707 L1-icache-load-misses                                         (27.63%)
S0       16       110496633488 LLC-loads                                                     (11.01%)
S0       16        18977427904 LLC-stores                                                    (11.00%)
S0       16    <not supported> LLC-prefetches          
S0       16      4165146519050 dTLB-loads                                                    (16.52%)
S0       16         2009909570 dTLB-load-misses          #    0.98% of all dTLB cache hits   (16.52%)
S0       16    <not supported> dTLB-stores             
S0       16    <not supported> dTLB-store-misses       
S0       16      2405705883833 iTLB-loads                                                    (16.53%)
S0       16           64021658 iTLB-load-misses          #    0.05% of all iTLB cache hits   (11.17%)
S0       16      1036861045374 branch-loads                                                  (16.71%)
S0       16        24110791353 branch-load-misses                                            (22.17%)
S1       16        15455129036 cache-misses                                                  (22.18%)
S1       16     10732768898041 cycles                    #    0.000 GHz                      (22.31%)
S1       16     11098125970308 instructions              #    0.00  insns per cycle          (28.01%)
S1       16             388612 cs                                                            (100.00%)
S1       16               2858 migrations                                                    (100.00%)
S1       16              93797 faults                                                      
S1       16    <not supported> bus-cycles              
S1       16      2197288231096 idle-cycles-frontend      #    0.00% frontend cycles idle     (16.99%)
S1       16       486065681910 idle-cycles-backend       #    0.00% backend  cycles idle     (16.92%)
S1       16      4406515411155 L1-dcache-loads                                               (22.43%)
S1       16        73985343924 L1-dcache-load-misses                                         (27.96%)
S1       16       102871137908 L1-dcache-stores                                              (27.84%)
S1       16    <not supported> L1-dcache-store-misses  
S1       16                  0 L1-dcache-prefetch-misses                                     (27.68%)
S1       16        15529032487 L1-icache-load-misses                                         (27.71%)
S1       16       119384143349 LLC-loads                                                     (11.10%)
S1       16        20981244420 LLC-stores                                                    (11.05%)
S1       16    <not supported> LLC-prefetches          
S1       16      4490831175152 dTLB-loads                                                    (16.56%)
S1       16         2278474185 dTLB-load-misses                                              (16.53%)
S1       16    <not supported> dTLB-stores             
S1       16    <not supported> dTLB-store-misses       
S1       16      2604611959317 iTLB-loads                                                    (16.53%)
S1       16           74686539 iTLB-load-misses                                              (11.01%)
S1       16      1136129245884 branch-loads                                                  (16.50%)
S1       16        26397123253 branch-load-misses                                            (21.98%)
S2       16        15477781819 cache-misses                                                  (22.18%)
S2       16     10702320521640 cycles                    #    0.000 GHz                      (22.39%)
S2       16     10910839155264 instructions              #    0.00  insns per cycle          (28.00%)
S2       16            5287794 cs                                                            (100.00%)
S2       16               8219 migrations                                                    (100.00%)
S2       16             100679 faults                                                      
S2       16    <not supported> bus-cycles              
S2       16      2171561860407 idle-cycles-frontend      #    0.00% frontend cycles idle     (16.88%)
S2       16       543110591000 idle-cycles-backend       #    0.00% backend  cycles idle     (16.74%)
S2       16      4362703923389 L1-dcache-loads                                               (22.30%)
S2       16        72427531259 L1-dcache-load-misses                                         (27.85%)
S2       16       100297291131 L1-dcache-stores                                              (27.78%)
S2       16    <not supported> L1-dcache-store-misses  
S2       16                  0 L1-dcache-prefetch-misses                                     (27.73%)
S2       16        15521139476 L1-icache-load-misses                                         (27.69%)
S2       16       116475790254 LLC-loads                                                     (11.09%)
S2       16        20879701450 LLC-stores                                                    (11.10%)
S2       16    <not supported> LLC-prefetches          
S2       16      4401183335077 dTLB-loads                                                    (16.64%)
S2       16         2298158375 dTLB-load-misses                                              (16.60%)
S2       16    <not supported> dTLB-stores             
S2       16    <not supported> dTLB-store-misses       
S2       16      2557929897387 iTLB-loads                                                    (16.57%)
S2       16           74540669 iTLB-load-misses                                              (11.01%)
S2       16      1116229118786 branch-loads                                                  (16.52%)
S2       16        25924676574 branch-load-misses                                            (22.01%)
S3       16          554224963 cache-misses                                                  (21.44%)
S3       16       161852514528 cycles                    #    0.000 GHz                      (20.96%)
S3       16        32905665402 instructions              #    0.00  insns per cycle          (27.95%)
S3       16              59919 cs                                                            (100.00%)
S3       16               3265 migrations                                                    (100.00%)
S3       16              52340 faults                                                      
S3       16    <not supported> bus-cycles              
S3       16       469893768883 idle-cycles-frontend      #    0.00% frontend cycles idle     (18.88%)
S3       16        86362455067 idle-cycles-backend       #    0.00% backend  cycles idle     (16.31%)
S3       16        20522931246 L1-dcache-loads                                               (23.51%)
S3       16          825086287 L1-dcache-load-misses                                         (28.26%)
S3       16          870420973 L1-dcache-stores                                              (28.30%)
S3       16    <not supported> L1-dcache-store-misses  
S3       16                  0 L1-dcache-prefetch-misses                                     (24.90%)
S3       16          600490884 L1-icache-load-misses                                         (26.26%)
S3       16         1530765266 LLC-loads                                                     (12.98%)
S3       16          515146086 LLC-stores                                                    (13.35%)
S3       16    <not supported> LLC-prefetches          
S3       16        22008619831 dTLB-loads                                                    (18.56%)
S3       16             740795 dTLB-load-misses                                              (18.64%)
S3       16    <not supported> dTLB-stores             
S3       16    <not supported> dTLB-store-misses       
S3       16        11411587278 iTLB-loads                                                    (15.10%)
S3       16             425276 iTLB-load-misses                                              (11.18%)
S3       16         6434589621 branch-loads                                                  (16.34%)
S3       16          129449479 branch-load-misses                                            (21.83%)

     288.413017080 seconds time elapsed

#################################################################
# Test multi-threading - 64 threads - T6
#################################################################
2595686.BOWTIE2-Localalloc.batman.t64
perl: warning: Setting locale failed.
perl: warning: Please check that your locale settings:
	LANGUAGE = (unset),
	LC_ALL = (unset),
	LC_CTYPE = "UTF-8",
	LANG = "en_US.UTF-8"
    are supported and installed on your system.
perl: warning: Falling back to the standard locale ("C").
11945249 reads; of these:
  11945249 (100.00%) were unpaired; of these:
    268643 (2.25%) aligned 0 times
    7905342 (66.18%) aligned exactly 1 time
    3771264 (31.57%) aligned >1 times
97.75% overall alignment rate

 Performance counter stats for 'numactl --localalloc --physcpubind=0-63 ./bowtie2 -p 64 -x /tmp/data/indexes/HG_index_bowtie2/bowtie2_index /tmp/data/datasets/gcat_set_039_1.fastq -S /scratch/077-hpca4se-bioinf/jlenis/results/BOWTIE2-Localalloc/2595686.BOWTIE2-Localalloc.batman.t64.sam':

S0       16        11548829457 cache-misses                                                  (22.19%)
S0       16      9100463654083 cycles                    #    0.000 GHz                      (21.96%)
S0       16      8138734417505 instructions              #   14.34  insns per cycle        
                                             #    0.02  stalled cycles per insn  (28.00%)
S0       16            1090746 cs                                                            (100.00%)
S0       16               1029 migrations                                                    (100.00%)
S0       16              39185 faults                                                      
S0       16    <not supported> bus-cycles              
S0       16      2836607156432 idle-cycles-frontend      #  499.82% frontend cycles idle     (17.77%)
S0       16       367450990170 idle-cycles-backend       #   64.75% backend  cycles idle     (16.79%)
S0       16      3255868268307 L1-dcache-loads                                               (22.68%)
S0       16        55272239381 L1-dcache-load-misses     #   27.41% of all L1-dcache hits    (27.92%)
S0       16        74740943345 L1-dcache-stores                                              (27.11%)
S0       16    <not supported> L1-dcache-store-misses  
S0       16                  0 L1-dcache-prefetch-misses                                     (26.73%)
S0       16        11618220243 L1-icache-load-misses                                         (27.36%)
S0       16        87200465770 LLC-loads                                                     (11.74%)
S0       16        15167988528 LLC-stores                                                    (11.80%)
S0       16    <not supported> LLC-prefetches          
S0       16      3297618283689 dTLB-loads                                                    (17.32%)
S0       16         1706162714 dTLB-load-misses          #    0.83% of all dTLB cache hits   (16.14%)
S0       16    <not supported> dTLB-stores             
S0       16    <not supported> dTLB-store-misses       
S0       16      1914275268275 iTLB-loads                                                    (16.50%)
S0       16           47214958 iTLB-load-misses          #    0.04% of all iTLB cache hits   (11.02%)
S0       16       838060585807 branch-loads                                                  (16.52%)
S0       16        19338206263 branch-load-misses                                            (21.97%)
S1       16        11657430273 cache-misses                                                  (22.07%)
S1       16      9095276883751 cycles                    #    0.000 GHz                      (21.67%)
S1       16      8093714221361 instructions              #    0.00  insns per cycle          (28.35%)
S1       16             751817 cs                                                            (100.00%)
S1       16               1000 migrations                                                    (100.00%)
S1       16              40473 faults                                                      
S1       16    <not supported> bus-cycles              
S1       16      2764350066087 idle-cycles-frontend      #    0.00% frontend cycles idle     (17.94%)
S1       16       348318736602 idle-cycles-backend       #    0.00% backend  cycles idle     (17.00%)
S1       16      3240847359111 L1-dcache-loads                                               (23.30%)
S1       16        54550467748 L1-dcache-load-misses                                         (28.11%)
S1       16        75964827488 L1-dcache-stores                                              (26.95%)
S1       16    <not supported> L1-dcache-store-misses  
S1       16                  0 L1-dcache-prefetch-misses                                     (25.45%)
S1       16        11679244761 L1-icache-load-misses                                         (26.87%)
S1       16        87553476593 LLC-loads                                                     (12.56%)
S1       16        15336350437 LLC-stores                                                    (12.49%)
S1       16    <not supported> LLC-prefetches          
S1       16      3337019127585 dTLB-loads                                                    (17.87%)
S1       16         1730339265 dTLB-load-misses                                              (16.47%)
S1       16    <not supported> dTLB-stores             
S1       16    <not supported> dTLB-store-misses       
S1       16      1929367692952 iTLB-loads                                                    (16.48%)
S1       16           48631541 iTLB-load-misses                                              (11.01%)
S1       16       842790957306 branch-loads                                                  (16.52%)
S1       16        19506767199 branch-load-misses                                            (21.96%)
S2       16        11597996029 cache-misses                                                  (22.27%)
S2       16      8976954577090 cycles                    #    0.000 GHz                      (22.47%)
S2       16      8163161899263 instructions              #    0.00  insns per cycle          (28.06%)
S2       16            1922354 cs                                                            (100.00%)
S2       16               4779 migrations                                                    (100.00%)
S2       16             119005 faults                                                      
S2       16    <not supported> bus-cycles              
S2       16      2959246214584 idle-cycles-frontend      #    0.00% frontend cycles idle     (17.07%)
S2       16       359783384456 idle-cycles-backend       #    0.00% backend  cycles idle     (16.86%)
S2       16      3263333950005 L1-dcache-loads                                               (22.41%)
S2       16        54363432599 L1-dcache-load-misses                                         (27.93%)
S2       16        75000828158 L1-dcache-stores                                              (27.90%)
S2       16    <not supported> L1-dcache-store-misses  
S2       16                  0 L1-dcache-prefetch-misses                                     (27.63%)
S2       16        11734079203 L1-icache-load-misses                                         (27.62%)
S2       16        88040868034 LLC-loads                                                     (11.03%)
S2       16        15672756016 LLC-stores                                                    (11.05%)
S2       16    <not supported> LLC-prefetches          
S2       16      3322545772622 dTLB-loads                                                    (16.55%)
S2       16         1656276593 dTLB-load-misses                                              (16.52%)
S2       16    <not supported> dTLB-stores             
S2       16    <not supported> dTLB-store-misses       
S2       16      1923145157720 iTLB-loads                                                    (16.50%)
S2       16           48359642 iTLB-load-misses                                              (10.99%)
S2       16       838017398378 branch-loads                                                  (16.56%)
S2       16        19418535629 branch-load-misses                                            (22.03%)
S3       16        11537278251 cache-misses                                                  (21.37%)
S3       16      9148746995473 cycles                    #    0.000 GHz                      (20.93%)
S3       16      7897689762314 instructions              #    0.00  insns per cycle          (28.10%)
S3       16            1351608 cs                                                            (100.00%)
S3       16               2666 migrations                                                    (100.00%)
S3       16             138017 faults                                                      
S3       16    <not supported> bus-cycles              
S3       16      2860989436952 idle-cycles-frontend      #    0.00% frontend cycles idle     (19.22%)
S3       16       435087627077 idle-cycles-backend       #    0.00% backend  cycles idle     (17.03%)
S3       16      3146042356484 L1-dcache-loads                                               (23.25%)
S3       16        52600160967 L1-dcache-load-misses                                         (26.69%)
S3       16        72622460688 L1-dcache-stores                                              (27.86%)
S3       16    <not supported> L1-dcache-store-misses  
S3       16                  0 L1-dcache-prefetch-misses                                     (25.65%)
S3       16        11550754766 L1-icache-load-misses                                         (26.28%)
S3       16        85249879417 LLC-loads                                                     (13.13%)
S3       16        14820209473 LLC-stores                                                    (11.00%)
S3       16    <not supported> LLC-prefetches          
S3       16      3237441532543 dTLB-loads                                                    (17.19%)
S3       16         1628446912 dTLB-load-misses                                              (17.17%)
S3       16    <not supported> dTLB-stores             
S3       16    <not supported> dTLB-store-misses       
S3       16      1865788890101 iTLB-loads                                                    (16.51%)
S3       16           48990525 iTLB-load-misses                                              (11.01%)
S3       16       817406024250 branch-loads                                                  (16.49%)
S3       16        18910725646 branch-load-misses                                            (21.97%)

     244.938071154 seconds time elapsed

