mkdir: cannot create directory `/scratch/077-hpca4se-bioinf/jlenis/results/GEM-Localalloc': File exists
> Benchmarks for GEM3 : gcat_set_039_1
batman
#################################################################
# Warm up - 64 threads - T1
#################################################################
WarmUp.2595728.GEM-Localalloc.batman.t64
2016/9/29 11:34:32 -- [Opening input file '/tmp/data/datasets/gcat_set_039_1.fastq']
2016/9/29 11:34:32 -- [Outputting to '/scratch/077-hpca4se-bioinf/jlenis/results/GEM-Localalloc/WarmUp.2595728.GEM-Localalloc.batman.t64.sam']
2016/9/29 11:34:32 -- [Loading GEM index '/tmp/data/indexes/HG_index_GEM/index.gem']
2016/9/29 11:35:08 -- [SE::Mapping Sequences]
2016/9/29 11:35:21 -- # 100000 sequences processed
2016/9/29 11:35:21 -- # 200000 sequences processed
2016/9/29 11:35:21 -- # 300000 sequences processed
2016/9/29 11:35:21 -- # 400000 sequences processed
2016/9/29 11:35:21 -- # 500000 sequences processed
2016/9/29 11:35:22 -- # 600000 sequences processed
2016/9/29 11:35:22 -- # 700000 sequences processed
2016/9/29 11:35:22 -- # 800000 sequences processed
2016/9/29 11:35:22 -- # 900000 sequences processed
2016/9/29 11:35:22 -- # 1000000 sequences processed
2016/9/29 11:35:22 -- # 1100000 sequences processed
2016/9/29 11:35:22 -- # 1200000 sequences processed
2016/9/29 11:35:22 -- # 1300000 sequences processed
2016/9/29 11:35:22 -- # 1400000 sequences processed
2016/9/29 11:35:22 -- # 1500000 sequences processed
2016/9/29 11:35:23 -- # 1600000 sequences processed
2016/9/29 11:35:24 -- # 1700000 sequences processed
2016/9/29 11:35:24 -- # 1800000 sequences processed
2016/9/29 11:35:24 -- # 1900000 sequences processed
2016/9/29 11:35:24 -- # 2000000 sequences processed
2016/9/29 11:35:24 -- # 2100000 sequences processed
2016/9/29 11:35:24 -- # 2200000 sequences processed
2016/9/29 11:35:24 -- # 2300000 sequences processed
2016/9/29 11:35:24 -- # 2400000 sequences processed
2016/9/29 11:35:24 -- # 2500000 sequences processed
2016/9/29 11:35:24 -- # 2600000 sequences processed
2016/9/29 11:35:24 -- # 2700000 sequences processed
2016/9/29 11:35:25 -- # 2800000 sequences processed
2016/9/29 11:35:25 -- # 2900000 sequences processed
2016/9/29 11:35:25 -- # 3000000 sequences processed
2016/9/29 11:35:25 -- # 3100000 sequences processed
2016/9/29 11:35:25 -- # 3200000 sequences processed
2016/9/29 11:35:25 -- # 3300000 sequences processed
2016/9/29 11:35:25 -- # 3400000 sequences processed
2016/9/29 11:35:25 -- # 3500000 sequences processed
2016/9/29 11:35:25 -- # 3600000 sequences processed
2016/9/29 11:35:25 -- # 3700000 sequences processed
2016/9/29 11:35:25 -- # 3800000 sequences processed
2016/9/29 11:35:25 -- # 3900000 sequences processed
2016/9/29 11:35:25 -- # 4000000 sequences processed
2016/9/29 11:35:25 -- # 4100000 sequences processed
2016/9/29 11:35:25 -- # 4200000 sequences processed
2016/9/29 11:35:25 -- # 4300000 sequences processed
2016/9/29 11:35:25 -- # 4400000 sequences processed
2016/9/29 11:35:25 -- # 4500000 sequences processed
2016/9/29 11:35:25 -- # 4600000 sequences processed
2016/9/29 11:35:25 -- # 4700000 sequences processed
2016/9/29 11:35:25 -- # 4800000 sequences processed
2016/9/29 11:35:25 -- # 4900000 sequences processed
2016/9/29 11:35:25 -- # 5000000 sequences processed
2016/9/29 11:35:26 -- # 5100000 sequences processed
2016/9/29 11:35:26 -- # 5200000 sequences processed
2016/9/29 11:35:26 -- # 5300000 sequences processed
2016/9/29 11:35:26 -- # 5400000 sequences processed
2016/9/29 11:35:26 -- # 5500000 sequences processed
2016/9/29 11:35:26 -- # 5600000 sequences processed
2016/9/29 11:35:26 -- # 5700000 sequences processed
2016/9/29 11:35:26 -- # 5800000 sequences processed
2016/9/29 11:35:26 -- # 5900000 sequences processed
2016/9/29 11:35:26 -- # 6000000 sequences processed
2016/9/29 11:35:28 -- # 6100000 sequences processed
2016/9/29 11:35:28 -- # 6200000 sequences processed
2016/9/29 11:35:30 -- # 6300000 sequences processed
2016/9/29 11:35:30 -- # 6400000 sequences processed
2016/9/29 11:35:30 -- # 6500000 sequences processed
2016/9/29 11:35:30 -- # 6600000 sequences processed
2016/9/29 11:35:30 -- # 6700000 sequences processed
2016/9/29 11:35:30 -- # 6800000 sequences processed
2016/9/29 11:35:30 -- # 6900000 sequences processed
2016/9/29 11:35:30 -- # 7000000 sequences processed
2016/9/29 11:35:31 -- # 7100000 sequences processed
2016/9/29 11:35:31 -- # 7200000 sequences processed
2016/9/29 11:35:32 -- # 7300000 sequences processed
2016/9/29 11:35:32 -- # 7400000 sequences processed
2016/9/29 11:35:32 -- # 7500000 sequences processed
2016/9/29 11:35:32 -- # 7600000 sequences processed
2016/9/29 11:35:32 -- # 7700000 sequences processed
2016/9/29 11:35:33 -- # 7800000 sequences processed
2016/9/29 11:35:33 -- # 7900000 sequences processed
2016/9/29 11:35:33 -- # 8000000 sequences processed
2016/9/29 11:35:33 -- # 8100000 sequences processed
2016/9/29 11:35:33 -- # 8200000 sequences processed
2016/9/29 11:35:33 -- # 8300000 sequences processed
2016/9/29 11:35:33 -- # 8400000 sequences processed
2016/9/29 11:35:34 -- # 8500000 sequences processed
2016/9/29 11:35:34 -- # 8600000 sequences processed
2016/9/29 11:35:34 -- # 8700000 sequences processed
2016/9/29 11:35:34 -- # 8800000 sequences processed
2016/9/29 11:35:34 -- # 8900000 sequences processed
2016/9/29 11:35:34 -- # 9000000 sequences processed
2016/9/29 11:35:34 -- # 9100000 sequences processed
2016/9/29 11:35:34 -- # 9200000 sequences processed
2016/9/29 11:35:34 -- # 9300000 sequences processed
2016/9/29 11:35:34 -- # 9400000 sequences processed
2016/9/29 11:35:34 -- # 9500000 sequences processed
2016/9/29 11:35:34 -- # 9600000 sequences processed
2016/9/29 11:35:34 -- # 9700000 sequences processed
2016/9/29 11:35:34 -- # 9800000 sequences processed
2016/9/29 11:35:34 -- # 9900000 sequences processed
2016/9/29 11:35:34 -- # 10000000 sequences processed
2016/9/29 11:35:34 -- # 10100000 sequences processed
2016/9/29 11:35:34 -- # 10200000 sequences processed
2016/9/29 11:35:34 -- # 10300000 sequences processed
2016/9/29 11:35:34 -- # 10400000 sequences processed
2016/9/29 11:35:34 -- # 10500000 sequences processed
2016/9/29 11:35:34 -- # 10600000 sequences processed
2016/9/29 11:35:34 -- # 10700000 sequences processed
2016/9/29 11:35:34 -- # 10800000 sequences processed
2016/9/29 11:35:35 -- # 10900000 sequences processed
2016/9/29 11:35:35 -- # 11000000 sequences processed
2016/9/29 11:35:35 -- # 11100000 sequences processed
2016/9/29 11:35:35 -- # 11200000 sequences processed
2016/9/29 11:35:35 -- # 11300000 sequences processed
2016/9/29 11:35:35 -- # 11400000 sequences processed
2016/9/29 11:35:35 -- # 11500000 sequences processed
2016/9/29 11:35:35 -- # 11600000 sequences processed
2016/9/29 11:35:35 -- # 11700000 sequences processed
2016/9/29 11:35:35 -- # 11800000 sequences processed
2016/9/29 11:35:35 -- # 11900000 sequences processed
2016/9/29 11:35:35 -- Total 11945249 sequences processed... done
2016/9/29 11:35:35 -- [GEMMapper terminated successfully in 26s. (+36s. loading)]

#################################################################
# Test multi-threading - 8 threads - T2
#################################################################
2595728.GEM-Localalloc.batman.t8
2016/9/29 11:35:35 -- [Opening input file '/tmp/data/datasets/gcat_set_039_1.fastq']
2016/9/29 11:35:35 -- [Outputting to '/scratch/077-hpca4se-bioinf/jlenis/results/GEM-Localalloc/2595728.GEM-Localalloc.batman.t8.sam']
2016/9/29 11:35:35 -- [Loading GEM index '/tmp/data/indexes/HG_index_GEM/index.gem']
2016/9/29 11:36:21 -- [SE::Mapping Sequences]
2016/9/29 11:36:31 -- # 100000 sequences processed
2016/9/29 11:36:31 -- # 200000 sequences processed
2016/9/29 11:36:31 -- # 300000 sequences processed
2016/9/29 11:36:31 -- # 400000 sequences processed
2016/9/29 11:36:31 -- # 500000 sequences processed
2016/9/29 11:36:31 -- # 600000 sequences processed
2016/9/29 11:36:31 -- # 700000 sequences processed
2016/9/29 11:36:32 -- # 800000 sequences processed
2016/9/29 11:36:39 -- # 900000 sequences processed
2016/9/29 11:36:39 -- # 1000000 sequences processed
2016/9/29 11:36:39 -- # 1100000 sequences processed
2016/9/29 11:36:39 -- # 1200000 sequences processed
2016/9/29 11:36:39 -- # 1300000 sequences processed
2016/9/29 11:36:39 -- # 1400000 sequences processed
2016/9/29 11:36:39 -- # 1500000 sequences processed
2016/9/29 11:36:40 -- # 1600000 sequences processed
2016/9/29 11:36:47 -- # 1700000 sequences processed
2016/9/29 11:36:47 -- # 1800000 sequences processed
2016/9/29 11:36:47 -- # 1900000 sequences processed
2016/9/29 11:36:47 -- # 2000000 sequences processed
2016/9/29 11:36:47 -- # 2100000 sequences processed
2016/9/29 11:36:47 -- # 2200000 sequences processed
2016/9/29 11:36:47 -- # 2300000 sequences processed
2016/9/29 11:36:48 -- # 2400000 sequences processed
2016/9/29 11:36:55 -- # 2500000 sequences processed
2016/9/29 11:36:55 -- # 2600000 sequences processed
2016/9/29 11:36:55 -- # 2700000 sequences processed
2016/9/29 11:36:55 -- # 2800000 sequences processed
2016/9/29 11:36:55 -- # 2900000 sequences processed
2016/9/29 11:36:55 -- # 3000000 sequences processed
2016/9/29 11:36:55 -- # 3100000 sequences processed
2016/9/29 11:36:56 -- # 3200000 sequences processed
2016/9/29 11:37:03 -- # 3300000 sequences processed
2016/9/29 11:37:03 -- # 3400000 sequences processed
2016/9/29 11:37:03 -- # 3500000 sequences processed
2016/9/29 11:37:03 -- # 3600000 sequences processed
2016/9/29 11:37:03 -- # 3700000 sequences processed
2016/9/29 11:37:03 -- # 3800000 sequences processed
2016/9/29 11:37:03 -- # 3900000 sequences processed
2016/9/29 11:37:04 -- # 4000000 sequences processed
2016/9/29 11:37:11 -- # 4100000 sequences processed
2016/9/29 11:37:11 -- # 4200000 sequences processed
2016/9/29 11:37:11 -- # 4300000 sequences processed
2016/9/29 11:37:11 -- # 4400000 sequences processed
2016/9/29 11:37:11 -- # 4500000 sequences processed
2016/9/29 11:37:11 -- # 4600000 sequences processed
2016/9/29 11:37:11 -- # 4700000 sequences processed
2016/9/29 11:37:12 -- # 4800000 sequences processed
2016/9/29 11:37:18 -- # 4900000 sequences processed
2016/9/29 11:37:18 -- # 5000000 sequences processed
2016/9/29 11:37:18 -- # 5100000 sequences processed
2016/9/29 11:37:18 -- # 5200000 sequences processed
2016/9/29 11:37:18 -- # 5300000 sequences processed
2016/9/29 11:37:18 -- # 5400000 sequences processed
2016/9/29 11:37:18 -- # 5500000 sequences processed
2016/9/29 11:37:20 -- # 5600000 sequences processed
2016/9/29 11:37:26 -- # 5700000 sequences processed
2016/9/29 11:37:26 -- # 5800000 sequences processed
2016/9/29 11:37:26 -- # 5900000 sequences processed
2016/9/29 11:37:26 -- # 6000000 sequences processed
2016/9/29 11:37:26 -- # 6100000 sequences processed
2016/9/29 11:37:26 -- # 6200000 sequences processed
2016/9/29 11:37:26 -- # 6300000 sequences processed
2016/9/29 11:37:27 -- # 6400000 sequences processed
2016/9/29 11:37:34 -- # 6500000 sequences processed
2016/9/29 11:37:34 -- # 6600000 sequences processed
2016/9/29 11:37:34 -- # 6700000 sequences processed
2016/9/29 11:37:34 -- # 6800000 sequences processed
2016/9/29 11:37:34 -- # 6900000 sequences processed
2016/9/29 11:37:34 -- # 7000000 sequences processed
2016/9/29 11:37:34 -- # 7100000 sequences processed
2016/9/29 11:37:35 -- # 7200000 sequences processed
2016/9/29 11:37:42 -- # 7300000 sequences processed
2016/9/29 11:37:42 -- # 7400000 sequences processed
2016/9/29 11:37:42 -- # 7500000 sequences processed
2016/9/29 11:37:42 -- # 7600000 sequences processed
2016/9/29 11:37:42 -- # 7700000 sequences processed
2016/9/29 11:37:42 -- # 7800000 sequences processed
2016/9/29 11:37:42 -- # 7900000 sequences processed
2016/9/29 11:37:43 -- # 8000000 sequences processed
2016/9/29 11:37:49 -- # 8100000 sequences processed
2016/9/29 11:37:49 -- # 8200000 sequences processed
2016/9/29 11:37:49 -- # 8300000 sequences processed
2016/9/29 11:37:49 -- # 8400000 sequences processed
2016/9/29 11:37:49 -- # 8500000 sequences processed
2016/9/29 11:37:49 -- # 8600000 sequences processed
2016/9/29 11:37:49 -- # 8700000 sequences processed
2016/9/29 11:37:51 -- # 8800000 sequences processed
2016/9/29 11:37:57 -- # 8900000 sequences processed
2016/9/29 11:37:57 -- # 9000000 sequences processed
2016/9/29 11:37:57 -- # 9100000 sequences processed
2016/9/29 11:37:57 -- # 9200000 sequences processed
2016/9/29 11:37:57 -- # 9300000 sequences processed
2016/9/29 11:37:57 -- # 9400000 sequences processed
2016/9/29 11:37:57 -- # 9500000 sequences processed
2016/9/29 11:37:58 -- # 9600000 sequences processed
2016/9/29 11:38:05 -- # 9700000 sequences processed
2016/9/29 11:38:05 -- # 9800000 sequences processed
2016/9/29 11:38:05 -- # 9900000 sequences processed
2016/9/29 11:38:05 -- # 10000000 sequences processed
2016/9/29 11:38:05 -- # 10100000 sequences processed
2016/9/29 11:38:05 -- # 10200000 sequences processed
2016/9/29 11:38:05 -- # 10300000 sequences processed
2016/9/29 11:38:06 -- # 10400000 sequences processed
2016/9/29 11:38:13 -- # 10500000 sequences processed
2016/9/29 11:38:13 -- # 10600000 sequences processed
2016/9/29 11:38:13 -- # 10700000 sequences processed
2016/9/29 11:38:13 -- # 10800000 sequences processed
2016/9/29 11:38:13 -- # 10900000 sequences processed
2016/9/29 11:38:13 -- # 11000000 sequences processed
2016/9/29 11:38:13 -- # 11100000 sequences processed
2016/9/29 11:38:14 -- # 11200000 sequences processed
2016/9/29 11:38:20 -- # 11300000 sequences processed
2016/9/29 11:38:20 -- # 11400000 sequences processed
2016/9/29 11:38:20 -- # 11500000 sequences processed
2016/9/29 11:38:20 -- # 11600000 sequences processed
2016/9/29 11:38:20 -- # 11700000 sequences processed
2016/9/29 11:38:20 -- # 11800000 sequences processed
2016/9/29 11:38:20 -- # 11900000 sequences processed
2016/9/29 11:38:21 -- Total 11945249 sequences processed... done
2016/9/29 11:38:21 -- [GEMMapper terminated successfully in 121s. (+45s. loading)]


 Performance counter stats for 'numactl --localalloc --physcpubind=0-7 bin/gem-mapper -t 8 -I /tmp/data/indexes/HG_index_GEM/index.gem -i /tmp/data/datasets/gcat_set_039_1.fastq -o /scratch/077-hpca4se-bioinf/jlenis/results/GEM-Localalloc/2595728.GEM-Localalloc.batman.t8.sam':

S0       16         5723640312 cache-misses                                                  (21.49%)
S0       16      2357637857722 cycles                    #    0.000 GHz                      (21.75%)
S0       16      2692805654555 instructions              #   70.70  insns per cycle        
                                             #    0.01  stalled cycles per insn  (27.19%)
S0       16             123640 cs                                                            (100.00%)
S0       16                633 migrations                                                    (100.00%)
S0       16              93038 faults                                                      
S0       16    <not supported> bus-cycles              
S0       16       353811784370 idle-cycles-frontend      #  928.97% frontend cycles idle     (16.85%)
S0       16       256757259467 idle-cycles-backend       #  674.15% backend  cycles idle     (16.85%)
S0       16       978037796057 L1-dcache-loads                                               (22.58%)
S0       16        12646786299 L1-dcache-load-misses     #   81.81% of all L1-dcache hits    (27.86%)
S0       16        15455089960 L1-dcache-stores                                              (28.45%)
S0       16    <not supported> L1-dcache-store-misses  
S0       16                  0 L1-dcache-prefetch-misses                                     (28.67%)
S0       16         5265627251 L1-icache-load-misses                                         (28.59%)
S0       16        21033172894 LLC-loads                                                     (11.15%)
S0       16         6302861006 LLC-stores                                                    (11.18%)
S0       16    <not supported> LLC-prefetches          
S0       16      1014653569767 dTLB-loads                                                    (16.58%)
S0       16          977217274 dTLB-load-misses          #    6.09% of all dTLB cache hits   (16.41%)
S0       16    <not supported> dTLB-stores             
S0       16    <not supported> dTLB-store-misses       
S0       16       579571826829 iTLB-loads                                                    (16.20%)
S0       16             212228 iTLB-load-misses          #    0.00% of all iTLB cache hits   (10.86%)
S0       16       243127556291 branch-loads                                                  (15.99%)
S0       16         6156608392 branch-load-misses                                            (21.34%)
S1       16           88253984 cache-misses                                                  (19.53%)
S1       16        26254175594 cycles                    #    0.000 GHz                      (20.35%)
S1       16         7821312128 instructions              #    0.00  insns per cycle          (27.04%)
S1       16              12901 cs                                                            (100.00%)
S1       16                310 migrations                                                    (100.00%)
S1       16              11171 faults                                                      
S1       16    <not supported> bus-cycles              
S1       16       203221010119 idle-cycles-frontend      #    0.00% frontend cycles idle     (20.45%)
S1       16         8480867426 idle-cycles-backend       #    0.00% backend  cycles idle     (16.90%)
S1       16         2975189662 L1-dcache-loads                                               (23.02%)
S1       16          135446411 L1-dcache-load-misses                                         (27.91%)
S1       16           89967636 L1-dcache-stores                                              (28.20%)
S1       16    <not supported> L1-dcache-store-misses  
S1       16                  0 L1-dcache-prefetch-misses                                     (26.90%)
S1       16           57270087 L1-icache-load-misses                                         (26.78%)
S1       16          153202804 LLC-loads                                                     (12.67%)
S1       16           90996867 LLC-stores                                                    (13.08%)
S1       16    <not supported> LLC-prefetches          
S1       16         3162309694 dTLB-loads                                                    (18.21%)
S1       16              65409 dTLB-load-misses                                              (16.96%)
S1       16    <not supported> dTLB-stores             
S1       16    <not supported> dTLB-store-misses       
S1       16         1972422469 iTLB-loads                                                    (16.17%)
S1       16              56271 iTLB-load-misses                                              (10.19%)
S1       16          996831787 branch-loads                                                  (15.02%)
S1       16           17070312 branch-load-misses                                            (20.18%)
S2       16           54264991 cache-misses                                                  (21.22%)
S2       16        28268968470 cycles                    #    0.000 GHz                      (19.73%)
S2       16         6355283272 instructions              #    0.00  insns per cycle          (27.43%)
S2       16              40095 cs                                                            (100.00%)
S2       16               1123 migrations                                                    (100.00%)
S2       16               8742 faults                                                      
S2       16    <not supported> bus-cycles              
S2       16       235990615475 idle-cycles-frontend      #    0.00% frontend cycles idle     (19.18%)
S2       16        10865380372 idle-cycles-backend       #    0.00% backend  cycles idle     (18.37%)
S2       16         3819887405 L1-dcache-loads                                               (25.02%)
S2       16          157834399 L1-dcache-load-misses                                         (28.48%)
S2       16          171760233 L1-dcache-stores                                              (29.83%)
S2       16    <not supported> L1-dcache-store-misses  
S2       16                  0 L1-dcache-prefetch-misses                                     (26.46%)
S2       16           54628465 L1-icache-load-misses                                         (26.34%)
S2       16          136408152 LLC-loads                                                     (13.56%)
S2       16           79090620 LLC-stores                                                    (11.59%)
S2       16    <not supported> LLC-prefetches          
S2       16         1894051355 dTLB-loads                                                    (17.44%)
S2       16              55960 dTLB-load-misses                                              (16.99%)
S2       16    <not supported> dTLB-stores             
S2       16    <not supported> dTLB-store-misses       
S2       16          943448553 iTLB-loads                                                    (15.73%)
S2       16              46804 iTLB-load-misses                                              (10.50%)
S2       16          610412260 branch-loads                                                  (15.34%)
S2       16            7292253 branch-load-misses                                            (19.90%)
S3       16          155100560 cache-misses                                                  (21.29%)
S3       16        25364119212 cycles                    #    0.000 GHz                      (21.89%)
S3       16         8820122503 instructions              #    0.00  insns per cycle          (27.55%)
S3       16              35068 cs                                                            (100.00%)
S3       16                857 migrations                                                    (100.00%)
S3       16              16676 faults                                                      
S3       16    <not supported> bus-cycles              
S3       16       128319568092 idle-cycles-frontend      #    0.00% frontend cycles idle     (18.78%)
S3       16         9651382146 idle-cycles-backend       #    0.00% backend  cycles idle     (17.77%)
S3       16         4567349206 L1-dcache-loads                                               (24.33%)
S3       16          232374611 L1-dcache-load-misses                                         (30.73%)
S3       16          238265710 L1-dcache-stores                                              (30.74%)
S3       16    <not supported> L1-dcache-store-misses  
S3       16                  0 L1-dcache-prefetch-misses                                     (30.35%)
S3       16          162470382 L1-icache-load-misses                                         (28.20%)
S3       16          461252986 LLC-loads                                                     (10.62%)
S3       16          113274234 LLC-stores                                                    (10.45%)
S3       16    <not supported> LLC-prefetches          
S3       16         6940093154 dTLB-loads                                                    (15.54%)
S3       16           10399493 dTLB-load-misses                                              (15.40%)
S3       16    <not supported> dTLB-stores             
S3       16    <not supported> dTLB-store-misses       
S3       16         6078295325 iTLB-loads                                                    (15.16%)
S3       16            1249941 iTLB-load-misses                                              (10.10%)
S3       16         1959518899 branch-loads                                                  (15.39%)
S3       16           61849472 branch-load-misses                                            (20.45%)

     166.134441166 seconds time elapsed

#################################################################
# Test multi-threading - 16 threads - T3
#################################################################
2595728.GEM-Localalloc.batman.t16
2016/9/29 11:38:21 -- [Opening input file '/tmp/data/datasets/gcat_set_039_1.fastq']
2016/9/29 11:38:21 -- [Outputting to '/scratch/077-hpca4se-bioinf/jlenis/results/GEM-Localalloc/2595728.GEM-Localalloc.batman.t16.sam']
2016/9/29 11:38:21 -- [Loading GEM index '/tmp/data/indexes/HG_index_GEM/index.gem']
2016/9/29 11:40:50 -- [SE::Mapping Sequences]
2016/9/29 11:42:10 -- # 100000 sequences processed
2016/9/29 11:42:10 -- # 200000 sequences processed
2016/9/29 11:42:10 -- # 300000 sequences processed
2016/9/29 11:42:10 -- # 400000 sequences processed
2016/9/29 11:42:10 -- # 500000 sequences processed
2016/9/29 11:42:10 -- # 600000 sequences processed
2016/9/29 11:42:10 -- # 700000 sequences processed
2016/9/29 11:42:10 -- # 800000 sequences processed
2016/9/29 11:42:10 -- # 900000 sequences processed
2016/9/29 11:42:10 -- # 1000000 sequences processed
2016/9/29 11:42:10 -- # 1100000 sequences processed
2016/9/29 11:42:10 -- # 1200000 sequences processed
2016/9/29 11:42:11 -- # 1300000 sequences processed
2016/9/29 11:42:12 -- # 1400000 sequences processed
2016/9/29 11:42:12 -- # 1500000 sequences processed
2016/9/29 11:42:13 -- # 1600000 sequences processed
2016/9/29 11:42:17 -- # 1700000 sequences processed
2016/9/29 11:42:17 -- # 1800000 sequences processed
2016/9/29 11:42:17 -- # 1900000 sequences processed
2016/9/29 11:42:18 -- # 2000000 sequences processed
2016/9/29 11:42:18 -- # 2100000 sequences processed
2016/9/29 11:42:18 -- # 2200000 sequences processed
2016/9/29 11:42:18 -- # 2300000 sequences processed
2016/9/29 11:42:18 -- # 2400000 sequences processed
2016/9/29 11:42:18 -- # 2500000 sequences processed
2016/9/29 11:42:18 -- # 2600000 sequences processed
2016/9/29 11:42:18 -- # 2700000 sequences processed
2016/9/29 11:42:20 -- # 2800000 sequences processed
2016/9/29 11:42:21 -- # 2900000 sequences processed
2016/9/29 11:42:22 -- # 3000000 sequences processed
2016/9/29 11:42:22 -- # 3100000 sequences processed
2016/9/29 11:42:23 -- # 3200000 sequences processed
2016/9/29 11:42:25 -- # 3300000 sequences processed
2016/9/29 11:42:25 -- # 3400000 sequences processed
2016/9/29 11:42:25 -- # 3500000 sequences processed
2016/9/29 11:42:25 -- # 3600000 sequences processed
2016/9/29 11:42:26 -- # 3700000 sequences processed
2016/9/29 11:42:26 -- # 3800000 sequences processed
2016/9/29 11:42:26 -- # 3900000 sequences processed
2016/9/29 11:42:26 -- # 4000000 sequences processed
2016/9/29 11:42:26 -- # 4100000 sequences processed
2016/9/29 11:42:26 -- # 4200000 sequences processed
2016/9/29 11:42:27 -- # 4300000 sequences processed
2016/9/29 11:42:28 -- # 4400000 sequences processed
2016/9/29 11:42:30 -- # 4500000 sequences processed
2016/9/29 11:42:30 -- # 4600000 sequences processed
2016/9/29 11:42:31 -- # 4700000 sequences processed
2016/9/29 11:42:33 -- # 4800000 sequences processed
2016/9/29 11:42:33 -- # 4900000 sequences processed
2016/9/29 11:42:33 -- # 5000000 sequences processed
2016/9/29 11:42:33 -- # 5100000 sequences processed
2016/9/29 11:42:33 -- # 5200000 sequences processed
2016/9/29 11:42:33 -- # 5300000 sequences processed
2016/9/29 11:42:34 -- # 5400000 sequences processed
2016/9/29 11:42:34 -- # 5500000 sequences processed
2016/9/29 11:42:34 -- # 5600000 sequences processed
2016/9/29 11:42:34 -- # 5700000 sequences processed
2016/9/29 11:42:34 -- # 5800000 sequences processed
2016/9/29 11:42:36 -- # 5900000 sequences processed
2016/9/29 11:42:37 -- # 6000000 sequences processed
2016/9/29 11:42:40 -- # 6100000 sequences processed
2016/9/29 11:42:40 -- # 6200000 sequences processed
2016/9/29 11:42:40 -- # 6300000 sequences processed
2016/9/29 11:42:40 -- # 6400000 sequences processed
2016/9/29 11:42:41 -- # 6500000 sequences processed
2016/9/29 11:42:41 -- # 6600000 sequences processed
2016/9/29 11:42:41 -- # 6700000 sequences processed
2016/9/29 11:42:41 -- # 6800000 sequences processed
2016/9/29 11:42:42 -- # 6900000 sequences processed
2016/9/29 11:42:42 -- # 7000000 sequences processed
2016/9/29 11:42:42 -- # 7100000 sequences processed
2016/9/29 11:42:42 -- # 7200000 sequences processed
2016/9/29 11:42:42 -- # 7300000 sequences processed
2016/9/29 11:42:43 -- # 7400000 sequences processed
2016/9/29 11:42:44 -- # 7500000 sequences processed
2016/9/29 11:42:45 -- # 7600000 sequences processed
2016/9/29 11:42:48 -- # 7700000 sequences processed
2016/9/29 11:42:48 -- # 7800000 sequences processed
2016/9/29 11:42:48 -- # 7900000 sequences processed
2016/9/29 11:42:49 -- # 8000000 sequences processed
2016/9/29 11:42:49 -- # 8100000 sequences processed
2016/9/29 11:42:49 -- # 8200000 sequences processed
2016/9/29 11:42:49 -- # 8300000 sequences processed
2016/9/29 11:42:50 -- # 8400000 sequences processed
2016/9/29 11:42:50 -- # 8500000 sequences processed
2016/9/29 11:42:50 -- # 8600000 sequences processed
2016/9/29 11:42:51 -- # 8700000 sequences processed
2016/9/29 11:42:52 -- # 8800000 sequences processed
2016/9/29 11:42:52 -- # 8900000 sequences processed
2016/9/29 11:42:52 -- # 9000000 sequences processed
2016/9/29 11:42:54 -- # 9100000 sequences processed
2016/9/29 11:42:55 -- # 9200000 sequences processed
2016/9/29 11:42:56 -- # 9300000 sequences processed
2016/9/29 11:42:56 -- # 9400000 sequences processed
2016/9/29 11:42:56 -- # 9500000 sequences processed
2016/9/29 11:42:56 -- # 9600000 sequences processed
2016/9/29 11:42:57 -- # 9700000 sequences processed
2016/9/29 11:42:57 -- # 9800000 sequences processed
2016/9/29 11:42:57 -- # 9900000 sequences processed
2016/9/29 11:42:58 -- # 10000000 sequences processed
2016/9/29 11:42:58 -- # 10100000 sequences processed
2016/9/29 11:42:59 -- # 10200000 sequences processed
2016/9/29 11:42:59 -- # 10300000 sequences processed
2016/9/29 11:43:01 -- # 10400000 sequences processed
2016/9/29 11:43:02 -- # 10500000 sequences processed
2016/9/29 11:43:03 -- # 10600000 sequences processed
2016/9/29 11:43:03 -- # 10700000 sequences processed
2016/9/29 11:43:03 -- # 10800000 sequences processed
2016/9/29 11:43:04 -- # 10900000 sequences processed
2016/9/29 11:43:04 -- # 11000000 sequences processed
2016/9/29 11:43:04 -- # 11100000 sequences processed
2016/9/29 11:43:04 -- # 11200000 sequences processed
2016/9/29 11:43:05 -- # 11300000 sequences processed
2016/9/29 11:43:05 -- # 11400000 sequences processed
2016/9/29 11:43:05 -- # 11500000 sequences processed
2016/9/29 11:43:05 -- # 11600000 sequences processed
2016/9/29 11:43:05 -- # 11700000 sequences processed
2016/9/29 11:43:05 -- # 11800000 sequences processed
2016/9/29 11:43:05 -- # 11900000 sequences processed
2016/9/29 11:43:05 -- Total 11945249 sequences processed... done
2016/9/29 11:43:05 -- [GEMMapper terminated successfully in 135s. (+148s. loading)]


 Performance counter stats for 'numactl --localalloc --physcpubind=0-15 bin/gem-mapper -t 16 -I /tmp/data/indexes/HG_index_GEM/index.gem -i /tmp/data/datasets/gcat_set_039_1.fastq -o /scratch/077-hpca4se-bioinf/jlenis/results/GEM-Localalloc/2595728.GEM-Localalloc.batman.t16.sam':

S0       16         6173238138 cache-misses                                                  (22.18%)
S0       16      2778063171554 cycles                    #    0.000 GHz                      (22.07%)
S0       16      2953741778251 instructions              #   65.99  insns per cycle        
                                             #    0.01  stalled cycles per insn  (27.82%)
S0       16             195754 cs                                                            (100.00%)
S0       16               7038 migrations                                                    (100.00%)
S0       16             107160 faults                                                      
S0       16    <not supported> bus-cycles              
S0       16      1071332057784 idle-cycles-frontend      #  2393.46% frontend cycles idle     (16.97%)
S0       16       577989003698 idle-cycles-backend       #  1291.28% backend  cycles idle     (17.02%)
S0       16      1103101737801 L1-dcache-loads                                               (22.78%)
S0       16        17005663734 L1-dcache-load-misses     #   97.64% of all L1-dcache hits    (28.27%)
S0       16        21065010959 L1-dcache-stores                                              (27.91%)
S0       16    <not supported> L1-dcache-store-misses  
S0       16                  0 L1-dcache-prefetch-misses                                     (27.79%)
S0       16         6123687395 L1-icache-load-misses                                         (27.78%)
S0       16        26974754860 LLC-loads                                                     (11.15%)
S0       16         7390055981 LLC-stores                                                    (11.30%)
S0       16    <not supported> LLC-prefetches          
S0       16      1118126391956 dTLB-loads                                                    (16.90%)
S0       16          949039527 dTLB-load-misses          #    5.38% of all dTLB cache hits   (16.56%)
S0       16    <not supported> dTLB-stores             
S0       16    <not supported> dTLB-store-misses       
S0       16       634566033451 iTLB-loads                                                    (16.15%)
S0       16             353518 iTLB-load-misses          #    0.00% of all iTLB cache hits   (11.04%)
S0       16       293167477376 branch-loads                                                  (16.27%)
S0       16         6323202121 branch-load-misses                                            (21.73%)
S1       16           90330311 cache-misses                                                  (21.57%)
S1       16        23593688995 cycles                    #    0.000 GHz                      (21.82%)
S1       16         4506478600 instructions              #    0.00  insns per cycle          (27.27%)
S1       16              22397 cs                                                            (100.00%)
S1       16                549 migrations                                                    (100.00%)
S1       16              15689 faults                                                      
S1       16    <not supported> bus-cycles              
S1       16       223187408842 idle-cycles-frontend      #    0.00% frontend cycles idle     (17.21%)
S1       16         7127617597 idle-cycles-backend       #    0.00% backend  cycles idle     (16.98%)
S1       16         2179784660 L1-dcache-loads                                               (22.57%)
S1       16          115965187 L1-dcache-load-misses                                         (28.19%)
S1       16          124662323 L1-dcache-stores                                              (28.70%)
S1       16    <not supported> L1-dcache-store-misses  
S1       16                  0 L1-dcache-prefetch-misses                                     (28.34%)
S1       16           75462149 L1-icache-load-misses                                         (28.70%)
S1       16          177976200 LLC-loads                                                     (11.13%)
S1       16           92335958 LLC-stores                                                    (10.93%)
S1       16    <not supported> LLC-prefetches          
S1       16         2346826262 dTLB-loads                                                    (16.17%)
S1       16              66579 dTLB-load-misses                                              (16.07%)
S1       16    <not supported> dTLB-stores             
S1       16    <not supported> dTLB-store-misses       
S1       16         1381705092 iTLB-loads                                                    (16.27%)
S1       16              46092 iTLB-load-misses                                              (10.99%)
S1       16          866478131 branch-loads                                                  (16.36%)
S1       16           16070495 branch-load-misses                                            (21.47%)
S2       16           50636495 cache-misses                                                  (22.16%)
S2       16        24923128735 cycles                    #    0.000 GHz                      (20.15%)
S2       16         4270821376 instructions              #    0.00  insns per cycle          (26.77%)
S2       16              48457 cs                                                            (100.00%)
S2       16               1098 migrations                                                    (100.00%)
S2       16               9945 faults                                                      
S2       16    <not supported> bus-cycles              
S2       16       187302217289 idle-cycles-frontend      #    0.00% frontend cycles idle     (17.66%)
S2       16         7744831333 idle-cycles-backend       #    0.00% backend  cycles idle     (16.71%)
S2       16         2060922355 L1-dcache-loads                                               (22.63%)
S2       16           97408069 L1-dcache-load-misses                                         (27.55%)
S2       16          111508504 L1-dcache-stores                                              (28.52%)
S2       16    <not supported> L1-dcache-store-misses  
S2       16                  0 L1-dcache-prefetch-misses                                     (25.87%)
S2       16           49315367 L1-icache-load-misses                                         (26.13%)
S2       16          124554932 LLC-loads                                                     (13.30%)
S2       16           95061120 LLC-stores                                                    (12.98%)
S2       16    <not supported> LLC-prefetches          
S2       16         1974220006 dTLB-loads                                                    (19.01%)
S2       16             106559 dTLB-load-misses                                              (17.64%)
S2       16    <not supported> dTLB-stores             
S2       16    <not supported> dTLB-store-misses       
S2       16         1186461381 iTLB-loads                                                    (16.42%)
S2       16              38271 iTLB-load-misses                                              (10.98%)
S2       16          626836069 branch-loads                                                  (16.32%)
S2       16            6954366 branch-load-misses                                            (21.39%)
S3       16          231411361 cache-misses                                                  (22.09%)
S3       16        38110355262 cycles                    #    0.000 GHz                      (21.32%)
S3       16        11997941106 instructions              #    0.00  insns per cycle          (28.40%)
S3       16              50886 cs                                                            (100.00%)
S3       16                859 migrations                                                    (100.00%)
S3       16              24218 faults                                                      
S3       16    <not supported> bus-cycles              
S3       16       203786063186 idle-cycles-frontend      #    0.00% frontend cycles idle     (19.28%)
S3       16        11520067807 idle-cycles-backend       #    0.00% backend  cycles idle     (16.41%)
S3       16         7317888786 L1-dcache-loads                                               (22.69%)
S3       16          364874943 L1-dcache-load-misses                                         (26.75%)
S3       16          398395399 L1-dcache-stores                                              (27.87%)
S3       16    <not supported> L1-dcache-store-misses  
S3       16                  0 L1-dcache-prefetch-misses                                     (25.64%)
S3       16          283340476 L1-icache-load-misses                                         (26.51%)
S3       16          671052986 LLC-loads                                                     (13.46%)
S3       16          136023534 LLC-stores                                                    (11.66%)
S3       16    <not supported> LLC-prefetches          
S3       16         7401008997 dTLB-loads                                                    (17.81%)
S3       16             861154 dTLB-load-misses                                              (16.83%)
S3       16    <not supported> dTLB-stores             
S3       16    <not supported> dTLB-store-misses       
S3       16         4615327690 iTLB-loads                                                    (15.93%)
S3       16             504782 iTLB-load-misses                                              (10.55%)
S3       16         2324173610 branch-loads                                                  (16.04%)
S3       16           78662820 branch-load-misses                                            (21.71%)

     284.105644291 seconds time elapsed

#################################################################
# Test multi-threading - 32 threads - T4 
#################################################################
2595728.GEM-Localalloc.batman.t32
2016/9/29 11:43:06 -- [Opening input file '/tmp/data/datasets/gcat_set_039_1.fastq']
2016/9/29 11:43:06 -- [Outputting to '/scratch/077-hpca4se-bioinf/jlenis/results/GEM-Localalloc/2595728.GEM-Localalloc.batman.t32.sam']
2016/9/29 11:43:06 -- [Loading GEM index '/tmp/data/indexes/HG_index_GEM/index.gem']
2016/9/29 11:43:27 -- [SE::Mapping Sequences]
2016/9/29 11:43:39 -- # 100000 sequences processed
2016/9/29 11:43:39 -- # 200000 sequences processed
2016/9/29 11:43:39 -- # 300000 sequences processed
2016/9/29 11:43:39 -- # 400000 sequences processed
2016/9/29 11:43:39 -- # 500000 sequences processed
2016/9/29 11:43:39 -- # 600000 sequences processed
2016/9/29 11:43:39 -- # 700000 sequences processed
2016/9/29 11:43:40 -- # 800000 sequences processed
2016/9/29 11:43:40 -- # 900000 sequences processed
2016/9/29 11:43:41 -- # 1000000 sequences processed
2016/9/29 11:43:41 -- # 1100000 sequences processed
2016/9/29 11:43:41 -- # 1200000 sequences processed
2016/9/29 11:43:41 -- # 1300000 sequences processed
2016/9/29 11:43:41 -- # 1400000 sequences processed
2016/9/29 11:43:41 -- # 1500000 sequences processed
2016/9/29 11:43:42 -- # 1600000 sequences processed
2016/9/29 11:43:42 -- # 1700000 sequences processed
2016/9/29 11:43:42 -- # 1800000 sequences processed
2016/9/29 11:43:43 -- # 1900000 sequences processed
2016/9/29 11:43:43 -- # 2000000 sequences processed
2016/9/29 11:43:43 -- # 2100000 sequences processed
2016/9/29 11:43:43 -- # 2200000 sequences processed
2016/9/29 11:43:43 -- # 2300000 sequences processed
2016/9/29 11:43:43 -- # 2400000 sequences processed
2016/9/29 11:43:43 -- # 2500000 sequences processed
2016/9/29 11:43:43 -- # 2600000 sequences processed
2016/9/29 11:43:43 -- # 2700000 sequences processed
2016/9/29 11:43:44 -- # 2800000 sequences processed
2016/9/29 11:43:44 -- # 2900000 sequences processed
2016/9/29 11:43:44 -- # 3000000 sequences processed
2016/9/29 11:43:45 -- # 3100000 sequences processed
2016/9/29 11:43:46 -- # 3200000 sequences processed
2016/9/29 11:43:48 -- # 3300000 sequences processed
2016/9/29 11:43:48 -- # 3400000 sequences processed
2016/9/29 11:43:48 -- # 3500000 sequences processed
2016/9/29 11:43:48 -- # 3600000 sequences processed
2016/9/29 11:43:48 -- # 3700000 sequences processed
2016/9/29 11:43:48 -- # 3800000 sequences processed
2016/9/29 11:43:48 -- # 3900000 sequences processed
2016/9/29 11:43:51 -- # 4000000 sequences processed
2016/9/29 11:43:51 -- # 4100000 sequences processed
2016/9/29 11:43:51 -- # 4200000 sequences processed
2016/9/29 11:43:51 -- # 4300000 sequences processed
2016/9/29 11:43:51 -- # 4400000 sequences processed
2016/9/29 11:43:51 -- # 4500000 sequences processed
2016/9/29 11:43:51 -- # 4600000 sequences processed
2016/9/29 11:43:51 -- # 4700000 sequences processed
2016/9/29 11:43:53 -- # 4800000 sequences processed
2016/9/29 11:43:53 -- # 4900000 sequences processed
2016/9/29 11:43:55 -- # 5000000 sequences processed
2016/9/29 11:43:55 -- # 5100000 sequences processed
2016/9/29 11:43:55 -- # 5200000 sequences processed
2016/9/29 11:43:55 -- # 5300000 sequences processed
2016/9/29 11:43:56 -- # 5400000 sequences processed
2016/9/29 11:43:56 -- # 5500000 sequences processed
2016/9/29 11:43:56 -- # 5600000 sequences processed
2016/9/29 11:43:56 -- # 5700000 sequences processed
2016/9/29 11:43:56 -- # 5800000 sequences processed
2016/9/29 11:43:57 -- # 5900000 sequences processed
2016/9/29 11:43:57 -- # 6000000 sequences processed
2016/9/29 11:43:57 -- # 6100000 sequences processed
2016/9/29 11:43:57 -- # 6200000 sequences processed
2016/9/29 11:43:57 -- # 6300000 sequences processed
2016/9/29 11:43:57 -- # 6400000 sequences processed
2016/9/29 11:43:57 -- # 6500000 sequences processed
2016/9/29 11:43:57 -- # 6600000 sequences processed
2016/9/29 11:43:58 -- # 6700000 sequences processed
2016/9/29 11:43:58 -- # 6800000 sequences processed
2016/9/29 11:43:58 -- # 6900000 sequences processed
2016/9/29 11:43:58 -- # 7000000 sequences processed
2016/9/29 11:44:01 -- # 7100000 sequences processed
2016/9/29 11:44:01 -- # 7200000 sequences processed
2016/9/29 11:44:01 -- # 7300000 sequences processed
2016/9/29 11:44:01 -- # 7400000 sequences processed
2016/9/29 11:44:01 -- # 7500000 sequences processed
2016/9/29 11:44:01 -- # 7600000 sequences processed
2016/9/29 11:44:01 -- # 7700000 sequences processed
2016/9/29 11:44:01 -- # 7800000 sequences processed
2016/9/29 11:44:02 -- # 7900000 sequences processed
2016/9/29 11:44:04 -- # 8000000 sequences processed
2016/9/29 11:44:05 -- # 8100000 sequences processed
2016/9/29 11:44:05 -- # 8200000 sequences processed
2016/9/29 11:44:06 -- # 8300000 sequences processed
2016/9/29 11:44:06 -- # 8400000 sequences processed
2016/9/29 11:44:06 -- # 8500000 sequences processed
2016/9/29 11:44:06 -- # 8600000 sequences processed
2016/9/29 11:44:06 -- # 8700000 sequences processed
2016/9/29 11:44:07 -- # 8800000 sequences processed
2016/9/29 11:44:08 -- # 8900000 sequences processed
2016/9/29 11:44:08 -- # 9000000 sequences processed
2016/9/29 11:44:08 -- # 9100000 sequences processed
2016/9/29 11:44:08 -- # 9200000 sequences processed
2016/9/29 11:44:08 -- # 9300000 sequences processed
2016/9/29 11:44:09 -- # 9400000 sequences processed
2016/9/29 11:44:09 -- # 9500000 sequences processed
2016/9/29 11:44:10 -- # 9600000 sequences processed
2016/9/29 11:44:10 -- # 9700000 sequences processed
2016/9/29 11:44:11 -- # 9800000 sequences processed
2016/9/29 11:44:11 -- # 9900000 sequences processed
2016/9/29 11:44:11 -- # 10000000 sequences processed
2016/9/29 11:44:11 -- # 10100000 sequences processed
2016/9/29 11:44:11 -- # 10200000 sequences processed
2016/9/29 11:44:12 -- # 10300000 sequences processed
2016/9/29 11:44:12 -- # 10400000 sequences processed
2016/9/29 11:44:12 -- # 10500000 sequences processed
2016/9/29 11:44:12 -- # 10600000 sequences processed
2016/9/29 11:44:12 -- # 10700000 sequences processed
2016/9/29 11:44:12 -- # 10800000 sequences processed
2016/9/29 11:44:12 -- # 10900000 sequences processed
2016/9/29 11:44:12 -- # 11000000 sequences processed
2016/9/29 11:44:12 -- # 11100000 sequences processed
2016/9/29 11:44:12 -- # 11200000 sequences processed
2016/9/29 11:44:12 -- # 11300000 sequences processed
2016/9/29 11:44:12 -- # 11400000 sequences processed
2016/9/29 11:44:12 -- # 11500000 sequences processed
2016/9/29 11:44:12 -- # 11600000 sequences processed
2016/9/29 11:44:12 -- # 11700000 sequences processed
2016/9/29 11:44:12 -- # 11800000 sequences processed
2016/9/29 11:44:12 -- # 11900000 sequences processed
2016/9/29 11:44:12 -- Total 11945249 sequences processed... done
2016/9/29 11:44:13 -- [GEMMapper terminated successfully in 45s. (+21s. loading)]


 Performance counter stats for 'numactl --localalloc --physcpubind=0-31 bin/gem-mapper -t 32 -I /tmp/data/indexes/HG_index_GEM/index.gem -i /tmp/data/datasets/gcat_set_039_1.fastq -o /scratch/077-hpca4se-bioinf/jlenis/results/GEM-Localalloc/2595728.GEM-Localalloc.batman.t32.sam':

S0       16         3406779735 cache-misses                                                  (19.32%)
S0       16      1648104933318 cycles                    #    0.000 GHz                      (19.57%)
S0       16      1440516614152 instructions              #   26.34  insns per cycle        
                                             #    0.01  stalled cycles per insn  (26.49%)
S0       16              58473 cs                                                            (100.00%)
S0       16               1857 migrations                                                    (100.00%)
S0       16              33629 faults                                                      
S0       16    <not supported> bus-cycles              
S0       16       229815093108 idle-cycles-frontend      #  420.21% frontend cycles idle     (18.72%)
S0       16       296863345296 idle-cycles-backend       #  542.80% backend  cycles idle     (17.86%)
S0       16       495347159645 L1-dcache-loads                                               (25.17%)
S0       16         6575533444 L1-dcache-load-misses     #   45.17% of all L1-dcache hits    (27.92%)
S0       16         8098961492 L1-dcache-stores                                              (29.42%)
S0       16    <not supported> L1-dcache-store-misses  
S0       16                  0 L1-dcache-prefetch-misses                                     (26.30%)
S0       16         2851533301 L1-icache-load-misses                                         (28.87%)
S0       16        11369455821 LLC-loads                                                     (14.40%)
S0       16         3481781356 LLC-stores                                                    (10.72%)
S0       16    <not supported> LLC-prefetches          
S0       16       559922772450 dTLB-loads                                                    (17.29%)
S0       16          529560180 dTLB-load-misses          #    3.30% of all dTLB cache hits   (17.04%)
S0       16    <not supported> dTLB-stores             
S0       16    <not supported> dTLB-store-misses       
S0       16       303247000706 iTLB-loads                                                    (16.09%)
S0       16             273230 iTLB-load-misses          #    0.00% of all iTLB cache hits   (10.15%)
S0       16       143183040422 branch-loads                                                  (14.80%)
S0       16         3839037758 branch-load-misses                                            (20.19%)
S1       16         3338282152 cache-misses                                                  (19.98%)
S1       16      1818447607155 cycles                    #    0.000 GHz                      (20.68%)
S1       16      1255610110097 instructions              #    0.00  insns per cycle          (26.83%)
S1       16              22447 cs                                                            (100.00%)
S1       16               1502 migrations                                                    (100.00%)
S1       16              84580 faults                                                      
S1       16    <not supported> bus-cycles              
S1       16       101156269105 idle-cycles-frontend      #    0.00% frontend cycles idle     (17.86%)
S1       16       359822117083 idle-cycles-backend       #    0.00% backend  cycles idle     (18.36%)
S1       16       432373438512 L1-dcache-loads                                               (23.85%)
S1       16         5785552657 L1-dcache-load-misses                                         (29.80%)
S1       16         7059711900 L1-dcache-stores                                              (29.70%)
S1       16    <not supported> L1-dcache-store-misses  
S1       16                  0 L1-dcache-prefetch-misses                                     (29.75%)
S1       16         2810194394 L1-icache-load-misses                                         (29.12%)
S1       16        10263472182 LLC-loads                                                     (11.53%)
S1       16         2809658347 LLC-stores                                                    (11.41%)
S1       16    <not supported> LLC-prefetches          
S1       16       463701480206 dTLB-loads                                                    (16.80%)
S1       16          444202770 dTLB-load-misses                                              (16.26%)
S1       16    <not supported> dTLB-stores             
S1       16    <not supported> dTLB-store-misses       
S1       16       282335569733 iTLB-loads                                                    (15.32%)
S1       16             588522 iTLB-load-misses                                              (9.73%)
S1       16       128317445845 branch-loads                                                  (14.20%)
S1       16         3359533416 branch-load-misses                                            (18.76%)
S2       16           40520706 cache-misses                                                  (21.49%)
S2       16        13820889161 cycles                    #    0.000 GHz                      (23.04%)
S2       16         3081644341 instructions              #    0.00  insns per cycle          (29.39%)
S2       16              38630 cs                                                            (100.00%)
S2       16                636 migrations                                                    (100.00%)
S2       16               6204 faults                                                      
S2       16    <not supported> bus-cycles              
S2       16        77570912293 idle-cycles-frontend      #    0.00% frontend cycles idle     (18.15%)
S2       16         6187797088 idle-cycles-backend       #    0.00% backend  cycles idle     (18.01%)
S2       16         1527676342 L1-dcache-loads                                               (23.51%)
S2       16           74981805 L1-dcache-load-misses                                         (28.28%)
S2       16           82797127 L1-dcache-stores                                              (27.84%)
S2       16    <not supported> L1-dcache-store-misses  
S2       16                  0 L1-dcache-prefetch-misses                                     (27.05%)
S2       16           44929353 L1-icache-load-misses                                         (26.98%)
S2       16          128611568 LLC-loads                                                     (10.82%)
S2       16           91710480 LLC-stores                                                    (10.21%)
S2       16    <not supported> LLC-prefetches          
S2       16         1669337383 dTLB-loads                                                    (15.17%)
S2       16              39794 dTLB-load-misses                                              (16.54%)
S2       16    <not supported> dTLB-stores             
S2       16    <not supported> dTLB-store-misses       
S2       16          756955641 iTLB-loads                                                    (17.54%)
S2       16              38642 iTLB-load-misses                                              (10.20%)
S2       16          559873939 branch-loads                                                  (15.67%)
S2       16            5967542 branch-load-misses                                            (21.21%)
S3       16           91118954 cache-misses                                                  (21.61%)
S3       16        19841055582 cycles                    #    0.000 GHz                      (22.10%)
S3       16         5351218715 instructions              #    0.00  insns per cycle          (27.80%)
S3       16              26412 cs                                                            (100.00%)
S3       16                405 migrations                                                    (100.00%)
S3       16               6552 faults                                                      
S3       16    <not supported> bus-cycles              
S3       16        96487967917 idle-cycles-frontend      #    0.00% frontend cycles idle     (17.95%)
S3       16         9534931588 idle-cycles-backend       #    0.00% backend  cycles idle     (16.82%)
S3       16         2496003136 L1-dcache-loads                                               (23.01%)
S3       16          135882620 L1-dcache-load-misses                                         (27.67%)
S3       16          141644104 L1-dcache-stores                                              (28.55%)
S3       16    <not supported> L1-dcache-store-misses  
S3       16                  0 L1-dcache-prefetch-misses                                     (27.97%)
S3       16           80201538 L1-icache-load-misses                                         (27.68%)
S3       16          263710615 LLC-loads                                                     (11.78%)
S3       16           97522276 LLC-stores                                                    (10.20%)
S3       16    <not supported> LLC-prefetches          
S3       16         3018456061 dTLB-loads                                                    (16.00%)
S3       16             147192 dTLB-load-misses                                              (15.88%)
S3       16    <not supported> dTLB-stores             
S3       16    <not supported> dTLB-store-misses       
S3       16         1747777778 iTLB-loads                                                    (16.45%)
S3       16              98884 iTLB-load-misses                                              (11.58%)
S3       16          974438462 branch-loads                                                  (17.36%)
S3       16           23106642 branch-load-misses                                            (22.71%)

      67.039561481 seconds time elapsed

#################################################################
# Test multi-threading - 48 threads - T5
#################################################################
2595728.GEM-Localalloc.batman.t48
2016/9/29 11:44:13 -- [Opening input file '/tmp/data/datasets/gcat_set_039_1.fastq']
2016/9/29 11:44:13 -- [Outputting to '/scratch/077-hpca4se-bioinf/jlenis/results/GEM-Localalloc/2595728.GEM-Localalloc.batman.t48.sam']
2016/9/29 11:44:13 -- [Loading GEM index '/tmp/data/indexes/HG_index_GEM/index.gem']
2016/9/29 11:44:58 -- [SE::Mapping Sequences]
2016/9/29 11:45:08 -- # 100000 sequences processed
2016/9/29 11:45:08 -- # 200000 sequences processed
2016/9/29 11:45:08 -- # 300000 sequences processed
2016/9/29 11:45:08 -- # 400000 sequences processed
2016/9/29 11:45:08 -- # 500000 sequences processed
2016/9/29 11:45:08 -- # 600000 sequences processed
2016/9/29 11:45:08 -- # 700000 sequences processed
2016/9/29 11:45:09 -- # 800000 sequences processed
2016/9/29 11:45:09 -- # 900000 sequences processed
2016/9/29 11:45:09 -- # 1000000 sequences processed
2016/9/29 11:45:09 -- # 1100000 sequences processed
2016/9/29 11:45:09 -- # 1200000 sequences processed
2016/9/29 11:45:09 -- # 1300000 sequences processed
2016/9/29 11:45:09 -- # 1400000 sequences processed
2016/9/29 11:45:09 -- # 1500000 sequences processed
2016/9/29 11:45:09 -- # 1600000 sequences processed
2016/9/29 11:45:09 -- # 1700000 sequences processed
2016/9/29 11:45:09 -- # 1800000 sequences processed
2016/9/29 11:45:09 -- # 1900000 sequences processed
2016/9/29 11:45:09 -- # 2000000 sequences processed
2016/9/29 11:45:09 -- # 2100000 sequences processed
2016/9/29 11:45:09 -- # 2200000 sequences processed
2016/9/29 11:45:09 -- # 2300000 sequences processed
2016/9/29 11:45:09 -- # 2400000 sequences processed
2016/9/29 11:45:09 -- # 2500000 sequences processed
2016/9/29 11:45:09 -- # 2600000 sequences processed
2016/9/29 11:45:09 -- # 2700000 sequences processed
2016/9/29 11:45:09 -- # 2800000 sequences processed
2016/9/29 11:45:09 -- # 2900000 sequences processed
2016/9/29 11:45:09 -- # 3000000 sequences processed
2016/9/29 11:45:09 -- # 3100000 sequences processed
2016/9/29 11:45:09 -- # 3200000 sequences processed
2016/9/29 11:45:09 -- # 3300000 sequences processed
2016/9/29 11:45:09 -- # 3400000 sequences processed
2016/9/29 11:45:10 -- # 3500000 sequences processed
2016/9/29 11:45:10 -- # 3600000 sequences processed
2016/9/29 11:45:10 -- # 3700000 sequences processed
2016/9/29 11:45:10 -- # 3800000 sequences processed
2016/9/29 11:45:10 -- # 3900000 sequences processed
2016/9/29 11:45:10 -- # 4000000 sequences processed
2016/9/29 11:45:10 -- # 4100000 sequences processed
2016/9/29 11:45:10 -- # 4200000 sequences processed
2016/9/29 11:45:10 -- # 4300000 sequences processed
2016/9/29 11:45:11 -- # 4400000 sequences processed
2016/9/29 11:45:11 -- # 4500000 sequences processed
2016/9/29 11:45:13 -- # 4600000 sequences processed
2016/9/29 11:45:14 -- # 4700000 sequences processed
2016/9/29 11:45:17 -- # 4800000 sequences processed
2016/9/29 11:45:17 -- # 4900000 sequences processed
2016/9/29 11:45:18 -- # 5000000 sequences processed
2016/9/29 11:45:18 -- # 5100000 sequences processed
2016/9/29 11:45:18 -- # 5200000 sequences processed
2016/9/29 11:45:18 -- # 5300000 sequences processed
2016/9/29 11:45:18 -- # 5400000 sequences processed
2016/9/29 11:45:18 -- # 5500000 sequences processed
2016/9/29 11:45:18 -- # 5600000 sequences processed
2016/9/29 11:45:18 -- # 5700000 sequences processed
2016/9/29 11:45:18 -- # 5800000 sequences processed
2016/9/29 11:45:18 -- # 5900000 sequences processed
2016/9/29 11:45:18 -- # 6000000 sequences processed
2016/9/29 11:45:18 -- # 6100000 sequences processed
2016/9/29 11:45:18 -- # 6200000 sequences processed
2016/9/29 11:45:18 -- # 6300000 sequences processed
2016/9/29 11:45:18 -- # 6400000 sequences processed
2016/9/29 11:45:18 -- # 6500000 sequences processed
2016/9/29 11:45:18 -- # 6600000 sequences processed
2016/9/29 11:45:18 -- # 6700000 sequences processed
2016/9/29 11:45:18 -- # 6800000 sequences processed
2016/9/29 11:45:19 -- # 6900000 sequences processed
2016/9/29 11:45:19 -- # 7000000 sequences processed
2016/9/29 11:45:19 -- # 7100000 sequences processed
2016/9/29 11:45:19 -- # 7200000 sequences processed
2016/9/29 11:45:19 -- # 7300000 sequences processed
2016/9/29 11:45:19 -- # 7400000 sequences processed
2016/9/29 11:45:19 -- # 7500000 sequences processed
2016/9/29 11:45:19 -- # 7600000 sequences processed
2016/9/29 11:45:19 -- # 7700000 sequences processed
2016/9/29 11:45:19 -- # 7800000 sequences processed
2016/9/29 11:45:19 -- # 7900000 sequences processed
2016/9/29 11:45:19 -- # 8000000 sequences processed
2016/9/29 11:45:20 -- # 8100000 sequences processed
2016/9/29 11:45:20 -- # 8200000 sequences processed
2016/9/29 11:45:21 -- # 8300000 sequences processed
2016/9/29 11:45:21 -- # 8400000 sequences processed
2016/9/29 11:45:21 -- # 8500000 sequences processed
2016/9/29 11:45:21 -- # 8600000 sequences processed
2016/9/29 11:45:22 -- # 8700000 sequences processed
2016/9/29 11:45:22 -- # 8800000 sequences processed
2016/9/29 11:45:22 -- # 8900000 sequences processed
2016/9/29 11:45:22 -- # 9000000 sequences processed
2016/9/29 11:45:22 -- # 9100000 sequences processed
2016/9/29 11:45:22 -- # 9200000 sequences processed
2016/9/29 11:45:24 -- # 9300000 sequences processed
2016/9/29 11:45:24 -- # 9400000 sequences processed
2016/9/29 11:45:24 -- # 9500000 sequences processed
2016/9/29 11:45:24 -- # 9600000 sequences processed
2016/9/29 11:45:24 -- # 9700000 sequences processed
2016/9/29 11:45:24 -- # 9800000 sequences processed
2016/9/29 11:45:25 -- # 9900000 sequences processed
2016/9/29 11:45:25 -- # 10000000 sequences processed
2016/9/29 11:45:25 -- # 10100000 sequences processed
2016/9/29 11:45:25 -- # 10200000 sequences processed
2016/9/29 11:45:25 -- # 10300000 sequences processed
2016/9/29 11:45:25 -- # 10400000 sequences processed
2016/9/29 11:45:25 -- # 10500000 sequences processed
2016/9/29 11:45:25 -- # 10600000 sequences processed
2016/9/29 11:45:25 -- # 10700000 sequences processed
2016/9/29 11:45:25 -- # 10800000 sequences processed
2016/9/29 11:45:25 -- # 10900000 sequences processed
2016/9/29 11:45:25 -- # 11000000 sequences processed
2016/9/29 11:45:25 -- # 11100000 sequences processed
2016/9/29 11:45:25 -- # 11200000 sequences processed
2016/9/29 11:45:25 -- # 11300000 sequences processed
2016/9/29 11:45:25 -- # 11400000 sequences processed
2016/9/29 11:45:25 -- # 11500000 sequences processed
2016/9/29 11:45:25 -- # 11600000 sequences processed
2016/9/29 11:45:25 -- # 11700000 sequences processed
2016/9/29 11:45:25 -- # 11800000 sequences processed
2016/9/29 11:45:27 -- # 11900000 sequences processed
2016/9/29 11:45:27 -- Total 11945249 sequences processed... done
2016/9/29 11:45:27 -- [GEMMapper terminated successfully in 30s. (+44s. loading)]


 Performance counter stats for 'numactl --localalloc --physcpubind=0-47 bin/gem-mapper -t 48 -I /tmp/data/indexes/HG_index_GEM/index.gem -i /tmp/data/datasets/gcat_set_039_1.fastq -o /scratch/077-hpca4se-bioinf/jlenis/results/GEM-Localalloc/2595728.GEM-Localalloc.batman.t48.sam':

S0       16         1890065929 cache-misses                                                  (20.93%)
S0       16      1023285891436 cycles                    #    0.000 GHz                      (20.04%)
S0       16       806290977323 instructions              #   15.85  insns per cycle        
                                             #    0.01  stalled cycles per insn  (28.34%)
S0       16              32561 cs                                                            (100.00%)
S0       16               1861 migrations                                                    (100.00%)
S0       16              53374 faults                                                      
S0       16    <not supported> bus-cycles              
S0       16       121773131510 idle-cycles-frontend      #  239.31% frontend cycles idle     (20.40%)
S0       16       189393209960 idle-cycles-backend       #  372.20% backend  cycles idle     (19.20%)
S0       16       284263288338 L1-dcache-loads                                               (25.59%)
S0       16         3575781156 L1-dcache-load-misses     #   23.97% of all L1-dcache hits    (30.66%)
S0       16         4270742914 L1-dcache-stores                                              (30.71%)
S0       16    <not supported> L1-dcache-store-misses  
S0       16                  0 L1-dcache-prefetch-misses                                     (28.43%)
S0       16         1699833383 L1-icache-load-misses                                         (27.72%)
S0       16         7572928632 LLC-loads                                                     (12.06%)
S0       16         1970050614 LLC-stores                                                    (10.35%)
S0       16    <not supported> LLC-prefetches          
S0       16       386994663341 dTLB-loads                                                    (16.17%)
S0       16          355178970 dTLB-load-misses          #    2.00% of all dTLB cache hits   (15.04%)
S0       16    <not supported> dTLB-stores             
S0       16    <not supported> dTLB-store-misses       
S0       16       196179551222 iTLB-loads                                                    (14.94%)
S0       16             308518 iTLB-load-misses          #    0.00% of all iTLB cache hits   (10.90%)
S0       16        76819446098 branch-loads                                                  (15.68%)
S0       16         1940732513 branch-load-misses                                            (21.55%)
S1       16         2677330239 cache-misses                                                  (20.44%)
S1       16      1191492341988 cycles                    #    0.000 GHz                      (20.04%)
S1       16       996313018666 instructions              #    0.00  insns per cycle          (26.79%)
S1       16              15780 cs                                                            (100.00%)
S1       16                834 migrations                                                    (100.00%)
S1       16              87076 faults                                                      
S1       16    <not supported> bus-cycles              
S1       16       214745955284 idle-cycles-frontend      #    0.00% frontend cycles idle     (18.86%)
S1       16       246264384498 idle-cycles-backend       #    0.00% backend  cycles idle     (18.81%)
S1       16       342499967610 L1-dcache-loads                                               (25.17%)
S1       16         5250886599 L1-dcache-load-misses                                         (30.72%)
S1       16         6789421112 L1-dcache-stores                                              (31.13%)
S1       16    <not supported> L1-dcache-store-misses  
S1       16                  0 L1-dcache-prefetch-misses                                     (28.38%)
S1       16         2229810353 L1-icache-load-misses                                         (28.41%)
S1       16        10128030778 LLC-loads                                                     (11.71%)
S1       16         3060878994 LLC-stores                                                    (11.42%)
S1       16    <not supported> LLC-prefetches          
S1       16       379137002160 dTLB-loads                                                    (17.20%)
S1       16          351091955 dTLB-load-misses                                              (16.19%)
S1       16    <not supported> dTLB-stores             
S1       16    <not supported> dTLB-store-misses       
S1       16       224430274582 iTLB-loads                                                    (15.38%)
S1       16             539895 iTLB-load-misses                                              (9.93%)
S1       16        99517058014 branch-loads                                                  (15.19%)
S1       16         2337553306 branch-load-misses                                            (19.96%)
S2       16         1894076152 cache-misses                                                  (21.43%)
S2       16      1015211089842 cycles                    #    0.000 GHz                      (21.53%)
S2       16       924197968395 instructions              #    0.00  insns per cycle          (27.72%)
S2       16              37730 cs                                                            (100.00%)
S2       16                611 migrations                                                    (100.00%)
S2       16              94225 faults                                                      
S2       16    <not supported> bus-cycles              
S2       16        70021876455 idle-cycles-frontend      #    0.00% frontend cycles idle     (17.77%)
S2       16       161254994252 idle-cycles-backend       #    0.00% backend  cycles idle     (17.47%)
S2       16       325320980125 L1-dcache-loads                                               (23.71%)
S2       16         4007826887 L1-dcache-load-misses                                         (29.83%)
S2       16         4762892873 L1-dcache-stores                                              (29.63%)
S2       16    <not supported> L1-dcache-store-misses  
S2       16                  0 L1-dcache-prefetch-misses                                     (28.96%)
S2       16         1745837503 L1-icache-load-misses                                         (28.92%)
S2       16         7493923563 LLC-loads                                                     (10.38%)
S2       16         1876943393 LLC-stores                                                    (10.60%)
S2       16    <not supported> LLC-prefetches          
S2       16       368838974205 dTLB-loads                                                    (15.91%)
S2       16          335716234 dTLB-load-misses                                              (16.28%)
S2       16    <not supported> dTLB-stores             
S2       16    <not supported> dTLB-store-misses       
S2       16       202164909807 iTLB-loads                                                    (15.74%)
S2       16             379373 iTLB-load-misses                                              (10.93%)
S2       16        83021904727 branch-loads                                                  (16.13%)
S2       16         2208611643 branch-load-misses                                            (21.12%)
S3       16           96364562 cache-misses                                                  (21.08%)
S3       16        26608584124 cycles                    #    0.000 GHz                      (21.35%)
S3       16         5795681261 instructions              #    0.00  insns per cycle          (27.64%)
S3       16              34531 cs                                                            (100.00%)
S3       16                916 migrations                                                    (100.00%)
S3       16               9632 faults                                                      
S3       16    <not supported> bus-cycles              
S3       16       108490549919 idle-cycles-frontend      #    0.00% frontend cycles idle     (18.88%)
S3       16        12812600804 idle-cycles-backend       #    0.00% backend  cycles idle     (16.68%)
S3       16         2721580696 L1-dcache-loads                                               (25.29%)
S3       16          147200602 L1-dcache-load-misses                                         (27.74%)
S3       16          155028967 L1-dcache-stores                                              (29.28%)
S3       16    <not supported> L1-dcache-store-misses  
S3       16                  0 L1-dcache-prefetch-misses                                     (26.12%)
S3       16           92727122 L1-icache-load-misses                                         (28.36%)
S3       16          276826813 LLC-loads                                                     (13.41%)
S3       16          110020793 LLC-stores                                                    (10.84%)
S3       16    <not supported> LLC-prefetches          
S3       16         2997460056 dTLB-loads                                                    (16.96%)
S3       16             240408 dTLB-load-misses                                              (17.65%)
S3       16    <not supported> dTLB-stores             
S3       16    <not supported> dTLB-store-misses       
S3       16         1901156256 iTLB-loads                                                    (14.04%)
S3       16             266418 iTLB-load-misses                                              (10.56%)
S3       16         1131916414 branch-loads                                                  (16.01%)
S3       16           27296426 branch-load-misses                                            (22.43%)

      74.708111646 seconds time elapsed

#################################################################
# Test multi-threading - 64 threads - T6
#################################################################

2016/9/29 11:45:28 -- [Opening input file '/tmp/data/datasets/gcat_set_039_1.fastq']
2016/9/29 11:45:28 -- [Outputting to '/scratch/077-hpca4se-bioinf/jlenis/results/GEM-Localalloc/2595728.GEM-Localalloc.batman.t64.sam']
2016/9/29 11:45:28 -- [Loading GEM index '/tmp/data/indexes/HG_index_GEM/index.gem']
2016/9/29 11:46:30 -- [SE::Mapping Sequences]
2016/9/29 11:46:43 -- # 100000 sequences processed
2016/9/29 11:46:43 -- # 200000 sequences processed
2016/9/29 11:46:43 -- # 300000 sequences processed
2016/9/29 11:46:43 -- # 400000 sequences processed
2016/9/29 11:46:43 -- # 500000 sequences processed
2016/9/29 11:46:43 -- # 600000 sequences processed
2016/9/29 11:46:43 -- # 700000 sequences processed
2016/9/29 11:46:43 -- # 800000 sequences processed
2016/9/29 11:46:43 -- # 900000 sequences processed
2016/9/29 11:46:43 -- # 1000000 sequences processed
2016/9/29 11:46:43 -- # 1100000 sequences processed
2016/9/29 11:46:43 -- # 1200000 sequences processed
2016/9/29 11:46:43 -- # 1300000 sequences processed
2016/9/29 11:46:43 -- # 1400000 sequences processed
2016/9/29 11:46:43 -- # 1500000 sequences processed
2016/9/29 11:46:43 -- # 1600000 sequences processed
2016/9/29 11:46:43 -- # 1700000 sequences processed
2016/9/29 11:46:43 -- # 1800000 sequences processed
2016/9/29 11:46:43 -- # 1900000 sequences processed
2016/9/29 11:46:43 -- # 2000000 sequences processed
2016/9/29 11:46:43 -- # 2100000 sequences processed
2016/9/29 11:46:43 -- # 2200000 sequences processed
2016/9/29 11:46:43 -- # 2300000 sequences processed
2016/9/29 11:46:43 -- # 2400000 sequences processed
2016/9/29 11:46:43 -- # 2500000 sequences processed
2016/9/29 11:46:44 -- # 2600000 sequences processed
2016/9/29 11:46:44 -- # 2700000 sequences processed
2016/9/29 11:46:44 -- # 2800000 sequences processed
2016/9/29 11:46:44 -- # 2900000 sequences processed
2016/9/29 11:46:44 -- # 3000000 sequences processed
2016/9/29 11:46:44 -- # 3100000 sequences processed
2016/9/29 11:46:44 -- # 3200000 sequences processed
2016/9/29 11:46:44 -- # 3300000 sequences processed
2016/9/29 11:46:44 -- # 3400000 sequences processed
2016/9/29 11:46:44 -- # 3500000 sequences processed
2016/9/29 11:46:44 -- # 3600000 sequences processed
2016/9/29 11:46:44 -- # 3700000 sequences processed
2016/9/29 11:46:44 -- # 3800000 sequences processed
2016/9/29 11:46:44 -- # 3900000 sequences processed
2016/9/29 11:46:44 -- # 4000000 sequences processed
2016/9/29 11:46:44 -- # 4100000 sequences processed
2016/9/29 11:46:44 -- # 4200000 sequences processed
2016/9/29 11:46:44 -- # 4300000 sequences processed
2016/9/29 11:46:44 -- # 4400000 sequences processed
2016/9/29 11:46:44 -- # 4500000 sequences processed
2016/9/29 11:46:44 -- # 4600000 sequences processed
2016/9/29 11:46:44 -- # 4700000 sequences processed
2016/9/29 11:46:44 -- # 4800000 sequences processed
2016/9/29 11:46:44 -- # 4900000 sequences processed
2016/9/29 11:46:44 -- # 5000000 sequences processed
2016/9/29 11:46:44 -- # 5100000 sequences processed
2016/9/29 11:46:44 -- # 5200000 sequences processed
2016/9/29 11:46:44 -- # 5300000 sequences processed
2016/9/29 11:46:44 -- # 5400000 sequences processed
2016/9/29 11:46:44 -- # 5500000 sequences processed
2016/9/29 11:46:44 -- # 5600000 sequences processed
2016/9/29 11:46:44 -- # 5700000 sequences processed
2016/9/29 11:46:45 -- # 5800000 sequences processed
2016/9/29 11:46:45 -- # 5900000 sequences processed
2016/9/29 11:46:45 -- # 6000000 sequences processed
2016/9/29 11:46:45 -- # 6100000 sequences processed
2016/9/29 11:46:45 -- # 6200000 sequences processed
2016/9/29 11:46:46 -- # 6300000 sequences processed
2016/9/29 11:46:51 -- # 6400000 sequences processed
2016/9/29 11:46:51 -- # 6500000 sequences processed
2016/9/29 11:46:52 -- # 6600000 sequences processed
2016/9/29 11:46:52 -- # 6700000 sequences processed
2016/9/29 11:46:52 -- # 6800000 sequences processed
2016/9/29 11:46:52 -- # 6900000 sequences processed
2016/9/29 11:46:52 -- # 7000000 sequences processed
2016/9/29 11:46:52 -- # 7100000 sequences processed
2016/9/29 11:46:52 -- # 7200000 sequences processed
2016/9/29 11:46:52 -- # 7300000 sequences processed
2016/9/29 11:46:52 -- # 7400000 sequences processed
2016/9/29 11:46:52 -- # 7500000 sequences processed
2016/9/29 11:46:52 -- # 7600000 sequences processed
2016/9/29 11:46:52 -- # 7700000 sequences processed
2016/9/29 11:46:52 -- # 7800000 sequences processed
2016/9/29 11:46:52 -- # 7900000 sequences processed
2016/9/29 11:46:52 -- # 8000000 sequences processed
2016/9/29 11:46:52 -- # 8100000 sequences processed
2016/9/29 11:46:52 -- # 8200000 sequences processed
2016/9/29 11:46:52 -- # 8300000 sequences processed
2016/9/29 11:46:52 -- # 8400000 sequences processed
2016/9/29 11:46:52 -- # 8500000 sequences processed
2016/9/29 11:46:52 -- # 8600000 sequences processed
2016/9/29 11:46:52 -- # 8700000 sequences processed
2016/9/29 11:46:52 -- # 8800000 sequences processed
2016/9/29 11:46:52 -- # 8900000 sequences processed
2016/9/29 11:46:52 -- # 9000000 sequences processed
2016/9/29 11:46:52 -- # 9100000 sequences processed
2016/9/29 11:46:52 -- # 9200000 sequences processed
2016/9/29 11:46:52 -- # 9300000 sequences processed
2016/9/29 11:46:52 -- # 9400000 sequences processed
2016/9/29 11:46:52 -- # 9500000 sequences processed
2016/9/29 11:46:52 -- # 9600000 sequences processed
2016/9/29 11:46:52 -- # 9700000 sequences processed
2016/9/29 11:46:52 -- # 9800000 sequences processed
2016/9/29 11:46:52 -- # 9900000 sequences processed
2016/9/29 11:46:52 -- # 10000000 sequences processed
2016/9/29 11:46:53 -- # 10100000 sequences processed
2016/9/29 11:46:53 -- # 10200000 sequences processed
2016/9/29 11:46:53 -- # 10300000 sequences processed
2016/9/29 11:46:53 -- # 10400000 sequences processed
2016/9/29 11:46:53 -- # 10500000 sequences processed
2016/9/29 11:46:53 -- # 10600000 sequences processed
2016/9/29 11:46:53 -- # 10700000 sequences processed
2016/9/29 11:46:53 -- # 10800000 sequences processed
2016/9/29 11:46:53 -- # 10900000 sequences processed
2016/9/29 11:46:53 -- # 11000000 sequences processed
2016/9/29 11:46:53 -- # 11100000 sequences processed
2016/9/29 11:46:53 -- # 11200000 sequences processed
2016/9/29 11:46:53 -- # 11300000 sequences processed
2016/9/29 11:46:53 -- # 11400000 sequences processed
2016/9/29 11:46:53 -- # 11500000 sequences processed
2016/9/29 11:46:53 -- # 11600000 sequences processed
2016/9/29 11:46:53 -- # 11700000 sequences processed
2016/9/29 11:46:53 -- # 11800000 sequences processed
2016/9/29 11:46:53 -- # 11900000 sequences processed
2016/9/29 11:46:54 -- Total 11945249 sequences processed... done
2016/9/29 11:46:54 -- [GEMMapper terminated successfully in 25s. (+61s. loading)]


 Performance counter stats for 'numactl --localalloc --physcpubind=0-63 bin/gem-mapper -t 64 -I /tmp/data/indexes/HG_index_GEM/index.gem -i /tmp/data/datasets/gcat_set_039_1.fastq -o /scratch/077-hpca4se-bioinf/jlenis/results/GEM-Localalloc/2595728.GEM-Localalloc.batman.t64.sam':

S0       16         1774479062 cache-misses                                                  (22.63%)
S0       16       706178049046 cycles                    #    0.000 GHz                      (22.96%)
S0       16       619646522311 instructions              #   13.43  insns per cycle        
                                             #    0.02  stalled cycles per insn  (29.45%)
S0       16              34730 cs                                                            (100.00%)
S0       16                474 migrations                                                    (100.00%)
S0       16              39690 faults                                                      
S0       16    <not supported> bus-cycles              
S0       16       145293763535 idle-cycles-frontend      #  314.92% frontend cycles idle     (18.77%)
S0       16       138111400344 idle-cycles-backend       #  299.35% backend  cycles idle     (16.55%)
S0       16       255390875307 L1-dcache-loads                                               (21.94%)
S0       16         3522467254 L1-dcache-load-misses     #   22.18% of all L1-dcache hits    (26.98%)
S0       16         4353220420 L1-dcache-stores                                              (26.04%)
S0       16    <not supported> L1-dcache-store-misses  
S0       16                  0 L1-dcache-prefetch-misses                                     (24.68%)
S0       16         1869517130 L1-icache-load-misses                                         (25.55%)
S0       16         5651533493 LLC-loads                                                     (12.47%)
S0       16         1442482556 LLC-stores                                                    (11.75%)
S0       16    <not supported> LLC-prefetches          
S0       16       241829863574 dTLB-loads                                                    (17.81%)
S0       16          225254201 dTLB-load-misses          #    1.39% of all dTLB cache hits   (17.19%)
S0       16    <not supported> dTLB-stores             
S0       16    <not supported> dTLB-store-misses       
S0       16       136972289653 iTLB-loads                                                    (16.67%)
S0       16             480454 iTLB-load-misses          #    0.01% of all iTLB cache hits   (10.80%)
S0       16        60094777309 branch-loads                                                  (16.08%)
S0       16         1578015794 branch-load-misses                                            (21.29%)
S1       16         1262485781 cache-misses                                                  (23.46%)
S1       16       671387410438 cycles                    #    0.000 GHz                      (22.32%)
S1       16       606374654247 instructions              #    0.00  insns per cycle          (29.88%)
S1       16               8750 cs                                                            (100.00%)
S1       16                357 migrations                                                    (100.00%)
S1       16              36999 faults                                                      
S1       16    <not supported> bus-cycles              
S1       16        79284025863 idle-cycles-frontend      #    0.00% frontend cycles idle     (19.08%)
S1       16       124538303239 idle-cycles-backend       #    0.00% backend  cycles idle     (18.18%)
S1       16       244499244182 L1-dcache-loads                                               (23.54%)
S1       16         2964249602 L1-dcache-load-misses                                         (28.31%)
S1       16         3612711387 L1-dcache-stores                                              (27.85%)
S1       16    <not supported> L1-dcache-store-misses  
S1       16                  0 L1-dcache-prefetch-misses                                     (24.37%)
S1       16         1399037660 L1-icache-load-misses                                         (25.14%)
S1       16         5379128216 LLC-loads                                                     (12.27%)
S1       16         1311334152 LLC-stores                                                    (11.65%)
S1       16    <not supported> LLC-prefetches          
S1       16       264474669450 dTLB-loads                                                    (17.61%)
S1       16          256659414 dTLB-load-misses                                              (16.71%)
S1       16    <not supported> dTLB-stores             
S1       16    <not supported> dTLB-store-misses       
S1       16       143198788346 iTLB-loads                                                    (16.77%)
S1       16             508950 iTLB-load-misses                                              (10.07%)
S1       16        57225140640 branch-loads                                                  (16.44%)
S1       16         1495501673 branch-load-misses                                            (21.96%)
S2       16         1445349365 cache-misses                                                  (22.13%)
S2       16       801603372957 cycles                    #    0.000 GHz                      (22.23%)
S2       16       718310399326 instructions              #    0.00  insns per cycle          (28.22%)
S2       16              85461 cs                                                            (100.00%)
S2       16                601 migrations                                                    (100.00%)
S2       16              73177 faults                                                      
S2       16    <not supported> bus-cycles              
S2       16       272972268076 idle-cycles-frontend      #    0.00% frontend cycles idle     (17.96%)
S2       16       194715019192 idle-cycles-backend       #    0.00% backend  cycles idle     (17.33%)
S2       16       279922357717 L1-dcache-loads                                               (22.27%)
S2       16         3972429716 L1-dcache-load-misses                                         (27.97%)
S2       16         5420004099 L1-dcache-stores                                              (27.15%)
S2       16    <not supported> L1-dcache-store-misses  
S2       16                  0 L1-dcache-prefetch-misses                                     (26.63%)
S2       16         1494800455 L1-icache-load-misses                                         (26.56%)
S2       16         6394410759 LLC-loads                                                     (11.33%)
S2       16         2250416081 LLC-stores                                                    (11.49%)
S2       16    <not supported> LLC-prefetches          
S2       16       271186119601 dTLB-loads                                                    (16.83%)
S2       16          245243629 dTLB-load-misses                                              (16.33%)
S2       16    <not supported> dTLB-stores             
S2       16    <not supported> dTLB-store-misses       
S2       16       151153378169 iTLB-loads                                                    (16.53%)
S2       16             345712 iTLB-load-misses                                              (11.51%)
S2       16        69304074766 branch-loads                                                  (16.07%)
S2       16         1584144611 branch-load-misses                                            (22.04%)
S3       16         1529609133 cache-misses                                                  (22.06%)
S3       16       773559413078 cycles                    #    0.000 GHz                      (21.17%)
S3       16       688690119692 instructions              #    0.00  insns per cycle          (26.90%)
S3       16              58718 cs                                                            (100.00%)
S3       16                552 migrations                                                    (100.00%)
S3       16              73879 faults                                                      
S3       16    <not supported> bus-cycles              
S3       16       144825766634 idle-cycles-frontend      #    0.00% frontend cycles idle     (16.87%)
S3       16       129192751835 idle-cycles-backend       #    0.00% backend  cycles idle     (17.09%)
S3       16       236738447997 L1-dcache-loads                                               (24.09%)
S3       16         3156905638 L1-dcache-load-misses                                         (28.51%)
S3       16         3797089142 L1-dcache-stores                                              (29.02%)
S3       16    <not supported> L1-dcache-store-misses  
S3       16                  0 L1-dcache-prefetch-misses                                     (27.78%)
S3       16         1463480081 L1-icache-load-misses                                         (28.65%)
S3       16         5458695943 LLC-loads                                                     (12.37%)
S3       16         1532647985 LLC-stores                                                    (10.97%)
S3       16    <not supported> LLC-prefetches          
S3       16       257980909999 dTLB-loads                                                    (16.74%)
S3       16          249854650 dTLB-load-misses                                              (16.18%)
S3       16    <not supported> dTLB-stores             
S3       16    <not supported> dTLB-store-misses       
S3       16       147915749160 iTLB-loads                                                    (15.79%)
S3       16             579277 iTLB-load-misses                                              (10.72%)
S3       16        60646336246 branch-loads                                                  (16.26%)
S3       16         1591182283 branch-load-misses                                            (21.98%)

      86.645462971 seconds time elapsed

#################################################################
# Test multi-threading - 64 threads - T6
#################################################################
