mkdir: cannot create directory `/scratch/077-hpca4se-bioinf/jlenis/results/SNAP-Localalloc': File exists
> Benchmarks for snap-beta.18: gcat_set_039_1
penguin
#################################################################
# Warm up - 64 threads - T1
#################################################################
WarmUp.2595721.SNAP-Localalloc.penguin.t64
Welcome to SNAP version 1.0beta.23.

Loading index from directory... 73s.  3137208264 bases, seed size 20
Aligning.
Total Reads    Aligned, MAPQ >= 10    Aligned, MAPQ < 10     Unaligned              Too Short/Too Many Ns     Reads/s   Time in Aligner (s)
11,945,249     11,307,498 (94.66%)    476,673 (3.99%)        161,078 (1.35%)        0 (0.00%)                 186,298   64


#################################################################
# Test multi-threading - 8 threads - T2
#################################################################
2595721.SNAP-Localalloc.penguin.t8
Welcome to SNAP version 1.0beta.23.

Loading index from directory... 167s.  3137208264 bases, seed size 20
Aligning.
Total Reads    Aligned, MAPQ >= 10    Aligned, MAPQ < 10     Unaligned              Too Short/Too Many Ns     Reads/s   Time in Aligner (s)
11,945,249     11,307,498 (94.66%)    476,673 (3.99%)        161,078 (1.35%)        0 (0.00%)                 39,637    301

 Performance counter stats for 'numactl --localalloc --physcpubind=0,4,8,12,16,20,24,28 ./snap-aligner single /tmp/data/indexes/HG_index_snap /tmp/data/datasets/gcat_set_039_1.fastq -t 8 -o /scratch/077-hpca4se-bioinf/jlenis/results/SNAP-Localalloc/2595721.SNAP-Localalloc.penguin.t8.sam':

S0       16         3385210377 cache-misses                                                  (17.75%)
S0       16      1667451723079 cycles                    #    0.000 GHz                      (22.29%)
S0       16      1773044515676 instructions              #   17.86  insns per cycle        
                                             #    0.08  stalled cycles per insn  (26.38%)
S0       16             428506 cs                                                            (100.00%)
S0       16                604 migrations                                                    (100.00%)
S0       16             236181 faults                                                      
S0       16        69317415690 bus-cycles                                                    (26.35%)
S0       16      2517047662220 idle-cycles-frontend      #  2535.53% frontend cycles idle     (25.33%)
S0       16      2282630367321 idle-cycles-backend       #  2299.39% backend  cycles idle     (25.30%)
S0       16       532794451372 L1-dcache-loads                                               (24.91%)
S0       16        12456961700 L1-dcache-load-misses     #   39.68% of all L1-dcache hits    (18.26%)
S0       16       135906513733 L1-dcache-stores                                              (17.55%)
S0       16         6542606821 L1-dcache-store-misses                                        (17.59%)
S0       16         5614848619 L1-dcache-prefetch-misses                                     (17.49%)
S0       16         1518212646 L1-icache-load-misses                                         (16.97%)
S0       16         7433495676 LLC-loads                                                     (17.21%)
S0       16         2111449650 LLC-stores                                                    (17.91%)
S0       16         3997688569 LLC-prefetches                                                (9.78%)
S0       16       523131270102 dTLB-loads                                                    (13.40%)
S0       16         1287846484 dTLB-load-misses          #    4.11% of all dTLB cache hits   (17.75%)
S0       16       137532336304 dTLB-stores                                                   (17.52%)
S0       16           56887046 dTLB-store-misses                                             (17.09%)
S0       16            9923333 iTLB-loads                                                    (17.02%)
S0       16            5391605 iTLB-load-misses          #  790.21% of all iTLB cache hits   (17.67%)
S0       16       236637259865 branch-loads                                                  (17.96%)
S0       16        18756465818 branch-load-misses                                            (17.57%)
S1       16         2422015710 cache-misses                                                  (17.35%)
S1       16      1526850974639 cycles                    #    0.000 GHz                      (21.88%)
S1       16      1693414650904 instructions              #    0.00  insns per cycle          (25.98%)
S1       16              54924 cs                                                            (100.00%)
S1       16                475 migrations                                                    (100.00%)
S1       16             227191 faults                                                      
S1       16        61031418271 bus-cycles                                                    (26.19%)
S1       16      2245797109971 idle-cycles-frontend      #    0.00% frontend cycles idle     (26.22%)
S1       16      2077411305155 idle-cycles-backend       #    0.00% backend  cycles idle     (26.27%)
S1       16       505158777647 L1-dcache-loads                                               (26.27%)
S1       16         9104649271 L1-dcache-load-misses                                         (17.53%)
S1       16       120283319111 L1-dcache-stores                                              (18.20%)
S1       16         5098803522 L1-dcache-store-misses                                        (18.25%)
S1       16         4428314835 L1-dcache-prefetch-misses                                     (18.03%)
S1       16         1074315686 L1-icache-load-misses                                         (17.81%)
S1       16         5279425662 LLC-loads                                                     (17.13%)
S1       16          856076882 LLC-stores                                                    (16.97%)
S1       16         3376570388 LLC-prefetches                                                (8.68%)
S1       16       496223759417 dTLB-loads                                                    (12.79%)
S1       16          756569393 dTLB-load-misses                                              (17.09%)
S1       16       118913083776 dTLB-stores                                                   (17.12%)
S1       16           15486250 dTLB-store-misses                                             (16.79%)
S1       16           15117576 iTLB-loads                                                    (17.05%)
S1       16            5985955 iTLB-load-misses                                              (17.04%)
S1       16       221851772268 branch-loads                                                  (17.03%)
S1       16        18208853227 branch-load-misses                                            (17.33%)
S2       16         2342092082 cache-misses                                                  (16.99%)
S2       16      1539433494027 cycles                    #    0.000 GHz                      (21.62%)
S2       16      1649411821842 instructions              #    0.00  insns per cycle          (26.76%)
S2       16              39483 cs                                                            (100.00%)
S2       16                350 migrations                                                    (100.00%)
S2       16             215402 faults                                                      
S2       16        60373894087 bus-cycles                                                    (27.13%)
S2       16      2370218350493 idle-cycles-frontend      #    0.00% frontend cycles idle     (26.46%)
S2       16      2242011957208 idle-cycles-backend       #    0.00% backend  cycles idle     (27.03%)
S2       16       481192310075 L1-dcache-loads                                               (26.62%)
S2       16         8699077231 L1-dcache-load-misses                                         (17.84%)
S2       16       117072073334 L1-dcache-stores                                              (17.87%)
S2       16         4971399569 L1-dcache-store-misses                                        (17.80%)
S2       16         4184307931 L1-dcache-prefetch-misses                                     (18.06%)
S2       16         1049190739 L1-icache-load-misses                                         (18.04%)
S2       16         5050846920 LLC-loads                                                     (17.43%)
S2       16          820775273 LLC-stores                                                    (17.62%)
S2       16         3228189405 LLC-prefetches                                                (8.67%)
S2       16       488625286559 dTLB-loads                                                    (12.36%)
S2       16          763700241 dTLB-load-misses                                              (16.73%)
S2       16       118364572641 dTLB-stores                                                   (16.66%)
S2       16           15350975 dTLB-store-misses                                             (16.50%)
S2       16            5000593 iTLB-loads                                                    (16.70%)
S2       16            3332275 iTLB-load-misses                                              (17.24%)
S2       16       214343351987 branch-loads                                                  (17.37%)
S2       16        18349348394 branch-load-misses                                            (16.85%)
S3       16         2409243361 cache-misses                                                  (16.37%)
S3       16      1619616304193 cycles                    #    0.000 GHz                      (20.40%)
S3       16      1670523456181 instructions              #    0.00  insns per cycle          (24.70%)
S3       16              67177 cs                                                            (100.00%)
S3       16                983 migrations                                                    (100.00%)
S3       16             225783 faults                                                      
S3       16        62119092849 bus-cycles                                                    (24.85%)
S3       16      2380235615190 idle-cycles-frontend      #    0.00% frontend cycles idle     (24.19%)
S3       16      2167530483271 idle-cycles-backend       #    0.00% backend  cycles idle     (24.57%)
S3       16       489955502696 L1-dcache-loads                                               (24.83%)
S3       16         9373913799 L1-dcache-load-misses                                         (18.69%)
S3       16       119758894692 L1-dcache-stores                                              (18.17%)
S3       16         4992950429 L1-dcache-store-misses                                        (18.77%)
S3       16         4327263780 L1-dcache-prefetch-misses                                     (18.80%)
S3       16         1277165710 L1-icache-load-misses                                         (18.14%)
S3       16         5115223696 LLC-loads                                                     (18.59%)
S3       16          852406000 LLC-stores                                                    (18.69%)
S3       16         3295644012 LLC-prefetches                                                (9.42%)
S3       16       499032664745 dTLB-loads                                                    (13.63%)
S3       16          858355173 dTLB-load-misses                                              (17.64%)
S3       16       121555650301 dTLB-stores                                                   (17.36%)
S3       16           23564732 dTLB-store-misses                                             (16.97%)
S3       16           13625783 iTLB-loads                                                    (16.72%)
S3       16           11272900 iTLB-load-misses                                              (16.94%)
S3       16       219178803320 branch-loads                                                  (16.83%)
S3       16        17759245721 branch-load-misses                                            (16.38%)

     468.532357924 seconds time elapsed

#################################################################
# Test multi-threading - 16 threads - T3
#################################################################
2595721.SNAP-Localalloc.penguin.t16
Welcome to SNAP version 1.0beta.23.

Loading index from directory... 172s.  3137208264 bases, seed size 20
Aligning.
Total Reads    Aligned, MAPQ >= 10    Aligned, MAPQ < 10     Unaligned              Too Short/Too Many Ns     Reads/s   Time in Aligner (s)
11,945,249     11,307,498 (94.66%)    476,673 (3.99%)        161,078 (1.35%)        0 (0.00%)                 75,821    158

 Performance counter stats for 'numactl --localalloc --physcpubind=0,4,8,12,16,20,24,28,1,5,9,13,17,21,25,29 ./snap-aligner single /tmp/data/indexes/HG_index_snap /tmp/data/datasets/gcat_set_039_1.fastq -t 16 -o /scratch/077-hpca4se-bioinf/jlenis/results/SNAP-Localalloc/2595721.SNAP-Localalloc.penguin.t16.sam':

S0       16         3082792285 cache-misses                                                  (17.10%)
S0       16      1676753127290 cycles                    #    0.000 GHz                      (22.29%)
S0       16      1820566656199 instructions              #   17.94  insns per cycle        
                                             #    0.08  stalled cycles per insn  (26.42%)
S0       16             347880 cs                                                            (100.00%)
S0       16                792 migrations                                                    (100.00%)
S0       16             230631 faults                                                      
S0       16        66653147124 bus-cycles                                                    (26.97%)
S0       16      2245329502398 idle-cycles-frontend      #  2211.97% frontend cycles idle     (26.97%)
S0       16      2026665641889 idle-cycles-backend       #  1996.55% backend  cycles idle     (27.21%)
S0       16       510423832921 L1-dcache-loads                                               (26.82%)
S0       16        10179535465 L1-dcache-load-misses     #   32.73% of all L1-dcache hits    (17.73%)
S0       16       125721208555 L1-dcache-stores                                              (17.55%)
S0       16         5725885050 L1-dcache-store-misses                                        (17.74%)
S0       16         4804351958 L1-dcache-prefetch-misses                                     (17.39%)
S0       16         1397996484 L1-icache-load-misses                                         (17.34%)
S0       16         5721358472 LLC-loads                                                     (17.15%)
S0       16         1453457499 LLC-stores                                                    (17.01%)
S0       16         3469836193 LLC-prefetches                                                (9.05%)
S0       16       506229099476 dTLB-loads                                                    (13.16%)
S0       16         1019174724 dTLB-load-misses          #    3.32% of all dTLB cache hits   (17.51%)
S0       16       127340610677 dTLB-stores                                                   (16.97%)
S0       16           41455860 dTLB-store-misses                                             (16.85%)
S0       16           12823188 iTLB-loads                                                    (16.74%)
S0       16            5406661 iTLB-load-misses          #  715.31% of all iTLB cache hits   (16.58%)
S0       16       249277906462 branch-loads                                                  (16.73%)
S0       16        20344908864 branch-load-misses                                            (16.90%)
S1       16         2841406816 cache-misses                                                  (17.73%)
S1       16      1627531927160 cycles                    #    0.000 GHz                      (22.01%)
S1       16      1694974883893 instructions              #    0.00  insns per cycle          (26.13%)
S1       16             246959 cs                                                            (100.00%)
S1       16                354 migrations                                                    (100.00%)
S1       16             221149 faults                                                      
S1       16        66770185280 bus-cycles                                                    (26.12%)
S1       16      2268067821810 idle-cycles-frontend      #    0.00% frontend cycles idle     (25.86%)
S1       16      2140445649440 idle-cycles-backend       #    0.00% backend  cycles idle     (25.74%)
S1       16       501880531239 L1-dcache-loads                                               (25.68%)
S1       16        10034600458 L1-dcache-load-misses                                         (17.43%)
S1       16       123836587542 L1-dcache-stores                                              (17.27%)
S1       16         5578525370 L1-dcache-store-misses                                        (17.16%)
S1       16         4748906552 L1-dcache-prefetch-misses                                     (17.10%)
S1       16         1473382530 L1-icache-load-misses                                         (17.08%)
S1       16         5491188625 LLC-loads                                                     (17.39%)
S1       16         1293831949 LLC-stores                                                    (17.57%)
S1       16         3535287660 LLC-prefetches                                                (9.30%)
S1       16       498340338196 dTLB-loads                                                    (14.00%)
S1       16         1019634249 dTLB-load-misses                                              (17.83%)
S1       16       119218554269 dTLB-stores                                                   (17.42%)
S1       16           46012074 dTLB-store-misses                                             (18.05%)
S1       16           18315299 iTLB-loads                                                    (17.58%)
S1       16            6564795 iTLB-load-misses                                              (17.34%)
S1       16       221855852826 branch-loads                                                  (17.19%)
S1       16        18511839642 branch-load-misses                                            (17.80%)
S2       16         2468443867 cache-misses                                                  (17.40%)
S2       16      1599996994621 cycles                    #    0.000 GHz                      (21.67%)
S2       16      1644667976963 instructions              #    0.00  insns per cycle          (25.92%)
S2       16              33845 cs                                                            (100.00%)
S2       16                318 migrations                                                    (100.00%)
S2       16             213854 faults                                                      
S2       16        62416204815 bus-cycles                                                    (26.13%)
S2       16      2279578528366 idle-cycles-frontend      #    0.00% frontend cycles idle     (25.98%)
S2       16      1981823719441 idle-cycles-backend       #    0.00% backend  cycles idle     (26.05%)
S2       16       480132944348 L1-dcache-loads                                               (26.06%)
S2       16         8624560669 L1-dcache-load-misses                                         (18.09%)
S2       16       110621357146 L1-dcache-stores                                              (18.01%)
S2       16         4853700917 L1-dcache-store-misses                                        (18.33%)
S2       16         4131198931 L1-dcache-prefetch-misses                                     (17.97%)
S2       16          972564444 L1-icache-load-misses                                         (17.60%)
S2       16         5185380287 LLC-loads                                                     (17.37%)
S2       16          820551605 LLC-stores                                                    (17.21%)
S2       16         3201947568 LLC-prefetches                                                (8.62%)
S2       16       477195414849 dTLB-loads                                                    (12.85%)
S2       16          662222001 dTLB-load-misses                                              (17.03%)
S2       16       117804083722 dTLB-stores                                                   (16.96%)
S2       16            9284918 dTLB-store-misses                                             (16.89%)
S2       16            7334695 iTLB-loads                                                    (17.13%)
S2       16            4225659 iTLB-load-misses                                              (17.23%)
S2       16       216558760817 branch-loads                                                  (17.20%)
S2       16        18312764851 branch-load-misses                                            (17.26%)
S3       16         2484678725 cache-misses                                                  (17.18%)
S3       16      1592242369258 cycles                    #    0.000 GHz                      (21.17%)
S3       16      1664189310149 instructions              #    0.00  insns per cycle          (25.61%)
S3       16              48988 cs                                                            (100.00%)
S3       16                716 migrations                                                    (100.00%)
S3       16             219561 faults                                                      
S3       16        63644557490 bus-cycles                                                    (25.52%)
S3       16      2268521258739 idle-cycles-frontend      #    0.00% frontend cycles idle     (24.92%)
S3       16      2135093334464 idle-cycles-backend       #    0.00% backend  cycles idle     (24.91%)
S3       16       498243605093 L1-dcache-loads                                               (24.66%)
S3       16         9446483628 L1-dcache-load-misses                                         (17.14%)
S3       16       118264370684 L1-dcache-stores                                              (17.31%)
S3       16         4920821013 L1-dcache-store-misses                                        (17.33%)
S3       16         4196403169 L1-dcache-prefetch-misses                                     (17.59%)
S3       16         1165103243 L1-icache-load-misses                                         (17.34%)
S3       16         5280759080 LLC-loads                                                     (17.73%)
S3       16          866113247 LLC-stores                                                    (18.35%)
S3       16         3306042928 LLC-prefetches                                                (9.61%)
S3       16       485395686030 dTLB-loads                                                    (13.91%)
S3       16          693269783 dTLB-load-misses                                              (18.57%)
S3       16       114312161102 dTLB-stores                                                   (17.93%)
S3       16           14654787 dTLB-store-misses                                             (17.95%)
S3       16            9900896 iTLB-loads                                                    (18.23%)
S3       16            7847907 iTLB-load-misses                                              (17.29%)
S3       16       225908979738 branch-loads                                                  (17.09%)
S3       16        18419663959 branch-load-misses                                            (17.34%)

     330.408895175 seconds time elapsed

#################################################################
# Test multi-threading - 32 threads - T4 
#################################################################
2595721.SNAP-Localalloc.penguin.t32
Welcome to SNAP version 1.0beta.23.

Loading index from directory... 91s.  3137208264 bases, seed size 20
Aligning.
Total Reads    Aligned, MAPQ >= 10    Aligned, MAPQ < 10     Unaligned              Too Short/Too Many Ns     Reads/s   Time in Aligner (s)
11,945,249     11,307,498 (94.66%)    476,673 (3.99%)        161,078 (1.35%)        0 (0.00%)                 128,717   93

 Performance counter stats for 'numactl --localalloc --physcpubind=0,4,8,12,16,20,24,28,32,36,40,44,48,52,56,60,1,5,9,13,17,21,25,29,33,37,41,45,49,53,57,61 ./snap-aligner single /tmp/data/indexes/HG_index_snap /tmp/data/datasets/gcat_set_039_1.fastq -t 32 -o /scratch/077-hpca4se-bioinf/jlenis/results/SNAP-Localalloc/2595721.SNAP-Localalloc.penguin.t32.sam':

S0       16         2771964223 cache-misses                                                  (16.71%)
S0       16      1590417623428 cycles                    #    0.000 GHz                      (21.57%)
S0       16      1648683386429 instructions              #   15.83  insns per cycle        
                                             #    0.09  stalled cycles per insn  (26.14%)
S0       16              53978 cs                                                            (100.00%)
S0       16                649 migrations                                                    (100.00%)
S0       16             207113 faults                                                      
S0       16        68274635524 bus-cycles                                                    (26.52%)
S0       16      2123478933747 idle-cycles-frontend      #  2039.22% frontend cycles idle     (26.93%)
S0       16      1940169648842 idle-cycles-backend       #  1863.18% backend  cycles idle     (27.31%)
S0       16       466583621402 L1-dcache-loads                                               (27.23%)
S0       16         8867342856 L1-dcache-load-misses     #   29.67% of all L1-dcache hits    (17.75%)
S0       16       114422226690 L1-dcache-stores                                              (17.63%)
S0       16         4963098910 L1-dcache-store-misses                                        (17.67%)
S0       16         4263126262 L1-dcache-prefetch-misses                                     (17.74%)
S0       16         1062280575 L1-icache-load-misses                                         (17.69%)
S0       16         5215203504 LLC-loads                                                     (17.78%)
S0       16          908213384 LLC-stores                                                    (17.29%)
S0       16         3469360966 LLC-prefetches                                                (8.26%)
S0       16       528307558922 dTLB-loads                                                    (12.65%)
S0       16          783994581 dTLB-load-misses          #    2.32% of all dTLB cache hits   (17.06%)
S0       16       120610503685 dTLB-stores                                                   (17.19%)
S0       16           18102661 dTLB-store-misses                                             (17.35%)
S0       16           16062738 iTLB-loads                                                    (16.87%)
S0       16            5422790 iTLB-load-misses          #  502.58% of all iTLB cache hits   (16.57%)
S0       16       227555525739 branch-loads                                                  (16.36%)
S0       16        18930098641 branch-load-misses                                            (16.55%)
S1       16         3954680790 cache-misses                                                  (16.78%)
S1       16      1851750437394 cycles                    #    0.000 GHz                      (21.71%)
S1       16      1906848459472 instructions              #    0.00  insns per cycle          (26.37%)
S1       16              34492 cs                                                            (100.00%)
S1       16                157 migrations                                                    (100.00%)
S1       16             228692 faults                                                      
S1       16        77984813010 bus-cycles                                                    (26.03%)
S1       16      2697784643490 idle-cycles-frontend      #    0.00% frontend cycles idle     (25.44%)
S1       16      2403431541983 idle-cycles-backend       #    0.00% backend  cycles idle     (25.97%)
S1       16       547508032192 L1-dcache-loads                                               (25.82%)
S1       16        14210547177 L1-dcache-load-misses                                         (19.17%)
S1       16       152399208720 L1-dcache-stores                                              (17.62%)
S1       16         7203472855 L1-dcache-store-misses                                        (18.26%)
S1       16         6067592075 L1-dcache-prefetch-misses                                     (17.30%)
S1       16         1178157403 L1-icache-load-misses                                         (18.54%)
S1       16         8935791053 LLC-loads                                                     (17.77%)
S1       16         2299900480 LLC-stores                                                    (17.12%)
S1       16         3804045032 LLC-prefetches                                                (8.84%)
S1       16       562352935440 dTLB-loads                                                    (13.06%)
S1       16         1657269354 dTLB-load-misses                                              (17.43%)
S1       16       161794310258 dTLB-stores                                                   (17.72%)
S1       16           99519835 dTLB-store-misses                                             (17.16%)
S1       16           25448347 iTLB-loads                                                    (17.03%)
S1       16            7472475 iTLB-load-misses                                              (16.63%)
S1       16       279042431434 branch-loads                                                  (16.66%)
S1       16        20617222662 branch-load-misses                                            (16.41%)
S2       16         2846694422 cache-misses                                                  (16.89%)
S2       16      1555666134489 cycles                    #    0.000 GHz                      (21.82%)
S2       16      1618566891754 instructions              #    0.00  insns per cycle          (26.68%)
S2       16              33076 cs                                                            (100.00%)
S2       16                221 migrations                                                    (100.00%)
S2       16             211381 faults                                                      
S2       16        64609092475 bus-cycles                                                    (26.66%)
S2       16      2054391635588 idle-cycles-frontend      #    0.00% frontend cycles idle     (27.11%)
S2       16      1824320022926 idle-cycles-backend       #    0.00% backend  cycles idle     (27.68%)
S2       16       442700773420 L1-dcache-loads                                               (27.87%)
S2       16         8643513359 L1-dcache-load-misses                                         (19.03%)
S2       16       111742016745 L1-dcache-stores                                              (19.14%)
S2       16         4956639075 L1-dcache-store-misses                                        (18.58%)
S2       16         4142415233 L1-dcache-prefetch-misses                                     (17.91%)
S2       16         1306364629 L1-icache-load-misses                                         (18.73%)
S2       16         5440154422 LLC-loads                                                     (17.65%)
S2       16         1028064464 LLC-stores                                                    (17.37%)
S2       16         3928863288 LLC-prefetches                                                (9.19%)
S2       16       569137598470 dTLB-loads                                                    (13.27%)
S2       16         1141770816 dTLB-load-misses                                              (16.22%)
S2       16       139606458753 dTLB-stores                                                   (16.28%)
S2       16           42463565 dTLB-store-misses                                             (15.85%)
S2       16            8201932 iTLB-loads                                                    (15.50%)
S2       16            4504314 iTLB-load-misses                                              (15.68%)
S2       16       246272339758 branch-loads                                                  (16.26%)
S2       16        20105601825 branch-load-misses                                            (16.30%)
S3       16         2874470215 cache-misses                                                  (16.98%)
S3       16      1666607072166 cycles                    #    0.000 GHz                      (21.15%)
S3       16      1695105599259 instructions              #    0.00  insns per cycle          (25.48%)
S3       16              41804 cs                                                            (100.00%)
S3       16                397 migrations                                                    (100.00%)
S3       16             210344 faults                                                      
S3       16        70004443749 bus-cycles                                                    (25.95%)
S3       16      2292998961420 idle-cycles-frontend      #    0.00% frontend cycles idle     (25.02%)
S3       16      2148041217796 idle-cycles-backend       #    0.00% backend  cycles idle     (25.80%)
S3       16       455840038754 L1-dcache-loads                                               (26.34%)
S3       16         8419289438 L1-dcache-load-misses                                         (19.11%)
S3       16       107525421936 L1-dcache-stores                                              (18.60%)
S3       16         4716217464 L1-dcache-store-misses                                        (18.85%)
S3       16         4164630029 L1-dcache-prefetch-misses                                     (17.88%)
S3       16         1116863416 L1-icache-load-misses                                         (18.37%)
S3       16         5320445173 LLC-loads                                                     (17.21%)
S3       16          937848166 LLC-stores                                                    (17.25%)
S3       16         3441550945 LLC-prefetches                                                (9.83%)
S3       16       507359429660 dTLB-loads                                                    (13.09%)
S3       16          773046204 dTLB-load-misses                                              (16.78%)
S3       16       121438468461 dTLB-stores                                                   (17.45%)
S3       16           12925918 dTLB-store-misses                                             (16.62%)
S3       16           19342640 iTLB-loads                                                    (16.66%)
S3       16            8675862 iTLB-load-misses                                              (16.93%)
S3       16       238605372026 branch-loads                                                  (17.45%)
S3       16        20023907926 branch-load-misses                                            (16.42%)

     184.401916391 seconds time elapsed

#################################################################
# Test multi-threading - 48 threads - T5
#################################################################
2595721.SNAP-Localalloc.penguin.t48
Welcome to SNAP version 1.0beta.23.

Loading index from directory... 143s.  3137208264 bases, seed size 20
Aligning.
Total Reads    Aligned, MAPQ >= 10    Aligned, MAPQ < 10     Unaligned              Too Short/Too Many Ns     Reads/s   Time in Aligner (s)
11,945,249     11,307,498 (94.66%)    476,673 (3.99%)        161,078 (1.35%)        0 (0.00%)                 135,937   88

 Performance counter stats for 'numactl --localalloc --physcpubind=0,4,8,12,16,20,24,28,32,36,40,44,48,52,56,60,1,5,9,13,17,21,25,29,33,37,41,45,49,53,57,61,2,6,10,14,18,22,26,30,34,38,42,46,50,54,58,62 ./snap-aligner single /tmp/data/indexes/HG_index_snap /tmp/data/datasets/gcat_set_039_1.fastq -t 48 -o /scratch/077-hpca4se-bioinf/jlenis/results/SNAP-Localalloc/2595721.SNAP-Localalloc.penguin.t48.sam':

S0       16         3131215060 cache-misses                                                  (17.38%)
S0       16      1954588832642 cycles                    #    0.000 GHz                      (21.82%)
S0       16      1647782728813 instructions              #   12.83  insns per cycle        
                                             #    0.07  stalled cycles per insn  (26.13%)
S0       16              66031 cs                                                            (100.00%)
S0       16                412 migrations                                                    (100.00%)
S0       16             211858 faults                                                      
S0       16        89532666096 bus-cycles                                                    (26.56%)
S0       16      1841005179233 idle-cycles-frontend      #  1433.51% frontend cycles idle     (26.46%)
S0       16      1408879165752 idle-cycles-backend       #  1097.03% backend  cycles idle     (27.04%)
S0       16       483402543383 L1-dcache-loads                                               (26.30%)
S0       16         9732232159 L1-dcache-load-misses     #   30.70% of all L1-dcache hits    (17.81%)
S0       16       116360881162 L1-dcache-stores                                              (17.62%)
S0       16         5312627088 L1-dcache-store-misses                                        (17.41%)
S0       16         3926136334 L1-dcache-prefetch-misses                                     (17.55%)
S0       16         1248725984 L1-icache-load-misses                                         (16.89%)
S0       16         5762275415 LLC-loads                                                     (17.43%)
S0       16         1240942561 LLC-stores                                                    (17.18%)
S0       16         3878448402 LLC-prefetches                                                (8.42%)
S0       16       493197925023 dTLB-loads                                                    (13.05%)
S0       16          821349248 dTLB-load-misses          #    2.59% of all dTLB cache hits   (17.16%)
S0       16       120680894914 dTLB-stores                                                   (17.09%)
S0       16           98289289 dTLB-store-misses                                             (17.38%)
S0       16          339423919 iTLB-loads                                                    (17.00%)
S0       16           78394614 iTLB-load-misses          #  368.09% of all iTLB cache hits   (17.05%)
S0       16       222751899693 branch-loads                                                  (17.22%)
S0       16        19407549241 branch-load-misses                                            (16.76%)
S1       16         4315014850 cache-misses                                                  (17.06%)
S1       16      2335053480564 cycles                    #    0.000 GHz                      (21.54%)
S1       16      1946658627871 instructions              #    0.00  insns per cycle          (25.65%)
S1       16             238241 cs                                                            (100.00%)
S1       16                317 migrations                                                    (100.00%)
S1       16             226401 faults                                                      
S1       16       104822789491 bus-cycles                                                    (25.61%)
S1       16      2332065903347 idle-cycles-frontend      #    0.00% frontend cycles idle     (24.61%)
S1       16      1897079709683 idle-cycles-backend       #    0.00% backend  cycles idle     (24.60%)
S1       16       558380965843 L1-dcache-loads                                               (24.84%)
S1       16        15347456907 L1-dcache-load-misses                                         (17.87%)
S1       16       150733163071 L1-dcache-stores                                              (17.58%)
S1       16         7581739335 L1-dcache-store-misses                                        (17.89%)
S1       16         5674725257 L1-dcache-prefetch-misses                                     (18.16%)
S1       16         1499550805 L1-icache-load-misses                                         (17.90%)
S1       16         9602328222 LLC-loads                                                     (17.28%)
S1       16         2546462653 LLC-stores                                                    (18.45%)
S1       16         4281626713 LLC-prefetches                                                (9.50%)
S1       16       543695590288 dTLB-loads                                                    (13.99%)
S1       16         1917141092 dTLB-load-misses                                              (18.68%)
S1       16       153771963835 dTLB-stores                                                   (17.71%)
S1       16          205160738 dTLB-store-misses                                             (17.61%)
S1       16          310097743 iTLB-loads                                                    (17.85%)
S1       16           60615802 iTLB-load-misses                                              (17.34%)
S1       16       274260657684 branch-loads                                                  (17.02%)
S1       16        19155642515 branch-load-misses                                            (17.12%)
S2       16         3068225605 cache-misses                                                  (16.87%)
S2       16      1922513355417 cycles                    #    0.000 GHz                      (21.25%)
S2       16      1702751150105 instructions              #    0.00  insns per cycle          (25.27%)
S2       16              37051 cs                                                            (100.00%)
S2       16                288 migrations                                                    (100.00%)
S2       16             217431 faults                                                      
S2       16        92146348269 bus-cycles                                                    (25.54%)
S2       16      1748673145864 idle-cycles-frontend      #    0.00% frontend cycles idle     (25.92%)
S2       16      1391977862154 idle-cycles-backend       #    0.00% backend  cycles idle     (25.95%)
S2       16       496880245849 L1-dcache-loads                                               (25.69%)
S2       16         9595177679 L1-dcache-load-misses                                         (18.51%)
S2       16       117795480114 L1-dcache-stores                                              (18.19%)
S2       16         5441411998 L1-dcache-store-misses                                        (18.03%)
S2       16         3937486595 L1-dcache-prefetch-misses                                     (17.83%)
S2       16         1294358069 L1-icache-load-misses                                         (18.05%)
S2       16         5807678464 LLC-loads                                                     (17.81%)
S2       16         1245178476 LLC-stores                                                    (18.55%)
S2       16         3696425796 LLC-prefetches                                                (9.89%)
S2       16       503211390310 dTLB-loads                                                    (13.99%)
S2       16          949470218 dTLB-load-misses                                              (17.43%)
S2       16       123012831798 dTLB-stores                                                   (16.75%)
S2       16          102160887 dTLB-store-misses                                             (16.77%)
S2       16          246638604 iTLB-loads                                                    (16.33%)
S2       16          113380659 iTLB-load-misses                                              (16.32%)
S2       16       226141156247 branch-loads                                                  (16.42%)
S2       16        19617647767 branch-load-misses                                            (16.86%)
S3       16         3258841593 cache-misses                                                  (17.66%)
S3       16      2007136637456 cycles                    #    0.000 GHz                      (22.30%)
S3       16      1707047607659 instructions              #    0.00  insns per cycle          (26.54%)
S3       16              44660 cs                                                            (100.00%)
S3       16                534 migrations                                                    (100.00%)
S3       16             220293 faults                                                      
S3       16        91279787809 bus-cycles                                                    (26.75%)
S3       16      1875116998561 idle-cycles-frontend      #    0.00% frontend cycles idle     (26.94%)
S3       16      1500142131867 idle-cycles-backend       #    0.00% backend  cycles idle     (26.59%)
S3       16       490120105713 L1-dcache-loads                                               (26.40%)
S3       16         9734873931 L1-dcache-load-misses                                         (17.63%)
S3       16       117662973618 L1-dcache-stores                                              (17.29%)
S3       16         5152930689 L1-dcache-store-misses                                        (17.71%)
S3       16         3859123639 L1-dcache-prefetch-misses                                     (17.85%)
S3       16         1356566770 L1-icache-load-misses                                         (17.61%)
S3       16         5614690633 LLC-loads                                                     (17.61%)
S3       16         1239610789 LLC-stores                                                    (17.33%)
S3       16         3723274806 LLC-prefetches                                                (8.60%)
S3       16       491675058652 dTLB-loads                                                    (12.87%)
S3       16          866801338 dTLB-load-misses                                              (17.06%)
S3       16       119892611389 dTLB-stores                                                   (16.96%)
S3       16           26603352 dTLB-store-misses                                             (16.94%)
S3       16          466884305 iTLB-loads                                                    (16.84%)
S3       16           64846383 iTLB-load-misses                                              (16.65%)
S3       16       232271862215 branch-loads                                                  (16.92%)
S3       16        19680147753 branch-load-misses                                            (17.15%)

     231.024616545 seconds time elapsed

#################################################################
# Test multi-threading - 64 threads - T6
#################################################################
2595721.SNAP-Localalloc.penguin.t64
Welcome to SNAP version 1.0beta.23.

Loading index from directory... 98s.  3137208264 bases, seed size 20
Aligning.
Total Reads    Aligned, MAPQ >= 10    Aligned, MAPQ < 10     Unaligned              Too Short/Too Many Ns     Reads/s   Time in Aligner (s)
11,945,249     11,307,498 (94.66%)    476,673 (3.99%)        161,078 (1.35%)        0 (0.00%)                 172,158   69

 Performance counter stats for 'numactl --localalloc --physcpubind=0-63 ./snap-aligner single /tmp/data/indexes/HG_index_snap /tmp/data/datasets/gcat_set_039_1.fastq -t 64 -o /scratch/077-hpca4se-bioinf/jlenis/results/SNAP-Localalloc/2595721.SNAP-Localalloc.penguin.t64.sam':

S0       16         3794522073 cache-misses                                                  (17.53%)
S0       16      2246683743805 cycles                    #    0.000 GHz                      (22.00%)
S0       16      1733966105057 instructions              #   12.21  insns per cycle        
                                             #    0.06  stalled cycles per insn  (26.14%)
S0       16              67017 cs                                                            (100.00%)
S0       16                380 migrations                                                    (100.00%)
S0       16             227267 faults                                                      
S0       16        99783979042 bus-cycles                                                    (26.78%)
S0       16      1558373172594 idle-cycles-frontend      #  1097.32% frontend cycles idle     (26.59%)
S0       16       960615338383 idle-cycles-backend       #  676.41% backend  cycles idle     (27.02%)
S0       16       503427843834 L1-dcache-loads                                               (26.86%)
S0       16        11146239559 L1-dcache-load-misses     #   36.71% of all L1-dcache hits    (18.06%)
S0       16       123592744594 L1-dcache-stores                                              (18.03%)
S0       16         5800982632 L1-dcache-store-misses                                        (18.09%)
S0       16         4048488936 L1-dcache-prefetch-misses                                     (17.23%)
S0       16         1703608230 L1-icache-load-misses                                         (17.55%)
S0       16         6643878078 LLC-loads                                                     (17.34%)
S0       16         1852169598 LLC-stores                                                    (16.95%)
S0       16         4491197339 LLC-prefetches                                                (8.38%)
S0       16       546104449080 dTLB-loads                                                    (12.62%)
S0       16         1436161736 dTLB-load-misses          #    4.47% of all dTLB cache hits   (17.03%)
S0       16       130332987429 dTLB-stores                                                   (17.13%)
S0       16          108019136 dTLB-store-misses                                             (17.14%)
S0       16          527022333 iTLB-loads                                                    (16.99%)
S0       16          212610009 iTLB-load-misses          #  752.92% of all iTLB cache hits   (16.23%)
S0       16       241029161528 branch-loads                                                  (16.82%)
S0       16        20978795062 branch-load-misses                                            (16.55%)
S1       16         3625374804 cache-misses                                                  (17.30%)
S1       16      2321060900964 cycles                    #    0.000 GHz                      (21.47%)
S1       16      1694344412305 instructions              #    0.00  insns per cycle          (25.91%)
S1       16             207448 cs                                                            (100.00%)
S1       16                267 migrations                                                    (100.00%)
S1       16             225183 faults                                                      
S1       16       103400808015 bus-cycles                                                    (26.16%)
S1       16      1617129153744 idle-cycles-frontend      #    0.00% frontend cycles idle     (25.39%)
S1       16      1053802184479 idle-cycles-backend       #    0.00% backend  cycles idle     (25.51%)
S1       16       497407692638 L1-dcache-loads                                               (25.17%)
S1       16        11302465801 L1-dcache-load-misses                                         (17.37%)
S1       16       127506585322 L1-dcache-stores                                              (16.92%)
S1       16         6179879053 L1-dcache-store-misses                                        (16.92%)
S1       16         4078603364 L1-dcache-prefetch-misses                                     (16.78%)
S1       16         1506987071 L1-icache-load-misses                                         (17.47%)
S1       16         6510786212 LLC-loads                                                     (17.16%)
S1       16         1808256142 LLC-stores                                                    (18.52%)
S1       16         3984622957 LLC-prefetches                                                (10.67%)
S1       16       500299140019 dTLB-loads                                                    (14.29%)
S1       16         1236615928 dTLB-load-misses                                              (18.65%)
S1       16       121508233265 dTLB-stores                                                   (17.91%)
S1       16          140263066 dTLB-store-misses                                             (17.57%)
S1       16          404596707 iTLB-loads                                                    (17.42%)
S1       16          162108672 iTLB-load-misses                                              (17.71%)
S1       16       225973660279 branch-loads                                                  (17.17%)
S1       16        19782300907 branch-load-misses                                            (16.97%)
S2       16         3372241238 cache-misses                                                  (16.91%)
S2       16      2299347749437 cycles                    #    0.000 GHz                      (21.38%)
S2       16      1691643570615 instructions              #    0.00  insns per cycle          (25.43%)
S2       16              45112 cs                                                            (100.00%)
S2       16                163 migrations                                                    (100.00%)
S2       16             211516 faults                                                      
S2       16       102305118286 bus-cycles                                                    (25.94%)
S2       16      1616477459687 idle-cycles-frontend      #    0.00% frontend cycles idle     (25.40%)
S2       16      1050138315685 idle-cycles-backend       #    0.00% backend  cycles idle     (25.72%)
S2       16       477163501989 L1-dcache-loads                                               (26.38%)
S2       16        10136417425 L1-dcache-load-misses                                         (17.73%)
S2       16       112767057631 L1-dcache-stores                                              (18.11%)
S2       16         5385659622 L1-dcache-store-misses                                        (17.91%)
S2       16         3574299529 L1-dcache-prefetch-misses                                     (17.43%)
S2       16         1182398584 L1-icache-load-misses                                         (17.72%)
S2       16         6211969982 LLC-loads                                                     (17.10%)
S2       16         1444974682 LLC-stores                                                    (17.71%)
S2       16         3969169966 LLC-prefetches                                                (9.24%)
S2       16       502718576660 dTLB-loads                                                    (13.50%)
S2       16         1071586771 dTLB-load-misses                                              (17.92%)
S2       16       117842914727 dTLB-stores                                                   (17.38%)
S2       16          197921044 dTLB-store-misses                                             (17.06%)
S2       16          311056042 iTLB-loads                                                    (17.47%)
S2       16          157809788 iTLB-load-misses                                              (17.36%)
S2       16       221014893248 branch-loads                                                  (17.27%)
S2       16        20040423375 branch-load-misses                                            (16.75%)
S3       16         3584251056 cache-misses                                                  (18.10%)
S3       16      2221971131472 cycles                    #    0.000 GHz                      (22.81%)
S3       16      1562084820133 instructions              #    0.00  insns per cycle          (26.95%)
S3       16              86541 cs                                                            (100.00%)
S3       16                451 migrations                                                    (100.00%)
S3       16             214324 faults                                                      
S3       16       100964481416 bus-cycles                                                    (27.05%)
S3       16      1653897647724 idle-cycles-frontend      #    0.00% frontend cycles idle     (27.23%)
S3       16      1145217105608 idle-cycles-backend       #    0.00% backend  cycles idle     (27.29%)
S3       16       465153253772 L1-dcache-loads                                               (26.93%)
S3       16        10761395351 L1-dcache-load-misses                                         (17.67%)
S3       16       120900577966 L1-dcache-stores                                              (17.35%)
S3       16         5941999663 L1-dcache-store-misses                                        (16.85%)
S3       16         4181730641 L1-dcache-prefetch-misses                                     (16.93%)
S3       16         1378316462 L1-icache-load-misses                                         (16.65%)
S3       16         6547620427 LLC-loads                                                     (16.97%)
S3       16         2008873781 LLC-stores                                                    (17.33%)
S3       16         3978194589 LLC-prefetches                                                (9.14%)
S3       16       508099116140 dTLB-loads                                                    (13.04%)
S3       16         1261420429 dTLB-load-misses                                              (17.15%)
S3       16       125124633970 dTLB-stores                                                   (17.07%)
S3       16          110429252 dTLB-store-misses                                             (16.98%)
S3       16          564555294 iTLB-loads                                                    (17.06%)
S3       16          113031979 iTLB-load-misses                                              (17.09%)
S3       16       219963737165 branch-loads                                                  (16.94%)
S3       16        18762843724 branch-load-misses                                            (16.96%)

     168.110492117 seconds time elapsed

#################################################################
#################################################################
