mkdir: cannot create directory `/scratch/077-hpca4se-bioinf/jlenis/results/SNAP-Localalloc': File exists
> Benchmarks for snap-beta.18: gcat_set_039_1
penguin
#################################################################
# Warm up - 64 threads - T1
#################################################################
WarmUp.2595716.SNAP-Localalloc.penguin.t64
Welcome to SNAP version 1.0beta.23.

Loading index from directory... 42s.  3137208264 bases, seed size 20
Aligning.
Total Reads    Aligned, MAPQ >= 10    Aligned, MAPQ < 10     Unaligned              Too Short/Too Many Ns     Reads/s   Time in Aligner (s)
11,945,249     11,307,498 (94.66%)    476,673 (3.99%)        161,078 (1.35%)        0 (0.00%)                 184,511   65


#################################################################
# Test multi-threading - 8 threads - T2
#################################################################
2595716.SNAP-Localalloc.penguin.t8
Welcome to SNAP version 1.0beta.23.

Loading index from directory... 63s.  3137208264 bases, seed size 20
Aligning.
Total Reads    Aligned, MAPQ >= 10    Aligned, MAPQ < 10     Unaligned              Too Short/Too Many Ns     Reads/s   Time in Aligner (s)
11,945,249     11,307,498 (94.66%)    476,673 (3.99%)        161,078 (1.35%)        0 (0.00%)                 39,625    301

 Performance counter stats for 'numactl --localalloc --physcpubind=0,4,8,12,16,20,24,28 ./snap-aligner single /tmp/data/indexes/HG_index_snap /tmp/data/datasets/gcat_set_039_1.fastq -t 8 -o /scratch/077-hpca4se-bioinf/jlenis/results/SNAP-Localalloc/2595716.SNAP-Localalloc.penguin.t8.sam':

S0       16         2975919104 cache-misses                                                  (16.94%)
S0       16      1623980223410 cycles                    #    0.000 GHz                      (21.27%)
S0       16      1723608287456 instructions              #   17.22  insns per cycle        
                                             #    0.08  stalled cycles per insn  (25.60%)
S0       16             112071 cs                                                            (100.00%)
S0       16                252 migrations                                                    (100.00%)
S0       16             232131 faults                                                      
S0       16        65701599151 bus-cycles                                                    (25.74%)
S0       16      2465570840992 idle-cycles-frontend      #  2463.43% frontend cycles idle     (25.83%)
S0       16      2270967031086 idle-cycles-backend       #  2269.00% backend  cycles idle     (25.93%)
S0       16       536955700439 L1-dcache-loads                                               (25.67%)
S0       16        11724994938 L1-dcache-load-misses     #   37.38% of all L1-dcache hits    (17.28%)
S0       16       135758723208 L1-dcache-stores                                              (17.69%)
S0       16         6373372131 L1-dcache-store-misses                                        (17.45%)
S0       16         5292207839 L1-dcache-prefetch-misses                                     (17.50%)
S0       16         1087998926 L1-icache-load-misses                                         (17.16%)
S0       16         6198135107 LLC-loads                                                     (17.33%)
S0       16         1992036889 LLC-stores                                                    (17.29%)
S0       16         3691313679 LLC-prefetches                                                (9.45%)
S0       16       500270005957 dTLB-loads                                                    (13.66%)
S0       16          927176814 dTLB-load-misses          #    2.96% of all dTLB cache hits   (18.16%)
S0       16       127200231681 dTLB-stores                                                   (17.75%)
S0       16           24961635 dTLB-store-misses                                             (17.87%)
S0       16            6003475 iTLB-loads                                                    (17.57%)
S0       16            3853698 iTLB-load-misses          #  487.44% of all iTLB cache hits   (17.40%)
S0       16       219732233423 branch-loads                                                  (17.26%)
S0       16        17963511266 branch-load-misses                                            (17.21%)
S1       16         2601522107 cache-misses                                                  (16.65%)
S1       16      1636706544597 cycles                    #    0.000 GHz                      (20.85%)
S1       16      1820432304617 instructions              #    0.00  insns per cycle          (24.66%)
S1       16              54729 cs                                                            (100.00%)
S1       16                337 migrations                                                    (100.00%)
S1       16             227324 faults                                                      
S1       16        65035790937 bus-cycles                                                    (25.16%)
S1       16      2238162694711 idle-cycles-frontend      #    0.00% frontend cycles idle     (25.81%)
S1       16      2075776017415 idle-cycles-backend       #    0.00% backend  cycles idle     (25.44%)
S1       16       520953561700 L1-dcache-loads                                               (25.23%)
S1       16        10293403986 L1-dcache-load-misses                                         (17.70%)
S1       16       127318551479 L1-dcache-stores                                              (17.74%)
S1       16         5131592461 L1-dcache-store-misses                                        (17.02%)
S1       16         4461482856 L1-dcache-prefetch-misses                                     (17.40%)
S1       16         1347047352 L1-icache-load-misses                                         (17.88%)
S1       16         5415193584 LLC-loads                                                     (18.46%)
S1       16          844377527 LLC-stores                                                    (18.24%)
S1       16         3335748429 LLC-prefetches                                                (9.72%)
S1       16       507360781896 dTLB-loads                                                    (13.48%)
S1       16          865040454 dTLB-load-misses                                              (17.98%)
S1       16       121086839295 dTLB-stores                                                   (17.20%)
S1       16           35553695 dTLB-store-misses                                             (17.90%)
S1       16           27614015 iTLB-loads                                                    (17.76%)
S1       16           10624015 iTLB-load-misses                                              (17.23%)
S1       16       229099516982 branch-loads                                                  (16.96%)
S1       16        19662101820 branch-load-misses                                            (17.27%)
S2       16         2365526393 cache-misses                                                  (17.38%)
S2       16      1548458758171 cycles                    #    0.000 GHz                      (21.57%)
S2       16      1612506122596 instructions              #    0.00  insns per cycle          (25.98%)
S2       16              35102 cs                                                            (100.00%)
S2       16                255 migrations                                                    (100.00%)
S2       16             213678 faults                                                      
S2       16        56490842423 bus-cycles                                                    (25.90%)
S2       16      2324037551412 idle-cycles-frontend      #    0.00% frontend cycles idle     (26.01%)
S2       16      2135259713882 idle-cycles-backend       #    0.00% backend  cycles idle     (25.85%)
S2       16       464210719459 L1-dcache-loads                                               (25.73%)
S2       16         8811565597 L1-dcache-load-misses                                         (17.85%)
S2       16       117353469594 L1-dcache-stores                                              (17.61%)
S2       16         4980223288 L1-dcache-store-misses                                        (17.67%)
S2       16         4310315556 L1-dcache-prefetch-misses                                     (17.56%)
S2       16         1018672670 L1-icache-load-misses                                         (18.10%)
S2       16         5327986582 LLC-loads                                                     (17.95%)
S2       16          846199712 LLC-stores                                                    (17.96%)
S2       16         3456857926 LLC-prefetches                                                (9.61%)
S2       16       519692634662 dTLB-loads                                                    (13.44%)
S2       16          762806377 dTLB-load-misses                                              (17.47%)
S2       16       122348981150 dTLB-stores                                                   (17.43%)
S2       16           14274112 dTLB-store-misses                                             (17.18%)
S2       16            5125875 iTLB-loads                                                    (16.79%)
S2       16            2817899 iTLB-load-misses                                              (16.77%)
S2       16       221058928567 branch-loads                                                  (17.28%)
S2       16        18566193466 branch-load-misses                                            (16.96%)
S3       16         2417910259 cache-misses                                                  (17.03%)
S3       16      1596406992772 cycles                    #    0.000 GHz                      (21.69%)
S3       16      1669317824795 instructions              #    0.00  insns per cycle          (26.05%)
S3       16              67637 cs                                                            (100.00%)
S3       16               1169 migrations                                                    (100.00%)
S3       16             223966 faults                                                      
S3       16        60922516269 bus-cycles                                                    (26.26%)
S3       16      2290365513342 idle-cycles-frontend      #    0.00% frontend cycles idle     (26.40%)
S3       16      2097278998762 idle-cycles-backend       #    0.00% backend  cycles idle     (26.86%)
S3       16       485373873449 L1-dcache-loads                                               (26.76%)
S3       16         9213429265 L1-dcache-load-misses                                         (17.73%)
S3       16       117156032204 L1-dcache-stores                                              (17.95%)
S3       16         4823585358 L1-dcache-store-misses                                        (17.79%)
S3       16         4072597731 L1-dcache-prefetch-misses                                     (17.82%)
S3       16         1061728890 L1-icache-load-misses                                         (17.76%)
S3       16         5162216349 LLC-loads                                                     (17.55%)
S3       16          865162946 LLC-stores                                                    (17.22%)
S3       16         3309068093 LLC-prefetches                                                (8.11%)
S3       16       474920285112 dTLB-loads                                                    (12.67%)
S3       16          761199907 dTLB-load-misses                                              (17.05%)
S3       16       113653338518 dTLB-stores                                                   (17.11%)
S3       16           17935389 dTLB-store-misses                                             (17.43%)
S3       16           11855204 iTLB-loads                                                    (16.91%)
S3       16            4827658 iTLB-load-misses                                              (16.84%)
S3       16       212420488580 branch-loads                                                  (16.91%)
S3       16        17716084322 branch-load-misses                                            (16.62%)

     365.157443894 seconds time elapsed

#################################################################
# Test multi-threading - 16 threads - T3
#################################################################
2595716.SNAP-Localalloc.penguin.t16
Welcome to SNAP version 1.0beta.23.

Loading index from directory... 74s.  3137208264 bases, seed size 20
Aligning.
Total Reads    Aligned, MAPQ >= 10    Aligned, MAPQ < 10     Unaligned              Too Short/Too Many Ns     Reads/s   Time in Aligner (s)
11,945,249     11,307,498 (94.66%)    476,673 (3.99%)        161,078 (1.35%)        0 (0.00%)                 75,783    158

 Performance counter stats for 'numactl --localalloc --physcpubind=0,4,8,12,16,20,24,28,1,5,9,13,17,21,25,29 ./snap-aligner single /tmp/data/indexes/HG_index_snap /tmp/data/datasets/gcat_set_039_1.fastq -t 16 -o /scratch/077-hpca4se-bioinf/jlenis/results/SNAP-Localalloc/2595716.SNAP-Localalloc.penguin.t16.sam':

S0       16         3116771007 cache-misses                                                  (16.42%)
S0       16      1674032863520 cycles                    #    0.000 GHz                      (21.24%)
S0       16      1814181713385 instructions              #   17.91  insns per cycle        
                                             #    0.08  stalled cycles per insn  (25.60%)
S0       16             198979 cs                                                            (100.00%)
S0       16                261 migrations                                                    (100.00%)
S0       16             224428 faults                                                      
S0       16        66128506434 bus-cycles                                                    (26.35%)
S0       16      2291827336079 idle-cycles-frontend      #  2261.98% frontend cycles idle     (27.00%)
S0       16      2093195150927 idle-cycles-backend       #  2065.93% backend  cycles idle     (27.17%)
S0       16       485390849699 L1-dcache-loads                                               (27.02%)
S0       16         9884048567 L1-dcache-load-misses     #   32.67% of all L1-dcache hits    (17.62%)
S0       16       118678437796 L1-dcache-stores                                              (17.26%)
S0       16         5510079232 L1-dcache-store-misses                                        (16.96%)
S0       16         4558252605 L1-dcache-prefetch-misses                                     (17.54%)
S0       16         1240213733 L1-icache-load-misses                                         (18.42%)
S0       16         5791136936 LLC-loads                                                     (18.43%)
S0       16         1546792189 LLC-stores                                                    (18.82%)
S0       16         3666086718 LLC-prefetches                                                (8.72%)
S0       16       524816117980 dTLB-loads                                                    (12.89%)
S0       16          970575174 dTLB-load-misses          #    3.13% of all dTLB cache hits   (17.21%)
S0       16       134382093402 dTLB-stores                                                   (17.03%)
S0       16           28892992 dTLB-store-misses                                             (16.51%)
S0       16           13001068 iTLB-loads                                                    (16.27%)
S0       16            5401965 iTLB-load-misses          #  516.73% of all iTLB cache hits   (15.96%)
S0       16       252390485141 branch-loads                                                  (15.94%)
S0       16        20657021049 branch-load-misses                                            (16.40%)
S1       16         2730095289 cache-misses                                                  (17.36%)
S1       16      1578292927915 cycles                    #    0.000 GHz                      (22.20%)
S1       16      1627871836677 instructions              #    0.00  insns per cycle          (26.41%)
S1       16              66286 cs                                                            (100.00%)
S1       16                203 migrations                                                    (100.00%)
S1       16             215307 faults                                                      
S1       16        63321941029 bus-cycles                                                    (25.88%)
S1       16      2287268941444 idle-cycles-frontend      #    0.00% frontend cycles idle     (26.09%)
S1       16      2081975997148 idle-cycles-backend       #    0.00% backend  cycles idle     (25.97%)
S1       16       497218391362 L1-dcache-loads                                               (25.60%)
S1       16        10079784494 L1-dcache-load-misses                                         (17.61%)
S1       16       121183101747 L1-dcache-stores                                              (18.10%)
S1       16         5327245497 L1-dcache-store-misses                                        (17.62%)
S1       16         4447213594 L1-dcache-prefetch-misses                                     (17.85%)
S1       16         1334593004 L1-icache-load-misses                                         (17.64%)
S1       16         5526994018 LLC-loads                                                     (18.01%)
S1       16         1292846314 LLC-stores                                                    (17.30%)
S1       16         3589142905 LLC-prefetches                                                (9.65%)
S1       16       508265445342 dTLB-loads                                                    (13.47%)
S1       16          910016055 dTLB-load-misses                                              (16.68%)
S1       16       128587010350 dTLB-stores                                                   (16.71%)
S1       16           28725286 dTLB-store-misses                                             (17.19%)
S1       16           40689724 iTLB-loads                                                    (16.95%)
S1       16           12167312 iTLB-load-misses                                              (17.47%)
S1       16       215418909776 branch-loads                                                  (17.54%)
S1       16        17722993140 branch-load-misses                                            (17.41%)
S2       16         2443415158 cache-misses                                                  (16.55%)
S2       16      1611100890467 cycles                    #    0.000 GHz                      (21.28%)
S2       16      1663435799425 instructions              #    0.00  insns per cycle          (26.39%)
S2       16              30375 cs                                                            (100.00%)
S2       16                169 migrations                                                    (100.00%)
S2       16             201472 faults                                                      
S2       16        62962475446 bus-cycles                                                    (25.95%)
S2       16      2288988969365 idle-cycles-frontend      #    0.00% frontend cycles idle     (26.07%)
S2       16      2015919239955 idle-cycles-backend       #    0.00% backend  cycles idle     (26.14%)
S2       16       473768902067 L1-dcache-loads                                               (26.46%)
S2       16         8686538844 L1-dcache-load-misses                                         (17.11%)
S2       16       114690935540 L1-dcache-stores                                              (17.86%)
S2       16         4812546416 L1-dcache-store-misses                                        (17.36%)
S2       16         4199799039 L1-dcache-prefetch-misses                                     (17.12%)
S2       16          967355591 L1-icache-load-misses                                         (16.85%)
S2       16         4948097726 LLC-loads                                                     (17.76%)
S2       16          833352271 LLC-stores                                                    (17.11%)
S2       16         3340258977 LLC-prefetches                                                (9.08%)
S2       16       485089213688 dTLB-loads                                                    (13.65%)
S2       16          674044439 dTLB-load-misses                                              (17.67%)
S2       16       115243715120 dTLB-stores                                                   (17.54%)
S2       16            6645020 dTLB-store-misses                                             (19.15%)
S2       16            4077184 iTLB-loads                                                    (17.66%)
S2       16            3051172 iTLB-load-misses                                              (17.33%)
S2       16       219627009685 branch-loads                                                  (16.80%)
S2       16        18951880131 branch-load-misses                                            (16.80%)
S3       16         2600434610 cache-misses                                                  (16.58%)
S3       16      1621028381079 cycles                    #    0.000 GHz                      (21.30%)
S3       16      1683674863365 instructions              #    0.00  insns per cycle          (25.67%)
S3       16              51205 cs                                                            (100.00%)
S3       16                662 migrations                                                    (100.00%)
S3       16             212856 faults                                                      
S3       16        64186389723 bus-cycles                                                    (25.11%)
S3       16      2278751280002 idle-cycles-frontend      #    0.00% frontend cycles idle     (25.31%)
S3       16      2121386470198 idle-cycles-backend       #    0.00% backend  cycles idle     (25.60%)
S3       16       480005790128 L1-dcache-loads                                               (25.35%)
S3       16         9071313281 L1-dcache-load-misses                                         (17.30%)
S3       16       116903395228 L1-dcache-stores                                              (16.95%)
S3       16         4965516387 L1-dcache-store-misses                                        (17.27%)
S3       16         4334514060 L1-dcache-prefetch-misses                                     (17.30%)
S3       16         1017013534 L1-icache-load-misses                                         (17.44%)
S3       16         5064885703 LLC-loads                                                     (17.63%)
S3       16          824171313 LLC-stores                                                    (17.90%)
S3       16         3199862509 LLC-prefetches                                                (9.80%)
S3       16       465884445332 dTLB-loads                                                    (14.36%)
S3       16          696377081 dTLB-load-misses                                              (17.83%)
S3       16       113160163055 dTLB-stores                                                   (17.74%)
S3       16           13770249 dTLB-store-misses                                             (17.45%)
S3       16            9138955 iTLB-loads                                                    (18.00%)
S3       16            7081022 iTLB-load-misses                                              (18.05%)
S3       16       230081859558 branch-loads                                                  (17.57%)
S3       16        19165430361 branch-load-misses                                            (17.37%)

     232.547369159 seconds time elapsed

#################################################################
# Test multi-threading - 32 threads - T4 
#################################################################
2595716.SNAP-Localalloc.penguin.t32
Welcome to SNAP version 1.0beta.23.

Loading index from directory... 95s.  3137208264 bases, seed size 20
Aligning.
Total Reads    Aligned, MAPQ >= 10    Aligned, MAPQ < 10     Unaligned              Too Short/Too Many Ns     Reads/s   Time in Aligner (s)
11,945,249     11,307,498 (94.66%)    476,673 (3.99%)        161,078 (1.35%)        0 (0.00%)                 125,792   95

 Performance counter stats for 'numactl --localalloc --physcpubind=0,4,8,12,16,20,24,28,32,36,40,44,48,52,56,60,1,5,9,13,17,21,25,29,33,37,41,45,49,53,57,61 ./snap-aligner single /tmp/data/indexes/HG_index_snap /tmp/data/datasets/gcat_set_039_1.fastq -t 32 -o /scratch/077-hpca4se-bioinf/jlenis/results/SNAP-Localalloc/2595716.SNAP-Localalloc.penguin.t32.sam':

S0       16         3713677754 cache-misses                                                  (15.70%)
S0       16      2090901306109 cycles                    #    0.000 GHz                      (20.56%)
S0       16      2022581971501 instructions              #   17.99  insns per cycle        
                                             #    0.08  stalled cycles per insn  (24.29%)
S0       16              44950 cs                                                            (100.00%)
S0       16                434 migrations                                                    (100.00%)
S0       16             210121 faults                                                      
S0       16        89063261791 bus-cycles                                                    (24.97%)
S0       16      2890881919508 idle-cycles-frontend      #  2570.75% frontend cycles idle     (25.41%)
S0       16      2533840409174 idle-cycles-backend       #  2253.25% backend  cycles idle     (25.81%)
S0       16       518937637063 L1-dcache-loads                                               (26.67%)
S0       16        14250470270 L1-dcache-load-misses     #   46.26% of all L1-dcache hits    (18.76%)
S0       16       154158493487 L1-dcache-stores                                              (19.23%)
S0       16         7546010262 L1-dcache-store-misses                                        (19.02%)
S0       16         5426400576 L1-dcache-prefetch-misses                                     (18.48%)
S0       16         1311081883 L1-icache-load-misses                                         (17.54%)
S0       16         7356550779 LLC-loads                                                     (17.57%)
S0       16         2491500461 LLC-stores                                                    (16.86%)
S0       16         3501097129 LLC-prefetches                                                (9.07%)
S0       16       508684403311 dTLB-loads                                                    (13.71%)
S0       16         1862823800 dTLB-load-misses          #    5.70% of all dTLB cache hits   (17.42%)
S0       16       151043959260 dTLB-stores                                                   (17.73%)
S0       16          111049026 dTLB-store-misses                                             (17.93%)
S0       16           19838862 iTLB-loads                                                    (17.22%)
S0       16            5919693 iTLB-load-misses          #  540.05% of all iTLB cache hits   (16.42%)
S0       16       276809191270 branch-loads                                                  (16.28%)
S0       16        18975979038 branch-load-misses                                            (16.33%)
S1       16         3033083194 cache-misses                                                  (17.05%)
S1       16      1670158692321 cycles                    #    0.000 GHz                      (21.91%)
S1       16      1766584947880 instructions              #    0.00  insns per cycle          (26.02%)
S1       16              43784 cs                                                            (100.00%)
S1       16                218 migrations                                                    (100.00%)
S1       16             227261 faults                                                      
S1       16        73768783792 bus-cycles                                                    (26.58%)
S1       16      2355348871404 idle-cycles-frontend      #    0.00% frontend cycles idle     (26.42%)
S1       16      2163372031753 idle-cycles-backend       #    0.00% backend  cycles idle     (26.90%)
S1       16       507373105792 L1-dcache-loads                                               (26.82%)
S1       16         9643573484 L1-dcache-load-misses                                         (18.23%)
S1       16       121247191476 L1-dcache-stores                                              (18.37%)
S1       16         5282207586 L1-dcache-store-misses                                        (17.68%)
S1       16         4572188232 L1-dcache-prefetch-misses                                     (17.76%)
S1       16         1346299852 L1-icache-load-misses                                         (17.17%)
S1       16         5836608252 LLC-loads                                                     (16.88%)
S1       16         1049333004 LLC-stores                                                    (16.88%)
S1       16         3674761137 LLC-prefetches                                                (9.21%)
S1       16       541009569282 dTLB-loads                                                    (13.65%)
S1       16          975533755 dTLB-load-misses                                              (17.62%)
S1       16       127670886864 dTLB-stores                                                   (17.33%)
S1       16           35720455 dTLB-store-misses                                             (17.17%)
S1       16           21387035 iTLB-loads                                                    (17.04%)
S1       16           10426323 iTLB-load-misses                                              (16.97%)
S1       16       248223812355 branch-loads                                                  (16.56%)
S1       16        20119923745 branch-load-misses                                            (16.67%)
S2       16         3111521322 cache-misses                                                  (16.48%)
S2       16      1721349839811 cycles                    #    0.000 GHz                      (21.30%)
S2       16      1712563206805 instructions              #    0.00  insns per cycle          (26.40%)
S2       16              31260 cs                                                            (100.00%)
S2       16                243 migrations                                                    (100.00%)
S2       16             216569 faults                                                      
S2       16        71990688647 bus-cycles                                                    (27.15%)
S2       16      2332441104560 idle-cycles-frontend      #    0.00% frontend cycles idle     (28.16%)
S2       16      2132894831075 idle-cycles-backend       #    0.00% backend  cycles idle     (28.75%)
S2       16       442425408404 L1-dcache-loads                                               (29.31%)
S2       16         8474382915 L1-dcache-load-misses                                         (19.13%)
S2       16       112660778522 L1-dcache-stores                                              (18.77%)
S2       16         5037445916 L1-dcache-store-misses                                        (18.18%)
S2       16         4358515782 L1-dcache-prefetch-misses                                     (17.50%)
S2       16         1175136189 L1-icache-load-misses                                         (17.32%)
S2       16         5361100067 LLC-loads                                                     (17.16%)
S2       16          960438458 LLC-stores                                                    (16.91%)
S2       16         3576667831 LLC-prefetches                                                (8.22%)
S2       16       537673572033 dTLB-loads                                                    (12.07%)
S2       16          949277406 dTLB-load-misses                                              (16.24%)
S2       16       132399919317 dTLB-stores                                                   (15.83%)
S2       16           30713698 dTLB-store-misses                                             (15.58%)
S2       16            9827021 iTLB-loads                                                    (15.89%)
S2       16            4130686 iTLB-load-misses                                              (15.86%)
S2       16       257033223593 branch-loads                                                  (16.07%)
S2       16        20907397639 branch-load-misses                                            (16.52%)
S3       16         2858091652 cache-misses                                                  (16.89%)
S3       16      1714561570857 cycles                    #    0.000 GHz                      (21.24%)
S3       16      1715516468217 instructions              #    0.00  insns per cycle          (25.38%)
S3       16              47945 cs                                                            (100.00%)
S3       16                474 migrations                                                    (100.00%)
S3       16             219261 faults                                                      
S3       16        75913170393 bus-cycles                                                    (25.11%)
S3       16      2399818878368 idle-cycles-frontend      #    0.00% frontend cycles idle     (25.47%)
S3       16      2211825260834 idle-cycles-backend       #    0.00% backend  cycles idle     (25.63%)
S3       16       502835393740 L1-dcache-loads                                               (25.00%)
S3       16         9453326225 L1-dcache-load-misses                                         (17.28%)
S3       16       119486446069 L1-dcache-stores                                              (17.28%)
S3       16         4998705869 L1-dcache-store-misses                                        (17.09%)
S3       16         4150417002 L1-dcache-prefetch-misses                                     (17.83%)
S3       16         1029630226 L1-icache-load-misses                                         (18.47%)
S3       16         5011181683 LLC-loads                                                     (18.77%)
S3       16          896076933 LLC-stores                                                    (18.68%)
S3       16         3447276321 LLC-prefetches                                                (8.50%)
S3       16       503084465307 dTLB-loads                                                    (13.08%)
S3       16          822051748 dTLB-load-misses                                              (17.16%)
S3       16       121000522773 dTLB-stores                                                   (17.39%)
S3       16           25526117 dTLB-store-misses                                             (17.66%)
S3       16           19099852 iTLB-loads                                                    (17.40%)
S3       16            6399589 iTLB-load-misses                                              (17.47%)
S3       16       229088544400 branch-loads                                                  (16.87%)
S3       16        19420524688 branch-load-misses                                            (16.87%)

     190.811096381 seconds time elapsed

#################################################################
# Test multi-threading - 48 threads - T5
#################################################################
2595716.SNAP-Localalloc.penguin.t48
Welcome to SNAP version 1.0beta.23.

Loading index from directory... 66s.  3137208264 bases, seed size 20
Aligning.
Total Reads    Aligned, MAPQ >= 10    Aligned, MAPQ < 10     Unaligned              Too Short/Too Many Ns     Reads/s   Time in Aligner (s)
11,945,249     11,307,498 (94.66%)    476,673 (3.99%)        161,078 (1.35%)        0 (0.00%)                 160,668   74

 Performance counter stats for 'numactl --localalloc --physcpubind=0,4,8,12,16,20,24,28,32,36,40,44,48,52,56,60,1,5,9,13,17,21,25,29,33,37,41,45,49,53,57,61,2,6,10,14,18,22,26,30,34,38,42,46,50,54,58,62 ./snap-aligner single /tmp/data/indexes/HG_index_snap /tmp/data/datasets/gcat_set_039_1.fastq -t 48 -o /scratch/077-hpca4se-bioinf/jlenis/results/SNAP-Localalloc/2595716.SNAP-Localalloc.penguin.t48.sam':

S0       16         3800458399 cache-misses                                                  (16.79%)
S0       16      2101200386629 cycles                    #    0.000 GHz                      (21.28%)
S0       16      1753106498938 instructions              #   13.78  insns per cycle        
                                             #    0.07  stalled cycles per insn  (26.20%)
S0       16             198436 cs                                                            (100.00%)
S0       16                322 migrations                                                    (100.00%)
S0       16             222253 faults                                                      
S0       16        89014461147 bus-cycles                                                    (26.43%)
S0       16      1805721070749 idle-cycles-frontend      #  1419.00% frontend cycles idle     (27.46%)
S0       16      1337373999279 idle-cycles-backend       #  1050.96% backend  cycles idle     (27.90%)
S0       16       472005448875 L1-dcache-loads                                               (27.22%)
S0       16        10452525620 L1-dcache-load-misses     #   35.71% of all L1-dcache hits    (18.18%)
S0       16       120857297442 L1-dcache-stores                                              (18.23%)
S0       16         5919462690 L1-dcache-store-misses                                        (18.14%)
S0       16         4127204244 L1-dcache-prefetch-misses                                     (18.81%)
S0       16         1757390350 L1-icache-load-misses                                         (17.87%)
S0       16         6208485134 LLC-loads                                                     (17.67%)
S0       16         1965709439 LLC-stores                                                    (17.56%)
S0       16         4251464908 LLC-prefetches                                                (8.42%)
S0       16       548713260311 dTLB-loads                                                    (12.55%)
S0       16         1377768768 dTLB-load-misses          #    4.22% of all dTLB cache hits   (16.73%)
S0       16       139930189550 dTLB-stores                                                   (16.52%)
S0       16           99900682 dTLB-store-misses                                             (16.45%)
S0       16          313175124 iTLB-loads                                                    (16.36%)
S0       16          144081916 iTLB-load-misses          #  721.65% of all iTLB cache hits   (16.40%)
S0       16       261209360559 branch-loads                                                  (15.83%)
S0       16        22007732597 branch-load-misses                                            (15.97%)
S1       16         3766769967 cache-misses                                                  (17.01%)
S1       16      2089886398813 cycles                    #    0.000 GHz                      (21.72%)
S1       16      1686325548876 instructions              #    0.00  insns per cycle          (26.55%)
S1       16              49008 cs                                                            (100.00%)
S1       16                158 migrations                                                    (100.00%)
S1       16             218775 faults                                                      
S1       16        83851760601 bus-cycles                                                    (27.33%)
S1       16      1899815859785 idle-cycles-frontend      #    0.00% frontend cycles idle     (27.73%)
S1       16      1499662075986 idle-cycles-backend       #    0.00% backend  cycles idle     (27.85%)
S1       16       466185566426 L1-dcache-loads                                               (27.76%)
S1       16        10195548084 L1-dcache-load-misses                                         (18.27%)
S1       16       122169266597 L1-dcache-stores                                              (17.46%)
S1       16         5892352843 L1-dcache-store-misses                                        (17.59%)
S1       16         4450976425 L1-dcache-prefetch-misses                                     (17.51%)
S1       16         1284997520 L1-icache-load-misses                                         (17.40%)
S1       16         6134299555 LLC-loads                                                     (17.45%)
S1       16         1707746157 LLC-stores                                                    (17.53%)
S1       16         4069603335 LLC-prefetches                                                (8.20%)
S1       16       523659219551 dTLB-loads                                                    (12.74%)
S1       16          918660411 dTLB-load-misses                                              (16.84%)
S1       16       130694974425 dTLB-stores                                                   (16.56%)
S1       16           24283676 dTLB-store-misses                                             (16.89%)
S1       16          371511715 iTLB-loads                                                    (16.32%)
S1       16           94200976 iTLB-load-misses                                              (16.10%)
S1       16       245284697533 branch-loads                                                  (16.45%)
S1       16        21326764989 branch-load-misses                                            (16.34%)
S2       16         3238890048 cache-misses                                                  (17.43%)
S2       16      1997440800397 cycles                    #    0.000 GHz                      (22.32%)
S2       16      1667196965063 instructions              #    0.00  insns per cycle          (26.82%)
S2       16              31012 cs                                                            (100.00%)
S2       16                186 migrations                                                    (100.00%)
S2       16             203296 faults                                                      
S2       16        84720646198 bus-cycles                                                    (27.08%)
S2       16      1878780306425 idle-cycles-frontend      #    0.00% frontend cycles idle     (27.26%)
S2       16      1433112975032 idle-cycles-backend       #    0.00% backend  cycles idle     (27.34%)
S2       16       463304436066 L1-dcache-loads                                               (27.40%)
S2       16         9801737585 L1-dcache-load-misses                                         (17.59%)
S2       16       115638355174 L1-dcache-stores                                              (17.86%)
S2       16         5202305165 L1-dcache-store-misses                                        (17.60%)
S2       16         3873776848 L1-dcache-prefetch-misses                                     (17.35%)
S2       16         1071082985 L1-icache-load-misses                                         (17.13%)
S2       16         5755161149 LLC-loads                                                     (16.85%)
S2       16         1220218111 LLC-stores                                                    (16.99%)
S2       16         3563100081 LLC-prefetches                                                (8.98%)
S2       16       497005481466 dTLB-loads                                                    (12.75%)
S2       16          755300131 dTLB-load-misses                                              (16.71%)
S2       16       117728435111 dTLB-stores                                                   (16.78%)
S2       16           38125562 dTLB-store-misses                                             (16.80%)
S2       16          345743055 iTLB-loads                                                    (17.00%)
S2       16           70733886 iTLB-load-misses                                              (17.34%)
S2       16       233524042923 branch-loads                                                  (16.83%)
S2       16        19926173148 branch-load-misses                                            (17.00%)
S3       16         3181565815 cache-misses                                                  (17.08%)
S3       16      1955674067987 cycles                    #    0.000 GHz                      (21.51%)
S3       16      1639319450568 instructions              #    0.00  insns per cycle          (25.78%)
S3       16              43419 cs                                                            (100.00%)
S3       16                227 migrations                                                    (100.00%)
S3       16             211380 faults                                                      
S3       16        83825696108 bus-cycles                                                    (26.52%)
S3       16      1843613777094 idle-cycles-frontend      #    0.00% frontend cycles idle     (27.15%)
S3       16      1467074095794 idle-cycles-backend       #    0.00% backend  cycles idle     (27.05%)
S3       16       471847967146 L1-dcache-loads                                               (26.70%)
S3       16         9417828221 L1-dcache-load-misses                                         (17.90%)
S3       16       117466060645 L1-dcache-stores                                              (17.33%)
S3       16         5225928631 L1-dcache-store-misses                                        (17.67%)
S3       16         3957755891 L1-dcache-prefetch-misses                                     (17.67%)
S3       16         1133799443 L1-icache-load-misses                                         (17.19%)
S3       16         5695078937 LLC-loads                                                     (17.27%)
S3       16         1217451658 LLC-stores                                                    (16.89%)
S3       16         3850493794 LLC-prefetches                                                (8.47%)
S3       16       518197496207 dTLB-loads                                                    (12.80%)
S3       16          819825311 dTLB-load-misses                                              (16.95%)
S3       16       120907835412 dTLB-stores                                                   (16.97%)
S3       16           66453476 dTLB-store-misses                                             (16.92%)
S3       16          247375905 iTLB-loads                                                    (17.26%)
S3       16          147970456 iTLB-load-misses                                              (17.29%)
S3       16       218584190172 branch-loads                                                  (17.18%)
S3       16        18605939684 branch-load-misses                                            (17.18%)

     140.924350132 seconds time elapsed

#################################################################
# Test multi-threading - 64 threads - T6
#################################################################
2595716.SNAP-Localalloc.penguin.t64
Welcome to SNAP version 1.0beta.23.

Loading index from directory... 57s.  3137208264 bases, seed size 20
Aligning.
Total Reads    Aligned, MAPQ >= 10    Aligned, MAPQ < 10     Unaligned              Too Short/Too Many Ns     Reads/s   Time in Aligner (s)
11,945,249     11,307,498 (94.66%)    476,673 (3.99%)        161,078 (1.35%)        0 (0.00%)                 170,946   70

 Performance counter stats for 'numactl --localalloc --physcpubind=0-63 ./snap-aligner single /tmp/data/indexes/HG_index_snap /tmp/data/datasets/gcat_set_039_1.fastq -t 64 -o /scratch/077-hpca4se-bioinf/jlenis/results/SNAP-Localalloc/2595716.SNAP-Localalloc.penguin.t64.sam':

S0       16         4140569299 cache-misses                                                  (15.93%)
S0       16      2377884272778 cycles                    #    0.000 GHz                      (20.43%)
S0       16      1802166644666 instructions              #   12.33  insns per cycle        
                                             #    0.06  stalled cycles per insn  (25.00%)
S0       16              60152 cs                                                            (100.00%)
S0       16                250 migrations                                                    (100.00%)
S0       16             219093 faults                                                      
S0       16       102905169605 bus-cycles                                                    (25.80%)
S0       16      1504820295715 idle-cycles-frontend      #  1029.58% frontend cycles idle     (26.66%)
S0       16       901507235953 idle-cycles-backend       #  616.80% backend  cycles idle     (27.99%)
S0       16       464738655442 L1-dcache-loads                                               (28.50%)
S0       16         9784799042 L1-dcache-load-misses     #   33.39% of all L1-dcache hits    (20.20%)
S0       16       107805802024 L1-dcache-stores                                              (20.00%)
S0       16         5458079531 L1-dcache-store-misses                                        (18.82%)
S0       16         3842145100 L1-dcache-prefetch-misses                                     (18.08%)
S0       16         1764522613 L1-icache-load-misses                                         (17.43%)
S0       16         6449756590 LLC-loads                                                     (17.28%)
S0       16         1747919366 LLC-stores                                                    (17.68%)
S0       16         4519723553 LLC-prefetches                                                (8.56%)
S0       16       543256543754 dTLB-loads                                                    (12.78%)
S0       16         1227623578 dTLB-load-misses          #    3.63% of all dTLB cache hits   (16.60%)
S0       16       138978669922 dTLB-stores                                                   (15.86%)
S0       16           79840959 dTLB-store-misses                                             (16.26%)
S0       16          799518013 iTLB-loads                                                    (16.12%)
S0       16          120479675 iTLB-load-misses          #  275.26% of all iTLB cache hits   (16.18%)
S0       16       252891043571 branch-loads                                                  (15.85%)
S0       16        22448375551 branch-load-misses                                            (15.17%)
S1       16         4089070451 cache-misses                                                  (16.42%)
S1       16      2437936002989 cycles                    #    0.000 GHz                      (21.01%)
S1       16      1793663714734 instructions              #    0.00  insns per cycle          (25.56%)
S1       16              56245 cs                                                            (100.00%)
S1       16                194 migrations                                                    (100.00%)
S1       16             214940 faults                                                      
S1       16       104559716283 bus-cycles                                                    (26.34%)
S1       16      1708768951138 idle-cycles-frontend      #    0.00% frontend cycles idle     (27.13%)
S1       16      1117065867569 idle-cycles-backend       #    0.00% backend  cycles idle     (28.03%)
S1       16       482805230948 L1-dcache-loads                                               (28.23%)
S1       16        11661450080 L1-dcache-load-misses                                         (18.70%)
S1       16       127328464230 L1-dcache-stores                                              (18.89%)
S1       16         5912373907 L1-dcache-store-misses                                        (18.89%)
S1       16         4288140933 L1-dcache-prefetch-misses                                     (18.63%)
S1       16         1353682753 L1-icache-load-misses                                         (18.15%)
S1       16         7157960930 LLC-loads                                                     (17.18%)
S1       16         2100788570 LLC-stores                                                    (16.72%)
S1       16         4382473123 LLC-prefetches                                                (8.38%)
S1       16       544540545669 dTLB-loads                                                    (12.44%)
S1       16         1428310551 dTLB-load-misses                                              (16.50%)
S1       16       146388475437 dTLB-stores                                                   (16.18%)
S1       16           60048884 dTLB-store-misses                                             (16.38%)
S1       16          630570649 iTLB-loads                                                    (16.30%)
S1       16          123403272 iTLB-load-misses                                              (16.34%)
S1       16       252476500952 branch-loads                                                  (16.21%)
S1       16        20576104372 branch-load-misses                                            (15.96%)
S2       16         3882835149 cache-misses                                                  (17.04%)
S2       16      2320606075515 cycles                    #    0.000 GHz                      (21.75%)
S2       16      1695152754460 instructions              #    0.00  insns per cycle          (26.37%)
S2       16              41763 cs                                                            (100.00%)
S2       16                137 migrations                                                    (100.00%)
S2       16             218806 faults                                                      
S2       16       101717577118 bus-cycles                                                    (26.98%)
S2       16      1641638738542 idle-cycles-frontend      #    0.00% frontend cycles idle     (27.43%)
S2       16      1049024953325 idle-cycles-backend       #    0.00% backend  cycles idle     (28.26%)
S2       16       453166951058 L1-dcache-loads                                               (28.72%)
S2       16         9839545413 L1-dcache-load-misses                                         (19.17%)
S2       16       113739171319 L1-dcache-stores                                              (18.84%)
S2       16         5690848535 L1-dcache-store-misses                                        (18.32%)
S2       16         3966944154 L1-dcache-prefetch-misses                                     (17.70%)
S2       16         1192458278 L1-icache-load-misses                                         (17.62%)
S2       16         6430735356 LLC-loads                                                     (17.40%)
S2       16         1935503675 LLC-stores                                                    (16.93%)
S2       16         4618323509 LLC-prefetches                                                (7.96%)
S2       16       567926358071 dTLB-loads                                                    (11.80%)
S2       16          943553433 dTLB-load-misses                                              (15.55%)
S2       16       135804152930 dTLB-stores                                                   (15.54%)
S2       16           18453821 dTLB-store-misses                                             (15.64%)
S2       16          749695548 iTLB-loads                                                    (16.05%)
S2       16           82245526 iTLB-load-misses                                              (16.45%)
S2       16       229062211278 branch-loads                                                  (16.88%)
S2       16        20074314171 branch-load-misses                                            (16.86%)
S3       16         3453901235 cache-misses                                                  (17.45%)
S3       16      2217734778704 cycles                    #    0.000 GHz                      (22.07%)
S3       16      1617569078581 instructions              #    0.00  insns per cycle          (26.84%)
S3       16              47418 cs                                                            (100.00%)
S3       16                325 migrations                                                    (100.00%)
S3       16             216480 faults                                                      
S3       16        98700191056 bus-cycles                                                    (26.81%)
S3       16      1547939820347 idle-cycles-frontend      #    0.00% frontend cycles idle     (27.19%)
S3       16      1017675537629 idle-cycles-backend       #    0.00% backend  cycles idle     (27.03%)
S3       16       474547232646 L1-dcache-loads                                               (27.21%)
S3       16        10142836488 L1-dcache-load-misses                                         (17.73%)
S3       16       119838648077 L1-dcache-stores                                              (17.31%)
S3       16         5434186983 L1-dcache-store-misses                                        (17.69%)
S3       16         3732073123 L1-dcache-prefetch-misses                                     (17.30%)
S3       16         1186524110 L1-icache-load-misses                                         (17.28%)
S3       16         6183027104 LLC-loads                                                     (17.07%)
S3       16         1489141836 LLC-stores                                                    (16.97%)
S3       16         3990916977 LLC-prefetches                                                (8.72%)
S3       16       510589520397 dTLB-loads                                                    (12.79%)
S3       16          853742479 dTLB-load-misses                                              (17.16%)
S3       16       122424102661 dTLB-stores                                                   (16.97%)
S3       16           65718232 dTLB-store-misses                                             (16.86%)
S3       16          621412015 iTLB-loads                                                    (16.85%)
S3       16           81444750 iTLB-load-misses                                              (16.94%)
S3       16       223806192143 branch-loads                                                  (17.13%)
S3       16        19469637584 branch-load-misses                                            (17.24%)

     127.328364992 seconds time elapsed

#################################################################
#################################################################
