mkdir: cannot create directory `/scratch/077-hpca4se-bioinf/jlenis/results/BOWTIE2-Localalloc': File exists
> Benchmarks for Bowtie2 2.2.9: NIST7086_CGTACTAG_L002_R2_001
penguin
#################################################################
# Warm up - 64 threads - T1
#################################################################
WarmUp.2592971.BOWTIE2-Localalloc.penguin.t64
21535062 reads; of these:
  21535062 (100.00%) were unpaired; of these:
    970429 (4.51%) aligned 0 times
    14935119 (69.35%) aligned exactly 1 time
    5629514 (26.14%) aligned >1 times
95.49% overall alignment rate
#################################################################
# Test multi-threading - 8 threads - T2
#################################################################
2592971.BOWTIE2-Localalloc.penguin.t8
21535062 reads; of these:
  21535062 (100.00%) were unpaired; of these:
    970429 (4.51%) aligned 0 times
    14935119 (69.35%) aligned exactly 1 time
    5629514 (26.14%) aligned >1 times
95.49% overall alignment rate

 Performance counter stats for 'numactl --localalloc --physcpubind=0,4,8,12,16,20,24,28 ./bowtie2 -p 8 -x /tmp/data/indexes/HG_index_bowtie2/bowtie2_index /tmp/data/datasets/NIST7086_CGTACTAG_L002_R2_001.fastq -S /scratch/077-hpca4se-bioinf/jlenis/results/BOWTIE2-Localalloc/2592971.BOWTIE2-Localalloc.penguin.t8.sam':

S0       16     19,418,719,345 cache-misses                                                  (17.07%)
S0       16  9,918,288,593,968 cycles                    #    0.000 GHz                      (21.39%)
S0       16 15,086,704,365,740 instructions              #   95.98  insns per cycle        
                                             #    0.02  stalled cycles per insn  (25.65%)
S0       16            163,387 cs                                                            (100.00%)
S0       16              1,779 migrations                                                    (100.00%)
S0       16             44,301 faults                                                      
S0       16    571,753,713,407 bus-cycles                                                    (25.48%)
S0       16 14,342,751,539,823 idle-cycles-frontend      #  9125.00% frontend cycles idle     (25.72%)
S0       16 12,970,698,841,350 idle-cycles-backend       #  8252.09% backend  cycles idle     (25.81%)
S0       16  4,037,139,172,073 L1-dcache-loads                                               (25.93%)
S0       16    168,790,079,426 L1-dcache-load-misses     #  266.00% of all L1-dcache hits    (17.53%)
S0       16  2,041,653,010,742 L1-dcache-stores                                              (17.54%)
S0       16     99,427,142,260 L1-dcache-store-misses                                        (17.56%)
S0       16     77,490,729,906 L1-dcache-prefetch-misses                                     (17.50%)
S0       16     51,880,142,208 L1-icache-load-misses                                         (17.43%)
S0       16     42,068,544,074 LLC-loads                                                     (17.55%)
S0       16     27,355,222,824 LLC-stores                                                    (17.56%)
S0       16     36,119,533,631 LLC-prefetches                                                (9.20%)
S0       16  4,030,770,330,575 dTLB-loads                                                    (13.62%)
S0       16     15,720,704,624 dTLB-load-misses          #   24.80% of all dTLB cache hits   (17.80%)
S0       16  2,044,305,596,035 dTLB-stores                                                   (17.59%)
S0       16        744,160,629 dTLB-store-misses                                             (17.51%)
S0       16      1,485,336,327 iTLB-loads                                                    (17.32%)
S0       16        446,017,038 iTLB-load-misses          #  1902.84% of all iTLB cache hits   (17.27%)
S0       16  1,688,286,431,614 branch-loads                                                  (17.15%)
S0       16     65,330,778,255 branch-load-misses                                            (17.09%)
S1       16         94,235,039 cache-misses                                                  (16.96%)
S1       16     38,673,134,848 cycles                    #    0.000 GHz                      (21.28%)
S1       16     16,584,696,705 instructions              #    0.00  insns per cycle          (25.82%)
S1       16            126,764 cs                                                            (100.00%)
S1       16                835 migrations                                                    (100.00%)
S1       16             43,399 faults                                                      
S1       16      3,253,284,298 bus-cycles                                                    (25.85%)
S1       16     62,611,476,947 idle-cycles-frontend      #    0.00% frontend cycles idle     (25.25%)
S1       16     57,984,399,037 idle-cycles-backend       #    0.00% backend  cycles idle     (24.85%)
S1       16      4,900,950,316 L1-dcache-loads                                               (25.13%)
S1       16        356,159,527 L1-dcache-load-misses                                         (17.95%)
S1       16      3,023,873,804 L1-dcache-stores                                              (17.89%)
S1       16         94,590,797 L1-dcache-store-misses                                        (17.44%)
S1       16        234,958,269 L1-dcache-prefetch-misses                                     (18.10%)
S1       16        296,491,096 L1-icache-load-misses                                         (17.82%)
S1       16        541,257,287 LLC-loads                                                     (18.02%)
S1       16         43,079,359 LLC-stores                                                    (18.95%)
S1       16         94,113,054 LLC-prefetches                                                (9.78%)
S1       16      4,930,147,618 dTLB-loads                                                    (13.52%)
S1       16        117,708,922 dTLB-load-misses                                              (17.25%)
S1       16      3,302,412,568 dTLB-stores                                                   (17.25%)
S1       16         14,409,314 dTLB-store-misses                                             (17.18%)
S1       16          6,703,766 iTLB-loads                                                    (17.16%)
S1       16          6,367,000 iTLB-load-misses                                              (17.22%)
S1       16      3,182,091,160 branch-loads                                                  (17.26%)
S1       16         79,184,333 branch-load-misses                                            (17.15%)
S2       16         59,215,798 cache-misses                                                  (17.13%)
S2       16     37,994,777,430 cycles                    #    0.000 GHz                      (21.85%)
S2       16     20,761,982,303 instructions              #    0.00  insns per cycle          (25.72%)
S2       16             67,356 cs                                                            (100.00%)
S2       16                827 migrations                                                    (100.00%)
S2       16             47,355 faults                                                      
S2       16      2,859,832,269 bus-cycles                                                    (25.76%)
S2       16     56,799,770,888 idle-cycles-frontend      #    0.00% frontend cycles idle     (25.42%)
S2       16     52,704,972,391 idle-cycles-backend       #    0.00% backend  cycles idle     (25.08%)
S2       16      5,593,481,816 L1-dcache-loads                                               (24.98%)
S2       16        414,485,134 L1-dcache-load-misses                                         (17.88%)
S2       16      3,730,105,747 L1-dcache-stores                                              (17.89%)
S2       16         68,872,661 L1-dcache-store-misses                                        (17.21%)
S2       16         95,450,890 L1-dcache-prefetch-misses                                     (17.56%)
S2       16        153,901,861 L1-icache-load-misses                                         (17.43%)
S2       16        655,928,747 LLC-loads                                                     (17.07%)
S2       16         24,426,791 LLC-stores                                                    (17.79%)
S2       16         26,646,968 LLC-prefetches                                                (9.67%)
S2       16      8,267,533,540 dTLB-loads                                                    (13.96%)
S2       16         56,372,321 dTLB-load-misses                                              (17.83%)
S2       16      4,818,741,790 dTLB-stores                                                   (17.64%)
S2       16          5,410,946 dTLB-store-misses                                             (17.70%)
S2       16          1,892,561 iTLB-loads                                                    (17.90%)
S2       16          3,892,651 iTLB-load-misses                                              (17.75%)
S2       16      4,952,843,514 branch-loads                                                  (17.48%)
S2       16         57,874,615 branch-load-misses                                            (17.30%)
S3       16         83,888,412 cache-misses                                                  (17.27%)
S3       16     64,616,329,946 cycles                    #    0.000 GHz                      (21.69%)
S3       16     46,185,664,238 instructions              #    0.00  insns per cycle          (26.43%)
S3       16             85,216 cs                                                            (100.00%)
S3       16              1,393 migrations                                                    (100.00%)
S3       16             53,012 faults                                                      
S3       16      5,204,255,430 bus-cycles                                                    (26.59%)
S3       16     93,401,969,275 idle-cycles-frontend      #    0.00% frontend cycles idle     (26.51%)
S3       16     91,385,822,561 idle-cycles-backend       #    0.00% backend  cycles idle     (26.73%)
S3       16     13,480,529,023 L1-dcache-loads                                               (26.74%)
S3       16        948,364,861 L1-dcache-load-misses                                         (17.54%)
S3       16      6,582,167,870 L1-dcache-stores                                              (17.58%)
S3       16        133,789,951 L1-dcache-store-misses                                        (17.41%)
S3       16        216,965,278 L1-dcache-prefetch-misses                                     (17.32%)
S3       16        554,645,406 L1-icache-load-misses                                         (17.40%)
S3       16        534,502,876 LLC-loads                                                     (17.19%)
S3       16         36,689,587 LLC-stores                                                    (17.03%)
S3       16        122,341,341 LLC-prefetches                                                (8.42%)
S3       16     12,246,116,644 dTLB-loads                                                    (12.74%)
S3       16        104,027,105 dTLB-load-misses                                              (16.96%)
S3       16      8,063,982,592 dTLB-stores                                                   (17.19%)
S3       16         11,903,025 dTLB-store-misses                                             (17.19%)
S3       16          6,199,580 iTLB-loads                                                    (17.21%)
S3       16         10,952,250 iTLB-load-misses                                              (17.31%)
S3       16      9,057,670,695 branch-loads                                                  (17.45%)
S3       16        177,943,627 branch-load-misses                                            (17.38%)

     721.584537501 seconds time elapsed

#################################################################
# Test multi-threading - 16 threads - T3
#################################################################
2592971.BOWTIE2-Localalloc.penguin.t16
21535062 reads; of these:
  21535062 (100.00%) were unpaired; of these:
    970429 (4.51%) aligned 0 times
    14935119 (69.35%) aligned exactly 1 time
    5629514 (26.14%) aligned >1 times
95.49% overall alignment rate

 Performance counter stats for 'numactl --localalloc --physcpubind=0,4,8,12,16,20,24,28,1,5,9,13,17,21,25,29 ./bowtie2 -p 16 -x /tmp/data/indexes/HG_index_bowtie2/bowtie2_index /tmp/data/datasets/NIST7086_CGTACTAG_L002_R2_001.fastq -S /scratch/077-hpca4se-bioinf/jlenis/results/BOWTIE2-Localalloc/2592971.BOWTIE2-Localalloc.penguin.t16.sam':

S0       16      9,961,174,158 cache-misses                                                  (17.17%)
S0       16  5,738,917,956,436 cycles                    #    0.000 GHz                      (21.73%)
S0       16  7,326,099,628,045 instructions              #   35.42  insns per cycle        
                                             #    0.04  stalled cycles per insn  (26.12%)
S0       16            143,069 cs                                                            (100.00%)
S0       16              1,065 migrations                                                    (100.00%)
S0       16             39,705 faults                                                      
S0       16    321,837,956,360 bus-cycles                                                    (25.92%)
S0       16  8,800,674,260,738 idle-cycles-frontend      #  4255.29% frontend cycles idle     (26.13%)
S0       16  8,125,601,470,636 idle-cycles-backend       #  3928.88% backend  cycles idle     (26.32%)
S0       16  1,968,758,940,401 L1-dcache-loads                                               (26.34%)
S0       16     84,273,697,648 L1-dcache-load-misses     #  133.91% of all L1-dcache hits    (17.52%)
S0       16  1,002,520,230,085 L1-dcache-stores                                              (17.40%)
S0       16     49,066,015,315 L1-dcache-store-misses                                        (17.35%)
S0       16     38,550,908,701 L1-dcache-prefetch-misses                                     (17.59%)
S0       16     25,977,190,936 L1-icache-load-misses                                         (17.78%)
S0       16     21,388,756,934 LLC-loads                                                     (17.96%)
S0       16     13,418,226,656 LLC-stores                                                    (17.73%)
S0       16     17,696,499,684 LLC-prefetches                                                (8.48%)
S0       16  1,984,020,358,830 dTLB-loads                                                    (12.89%)
S0       16      8,015,102,635 dTLB-load-misses          #   12.64% of all dTLB cache hits   (17.26%)
S0       16  1,002,694,997,425 dTLB-stores                                                   (17.42%)
S0       16        583,776,239 dTLB-store-misses                                             (17.25%)
S0       16        730,169,468 iTLB-loads                                                    (17.11%)
S0       16        297,554,811 iTLB-load-misses          #  1454.54% of all iTLB cache hits   (17.10%)
S0       16    828,468,539,835 branch-loads                                                  (16.98%)
S0       16     32,459,814,567 branch-load-misses                                            (17.00%)
S1       16     10,145,683,618 cache-misses                                                  (17.29%)
S1       16  7,421,278,260,633 cycles                    #    0.000 GHz                      (21.74%)
S1       16  7,664,058,850,406 instructions              #    0.00  insns per cycle          (26.00%)
S1       16            191,211 cs                                                            (100.00%)
S1       16                220 migrations                                                    (100.00%)
S1       16             39,975 faults                                                      
S1       16    322,362,815,944 bus-cycles                                                    (26.28%)
S1       16 11,944,733,102,808 idle-cycles-frontend      #    0.00% frontend cycles idle     (26.18%)
S1       16 11,221,335,393,550 idle-cycles-backend       #    0.00% backend  cycles idle     (26.16%)
S1       16  2,046,770,925,253 L1-dcache-loads                                               (25.93%)
S1       16     86,508,382,276 L1-dcache-load-misses                                         (17.18%)
S1       16  1,036,518,209,347 L1-dcache-stores                                              (17.43%)
S1       16     50,558,594,492 L1-dcache-store-misses                                        (17.46%)
S1       16     39,355,325,004 L1-dcache-prefetch-misses                                     (17.47%)
S1       16     26,729,729,378 L1-icache-load-misses                                         (17.48%)
S1       16     22,146,706,162 LLC-loads                                                     (17.43%)
S1       16     13,860,434,204 LLC-stores                                                    (17.47%)
S1       16     18,281,536,166 LLC-prefetches                                                (8.56%)
S1       16  2,062,432,841,019 dTLB-loads                                                    (12.98%)
S1       16      8,532,160,474 dTLB-load-misses                                              (17.41%)
S1       16  1,042,172,222,254 dTLB-stores                                                   (17.31%)
S1       16        687,061,193 dTLB-store-misses                                             (17.47%)
S1       16        573,356,618 iTLB-loads                                                    (17.47%)
S1       16        268,056,060 iTLB-load-misses                                              (17.22%)
S1       16    863,685,941,724 branch-loads                                                  (17.28%)
S1       16     33,571,449,622 branch-load-misses                                            (17.26%)
S2       16         29,991,602 cache-misses                                                  (16.87%)
S2       16     19,015,596,802 cycles                    #    0.000 GHz                      (21.41%)
S2       16      9,408,514,026 instructions              #    0.00  insns per cycle          (25.76%)
S2       16             57,719 cs                                                            (100.00%)
S2       16                496 migrations                                                    (100.00%)
S2       16             33,728 faults                                                      
S2       16      1,557,157,097 bus-cycles                                                    (26.16%)
S2       16     28,361,073,268 idle-cycles-frontend      #    0.00% frontend cycles idle     (25.62%)
S2       16     24,856,220,722 idle-cycles-backend       #    0.00% backend  cycles idle     (25.91%)
S2       16      2,680,535,844 L1-dcache-loads                                               (26.11%)
S2       16        196,002,020 L1-dcache-load-misses                                         (17.66%)
S2       16      1,779,873,540 L1-dcache-stores                                              (17.91%)
S2       16         29,180,057 L1-dcache-store-misses                                        (17.73%)
S2       16         39,284,609 L1-dcache-prefetch-misses                                     (17.70%)
S2       16         95,680,777 L1-icache-load-misses                                         (17.97%)
S2       16        123,791,898 LLC-loads                                                     (17.50%)
S2       16         11,595,650 LLC-stores                                                    (17.58%)
S2       16         26,476,482 LLC-prefetches                                                (9.47%)
S2       16      2,132,548,102 dTLB-loads                                                    (13.19%)
S2       16         44,686,318 dTLB-load-misses                                              (17.36%)
S2       16      1,477,551,398 dTLB-stores                                                   (17.54%)
S2       16          4,938,706 dTLB-store-misses                                             (17.36%)
S2       16          1,077,861 iTLB-loads                                                    (17.24%)
S2       16          2,290,699 iTLB-load-misses                                              (16.96%)
S2       16      2,253,523,891 branch-loads                                                  (16.79%)
S2       16         32,942,931 branch-load-misses                                            (17.05%)
S3       16         65,924,200 cache-misses                                                  (17.37%)
S3       16     57,105,061,118 cycles                    #    0.000 GHz                      (22.14%)
S3       16     31,047,820,663 instructions              #    0.00  insns per cycle          (26.91%)
S3       16             60,407 cs                                                            (100.00%)
S3       16                839 migrations                                                    (100.00%)
S3       16             38,507 faults                                                      
S3       16      3,890,433,856 bus-cycles                                                    (27.31%)
S3       16     73,958,879,961 idle-cycles-frontend      #    0.00% frontend cycles idle     (27.74%)
S3       16     65,634,863,332 idle-cycles-backend       #    0.00% backend  cycles idle     (27.94%)
S3       16      9,498,624,216 L1-dcache-loads                                               (27.64%)
S3       16        685,467,851 L1-dcache-load-misses                                         (17.81%)
S3       16      4,614,098,283 L1-dcache-stores                                              (17.48%)
S3       16         83,754,724 L1-dcache-store-misses                                        (16.92%)
S3       16        164,660,177 L1-dcache-prefetch-misses                                     (16.97%)
S3       16        377,419,898 L1-icache-load-misses                                         (16.77%)
S3       16        304,981,441 LLC-loads                                                     (16.30%)
S3       16         27,265,417 LLC-stores                                                    (16.68%)
S3       16         80,194,397 LLC-prefetches                                                (8.69%)
S3       16      8,921,936,870 dTLB-loads                                                    (12.94%)
S3       16         72,609,786 dTLB-load-misses                                              (17.01%)
S3       16      3,528,768,995 dTLB-stores                                                   (16.81%)
S3       16          8,145,666 dTLB-store-misses                                             (16.72%)
S3       16          4,646,293 iTLB-loads                                                    (16.95%)
S3       16          6,899,187 iTLB-load-misses                                              (17.21%)
S3       16      5,117,585,182 branch-loads                                                  (17.29%)
S3       16        111,987,577 branch-load-misses                                            (17.48%)

     410.059940123 seconds time elapsed

#################################################################
# Test multi-threading - 32 threads - T4 
#################################################################
2592971.BOWTIE2-Localalloc.penguin.t32
21535062 reads; of these:
  21535062 (100.00%) were unpaired; of these:
    970429 (4.51%) aligned 0 times
    14935119 (69.35%) aligned exactly 1 time
    5629514 (26.14%) aligned >1 times
95.49% overall alignment rate

 Performance counter stats for 'numactl --localalloc --physcpubind=0,4,8,12,16,20,24,28,32,36,40,44,48,52,56,60,1,5,9,13,17,21,25,29,33,37,41,45,49,53,57,61 ./bowtie2 -p 32 -x /tmp/data/indexes/HG_index_bowtie2/bowtie2_index /tmp/data/datasets/NIST7086_CGTACTAG_L002_R2_001.fastq -S /scratch/077-hpca4se-bioinf/jlenis/results/BOWTIE2-Localalloc/2592971.BOWTIE2-Localalloc.penguin.t32.sam':

S0       16     10,847,882,970 cache-misses                                                  (17.43%)
S0       16  8,395,253,321,414 cycles                    #    0.000 GHz                      (22.07%)
S0       16  6,379,183,972,622 instructions              #   20.33  insns per cycle        
                                             #    0.04  stalled cycles per insn  (25.98%)
S0       16            314,084 cs                                                            (100.00%)
S0       16             27,782 migrations                                                    (100.00%)
S0       16             66,370 faults                                                      
S0       16    476,246,933,908 bus-cycles                                                    (24.82%)
S0       16  6,881,654,396,078 idle-cycles-frontend      #  2193.20% frontend cycles idle     (24.57%)
S0       16  5,101,772,390,672 idle-cycles-backend       #  1625.95% backend  cycles idle     (24.37%)
S0       16  1,728,696,619,550 L1-dcache-loads                                               (23.61%)
S0       16     80,989,187,783 L1-dcache-load-misses     #  124.66% of all L1-dcache hits    (17.88%)
S0       16    897,856,747,906 L1-dcache-stores                                              (17.87%)
S0       16     44,005,223,384 L1-dcache-store-misses                                        (18.43%)
S0       16     26,594,790,060 L1-dcache-prefetch-misses                                     (17.77%)
S0       16     27,636,985,132 L1-icache-load-misses                                         (17.59%)
S0       16     22,372,832,820 LLC-loads                                                     (17.80%)
S0       16     17,379,683,631 LLC-stores                                                    (17.86%)
S0       16     20,984,769,771 LLC-prefetches                                                (10.30%)
S0       16  1,739,349,105,459 dTLB-loads                                                    (14.99%)
S0       16     10,883,005,002 dTLB-load-misses          #   16.65% of all dTLB cache hits   (17.67%)
S0       16    901,276,379,309 dTLB-stores                                                   (17.82%)
S0       16      2,914,663,295 dTLB-store-misses                                             (17.85%)
S0       16      2,609,316,975 iTLB-loads                                                    (17.57%)
S0       16      1,635,089,551 iTLB-load-misses          #  1564.85% of all iTLB cache hits   (18.58%)
S0       16    746,749,084,596 branch-loads                                                  (17.28%)
S0       16     28,349,084,951 branch-load-misses                                            (17.46%)
S1       16     17,018,989,876 cache-misses                                                  (17.50%)
S1       16 11,625,073,191,690 cycles                    #    0.000 GHz                      (21.96%)
S1       16  8,999,247,904,681 instructions              #    0.00  insns per cycle          (26.29%)
S1       16         17,723,535 cs                                                            (100.00%)
S1       16              7,615 migrations                                                    (100.00%)
S1       16             83,278 faults                                                      
S1       16    511,620,927,546 bus-cycles                                                    (24.68%)
S1       16  8,707,426,192,748 idle-cycles-frontend      #    0.00% frontend cycles idle     (24.45%)
S1       16  6,079,486,181,533 idle-cycles-backend       #    0.00% backend  cycles idle     (24.22%)
S1       16  2,419,502,340,411 L1-dcache-loads                                               (24.06%)
S1       16    113,364,329,965 L1-dcache-load-misses                                         (17.35%)
S1       16  1,250,628,814,003 L1-dcache-stores                                              (17.62%)
S1       16     63,052,095,040 L1-dcache-store-misses                                        (18.65%)
S1       16     37,131,605,744 L1-dcache-prefetch-misses                                     (17.38%)
S1       16     38,289,757,684 L1-icache-load-misses                                         (17.58%)
S1       16     31,531,611,264 LLC-loads                                                     (18.43%)
S1       16     25,145,884,911 LLC-stores                                                    (17.40%)
S1       16     29,162,956,259 LLC-prefetches                                                (11.12%)
S1       16  2,434,255,591,939 dTLB-loads                                                    (14.91%)
S1       16     14,013,593,378 dTLB-load-misses                                              (17.86%)
S1       16  1,248,876,400,579 dTLB-stores                                                   (17.63%)
S1       16      4,108,734,661 dTLB-store-misses                                             (17.62%)
S1       16      4,072,420,376 iTLB-loads                                                    (17.84%)
S1       16      2,365,557,116 iTLB-load-misses                                              (17.56%)
S1       16  1,042,057,976,320 branch-loads                                                  (18.35%)
S1       16     40,199,331,189 branch-load-misses                                            (18.06%)
S2       16         42,449,998 cache-misses                                                  (17.04%)
S2       16     24,758,647,159 cycles                    #    0.000 GHz                      (21.58%)
S2       16     12,421,351,961 instructions              #    0.00  insns per cycle          (26.05%)
S2       16             63,477 cs                                                            (100.00%)
S2       16              1,848 migrations                                                    (100.00%)
S2       16             23,279 faults                                                      
S2       16      1,979,619,480 bus-cycles                                                    (23.39%)
S2       16     37,673,518,028 idle-cycles-frontend      #    0.00% frontend cycles idle     (23.65%)
S2       16     34,653,849,205 idle-cycles-backend       #    0.00% backend  cycles idle     (23.94%)
S2       16      3,813,950,653 L1-dcache-loads                                               (23.77%)
S2       16        248,952,131 L1-dcache-load-misses                                         (17.19%)
S2       16      2,471,732,971 L1-dcache-stores                                              (17.14%)
S2       16         33,498,079 L1-dcache-store-misses                                        (19.77%)
S2       16         45,108,424 L1-dcache-prefetch-misses                                     (16.97%)
S2       16        153,970,261 L1-icache-load-misses                                         (17.44%)
S2       16        193,560,361 LLC-loads                                                     (20.51%)
S2       16         18,555,114 LLC-stores                                                    (18.26%)
S2       16         22,730,868 LLC-prefetches                                                (11.74%)
S2       16      3,317,794,721 dTLB-loads                                                    (16.06%)
S2       16         64,573,639 dTLB-load-misses                                              (18.81%)
S2       16      2,373,609,136 dTLB-stores                                                   (17.10%)
S2       16         10,133,077 dTLB-store-misses                                             (17.34%)
S2       16          1,694,043 iTLB-loads                                                    (17.03%)
S2       16          2,904,435 iTLB-load-misses                                              (19.01%)
S2       16      2,527,586,462 branch-loads                                                  (17.17%)
S2       16         49,640,382 branch-load-misses                                            (16.77%)
S3       16        105,033,419 cache-misses                                                  (16.67%)
S3       16     36,308,601,617 cycles                    #    0.000 GHz                      (21.90%)
S3       16     18,081,744,862 instructions              #    0.00  insns per cycle          (25.73%)
S3       16             73,526 cs                                                            (100.00%)
S3       16                987 migrations                                                    (100.00%)
S3       16             30,555 faults                                                      
S3       16      2,796,307,979 bus-cycles                                                    (22.81%)
S3       16     64,706,371,130 idle-cycles-frontend      #    0.00% frontend cycles idle     (22.31%)
S3       16     60,741,217,354 idle-cycles-backend       #    0.00% backend  cycles idle     (22.17%)
S3       16      5,948,298,780 L1-dcache-loads                                               (22.21%)
S3       16        592,638,594 L1-dcache-load-misses                                         (18.10%)
S3       16      3,941,452,356 L1-dcache-stores                                              (17.29%)
S3       16         88,460,666 L1-dcache-store-misses                                        (20.44%)
S3       16        199,752,054 L1-dcache-prefetch-misses                                     (17.26%)
S3       16        341,153,115 L1-icache-load-misses                                         (17.32%)
S3       16        283,344,359 LLC-loads                                                     (20.64%)
S3       16         33,270,721 LLC-stores                                                    (18.00%)
S3       16        103,849,456 LLC-prefetches                                                (12.03%)
S3       16      5,655,079,435 dTLB-loads                                                    (16.57%)
S3       16         79,674,536 dTLB-load-misses                                              (19.65%)
S3       16      3,820,669,471 dTLB-stores                                                   (18.14%)
S3       16         11,172,639 dTLB-store-misses                                             (16.88%)
S3       16          3,822,834 iTLB-loads                                                    (17.20%)
S3       16          7,341,794 iTLB-load-misses                                              (19.90%)
S3       16      3,756,911,113 branch-loads                                                  (18.74%)
S3       16        100,093,089 branch-load-misses                                            (18.19%)

     330.729528283 seconds time elapsed

#################################################################
# Test multi-threading - 48 threads - T5
#################################################################
2592971.BOWTIE2-Localalloc.penguin.t48
21535062 reads; of these:
  21535062 (100.00%) were unpaired; of these:
    970429 (4.51%) aligned 0 times
    14935119 (69.35%) aligned exactly 1 time
    5629514 (26.14%) aligned >1 times
95.49% overall alignment rate

 Performance counter stats for 'numactl --localalloc --physcpubind=0,4,8,12,16,20,24,28,32,36,40,44,48,52,56,60,1,5,9,13,17,21,25,29,33,37,41,45,49,53,57,61,2,6,10,14,18,22,26,30,34,38,42,46,50,54,58,62 ./bowtie2 -p 48 -x /tmp/data/indexes/HG_index_bowtie2/bowtie2_index /tmp/data/datasets/NIST7086_CGTACTAG_L002_R2_001.fastq -S /scratch/077-hpca4se-bioinf/jlenis/results/BOWTIE2-Localalloc/2592971.BOWTIE2-Localalloc.penguin.t48.sam':

S0       16      7,757,350,995 cache-misses                                                  (17.08%)
S0       16  7,670,382,505,422 cycles                    #    0.000 GHz                      (21.95%)
S0       16  4,560,053,253,223 instructions              #   11.02  insns per cycle        
                                             #    0.07  stalled cycles per insn  (26.57%)
S0       16         16,489,782 cs                                                            (100.00%)
S0       16              7,108 migrations                                                    (100.00%)
S0       16             76,832 faults                                                      
S0       16    419,383,736,387 bus-cycles                                                    (26.75%)
S0       16  6,048,103,581,963 idle-cycles-frontend      #  1462.11% frontend cycles idle     (26.92%)
S0       16  4,707,875,881,730 idle-cycles-backend       #  1138.11% backend  cycles idle     (26.96%)
S0       16  1,224,493,343,892 L1-dcache-loads                                               (26.78%)
S0       16     56,524,104,166 L1-dcache-load-misses     #   84.88% of all L1-dcache hits    (17.41%)
S0       16    654,941,547,273 L1-dcache-stores                                              (17.26%)
S0       16     31,017,001,513 L1-dcache-store-misses                                        (17.24%)
S0       16     18,175,317,437 L1-dcache-prefetch-misses                                     (17.22%)
S0       16     20,409,235,826 L1-icache-load-misses                                         (17.23%)
S0       16     16,220,024,262 LLC-loads                                                     (17.25%)
S0       16     12,961,559,434 LLC-stores                                                    (17.24%)
S0       16     15,808,343,034 LLC-prefetches                                                (8.60%)
S0       16  1,270,215,463,221 dTLB-loads                                                    (13.16%)
S0       16     10,239,145,010 dTLB-load-misses          #   14.96% of all dTLB cache hits   (17.18%)
S0       16    658,845,194,535 dTLB-stores                                                   (17.17%)
S0       16      2,869,975,036 dTLB-store-misses                                             (17.15%)
S0       16      2,734,777,370 iTLB-loads                                                    (17.14%)
S0       16      1,223,233,617 iTLB-load-misses          #  915.59% of all iTLB cache hits   (17.13%)
S0       16    549,412,942,937 branch-loads                                                  (17.11%)
S0       16     19,615,993,015 branch-load-misses                                            (17.11%)
S1       16     10,402,313,748 cache-misses                                                  (17.39%)
S1       16  8,985,717,101,027 cycles                    #    0.000 GHz                      (21.88%)
S1       16  5,859,865,350,322 instructions              #    0.00  insns per cycle          (26.34%)
S1       16            320,542 cs                                                            (100.00%)
S1       16             16,884 migrations                                                    (100.00%)
S1       16             59,706 faults                                                      
S1       16    401,183,768,073 bus-cycles                                                    (26.38%)
S1       16  7,598,003,366,203 idle-cycles-frontend      #    0.00% frontend cycles idle     (26.43%)
S1       16  5,950,882,591,650 idle-cycles-backend       #    0.00% backend  cycles idle     (26.52%)
S1       16  1,580,038,658,555 L1-dcache-loads                                               (26.43%)
S1       16     70,801,904,416 L1-dcache-load-misses                                         (17.51%)
S1       16    822,518,626,461 L1-dcache-stores                                              (17.51%)
S1       16     38,961,809,520 L1-dcache-store-misses                                        (17.42%)
S1       16     24,212,510,052 L1-dcache-prefetch-misses                                     (17.39%)
S1       16     24,398,753,257 L1-icache-load-misses                                         (17.29%)
S1       16     20,164,680,490 LLC-loads                                                     (17.22%)
S1       16     16,238,727,119 LLC-stores                                                    (17.21%)
S1       16     18,767,497,432 LLC-prefetches                                                (8.62%)
S1       16  1,611,944,456,541 dTLB-loads                                                    (12.93%)
S1       16     12,266,299,660 dTLB-load-misses                                              (17.23%)
S1       16    831,251,582,490 dTLB-stores                                                   (17.32%)
S1       16      3,581,150,601 dTLB-store-misses                                             (17.29%)
S1       16      3,307,154,959 iTLB-loads                                                    (17.29%)
S1       16      1,044,582,363 iTLB-load-misses                                              (17.31%)
S1       16    693,497,075,429 branch-loads                                                  (17.24%)
S1       16     24,652,638,741 branch-load-misses                                            (17.26%)
S2       16     10,154,867,911 cache-misses                                                  (17.36%)
S2       16  9,777,257,296,919 cycles                    #    0.000 GHz                      (21.98%)
S2       16  5,374,550,278,519 instructions              #    0.00  insns per cycle          (26.53%)
S2       16            720,778 cs                                                            (100.00%)
S2       16              1,379 migrations                                                    (100.00%)
S2       16             77,172 faults                                                      
S2       16    423,710,734,612 bus-cycles                                                    (26.35%)
S2       16  7,932,672,540,031 idle-cycles-frontend      #    0.00% frontend cycles idle     (26.13%)
S2       16  6,340,017,884,894 idle-cycles-backend       #    0.00% backend  cycles idle     (26.16%)
S2       16  1,451,966,281,533 L1-dcache-loads                                               (25.50%)
S2       16     66,325,538,569 L1-dcache-load-misses                                         (17.42%)
S2       16    768,093,956,414 L1-dcache-stores                                              (17.59%)
S2       16     36,366,826,200 L1-dcache-store-misses                                        (17.36%)
S2       16     21,845,107,181 L1-dcache-prefetch-misses                                     (17.61%)
S2       16     23,256,403,506 L1-icache-load-misses                                         (17.27%)
S2       16     18,757,574,132 LLC-loads                                                     (17.54%)
S2       16     14,849,449,876 LLC-stores                                                    (17.75%)
S2       16     16,629,074,077 LLC-prefetches                                                (9.96%)
S2       16  1,490,399,530,975 dTLB-loads                                                    (13.48%)
S2       16     11,417,198,719 dTLB-load-misses                                              (17.23%)
S2       16    771,504,311,727 dTLB-stores                                                   (17.78%)
S2       16      3,567,519,725 dTLB-store-misses                                             (17.23%)
S2       16      2,501,335,886 iTLB-loads                                                    (17.20%)
S2       16      1,315,589,027 iTLB-load-misses                                              (17.46%)
S2       16    641,586,243,955 branch-loads                                                  (17.21%)
S2       16     23,003,924,255 branch-load-misses                                            (17.17%)
S3       16        118,532,945 cache-misses                                                  (16.39%)
S3       16     40,623,195,492 cycles                    #    0.000 GHz                      (21.03%)
S3       16     21,236,801,501 instructions              #    0.00  insns per cycle          (25.43%)
S3       16             87,340 cs                                                            (100.00%)
S3       16              1,803 migrations                                                    (100.00%)
S3       16             61,169 faults                                                      
S3       16      2,954,422,672 bus-cycles                                                    (25.67%)
S3       16     59,416,345,394 idle-cycles-frontend      #    0.00% frontend cycles idle     (26.18%)
S3       16     51,404,077,012 idle-cycles-backend       #    0.00% backend  cycles idle     (26.57%)
S3       16      5,433,024,517 L1-dcache-loads                                               (27.10%)
S3       16        464,956,845 L1-dcache-load-misses                                         (18.08%)
S3       16      3,518,716,814 L1-dcache-stores                                              (18.03%)
S3       16         72,732,559 L1-dcache-store-misses                                        (18.19%)
S3       16        253,135,278 L1-dcache-prefetch-misses                                     (18.04%)
S3       16        340,102,708 L1-icache-load-misses                                         (18.13%)
S3       16        347,657,208 LLC-loads                                                     (17.99%)
S3       16         38,038,787 LLC-stores                                                    (17.53%)
S3       16        110,731,448 LLC-prefetches                                                (8.41%)
S3       16      6,649,490,529 dTLB-loads                                                    (12.97%)
S3       16        105,984,546 dTLB-load-misses                                              (17.09%)
S3       16      4,117,406,728 dTLB-stores                                                   (16.98%)
S3       16         13,856,025 dTLB-store-misses                                             (17.20%)
S3       16          7,132,041 iTLB-loads                                                    (16.80%)
S3       16          7,754,282 iTLB-load-misses                                              (16.59%)
S3       16      4,841,379,684 branch-loads                                                  (16.56%)
S3       16        113,464,685 branch-load-misses                                            (16.26%)

     279.260503092 seconds time elapsed

#################################################################
# Test multi-threading - 64 threads - T6
#################################################################
2592971.BOWTIE2-Localalloc.penguin.t64
21535062 reads; of these:
  21535062 (100.00%) were unpaired; of these:
    970429 (4.51%) aligned 0 times
    14935119 (69.35%) aligned exactly 1 time
    5629514 (26.14%) aligned >1 times
95.49% overall alignment rate

 Performance counter stats for 'numactl --localalloc --physcpubind=0-63 ./bowtie2 -p 64 -x /tmp/data/indexes/HG_index_bowtie2/bowtie2_index /tmp/data/datasets/NIST7086_CGTACTAG_L002_R2_001.fastq -S /scratch/077-hpca4se-bioinf/jlenis/results/BOWTIE2-Localalloc/2592971.BOWTIE2-Localalloc.penguin.t64.sam':

S0       16      7,516,071,443 cache-misses                                                  (17.32%)
S0       16 11,418,081,405,217 cycles                    #    0.000 GHz                      (21.81%)
S0       16  4,874,323,120,545 instructions              #    5.70  insns per cycle        
                                             #    0.15  stalled cycles per insn  (26.37%)
S0       16          2,796,202 cs                                                            (100.00%)
S0       16                868 migrations                                                    (100.00%)
S0       16             68,463 faults                                                      
S0       16    625,257,363,216 bus-cycles                                                    (26.61%)
S0       16  9,532,488,882,403 idle-cycles-frontend      #  1114.95% frontend cycles idle     (26.80%)
S0       16  8,113,850,985,747 idle-cycles-backend       #  949.02% backend  cycles idle     (26.91%)
S0       16  1,334,501,127,475 L1-dcache-loads                                               (26.86%)
S0       16     53,835,607,379 L1-dcache-load-misses     #   69.84% of all L1-dcache hits    (17.59%)
S0       16    728,479,036,740 L1-dcache-stores                                              (17.44%)
S0       16     29,773,719,532 L1-dcache-store-misses                                        (17.36%)
S0       16     17,537,765,369 L1-dcache-prefetch-misses                                     (17.32%)
S0       16     20,020,654,390 L1-icache-load-misses                                         (17.22%)
S0       16     15,211,678,013 LLC-loads                                                     (17.21%)
S0       16     12,776,341,735 LLC-stores                                                    (17.18%)
S0       16     14,363,374,290 LLC-prefetches                                                (8.57%)
S0       16  1,387,369,207,127 dTLB-loads                                                    (12.88%)
S0       16     11,818,599,847 dTLB-load-misses          #   14.94% of all dTLB cache hits   (17.16%)
S0       16    741,279,211,647 dTLB-stores                                                   (17.15%)
S0       16      4,318,503,595 dTLB-store-misses                                             (17.15%)
S0       16      1,508,330,597 iTLB-loads                                                    (17.11%)
S0       16        986,955,977 iTLB-load-misses          #  1164.21% of all iTLB cache hits   (17.11%)
S0       16    619,440,717,486 branch-loads                                                  (17.11%)
S0       16     18,942,774,178 branch-load-misses                                            (17.11%)
S1       16      6,733,158,649 cache-misses                                                  (17.38%)
S1       16 14,587,966,780,846 cycles                    #    0.000 GHz                      (21.84%)
S1       16  4,564,956,606,861 instructions              #    0.00  insns per cycle          (26.34%)
S1       16          1,466,250 cs                                                            (100.00%)
S1       16              1,393 migrations                                                    (100.00%)
S1       16            119,978 faults                                                      
S1       16    632,224,831,728 bus-cycles                                                    (26.17%)
S1       16 12,864,474,895,101 idle-cycles-frontend      #    0.00% frontend cycles idle     (25.96%)
S1       16 11,544,382,048,023 idle-cycles-backend       #    0.00% backend  cycles idle     (26.02%)
S1       16  1,263,794,159,646 L1-dcache-loads                                               (25.98%)
S1       16     50,446,679,483 L1-dcache-load-misses                                         (17.44%)
S1       16    680,654,536,477 L1-dcache-stores                                              (17.47%)
S1       16     27,535,922,261 L1-dcache-store-misses                                        (17.37%)
S1       16     16,404,297,014 L1-dcache-prefetch-misses                                     (17.32%)
S1       16     18,658,782,856 L1-icache-load-misses                                         (17.85%)
S1       16     13,970,023,759 LLC-loads                                                     (17.27%)
S1       16     11,421,660,061 LLC-stores                                                    (17.30%)
S1       16     12,552,666,376 LLC-prefetches                                                (9.96%)
S1       16  1,295,001,803,026 dTLB-loads                                                    (13.46%)
S1       16     10,536,669,082 dTLB-load-misses                                              (17.22%)
S1       16    689,390,692,540 dTLB-stores                                                   (17.51%)
S1       16      3,703,112,086 dTLB-store-misses                                             (17.23%)
S1       16      1,119,082,337 iTLB-loads                                                    (17.24%)
S1       16        808,843,011 iTLB-load-misses                                              (17.24%)
S1       16    575,757,853,151 branch-loads                                                  (17.54%)
S1       16     17,858,997,258 branch-load-misses                                            (17.49%)
S2       16      5,828,766,702 cache-misses                                                  (17.08%)
S2       16 14,325,115,754,360 cycles                    #    0.000 GHz                      (21.89%)
S2       16  3,886,595,781,084 instructions              #    0.00  insns per cycle          (26.12%)
S2       16          3,839,136 cs                                                            (100.00%)
S2       16              1,103 migrations                                                    (100.00%)
S2       16             88,646 faults                                                      
S2       16    625,506,299,143 bus-cycles                                                    (26.28%)
S2       16 12,850,371,336,962 idle-cycles-frontend      #    0.00% frontend cycles idle     (25.79%)
S2       16 11,696,312,434,568 idle-cycles-backend       #    0.00% backend  cycles idle     (25.92%)
S2       16  1,078,180,754,041 L1-dcache-loads                                               (25.79%)
S2       16     42,008,347,518 L1-dcache-load-misses                                         (18.06%)
S2       16    587,980,683,969 L1-dcache-stores                                              (17.68%)
S2       16     23,051,642,641 L1-dcache-store-misses                                        (17.57%)
S2       16     13,484,454,968 L1-dcache-prefetch-misses                                     (17.50%)
S2       16     15,929,401,315 L1-icache-load-misses                                         (18.03%)
S2       16     11,741,270,383 LLC-loads                                                     (17.16%)
S2       16      9,659,592,911 LLC-stores                                                    (17.15%)
S2       16     10,264,702,217 LLC-prefetches                                                (9.70%)
S2       16  1,111,761,680,353 dTLB-loads                                                    (13.43%)
S2       16      9,840,486,346 dTLB-load-misses                                              (17.19%)
S2       16    596,434,456,767 dTLB-stores                                                   (17.21%)
S2       16      3,340,320,561 dTLB-store-misses                                             (17.28%)
S2       16      1,483,331,537 iTLB-loads                                                    (17.30%)
S2       16        683,351,591 iTLB-load-misses                                              (17.32%)
S2       16    496,691,409,947 branch-loads                                                  (17.31%)
S2       16     14,702,561,805 branch-load-misses                                            (17.26%)
S3       16      6,530,137,950 cache-misses                                                  (17.40%)
S3       16 14,386,951,116,669 cycles                    #    0.000 GHz                      (21.78%)
S3       16  4,535,199,119,955 instructions              #    0.00  insns per cycle          (26.17%)
S3       16          2,785,283 cs                                                            (100.00%)
S3       16              1,416 migrations                                                    (100.00%)
S3       16             81,001 faults                                                      
S3       16    636,374,920,948 bus-cycles                                                    (26.20%)
S3       16 12,774,769,934,518 idle-cycles-frontend      #    0.00% frontend cycles idle     (25.96%)
S3       16 11,487,912,215,613 idle-cycles-backend       #    0.00% backend  cycles idle     (26.00%)
S3       16  1,257,221,146,303 L1-dcache-loads                                               (25.96%)
S3       16     50,491,092,434 L1-dcache-load-misses                                         (17.41%)
S3       16    672,931,106,791 L1-dcache-stores                                              (17.39%)
S3       16     27,344,323,042 L1-dcache-store-misses                                        (17.37%)
S3       16     15,903,685,828 L1-dcache-prefetch-misses                                     (17.37%)
S3       16     18,675,598,625 L1-icache-load-misses                                         (17.36%)
S3       16     13,875,246,494 LLC-loads                                                     (17.38%)
S3       16     11,324,271,137 LLC-stores                                                    (17.38%)
S3       16     12,425,553,170 LLC-prefetches                                                (8.70%)
S3       16  1,268,036,236,480 dTLB-loads                                                    (13.03%)
S3       16      8,879,569,018 dTLB-load-misses                                              (17.35%)
S3       16    675,997,419,235 dTLB-stores                                                   (17.34%)
S3       16      2,890,577,790 dTLB-store-misses                                             (17.32%)
S3       16      1,314,821,104 iTLB-loads                                                    (17.32%)
S3       16        973,273,832 iTLB-load-misses                                              (17.59%)
S3       16    567,496,191,827 branch-loads                                                  (17.57%)
S3       16     17,756,914,135 branch-load-misses                                            (17.59%)

     415.351586362 seconds time elapsed

