mkdir: cannot create directory `/scratch/077-hpca4se-bioinf/jlenis/results/MEM-Localalloc': File exists
> Benchmarks for BWA 0.7.12: NIST7086_CGTACTAG_L002_R2_001
catwoman
#################################################################
# Warm up - 64 threads - T1
#################################################################
WarmUp.2592935.MEM-Localalloc.catwoman.t64
[M::bwa_idx_load_from_disk] read 0 ALT contigs
[M::process] read 6336634 sequences (640000034 bp)...
[M::mem_process_seqs] Processed 6336634 reads in 3011.556 CPU sec, 60.725 real sec
[M::process] read 6336634 sequences (640000034 bp)...
[M::process] read 6336634 sequences (640000034 bp)...
[M::mem_process_seqs] Processed 6336634 reads in 3708.042 CPU sec, 59.251 real sec
[M::process] read 2525160 sequences (255041160 bp)...
[M::mem_process_seqs] Processed 6336634 reads in 3792.468 CPU sec, 60.339 real sec
[M::mem_process_seqs] Processed 2525160 reads in 1538.709 CPU sec, 24.349 real sec
[main] Version: 0.7.15-r1140
[main] CMD: ./bwa mem -t 64 /tmp/data/indexes/HG_index_BWA_default/hsapiens_v37.fa /tmp/data/datasets/NIST7086_CGTACTAG_L002_R2_001.fastq
[main] Real time: 235.837 sec; CPU: 12089.969 sec
#################################################################
# Test multi-threading - 8 threads - T2
#################################################################
2592935.MEM-Localalloc.catwoman.t8
[M::bwa_idx_load_from_disk] read 0 ALT contigs
[M::process] read 792080 sequences (80000080 bp)...
[M::process] read 792080 sequences (80000080 bp)...
[M::mem_process_seqs] Processed 792080 reads in 176.196 CPU sec, 24.869 real sec
[M::process] read 792080 sequences (80000080 bp)...
[M::mem_process_seqs] Processed 792080 reads in 177.693 CPU sec, 22.279 real sec
[M::process] read 792080 sequences (80000080 bp)...
[M::mem_process_seqs] Processed 792080 reads in 177.991 CPU sec, 22.334 real sec
[M::process] read 792080 sequences (80000080 bp)...
[M::mem_process_seqs] Processed 792080 reads in 178.136 CPU sec, 22.361 real sec
[M::process] read 792080 sequences (80000080 bp)...
[M::mem_process_seqs] Processed 792080 reads in 180.461 CPU sec, 22.650 real sec
[M::process] read 792080 sequences (80000080 bp)...
[M::mem_process_seqs] Processed 792080 reads in 181.521 CPU sec, 22.737 real sec
[M::process] read 792080 sequences (80000080 bp)...
[M::mem_process_seqs] Processed 792080 reads in 181.189 CPU sec, 22.803 real sec
[M::process] read 792080 sequences (80000080 bp)...
[M::mem_process_seqs] Processed 792080 reads in 176.235 CPU sec, 22.132 real sec
[M::process] read 792080 sequences (80000080 bp)...
[M::mem_process_seqs] Processed 792080 reads in 177.062 CPU sec, 22.267 real sec
[M::process] read 792080 sequences (80000080 bp)...
[M::mem_process_seqs] Processed 792080 reads in 176.908 CPU sec, 22.150 real sec
[M::process] read 792080 sequences (80000080 bp)...
[M::mem_process_seqs] Processed 792080 reads in 178.935 CPU sec, 22.466 real sec
[M::process] read 792080 sequences (80000080 bp)...
[M::mem_process_seqs] Processed 792080 reads in 180.516 CPU sec, 22.602 real sec
[M::process] read 792080 sequences (80000080 bp)...
[M::mem_process_seqs] Processed 792080 reads in 183.713 CPU sec, 23.067 real sec
[M::process] read 792080 sequences (80000080 bp)...
[M::mem_process_seqs] Processed 792080 reads in 176.375 CPU sec, 22.090 real sec
[M::process] read 792080 sequences (80000080 bp)...
[M::mem_process_seqs] Processed 792080 reads in 174.728 CPU sec, 21.913 real sec
[M::process] read 792080 sequences (80000080 bp)...
[M::mem_process_seqs] Processed 792080 reads in 174.615 CPU sec, 21.860 real sec
[M::process] read 792080 sequences (80000080 bp)...
[M::mem_process_seqs] Processed 792080 reads in 175.451 CPU sec, 22.003 real sec
[M::process] read 792080 sequences (80000080 bp)...
[M::mem_process_seqs] Processed 792080 reads in 177.285 CPU sec, 22.199 real sec
[M::process] read 792080 sequences (80000080 bp)...
[M::mem_process_seqs] Processed 792080 reads in 176.768 CPU sec, 22.173 real sec
[M::process] read 792080 sequences (80000080 bp)...
[M::mem_process_seqs] Processed 792080 reads in 180.147 CPU sec, 22.550 real sec
[M::process] read 792080 sequences (80000080 bp)...
[M::mem_process_seqs] Processed 792080 reads in 176.723 CPU sec, 22.157 real sec
[M::process] read 792080 sequences (80000080 bp)...
[M::mem_process_seqs] Processed 792080 reads in 175.200 CPU sec, 21.983 real sec
[M::process] read 792080 sequences (80000080 bp)...
[M::mem_process_seqs] Processed 792080 reads in 176.451 CPU sec, 22.202 real sec
[M::process] read 792080 sequences (80000080 bp)...
[M::mem_process_seqs] Processed 792080 reads in 179.969 CPU sec, 22.576 real sec
[M::process] read 792080 sequences (80000080 bp)...
[M::mem_process_seqs] Processed 792080 reads in 180.505 CPU sec, 22.718 real sec
[M::process] read 792080 sequences (80000080 bp)...
[M::mem_process_seqs] Processed 792080 reads in 179.416 CPU sec, 22.529 real sec
[M::process] read 148902 sequences (15039102 bp)...
[M::mem_process_seqs] Processed 792080 reads in 181.427 CPU sec, 22.788 real sec
[M::mem_process_seqs] Processed 148902 reads in 38.350 CPU sec, 4.865 real sec
[main] Version: 0.7.15-r1140
[main] CMD: ./bwa mem -t 8 /tmp/data/indexes/HG_index_BWA_default/hsapiens_v37.fa /tmp/data/datasets/NIST7086_CGTACTAG_L002_R2_001.fastq
[main] Real time: 615.732 sec; CPU: 4854.364 sec

 Performance counter stats for 'numactl --localalloc --physcpubind=0-7 ./bwa mem -t 8 /tmp/data/indexes/HG_index_BWA_default/hsapiens_v37.fa /tmp/data/datasets/NIST7086_CGTACTAG_L002_R2_001.fastq':

S0       16      7,565,327,995 cache-misses                                                  (21.72%)
S0       16 11,816,477,336,808 cycles                    #    0.000 GHz                      (22.23%)
S0       16 11,937,781,009,885 instructions              #   63.47  insns per cycle        
                                             #    0.00  stalled cycles per insn  (27.88%)
S0       16          3,501,945 cs                                                            (100.00%)
S0       16             12,819 migrations                                                    (100.00%)
S0       16            565,816 faults                                                      
S0       16    <not supported> bus-cycles              
S0       16  1,068,287,677,539 idle-cycles-frontend      #  567.94% frontend cycles idle     (17.18%)
S0       16  1,433,114,355,947 idle-cycles-backend       #  761.89% backend  cycles idle     (16.84%)
S0       16  3,721,674,821,454 L1-dcache-loads                                               (22.40%)
S0       16     47,879,365,389 L1-dcache-load-misses     #   81.60% of all L1-dcache hits    (27.96%)
S0       16     50,560,377,112 L1-dcache-stores                                              (27.88%)
S0       16    <not supported> L1-dcache-store-misses  
S0       16                  0 L1-dcache-prefetch-misses                                     (27.87%)
S0       16      7,542,488,864 L1-icache-load-misses                                         (27.88%)
S0       16     58,407,045,058 LLC-loads                                                     (10.97%)
S0       16     36,192,850,122 LLC-stores                                                    (11.00%)
S0       16    <not supported> LLC-prefetches          
S0       16  3,759,643,646,205 dTLB-loads                                                    (16.70%)
S0       16      6,026,020,170 dTLB-load-misses          #   10.18% of all dTLB cache hits   (16.89%)
S0       16    <not supported> dTLB-stores             
S0       16    <not supported> dTLB-store-misses       
S0       16  2,639,740,979,277 iTLB-loads                                                    (16.63%)
S0       16         27,892,913 iTLB-load-misses          #    0.07% of all iTLB cache hits   (10.78%)
S0       16  1,004,396,046,798 branch-loads                                                  (16.16%)
S0       16     69,253,160,704 branch-load-misses                                            (21.67%)
S1       16        140,069,472 cache-misses                                                  (22.15%)
S1       16     58,676,912,479 cycles                    #    0.000 GHz                      (22.65%)
S1       16     15,184,759,995 instructions              #    0.00  insns per cycle          (28.34%)
S1       16             46,647 cs                                                            (100.00%)
S1       16              1,908 migrations                                                    (100.00%)
S1       16             30,608 faults                                                      
S1       16    <not supported> bus-cycles              
S1       16    452,371,970,288 idle-cycles-frontend      #    0.00% frontend cycles idle     (16.98%)
S1       16     20,693,444,241 idle-cycles-backend       #    0.00% backend  cycles idle     (16.66%)
S1       16      7,970,221,968 L1-dcache-loads                                               (22.22%)
S1       16        361,526,513 L1-dcache-load-misses                                         (27.89%)
S1       16        355,864,325 L1-dcache-stores                                              (27.80%)
S1       16    <not supported> L1-dcache-store-misses  
S1       16                  0 L1-dcache-prefetch-misses                                     (27.61%)
S1       16        126,171,057 L1-icache-load-misses                                         (28.10%)
S1       16        428,643,238 LLC-loads                                                     (11.55%)
S1       16        235,812,488 LLC-stores                                                    (10.90%)
S1       16    <not supported> LLC-prefetches          
S1       16      4,722,942,461 dTLB-loads                                                    (16.39%)
S1       16            163,270 dTLB-load-misses                                              (16.22%)
S1       16    <not supported> dTLB-stores             
S1       16    <not supported> dTLB-store-misses       
S1       16      3,004,622,121 iTLB-loads                                                    (16.41%)
S1       16            109,169 iTLB-load-misses                                              (10.76%)
S1       16      2,174,825,366 branch-loads                                                  (16.24%)
S1       16         24,503,023 branch-load-misses                                            (22.04%)
S2       16        171,369,901 cache-misses                                                  (21.98%)
S2       16     45,989,474,319 cycles                    #    0.000 GHz                      (18.62%)
S2       16     11,120,594,334 instructions              #    0.00  insns per cycle          (27.58%)
S2       16            103,281 cs                                                            (100.00%)
S2       16              8,567 migrations                                                    (100.00%)
S2       16             30,869 faults                                                      
S2       16    <not supported> bus-cycles              
S2       16    332,140,385,688 idle-cycles-frontend      #    0.00% frontend cycles idle     (20.29%)
S2       16     16,377,387,441 idle-cycles-backend       #    0.00% backend  cycles idle     (16.49%)
S2       16      5,825,965,329 L1-dcache-loads                                               (24.09%)
S2       16        319,298,026 L1-dcache-load-misses                                         (24.29%)
S2       16        371,298,305 L1-dcache-stores                                              (28.16%)
S2       16    <not supported> L1-dcache-store-misses  
S2       16                  0 L1-dcache-prefetch-misses                                     (22.89%)
S2       16        182,607,685 L1-icache-load-misses                                         (24.66%)
S2       16        474,853,299 LLC-loads                                                     (16.49%)
S2       16        265,690,357 LLC-stores                                                    (11.00%)
S2       16    <not supported> LLC-prefetches          
S2       16      5,515,806,683 dTLB-loads                                                    (18.34%)
S2       16            132,310 dTLB-load-misses                                              (18.42%)
S2       16    <not supported> dTLB-stores             
S2       16    <not supported> dTLB-store-misses       
S2       16      2,828,825,388 iTLB-loads                                                    (16.54%)
S2       16            142,615 iTLB-load-misses                                              (10.87%)
S2       16      2,021,379,041 branch-loads                                                  (16.47%)
S2       16         22,276,500 branch-load-misses                                            (21.93%)
S3       16        549,671,158 cache-misses                                                  (22.39%)
S3       16    117,190,066,523 cycles                    #    0.000 GHz                      (21.88%)
S3       16     38,608,038,087 instructions              #    0.00  insns per cycle          (27.77%)
S3       16             98,092 cs                                                            (100.00%)
S3       16              1,270 migrations                                                    (100.00%)
S3       16             53,164 faults                                                      
S3       16    <not supported> bus-cycles              
S3       16    656,164,223,841 idle-cycles-frontend      #    0.00% frontend cycles idle     (16.88%)
S3       16     36,957,592,111 idle-cycles-backend       #    0.00% backend  cycles idle     (16.99%)
S3       16     19,910,324,453 L1-dcache-loads                                               (22.92%)
S3       16        896,619,140 L1-dcache-load-misses                                         (27.35%)
S3       16        967,792,393 L1-dcache-stores                                              (28.13%)
S3       16    <not supported> L1-dcache-store-misses  
S3       16                  0 L1-dcache-prefetch-misses                                     (26.95%)
S3       16        496,657,208 L1-icache-load-misses                                         (27.55%)
S3       16      1,416,146,538 LLC-loads                                                     (11.64%)
S3       16        433,299,433 LLC-stores                                                    (10.83%)
S3       16    <not supported> LLC-prefetches          
S3       16     18,006,967,506 dTLB-loads                                                    (16.74%)
S3       16            877,718 dTLB-load-misses                                              (16.87%)
S3       16    <not supported> dTLB-stores             
S3       16    <not supported> dTLB-store-misses       
S3       16     10,980,322,797 iTLB-loads                                                    (16.58%)
S3       16            642,270 iTLB-load-misses                                              (11.09%)
S3       16      7,610,771,086 branch-loads                                                  (16.71%)
S3       16        178,927,443 branch-load-misses                                            (22.71%)

     615.743386787 seconds time elapsed

#################################################################
# Test multi-threading - 16 threads - T3
#################################################################
2592935.MEM-Localalloc.catwoman.t16
[M::bwa_idx_load_from_disk] read 0 ALT contigs
[M::process] read 1584160 sequences (160000160 bp)...
[M::process] read 1584160 sequences (160000160 bp)...
[M::mem_process_seqs] Processed 1584160 reads in 376.581 CPU sec, 31.289 real sec
[M::process] read 1584160 sequences (160000160 bp)...
[M::mem_process_seqs] Processed 1584160 reads in 382.565 CPU sec, 24.152 real sec
[M::process] read 1584160 sequences (160000160 bp)...
[M::mem_process_seqs] Processed 1584160 reads in 391.122 CPU sec, 24.602 real sec
[M::process] read 1584160 sequences (160000160 bp)...
[M::mem_process_seqs] Processed 1584160 reads in 387.664 CPU sec, 24.361 real sec
[M::process] read 1584160 sequences (160000160 bp)...
[M::mem_process_seqs] Processed 1584160 reads in 382.458 CPU sec, 25.120 real sec
[M::process] read 1584160 sequences (160000160 bp)...
[M::mem_process_seqs] Processed 1584160 reads in 388.346 CPU sec, 25.472 real sec
[M::process] read 1584160 sequences (160000160 bp)...
[M::mem_process_seqs] Processed 1584160 reads in 390.537 CPU sec, 24.585 real sec
[M::process] read 1584160 sequences (160000160 bp)...
[M::mem_process_seqs] Processed 1584160 reads in 378.623 CPU sec, 23.898 real sec
[M::process] read 1584160 sequences (160000160 bp)...
[M::mem_process_seqs] Processed 1584160 reads in 383.224 CPU sec, 24.150 real sec
[M::process] read 1584160 sequences (160000160 bp)...
[M::mem_process_seqs] Processed 1584160 reads in 387.383 CPU sec, 24.357 real sec
[M::process] read 1584160 sequences (160000160 bp)...
[M::mem_process_seqs] Processed 1584160 reads in 381.904 CPU sec, 24.049 real sec
[M::process] read 1584160 sequences (160000160 bp)...
[M::mem_process_seqs] Processed 1584160 reads in 385.189 CPU sec, 24.289 real sec
[M::process] read 940982 sequences (95039182 bp)...
[M::mem_process_seqs] Processed 1584160 reads in 392.440 CPU sec, 24.701 real sec
[M::mem_process_seqs] Processed 940982 reads in 239.138 CPU sec, 15.076 real sec
[main] Version: 0.7.15-r1140
[main] CMD: ./bwa mem -t 16 /tmp/data/indexes/HG_index_BWA_default/hsapiens_v37.fa /tmp/data/datasets/NIST7086_CGTACTAG_L002_R2_001.fastq
[main] Real time: 347.466 sec; CPU: 5254.486 sec

 Performance counter stats for 'numactl --localalloc --physcpubind=0-15 ./bwa mem -t 16 /tmp/data/indexes/HG_index_BWA_default/hsapiens_v37.fa /tmp/data/datasets/NIST7086_CGTACTAG_L002_R2_001.fastq':

S0       16      8,457,537,578 cache-misses                                                  (21.85%)
S0       16 12,740,494,633,866 cycles                    #    0.000 GHz                      (22.45%)
S0       16 11,831,454,059,642 instructions              #   58.80  insns per cycle        
                                             #    0.00  stalled cycles per insn  (28.19%)
S0       16          5,632,607 cs                                                            (100.00%)
S0       16             44,209 migrations                                                    (100.00%)
S0       16            675,544 faults                                                      
S0       16    <not supported> bus-cycles              
S0       16  1,035,054,675,014 idle-cycles-frontend      #  514.41% frontend cycles idle     (17.72%)
S0       16  1,944,988,515,895 idle-cycles-backend       #  966.63% backend  cycles idle     (16.57%)
S0       16  3,711,505,216,143 L1-dcache-loads                                               (22.13%)
S0       16     48,396,875,795 L1-dcache-load-misses     #   82.93% of all L1-dcache hits    (27.69%)
S0       16     51,155,739,984 L1-dcache-stores                                              (27.86%)
S0       16    <not supported> L1-dcache-store-misses  
S0       16                  0 L1-dcache-prefetch-misses                                     (27.84%)
S0       16      8,443,102,634 L1-icache-load-misses                                         (27.72%)
S0       16     60,535,525,593 LLC-loads                                                     (11.00%)
S0       16     36,948,617,554 LLC-stores                                                    (11.00%)
S0       16    <not supported> LLC-prefetches          
S0       16  3,806,344,489,222 dTLB-loads                                                    (16.49%)
S0       16      7,023,630,043 dTLB-load-misses          #   11.75% of all dTLB cache hits   (16.48%)
S0       16    <not supported> dTLB-stores             
S0       16    <not supported> dTLB-store-misses       
S0       16  2,683,638,077,103 iTLB-loads                                                    (16.44%)
S0       16         77,505,500 iTLB-load-misses          #    0.18% of all iTLB cache hits   (10.95%)
S0       16  1,010,842,564,776 branch-loads                                                  (16.50%)
S0       16     69,998,805,690 branch-load-misses                                            (21.97%)
S1       16         85,805,050 cache-misses                                                  (21.88%)
S1       16     29,620,042,953 cycles                    #    0.000 GHz                      (21.43%)
S1       16      6,625,100,580 instructions              #    0.00  insns per cycle          (27.21%)
S1       16             30,670 cs                                                            (100.00%)
S1       16              2,497 migrations                                                    (100.00%)
S1       16             17,551 faults                                                      
S1       16    <not supported> bus-cycles              
S1       16    250,538,740,925 idle-cycles-frontend      #    0.00% frontend cycles idle     (16.67%)
S1       16     11,004,170,318 idle-cycles-backend       #    0.00% backend  cycles idle     (17.13%)
S1       16      3,551,523,682 L1-dcache-loads                                               (22.94%)
S1       16        184,730,095 L1-dcache-load-misses                                         (28.70%)
S1       16        204,623,060 L1-dcache-stores                                              (28.79%)
S1       16    <not supported> L1-dcache-store-misses  
S1       16                  0 L1-dcache-prefetch-misses                                     (28.84%)
S1       16         93,388,583 L1-icache-load-misses                                         (28.96%)
S1       16        337,933,766 LLC-loads                                                     (11.19%)
S1       16        126,949,438 LLC-stores                                                    (10.77%)
S1       16    <not supported> LLC-prefetches          
S1       16      2,796,783,045 dTLB-loads                                                    (16.40%)
S1       16             69,868 dTLB-load-misses                                              (16.20%)
S1       16    <not supported> dTLB-stores             
S1       16    <not supported> dTLB-store-misses       
S1       16      1,881,606,228 iTLB-loads                                                    (16.18%)
S1       16             58,999 iTLB-load-misses                                              (10.75%)
S1       16      1,305,258,296 branch-loads                                                  (15.99%)
S1       16         12,778,880 branch-load-misses                                            (21.45%)
S2       16        151,360,865 cache-misses                                                  (22.42%)
S2       16     40,360,611,234 cycles                    #    0.000 GHz                      (21.50%)
S2       16     10,119,743,366 instructions              #    0.00  insns per cycle          (26.63%)
S2       16             88,441 cs                                                            (100.00%)
S2       16              9,707 migrations                                                    (100.00%)
S2       16             17,923 faults                                                      
S2       16    <not supported> bus-cycles              
S2       16    305,125,315,392 idle-cycles-frontend      #    0.00% frontend cycles idle     (17.46%)
S2       16     20,768,114,673 idle-cycles-backend       #    0.00% backend  cycles idle     (16.07%)
S2       16      7,399,914,269 L1-dcache-loads                                               (23.08%)
S2       16        359,093,576 L1-dcache-load-misses                                         (25.87%)
S2       16        380,375,482 L1-dcache-stores                                              (27.53%)
S2       16    <not supported> L1-dcache-store-misses  
S2       16                  0 L1-dcache-prefetch-misses                                     (25.34%)
S2       16        172,441,138 L1-icache-load-misses                                         (25.90%)
S2       16        413,618,824 LLC-loads                                                     (13.81%)
S2       16        232,730,675 LLC-stores                                                    (11.35%)
S2       16    <not supported> LLC-prefetches          
S2       16      5,046,758,371 dTLB-loads                                                    (18.04%)
S2       16            106,977 dTLB-load-misses                                              (18.04%)
S2       16    <not supported> dTLB-stores             
S2       16    <not supported> dTLB-store-misses       
S2       16      2,604,557,691 iTLB-loads                                                    (16.60%)
S2       16             90,125 iTLB-load-misses                                              (10.85%)
S2       16      1,765,325,135 branch-loads                                                  (16.20%)
S2       16         21,360,213 branch-load-misses                                            (22.36%)
S3       16        319,101,369 cache-misses                                                  (22.20%)
S3       16     67,154,957,807 cycles                    #    0.000 GHz                      (21.52%)
S3       16     22,653,583,497 instructions              #    0.00  insns per cycle          (27.31%)
S3       16             65,880 cs                                                            (100.00%)
S3       16              2,233 migrations                                                    (100.00%)
S3       16             28,897 faults                                                      
S3       16    <not supported> bus-cycles              
S3       16    390,458,229,753 idle-cycles-frontend      #    0.00% frontend cycles idle     (16.58%)
S3       16     22,797,755,456 idle-cycles-backend       #    0.00% backend  cycles idle     (16.73%)
S3       16     12,502,034,402 L1-dcache-loads                                               (22.35%)
S3       16        556,484,148 L1-dcache-load-misses                                         (28.10%)
S3       16        579,502,004 L1-dcache-stores                                              (27.96%)
S3       16    <not supported> L1-dcache-store-misses  
S3       16                  0 L1-dcache-prefetch-misses                                     (27.99%)
S3       16        304,573,194 L1-icache-load-misses                                         (28.15%)
S3       16        996,436,807 LLC-loads                                                     (11.12%)
S3       16        317,006,953 LLC-stores                                                    (10.95%)
S3       16    <not supported> LLC-prefetches          
S3       16     12,078,027,888 dTLB-loads                                                    (16.71%)
S3       16            475,880 dTLB-load-misses                                              (16.74%)
S3       16    <not supported> dTLB-stores             
S3       16    <not supported> dTLB-store-misses       
S3       16      7,149,526,609 iTLB-loads                                                    (16.80%)
S3       16            419,360 iTLB-load-misses                                              (11.21%)
S3       16      4,365,711,767 branch-loads                                                  (16.67%)
S3       16         97,685,490 branch-load-misses                                            (22.02%)

     347.571141745 seconds time elapsed

#################################################################
# Test multi-threading - 32 threads - T4 
#################################################################
2592935.MEM-Localalloc.catwoman.t32
[M::bwa_idx_load_from_disk] read 0 ALT contigs
[M::process] read 3168318 sequences (320000118 bp)...
[M::mem_process_seqs] Processed 3168318 reads in 903.845 CPU sec, 38.538 real sec
[M::process] read 3168318 sequences (320000118 bp)...
[M::process] read 3168318 sequences (320000118 bp)...
[M::mem_process_seqs] Processed 3168318 reads in 1000.409 CPU sec, 32.279 real sec
[M::process] read 3168318 sequences (320000118 bp)...
[M::mem_process_seqs] Processed 3168318 reads in 1029.208 CPU sec, 32.671 real sec
[M::process] read 3168318 sequences (320000118 bp)...
[M::mem_process_seqs] Processed 3168318 reads in 1008.995 CPU sec, 32.292 real sec
[M::process] read 3168318 sequences (320000118 bp)...
[M::mem_process_seqs] Processed 3168318 reads in 1039.209 CPU sec, 32.872 real sec
[M::mem_process_seqs] Processed 3168318 reads in 1030.727 CPU sec, 33.840 real sec
[M::process] read 2525154 sequences (255040554 bp)...
[M::mem_process_seqs] Processed 2525154 reads in 849.406 CPU sec, 26.895 real sec
[main] Version: 0.7.15-r1140
[main] CMD: ./bwa mem -t 32 /tmp/data/indexes/HG_index_BWA_default/hsapiens_v37.fa /tmp/data/datasets/NIST7086_CGTACTAG_L002_R2_001.fastq
[main] Real time: 247.980 sec; CPU: 6884.166 sec

 Performance counter stats for 'numactl --localalloc --physcpubind=0-31 ./bwa mem -t 32 /tmp/data/indexes/HG_index_BWA_default/hsapiens_v37.fa /tmp/data/datasets/NIST7086_CGTACTAG_L002_R2_001.fastq':

S0       16      5,323,708,348 cache-misses                                                  (21.85%)
S0       16  8,610,986,171,689 cycles                    #    0.000 GHz                      (22.47%)
S0       16  5,242,908,289,858 instructions              #   19.34  insns per cycle        
                                             #    0.01  stalled cycles per insn  (28.41%)
S0       16          4,583,306 cs                                                            (100.00%)
S0       16             35,156 migrations                                                    (100.00%)
S0       16            456,914 faults                                                      
S0       16    <not supported> bus-cycles              
S0       16    899,914,331,478 idle-cycles-frontend      #  331.89% frontend cycles idle     (17.61%)
S0       16  2,249,809,435,544 idle-cycles-backend       #  829.73% backend  cycles idle     (17.16%)
S0       16  1,675,364,972,878 L1-dcache-loads                                               (22.67%)
S0       16     23,122,272,242 L1-dcache-load-misses     #   39.28% of all L1-dcache hits    (28.07%)
S0       16     24,822,442,425 L1-dcache-stores                                              (27.80%)
S0       16    <not supported> L1-dcache-store-misses  
S0       16                  0 L1-dcache-prefetch-misses                                     (27.81%)
S0       16      5,264,906,256 L1-icache-load-misses                                         (27.68%)
S0       16     30,665,488,158 LLC-loads                                                     (10.98%)
S0       16     17,370,652,697 LLC-stores                                                    (10.98%)
S0       16    <not supported> LLC-prefetches          
S0       16  1,740,346,764,073 dTLB-loads                                                    (16.42%)
S0       16      3,450,051,974 dTLB-load-misses          #    5.67% of all dTLB cache hits   (16.31%)
S0       16    <not supported> dTLB-stores             
S0       16    <not supported> dTLB-store-misses       
S0       16  1,231,902,523,727 iTLB-loads                                                    (16.32%)
S0       16        104,902,736 iTLB-load-misses          #    0.25% of all iTLB cache hits   (10.85%)
S0       16    472,682,729,841 branch-loads                                                  (16.22%)
S0       16     31,707,971,841 branch-load-misses                                            (21.61%)
S1       16      4,981,980,992 cache-misses                                                  (22.10%)
S1       16  8,655,676,892,269 cycles                    #    0.000 GHz                      (22.16%)
S1       16  6,710,129,374,917 instructions              #    0.00  insns per cycle          (27.74%)
S1       16          4,079,405 cs                                                            (100.00%)
S1       16             42,790 migrations                                                    (100.00%)
S1       16            658,632 faults                                                      
S1       16    <not supported> bus-cycles              
S1       16    878,783,962,642 idle-cycles-frontend      #    0.00% frontend cycles idle     (16.80%)
S1       16  1,757,958,013,520 idle-cycles-backend       #    0.00% backend  cycles idle     (16.91%)
S1       16  2,077,168,051,206 L1-dcache-loads                                               (22.49%)
S1       16     26,752,360,529 L1-dcache-load-misses                                         (28.21%)
S1       16     27,986,434,669 L1-dcache-stores                                              (28.16%)
S1       16    <not supported> L1-dcache-store-misses  
S1       16                  0 L1-dcache-prefetch-misses                                     (27.97%)
S1       16      4,938,446,898 L1-icache-load-misses                                         (27.87%)
S1       16     33,611,552,910 LLC-loads                                                     (11.07%)
S1       16     20,585,818,562 LLC-stores                                                    (10.96%)
S1       16    <not supported> LLC-prefetches          
S1       16  2,139,211,760,126 dTLB-loads                                                    (16.44%)
S1       16      4,205,960,174 dTLB-load-misses                                              (16.40%)
S1       16    <not supported> dTLB-stores             
S1       16    <not supported> dTLB-store-misses       
S1       16  1,485,265,872,911 iTLB-loads                                                    (16.64%)
S1       16        107,563,606 iTLB-load-misses                                              (11.12%)
S1       16    552,495,956,690 branch-loads                                                  (16.60%)
S1       16     39,159,086,066 branch-load-misses                                            (22.09%)
S2       16        162,234,545 cache-misses                                                  (21.86%)
S2       16     37,626,148,860 cycles                    #    0.000 GHz                      (21.20%)
S2       16     10,113,518,736 instructions              #    0.00  insns per cycle          (27.39%)
S2       16             90,414 cs                                                            (100.00%)
S2       16              9,453 migrations                                                    (100.00%)
S2       16             17,109 faults                                                      
S2       16    <not supported> bus-cycles              
S2       16    248,745,823,452 idle-cycles-frontend      #    0.00% frontend cycles idle     (19.16%)
S2       16     17,684,446,015 idle-cycles-backend       #    0.00% backend  cycles idle     (15.87%)
S2       16      5,104,692,234 L1-dcache-loads                                               (22.58%)
S2       16        247,782,571 L1-dcache-load-misses                                         (27.83%)
S2       16        264,610,414 L1-dcache-stores                                              (27.86%)
S2       16    <not supported> L1-dcache-store-misses  
S2       16                  0 L1-dcache-prefetch-misses                                     (24.99%)
S2       16        150,225,727 L1-icache-load-misses                                         (25.88%)
S2       16        416,587,006 LLC-loads                                                     (12.74%)
S2       16        267,496,296 LLC-stores                                                    (13.43%)
S2       16    <not supported> LLC-prefetches          
S2       16      5,501,845,569 dTLB-loads                                                    (18.89%)
S2       16             82,630 dTLB-load-misses                                              (18.10%)
S2       16    <not supported> dTLB-stores             
S2       16    <not supported> dTLB-store-misses       
S2       16      2,600,009,194 iTLB-loads                                                    (15.72%)
S2       16            103,383 iTLB-load-misses                                              (11.06%)
S2       16      1,696,646,258 branch-loads                                                  (16.76%)
S2       16         19,483,111 branch-load-misses                                            (22.02%)
S3       16        249,347,678 cache-misses                                                  (20.63%)
S3       16     49,352,213,974 cycles                    #    0.000 GHz                      (21.45%)
S3       16     16,517,135,435 instructions              #    0.00  insns per cycle          (27.26%)
S3       16             51,781 cs                                                            (100.00%)
S3       16              4,150 migrations                                                    (100.00%)
S3       16             23,902 faults                                                      
S3       16    <not supported> bus-cycles              
S3       16    356,037,454,206 idle-cycles-frontend      #    0.00% frontend cycles idle     (18.20%)
S3       16     21,548,905,156 idle-cycles-backend       #    0.00% backend  cycles idle     (17.72%)
S3       16     10,041,126,810 L1-dcache-loads                                               (23.10%)
S3       16        454,592,198 L1-dcache-load-misses                                         (28.76%)
S3       16        457,969,431 L1-dcache-stores                                              (28.56%)
S3       16    <not supported> L1-dcache-store-misses  
S3       16                  0 L1-dcache-prefetch-misses                                     (28.27%)
S3       16        212,266,798 L1-icache-load-misses                                         (27.78%)
S3       16        629,933,637 LLC-loads                                                     (11.07%)
S3       16        314,628,677 LLC-stores                                                    (11.04%)
S3       16    <not supported> LLC-prefetches          
S3       16      8,394,312,677 dTLB-loads                                                    (16.54%)
S3       16            387,651 dTLB-load-misses                                              (16.28%)
S3       16    <not supported> dTLB-stores             
S3       16    <not supported> dTLB-store-misses       
S3       16      4,643,600,475 iTLB-loads                                                    (16.53%)
S3       16            331,846 iTLB-load-misses                                              (11.02%)
S3       16      2,929,714,819 branch-loads                                                  (16.23%)
S3       16         75,557,168 branch-load-misses                                            (21.37%)

     248.149255169 seconds time elapsed

#################################################################
# Test multi-threading - 48 threads - T5
#################################################################
2592935.MEM-Localalloc.catwoman.t48
[M::bwa_idx_load_from_disk] read 0 ALT contigs
[M::process] read 4752476 sequences (480000076 bp)...
[M::mem_process_seqs] Processed 4752476 reads in 1619.271 CPU sec, 45.460 real sec
[M::process] read 4752476 sequences (480000076 bp)...
[M::process] read 4752476 sequences (480000076 bp)...
[M::mem_process_seqs] Processed 4752476 reads in 2015.789 CPU sec, 43.339 real sec
[M::mem_process_seqs] Processed 4752476 reads in 1997.978 CPU sec, 43.162 real sec
[M::process] read 4752476 sequences (480000076 bp)...
[M::process] read 2525158 sequences (255040958 bp)...
[M::mem_process_seqs] Processed 4752476 reads in 1995.131 CPU sec, 44.521 real sec
[M::mem_process_seqs] Processed 2525158 reads in 1113.065 CPU sec, 23.619 real sec
[main] Version: 0.7.15-r1140
[main] CMD: ./bwa mem -t 48 /tmp/data/indexes/HG_index_BWA_default/hsapiens_v37.fa /tmp/data/datasets/NIST7086_CGTACTAG_L002_R2_001.fastq
[main] Real time: 231.971 sec; CPU: 8786.180 sec

 Performance counter stats for 'numactl --localalloc --physcpubind=0-47 ./bwa mem -t 48 /tmp/data/indexes/HG_index_BWA_default/hsapiens_v37.fa /tmp/data/datasets/NIST7086_CGTACTAG_L002_R2_001.fastq':

S0       16      3,853,115,052 cache-misses                                                  (22.07%)
S0       16  7,456,290,253,899 cycles                    #    0.000 GHz                      (22.75%)
S0       16  3,489,161,071,218 instructions              #    9.90  insns per cycle        
                                             #    0.03  stalled cycles per insn  (28.59%)
S0       16          3,204,669 cs                                                            (100.00%)
S0       16             30,196 migrations                                                    (100.00%)
S0       16            693,169 faults                                                      
S0       16    <not supported> bus-cycles              
S0       16    955,466,287,732 idle-cycles-frontend      #  271.21% frontend cycles idle     (17.74%)
S0       16  2,376,620,086,413 idle-cycles-backend       #  674.62% backend  cycles idle     (17.38%)
S0       16  1,113,189,551,199 L1-dcache-loads                                               (22.88%)
S0       16     15,370,361,195 L1-dcache-load-misses     #   26.52% of all L1-dcache hits    (28.27%)
S0       16     16,457,952,225 L1-dcache-stores                                              (27.94%)
S0       16    <not supported> L1-dcache-store-misses  
S0       16                  0 L1-dcache-prefetch-misses                                     (27.60%)
S0       16      3,908,231,998 L1-icache-load-misses                                         (27.21%)
S0       16     20,999,643,440 LLC-loads                                                     (10.88%)
S0       16     11,588,531,225 LLC-stores                                                    (10.90%)
S0       16    <not supported> LLC-prefetches          
S0       16  1,162,438,829,314 dTLB-loads                                                    (16.49%)
S0       16      2,573,378,831 dTLB-load-misses          #    4.26% of all dTLB cache hits   (16.35%)
S0       16    <not supported> dTLB-stores             
S0       16    <not supported> dTLB-store-misses       
S0       16    824,075,813,202 iTLB-loads                                                    (16.35%)
S0       16        144,620,259 iTLB-load-misses          #    0.34% of all iTLB cache hits   (10.79%)
S0       16    316,739,489,282 branch-loads                                                  (16.16%)
S0       16     21,119,248,006 branch-load-misses                                            (21.68%)
S1       16      4,039,631,135 cache-misses                                                  (21.67%)
S1       16  7,469,220,148,776 cycles                    #    0.000 GHz                      (22.08%)
S1       16  4,251,018,507,471 instructions              #    0.00  insns per cycle          (27.83%)
S1       16          3,043,995 cs                                                            (100.00%)
S1       16             39,406 migrations                                                    (100.00%)
S1       16            952,624 faults                                                      
S1       16    <not supported> bus-cycles              
S1       16  1,099,350,971,417 idle-cycles-frontend      #    0.00% frontend cycles idle     (17.38%)
S1       16  2,063,947,956,229 idle-cycles-backend       #    0.00% backend  cycles idle     (17.44%)
S1       16  1,291,490,731,455 L1-dcache-loads                                               (23.29%)
S1       16     17,321,967,923 L1-dcache-load-misses                                         (28.85%)
S1       16     18,638,539,086 L1-dcache-stores                                              (28.48%)
S1       16    <not supported> L1-dcache-store-misses  
S1       16                  0 L1-dcache-prefetch-misses                                     (27.95%)
S1       16      4,000,128,495 L1-icache-load-misses                                         (27.38%)
S1       16     23,690,550,791 LLC-loads                                                     (10.90%)
S1       16     13,474,758,190 LLC-stores                                                    (11.11%)
S1       16    <not supported> LLC-prefetches          
S1       16  1,349,713,258,997 dTLB-loads                                                    (16.75%)
S1       16      2,930,075,430 dTLB-load-misses                                              (16.63%)
S1       16    <not supported> dTLB-stores             
S1       16    <not supported> dTLB-store-misses       
S1       16    961,779,327,559 iTLB-loads                                                    (16.54%)
S1       16        149,381,111 iTLB-load-misses                                              (10.92%)
S1       16    367,804,677,328 branch-loads                                                  (16.31%)
S1       16     25,562,923,813 branch-load-misses                                            (21.54%)
S2       16      3,755,627,719 cache-misses                                                  (21.94%)
S2       16  7,561,373,735,408 cycles                    #    0.000 GHz                      (21.15%)
S2       16  4,276,539,805,749 instructions              #    0.00  insns per cycle          (27.55%)
S2       16          3,078,586 cs                                                            (100.00%)
S2       16             38,042 migrations                                                    (100.00%)
S2       16            539,700 faults                                                      
S2       16    <not supported> bus-cycles              
S2       16    993,947,536,065 idle-cycles-frontend      #    0.00% frontend cycles idle     (18.59%)
S2       16  2,093,093,432,432 idle-cycles-backend       #    0.00% backend  cycles idle     (17.32%)
S2       16  1,295,261,665,833 L1-dcache-loads                                               (23.79%)
S2       16     17,031,730,810 L1-dcache-load-misses                                         (28.54%)
S2       16     17,876,898,983 L1-dcache-stores                                              (27.54%)
S2       16    <not supported> L1-dcache-store-misses  
S2       16                  0 L1-dcache-prefetch-misses                                     (25.92%)
S2       16      3,651,119,405 L1-icache-load-misses                                         (25.73%)
S2       16     21,879,411,104 LLC-loads                                                     (12.47%)
S2       16     12,766,314,422 LLC-stores                                                    (12.85%)
S2       16    <not supported> LLC-prefetches          
S2       16  1,348,672,900,480 dTLB-loads                                                    (18.02%)
S2       16      2,927,926,563 dTLB-load-misses                                              (16.62%)
S2       16    <not supported> dTLB-stores             
S2       16    <not supported> dTLB-store-misses       
S2       16    959,574,529,458 iTLB-loads                                                    (16.46%)
S2       16        141,004,402 iTLB-load-misses                                              (10.95%)
S2       16    356,714,350,059 branch-loads                                                  (16.30%)
S2       16     25,482,462,446 branch-load-misses                                            (21.60%)
S3       16        201,541,810 cache-misses                                                  (21.98%)
S3       16     59,792,311,195 cycles                    #    0.000 GHz                      (20.68%)
S3       16     14,773,543,498 instructions              #    0.00  insns per cycle          (27.92%)
S3       16             63,357 cs                                                            (100.00%)
S3       16              5,195 migrations                                                    (100.00%)
S3       16             24,354 faults                                                      
S3       16    <not supported> bus-cycles              
S3       16    395,700,824,809 idle-cycles-frontend      #    0.00% frontend cycles idle     (19.79%)
S3       16     24,500,845,559 idle-cycles-backend       #    0.00% backend  cycles idle     (17.09%)
S3       16      8,970,738,859 L1-dcache-loads                                               (23.65%)
S3       16        424,587,756 L1-dcache-load-misses                                         (27.83%)
S3       16        447,449,928 L1-dcache-stores                                              (28.71%)
S3       16    <not supported> L1-dcache-store-misses  
S3       16                  0 L1-dcache-prefetch-misses                                     (25.42%)
S3       16        241,133,711 L1-icache-load-misses                                         (26.09%)
S3       16        814,962,699 LLC-loads                                                     (13.79%)
S3       16        294,862,703 LLC-stores                                                    (11.93%)
S3       16    <not supported> LLC-prefetches          
S3       16      8,743,606,842 dTLB-loads                                                    (18.33%)
S3       16            503,368 dTLB-load-misses                                              (16.85%)
S3       16    <not supported> dTLB-stores             
S3       16    <not supported> dTLB-store-misses       
S3       16      4,699,905,731 iTLB-loads                                                    (15.49%)
S3       16            304,931 iTLB-load-misses                                              (10.90%)
S3       16      2,620,192,867 branch-loads                                                  (16.25%)
S3       16         57,569,285 branch-load-misses                                            (21.75%)

     232.250154828 seconds time elapsed

#################################################################
# Test multi-threading - 64 threads - T6
#################################################################

[M::bwa_idx_load_from_disk] read 0 ALT contigs
[M::process] read 6336634 sequences (640000034 bp)...
[M::mem_process_seqs] Processed 6336634 reads in 3304.487 CPU sec, 68.520 real sec
[M::process] read 6336634 sequences (640000034 bp)...
[M::process] read 6336634 sequences (640000034 bp)...
[M::mem_process_seqs] Processed 6336634 reads in 3933.549 CPU sec, 62.686 real sec
[M::mem_process_seqs] Processed 6336634 reads in 3987.917 CPU sec, 63.482 real sec
[M::process] read 2525160 sequences (255041160 bp)...
[M::mem_process_seqs] Processed 2525160 reads in 1617.827 CPU sec, 25.554 real sec
[main] Version: 0.7.15-r1140
[main] CMD: ./bwa mem -t 64 /tmp/data/indexes/HG_index_BWA_default/hsapiens_v37.fa /tmp/data/datasets/NIST7086_CGTACTAG_L002_R2_001.fastq
[main] Real time: 261.520 sec; CPU: 12896.878 sec

 Performance counter stats for 'numactl --localalloc --physcpubind=0-63 ./bwa mem -t 64 /tmp/data/indexes/HG_index_BWA_default/hsapiens_v37.fa /tmp/data/datasets/NIST7086_CGTACTAG_L002_R2_001.fastq':

S0       16      3,625,085,643 cache-misses                                                  (21.40%)
S0       16  8,600,496,212,448 cycles                    #    0.000 GHz                      (21.83%)
S0       16  2,765,779,475,121 instructions              #    5.26  insns per cycle        
                                             #    0.07  stalled cycles per insn  (27.65%)
S0       16          2,937,864 cs                                                            (100.00%)
S0       16             24,652 migrations                                                    (100.00%)
S0       16            782,190 faults                                                      
S0       16    <not supported> bus-cycles              
S0       16    947,627,048,043 idle-cycles-frontend      #  180.23% frontend cycles idle     (17.19%)
S0       16  3,094,029,554,182 idle-cycles-backend       #  588.46% backend  cycles idle     (17.17%)
S0       16    873,533,932,959 L1-dcache-loads                                               (22.82%)
S0       16     12,583,141,000 L1-dcache-load-misses     #   21.01% of all L1-dcache hits    (28.59%)
S0       16     13,478,442,586 L1-dcache-stores                                              (28.45%)
S0       16    <not supported> L1-dcache-store-misses  
S0       16                  0 L1-dcache-prefetch-misses                                     (28.50%)
S0       16      3,400,633,892 L1-icache-load-misses                                         (28.51%)
S0       16     16,816,401,614 LLC-loads                                                     (11.48%)
S0       16      8,747,837,090 LLC-stores                                                    (11.44%)
S0       16    <not supported> LLC-prefetches          
S0       16    894,163,765,919 dTLB-loads                                                    (16.74%)
S0       16      2,404,477,460 dTLB-load-misses          #    3.90% of all dTLB cache hits   (16.23%)
S0       16    <not supported> dTLB-stores             
S0       16    <not supported> dTLB-store-misses       
S0       16    662,856,787,233 iTLB-loads                                                    (15.78%)
S0       16        198,968,174 iTLB-load-misses          #    0.45% of all iTLB cache hits   (10.47%)
S0       16    253,211,200,011 branch-loads                                                  (15.72%)
S0       16     16,753,147,604 branch-load-misses                                            (21.07%)
S1       16      3,141,261,248 cache-misses                                                  (21.98%)
S1       16  8,372,907,798,639 cycles                    #    0.000 GHz                      (22.20%)
S1       16  2,935,225,600,228 instructions              #    0.00  insns per cycle          (28.06%)
S1       16          2,653,241 cs                                                            (100.00%)
S1       16             24,299 migrations                                                    (100.00%)
S1       16            477,349 faults                                                      
S1       16    <not supported> bus-cycles              
S1       16    943,639,489,748 idle-cycles-frontend      #    0.00% frontend cycles idle     (17.11%)
S1       16  2,994,499,957,920 idle-cycles-backend       #    0.00% backend  cycles idle     (17.01%)
S1       16    935,121,513,334 L1-dcache-loads                                               (22.57%)
S1       16     12,629,531,498 L1-dcache-load-misses                                         (28.33%)
S1       16     13,352,047,986 L1-dcache-stores                                              (28.05%)
S1       16    <not supported> L1-dcache-store-misses  
S1       16                  0 L1-dcache-prefetch-misses                                     (27.96%)
S1       16      3,089,901,286 L1-icache-load-misses                                         (27.90%)
S1       16     16,852,737,265 LLC-loads                                                     (11.01%)
S1       16      9,452,932,774 LLC-stores                                                    (10.93%)
S1       16    <not supported> LLC-prefetches          
S1       16    964,932,744,215 dTLB-loads                                                    (16.43%)
S1       16      2,512,140,041 dTLB-load-misses                                              (16.46%)
S1       16    <not supported> dTLB-stores             
S1       16    <not supported> dTLB-store-misses       
S1       16    680,590,547,309 iTLB-loads                                                    (16.45%)
S1       16        188,084,092 iTLB-load-misses                                              (10.98%)
S1       16    251,483,133,981 branch-loads                                                  (16.47%)
S1       16     17,620,017,542 branch-load-misses                                            (21.94%)
S2       16      3,109,122,634 cache-misses                                                  (21.83%)
S2       16  8,498,058,303,742 cycles                    #    0.000 GHz                      (20.98%)
S2       16  2,378,412,871,336 instructions              #    0.00  insns per cycle          (26.69%)
S2       16          2,705,878 cs                                                            (100.00%)
S2       16             29,019 migrations                                                    (100.00%)
S2       16            607,201 faults                                                      
S2       16    <not supported> bus-cycles              
S2       16    882,918,529,155 idle-cycles-frontend      #    0.00% frontend cycles idle     (17.13%)
S2       16  3,246,927,666,235 idle-cycles-backend       #    0.00% backend  cycles idle     (15.81%)
S2       16    756,782,960,460 L1-dcache-loads                                               (23.64%)
S2       16     10,706,890,209 L1-dcache-load-misses                                         (26.02%)
S2       16     11,346,856,418 L1-dcache-stores                                              (27.93%)
S2       16    <not supported> L1-dcache-store-misses  
S2       16                  0 L1-dcache-prefetch-misses                                     (24.83%)
S2       16      3,043,647,552 L1-icache-load-misses                                         (28.06%)
S2       16     14,474,720,688 LLC-loads                                                     (14.31%)
S2       16      7,666,379,895 LLC-stores                                                    (11.04%)
S2       16    <not supported> LLC-prefetches          
S2       16    774,380,114,307 dTLB-loads                                                    (17.64%)
S2       16      2,120,914,060 dTLB-load-misses                                              (17.47%)
S2       16    <not supported> dTLB-stores             
S2       16    <not supported> dTLB-store-misses       
S2       16    558,146,977,283 iTLB-loads                                                    (16.37%)
S2       16        176,945,292 iTLB-load-misses                                              (11.03%)
S2       16    205,861,657,852 branch-loads                                                  (16.43%)
S2       16     14,116,434,238 branch-load-misses                                            (22.94%)
S3       16      3,821,282,804 cache-misses                                                  (18.49%)
S3       16  8,178,487,918,621 cycles                    #    0.000 GHz                      (21.57%)
S3       16  4,064,515,562,876 instructions              #    0.00  insns per cycle          (27.67%)
S3       16          3,440,703 cs                                                            (100.00%)
S3       16             37,051 migrations                                                    (100.00%)
S3       16            544,663 faults                                                      
S3       16    <not supported> bus-cycles              
S3       16  1,054,489,669,937 idle-cycles-frontend      #    0.00% frontend cycles idle     (21.39%)
S3       16  2,505,334,371,556 idle-cycles-backend       #    0.00% backend  cycles idle     (16.56%)
S3       16  1,267,052,441,349 L1-dcache-loads                                               (22.88%)
S3       16     16,948,785,507 L1-dcache-load-misses                                         (28.30%)
S3       16     18,001,418,228 L1-dcache-stores                                              (28.31%)
S3       16    <not supported> L1-dcache-store-misses  
S3       16                  0 L1-dcache-prefetch-misses                                     (27.32%)
S3       16      3,724,677,762 L1-icache-load-misses                                         (27.14%)
S3       16     22,289,492,561 LLC-loads                                                     (11.74%)
S3       16     12,967,355,475 LLC-stores                                                    (11.63%)
S3       16    <not supported> LLC-prefetches          
S3       16  1,311,949,567,792 dTLB-loads                                                    (17.13%)
S3       16      3,139,867,598 dTLB-load-misses                                              (17.16%)
S3       16    <not supported> dTLB-stores             
S3       16    <not supported> dTLB-store-misses       
S3       16    923,402,441,076 iTLB-loads                                                    (16.13%)
S3       16        198,435,912 iTLB-load-misses                                              (10.88%)
S3       16    347,605,582,783 branch-loads                                                  (16.28%)
S3       16     24,508,315,703 branch-load-misses                                            (21.58%)

     261.768963634 seconds time elapsed

#################################################################
# Test multi-threading - 64 threads - T6
#################################################################
