mkdir: cannot create directory `/scratch/077-hpca4se-bioinf/jlenis/results/MEM-Localalloc': File exists
> Benchmarks for BWA 0.7.12: NIST7086_CGTACTAG_L002_R2_001
catwoman
#################################################################
# Warm up - 64 threads - T1
#################################################################
WarmUp.2592939.MEM-Localalloc.catwoman.t64
[M::bwa_idx_load_from_disk] read 0 ALT contigs
[M::process] read 6336634 sequences (640000034 bp)...
[M::mem_process_seqs] Processed 6336634 reads in 3182.686 CPU sec, 63.721 real sec
[M::process] read 6336634 sequences (640000034 bp)...
[M::process] read 6336634 sequences (640000034 bp)...
[M::mem_process_seqs] Processed 6336634 reads in 3755.822 CPU sec, 59.622 real sec
[M::mem_process_seqs] Processed 6336634 reads in 3506.985 CPU sec, 63.698 real sec
[M::process] read 2525160 sequences (255041160 bp)...
[M::mem_process_seqs] Processed 2525160 reads in 1525.164 CPU sec, 24.171 real sec
[main] Version: 0.7.15-r1140
[main] CMD: ./bwa mem -t 64 /tmp/data/indexes/HG_index_BWA_default/hsapiens_v37.fa /tmp/data/datasets/NIST7086_CGTACTAG_L002_R2_001.fastq
[main] Real time: 250.792 sec; CPU: 12023.979 sec
#################################################################
# Test multi-threading - 8 threads - T2
#################################################################
2592939.MEM-Localalloc.catwoman.t8
[M::bwa_idx_load_from_disk] read 0 ALT contigs
[M::process] read 792080 sequences (80000080 bp)...
[M::process] read 792080 sequences (80000080 bp)...
[M::mem_process_seqs] Processed 792080 reads in 175.946 CPU sec, 24.804 real sec
[M::process] read 792080 sequences (80000080 bp)...
[M::mem_process_seqs] Processed 792080 reads in 177.076 CPU sec, 22.235 real sec
[M::process] read 792080 sequences (80000080 bp)...
[M::mem_process_seqs] Processed 792080 reads in 177.526 CPU sec, 22.284 real sec
[M::process] read 792080 sequences (80000080 bp)...
[M::mem_process_seqs] Processed 792080 reads in 178.157 CPU sec, 22.343 real sec
[M::process] read 792080 sequences (80000080 bp)...
[M::mem_process_seqs] Processed 792080 reads in 179.230 CPU sec, 22.554 real sec
[M::process] read 792080 sequences (80000080 bp)...
[M::mem_process_seqs] Processed 792080 reads in 181.473 CPU sec, 22.736 real sec
[M::process] read 792080 sequences (80000080 bp)...
[M::mem_process_seqs] Processed 792080 reads in 181.203 CPU sec, 22.770 real sec
[M::process] read 792080 sequences (80000080 bp)...
[M::mem_process_seqs] Processed 792080 reads in 175.489 CPU sec, 22.052 real sec
[M::process] read 792080 sequences (80000080 bp)...
[M::mem_process_seqs] Processed 792080 reads in 176.754 CPU sec, 22.185 real sec
[M::process] read 792080 sequences (80000080 bp)...
[M::mem_process_seqs] Processed 792080 reads in 177.459 CPU sec, 22.224 real sec
[M::process] read 792080 sequences (80000080 bp)...
[M::mem_process_seqs] Processed 792080 reads in 178.605 CPU sec, 22.423 real sec
[M::process] read 792080 sequences (80000080 bp)...
[M::mem_process_seqs] Processed 792080 reads in 180.368 CPU sec, 22.598 real sec
[M::process] read 792080 sequences (80000080 bp)...
[M::mem_process_seqs] Processed 792080 reads in 183.519 CPU sec, 23.060 real sec
[M::process] read 792080 sequences (80000080 bp)...
[M::mem_process_seqs] Processed 792080 reads in 176.533 CPU sec, 22.186 real sec
[M::process] read 792080 sequences (80000080 bp)...
[M::mem_process_seqs] Processed 792080 reads in 176.000 CPU sec, 22.144 real sec
[M::process] read 792080 sequences (80000080 bp)...
[M::mem_process_seqs] Processed 792080 reads in 176.097 CPU sec, 22.079 real sec
[M::process] read 792080 sequences (80000080 bp)...
[M::mem_process_seqs] Processed 792080 reads in 176.795 CPU sec, 22.318 real sec
[M::process] read 792080 sequences (80000080 bp)...
[M::mem_process_seqs] Processed 792080 reads in 177.946 CPU sec, 22.314 real sec
[M::process] read 792080 sequences (80000080 bp)...
[M::mem_process_seqs] Processed 792080 reads in 178.287 CPU sec, 22.410 real sec
[M::process] read 792080 sequences (80000080 bp)...
[M::mem_process_seqs] Processed 792080 reads in 181.597 CPU sec, 22.793 real sec
[M::process] read 792080 sequences (80000080 bp)...
[M::mem_process_seqs] Processed 792080 reads in 178.279 CPU sec, 22.400 real sec
[M::process] read 792080 sequences (80000080 bp)...
[M::mem_process_seqs] Processed 792080 reads in 175.843 CPU sec, 22.096 real sec
[M::process] read 792080 sequences (80000080 bp)...
[M::mem_process_seqs] Processed 792080 reads in 177.070 CPU sec, 22.271 real sec
[M::process] read 792080 sequences (80000080 bp)...
[M::mem_process_seqs] Processed 792080 reads in 179.950 CPU sec, 22.578 real sec
[M::process] read 792080 sequences (80000080 bp)...
[M::mem_process_seqs] Processed 792080 reads in 181.271 CPU sec, 22.788 real sec
[M::process] read 792080 sequences (80000080 bp)...
[M::mem_process_seqs] Processed 792080 reads in 179.531 CPU sec, 22.518 real sec
[M::process] read 148902 sequences (15039102 bp)...
[M::mem_process_seqs] Processed 792080 reads in 181.907 CPU sec, 22.921 real sec
[M::mem_process_seqs] Processed 148902 reads in 38.288 CPU sec, 4.876 real sec
[main] Version: 0.7.15-r1140
[main] CMD: ./bwa mem -t 8 /tmp/data/indexes/HG_index_BWA_default/hsapiens_v37.fa /tmp/data/datasets/NIST7086_CGTACTAG_L002_R2_001.fastq
[main] Real time: 617.363 sec; CPU: 4862.571 sec

 Performance counter stats for 'numactl --localalloc --physcpubind=0-7 ./bwa mem -t 8 /tmp/data/indexes/HG_index_BWA_default/hsapiens_v37.fa /tmp/data/datasets/NIST7086_CGTACTAG_L002_R2_001.fastq':

S0       16      7,640,834,224 cache-misses                                                  (21.93%)
S0       16 11,792,902,482,486 cycles                    #    0.000 GHz                      (22.77%)
S0       16 11,938,345,046,591 instructions              #   63.66  insns per cycle        
                                             #    0.00  stalled cycles per insn  (28.37%)
S0       16          3,424,296 cs                                                            (100.00%)
S0       16             14,543 migrations                                                    (100.00%)
S0       16            589,323 faults                                                      
S0       16    <not supported> bus-cycles              
S0       16    914,801,839,770 idle-cycles-frontend      #  487.81% frontend cycles idle     (17.68%)
S0       16  1,436,135,063,093 idle-cycles-backend       #  765.81% backend  cycles idle     (16.89%)
S0       16  3,729,246,334,438 L1-dcache-loads                                               (22.48%)
S0       16     48,292,066,092 L1-dcache-load-misses     #   82.18% of all L1-dcache hits    (28.17%)
S0       16     50,921,708,820 L1-dcache-stores                                              (27.98%)
S0       16    <not supported> L1-dcache-store-misses  
S0       16                  0 L1-dcache-prefetch-misses                                     (27.62%)
S0       16      7,658,593,557 L1-icache-load-misses                                         (27.48%)
S0       16     59,040,096,383 LLC-loads                                                     (10.74%)
S0       16     36,345,309,201 LLC-stores                                                    (10.59%)
S0       16    <not supported> LLC-prefetches          
S0       16  3,768,322,882,116 dTLB-loads                                                    (16.21%)
S0       16      5,989,744,590 dTLB-load-misses          #   10.09% of all dTLB cache hits   (16.54%)
S0       16    <not supported> dTLB-stores             
S0       16    <not supported> dTLB-store-misses       
S0       16  2,643,487,628,367 iTLB-loads                                                    (16.75%)
S0       16         28,130,356 iTLB-load-misses          #    0.07% of all iTLB cache hits   (11.00%)
S0       16  1,006,358,917,495 branch-loads                                                  (16.62%)
S0       16     69,206,077,071 branch-load-misses                                            (22.34%)
S1       16        164,531,873 cache-misses                                                  (22.28%)
S1       16     68,870,751,414 cycles                    #    0.000 GHz                      (22.29%)
S1       16     18,538,972,916 instructions              #    0.00  insns per cycle          (28.09%)
S1       16             49,645 cs                                                            (100.00%)
S1       16                804 migrations                                                    (100.00%)
S1       16             32,169 faults                                                      
S1       16    <not supported> bus-cycles              
S1       16    458,233,903,829 idle-cycles-frontend      #    0.00% frontend cycles idle     (17.06%)
S1       16     19,827,527,202 idle-cycles-backend       #    0.00% backend  cycles idle     (17.13%)
S1       16      7,388,266,962 L1-dcache-loads                                               (22.73%)
S1       16        336,542,542 L1-dcache-load-misses                                         (28.25%)
S1       16        334,384,000 L1-dcache-stores                                              (27.75%)
S1       16    <not supported> L1-dcache-store-misses  
S1       16                  0 L1-dcache-prefetch-misses                                     (27.72%)
S1       16        150,529,430 L1-icache-load-misses                                         (27.35%)
S1       16        492,014,284 LLC-loads                                                     (10.77%)
S1       16        291,387,490 LLC-stores                                                    (11.07%)
S1       16    <not supported> LLC-prefetches          
S1       16      6,846,333,523 dTLB-loads                                                    (16.62%)
S1       16            210,721 dTLB-load-misses                                              (16.59%)
S1       16    <not supported> dTLB-stores             
S1       16    <not supported> dTLB-store-misses       
S1       16      3,872,014,307 iTLB-loads                                                    (16.65%)
S1       16            100,053 iTLB-load-misses                                              (11.09%)
S1       16      2,702,069,709 branch-loads                                                  (16.45%)
S1       16         26,491,685 branch-load-misses                                            (22.03%)
S2       16        536,030,196 cache-misses                                                  (21.48%)
S2       16     87,207,358,374 cycles                    #    0.000 GHz                      (21.24%)
S2       16     31,115,661,919 instructions              #    0.00  insns per cycle          (26.81%)
S2       16            141,668 cs                                                            (100.00%)
S2       16              9,205 migrations                                                    (100.00%)
S2       16             31,460 faults                                                      
S2       16    <not supported> bus-cycles              
S2       16    533,087,880,318 idle-cycles-frontend      #    0.00% frontend cycles idle     (17.59%)
S2       16     30,733,680,649 idle-cycles-backend       #    0.00% backend  cycles idle     (15.70%)
S2       16     18,566,857,513 L1-dcache-loads                                               (23.41%)
S2       16        837,984,001 L1-dcache-load-misses                                         (25.68%)
S2       16        924,639,758 L1-dcache-stores                                              (28.06%)
S2       16    <not supported> L1-dcache-store-misses  
S2       16                  0 L1-dcache-prefetch-misses                                     (24.83%)
S2       16        557,036,507 L1-icache-load-misses                                         (27.81%)
S2       16      1,358,536,127 LLC-loads                                                     (14.27%)
S2       16        378,873,581 LLC-stores                                                    (11.09%)
S2       16    <not supported> LLC-prefetches          
S2       16     17,353,631,703 dTLB-loads                                                    (17.71%)
S2       16            621,031 dTLB-load-misses                                              (18.07%)
S2       16    <not supported> dTLB-stores             
S2       16    <not supported> dTLB-store-misses       
S2       16     10,526,953,406 iTLB-loads                                                    (15.95%)
S2       16            168,769 iTLB-load-misses                                              (10.93%)
S2       16      5,935,207,933 branch-loads                                                  (16.43%)
S2       16        163,954,075 branch-load-misses                                            (23.12%)
S3       16        134,719,845 cache-misses                                                  (21.58%)
S3       16     53,017,357,715 cycles                    #    0.000 GHz                      (22.21%)
S3       16     12,157,031,026 instructions              #    0.00  insns per cycle          (28.22%)
S3       16             70,134 cs                                                            (100.00%)
S3       16              3,093 migrations                                                    (100.00%)
S3       16             45,994 faults                                                      
S3       16    <not supported> bus-cycles              
S3       16    361,067,196,020 idle-cycles-frontend      #    0.00% frontend cycles idle     (18.19%)
S3       16     18,445,578,784 idle-cycles-backend       #    0.00% backend  cycles idle     (16.39%)
S3       16      5,542,511,639 L1-dcache-loads                                               (22.81%)
S3       16        283,555,278 L1-dcache-load-misses                                         (27.86%)
S3       16        333,371,154 L1-dcache-stores                                              (27.78%)
S3       16    <not supported> L1-dcache-store-misses  
S3       16                  0 L1-dcache-prefetch-misses                                     (26.80%)
S3       16        125,140,255 L1-icache-load-misses                                         (27.32%)
S3       16        410,891,238 LLC-loads                                                     (11.60%)
S3       16        285,200,100 LLC-stores                                                    (11.42%)
S3       16    <not supported> LLC-prefetches          
S3       16      5,868,154,165 dTLB-loads                                                    (16.96%)
S3       16            741,488 dTLB-load-misses                                              (17.13%)
S3       16    <not supported> dTLB-stores             
S3       16    <not supported> dTLB-store-misses       
S3       16      3,422,940,253 iTLB-loads                                                    (16.15%)
S3       16            756,322 iTLB-load-misses                                              (11.20%)
S3       16      2,671,813,051 branch-loads                                                  (16.88%)
S3       16         24,691,441 branch-load-misses                                            (22.44%)

     617.380011909 seconds time elapsed

#################################################################
# Test multi-threading - 16 threads - T3
#################################################################
2592939.MEM-Localalloc.catwoman.t16
[M::bwa_idx_load_from_disk] read 0 ALT contigs
[M::process] read 1584160 sequences (160000160 bp)...
[M::process] read 1584160 sequences (160000160 bp)...
[M::mem_process_seqs] Processed 1584160 reads in 376.770 CPU sec, 31.091 real sec
[M::process] read 1584160 sequences (160000160 bp)...
[M::mem_process_seqs] Processed 1584160 reads in 382.635 CPU sec, 24.076 real sec
[M::process] read 1584160 sequences (160000160 bp)...
[M::mem_process_seqs] Processed 1584160 reads in 390.294 CPU sec, 24.522 real sec
[M::process] read 1584160 sequences (160000160 bp)...
[M::mem_process_seqs] Processed 1584160 reads in 386.111 CPU sec, 24.266 real sec
[M::process] read 1584160 sequences (160000160 bp)...
[M::mem_process_seqs] Processed 1584160 reads in 383.290 CPU sec, 24.110 real sec
[M::process] read 1584160 sequences (160000160 bp)...
[M::mem_process_seqs] Processed 1584160 reads in 387.825 CPU sec, 24.430 real sec
[M::process] read 1584160 sequences (160000160 bp)...
[M::mem_process_seqs] Processed 1584160 reads in 390.529 CPU sec, 24.570 real sec
[M::process] read 1584160 sequences (160000160 bp)...
[M::mem_process_seqs] Processed 1584160 reads in 379.363 CPU sec, 23.856 real sec
[M::process] read 1584160 sequences (160000160 bp)...
[M::mem_process_seqs] Processed 1584160 reads in 383.805 CPU sec, 24.152 real sec
[M::process] read 1584160 sequences (160000160 bp)...
[M::mem_process_seqs] Processed 1584160 reads in 392.780 CPU sec, 24.740 real sec
[M::process] read 1584160 sequences (160000160 bp)...
[M::mem_process_seqs] Processed 1584160 reads in 384.175 CPU sec, 24.269 real sec
[M::process] read 1584160 sequences (160000160 bp)...
[M::mem_process_seqs] Processed 1584160 reads in 386.214 CPU sec, 24.419 real sec
[M::process] read 940982 sequences (95039182 bp)...
[M::mem_process_seqs] Processed 1584160 reads in 387.920 CPU sec, 25.380 real sec
[M::mem_process_seqs] Processed 940982 reads in 238.764 CPU sec, 15.044 real sec
[main] Version: 0.7.15-r1140
[main] CMD: ./bwa mem -t 16 /tmp/data/indexes/HG_index_BWA_default/hsapiens_v37.fa /tmp/data/datasets/NIST7086_CGTACTAG_L002_R2_001.fastq
[main] Real time: 347.098 sec; CPU: 5258.628 sec

 Performance counter stats for 'numactl --localalloc --physcpubind=0-15 ./bwa mem -t 16 /tmp/data/indexes/HG_index_BWA_default/hsapiens_v37.fa /tmp/data/datasets/NIST7086_CGTACTAG_L002_R2_001.fastq':

S0       16      8,553,841,415 cache-misses                                                  (21.35%)
S0       16 12,826,843,768,350 cycles                    #    0.000 GHz                      (21.60%)
S0       16 11,889,096,144,012 instructions              #   58.70  insns per cycle        
                                             #    0.00  stalled cycles per insn  (27.75%)
S0       16          5,624,913 cs                                                            (100.00%)
S0       16             35,739 migrations                                                    (100.00%)
S0       16            693,636 faults                                                      
S0       16    <not supported> bus-cycles              
S0       16  1,032,219,474,401 idle-cycles-frontend      #  509.67% frontend cycles idle     (17.16%)
S0       16  1,900,403,690,056 idle-cycles-backend       #  938.34% backend  cycles idle     (17.39%)
S0       16  3,702,386,739,001 L1-dcache-loads                                               (22.95%)
S0       16     48,560,568,254 L1-dcache-load-misses     #   83.49% of all L1-dcache hits    (28.06%)
S0       16     51,608,415,953 L1-dcache-stores                                              (27.73%)
S0       16    <not supported> L1-dcache-store-misses  
S0       16                  0 L1-dcache-prefetch-misses                                     (27.61%)
S0       16      8,601,230,128 L1-icache-load-misses                                         (27.53%)
S0       16     60,167,071,326 LLC-loads                                                     (11.12%)
S0       16     36,722,005,276 LLC-stores                                                    (11.10%)
S0       16    <not supported> LLC-prefetches          
S0       16  3,784,486,342,292 dTLB-loads                                                    (16.61%)
S0       16      7,015,902,410 dTLB-load-misses          #   11.80% of all dTLB cache hits   (16.56%)
S0       16    <not supported> dTLB-stores             
S0       16    <not supported> dTLB-store-misses       
S0       16  2,669,311,198,718 iTLB-loads                                                    (16.54%)
S0       16         74,522,516 iTLB-load-misses          #    0.18% of all iTLB cache hits   (11.34%)
S0       16  1,014,679,114,976 branch-loads                                                  (16.81%)
S0       16     70,227,255,700 branch-load-misses                                            (22.25%)
S1       16        114,528,417 cache-misses                                                  (21.12%)
S1       16     35,057,030,295 cycles                    #    0.000 GHz                      (21.76%)
S1       16      8,528,388,627 instructions              #    0.00  insns per cycle          (27.48%)
S1       16             34,375 cs                                                            (100.00%)
S1       16              3,587 migrations                                                    (100.00%)
S1       16             22,514 faults                                                      
S1       16    <not supported> bus-cycles              
S1       16    286,645,782,701 idle-cycles-frontend      #    0.00% frontend cycles idle     (17.31%)
S1       16     11,012,094,273 idle-cycles-backend       #    0.00% backend  cycles idle     (17.12%)
S1       16      4,326,907,591 L1-dcache-loads                                               (22.63%)
S1       16        214,619,203 L1-dcache-load-misses                                         (28.37%)
S1       16        215,671,772 L1-dcache-stores                                              (28.50%)
S1       16    <not supported> L1-dcache-store-misses  
S1       16                  0 L1-dcache-prefetch-misses                                     (28.25%)
S1       16        120,965,992 L1-icache-load-misses                                         (28.08%)
S1       16        306,531,766 LLC-loads                                                     (11.10%)
S1       16        212,647,690 LLC-stores                                                    (11.01%)
S1       16    <not supported> LLC-prefetches          
S1       16      5,508,575,818 dTLB-loads                                                    (16.21%)
S1       16            149,220 dTLB-load-misses                                              (16.45%)
S1       16    <not supported> dTLB-stores             
S1       16    <not supported> dTLB-store-misses       
S1       16      4,592,136,185 iTLB-loads                                                    (16.66%)
S1       16             97,260 iTLB-load-misses                                              (11.14%)
S1       16      2,320,254,034 branch-loads                                                  (16.42%)
S1       16         27,031,753 branch-load-misses                                            (21.57%)
S2       16        380,626,225 cache-misses                                                  (22.21%)
S2       16     69,320,761,588 cycles                    #    0.000 GHz                      (21.47%)
S2       16     24,631,629,345 instructions              #    0.00  insns per cycle          (26.46%)
S2       16            104,145 cs                                                            (100.00%)
S2       16              9,369 migrations                                                    (100.00%)
S2       16             21,974 faults                                                      
S2       16    <not supported> bus-cycles              
S2       16    411,167,149,207 idle-cycles-frontend      #    0.00% frontend cycles idle     (17.55%)
S2       16     20,470,294,480 idle-cycles-backend       #    0.00% backend  cycles idle     (16.19%)
S2       16     12,765,849,743 L1-dcache-loads                                               (23.54%)
S2       16        581,972,100 L1-dcache-load-misses                                         (26.66%)
S2       16        573,176,561 L1-dcache-stores                                              (28.15%)
S2       16    <not supported> L1-dcache-store-misses  
S2       16                  0 L1-dcache-prefetch-misses                                     (24.79%)
S2       16        362,470,360 L1-icache-load-misses                                         (26.96%)
S2       16        923,768,607 LLC-loads                                                     (13.30%)
S2       16        329,631,520 LLC-stores                                                    (11.00%)
S2       16    <not supported> LLC-prefetches          
S2       16     11,634,926,582 dTLB-loads                                                    (17.21%)
S2       16            358,566 dTLB-load-misses                                              (17.31%)
S2       16    <not supported> dTLB-stores             
S2       16    <not supported> dTLB-store-misses       
S2       16      7,151,587,421 iTLB-loads                                                    (17.15%)
S2       16            130,570 iTLB-load-misses                                              (10.96%)
S2       16      4,264,638,826 branch-loads                                                  (16.61%)
S2       16        106,272,775 branch-load-misses                                            (22.60%)
S3       16         74,130,125 cache-misses                                                  (22.25%)
S3       16     30,528,455,615 cycles                    #    0.000 GHz                      (22.34%)
S3       16      7,284,753,820 instructions              #    0.00  insns per cycle          (27.85%)
S3       16             48,135 cs                                                            (100.00%)
S3       16              2,685 migrations                                                    (100.00%)
S3       16             29,057 faults                                                      
S3       16    <not supported> bus-cycles              
S3       16    206,269,079,213 idle-cycles-frontend      #    0.00% frontend cycles idle     (16.88%)
S3       16     13,267,945,746 idle-cycles-backend       #    0.00% backend  cycles idle     (16.95%)
S3       16      3,148,385,337 L1-dcache-loads                                               (22.61%)
S3       16        173,832,115 L1-dcache-load-misses                                         (28.12%)
S3       16        186,740,242 L1-dcache-stores                                              (28.17%)
S3       16    <not supported> L1-dcache-store-misses  
S3       16                  0 L1-dcache-prefetch-misses                                     (28.01%)
S3       16         69,801,839 L1-icache-load-misses                                         (27.99%)
S3       16        311,922,175 LLC-loads                                                     (10.69%)
S3       16        233,541,469 LLC-stores                                                    (10.60%)
S3       16    <not supported> LLC-prefetches          
S3       16      4,152,015,699 dTLB-loads                                                    (16.24%)
S3       16            502,219 dTLB-load-misses                                              (16.74%)
S3       16    <not supported> dTLB-stores             
S3       16    <not supported> dTLB-store-misses       
S3       16      2,100,047,635 iTLB-loads                                                    (16.54%)
S3       16            530,423 iTLB-load-misses                                              (11.03%)
S3       16      1,422,816,136 branch-loads                                                  (16.58%)
S3       16         12,929,230 branch-load-misses                                            (21.88%)

     347.206708464 seconds time elapsed

#################################################################
# Test multi-threading - 32 threads - T4 
#################################################################
2592939.MEM-Localalloc.catwoman.t32
[M::bwa_idx_load_from_disk] read 0 ALT contigs
[M::process] read 3168318 sequences (320000118 bp)...
[M::mem_process_seqs] Processed 3168318 reads in 909.626 CPU sec, 38.632 real sec
[M::process] read 3168318 sequences (320000118 bp)...
[M::process] read 3168318 sequences (320000118 bp)...
[M::mem_process_seqs] Processed 3168318 reads in 1042.532 CPU sec, 33.596 real sec
[M::process] read 3168318 sequences (320000118 bp)...
[M::mem_process_seqs] Processed 3168318 reads in 1044.331 CPU sec, 33.036 real sec
[M::process] read 3168318 sequences (320000118 bp)...
[M::mem_process_seqs] Processed 3168318 reads in 1047.982 CPU sec, 33.084 real sec
[M::process] read 3168318 sequences (320000118 bp)...
[M::mem_process_seqs] Processed 3168318 reads in 1036.452 CPU sec, 33.509 real sec
[M::mem_process_seqs] Processed 3168318 reads in 1022.346 CPU sec, 34.468 real sec
[M::process] read 2525154 sequences (255040554 bp)...
[M::mem_process_seqs] Processed 2525154 reads in 831.111 CPU sec, 27.182 real sec
[main] Version: 0.7.15-r1140
[main] CMD: ./bwa mem -t 32 /tmp/data/indexes/HG_index_BWA_default/hsapiens_v37.fa /tmp/data/datasets/NIST7086_CGTACTAG_L002_R2_001.fastq
[main] Real time: 255.448 sec; CPU: 6963.580 sec

 Performance counter stats for 'numactl --localalloc --physcpubind=0-31 ./bwa mem -t 32 /tmp/data/indexes/HG_index_BWA_default/hsapiens_v37.fa /tmp/data/datasets/NIST7086_CGTACTAG_L002_R2_001.fastq':

S0       16      5,068,069,392 cache-misses                                                  (21.68%)
S0       16  8,966,220,729,681 cycles                    #    0.000 GHz                      (22.33%)
S0       16  5,370,172,482,327 instructions              #   19.51  insns per cycle        
                                             #    0.01  stalled cycles per insn  (28.34%)
S0       16          4,532,493 cs                                                            (100.00%)
S0       16             31,827 migrations                                                    (100.00%)
S0       16            441,314 faults                                                      
S0       16    <not supported> bus-cycles              
S0       16    786,694,506,345 idle-cycles-frontend      #  285.88% frontend cycles idle     (19.06%)
S0       16  2,259,885,141,011 idle-cycles-backend       #  821.23% backend  cycles idle     (17.54%)
S0       16  1,677,572,284,633 L1-dcache-loads                                               (23.04%)
S0       16     22,625,263,406 L1-dcache-load-misses     #   38.99% of all L1-dcache hits    (28.61%)
S0       16     24,301,409,255 L1-dcache-stores                                              (28.05%)
S0       16    <not supported> L1-dcache-store-misses  
S0       16                  0 L1-dcache-prefetch-misses                                     (27.55%)
S0       16      5,056,931,784 L1-icache-load-misses                                         (26.47%)
S0       16     29,746,106,030 LLC-loads                                                     (11.13%)
S0       16     17,340,051,581 LLC-stores                                                    (11.00%)
S0       16    <not supported> LLC-prefetches          
S0       16  1,773,727,067,772 dTLB-loads                                                    (16.43%)
S0       16      3,540,861,691 dTLB-load-misses          #    5.86% of all dTLB cache hits   (16.32%)
S0       16    <not supported> dTLB-stores             
S0       16    <not supported> dTLB-store-misses       
S0       16  1,262,799,171,582 iTLB-loads                                                    (16.21%)
S0       16        109,457,102 iTLB-load-misses          #    0.26% of all iTLB cache hits   (10.72%)
S0       16    476,585,468,478 branch-loads                                                  (16.11%)
S0       16     32,765,560,664 branch-load-misses                                            (21.48%)
S1       16      5,216,104,229 cache-misses                                                  (21.98%)
S1       16  8,525,974,444,022 cycles                    #    0.000 GHz                      (22.30%)
S1       16  6,503,925,385,752 instructions              #    0.00  insns per cycle          (28.12%)
S1       16          4,190,231 cs                                                            (100.00%)
S1       16             56,732 migrations                                                    (100.00%)
S1       16            662,790 faults                                                      
S1       16    <not supported> bus-cycles              
S1       16  1,177,468,060,757 idle-cycles-frontend      #    0.00% frontend cycles idle     (17.35%)
S1       16  1,849,739,078,730 idle-cycles-backend       #    0.00% backend  cycles idle     (17.25%)
S1       16  2,022,501,052,436 L1-dcache-loads                                               (22.80%)
S1       16     26,653,755,238 L1-dcache-load-misses                                         (28.27%)
S1       16     28,385,207,634 L1-dcache-stores                                              (27.98%)
S1       16    <not supported> L1-dcache-store-misses  
S1       16                  0 L1-dcache-prefetch-misses                                     (27.69%)
S1       16      5,256,549,030 L1-icache-load-misses                                         (27.37%)
S1       16     34,915,878,860 LLC-loads                                                     (10.76%)
S1       16     20,650,027,688 LLC-stores                                                    (10.94%)
S1       16    <not supported> LLC-prefetches          
S1       16  2,080,328,433,484 dTLB-loads                                                    (16.64%)
S1       16      3,996,882,854 dTLB-load-misses                                              (16.79%)
S1       16    <not supported> dTLB-stores             
S1       16    <not supported> dTLB-store-misses       
S1       16  1,463,958,497,991 iTLB-loads                                                    (16.63%)
S1       16        111,280,013 iTLB-load-misses                                              (10.95%)
S1       16    560,025,647,696 branch-loads                                                  (16.34%)
S1       16     38,959,668,229 branch-load-misses                                            (21.70%)
S2       16        330,541,364 cache-misses                                                  (22.72%)
S2       16     68,932,124,796 cycles                    #    0.000 GHz                      (20.95%)
S2       16     20,161,055,827 instructions              #    0.00  insns per cycle          (27.46%)
S2       16             96,177 cs                                                            (100.00%)
S2       16             10,427 migrations                                                    (100.00%)
S2       16             17,910 faults                                                      
S2       16    <not supported> bus-cycles              
S2       16    335,802,920,867 idle-cycles-frontend      #    0.00% frontend cycles idle     (18.56%)
S2       16     17,620,601,208 idle-cycles-backend       #    0.00% backend  cycles idle     (16.65%)
S2       16      8,804,769,937 L1-dcache-loads                                               (23.00%)
S2       16        441,310,973 L1-dcache-load-misses                                         (26.19%)
S2       16        442,539,475 L1-dcache-stores                                              (28.09%)
S2       16    <not supported> L1-dcache-store-misses  
S2       16                  0 L1-dcache-prefetch-misses                                     (24.66%)
S2       16        301,455,686 L1-icache-load-misses                                         (25.37%)
S2       16        762,687,085 LLC-loads                                                     (13.51%)
S2       16        303,899,358 LLC-stores                                                    (11.77%)
S2       16    <not supported> LLC-prefetches          
S2       16     10,120,621,981 dTLB-loads                                                    (18.16%)
S2       16            343,256 dTLB-load-misses                                              (17.42%)
S2       16    <not supported> dTLB-stores             
S2       16    <not supported> dTLB-store-misses       
S2       16      5,474,442,386 iTLB-loads                                                    (16.35%)
S2       16            104,194 iTLB-load-misses                                              (11.33%)
S2       16      3,023,189,866 branch-loads                                                  (16.85%)
S2       16         80,945,395 branch-load-misses                                            (21.93%)
S3       16         55,350,374 cache-misses                                                  (21.91%)
S3       16     50,535,854,665 cycles                    #    0.000 GHz                      (21.76%)
S3       16      9,443,028,508 instructions              #    0.00  insns per cycle          (27.12%)
S3       16             42,041 cs                                                            (100.00%)
S3       16              3,837 migrations                                                    (100.00%)
S3       16             20,635 faults                                                      
S3       16    <not supported> bus-cycles              
S3       16    264,814,586,272 idle-cycles-frontend      #    0.00% frontend cycles idle     (17.21%)
S3       16     16,447,585,597 idle-cycles-backend       #    0.00% backend  cycles idle     (17.05%)
S3       16      4,850,288,907 L1-dcache-loads                                               (22.49%)
S3       16        196,595,888 L1-dcache-load-misses                                         (26.80%)
S3       16        236,872,529 L1-dcache-stores                                              (27.39%)
S3       16    <not supported> L1-dcache-store-misses  
S3       16                  0 L1-dcache-prefetch-misses                                     (27.32%)
S3       16        112,942,378 L1-icache-load-misses                                         (27.05%)
S3       16        254,766,662 LLC-loads                                                     (12.42%)
S3       16        179,000,026 LLC-stores                                                    (11.69%)
S3       16    <not supported> LLC-prefetches          
S3       16      2,927,314,835 dTLB-loads                                                    (17.22%)
S3       16            265,394 dTLB-load-misses                                              (16.78%)
S3       16    <not supported> dTLB-stores             
S3       16    <not supported> dTLB-store-misses       
S3       16      1,395,214,115 iTLB-loads                                                    (15.98%)
S3       16            176,282 iTLB-load-misses                                              (10.83%)
S3       16        970,973,238 branch-loads                                                  (16.25%)
S3       16          9,878,513 branch-load-misses                                            (21.76%)

     255.618573059 seconds time elapsed

#################################################################
# Test multi-threading - 48 threads - T5
#################################################################
2592939.MEM-Localalloc.catwoman.t48
[M::bwa_idx_load_from_disk] read 0 ALT contigs
[M::process] read 4752476 sequences (480000076 bp)...
[M::mem_process_seqs] Processed 4752476 reads in 1618.524 CPU sec, 45.567 real sec
[M::process] read 4752476 sequences (480000076 bp)...
[M::process] read 4752476 sequences (480000076 bp)...
[M::mem_process_seqs] Processed 4752476 reads in 2024.513 CPU sec, 43.404 real sec
[M::process] read 4752476 sequences (480000076 bp)...
[M::mem_process_seqs] Processed 4752476 reads in 2065.987 CPU sec, 43.644 real sec
[M::process] read 2525158 sequences (255040958 bp)...
[M::mem_process_seqs] Processed 4752476 reads in 2076.254 CPU sec, 43.968 real sec
[M::mem_process_seqs] Processed 2525158 reads in 1136.399 CPU sec, 23.971 real sec
[main] Version: 0.7.15-r1140
[main] CMD: ./bwa mem -t 48 /tmp/data/indexes/HG_index_BWA_default/hsapiens_v37.fa /tmp/data/datasets/NIST7086_CGTACTAG_L002_R2_001.fastq
[main] Real time: 226.080 sec; CPU: 8953.307 sec

 Performance counter stats for 'numactl --localalloc --physcpubind=0-47 ./bwa mem -t 48 /tmp/data/indexes/HG_index_BWA_default/hsapiens_v37.fa /tmp/data/datasets/NIST7086_CGTACTAG_L002_R2_001.fastq':

S0       16      3,839,006,737 cache-misses                                                  (20.39%)
S0       16  7,904,015,390,455 cycles                    #    0.000 GHz                      (21.41%)
S0       16  3,551,841,922,897 instructions              #    9.88  insns per cycle        
                                             #    0.03  stalled cycles per insn  (27.22%)
S0       16          3,272,297 cs                                                            (100.00%)
S0       16             28,811 migrations                                                    (100.00%)
S0       16            500,929 faults                                                      
S0       16    <not supported> bus-cycles              
S0       16    847,463,455,356 idle-cycles-frontend      #  235.81% frontend cycles idle     (20.88%)
S0       16  2,374,100,762,583 idle-cycles-backend       #  660.61% backend  cycles idle     (17.87%)
S0       16  1,077,972,623,370 L1-dcache-loads                                               (24.07%)
S0       16     14,646,538,007 L1-dcache-load-misses     #   25.31% of all L1-dcache hits    (28.54%)
S0       16     15,581,629,338 L1-dcache-stores                                              (28.93%)
S0       16    <not supported> L1-dcache-store-misses  
S0       16                  0 L1-dcache-prefetch-misses                                     (26.69%)
S0       16      3,693,274,578 L1-icache-load-misses                                         (26.53%)
S0       16     20,203,337,172 LLC-loads                                                     (12.13%)
S0       16     11,448,529,506 LLC-stores                                                    (10.90%)
S0       16    <not supported> LLC-prefetches          
S0       16  1,159,436,865,739 dTLB-loads                                                    (16.78%)
S0       16      2,647,803,234 dTLB-load-misses          #    4.29% of all dTLB cache hits   (16.90%)
S0       16    <not supported> dTLB-stores             
S0       16    <not supported> dTLB-store-misses       
S0       16    826,910,124,212 iTLB-loads                                                    (15.44%)
S0       16        148,888,154 iTLB-load-misses          #    0.34% of all iTLB cache hits   (10.56%)
S0       16    314,118,023,590 branch-loads                                                  (15.81%)
S0       16     21,532,789,212 branch-load-misses                                            (21.42%)
S1       16      4,054,447,578 cache-misses                                                  (21.58%)
S1       16  7,428,044,739,119 cycles                    #    0.000 GHz                      (22.44%)
S1       16  4,192,236,231,348 instructions              #    0.00  insns per cycle          (28.27%)
S1       16          3,169,744 cs                                                            (100.00%)
S1       16             41,401 migrations                                                    (100.00%)
S1       16            791,485 faults                                                      
S1       16    <not supported> bus-cycles              
S1       16  1,020,201,759,217 idle-cycles-frontend      #    0.00% frontend cycles idle     (17.71%)
S1       16  2,064,725,565,930 idle-cycles-backend       #    0.00% backend  cycles idle     (17.61%)
S1       16  1,295,016,642,236 L1-dcache-loads                                               (23.25%)
S1       16     17,609,431,874 L1-dcache-load-misses                                         (28.59%)
S1       16     18,997,711,455 L1-dcache-stores                                              (28.39%)
S1       16    <not supported> L1-dcache-store-misses  
S1       16                  0 L1-dcache-prefetch-misses                                     (28.22%)
S1       16      3,964,149,054 L1-icache-load-misses                                         (27.82%)
S1       16     23,474,389,519 LLC-loads                                                     (11.15%)
S1       16     14,079,683,077 LLC-stores                                                    (10.79%)
S1       16    <not supported> LLC-prefetches          
S1       16  1,390,289,683,432 dTLB-loads                                                    (16.24%)
S1       16      3,078,239,688 dTLB-load-misses                                              (15.96%)
S1       16    <not supported> dTLB-stores             
S1       16    <not supported> dTLB-store-misses       
S1       16    986,378,846,921 iTLB-loads                                                    (16.14%)
S1       16        154,449,002 iTLB-load-misses                                              (10.59%)
S1       16    377,874,274,360 branch-loads                                                  (15.99%)
S1       16     25,718,813,691 branch-load-misses                                            (21.20%)
S2       16      3,762,039,598 cache-misses                                                  (22.59%)
S2       16  7,609,608,085,390 cycles                    #    0.000 GHz                      (20.93%)
S2       16  4,283,672,738,732 instructions              #    0.00  insns per cycle          (27.80%)
S2       16          3,230,876 cs                                                            (100.00%)
S2       16             37,995 migrations                                                    (100.00%)
S2       16            330,339 faults                                                      
S2       16    <not supported> bus-cycles              
S2       16    845,584,123,652 idle-cycles-frontend      #    0.00% frontend cycles idle     (18.91%)
S2       16  2,129,579,910,966 idle-cycles-backend       #    0.00% backend  cycles idle     (17.12%)
S2       16  1,322,707,375,844 L1-dcache-loads                                               (23.56%)
S2       16     17,375,143,714 L1-dcache-load-misses                                         (27.83%)
S2       16     18,153,939,759 L1-dcache-stores                                              (28.35%)
S2       16    <not supported> L1-dcache-store-misses  
S2       16                  0 L1-dcache-prefetch-misses                                     (26.13%)
S2       16      3,824,308,749 L1-icache-load-misses                                         (25.11%)
S2       16     23,417,715,919 LLC-loads                                                     (12.63%)
S2       16     13,515,560,196 LLC-stores                                                    (11.47%)
S2       16    <not supported> LLC-prefetches          
S2       16  1,398,010,641,694 dTLB-loads                                                    (17.64%)
S2       16      3,019,470,854 dTLB-load-misses                                              (17.20%)
S2       16    <not supported> dTLB-stores             
S2       16    <not supported> dTLB-store-misses       
S2       16    958,631,523,453 iTLB-loads                                                    (16.74%)
S2       16        140,165,635 iTLB-load-misses                                              (11.16%)
S2       16    355,308,424,402 branch-loads                                                  (16.60%)
S2       16     25,342,462,631 branch-load-misses                                            (21.97%)
S3       16        204,035,909 cache-misses                                                  (22.61%)
S3       16     58,728,809,165 cycles                    #    0.000 GHz                      (22.04%)
S3       16     13,793,963,248 instructions              #    0.00  insns per cycle          (28.43%)
S3       16             61,509 cs                                                            (100.00%)
S3       16              6,589 migrations                                                    (100.00%)
S3       16             37,808 faults                                                      
S3       16    <not supported> bus-cycles              
S3       16    338,686,160,123 idle-cycles-frontend      #    0.00% frontend cycles idle     (18.41%)
S3       16     23,293,874,127 idle-cycles-backend       #    0.00% backend  cycles idle     (16.90%)
S3       16      7,253,063,919 L1-dcache-loads                                               (22.40%)
S3       16        366,256,786 L1-dcache-load-misses                                         (26.99%)
S3       16        398,532,052 L1-dcache-stores                                              (27.80%)
S3       16    <not supported> L1-dcache-store-misses  
S3       16                  0 L1-dcache-prefetch-misses                                     (26.19%)
S3       16        202,739,064 L1-icache-load-misses                                         (25.65%)
S3       16        544,738,094 LLC-loads                                                     (12.22%)
S3       16        284,742,090 LLC-stores                                                    (11.57%)
S3       16    <not supported> LLC-prefetches          
S3       16      6,957,581,884 dTLB-loads                                                    (17.14%)
S3       16            395,508 dTLB-load-misses                                              (17.05%)
S3       16    <not supported> dTLB-stores             
S3       16    <not supported> dTLB-store-misses       
S3       16      3,931,774,060 iTLB-loads                                                    (16.30%)
S3       16            335,279 iTLB-load-misses                                              (10.68%)
S3       16      2,599,549,744 branch-loads                                                  (16.35%)
S3       16         59,228,524 branch-load-misses                                            (21.68%)

     226.350371243 seconds time elapsed

#################################################################
# Test multi-threading - 64 threads - T6
#################################################################

[M::bwa_idx_load_from_disk] read 0 ALT contigs
[M::process] read 6336634 sequences (640000034 bp)...
[M::mem_process_seqs] Processed 6336634 reads in 3315.612 CPU sec, 67.209 real sec
[M::process] read 6336634 sequences (640000034 bp)...
[M::process] read 6336634 sequences (640000034 bp)...
[M::mem_process_seqs] Processed 6336634 reads in 3953.109 CPU sec, 63.697 real sec
[M::mem_process_seqs] Processed 6336634 reads in 3994.860 CPU sec, 63.833 real sec
[M::process] read 2525160 sequences (255041160 bp)...
[M::mem_process_seqs] Processed 2525160 reads in 1614.077 CPU sec, 25.556 real sec
[main] Version: 0.7.15-r1140
[main] CMD: ./bwa mem -t 64 /tmp/data/indexes/HG_index_BWA_default/hsapiens_v37.fa /tmp/data/datasets/NIST7086_CGTACTAG_L002_R2_001.fastq
[main] Real time: 263.235 sec; CPU: 12932.178 sec

 Performance counter stats for 'numactl --localalloc --physcpubind=0-63 ./bwa mem -t 64 /tmp/data/indexes/HG_index_BWA_default/hsapiens_v37.fa /tmp/data/datasets/NIST7086_CGTACTAG_L002_R2_001.fastq':

S0       16      3,569,675,585 cache-misses                                                  (22.14%)
S0       16  8,640,560,030,749 cycles                    #    0.000 GHz                      (21.88%)
S0       16  2,790,650,966,225 instructions              #    5.29  insns per cycle        
                                             #    0.07  stalled cycles per insn  (27.49%)
S0       16          2,846,112 cs                                                            (100.00%)
S0       16             27,481 migrations                                                    (100.00%)
S0       16            975,152 faults                                                      
S0       16    <not supported> bus-cycles              
S0       16    925,816,412,242 idle-cycles-frontend      #  175.51% frontend cycles idle     (17.45%)
S0       16  3,186,846,911,544 idle-cycles-backend       #  604.13% backend  cycles idle     (16.77%)
S0       16    894,818,757,836 L1-dcache-loads                                               (22.24%)
S0       16     12,996,563,022 L1-dcache-load-misses     #   21.50% of all L1-dcache hits    (27.80%)
S0       16     14,157,100,168 L1-dcache-stores                                              (27.92%)
S0       16    <not supported> L1-dcache-store-misses  
S0       16                  0 L1-dcache-prefetch-misses                                     (28.07%)
S0       16      3,498,244,759 L1-icache-load-misses                                         (26.95%)
S0       16     17,651,408,931 LLC-loads                                                     (11.16%)
S0       16      9,303,967,876 LLC-stores                                                    (11.31%)
S0       16    <not supported> LLC-prefetches          
S0       16    892,102,542,487 dTLB-loads                                                    (16.90%)
S0       16      2,306,425,873 dTLB-load-misses          #    3.82% of all dTLB cache hits   (16.85%)
S0       16    <not supported> dTLB-stores             
S0       16    <not supported> dTLB-store-misses       
S0       16    637,442,491,423 iTLB-loads                                                    (16.54%)
S0       16        189,828,718 iTLB-load-misses          #    0.44% of all iTLB cache hits   (10.86%)
S0       16    247,155,624,689 branch-loads                                                  (16.31%)
S0       16     16,382,790,514 branch-load-misses                                            (21.53%)
S1       16      3,386,412,479 cache-misses                                                  (21.10%)
S1       16  8,569,295,319,213 cycles                    #    0.000 GHz                      (21.69%)
S1       16  3,013,210,962,412 instructions              #    0.00  insns per cycle          (27.34%)
S1       16          2,721,128 cs                                                            (100.00%)
S1       16             26,553 migrations                                                    (100.00%)
S1       16            272,186 faults                                                      
S1       16    <not supported> bus-cycles              
S1       16    999,800,119,732 idle-cycles-frontend      #    0.00% frontend cycles idle     (16.97%)
S1       16  3,035,088,281,669 idle-cycles-backend       #    0.00% backend  cycles idle     (16.82%)
S1       16    939,436,497,325 L1-dcache-loads                                               (22.53%)
S1       16     12,729,082,350 L1-dcache-load-misses                                         (28.42%)
S1       16     13,467,302,780 L1-dcache-stores                                              (28.39%)
S1       16    <not supported> L1-dcache-store-misses  
S1       16                  0 L1-dcache-prefetch-misses                                     (28.29%)
S1       16      3,154,649,728 L1-icache-load-misses                                         (28.27%)
S1       16     16,691,913,090 LLC-loads                                                     (11.34%)
S1       16      9,337,005,601 LLC-stores                                                    (11.39%)
S1       16    <not supported> LLC-prefetches          
S1       16    937,154,091,361 dTLB-loads                                                    (17.10%)
S1       16      2,463,574,667 dTLB-load-misses                                              (16.88%)
S1       16    <not supported> dTLB-stores             
S1       16    <not supported> dTLB-store-misses       
S1       16    676,742,175,640 iTLB-loads                                                    (16.67%)
S1       16        186,851,053 iTLB-load-misses                                              (10.59%)
S1       16    264,576,461,048 branch-loads                                                  (15.77%)
S1       16     18,322,288,321 branch-load-misses                                            (21.00%)
S2       16      2,937,977,365 cache-misses                                                  (20.76%)
S2       16  8,278,617,550,788 cycles                    #    0.000 GHz                      (20.45%)
S2       16  2,370,012,651,181 instructions              #    0.00  insns per cycle          (27.85%)
S2       16          2,587,822 cs                                                            (100.00%)
S2       16             31,571 migrations                                                    (100.00%)
S2       16            277,351 faults                                                      
S2       16    <not supported> bus-cycles              
S2       16    857,265,459,343 idle-cycles-frontend      #    0.00% frontend cycles idle     (20.16%)
S2       16  3,267,535,602,450 idle-cycles-backend       #    0.00% backend  cycles idle     (16.79%)
S2       16    767,016,370,250 L1-dcache-loads                                               (22.79%)
S2       16     10,658,701,631 L1-dcache-load-misses                                         (25.10%)
S2       16     11,034,973,469 L1-dcache-stores                                              (27.76%)
S2       16    <not supported> L1-dcache-store-misses  
S2       16                  0 L1-dcache-prefetch-misses                                     (24.59%)
S2       16      2,946,437,455 L1-icache-load-misses                                         (25.65%)
S2       16     14,088,960,973 LLC-loads                                                     (14.13%)
S2       16      7,453,623,319 LLC-stores                                                    (11.10%)
S2       16    <not supported> LLC-prefetches          
S2       16    769,597,346,614 dTLB-loads                                                    (17.58%)
S2       16      2,060,425,250 dTLB-load-misses                                              (17.63%)
S2       16    <not supported> dTLB-stores             
S2       16    <not supported> dTLB-store-misses       
S2       16    543,355,963,717 iTLB-loads                                                    (16.56%)
S2       16        168,366,585 iTLB-load-misses                                              (11.12%)
S2       16    201,258,311,132 branch-loads                                                  (16.55%)
S2       16     14,116,139,704 branch-load-misses                                            (21.99%)
S3       16      3,871,369,476 cache-misses                                                  (21.49%)
S3       16  8,272,318,682,889 cycles                    #    0.000 GHz                      (21.41%)
S3       16  4,076,259,790,713 instructions              #    0.00  insns per cycle          (27.08%)
S3       16          3,376,528 cs                                                            (100.00%)
S3       16             44,859 migrations                                                    (100.00%)
S3       16            861,447 faults                                                      
S3       16    <not supported> bus-cycles              
S3       16  1,150,929,692,325 idle-cycles-frontend      #    0.00% frontend cycles idle     (17.13%)
S3       16  2,557,308,187,993 idle-cycles-backend       #    0.00% backend  cycles idle     (16.48%)
S3       16  1,266,889,432,438 L1-dcache-loads                                               (22.74%)
S3       16     16,799,688,402 L1-dcache-load-misses                                         (27.52%)
S3       16     17,789,922,824 L1-dcache-stores                                              (28.26%)
S3       16    <not supported> L1-dcache-store-misses  
S3       16                  0 L1-dcache-prefetch-misses                                     (27.02%)
S3       16      3,753,455,939 L1-icache-load-misses                                         (28.09%)
S3       16     22,199,702,778 LLC-loads                                                     (11.99%)
S3       16     12,601,182,404 LLC-stores                                                    (11.20%)
S3       16    <not supported> LLC-prefetches          
S3       16  1,270,287,595,055 dTLB-loads                                                    (17.24%)
S3       16      3,042,535,414 dTLB-load-misses                                              (17.23%)
S3       16    <not supported> dTLB-stores             
S3       16    <not supported> dTLB-store-misses       
S3       16    905,692,323,310 iTLB-loads                                                    (16.62%)
S3       16        194,626,333 iTLB-load-misses                                              (10.98%)
S3       16    339,036,334,845 branch-loads                                                  (16.42%)
S3       16     24,027,172,826 branch-load-misses                                            (22.11%)

     263.485395078 seconds time elapsed

#################################################################
# Test multi-threading - 64 threads - T6
#################################################################
