mkdir: cannot create directory `/scratch/077-hpca4se-bioinf/jlenis/results/MEM-Localalloc': File exists
> Benchmarks for BWA 0.7.12: NIST7086_CGTACTAG_L002_R2_001
catwoman
#################################################################
# Warm up - 64 threads - T1
#################################################################
WarmUp.2592932.MEM-Localalloc.catwoman.t64
[M::bwa_idx_load_from_disk] read 0 ALT contigs
[M::process] read 6336634 sequences (640000034 bp)...
[M::mem_process_seqs] Processed 6336634 reads in 2863.540 CPU sec, 58.258 real sec
[M::process] read 6336634 sequences (640000034 bp)...
[M::process] read 6336634 sequences (640000034 bp)...
[M::mem_process_seqs] Processed 6336634 reads in 3604.874 CPU sec, 57.284 real sec
[M::process] read 2525160 sequences (255041160 bp)...
[M::mem_process_seqs] Processed 6336634 reads in 3657.690 CPU sec, 58.297 real sec
[M::mem_process_seqs] Processed 2525160 reads in 1490.224 CPU sec, 23.701 real sec
[main] Version: 0.7.15-r1140
[main] CMD: ./bwa mem -t 64 /tmp/data/indexes/HG_index_BWA_default/hsapiens_v37.fa /tmp/data/datasets/NIST7086_CGTACTAG_L002_R2_001.fastq
[main] Real time: 260.110 sec; CPU: 11656.251 sec
#################################################################
# Test multi-threading - 8 threads - T2
#################################################################
2592932.MEM-Localalloc.catwoman.t8
[M::bwa_idx_load_from_disk] read 0 ALT contigs
[M::process] read 792080 sequences (80000080 bp)...
[M::process] read 792080 sequences (80000080 bp)...
[M::mem_process_seqs] Processed 792080 reads in 176.245 CPU sec, 24.829 real sec
[M::process] read 792080 sequences (80000080 bp)...
[M::mem_process_seqs] Processed 792080 reads in 177.158 CPU sec, 22.257 real sec
[M::process] read 792080 sequences (80000080 bp)...
[M::mem_process_seqs] Processed 792080 reads in 177.819 CPU sec, 22.358 real sec
[M::process] read 792080 sequences (80000080 bp)...
[M::mem_process_seqs] Processed 792080 reads in 178.477 CPU sec, 22.374 real sec
[M::process] read 792080 sequences (80000080 bp)...
[M::mem_process_seqs] Processed 792080 reads in 180.258 CPU sec, 22.638 real sec
[M::process] read 792080 sequences (80000080 bp)...
[M::mem_process_seqs] Processed 792080 reads in 182.583 CPU sec, 22.867 real sec
[M::process] read 792080 sequences (80000080 bp)...
[M::mem_process_seqs] Processed 792080 reads in 182.234 CPU sec, 22.858 real sec
[M::process] read 792080 sequences (80000080 bp)...
[M::mem_process_seqs] Processed 792080 reads in 176.634 CPU sec, 22.111 real sec
[M::process] read 792080 sequences (80000080 bp)...
[M::mem_process_seqs] Processed 792080 reads in 178.203 CPU sec, 22.363 real sec
[M::process] read 792080 sequences (80000080 bp)...
[M::mem_process_seqs] Processed 792080 reads in 178.253 CPU sec, 22.341 real sec
[M::process] read 792080 sequences (80000080 bp)...
[M::mem_process_seqs] Processed 792080 reads in 179.546 CPU sec, 22.526 real sec
[M::process] read 792080 sequences (80000080 bp)...
[M::mem_process_seqs] Processed 792080 reads in 181.481 CPU sec, 22.760 real sec
[M::process] read 792080 sequences (80000080 bp)...
[M::mem_process_seqs] Processed 792080 reads in 185.460 CPU sec, 23.267 real sec
[M::process] read 792080 sequences (80000080 bp)...
[M::mem_process_seqs] Processed 792080 reads in 177.340 CPU sec, 22.208 real sec
[M::process] read 792080 sequences (80000080 bp)...
[M::mem_process_seqs] Processed 792080 reads in 176.857 CPU sec, 22.211 real sec
[M::process] read 792080 sequences (80000080 bp)...
[M::mem_process_seqs] Processed 792080 reads in 176.577 CPU sec, 22.121 real sec
[M::process] read 792080 sequences (80000080 bp)...
[M::mem_process_seqs] Processed 792080 reads in 177.665 CPU sec, 22.294 real sec
[M::process] read 792080 sequences (80000080 bp)...
[M::mem_process_seqs] Processed 792080 reads in 179.339 CPU sec, 22.451 real sec
[M::process] read 792080 sequences (80000080 bp)...
[M::mem_process_seqs] Processed 792080 reads in 178.414 CPU sec, 22.380 real sec
[M::process] read 792080 sequences (80000080 bp)...
[M::mem_process_seqs] Processed 792080 reads in 182.098 CPU sec, 22.797 real sec
[M::process] read 792080 sequences (80000080 bp)...
[M::mem_process_seqs] Processed 792080 reads in 179.167 CPU sec, 22.486 real sec
[M::process] read 792080 sequences (80000080 bp)...
[M::mem_process_seqs] Processed 792080 reads in 177.301 CPU sec, 22.212 real sec
[M::process] read 792080 sequences (80000080 bp)...
[M::mem_process_seqs] Processed 792080 reads in 179.773 CPU sec, 22.594 real sec
[M::process] read 792080 sequences (80000080 bp)...
[M::mem_process_seqs] Processed 792080 reads in 181.347 CPU sec, 22.738 real sec
[M::process] read 792080 sequences (80000080 bp)...
[M::mem_process_seqs] Processed 792080 reads in 183.040 CPU sec, 23.040 real sec
[M::process] read 792080 sequences (80000080 bp)...
[M::mem_process_seqs] Processed 792080 reads in 181.799 CPU sec, 22.838 real sec
[M::process] read 148902 sequences (15039102 bp)...
[M::mem_process_seqs] Processed 792080 reads in 183.640 CPU sec, 23.057 real sec
[M::mem_process_seqs] Processed 148902 reads in 39.209 CPU sec, 4.952 real sec
[main] Version: 0.7.15-r1140
[main] CMD: ./bwa mem -t 8 /tmp/data/indexes/HG_index_BWA_default/hsapiens_v37.fa /tmp/data/datasets/NIST7086_CGTACTAG_L002_R2_001.fastq
[main] Real time: 621.178 sec; CPU: 4892.729 sec

 Performance counter stats for 'numactl --localalloc --physcpubind=0-7 ./bwa mem -t 8 /tmp/data/indexes/HG_index_BWA_default/hsapiens_v37.fa /tmp/data/datasets/NIST7086_CGTACTAG_L002_R2_001.fastq':

S0       16      8,070,847,784 cache-misses                                                  (21.40%)
S0       16 11,901,450,375,764 cycles                    #    0.000 GHz                      (22.32%)
S0       16 11,912,269,825,501 instructions              #   63.00  insns per cycle        
                                             #    0.00  stalled cycles per insn  (27.90%)
S0       16          4,170,341 cs                                                            (100.00%)
S0       16             14,230 migrations                                                    (100.00%)
S0       16            604,545 faults                                                      
S0       16    <not supported> bus-cycles              
S0       16  1,000,384,302,569 idle-cycles-frontend      #  529.05% frontend cycles idle     (18.24%)
S0       16  1,465,740,401,716 idle-cycles-backend       #  775.16% backend  cycles idle     (17.04%)
S0       16  3,725,917,313,660 L1-dcache-loads                                               (22.69%)
S0       16     48,667,063,833 L1-dcache-load-misses     #   83.15% of all L1-dcache hits    (28.23%)
S0       16     51,445,602,060 L1-dcache-stores                                              (28.21%)
S0       16    <not supported> L1-dcache-store-misses  
S0       16                  0 L1-dcache-prefetch-misses                                     (27.90%)
S0       16      8,153,732,662 L1-icache-load-misses                                         (27.58%)
S0       16     59,903,776,617 LLC-loads                                                     (10.87%)
S0       16     36,513,086,923 LLC-stores                                                    (11.01%)
S0       16    <not supported> LLC-prefetches          
S0       16  3,781,901,511,131 dTLB-loads                                                    (16.53%)
S0       16      6,717,762,474 dTLB-load-misses          #   11.30% of all dTLB cache hits   (16.56%)
S0       16    <not supported> dTLB-stores             
S0       16    <not supported> dTLB-store-misses       
S0       16  2,653,917,928,282 iTLB-loads                                                    (16.18%)
S0       16         28,250,373 iTLB-load-misses          #    0.07% of all iTLB cache hits   (10.89%)
S0       16  1,011,695,275,590 branch-loads                                                  (16.41%)
S0       16     69,580,571,632 branch-load-misses                                            (22.04%)
S1       16        135,732,876 cache-misses                                                  (22.34%)
S1       16     53,440,047,914 cycles                    #    0.000 GHz                      (21.96%)
S1       16     12,318,361,137 instructions              #    0.00  insns per cycle          (28.42%)
S1       16             58,072 cs                                                            (100.00%)
S1       16              2,235 migrations                                                    (100.00%)
S1       16             25,847 faults                                                      
S1       16    <not supported> bus-cycles              
S1       16    331,637,144,301 idle-cycles-frontend      #    0.00% frontend cycles idle     (18.41%)
S1       16     13,248,330,660 idle-cycles-backend       #    0.00% backend  cycles idle     (17.75%)
S1       16      4,818,288,264 L1-dcache-loads                                               (23.12%)
S1       16        229,438,314 L1-dcache-load-misses                                         (28.24%)
S1       16        248,168,294 L1-dcache-stores                                              (28.25%)
S1       16    <not supported> L1-dcache-store-misses  
S1       16                  0 L1-dcache-prefetch-misses                                     (28.01%)
S1       16        119,974,048 L1-icache-load-misses                                         (26.48%)
S1       16        460,127,023 LLC-loads                                                     (10.93%)
S1       16        317,552,369 LLC-stores                                                    (10.89%)
S1       16    <not supported> LLC-prefetches          
S1       16      7,110,301,288 dTLB-loads                                                    (16.36%)
S1       16            135,907 dTLB-load-misses                                              (16.31%)
S1       16    <not supported> dTLB-stores             
S1       16    <not supported> dTLB-store-misses       
S1       16      3,700,467,937 iTLB-loads                                                    (16.22%)
S1       16             93,397 iTLB-load-misses                                              (10.70%)
S1       16      2,126,689,186 branch-loads                                                  (16.24%)
S1       16         17,925,328 branch-load-misses                                            (21.91%)
S2       16        229,047,418 cache-misses                                                  (21.67%)
S2       16     58,013,044,539 cycles                    #    0.000 GHz                      (20.20%)
S2       16     14,731,853,668 instructions              #    0.00  insns per cycle          (26.09%)
S2       16             98,538 cs                                                            (100.00%)
S2       16              8,391 migrations                                                    (100.00%)
S2       16             48,058 faults                                                      
S2       16    <not supported> bus-cycles              
S2       16    360,628,228,156 idle-cycles-frontend      #    0.00% frontend cycles idle     (18.64%)
S2       16     19,091,251,431 idle-cycles-backend       #    0.00% backend  cycles idle     (17.35%)
S2       16      7,194,421,963 L1-dcache-loads                                               (22.72%)
S2       16        464,197,780 L1-dcache-load-misses                                         (26.37%)
S2       16        350,057,345 L1-dcache-stores                                              (27.68%)
S2       16    <not supported> L1-dcache-store-misses  
S2       16                  0 L1-dcache-prefetch-misses                                     (26.39%)
S2       16        216,055,800 L1-icache-load-misses                                         (26.34%)
S2       16        554,199,695 LLC-loads                                                     (13.07%)
S2       16        254,643,597 LLC-stores                                                    (11.19%)
S2       16    <not supported> LLC-prefetches          
S2       16      8,527,595,615 dTLB-loads                                                    (17.41%)
S2       16            843,629 dTLB-load-misses                                              (17.06%)
S2       16    <not supported> dTLB-stores             
S2       16    <not supported> dTLB-store-misses       
S2       16      4,928,177,769 iTLB-loads                                                    (15.83%)
S2       16            521,055 iTLB-load-misses                                              (11.47%)
S2       16      3,244,519,145 branch-loads                                                  (17.06%)
S2       16         30,799,543 branch-load-misses                                            (22.77%)
S3       16        195,409,761 cache-misses                                                  (22.55%)
S3       16     88,848,491,879 cycles                    #    0.000 GHz                      (22.78%)
S3       16     21,668,060,574 instructions              #    0.00  insns per cycle          (28.45%)
S3       16             77,337 cs                                                            (100.00%)
S3       16              1,406 migrations                                                    (100.00%)
S3       16             36,792 faults                                                      
S3       16    <not supported> bus-cycles              
S3       16    528,455,054,849 idle-cycles-frontend      #    0.00% frontend cycles idle     (17.04%)
S3       16     23,310,841,864 idle-cycles-backend       #    0.00% backend  cycles idle     (16.81%)
S3       16      8,108,719,645 L1-dcache-loads                                               (22.46%)
S3       16        375,869,503 L1-dcache-load-misses                                         (28.05%)
S3       16        398,331,466 L1-dcache-stores                                              (27.75%)
S3       16    <not supported> L1-dcache-store-misses  
S3       16                  0 L1-dcache-prefetch-misses                                     (27.69%)
S3       16        138,968,101 L1-icache-load-misses                                         (27.56%)
S3       16        447,145,205 LLC-loads                                                     (10.77%)
S3       16        374,284,956 LLC-stores                                                    (10.91%)
S3       16    <not supported> LLC-prefetches          
S3       16      8,441,868,343 dTLB-loads                                                    (16.32%)
S3       16            187,226 dTLB-load-misses                                              (16.44%)
S3       16    <not supported> dTLB-stores             
S3       16    <not supported> dTLB-store-misses       
S3       16      5,076,489,133 iTLB-loads                                                    (16.38%)
S3       16            122,619 iTLB-load-misses                                              (11.06%)
S3       16      3,819,416,824 branch-loads                                                  (16.65%)
S3       16         34,656,261 branch-load-misses                                            (22.12%)

     621.312114650 seconds time elapsed

#################################################################
# Test multi-threading - 16 threads - T3
#################################################################
2592932.MEM-Localalloc.catwoman.t16
[M::bwa_idx_load_from_disk] read 0 ALT contigs
[M::process] read 1584160 sequences (160000160 bp)...
[M::process] read 1584160 sequences (160000160 bp)...
[M::mem_process_seqs] Processed 1584160 reads in 376.343 CPU sec, 31.572 real sec
[M::process] read 1584160 sequences (160000160 bp)...
[M::mem_process_seqs] Processed 1584160 reads in 381.943 CPU sec, 24.131 real sec
[M::process] read 1584160 sequences (160000160 bp)...
[M::mem_process_seqs] Processed 1584160 reads in 389.413 CPU sec, 24.490 real sec
[M::process] read 1584160 sequences (160000160 bp)...
[M::mem_process_seqs] Processed 1584160 reads in 385.093 CPU sec, 24.244 real sec
[M::process] read 1584160 sequences (160000160 bp)...
[M::mem_process_seqs] Processed 1584160 reads in 383.224 CPU sec, 24.120 real sec
[M::process] read 1584160 sequences (160000160 bp)...
[M::mem_process_seqs] Processed 1584160 reads in 386.233 CPU sec, 24.280 real sec
[M::process] read 1584160 sequences (160000160 bp)...
[M::mem_process_seqs] Processed 1584160 reads in 389.167 CPU sec, 24.450 real sec
[M::process] read 1584160 sequences (160000160 bp)...
[M::mem_process_seqs] Processed 1584160 reads in 378.008 CPU sec, 23.766 real sec
[M::process] read 1584160 sequences (160000160 bp)...
[M::mem_process_seqs] Processed 1584160 reads in 381.503 CPU sec, 23.958 real sec
[M::process] read 1584160 sequences (160000160 bp)...
[M::mem_process_seqs] Processed 1584160 reads in 384.007 CPU sec, 24.175 real sec
[M::process] read 1584160 sequences (160000160 bp)...
[M::mem_process_seqs] Processed 1584160 reads in 379.461 CPU sec, 23.939 real sec
[M::process] read 1584160 sequences (160000160 bp)...
[M::mem_process_seqs] Processed 1584160 reads in 385.126 CPU sec, 25.161 real sec
[M::process] read 940982 sequences (95039182 bp)...
[M::mem_process_seqs] Processed 1584160 reads in 388.343 CPU sec, 24.433 real sec
[M::mem_process_seqs] Processed 940982 reads in 234.519 CPU sec, 15.357 real sec
[main] Version: 0.7.15-r1140
[main] CMD: ./bwa mem -t 16 /tmp/data/indexes/HG_index_BWA_default/hsapiens_v37.fa /tmp/data/datasets/NIST7086_CGTACTAG_L002_R2_001.fastq
[main] Real time: 346.739 sec; CPU: 5230.506 sec

 Performance counter stats for 'numactl --localalloc --physcpubind=0-15 ./bwa mem -t 16 /tmp/data/indexes/HG_index_BWA_default/hsapiens_v37.fa /tmp/data/datasets/NIST7086_CGTACTAG_L002_R2_001.fastq':

S0       16      8,388,579,050 cache-misses                                                  (22.05%)
S0       16 12,787,715,993,530 cycles                    #    0.000 GHz                      (22.25%)
S0       16 11,957,819,938,409 instructions              #   59.21  insns per cycle        
                                             #    0.00  stalled cycles per insn  (27.91%)
S0       16          5,076,563 cs                                                            (100.00%)
S0       16             40,541 migrations                                                    (100.00%)
S0       16            662,923 faults                                                      
S0       16    <not supported> bus-cycles              
S0       16  1,087,605,600,739 idle-cycles-frontend      #  538.50% frontend cycles idle     (16.89%)
S0       16  1,923,622,167,841 idle-cycles-backend       #  952.44% backend  cycles idle     (16.75%)
S0       16  3,742,795,418,849 L1-dcache-loads                                               (22.31%)
S0       16     48,809,465,675 L1-dcache-load-misses     #   83.03% of all L1-dcache hits    (27.89%)
S0       16     51,532,112,216 L1-dcache-stores                                              (27.75%)
S0       16    <not supported> L1-dcache-store-misses  
S0       16                  0 L1-dcache-prefetch-misses                                     (27.72%)
S0       16      8,365,624,644 L1-icache-load-misses                                         (27.78%)
S0       16     60,068,727,850 LLC-loads                                                     (11.12%)
S0       16     36,754,390,236 LLC-stores                                                    (11.04%)
S0       16    <not supported> LLC-prefetches          
S0       16  3,779,351,690,618 dTLB-loads                                                    (16.61%)
S0       16      6,604,493,367 dTLB-load-misses          #   11.12% of all dTLB cache hits   (16.65%)
S0       16    <not supported> dTLB-stores             
S0       16    <not supported> dTLB-store-misses       
S0       16  2,636,865,452,151 iTLB-loads                                                    (16.72%)
S0       16         73,279,331 iTLB-load-misses          #    0.18% of all iTLB cache hits   (11.03%)
S0       16  1,008,974,012,396 branch-loads                                                  (16.53%)
S0       16     69,888,576,857 branch-load-misses                                            (22.00%)
S1       16        102,104,615 cache-misses                                                  (22.26%)
S1       16     46,513,052,627 cycles                    #    0.000 GHz                      (22.88%)
S1       16     10,363,330,427 instructions              #    0.00  insns per cycle          (28.50%)
S1       16             42,190 cs                                                            (100.00%)
S1       16              2,634 migrations                                                    (100.00%)
S1       16             17,473 faults                                                      
S1       16    <not supported> bus-cycles              
S1       16    314,747,848,171 idle-cycles-frontend      #    0.00% frontend cycles idle     (16.99%)
S1       16     13,148,758,104 idle-cycles-backend       #    0.00% backend  cycles idle     (16.74%)
S1       16      4,298,435,935 L1-dcache-loads                                               (22.33%)
S1       16        196,880,824 L1-dcache-load-misses                                         (28.03%)
S1       16        203,468,793 L1-dcache-stores                                              (28.06%)
S1       16    <not supported> L1-dcache-store-misses  
S1       16                  0 L1-dcache-prefetch-misses                                     (28.29%)
S1       16         84,900,119 L1-icache-load-misses                                         (27.78%)
S1       16        333,251,789 LLC-loads                                                     (10.59%)
S1       16        196,443,456 LLC-stores                                                    (10.68%)
S1       16    <not supported> LLC-prefetches          
S1       16      4,052,366,898 dTLB-loads                                                    (16.10%)
S1       16            127,013 dTLB-load-misses                                              (16.28%)
S1       16    <not supported> dTLB-stores             
S1       16    <not supported> dTLB-store-misses       
S1       16      2,401,186,920 iTLB-loads                                                    (16.51%)
S1       16             59,738 iTLB-load-misses                                              (11.01%)
S1       16      1,782,414,496 branch-loads                                                  (16.65%)
S1       16         14,424,235 branch-load-misses                                            (22.00%)
S2       16        176,834,468 cache-misses                                                  (22.47%)
S2       16     34,892,017,158 cycles                    #    0.000 GHz                      (21.63%)
S2       16     10,390,510,116 instructions              #    0.00  insns per cycle          (27.54%)
S2       16             79,954 cs                                                            (100.00%)
S2       16              9,738 migrations                                                    (100.00%)
S2       16             28,245 faults                                                      
S2       16    <not supported> bus-cycles              
S2       16    191,456,511,963 idle-cycles-frontend      #    0.00% frontend cycles idle     (18.72%)
S2       16     13,860,170,274 idle-cycles-backend       #    0.00% backend  cycles idle     (16.68%)
S2       16      4,880,267,822 L1-dcache-loads                                               (23.08%)
S2       16        230,027,405 L1-dcache-load-misses                                         (27.28%)
S2       16        270,084,304 L1-dcache-stores                                              (28.29%)
S2       16    <not supported> L1-dcache-store-misses  
S2       16                  0 L1-dcache-prefetch-misses                                     (24.23%)
S2       16        175,639,109 L1-icache-load-misses                                         (25.92%)
S2       16        444,767,923 LLC-loads                                                     (13.17%)
S2       16        200,213,479 LLC-stores                                                    (12.13%)
S2       16    <not supported> LLC-prefetches          
S2       16      5,359,663,048 dTLB-loads                                                    (17.74%)
S2       16            392,055 dTLB-load-misses                                              (18.21%)
S2       16    <not supported> dTLB-stores             
S2       16    <not supported> dTLB-store-misses       
S2       16      3,140,695,431 iTLB-loads                                                    (16.02%)
S2       16            555,207 iTLB-load-misses                                              (10.49%)
S2       16      2,016,236,017 branch-loads                                                  (16.11%)
S2       16         26,233,771 branch-load-misses                                            (22.06%)
S3       16        262,701,774 cache-misses                                                  (22.16%)
S3       16     56,811,910,022 cycles                    #    0.000 GHz                      (22.11%)
S3       16     19,134,081,972 instructions              #    0.00  insns per cycle          (27.60%)
S3       16             58,366 cs                                                            (100.00%)
S3       16              2,573 migrations                                                    (100.00%)
S3       16             20,855 faults                                                      
S3       16    <not supported> bus-cycles              
S3       16    383,520,810,052 idle-cycles-frontend      #    0.00% frontend cycles idle     (16.39%)
S3       16     21,541,254,694 idle-cycles-backend       #    0.00% backend  cycles idle     (16.40%)
S3       16     10,481,692,798 L1-dcache-loads                                               (21.99%)
S3       16        503,504,042 L1-dcache-load-misses                                         (27.67%)
S3       16        521,974,401 L1-dcache-stores                                              (27.58%)
S3       16    <not supported> L1-dcache-store-misses  
S3       16                  0 L1-dcache-prefetch-misses                                     (27.89%)
S3       16        280,416,878 L1-icache-load-misses                                         (27.90%)
S3       16        959,221,591 LLC-loads                                                     (11.38%)
S3       16        367,816,170 LLC-stores                                                    (11.20%)
S3       16    <not supported> LLC-prefetches          
S3       16     10,992,515,477 dTLB-loads                                                    (16.98%)
S3       16            270,013 dTLB-load-misses                                              (16.87%)
S3       16    <not supported> dTLB-stores             
S3       16    <not supported> dTLB-store-misses       
S3       16      5,660,936,389 iTLB-loads                                                    (16.65%)
S3       16            104,684 iTLB-load-misses                                              (11.07%)
S3       16      3,552,855,899 branch-loads                                                  (16.52%)
S3       16         92,587,557 branch-load-misses                                            (21.77%)

     346.843055452 seconds time elapsed

#################################################################
# Test multi-threading - 32 threads - T4 
#################################################################
2592932.MEM-Localalloc.catwoman.t32
[M::bwa_idx_load_from_disk] read 0 ALT contigs
[M::process] read 3168318 sequences (320000118 bp)...
[M::mem_process_seqs] Processed 3168318 reads in 906.580 CPU sec, 38.478 real sec
[M::process] read 3168318 sequences (320000118 bp)...
[M::process] read 3168318 sequences (320000118 bp)...
[M::mem_process_seqs] Processed 3168318 reads in 1037.419 CPU sec, 33.503 real sec
[M::process] read 3168318 sequences (320000118 bp)...
[M::mem_process_seqs] Processed 3168318 reads in 1087.191 CPU sec, 34.316 real sec
[M::process] read 3168318 sequences (320000118 bp)...
[M::mem_process_seqs] Processed 3168318 reads in 1058.496 CPU sec, 34.798 real sec
[M::process] read 3168318 sequences (320000118 bp)...
[M::mem_process_seqs] Processed 3168318 reads in 1037.403 CPU sec, 33.685 real sec
[M::process] read 2525154 sequences (255040554 bp)...
[M::mem_process_seqs] Processed 3168318 reads in 1065.774 CPU sec, 34.173 real sec
[M::mem_process_seqs] Processed 2525154 reads in 857.091 CPU sec, 27.049 real sec
[main] Version: 0.7.15-r1140
[main] CMD: ./bwa mem -t 32 /tmp/data/indexes/HG_index_BWA_default/hsapiens_v37.fa /tmp/data/datasets/NIST7086_CGTACTAG_L002_R2_001.fastq
[main] Real time: 252.586 sec; CPU: 7069.708 sec

 Performance counter stats for 'numactl --localalloc --physcpubind=0-31 ./bwa mem -t 32 /tmp/data/indexes/HG_index_BWA_default/hsapiens_v37.fa /tmp/data/datasets/NIST7086_CGTACTAG_L002_R2_001.fastq':

S0       16      4,687,313,766 cache-misses                                                  (22.16%)
S0       16  8,936,544,798,520 cycles                    #    0.000 GHz                      (22.52%)
S0       16  5,327,160,101,635 instructions              #   19.21  insns per cycle        
                                             #    0.01  stalled cycles per insn  (28.40%)
S0       16          4,038,969 cs                                                            (100.00%)
S0       16             39,673 migrations                                                    (100.00%)
S0       16            442,853 faults                                                      
S0       16    <not supported> bus-cycles              
S0       16    897,006,175,043 idle-cycles-frontend      #  323.46% frontend cycles idle     (17.50%)
S0       16  2,329,255,545,279 idle-cycles-backend       #  839.92% backend  cycles idle     (17.42%)
S0       16  1,670,479,963,530 L1-dcache-loads                                               (22.97%)
S0       16     22,060,392,095 L1-dcache-load-misses     #   37.86% of all L1-dcache hits    (28.40%)
S0       16     23,248,105,770 L1-dcache-stores                                              (28.01%)
S0       16    <not supported> L1-dcache-store-misses  
S0       16                  0 L1-dcache-prefetch-misses                                     (27.68%)
S0       16      4,751,612,495 L1-icache-load-misses                                         (27.38%)
S0       16     28,971,335,230 LLC-loads                                                     (10.86%)
S0       16     16,785,819,711 LLC-stores                                                    (10.98%)
S0       16    <not supported> LLC-prefetches          
S0       16  1,751,392,131,675 dTLB-loads                                                    (16.49%)
S0       16      3,522,046,813 dTLB-load-misses          #    5.82% of all dTLB cache hits   (16.52%)
S0       16    <not supported> dTLB-stores             
S0       16    <not supported> dTLB-store-misses       
S0       16  1,249,910,594,641 iTLB-loads                                                    (16.26%)
S0       16        113,208,234 iTLB-load-misses          #    0.26% of all iTLB cache hits   (10.72%)
S0       16    464,278,471,024 branch-loads                                                  (16.19%)
S0       16     32,531,047,722 branch-load-misses                                            (21.68%)
S1       16      5,515,746,708 cache-misses                                                  (21.35%)
S1       16  8,714,582,817,202 cycles                    #    0.000 GHz                      (22.39%)
S1       16  6,528,387,068,036 instructions              #    0.00  insns per cycle          (28.08%)
S1       16          4,248,363 cs                                                            (100.00%)
S1       16             52,344 migrations                                                    (100.00%)
S1       16            676,608 faults                                                      
S1       16    <not supported> bus-cycles              
S1       16  1,057,821,695,347 idle-cycles-frontend      #    0.00% frontend cycles idle     (18.01%)
S1       16  1,908,150,547,840 idle-cycles-backend       #    0.00% backend  cycles idle     (17.15%)
S1       16  2,045,314,724,521 L1-dcache-loads                                               (22.64%)
S1       16     27,324,810,948 L1-dcache-load-misses                                         (28.23%)
S1       16     29,394,288,496 L1-dcache-stores                                              (28.07%)
S1       16    <not supported> L1-dcache-store-misses  
S1       16                  0 L1-dcache-prefetch-misses                                     (27.88%)
S1       16      5,525,869,843 L1-icache-load-misses                                         (27.66%)
S1       16     35,960,233,838 LLC-loads                                                     (10.93%)
S1       16     21,416,447,670 LLC-stores                                                    (10.99%)
S1       16    <not supported> LLC-prefetches          
S1       16  2,112,780,649,250 dTLB-loads                                                    (16.54%)
S1       16      4,131,864,956 dTLB-load-misses                                              (16.47%)
S1       16    <not supported> dTLB-stores             
S1       16    <not supported> dTLB-store-misses       
S1       16  1,500,564,981,121 iTLB-loads                                                    (16.35%)
S1       16        115,020,658 iTLB-load-misses                                              (10.83%)
S1       16    571,333,328,207 branch-loads                                                  (16.28%)
S1       16     38,910,529,428 branch-load-misses                                            (21.70%)
S2       16        165,125,453 cache-misses                                                  (22.06%)
S2       16     45,019,897,308 cycles                    #    0.000 GHz                      (20.12%)
S2       16     10,726,690,789 instructions              #    0.00  insns per cycle          (27.43%)
S2       16             77,373 cs                                                            (100.00%)
S2       16              9,235 migrations                                                    (100.00%)
S2       16             26,060 faults                                                      
S2       16    <not supported> bus-cycles              
S2       16    216,440,710,288 idle-cycles-frontend      #    0.00% frontend cycles idle     (18.49%)
S2       16     19,065,358,610 idle-cycles-backend       #    0.00% backend  cycles idle     (15.84%)
S2       16      4,927,710,119 L1-dcache-loads                                               (22.59%)
S2       16        249,835,306 L1-dcache-load-misses                                         (25.48%)
S2       16        287,212,297 L1-dcache-stores                                              (27.15%)
S2       16    <not supported> L1-dcache-store-misses  
S2       16                  0 L1-dcache-prefetch-misses                                     (24.27%)
S2       16        174,334,925 L1-icache-load-misses                                         (25.73%)
S2       16        438,813,239 LLC-loads                                                     (14.73%)
S2       16        220,565,653 LLC-stores                                                    (11.51%)
S2       16    <not supported> LLC-prefetches          
S2       16      4,872,639,536 dTLB-loads                                                    (18.47%)
S2       16            215,227 dTLB-load-misses                                              (17.91%)
S2       16    <not supported> dTLB-stores             
S2       16    <not supported> dTLB-store-misses       
S2       16      2,974,748,200 iTLB-loads                                                    (17.04%)
S2       16            314,880 iTLB-load-misses                                              (11.61%)
S2       16      1,901,803,508 branch-loads                                                  (16.88%)
S2       16         21,842,411 branch-load-misses                                            (22.21%)
S3       16        222,755,980 cache-misses                                                  (22.52%)
S3       16     52,199,006,752 cycles                    #    0.000 GHz                      (22.42%)
S3       16     14,784,193,726 instructions              #    0.00  insns per cycle          (28.14%)
S3       16             60,984 cs                                                            (100.00%)
S3       16              4,613 migrations                                                    (100.00%)
S3       16             16,603 faults                                                      
S3       16    <not supported> bus-cycles              
S3       16    269,233,873,800 idle-cycles-frontend      #    0.00% frontend cycles idle     (17.72%)
S3       16     21,015,127,303 idle-cycles-backend       #    0.00% backend  cycles idle     (16.94%)
S3       16      8,501,136,446 L1-dcache-loads                                               (22.63%)
S3       16        431,494,965 L1-dcache-load-misses                                         (28.00%)
S3       16        494,598,338 L1-dcache-stores                                              (27.63%)
S3       16    <not supported> L1-dcache-store-misses  
S3       16                  0 L1-dcache-prefetch-misses                                     (27.77%)
S3       16        271,935,962 L1-icache-load-misses                                         (26.59%)
S3       16        624,303,388 LLC-loads                                                     (10.94%)
S3       16        227,766,887 LLC-stores                                                    (10.88%)
S3       16    <not supported> LLC-prefetches          
S3       16      7,147,695,391 dTLB-loads                                                    (16.43%)
S3       16            291,279 dTLB-load-misses                                              (16.55%)
S3       16    <not supported> dTLB-stores             
S3       16    <not supported> dTLB-store-misses       
S3       16      4,054,930,678 iTLB-loads                                                    (16.62%)
S3       16             92,873 iTLB-load-misses                                              (11.06%)
S3       16      3,052,373,712 branch-loads                                                  (16.63%)
S3       16         73,920,267 branch-load-misses                                            (21.94%)

     252.774902172 seconds time elapsed

#################################################################
# Test multi-threading - 48 threads - T5
#################################################################
2592932.MEM-Localalloc.catwoman.t48
[M::bwa_idx_load_from_disk] read 0 ALT contigs
[M::process] read 4752476 sequences (480000076 bp)...
[M::mem_process_seqs] Processed 4752476 reads in 1614.175 CPU sec, 45.991 real sec
[M::process] read 4752476 sequences (480000076 bp)...
[M::process] read 4752476 sequences (480000076 bp)...
[M::mem_process_seqs] Processed 4752476 reads in 2029.099 CPU sec, 43.446 real sec
[M::process] read 4752476 sequences (480000076 bp)...
[M::mem_process_seqs] Processed 4752476 reads in 2047.009 CPU sec, 43.687 real sec
[M::process] read 2525158 sequences (255040958 bp)...
[M::mem_process_seqs] Processed 4752476 reads in 2052.115 CPU sec, 43.713 real sec
[M::mem_process_seqs] Processed 2525158 reads in 1120.438 CPU sec, 23.962 real sec
[main] Version: 0.7.15-r1140
[main] CMD: ./bwa mem -t 48 /tmp/data/indexes/HG_index_BWA_default/hsapiens_v37.fa /tmp/data/datasets/NIST7086_CGTACTAG_L002_R2_001.fastq
[main] Real time: 224.598 sec; CPU: 8890.547 sec

 Performance counter stats for 'numactl --localalloc --physcpubind=0-47 ./bwa mem -t 48 /tmp/data/indexes/HG_index_BWA_default/hsapiens_v37.fa /tmp/data/datasets/NIST7086_CGTACTAG_L002_R2_001.fastq':

S0       16      3,460,588,142 cache-misses                                                  (21.44%)
S0       16  7,653,585,870,918 cycles                    #    0.000 GHz                      (21.36%)
S0       16  3,534,392,885,349 instructions              #    9.90  insns per cycle        
                                             #    0.03  stalled cycles per insn  (28.09%)
S0       16          3,176,231 cs                                                            (100.00%)
S0       16             34,392 migrations                                                    (100.00%)
S0       16            266,046 faults                                                      
S0       16    <not supported> bus-cycles              
S0       16    758,011,497,092 idle-cycles-frontend      #  212.37% frontend cycles idle     (18.75%)
S0       16  2,337,568,554,610 idle-cycles-backend       #  654.92% backend  cycles idle     (18.23%)
S0       16  1,086,909,912,259 L1-dcache-loads                                               (24.32%)
S0       16     14,564,516,787 L1-dcache-load-misses     #   24.94% of all L1-dcache hits    (28.04%)
S0       16     15,275,044,056 L1-dcache-stores                                              (28.36%)
S0       16    <not supported> L1-dcache-store-misses  
S0       16                  0 L1-dcache-prefetch-misses                                     (26.08%)
S0       16      3,383,958,292 L1-icache-load-misses                                         (26.49%)
S0       16     19,352,158,410 LLC-loads                                                     (12.27%)
S0       16     10,945,027,877 LLC-stores                                                    (12.37%)
S0       16    <not supported> LLC-prefetches          
S0       16  1,150,688,210,005 dTLB-loads                                                    (17.68%)
S0       16      2,655,127,910 dTLB-load-misses          #    4.36% of all dTLB cache hits   (16.51%)
S0       16    <not supported> dTLB-stores             
S0       16    <not supported> dTLB-store-misses       
S0       16    822,278,606,248 iTLB-loads                                                    (15.77%)
S0       16        142,817,013 iTLB-load-misses          #    0.33% of all iTLB cache hits   (10.74%)
S0       16    300,985,850,015 branch-loads                                                  (16.20%)
S0       16     21,418,369,299 branch-load-misses                                            (21.55%)
S1       16      4,044,645,321 cache-misses                                                  (21.62%)
S1       16  7,519,470,105,141 cycles                    #    0.000 GHz                      (22.02%)
S1       16  4,270,392,103,856 instructions              #    0.00  insns per cycle          (27.59%)
S1       16          3,208,206 cs                                                            (100.00%)
S1       16             43,822 migrations                                                    (100.00%)
S1       16            765,167 faults                                                      
S1       16    <not supported> bus-cycles              
S1       16  1,055,475,603,621 idle-cycles-frontend      #    0.00% frontend cycles idle     (17.12%)
S1       16  2,118,267,172,583 idle-cycles-backend       #    0.00% backend  cycles idle     (17.07%)
S1       16  1,315,166,581,315 L1-dcache-loads                                               (22.83%)
S1       16     17,634,293,408 L1-dcache-load-misses                                         (28.48%)
S1       16     18,778,530,139 L1-dcache-stores                                              (28.60%)
S1       16    <not supported> L1-dcache-store-misses  
S1       16                  0 L1-dcache-prefetch-misses                                     (28.32%)
S1       16      3,884,232,868 L1-icache-load-misses                                         (28.24%)
S1       16     23,072,054,994 LLC-loads                                                     (11.29%)
S1       16     13,610,173,859 LLC-stores                                                    (11.13%)
S1       16    <not supported> LLC-prefetches          
S1       16  1,358,596,560,603 dTLB-loads                                                    (16.61%)
S1       16      3,019,969,201 dTLB-load-misses                                              (16.29%)
S1       16    <not supported> dTLB-stores             
S1       16    <not supported> dTLB-store-misses       
S1       16    977,196,418,674 iTLB-loads                                                    (16.20%)
S1       16        151,923,260 iTLB-load-misses                                              (10.70%)
S1       16    375,884,421,654 branch-loads                                                  (16.00%)
S1       16     25,526,593,911 branch-load-misses                                            (21.32%)
S2       16      4,112,292,148 cache-misses                                                  (21.89%)
S2       16  7,595,895,170,220 cycles                    #    0.000 GHz                      (21.80%)
S2       16  4,228,957,693,571 instructions              #    0.00  insns per cycle          (27.61%)
S2       16          3,396,341 cs                                                            (100.00%)
S2       16             40,389 migrations                                                    (100.00%)
S2       16            594,524 faults                                                      
S2       16    <not supported> bus-cycles              
S2       16    988,012,892,467 idle-cycles-frontend      #    0.00% frontend cycles idle     (17.05%)
S2       16  2,178,222,956,946 idle-cycles-backend       #    0.00% backend  cycles idle     (16.55%)
S2       16  1,327,248,982,067 L1-dcache-loads                                               (23.06%)
S2       16     17,722,403,931 L1-dcache-load-misses                                         (27.73%)
S2       16     18,773,399,289 L1-dcache-stores                                              (28.14%)
S2       16    <not supported> L1-dcache-store-misses  
S2       16                  0 L1-dcache-prefetch-misses                                     (27.19%)
S2       16      4,021,802,613 L1-icache-load-misses                                         (28.07%)
S2       16     23,574,429,755 LLC-loads                                                     (12.01%)
S2       16     13,527,452,264 LLC-stores                                                    (10.98%)
S2       16    <not supported> LLC-prefetches          
S2       16  1,376,124,021,379 dTLB-loads                                                    (16.79%)
S2       16      3,041,859,737 dTLB-load-misses                                              (16.76%)
S2       16    <not supported> dTLB-stores             
S2       16    <not supported> dTLB-store-misses       
S2       16    969,923,975,997 iTLB-loads                                                    (16.44%)
S2       16        147,264,582 iTLB-load-misses                                              (10.94%)
S2       16    364,628,500,030 branch-loads                                                  (16.31%)
S2       16     25,281,185,787 branch-load-misses                                            (22.10%)
S3       16        248,397,319 cache-misses                                                  (22.04%)
S3       16     74,184,522,691 cycles                    #    0.000 GHz                      (21.92%)
S3       16     18,776,667,627 instructions              #    0.00  insns per cycle          (27.52%)
S3       16             71,136 cs                                                            (100.00%)
S3       16              5,076 migrations                                                    (100.00%)
S3       16             29,549 faults                                                      
S3       16    <not supported> bus-cycles              
S3       16    387,029,136,427 idle-cycles-frontend      #    0.00% frontend cycles idle     (18.12%)
S3       16     25,237,390,475 idle-cycles-backend       #    0.00% backend  cycles idle     (16.82%)
S3       16      8,778,503,375 L1-dcache-loads                                               (22.44%)
S3       16        413,912,305 L1-dcache-load-misses                                         (27.32%)
S3       16        420,800,286 L1-dcache-stores                                              (28.32%)
S3       16    <not supported> L1-dcache-store-misses  
S3       16                  0 L1-dcache-prefetch-misses                                     (26.39%)
S3       16        221,706,835 L1-icache-load-misses                                         (26.32%)
S3       16        693,211,087 LLC-loads                                                     (11.50%)
S3       16        279,582,603 LLC-stores                                                    (11.54%)
S3       16    <not supported> LLC-prefetches          
S3       16      7,915,106,077 dTLB-loads                                                    (17.53%)
S3       16            235,971 dTLB-load-misses                                              (17.96%)
S3       16    <not supported> dTLB-stores             
S3       16    <not supported> dTLB-store-misses       
S3       16      4,640,953,546 iTLB-loads                                                    (16.44%)
S3       16            131,210 iTLB-load-misses                                              (10.96%)
S3       16      2,993,374,788 branch-loads                                                  (16.32%)
S3       16         75,073,949 branch-load-misses                                            (21.61%)

     225.953417834 seconds time elapsed

#################################################################
# Test multi-threading - 64 threads - T6
#################################################################

[M::bwa_idx_load_from_disk] read 0 ALT contigs
[M::process] read 6336634 sequences (640000034 bp)...
[M::mem_process_seqs] Processed 6336634 reads in 3252.649 CPU sec, 65.147 real sec
[M::process] read 6336634 sequences (640000034 bp)...
[M::process] read 6336634 sequences (640000034 bp)...
[M::mem_process_seqs] Processed 6336634 reads in 3825.408 CPU sec, 61.139 real sec
[M::mem_process_seqs] Processed 6336634 reads in 3844.909 CPU sec, 62.584 real sec
[M::process] read 2525160 sequences (255041160 bp)...
[M::mem_process_seqs] Processed 2525160 reads in 1551.158 CPU sec, 24.672 real sec
[main] Version: 0.7.15-r1140
[main] CMD: ./bwa mem -t 64 /tmp/data/indexes/HG_index_BWA_default/hsapiens_v37.fa /tmp/data/datasets/NIST7086_CGTACTAG_L002_R2_001.fastq
[main] Real time: 252.702 sec; CPU: 12529.624 sec

 Performance counter stats for 'numactl --localalloc --physcpubind=0-63 ./bwa mem -t 64 /tmp/data/indexes/HG_index_BWA_default/hsapiens_v37.fa /tmp/data/datasets/NIST7086_CGTACTAG_L002_R2_001.fastq':

S0       16      3,303,076,523 cache-misses                                                  (21.46%)
S0       16  8,038,643,091,655 cycles                    #    0.000 GHz                      (22.52%)
S0       16  2,761,330,082,222 instructions              #    5.52  insns per cycle        
                                             #    0.06  stalled cycles per insn  (28.30%)
S0       16          2,830,186 cs                                                            (100.00%)
S0       16             28,269 migrations                                                    (100.00%)
S0       16            533,090 faults                                                      
S0       16    <not supported> bus-cycles              
S0       16    959,792,999,470 idle-cycles-frontend      #  192.00% frontend cycles idle     (17.94%)
S0       16  2,938,029,785,460 idle-cycles-backend       #  587.72% backend  cycles idle     (17.16%)
S0       16    888,848,908,844 L1-dcache-loads                                               (22.82%)
S0       16     12,511,517,143 L1-dcache-load-misses     #   20.89% of all L1-dcache hits    (28.43%)
S0       16     13,449,696,226 L1-dcache-stores                                              (28.10%)
S0       16    <not supported> L1-dcache-store-misses  
S0       16                  0 L1-dcache-prefetch-misses                                     (27.88%)
S0       16      3,336,189,262 L1-icache-load-misses                                         (27.70%)
S0       16     17,184,696,627 LLC-loads                                                     (11.08%)
S0       16      9,284,124,632 LLC-stores                                                    (11.01%)
S0       16    <not supported> LLC-prefetches          
S0       16    938,196,972,801 dTLB-loads                                                    (16.43%)
S0       16      2,483,965,156 dTLB-load-misses          #    4.03% of all dTLB cache hits   (16.26%)
S0       16    <not supported> dTLB-stores             
S0       16    <not supported> dTLB-store-misses       
S0       16    661,449,008,448 iTLB-loads                                                    (16.20%)
S0       16        196,912,345 iTLB-load-misses          #    0.45% of all iTLB cache hits   (10.80%)
S0       16    247,814,928,983 branch-loads                                                  (16.28%)
S0       16     16,956,602,831 branch-load-misses                                            (21.72%)
S1       16      2,716,251,168 cache-misses                                                  (22.22%)
S1       16  8,036,616,120,462 cycles                    #    0.000 GHz                      (22.64%)
S1       16  2,438,831,238,660 instructions              #    0.00  insns per cycle          (28.44%)
S1       16          2,319,919 cs                                                            (100.00%)
S1       16             22,319 migrations                                                    (100.00%)
S1       16            245,849 faults                                                      
S1       16    <not supported> bus-cycles              
S1       16    843,968,349,508 idle-cycles-frontend      #    0.00% frontend cycles idle     (17.35%)
S1       16  3,036,702,014,722 idle-cycles-backend       #    0.00% backend  cycles idle     (17.22%)
S1       16    780,951,952,820 L1-dcache-loads                                               (22.76%)
S1       16     10,539,497,468 L1-dcache-load-misses                                         (28.23%)
S1       16     11,094,632,709 L1-dcache-stores                                              (27.94%)
S1       16    <not supported> L1-dcache-store-misses  
S1       16                  0 L1-dcache-prefetch-misses                                     (27.71%)
S1       16      2,770,272,653 L1-icache-load-misses                                         (27.32%)
S1       16     14,513,972,237 LLC-loads                                                     (10.68%)
S1       16      7,814,595,685 LLC-stores                                                    (10.95%)
S1       16    <not supported> LLC-prefetches          
S1       16    815,838,255,287 dTLB-loads                                                    (16.43%)
S1       16      2,242,305,450 dTLB-load-misses                                              (16.63%)
S1       16    <not supported> dTLB-stores             
S1       16    <not supported> dTLB-store-misses       
S1       16    579,128,548,577 iTLB-loads                                                    (16.42%)
S1       16        186,452,698 iTLB-load-misses                                              (10.87%)
S1       16    211,016,919,401 branch-loads                                                  (16.32%)
S1       16     14,916,828,274 branch-load-misses                                            (21.88%)
S2       16      3,148,605,006 cache-misses                                                  (21.93%)
S2       16  8,074,441,093,991 cycles                    #    0.000 GHz                      (21.89%)
S2       16  2,885,468,678,891 instructions              #    0.00  insns per cycle          (26.60%)
S2       16          2,672,122 cs                                                            (100.00%)
S2       16             31,729 migrations                                                    (100.00%)
S2       16            664,142 faults                                                      
S2       16    <not supported> bus-cycles              
S2       16  1,048,751,364,528 idle-cycles-frontend      #    0.00% frontend cycles idle     (17.07%)
S2       16  2,936,292,003,026 idle-cycles-backend       #    0.00% backend  cycles idle     (16.57%)
S2       16    901,656,969,257 L1-dcache-loads                                               (22.80%)
S2       16     12,162,917,796 L1-dcache-load-misses                                         (26.72%)
S2       16     12,927,591,795 L1-dcache-stores                                              (27.78%)
S2       16    <not supported> L1-dcache-store-misses  
S2       16                  0 L1-dcache-prefetch-misses                                     (25.83%)
S2       16      3,157,351,661 L1-icache-load-misses                                         (26.66%)
S2       16     16,221,001,760 LLC-loads                                                     (12.81%)
S2       16      8,764,865,285 LLC-stores                                                    (11.37%)
S2       16    <not supported> LLC-prefetches          
S2       16    902,295,404,029 dTLB-loads                                                    (17.72%)
S2       16      2,405,793,046 dTLB-load-misses                                              (17.56%)
S2       16    <not supported> dTLB-stores             
S2       16    <not supported> dTLB-store-misses       
S2       16    640,507,181,506 iTLB-loads                                                    (17.13%)
S2       16        195,833,698 iTLB-load-misses                                              (10.85%)
S2       16    244,211,393,133 branch-loads                                                  (16.34%)
S2       16     17,067,172,285 branch-load-misses                                            (22.02%)
S3       16      4,024,530,834 cache-misses                                                  (22.36%)
S3       16  7,843,871,854,861 cycles                    #    0.000 GHz                      (22.53%)
S3       16  3,900,566,981,350 instructions              #    0.00  insns per cycle          (28.05%)
S3       16          3,211,794 cs                                                            (100.00%)
S3       16             38,469 migrations                                                    (100.00%)
S3       16          1,020,885 faults                                                      
S3       16    <not supported> bus-cycles              
S3       16  1,158,511,639,796 idle-cycles-frontend      #    0.00% frontend cycles idle     (16.79%)
S3       16  2,512,799,142,163 idle-cycles-backend       #    0.00% backend  cycles idle     (16.71%)
S3       16  1,262,391,215,364 L1-dcache-loads                                               (22.17%)
S3       16     17,390,172,878 L1-dcache-load-misses                                         (27.80%)
S3       16     18,529,768,963 L1-dcache-stores                                              (27.92%)
S3       16    <not supported> L1-dcache-store-misses  
S3       16                  0 L1-dcache-prefetch-misses                                     (27.93%)
S3       16      4,007,942,820 L1-icache-load-misses                                         (27.91%)
S3       16     22,896,749,374 LLC-loads                                                     (11.01%)
S3       16     13,116,776,443 LLC-stores                                                    (10.87%)
S3       16    <not supported> LLC-prefetches          
S3       16  1,290,232,350,628 dTLB-loads                                                    (16.32%)
S3       16      3,205,281,797 dTLB-load-misses                                              (16.36%)
S3       16    <not supported> dTLB-stores             
S3       16    <not supported> dTLB-store-misses       
S3       16    900,735,141,698 iTLB-loads                                                    (16.48%)
S3       16        216,375,844 iTLB-load-misses                                              (11.05%)
S3       16    339,619,586,711 branch-loads                                                  (16.56%)
S3       16     23,012,471,834 branch-load-misses                                            (22.13%)

     253.069251443 seconds time elapsed

#################################################################
# Test multi-threading - 64 threads - T6
#################################################################
