mkdir: cannot create directory `/scratch/077-hpca4se-bioinf/jlenis/results/BOWTIE2-Interleave': File exists
> Benchmarks for Bowtie2 2.2.6: NIST7086_CGTACTAG_L002_R2_001
penguin
#################################################################
# Warm up - 64 threads - T1
#################################################################
WarmUp.2593050.BOWTIE2-Interleave.penguin.t64
21535062 reads; of these:
  21535062 (100.00%) were unpaired; of these:
    970429 (4.51%) aligned 0 times
    14935119 (69.35%) aligned exactly 1 time
    5629514 (26.14%) aligned >1 times
95.49% overall alignment rate
#################################################################
# Test multi-threading - 8 threads - T2
#################################################################
2593050.BOWTIE2-Interleave.penguin.t8
21535062 reads; of these:
  21535062 (100.00%) were unpaired; of these:
    970429 (4.51%) aligned 0 times
    14935119 (69.35%) aligned exactly 1 time
    5629514 (26.14%) aligned >1 times
95.49% overall alignment rate

 Performance counter stats for 'numactl --interleave=0 --physcpubind=0,4,8,12,16,20,24,28 ./bowtie2 -p 8 -x /tmp/data/indexes/HG_index_bowtie2/bowtie2_index /tmp/data/datasets/NIST7086_CGTACTAG_L002_R2_001.fastq -S /scratch/077-hpca4se-bioinf/jlenis/results/BOWTIE2-Interleave/2593050.BOWTIE2-Interleave.penguin.t8.sam':

S0       16     19,468,706,776 cache-misses                                                  (17.48%)
S0       16  9,918,793,643,424 cycles                    #    0.000 GHz                      (21.72%)
S0       16 15,077,904,388,655 instructions              #   95.86  insns per cycle        
                                             #    0.02  stalled cycles per insn  (26.16%)
S0       16            162,149 cs                                                            (100.00%)
S0       16              1,754 migrations                                                    (100.00%)
S0       16             43,832 faults                                                      
S0       16    574,744,754,603 bus-cycles                                                    (26.18%)
S0       16 14,325,157,687,155 idle-cycles-frontend      #  9107.37% frontend cycles idle     (26.15%)
S0       16 12,961,349,072,442 idle-cycles-backend       #  8240.32% backend  cycles idle     (26.17%)
S0       16  4,040,550,642,013 L1-dcache-loads                                               (26.13%)
S0       16    169,402,684,158 L1-dcache-load-misses     #  266.93% of all L1-dcache hits    (17.41%)
S0       16  2,045,084,520,507 L1-dcache-stores                                              (17.27%)
S0       16     99,654,660,349 L1-dcache-store-misses                                        (17.29%)
S0       16     78,205,898,305 L1-dcache-prefetch-misses                                     (17.37%)
S0       16     51,820,942,640 L1-icache-load-misses                                         (17.30%)
S0       16     41,850,706,477 LLC-loads                                                     (17.40%)
S0       16     26,844,481,875 LLC-stores                                                    (17.38%)
S0       16     35,728,790,904 LLC-prefetches                                                (8.72%)
S0       16  4,025,354,230,777 dTLB-loads                                                    (13.01%)
S0       16     16,591,192,942 dTLB-load-misses          #   26.21% of all dTLB cache hits   (17.37%)
S0       16  2,037,442,880,599 dTLB-stores                                                   (17.43%)
S0       16        982,765,755 dTLB-store-misses                                             (17.39%)
S0       16      1,526,036,990 iTLB-loads                                                    (17.40%)
S0       16        446,521,256 iTLB-load-misses          #  1853.46% of all iTLB cache hits   (17.37%)
S0       16  1,690,107,976,454 branch-loads                                                  (17.44%)
S0       16     65,591,253,575 branch-load-misses                                            (17.35%)
S1       16         88,603,257 cache-misses                                                  (17.41%)
S1       16     45,934,258,590 cycles                    #    0.000 GHz                      (21.72%)
S1       16     21,814,752,096 instructions              #    0.00  insns per cycle          (25.70%)
S1       16            123,421 cs                                                            (100.00%)
S1       16              1,868 migrations                                                    (100.00%)
S1       16             34,491 faults                                                      
S1       16      3,590,952,406 bus-cycles                                                    (25.54%)
S1       16     65,590,272,277 idle-cycles-frontend      #    0.00% frontend cycles idle     (25.67%)
S1       16     57,488,299,817 idle-cycles-backend       #    0.00% backend  cycles idle     (25.78%)
S1       16      4,948,408,196 L1-dcache-loads                                               (25.93%)
S1       16        368,665,149 L1-dcache-load-misses                                         (17.57%)
S1       16      3,072,752,583 L1-dcache-stores                                              (17.36%)
S1       16         53,462,723 L1-dcache-store-misses                                        (17.36%)
S1       16        168,884,328 L1-dcache-prefetch-misses                                     (17.29%)
S1       16        294,587,030 L1-icache-load-misses                                         (17.27%)
S1       16        377,948,389 LLC-loads                                                     (17.39%)
S1       16         37,420,999 LLC-stores                                                    (17.53%)
S1       16         85,942,890 LLC-prefetches                                                (9.01%)
S1       16      5,898,028,917 dTLB-loads                                                    (13.44%)
S1       16         84,524,007 dTLB-load-misses                                              (17.70%)
S1       16      3,990,700,314 dTLB-stores                                                   (17.39%)
S1       16         11,325,865 dTLB-store-misses                                             (17.53%)
S1       16          6,515,385 iTLB-loads                                                    (17.28%)
S1       16          6,417,222 iTLB-load-misses                                              (17.53%)
S1       16      5,807,127,445 branch-loads                                                  (17.71%)
S1       16         89,665,802 branch-load-misses                                            (17.25%)
S2       16         57,696,236 cache-misses                                                  (17.68%)
S2       16     44,852,718,928 cycles                    #    0.000 GHz                      (22.13%)
S2       16     27,069,309,219 instructions              #    0.00  insns per cycle          (25.96%)
S2       16             70,125 cs                                                            (100.00%)
S2       16                711 migrations                                                    (100.00%)
S2       16             45,984 faults                                                      
S2       16      3,654,753,307 bus-cycles                                                    (26.11%)
S2       16     59,642,470,572 idle-cycles-frontend      #    0.00% frontend cycles idle     (25.60%)
S2       16     46,977,954,556 idle-cycles-backend       #    0.00% backend  cycles idle     (25.51%)
S2       16      5,263,009,156 L1-dcache-loads                                               (25.13%)
S2       16        329,995,489 L1-dcache-load-misses                                         (17.51%)
S2       16      2,595,530,147 L1-dcache-stores                                              (17.36%)
S2       16         39,219,821 L1-dcache-store-misses                                        (17.42%)
S2       16         70,031,701 L1-dcache-prefetch-misses                                     (17.70%)
S2       16        138,680,453 L1-icache-load-misses                                         (17.22%)
S2       16        197,283,148 LLC-loads                                                     (17.11%)
S2       16         17,159,023 LLC-stores                                                    (17.40%)
S2       16         26,560,012 LLC-prefetches                                                (9.11%)
S2       16      3,061,591,731 dTLB-loads                                                    (13.42%)
S2       16         45,011,422 dTLB-load-misses                                              (17.52%)
S2       16      2,191,685,275 dTLB-stores                                                   (17.46%)
S2       16          5,652,630 dTLB-store-misses                                             (17.85%)
S2       16          1,778,206 iTLB-loads                                                    (17.92%)
S2       16          3,218,645 iTLB-load-misses                                              (17.56%)
S2       16      5,193,130,226 branch-loads                                                  (17.51%)
S2       16         52,856,099 branch-load-misses                                            (17.89%)
S3       16         91,543,428 cache-misses                                                  (17.69%)
S3       16     57,101,241,837 cycles                    #    0.000 GHz                      (22.05%)
S3       16     35,154,850,742 instructions              #    0.00  insns per cycle          (26.52%)
S3       16            103,921 cs                                                            (100.00%)
S3       16              1,528 migrations                                                    (100.00%)
S3       16             72,429 faults                                                      
S3       16      4,103,659,796 bus-cycles                                                    (26.48%)
S3       16     98,883,166,916 idle-cycles-frontend      #    0.00% frontend cycles idle     (26.28%)
S3       16     86,137,860,888 idle-cycles-backend       #    0.00% backend  cycles idle     (26.42%)
S3       16     10,945,284,774 L1-dcache-loads                                               (26.05%)
S3       16        977,088,312 L1-dcache-load-misses                                         (16.93%)
S3       16      7,498,228,244 L1-dcache-stores                                              (16.98%)
S3       16        184,165,843 L1-dcache-store-misses                                        (16.74%)
S3       16        325,947,544 L1-dcache-prefetch-misses                                     (16.76%)
S3       16        773,681,143 L1-icache-load-misses                                         (16.75%)
S3       16        655,137,400 LLC-loads                                                     (17.01%)
S3       16         54,200,285 LLC-stores                                                    (17.26%)
S3       16        149,371,001 LLC-prefetches                                                (9.36%)
S3       16     16,835,877,399 dTLB-loads                                                    (13.74%)
S3       16        120,422,422 dTLB-load-misses                                              (17.90%)
S3       16      9,255,563,083 dTLB-stores                                                   (17.76%)
S3       16         15,031,389 dTLB-store-misses                                             (17.46%)
S3       16          7,505,125 iTLB-loads                                                    (17.50%)
S3       16         10,286,195 iTLB-load-misses                                              (17.54%)
S3       16      7,916,102,001 branch-loads                                                  (17.54%)
S3       16        166,609,746 branch-load-misses                                            (17.48%)

     726.048079231 seconds time elapsed

#################################################################
# Test multi-threading - 16 threads - T3
#################################################################
2593050.BOWTIE2-Interleave.penguin.t16
21535062 reads; of these:
  21535062 (100.00%) were unpaired; of these:
    970429 (4.51%) aligned 0 times
    14935119 (69.35%) aligned exactly 1 time
    5629514 (26.14%) aligned >1 times
95.49% overall alignment rate

 Performance counter stats for 'numactl --interleave=0,1 --physcpubind=0,4,8,12,16,20,24,28,1,5,9,13,17,21,25,29 ./bowtie2 -p 16 -x /tmp/data/indexes/HG_index_bowtie2/bowtie2_index /tmp/data/datasets/NIST7086_CGTACTAG_L002_R2_001.fastq -S /scratch/077-hpca4se-bioinf/jlenis/results/BOWTIE2-Interleave/2593050.BOWTIE2-Interleave.penguin.t16.sam':

S0       16      9,289,531,041 cache-misses                                                  (17.55%)
S0       16  5,714,885,076,161 cycles                    #    0.000 GHz                      (22.11%)
S0       16  6,861,563,047,184 instructions              #   33.48  insns per cycle        
                                             #    0.05  stalled cycles per insn  (26.62%)
S0       16            138,169 cs                                                            (100.00%)
S0       16                914 migrations                                                    (100.00%)
S0       16             34,397 faults                                                      
S0       16    314,820,853,538 bus-cycles                                                    (26.15%)
S0       16  8,935,127,328,173 idle-cycles-frontend      #  4359.69% frontend cycles idle     (26.46%)
S0       16  8,294,072,440,393 idle-cycles-backend       #  4046.91% backend  cycles idle     (26.49%)
S0       16  1,835,593,485,983 L1-dcache-loads                                               (26.45%)
S0       16     78,687,021,785 L1-dcache-load-misses     #  125.69% of all L1-dcache hits    (17.62%)
S0       16    941,116,538,580 L1-dcache-stores                                              (17.51%)
S0       16     45,805,289,192 L1-dcache-store-misses                                        (17.39%)
S0       16     35,698,124,903 L1-dcache-prefetch-misses                                     (17.29%)
S0       16     24,714,864,444 L1-icache-load-misses                                         (17.20%)
S0       16     20,392,042,081 LLC-loads                                                     (17.14%)
S0       16     12,859,321,467 LLC-stores                                                    (17.14%)
S0       16     16,646,007,510 LLC-prefetches                                                (8.55%)
S0       16  1,858,014,874,539 dTLB-loads                                                    (12.69%)
S0       16      7,740,276,743 dTLB-load-misses          #   12.21% of all dTLB cache hits   (17.10%)
S0       16    941,871,658,659 dTLB-stores                                                   (17.05%)
S0       16        686,548,387 dTLB-store-misses                                             (17.00%)
S0       16        681,196,975 iTLB-loads                                                    (17.54%)
S0       16        318,196,600 iTLB-load-misses          #  1539.23% of all iTLB cache hits   (17.58%)
S0       16    783,143,446,860 branch-loads                                                  (17.59%)
S0       16     30,419,911,005 branch-load-misses                                            (17.69%)
S1       16     10,856,037,306 cache-misses                                                  (16.57%)
S1       16  7,337,371,335,548 cycles                    #    0.000 GHz                      (21.52%)
S1       16  8,147,268,709,345 instructions              #    0.00  insns per cycle          (25.77%)
S1       16            196,334 cs                                                            (100.00%)
S1       16              1,157 migrations                                                    (100.00%)
S1       16             44,463 faults                                                      
S1       16    319,352,717,030 bus-cycles                                                    (25.07%)
S1       16 11,645,977,618,953 idle-cycles-frontend      #    0.00% frontend cycles idle     (24.72%)
S1       16 10,903,459,162,678 idle-cycles-backend       #    0.00% backend  cycles idle     (24.64%)
S1       16  2,159,253,677,997 L1-dcache-loads                                               (24.70%)
S1       16     91,505,150,380 L1-dcache-load-misses                                         (18.55%)
S1       16  1,098,598,660,584 L1-dcache-stores                                              (17.92%)
S1       16     53,711,112,116 L1-dcache-store-misses                                        (17.76%)
S1       16     41,823,484,878 L1-dcache-prefetch-misses                                     (17.60%)
S1       16     28,184,972,797 L1-icache-load-misses                                         (18.77%)
S1       16     23,525,756,110 LLC-loads                                                     (18.77%)
S1       16     15,007,163,660 LLC-stores                                                    (17.77%)
S1       16     19,357,669,345 LLC-prefetches                                                (8.95%)
S1       16  2,189,860,283,812 dTLB-loads                                                    (13.85%)
S1       16      9,016,526,818 dTLB-load-misses                                              (17.38%)
S1       16  1,109,027,079,334 dTLB-stores                                                   (17.28%)
S1       16        712,901,078 dTLB-store-misses                                             (17.08%)
S1       16        635,779,778 iTLB-loads                                                    (17.43%)
S1       16        289,187,877 iTLB-load-misses                                              (17.34%)
S1       16    919,223,923,582 branch-loads                                                  (17.47%)
S1       16     35,696,776,083 branch-load-misses                                            (17.37%)
S2       16         39,405,310 cache-misses                                                  (16.77%)
S2       16     26,176,088,428 cycles                    #    0.000 GHz                      (22.02%)
S2       16     14,617,348,417 instructions              #    0.00  insns per cycle          (26.53%)
S2       16             65,569 cs                                                            (100.00%)
S2       16                634 migrations                                                    (100.00%)
S2       16             37,786 faults                                                      
S2       16      2,161,360,812 bus-cycles                                                    (26.90%)
S2       16     43,287,863,774 idle-cycles-frontend      #    0.00% frontend cycles idle     (26.18%)
S2       16     35,589,499,088 idle-cycles-backend       #    0.00% backend  cycles idle     (25.30%)
S2       16      3,754,154,000 L1-dcache-loads                                               (24.70%)
S2       16        325,429,408 L1-dcache-load-misses                                         (19.11%)
S2       16      2,396,234,728 L1-dcache-stores                                              (18.23%)
S2       16         55,865,432 L1-dcache-store-misses                                        (17.96%)
S2       16         45,786,809 L1-dcache-prefetch-misses                                     (17.89%)
S2       16        139,140,864 L1-icache-load-misses                                         (18.14%)
S2       16        395,540,890 LLC-loads                                                     (17.45%)
S2       16         18,737,811 LLC-stores                                                    (18.12%)
S2       16         20,033,332 LLC-prefetches                                                (9.10%)
S2       16      2,758,399,544 dTLB-loads                                                    (12.89%)
S2       16         50,156,619 dTLB-load-misses                                              (17.30%)
S2       16      1,796,234,260 dTLB-stores                                                   (16.49%)
S2       16          6,117,305 dTLB-store-misses                                             (16.55%)
S2       16          1,711,330 iTLB-loads                                                    (16.55%)
S2       16          2,886,370 iTLB-load-misses                                              (16.97%)
S2       16      3,787,274,848 branch-loads                                                  (17.27%)
S2       16         44,319,399 branch-load-misses                                            (17.49%)
S3       16         77,808,819 cache-misses                                                  (17.50%)
S3       16     38,269,671,330 cycles                    #    0.000 GHz                      (21.78%)
S3       16     22,061,741,259 instructions              #    0.00  insns per cycle          (26.04%)
S3       16             66,043 cs                                                            (100.00%)
S3       16              1,071 migrations                                                    (100.00%)
S3       16             44,879 faults                                                      
S3       16      2,914,140,617 bus-cycles                                                    (26.09%)
S3       16     57,052,851,281 idle-cycles-frontend      #    0.00% frontend cycles idle     (26.11%)
S3       16     52,215,303,532 idle-cycles-backend       #    0.00% backend  cycles idle     (25.87%)
S3       16      8,051,924,524 L1-dcache-loads                                               (25.84%)
S3       16        718,779,162 L1-dcache-load-misses                                         (17.03%)
S3       16      5,063,975,876 L1-dcache-stores                                              (17.21%)
S3       16        115,101,250 L1-dcache-store-misses                                        (17.00%)
S3       16        212,269,894 L1-dcache-prefetch-misses                                     (16.59%)
S3       16        437,366,499 L1-icache-load-misses                                         (17.24%)
S3       16        409,959,498 LLC-loads                                                     (17.36%)
S3       16         36,191,317 LLC-stores                                                    (17.61%)
S3       16        114,035,293 LLC-prefetches                                                (8.65%)
S3       16      7,050,276,698 dTLB-loads                                                    (12.94%)
S3       16         84,516,260 dTLB-load-misses                                              (17.29%)
S3       16      4,078,780,810 dTLB-stores                                                   (17.28%)
S3       16          9,300,041 dTLB-store-misses                                             (17.61%)
S3       16          4,345,974 iTLB-loads                                                    (17.81%)
S3       16          5,924,514 iTLB-load-misses                                              (17.94%)
S3       16      4,545,967,525 branch-loads                                                  (17.83%)
S3       16        110,883,424 branch-load-misses                                            (17.73%)

     405.578979752 seconds time elapsed

#################################################################
# Test multi-threading - 32 threads - T4 
#################################################################
2593050.BOWTIE2-Interleave.penguin.t32
21535062 reads; of these:
  21535062 (100.00%) were unpaired; of these:
    970429 (4.51%) aligned 0 times
    14935119 (69.35%) aligned exactly 1 time
    5629514 (26.14%) aligned >1 times
95.49% overall alignment rate

 Performance counter stats for 'numactl --interleave=0,1 --physcpubind=0,4,8,12,16,20,24,28,32,36,40,44,48,52,56,60,1,5,9,13,17,21,25,29,33,37,41,45,49,53,57,61 ./bowtie2 -p 32 -x /tmp/data/indexes/HG_index_bowtie2/bowtie2_index /tmp/data/datasets/NIST7086_CGTACTAG_L002_R2_001.fastq -S /scratch/077-hpca4se-bioinf/jlenis/results/BOWTIE2-Interleave/2593050.BOWTIE2-Interleave.penguin.t32.sam':

S0       16     12,968,392,891 cache-misses                                                  (17.44%)
S0       16  9,185,638,551,698 cycles                    #    0.000 GHz                      (22.00%)
S0       16  6,894,844,136,528 instructions              #   20.39  insns per cycle        
                                             #    0.04  stalled cycles per insn  (26.65%)
S0       16            422,292 cs                                                            (100.00%)
S0       16                798 migrations                                                    (100.00%)
S0       16             76,337 faults                                                      
S0       16    528,334,776,357 bus-cycles                                                    (26.73%)
S0       16  6,870,307,154,457 idle-cycles-frontend      #  2031.69% frontend cycles idle     (26.74%)
S0       16  4,791,082,559,462 idle-cycles-backend       #  1416.82% backend  cycles idle     (26.47%)
S0       16  1,856,111,630,345 L1-dcache-loads                                               (26.37%)
S0       16     88,030,625,536 L1-dcache-load-misses     #  136.62% of all L1-dcache hits    (17.36%)
S0       16    977,231,293,976 L1-dcache-stores                                              (17.32%)
S0       16     48,286,538,085 L1-dcache-store-misses                                        (17.30%)
S0       16     28,797,263,642 L1-dcache-prefetch-misses                                     (17.22%)
S0       16     30,488,506,026 L1-icache-load-misses                                         (17.21%)
S0       16     24,757,200,392 LLC-loads                                                     (17.21%)
S0       16     20,360,633,864 LLC-stores                                                    (17.20%)
S0       16     23,483,311,508 LLC-prefetches                                                (8.59%)
S0       16  1,913,720,492,578 dTLB-loads                                                    (12.89%)
S0       16     14,654,710,810 dTLB-load-misses          #   22.23% of all dTLB cache hits   (17.19%)
S0       16    984,044,575,036 dTLB-stores                                                   (17.19%)
S0       16      4,176,168,102 dTLB-store-misses                                             (17.20%)
S0       16      4,361,385,311 iTLB-loads                                                    (17.21%)
S0       16      1,584,998,959 iTLB-load-misses          #  1172.50% of all iTLB cache hits   (17.23%)
S0       16    813,488,697,927 branch-loads                                                  (17.51%)
S0       16     30,047,963,989 branch-load-misses                                            (17.55%)
S1       16     14,820,214,393 cache-misses                                                  (17.39%)
S1       16 12,398,602,955,094 cycles                    #    0.000 GHz                      (21.87%)
S1       16  8,423,927,919,115 instructions              #    0.00  insns per cycle          (26.40%)
S1       16            252,640 cs                                                            (100.00%)
S1       16                998 migrations                                                    (100.00%)
S1       16             69,227 faults                                                      
S1       16    537,064,609,232 bus-cycles                                                    (26.47%)
S1       16  9,564,418,824,423 idle-cycles-frontend      #    0.00% frontend cycles idle     (26.52%)
S1       16  7,085,189,527,396 idle-cycles-backend       #    0.00% backend  cycles idle     (26.55%)
S1       16  2,255,983,975,637 L1-dcache-loads                                               (26.48%)
S1       16    105,487,455,549 L1-dcache-load-misses                                         (17.35%)
S1       16  1,178,659,158,388 L1-dcache-stores                                              (17.32%)
S1       16     58,624,549,354 L1-dcache-store-misses                                        (17.30%)
S1       16     34,245,459,081 L1-dcache-prefetch-misses                                     (17.28%)
S1       16     35,796,856,817 L1-icache-load-misses                                         (17.28%)
S1       16     29,565,948,109 LLC-loads                                                     (17.28%)
S1       16     24,278,883,367 LLC-stores                                                    (17.30%)
S1       16     28,086,078,093 LLC-prefetches                                                (8.95%)
S1       16  2,295,877,131,454 dTLB-loads                                                    (13.28%)
S1       16     16,980,471,439 dTLB-load-misses                                              (17.31%)
S1       16  1,181,598,429,374 dTLB-stores                                                   (17.28%)
S1       16      4,855,929,180 dTLB-store-misses                                             (17.24%)
S1       16      4,282,824,633 iTLB-loads                                                    (17.24%)
S1       16      1,781,131,494 iTLB-load-misses                                              (17.26%)
S1       16    981,413,079,242 branch-loads                                                  (17.26%)
S1       16     36,768,508,035 branch-load-misses                                            (17.28%)
S2       16         41,203,056 cache-misses                                                  (16.71%)
S2       16     22,337,284,069 cycles                    #    0.000 GHz                      (21.17%)
S2       16     10,890,974,460 instructions              #    0.00  insns per cycle          (25.51%)
S2       16             68,103 cs                                                            (100.00%)
S2       16                608 migrations                                                    (100.00%)
S2       16             34,299 faults                                                      
S2       16      1,936,769,383 bus-cycles                                                    (25.87%)
S2       16     41,086,960,939 idle-cycles-frontend      #    0.00% frontend cycles idle     (25.92%)
S2       16     42,425,872,874 idle-cycles-backend       #    0.00% backend  cycles idle     (26.30%)
S2       16      5,592,120,195 L1-dcache-loads                                               (26.74%)
S2       16        426,470,604 L1-dcache-load-misses                                         (18.49%)
S2       16      3,118,119,444 L1-dcache-stores                                              (17.88%)
S2       16         41,769,543 L1-dcache-store-misses                                        (17.69%)
S2       16         78,368,434 L1-dcache-prefetch-misses                                     (17.38%)
S2       16        159,409,725 L1-icache-load-misses                                         (18.03%)
S2       16        242,068,788 LLC-loads                                                     (17.95%)
S2       16         18,086,237 LLC-stores                                                    (18.00%)
S2       16         37,856,872 LLC-prefetches                                                (9.26%)
S2       16      3,285,625,175 dTLB-loads                                                    (13.20%)
S2       16         92,275,048 dTLB-load-misses                                              (17.46%)
S2       16      2,070,709,113 dTLB-stores                                                   (17.50%)
S2       16         12,619,033 dTLB-store-misses                                             (16.71%)
S2       16          1,832,206 iTLB-loads                                                    (16.51%)
S2       16          2,395,810 iTLB-load-misses                                              (16.63%)
S2       16      2,139,042,838 branch-loads                                                  (16.60%)
S2       16         41,726,380 branch-load-misses                                            (16.48%)
S3       16         84,292,286 cache-misses                                                  (17.68%)
S3       16     35,482,111,810 cycles                    #    0.000 GHz                      (21.70%)
S3       16     18,267,735,915 instructions              #    0.00  insns per cycle          (25.62%)
S3       16             89,155 cs                                                            (100.00%)
S3       16              1,570 migrations                                                    (100.00%)
S3       16             36,637 faults                                                      
S3       16      2,780,830,192 bus-cycles                                                    (25.72%)
S3       16     63,951,563,312 idle-cycles-frontend      #    0.00% frontend cycles idle     (25.70%)
S3       16     59,060,518,010 idle-cycles-backend       #    0.00% backend  cycles idle     (25.56%)
S3       16      6,219,129,569 L1-dcache-loads                                               (25.58%)
S3       16        536,693,502 L1-dcache-load-misses                                         (17.36%)
S3       16      3,949,596,543 L1-dcache-stores                                              (17.55%)
S3       16         98,983,075 L1-dcache-store-misses                                        (17.66%)
S3       16        198,143,727 L1-dcache-prefetch-misses                                     (17.54%)
S3       16        377,353,266 L1-icache-load-misses                                         (17.26%)
S3       16        339,006,998 LLC-loads                                                     (17.91%)
S3       16         36,953,895 LLC-stores                                                    (17.73%)
S3       16         99,922,031 LLC-prefetches                                                (8.46%)
S3       16      5,594,843,736 dTLB-loads                                                    (12.90%)
S3       16         93,639,331 dTLB-load-misses                                              (17.21%)
S3       16      3,206,640,960 dTLB-stores                                                   (17.20%)
S3       16         13,090,289 dTLB-store-misses                                             (17.43%)
S3       16          5,541,259 iTLB-loads                                                    (17.25%)
S3       16          6,118,512 iTLB-load-misses                                              (17.28%)
S3       16      3,763,676,054 branch-loads                                                  (17.43%)
S3       16        100,003,611 branch-load-misses                                            (17.34%)

     349.982411721 seconds time elapsed

#################################################################
# Test multi-threading - 48 threads - T5
#################################################################
2593050.BOWTIE2-Interleave.penguin.t48
21535062 reads; of these:
  21535062 (100.00%) were unpaired; of these:
    970429 (4.51%) aligned 0 times
    14935119 (69.35%) aligned exactly 1 time
    5629514 (26.14%) aligned >1 times
95.49% overall alignment rate

 Performance counter stats for 'numactl --interleave=0-2 --physcpubind=0,4,8,12,16,20,24,28,32,36,40,44,48,52,56,60,1,5,9,13,17,21,25,29,33,37,41,45,49,53,57,61,2,6,10,14,18,22,26,30,34,38,42,46,50,54,58,62 ./bowtie2 -p 48 -x /tmp/data/indexes/HG_index_bowtie2/bowtie2_index /tmp/data/datasets/NIST7086_CGTACTAG_L002_R2_001.fastq -S /scratch/077-hpca4se-bioinf/jlenis/results/BOWTIE2-Interleave/2593050.BOWTIE2-Interleave.penguin.t48.sam':

S0       16      8,816,416,425 cache-misses                                                  (17.31%)
S0       16  7,793,636,309,737 cycles                    #    0.000 GHz                      (21.81%)
S0       16  4,768,555,278,158 instructions              #   11.41  insns per cycle        
                                             #    0.07  stalled cycles per insn  (26.44%)
S0       16         15,106,494 cs                                                            (100.00%)
S0       16              7,003 migrations                                                    (100.00%)
S0       16             73,255 faults                                                      
S0       16    429,338,505,240 bus-cycles                                                    (26.71%)
S0       16  6,054,679,992,201 idle-cycles-frontend      #  1449.36% frontend cycles idle     (26.91%)
S0       16  4,621,750,541,566 idle-cycles-backend       #  1106.35% backend  cycles idle     (26.97%)
S0       16  1,273,621,908,917 L1-dcache-loads                                               (26.81%)
S0       16     58,954,413,857 L1-dcache-load-misses     #   88.36% of all L1-dcache hits    (17.41%)
S0       16    680,861,678,609 L1-dcache-stores                                              (17.27%)
S0       16     32,473,776,089 L1-dcache-store-misses                                        (17.22%)
S0       16     19,398,805,239 L1-dcache-prefetch-misses                                     (17.18%)
S0       16     21,158,456,247 L1-icache-load-misses                                         (17.19%)
S0       16     16,983,955,776 LLC-loads                                                     (17.15%)
S0       16     13,833,474,256 LLC-stores                                                    (17.20%)
S0       16     15,817,423,467 LLC-prefetches                                                (8.67%)
S0       16  1,313,932,775,112 dTLB-loads                                                    (12.98%)
S0       16     11,648,011,112 dTLB-load-misses          #   17.05% of all dTLB cache hits   (17.28%)
S0       16    682,946,366,475 dTLB-stores                                                   (17.23%)
S0       16      3,523,995,866 dTLB-store-misses                                             (17.17%)
S0       16      2,942,061,977 iTLB-loads                                                    (17.15%)
S0       16        962,253,046 iTLB-load-misses          #  706.76% of all iTLB cache hits   (17.14%)
S0       16    570,767,073,634 branch-loads                                                  (17.13%)
S0       16     20,360,271,327 branch-load-misses                                            (17.12%)
S1       16      9,209,906,637 cache-misses                                                  (17.03%)
S1       16  8,835,423,528,792 cycles                    #    0.000 GHz                      (21.62%)
S1       16  5,471,799,785,922 instructions              #    0.00  insns per cycle          (26.09%)
S1       16            440,919 cs                                                            (100.00%)
S1       16             30,080 migrations                                                    (100.00%)
S1       16             71,778 faults                                                      
S1       16    385,080,588,660 bus-cycles                                                    (26.29%)
S1       16  8,118,006,208,893 idle-cycles-frontend      #    0.00% frontend cycles idle     (26.35%)
S1       16  6,666,989,812,024 idle-cycles-backend       #    0.00% backend  cycles idle     (26.46%)
S1       16  1,469,068,167,764 L1-dcache-loads                                               (26.40%)
S1       16     65,186,766,849 L1-dcache-load-misses                                         (17.48%)
S1       16    766,372,762,580 L1-dcache-stores                                              (17.41%)
S1       16     35,947,727,285 L1-dcache-store-misses                                        (17.41%)
S1       16     22,448,511,788 L1-dcache-prefetch-misses                                     (17.45%)
S1       16     22,173,759,935 L1-icache-load-misses                                         (17.39%)
S1       16     18,150,062,811 LLC-loads                                                     (17.40%)
S1       16     14,391,762,040 LLC-stores                                                    (17.40%)
S1       16     16,125,725,545 LLC-prefetches                                                (8.74%)
S1       16  1,479,694,328,592 dTLB-loads                                                    (13.35%)
S1       16     11,581,034,877 dTLB-load-misses                                              (17.37%)
S1       16    769,993,489,892 dTLB-stores                                                   (17.29%)
S1       16      3,458,900,617 dTLB-store-misses                                             (17.24%)
S1       16      2,547,295,833 iTLB-loads                                                    (17.17%)
S1       16        982,886,554 iTLB-load-misses                                              (17.14%)
S1       16    644,741,711,610 branch-loads                                                  (17.16%)
S1       16     23,044,820,217 branch-load-misses                                            (17.13%)
S2       16     10,528,937,168 cache-misses                                                  (17.31%)
S2       16 10,050,189,082,536 cycles                    #    0.000 GHz                      (21.85%)
S2       16  5,664,141,241,923 instructions              #    0.00  insns per cycle          (26.41%)
S2       16         19,078,875 cs                                                            (100.00%)
S2       16              7,055 migrations                                                    (100.00%)
S2       16             68,003 faults                                                      
S2       16    433,000,089,592 bus-cycles                                                    (26.37%)
S2       16  8,054,285,285,163 idle-cycles-frontend      #    0.00% frontend cycles idle     (26.17%)
S2       16  6,391,627,653,020 idle-cycles-backend       #    0.00% backend  cycles idle     (26.21%)
S2       16  1,521,471,819,486 L1-dcache-loads                                               (26.09%)
S2       16     70,160,526,126 L1-dcache-load-misses                                         (17.30%)
S2       16    808,297,057,751 L1-dcache-stores                                              (17.55%)
S2       16     38,396,938,224 L1-dcache-store-misses                                        (17.33%)
S2       16     22,584,157,284 L1-dcache-prefetch-misses                                     (17.40%)
S2       16     24,426,104,707 L1-icache-load-misses                                         (17.67%)
S2       16     19,729,141,177 LLC-loads                                                     (17.35%)
S2       16     16,293,539,864 LLC-stores                                                    (17.57%)
S2       16     17,878,210,443 LLC-prefetches                                                (9.12%)
S2       16  1,569,867,015,839 dTLB-loads                                                    (13.17%)
S2       16     11,861,930,998 dTLB-load-misses                                              (17.45%)
S2       16    813,366,085,746 dTLB-stores                                                   (17.17%)
S2       16      3,520,147,992 dTLB-store-misses                                             (17.22%)
S2       16      3,218,133,170 iTLB-loads                                                    (17.74%)
S2       16      1,180,959,986 iTLB-load-misses                                              (17.18%)
S2       16    676,647,736,915 branch-loads                                                  (17.17%)
S2       16     24,137,547,192 branch-load-misses                                            (17.42%)
S3       16        133,548,546 cache-misses                                                  (17.99%)
S3       16     56,567,883,608 cycles                    #    0.000 GHz                      (22.26%)
S3       16     22,583,632,469 instructions              #    0.00  insns per cycle          (26.36%)
S3       16             99,801 cs                                                            (100.00%)
S3       16             10,233 migrations                                                    (100.00%)
S3       16             59,961 faults                                                      
S3       16      3,916,212,064 bus-cycles                                                    (26.52%)
S3       16     77,471,626,867 idle-cycles-frontend      #    0.00% frontend cycles idle     (26.23%)
S3       16     74,804,669,272 idle-cycles-backend       #    0.00% backend  cycles idle     (26.32%)
S3       16      5,953,103,900 L1-dcache-loads                                               (26.13%)
S3       16        545,196,051 L1-dcache-load-misses                                         (17.08%)
S3       16      3,564,867,807 L1-dcache-stores                                              (17.32%)
S3       16         81,770,997 L1-dcache-store-misses                                        (16.98%)
S3       16        235,822,786 L1-dcache-prefetch-misses                                     (16.92%)
S3       16        346,773,188 L1-icache-load-misses                                         (17.14%)
S3       16        363,601,109 LLC-loads                                                     (17.00%)
S3       16         39,138,647 LLC-stores                                                    (16.93%)
S3       16        115,027,211 LLC-prefetches                                                (8.26%)
S3       16      7,720,160,233 dTLB-loads                                                    (12.44%)
S3       16        110,791,336 dTLB-load-misses                                              (16.68%)
S3       16      4,026,538,691 dTLB-stores                                                   (16.91%)
S3       16         12,218,180 dTLB-store-misses                                             (17.86%)
S3       16          6,066,600 iTLB-loads                                                    (17.98%)
S3       16          6,715,781 iTLB-load-misses                                              (18.27%)
S3       16      5,161,909,292 branch-loads                                                  (18.47%)
S3       16        103,080,351 branch-load-misses                                            (17.73%)

     286.428556572 seconds time elapsed

#################################################################
# Test multi-threading - 64 threads - T6
#################################################################
2593050.BOWTIE2-Interleave.penguin.t64
21535062 reads; of these:
  21535062 (100.00%) were unpaired; of these:
    970429 (4.51%) aligned 0 times
    14935119 (69.35%) aligned exactly 1 time
    5629514 (26.14%) aligned >1 times
95.49% overall alignment rate

 Performance counter stats for 'numactl --interleave=0-3 --physcpubind=0-63 ./bowtie2 -p 64 -x /tmp/data/indexes/HG_index_bowtie2/bowtie2_index /tmp/data/datasets/NIST7086_CGTACTAG_L002_R2_001.fastq -S /scratch/077-hpca4se-bioinf/jlenis/results/BOWTIE2-Interleave/2593050.BOWTIE2-Interleave.penguin.t64.sam':

S0       16      6,768,426,526 cache-misses                                                  (17.27%)
S0       16 10,730,974,043,550 cycles                    #    0.000 GHz                      (21.77%)
S0       16  4,252,567,014,601 instructions              #    5.15  insns per cycle        
                                             #    0.17  stalled cycles per insn  (26.33%)
S0       16            327,302 cs                                                            (100.00%)
S0       16                950 migrations                                                    (100.00%)
S0       16             98,378 faults                                                      
S0       16    574,403,814,643 bus-cycles                                                    (26.51%)
S0       16  9,687,432,435,391 idle-cycles-frontend      #  1172.45% frontend cycles idle     (26.69%)
S0       16  8,373,774,283,391 idle-cycles-backend       #  1013.46% backend  cycles idle     (26.85%)
S0       16  1,161,757,479,629 L1-dcache-loads                                               (26.93%)
S0       16     46,039,214,971 L1-dcache-load-misses     #   58.56% of all L1-dcache hits    (17.68%)
S0       16    635,775,046,016 L1-dcache-stores                                              (17.57%)
S0       16     25,289,731,448 L1-dcache-store-misses                                        (17.51%)
S0       16     15,299,209,191 L1-dcache-prefetch-misses                                     (17.33%)
S0       16     17,105,863,444 L1-icache-load-misses                                         (17.31%)
S0       16     12,666,604,312 LLC-loads                                                     (17.26%)
S0       16     10,802,682,760 LLC-stores                                                    (17.18%)
S0       16     11,751,950,994 LLC-prefetches                                                (8.83%)
S0       16  1,215,031,585,671 dTLB-loads                                                    (13.11%)
S0       16     16,978,689,929 dTLB-load-misses          #   20.90% of all dTLB cache hits   (17.12%)
S0       16    649,888,747,376 dTLB-stores                                                   (17.10%)
S0       16      6,049,231,543 dTLB-store-misses                                             (17.07%)
S0       16      1,645,821,143 iTLB-loads                                                    (17.07%)
S0       16        763,221,929 iTLB-load-misses          #  892.32% of all iTLB cache hits   (17.08%)
S0       16    544,141,002,033 branch-loads                                                  (17.10%)
S0       16     16,401,559,135 branch-load-misses                                            (17.09%)
S1       16      7,995,507,112 cache-misses                                                  (17.33%)
S1       16 14,133,989,030,420 cycles                    #    0.000 GHz                      (21.94%)
S1       16  5,203,473,486,344 instructions              #    0.00  insns per cycle          (26.51%)
S1       16            925,351 cs                                                            (100.00%)
S1       16              1,361 migrations                                                    (100.00%)
S1       16            110,408 faults                                                      
S1       16    608,921,248,677 bus-cycles                                                    (26.67%)
S1       16 12,144,480,641,588 idle-cycles-frontend      #    0.00% frontend cycles idle     (26.22%)
S1       16 10,449,388,430,344 idle-cycles-backend       #    0.00% backend  cycles idle     (26.29%)
S1       16  1,444,465,735,296 L1-dcache-loads                                               (26.17%)
S1       16     56,186,190,315 L1-dcache-load-misses                                         (17.72%)
S1       16    795,466,168,935 L1-dcache-stores                                              (17.30%)
S1       16     31,265,163,222 L1-dcache-store-misses                                        (17.24%)
S1       16     18,588,224,201 L1-dcache-prefetch-misses                                     (17.17%)
S1       16     20,435,935,028 L1-icache-load-misses                                         (17.18%)
S1       16     15,272,246,170 LLC-loads                                                     (17.19%)
S1       16     13,384,889,560 LLC-stores                                                    (17.50%)
S1       16     13,915,401,659 LLC-prefetches                                                (9.16%)
S1       16  1,492,614,091,995 dTLB-loads                                                    (13.47%)
S1       16     22,776,411,555 dTLB-load-misses                                              (17.22%)
S1       16    799,906,349,122 dTLB-stores                                                   (17.21%)
S1       16      8,545,734,054 dTLB-store-misses                                             (17.51%)
S1       16      1,582,524,966 iTLB-loads                                                    (17.20%)
S1       16        992,090,243 iTLB-load-misses                                              (17.22%)
S1       16    670,015,243,137 branch-loads                                                  (17.19%)
S1       16     19,637,456,416 branch-load-misses                                            (17.80%)
S2       16      6,833,075,605 cache-misses                                                  (17.33%)
S2       16 14,063,927,306,352 cycles                    #    0.000 GHz                      (21.89%)
S2       16  4,657,103,410,419 instructions              #    0.00  insns per cycle          (25.64%)
S2       16          1,969,210 cs                                                            (100.00%)
S2       16              1,571 migrations                                                    (100.00%)
S2       16             84,473 faults                                                      
S2       16    606,877,928,792 bus-cycles                                                    (25.81%)
S2       16 12,240,611,827,716 idle-cycles-frontend      #    0.00% frontend cycles idle     (25.42%)
S2       16 10,734,625,081,231 idle-cycles-backend       #    0.00% backend  cycles idle     (25.21%)
S2       16  1,289,035,292,822 L1-dcache-loads                                               (25.15%)
S2       16     49,462,488,241 L1-dcache-load-misses                                         (18.43%)
S2       16    707,830,136,191 L1-dcache-stores                                              (17.67%)
S2       16     27,430,914,831 L1-dcache-store-misses                                        (18.14%)
S2       16     16,120,778,819 L1-dcache-prefetch-misses                                     (17.45%)
S2       16     18,380,510,729 L1-icache-load-misses                                         (17.98%)
S2       16     13,334,109,021 LLC-loads                                                     (17.45%)
S2       16     11,726,366,732 LLC-stores                                                    (17.23%)
S2       16     11,990,332,998 LLC-prefetches                                                (9.16%)
S2       16  1,334,680,705,900 dTLB-loads                                                    (13.44%)
S2       16     20,885,622,904 dTLB-load-misses                                              (17.44%)
S2       16    717,584,448,673 dTLB-stores                                                   (17.45%)
S2       16      7,634,707,877 dTLB-store-misses                                             (17.72%)
S2       16      1,123,547,780 iTLB-loads                                                    (17.72%)
S2       16      1,024,555,783 iTLB-load-misses                                              (17.44%)
S2       16    602,136,902,906 branch-loads                                                  (17.40%)
S2       16     17,512,257,622 branch-load-misses                                            (17.12%)
S3       16      5,686,575,359 cache-misses                                                  (17.29%)
S3       16 13,951,645,698,478 cycles                    #    0.000 GHz                      (21.71%)
S3       16  4,084,993,424,090 instructions              #    0.00  insns per cycle          (26.13%)
S3       16         44,470,564 cs                                                            (100.00%)
S3       16              4,005 migrations                                                    (100.00%)
S3       16             60,043 faults                                                      
S3       16    613,041,680,735 bus-cycles                                                    (26.02%)
S3       16 12,450,483,052,925 idle-cycles-frontend      #    0.00% frontend cycles idle     (25.74%)
S3       16 11,024,012,770,751 idle-cycles-backend       #    0.00% backend  cycles idle     (25.37%)
S3       16  1,136,185,293,395 L1-dcache-loads                                               (25.38%)
S3       16     42,401,361,172 L1-dcache-load-misses                                         (17.52%)
S3       16    616,903,832,151 L1-dcache-stores                                              (17.52%)
S3       16     23,279,997,410 L1-dcache-store-misses                                        (17.40%)
S3       16     13,624,041,382 L1-dcache-prefetch-misses                                     (17.36%)
S3       16     16,031,852,409 L1-icache-load-misses                                         (17.34%)
S3       16     11,364,221,054 LLC-loads                                                     (17.37%)
S3       16      9,904,199,137 LLC-stores                                                    (17.39%)
S3       16     10,303,579,204 LLC-prefetches                                                (8.95%)
S3       16  1,157,614,878,727 dTLB-loads                                                    (13.27%)
S3       16     21,055,193,228 dTLB-load-misses                                              (17.32%)
S3       16    626,423,261,641 dTLB-stores                                                   (17.27%)
S3       16      7,847,289,328 dTLB-store-misses                                             (17.25%)
S3       16      1,122,148,015 iTLB-loads                                                    (17.49%)
S3       16        606,625,088 iTLB-load-misses                                              (17.76%)
S3       16    530,617,483,449 branch-loads                                                  (18.28%)
S3       16     14,925,800,321 branch-load-misses                                            (18.27%)

     404.870563232 seconds time elapsed

