mkdir: cannot create directory `/scratch/077-hpca4se-bioinf/jlenis/results/MEM-Interleave': File exists
> Benchmarks for BWA 0.7.12: NIST7086_CGTACTAG_L002_R2_001
penguin
#################################################################
# Warm up - 64 threads - T1
#################################################################
WarmUp.2593028.MEM-Interleave.penguin.t64
[M::bwa_idx_load_from_disk] read 0 ALT contigs
[M::process] read 6336634 sequences (640000034 bp)...
[M::mem_process_seqs] Processed 6336634 reads in 4674.703 CPU sec, 94.880 real sec
[M::process] read 6336634 sequences (640000034 bp)...
[M::process] read 6336634 sequences (640000034 bp)...
[M::mem_process_seqs] Processed 6336634 reads in 3261.226 CPU sec, 51.947 real sec
[M::mem_process_seqs] Processed 6336634 reads in 3236.939 CPU sec, 52.218 real sec
[M::process] read 2525160 sequences (255041160 bp)...
[M::mem_process_seqs] Processed 2525160 reads in 1340.490 CPU sec, 21.662 real sec
[main] Version: 0.7.15-r1140
[main] CMD: ./bwa mem -t 64 /tmp/data/indexes/HG_index_BWA_default/hsapiens_v37.fa /tmp/data/datasets/NIST7086_CGTACTAG_L002_R2_001.fastq
[main] Real time: 249.160 sec; CPU: 12549.823 sec
#################################################################
# Test multi-threading - 8 threads - T2
#################################################################
2593028.MEM-Interleave.penguin.t8
[M::bwa_idx_load_from_disk] read 0 ALT contigs
[M::process] read 792080 sequences (80000080 bp)...
[M::process] read 792080 sequences (80000080 bp)...
[M::mem_process_seqs] Processed 792080 reads in 154.136 CPU sec, 20.671 real sec
[M::process] read 792080 sequences (80000080 bp)...
[M::mem_process_seqs] Processed 792080 reads in 161.566 CPU sec, 20.271 real sec
[M::process] read 792080 sequences (80000080 bp)...
[M::mem_process_seqs] Processed 792080 reads in 167.669 CPU sec, 21.035 real sec
[M::process] read 792080 sequences (80000080 bp)...
[M::mem_process_seqs] Processed 792080 reads in 169.217 CPU sec, 21.230 real sec
[M::process] read 792080 sequences (80000080 bp)...
[M::mem_process_seqs] Processed 792080 reads in 172.840 CPU sec, 21.722 real sec
[M::process] read 792080 sequences (80000080 bp)...
[M::mem_process_seqs] Processed 792080 reads in 178.504 CPU sec, 22.365 real sec
[M::process] read 792080 sequences (80000080 bp)...
[M::mem_process_seqs] Processed 792080 reads in 173.981 CPU sec, 21.875 real sec
[M::process] read 792080 sequences (80000080 bp)...
[M::mem_process_seqs] Processed 792080 reads in 169.780 CPU sec, 21.270 real sec
[M::process] read 792080 sequences (80000080 bp)...
[M::mem_process_seqs] Processed 792080 reads in 170.083 CPU sec, 21.372 real sec
[M::process] read 792080 sequences (80000080 bp)...
[M::mem_process_seqs] Processed 792080 reads in 170.371 CPU sec, 21.341 real sec
[M::process] read 792080 sequences (80000080 bp)...
[M::mem_process_seqs] Processed 792080 reads in 175.712 CPU sec, 22.078 real sec
[M::process] read 792080 sequences (80000080 bp)...
[M::mem_process_seqs] Processed 792080 reads in 175.952 CPU sec, 22.042 real sec
[M::process] read 792080 sequences (80000080 bp)...
[M::mem_process_seqs] Processed 792080 reads in 177.382 CPU sec, 22.286 real sec
[M::process] read 792080 sequences (80000080 bp)...
[M::mem_process_seqs] Processed 792080 reads in 171.842 CPU sec, 21.533 real sec
[M::process] read 792080 sequences (80000080 bp)...
[M::mem_process_seqs] Processed 792080 reads in 171.276 CPU sec, 21.519 real sec
[M::process] read 792080 sequences (80000080 bp)...
[M::mem_process_seqs] Processed 792080 reads in 170.750 CPU sec, 21.392 real sec
[M::process] read 792080 sequences (80000080 bp)...
[M::mem_process_seqs] Processed 792080 reads in 171.331 CPU sec, 21.528 real sec
[M::process] read 792080 sequences (80000080 bp)...
[M::mem_process_seqs] Processed 792080 reads in 174.008 CPU sec, 21.805 real sec
[M::process] read 792080 sequences (80000080 bp)...
[M::mem_process_seqs] Processed 792080 reads in 172.669 CPU sec, 21.698 real sec
[M::process] read 792080 sequences (80000080 bp)...
[M::mem_process_seqs] Processed 792080 reads in 178.502 CPU sec, 22.363 real sec
[M::process] read 792080 sequences (80000080 bp)...
[M::mem_process_seqs] Processed 792080 reads in 174.118 CPU sec, 21.874 real sec
[M::process] read 792080 sequences (80000080 bp)...
[M::mem_process_seqs] Processed 792080 reads in 168.725 CPU sec, 21.151 real sec
[M::process] read 792080 sequences (80000080 bp)...
[M::mem_process_seqs] Processed 792080 reads in 173.302 CPU sec, 21.776 real sec
[M::process] read 792080 sequences (80000080 bp)...
[M::mem_process_seqs] Processed 792080 reads in 173.378 CPU sec, 21.719 real sec
[M::process] read 792080 sequences (80000080 bp)...
[M::mem_process_seqs] Processed 792080 reads in 174.160 CPU sec, 21.898 real sec
[M::process] read 792080 sequences (80000080 bp)...
[M::mem_process_seqs] Processed 792080 reads in 173.400 CPU sec, 21.759 real sec
[M::process] read 148902 sequences (15039102 bp)...
[M::mem_process_seqs] Processed 792080 reads in 174.905 CPU sec, 21.948 real sec
[M::mem_process_seqs] Processed 148902 reads in 36.481 CPU sec, 4.610 real sec
[main] Version: 0.7.15-r1140
[main] CMD: ./bwa mem -t 8 /tmp/data/indexes/HG_index_BWA_default/hsapiens_v37.fa /tmp/data/datasets/NIST7086_CGTACTAG_L002_R2_001.fastq
[main] Real time: 593.629 sec; CPU: 4681.464 sec

 Performance counter stats for 'numactl --interleave=0 --physcpubind=0,4,8,12,16,20,24,28 ./bwa mem -t 8 /tmp/data/indexes/HG_index_BWA_default/hsapiens_v37.fa /tmp/data/datasets/NIST7086_CGTACTAG_L002_R2_001.fastq':

S0       16     31,147,352,620 cache-misses                                                  (17.42%)
S0       16  8,689,281,892,464 cycles                    #    0.000 GHz                      (21.89%)
S0       16 11,841,100,036,452 instructions              #   85.96  insns per cycle        
                                             #    0.02  stalled cycles per insn  (26.37%)
S0       16          3,407,685 cs                                                            (100.00%)
S0       16              6,169 migrations                                                    (100.00%)
S0       16            571,142 faults                                                      
S0       16    460,345,690,379 bus-cycles                                                    (26.46%)
S0       16 13,029,809,562,934 idle-cycles-frontend      #  9458.76% frontend cycles idle     (26.18%)
S0       16 11,572,684,158,353 idle-cycles-backend       #  8400.99% backend  cycles idle     (26.30%)
S0       16  2,353,033,981,497 L1-dcache-loads                                               (26.35%)
S0       16     70,654,688,908 L1-dcache-load-misses     #  190.44% of all L1-dcache hits    (17.47%)
S0       16  1,185,892,166,978 L1-dcache-stores                                              (17.45%)
S0       16      6,559,534,468 L1-dcache-store-misses                                        (17.26%)
S0       16     46,303,780,250 L1-dcache-prefetch-misses                                     (17.02%)
S0       16      9,649,809,907 L1-icache-load-misses                                         (17.15%)
S0       16     42,102,440,132 LLC-loads                                                     (17.05%)
S0       16      2,019,316,682 LLC-stores                                                    (17.17%)
S0       16      3,608,854,915 LLC-prefetches                                                (8.58%)
S0       16  2,396,061,590,156 dTLB-loads                                                    (12.88%)
S0       16     25,539,437,695 dTLB-load-misses          #   67.71% of all dTLB cache hits   (17.12%)
S0       16  1,188,422,198,647 dTLB-stores                                                   (17.23%)
S0       16        296,998,482 dTLB-store-misses                                             (17.36%)
S0       16        418,637,533 iTLB-loads                                                    (17.47%)
S0       16        148,064,979 iTLB-load-misses          #  2191.90% of all iTLB cache hits   (17.82%)
S0       16  1,007,137,565,459 branch-loads                                                  (17.74%)
S0       16     55,608,521,464 branch-load-misses                                            (17.69%)
S1       16         74,559,303 cache-misses                                                  (17.60%)
S1       16     38,679,480,623 cycles                    #    0.000 GHz                      (21.90%)
S1       16     17,655,496,075 instructions              #    0.00  insns per cycle          (26.14%)
S1       16             76,186 cs                                                            (100.00%)
S1       16                517 migrations                                                    (100.00%)
S1       16             38,001 faults                                                      
S1       16      2,956,340,480 bus-cycles                                                    (26.35%)
S1       16     50,818,403,378 idle-cycles-frontend      #    0.00% frontend cycles idle     (26.11%)
S1       16     44,820,992,622 idle-cycles-backend       #    0.00% backend  cycles idle     (26.19%)
S1       16      4,191,310,270 L1-dcache-loads                                               (26.00%)
S1       16        331,650,679 L1-dcache-load-misses                                         (17.14%)
S1       16      2,984,257,734 L1-dcache-stores                                              (17.35%)
S1       16         46,043,249 L1-dcache-store-misses                                        (17.42%)
S1       16        123,127,094 L1-dcache-prefetch-misses                                     (17.49%)
S1       16        158,577,696 L1-icache-load-misses                                         (17.55%)
S1       16        263,117,761 LLC-loads                                                     (17.77%)
S1       16         29,468,011 LLC-stores                                                    (17.73%)
S1       16         64,041,591 LLC-prefetches                                                (8.79%)
S1       16      4,554,907,424 dTLB-loads                                                    (13.06%)
S1       16         75,085,863 dTLB-load-misses                                              (17.35%)
S1       16      3,129,681,328 dTLB-stores                                                   (17.32%)
S1       16          8,967,167 dTLB-store-misses                                             (17.11%)
S1       16          5,036,113 iTLB-loads                                                    (17.04%)
S1       16          6,229,499 iTLB-load-misses                                              (16.99%)
S1       16      4,400,900,897 branch-loads                                                  (16.97%)
S1       16         77,946,953 branch-load-misses                                            (17.15%)
S2       16         77,609,892 cache-misses                                                  (17.17%)
S2       16     54,679,175,908 cycles                    #    0.000 GHz                      (21.85%)
S2       16     37,697,893,895 instructions              #    0.00  insns per cycle          (26.22%)
S2       16             76,667 cs                                                            (100.00%)
S2       16              1,678 migrations                                                    (100.00%)
S2       16             35,595 faults                                                      
S2       16      4,552,609,508 bus-cycles                                                    (25.97%)
S2       16     79,174,898,894 idle-cycles-frontend      #    0.00% frontend cycles idle     (25.87%)
S2       16     68,831,741,366 idle-cycles-backend       #    0.00% backend  cycles idle     (26.14%)
S2       16     12,545,584,817 L1-dcache-loads                                               (26.19%)
S2       16        938,653,808 L1-dcache-load-misses                                         (17.56%)
S2       16      8,065,626,337 L1-dcache-stores                                              (17.93%)
S2       16        152,403,336 L1-dcache-store-misses                                        (17.40%)
S2       16        246,846,506 L1-dcache-prefetch-misses                                     (17.34%)
S2       16        532,673,345 L1-icache-load-misses                                         (17.69%)
S2       16        484,075,103 LLC-loads                                                     (17.10%)
S2       16         33,689,566 LLC-stores                                                    (17.48%)
S2       16         85,911,612 LLC-prefetches                                                (9.65%)
S2       16      9,510,739,312 dTLB-loads                                                    (13.12%)
S2       16        121,381,823 dTLB-load-misses                                              (16.94%)
S2       16      5,866,707,711 dTLB-stores                                                   (17.31%)
S2       16         15,310,642 dTLB-store-misses                                             (17.08%)
S2       16          3,940,139 iTLB-loads                                                    (17.13%)
S2       16          7,734,920 iTLB-load-misses                                              (17.29%)
S2       16      6,973,345,376 branch-loads                                                  (17.65%)
S2       16        159,012,260 branch-load-misses                                            (17.43%)
S3       16         62,950,003 cache-misses                                                  (17.19%)
S3       16     33,608,615,064 cycles                    #    0.000 GHz                      (21.55%)
S3       16     16,305,534,222 instructions              #    0.00  insns per cycle          (25.44%)
S3       16             89,275 cs                                                            (100.00%)
S3       16              1,200 migrations                                                    (100.00%)
S3       16             48,443 faults                                                      
S3       16      2,829,715,884 bus-cycles                                                    (25.60%)
S3       16     53,080,677,135 idle-cycles-frontend      #    0.00% frontend cycles idle     (25.59%)
S3       16     43,503,005,965 idle-cycles-backend       #    0.00% backend  cycles idle     (25.02%)
S3       16      4,622,225,312 L1-dcache-loads                                               (25.22%)
S3       16        326,136,959 L1-dcache-load-misses                                         (18.12%)
S3       16      2,602,474,652 L1-dcache-stores                                              (18.03%)
S3       16         49,652,587 L1-dcache-store-misses                                        (18.47%)
S3       16        139,558,020 L1-dcache-prefetch-misses                                     (17.80%)
S3       16        186,284,361 L1-icache-load-misses                                         (17.87%)
S3       16        262,235,155 LLC-loads                                                     (17.28%)
S3       16         24,395,506 LLC-stores                                                    (17.52%)
S3       16         77,068,106 LLC-prefetches                                                (8.91%)
S3       16      3,921,918,054 dTLB-loads                                                    (13.42%)
S3       16         70,142,281 dTLB-load-misses                                              (17.56%)
S3       16      2,504,009,281 dTLB-stores                                                   (17.45%)
S3       16          9,998,414 dTLB-store-misses                                             (17.25%)
S3       16          4,712,504 iTLB-loads                                                    (17.15%)
S3       16          4,566,058 iTLB-load-misses                                              (17.22%)
S3       16      2,711,738,976 branch-loads                                                  (17.23%)
S3       16         62,922,811 branch-load-misses                                            (17.20%)

     593.663660046 seconds time elapsed

#################################################################
# Test multi-threading - 16 threads - T3
#################################################################
2593028.MEM-Interleave.penguin.t16
[M::bwa_idx_load_from_disk] read 0 ALT contigs
[M::process] read 1584160 sequences (160000160 bp)...
[M::process] read 1584160 sequences (160000160 bp)...
[M::mem_process_seqs] Processed 1584160 reads in 414.513 CPU sec, 30.360 real sec
[M::process] read 1584160 sequences (160000160 bp)...
[M::mem_process_seqs] Processed 1584160 reads in 420.486 CPU sec, 26.545 real sec
[M::process] read 1584160 sequences (160000160 bp)...
[M::mem_process_seqs] Processed 1584160 reads in 429.753 CPU sec, 27.087 real sec
[M::process] read 1584160 sequences (160000160 bp)...
[M::mem_process_seqs] Processed 1584160 reads in 426.005 CPU sec, 26.864 real sec
[M::process] read 1584160 sequences (160000160 bp)...
[M::mem_process_seqs] Processed 1584160 reads in 424.158 CPU sec, 26.850 real sec
[M::process] read 1584160 sequences (160000160 bp)...
[M::mem_process_seqs] Processed 1584160 reads in 428.194 CPU sec, 27.060 real sec
[M::process] read 1584160 sequences (160000160 bp)...
[M::mem_process_seqs] Processed 1584160 reads in 429.515 CPU sec, 27.226 real sec
[M::process] read 1584160 sequences (160000160 bp)...
[M::mem_process_seqs] Processed 1584160 reads in 421.117 CPU sec, 26.642 real sec
[M::process] read 1584160 sequences (160000160 bp)...
[M::mem_process_seqs] Processed 1584160 reads in 422.721 CPU sec, 27.983 real sec
[M::process] read 1584160 sequences (160000160 bp)...
[M::mem_process_seqs] Processed 1584160 reads in 427.694 CPU sec, 28.297 real sec
[M::process] read 1584160 sequences (160000160 bp)...
[M::mem_process_seqs] Processed 1584160 reads in 423.772 CPU sec, 26.768 real sec
[M::process] read 1584160 sequences (160000160 bp)...
[M::mem_process_seqs] Processed 1584160 reads in 426.599 CPU sec, 28.217 real sec
[M::process] read 940982 sequences (95039182 bp)...
[M::mem_process_seqs] Processed 1584160 reads in 428.353 CPU sec, 28.461 real sec
[M::mem_process_seqs] Processed 940982 reads in 261.124 CPU sec, 17.330 real sec
[main] Version: 0.7.15-r1140
[main] CMD: ./bwa mem -t 16 /tmp/data/indexes/HG_index_BWA_default/hsapiens_v37.fa /tmp/data/datasets/NIST7086_CGTACTAG_L002_R2_001.fastq
[main] Real time: 384.658 sec; CPU: 5792.958 sec

 Performance counter stats for 'numactl --interleave=0,1 --physcpubind=0,4,8,12,16,20,24,28,1,5,9,13,17,21,25,29 ./bwa mem -t 16 /tmp/data/indexes/HG_index_BWA_default/hsapiens_v37.fa /tmp/data/datasets/NIST7086_CGTACTAG_L002_R2_001.fastq':

S0       16     15,624,830,731 cache-misses                                                  (17.07%)
S0       16  5,604,474,813,932 cycles                    #    0.000 GHz                      (21.80%)
S0       16  5,680,868,703,953 instructions              #   29.85  insns per cycle        
                                             #    0.05  stalled cycles per insn  (26.71%)
S0       16          3,740,465 cs                                                            (100.00%)
S0       16             13,638 migrations                                                    (100.00%)
S0       16            225,633 faults                                                      
S0       16    283,944,949,681 bus-cycles                                                    (27.21%)
S0       16  9,032,208,668,262 idle-cycles-frontend      #  4745.99% frontend cycles idle     (27.30%)
S0       16  8,293,556,614,544 idle-cycles-backend       #  4357.87% backend  cycles idle     (27.55%)
S0       16  1,122,158,534,469 L1-dcache-loads                                               (27.45%)
S0       16     35,357,707,406 L1-dcache-load-misses     #   95.90% of all L1-dcache hits    (17.76%)
S0       16    586,795,510,746 L1-dcache-stores                                              (17.48%)
S0       16      3,228,419,250 L1-dcache-store-misses                                        (17.50%)
S0       16     22,939,757,303 L1-dcache-prefetch-misses                                     (17.43%)
S0       16      5,932,708,410 L1-icache-load-misses                                         (17.37%)
S0       16     20,859,033,622 LLC-loads                                                     (17.16%)
S0       16      1,067,628,742 LLC-stores                                                    (17.14%)
S0       16      1,593,894,902 LLC-prefetches                                                (8.64%)
S0       16  1,187,865,022,966 dTLB-loads                                                    (12.72%)
S0       16     13,069,226,162 dTLB-load-misses          #   34.25% of all dTLB cache hits   (16.92%)
S0       16    586,411,113,916 dTLB-stores                                                   (16.84%)
S0       16        237,908,234 dTLB-store-misses                                             (16.50%)
S0       16        260,196,565 iTLB-loads                                                    (16.82%)
S0       16        134,861,634 iTLB-load-misses          #  1798.80% of all iTLB cache hits   (16.66%)
S0       16    487,858,219,022 branch-loads                                                  (16.99%)
S0       16     27,414,471,944 branch-load-misses                                            (16.93%)
S1       16     16,497,808,318 cache-misses                                                  (17.38%)
S1       16  6,507,523,836,337 cycles                    #    0.000 GHz                      (21.70%)
S1       16  6,170,624,345,443 instructions              #    0.00  insns per cycle          (25.79%)
S1       16          5,539,080 cs                                                            (100.00%)
S1       16             15,402 migrations                                                    (100.00%)
S1       16            482,323 faults                                                      
S1       16    282,455,489,279 bus-cycles                                                    (25.92%)
S1       16 10,766,628,331,124 idle-cycles-frontend      #    0.00% frontend cycles idle     (25.87%)
S1       16  9,956,920,376,568 idle-cycles-backend       #    0.00% backend  cycles idle     (25.58%)
S1       16  1,225,223,517,597 L1-dcache-loads                                               (25.90%)
S1       16     37,096,238,698 L1-dcache-load-misses                                         (17.93%)
S1       16    610,334,131,920 L1-dcache-stores                                              (17.90%)
S1       16      3,764,265,593 L1-dcache-store-misses                                        (17.78%)
S1       16     24,259,196,986 L1-dcache-prefetch-misses                                     (17.63%)
S1       16      6,380,374,786 L1-icache-load-misses                                         (17.33%)
S1       16     22,223,529,074 LLC-loads                                                     (17.58%)
S1       16      1,051,110,852 LLC-stores                                                    (17.50%)
S1       16      2,017,088,468 LLC-prefetches                                                (9.23%)
S1       16  1,242,280,204,021 dTLB-loads                                                    (13.47%)
S1       16     13,989,322,947 dTLB-load-misses                                              (17.34%)
S1       16    618,995,934,736 dTLB-stores                                                   (17.21%)
S1       16        301,281,148 dTLB-store-misses                                             (17.55%)
S1       16        213,201,309 iTLB-loads                                                    (17.37%)
S1       16        107,946,045 iTLB-load-misses                                              (17.13%)
S1       16    525,609,695,914 branch-loads                                                  (17.05%)
S1       16     28,417,346,525 branch-load-misses                                            (17.41%)
S2       16         52,854,345 cache-misses                                                  (17.03%)
S2       16     38,889,788,232 cycles                    #    0.000 GHz                      (21.31%)
S2       16     25,368,420,729 instructions              #    0.00  insns per cycle          (25.39%)
S2       16             72,333 cs                                                            (100.00%)
S2       16                859 migrations                                                    (100.00%)
S2       16             31,721 faults                                                      
S2       16      3,052,036,534 bus-cycles                                                    (25.76%)
S2       16     52,389,533,622 idle-cycles-frontend      #    0.00% frontend cycles idle     (25.73%)
S2       16     40,520,456,653 idle-cycles-backend       #    0.00% backend  cycles idle     (26.12%)
S2       16      7,692,863,599 L1-dcache-loads                                               (26.01%)
S2       16        617,106,032 L1-dcache-load-misses                                         (17.91%)
S2       16      4,631,570,055 L1-dcache-stores                                              (17.60%)
S2       16         88,195,738 L1-dcache-store-misses                                        (16.79%)
S2       16        153,992,901 L1-dcache-prefetch-misses                                     (16.86%)
S2       16        355,444,568 L1-icache-load-misses                                         (17.16%)
S2       16        338,652,111 LLC-loads                                                     (17.73%)
S2       16         24,463,367 LLC-stores                                                    (17.62%)
S2       16         50,529,796 LLC-prefetches                                                (10.50%)
S2       16      7,815,166,034 dTLB-loads                                                    (13.85%)
S2       16         95,213,371 dTLB-load-misses                                              (18.19%)
S2       16      4,184,196,330 dTLB-stores                                                   (17.69%)
S2       16         12,257,450 dTLB-store-misses                                             (17.43%)
S2       16          2,463,152 iTLB-loads                                                    (17.57%)
S2       16          5,226,648 iTLB-load-misses                                              (17.01%)
S2       16      4,470,916,055 branch-loads                                                  (17.02%)
S2       16        116,269,769 branch-load-misses                                            (17.32%)
S3       16         71,344,362 cache-misses                                                  (17.49%)
S3       16     29,097,601,469 cycles                    #    0.000 GHz                      (22.17%)
S3       16     14,549,139,282 instructions              #    0.00  insns per cycle          (26.42%)
S3       16             68,973 cs                                                            (100.00%)
S3       16              6,172 migrations                                                    (100.00%)
S3       16             39,380 faults                                                      
S3       16      2,611,016,916 bus-cycles                                                    (26.55%)
S3       16     50,843,816,533 idle-cycles-frontend      #    0.00% frontend cycles idle     (26.56%)
S3       16     43,281,834,611 idle-cycles-backend       #    0.00% backend  cycles idle     (26.73%)
S3       16      4,671,400,655 L1-dcache-loads                                               (26.81%)
S3       16        381,154,012 L1-dcache-load-misses                                         (17.77%)
S3       16      2,448,726,141 L1-dcache-stores                                              (17.66%)
S3       16         52,947,504 L1-dcache-store-misses                                        (17.50%)
S3       16        117,598,659 L1-dcache-prefetch-misses                                     (17.54%)
S3       16        183,817,480 L1-icache-load-misses                                         (17.35%)
S3       16        240,247,270 LLC-loads                                                     (17.32%)
S3       16         33,658,090 LLC-stores                                                    (17.04%)
S3       16         65,174,466 LLC-prefetches                                                (8.22%)
S3       16      4,192,270,490 dTLB-loads                                                    (12.53%)
S3       16         84,369,348 dTLB-load-misses                                              (16.88%)
S3       16      2,694,572,369 dTLB-stores                                                   (16.89%)
S3       16         11,315,056 dTLB-store-misses                                             (17.07%)
S3       16          3,967,277 iTLB-loads                                                    (17.07%)
S3       16          4,065,718 iTLB-load-misses                                              (17.14%)
S3       16      2,873,313,234 branch-loads                                                  (17.51%)
S3       16         57,002,391 branch-load-misses                                            (17.57%)

     384.900190884 seconds time elapsed

#################################################################
# Test multi-threading - 32 threads - T4 
#################################################################
2593028.MEM-Interleave.penguin.t32
[M::bwa_idx_load_from_disk] read 0 ALT contigs
[M::process] read 3168318 sequences (320000118 bp)...
[M::mem_process_seqs] Processed 3168318 reads in 1428.199 CPU sec, 56.918 real sec
[M::process] read 3168318 sequences (320000118 bp)...
[M::process] read 3168318 sequences (320000118 bp)...
[M::mem_process_seqs] Processed 3168318 reads in 1121.320 CPU sec, 36.504 real sec
[M::process] read 3168318 sequences (320000118 bp)...
[M::mem_process_seqs] Processed 3168318 reads in 1181.199 CPU sec, 37.900 real sec
[M::process] read 3168318 sequences (320000118 bp)...
[M::mem_process_seqs] Processed 3168318 reads in 1202.011 CPU sec, 38.189 real sec
[M::process] read 3168318 sequences (320000118 bp)...
[M::mem_process_seqs] Processed 3168318 reads in 1201.026 CPU sec, 38.669 real sec
[M::process] read 2525154 sequences (255040554 bp)...
[M::mem_process_seqs] Processed 3168318 reads in 1203.266 CPU sec, 38.792 real sec
[M::mem_process_seqs] Processed 2525154 reads in 978.691 CPU sec, 31.120 real sec
[main] Version: 0.7.15-r1140
[main] CMD: ./bwa mem -t 32 /tmp/data/indexes/HG_index_BWA_default/hsapiens_v37.fa /tmp/data/datasets/NIST7086_CGTACTAG_L002_R2_001.fastq
[main] Real time: 294.669 sec; CPU: 8335.422 sec

 Performance counter stats for 'numactl --interleave=0,1 --physcpubind=0,4,8,12,16,20,24,28,32,36,40,44,48,52,56,60,1,5,9,13,17,21,25,29,33,37,41,45,49,53,57,61 ./bwa mem -t 32 /tmp/data/indexes/HG_index_BWA_default/hsapiens_v37.fa /tmp/data/datasets/NIST7086_CGTACTAG_L002_R2_001.fastq':

S0       16     19,010,330,325 cache-misses                                                  (17.04%)
S0       16  7,692,580,512,878 cycles                    #    0.000 GHz                      (21.63%)
S0       16  5,701,330,484,173 instructions              #   22.26  insns per cycle        
                                             #    0.03  stalled cycles per insn  (26.33%)
S0       16          3,333,796 cs                                                            (100.00%)
S0       16             64,237 migrations                                                    (100.00%)
S0       16            318,205 faults                                                      
S0       16    402,878,064,444 bus-cycles                                                    (26.90%)
S0       16  5,811,113,088,413 idle-cycles-frontend      #  2269.24% frontend cycles idle     (27.44%)
S0       16  3,912,329,219,453 idle-cycles-backend       #  1527.77% backend  cycles idle     (27.69%)
S0       16  1,084,799,203,604 L1-dcache-loads                                               (27.53%)
S0       16     41,978,008,573 L1-dcache-load-misses     #  118.24% of all L1-dcache hits    (17.79%)
S0       16    570,424,047,357 L1-dcache-stores                                              (17.44%)
S0       16      5,003,353,697 L1-dcache-store-misses                                        (17.22%)
S0       16     27,350,253,814 L1-dcache-prefetch-misses                                     (17.12%)
S0       16      7,399,984,334 L1-icache-load-misses                                         (17.03%)
S0       16     23,983,472,580 LLC-loads                                                     (16.87%)
S0       16      2,201,791,209 LLC-stores                                                    (16.93%)
S0       16      3,465,092,420 LLC-prefetches                                                (8.47%)
S0       16  1,164,283,494,142 dTLB-loads                                                    (12.79%)
S0       16     12,474,931,597 dTLB-load-misses          #   32.64% of all dTLB cache hits   (17.08%)
S0       16    582,714,945,768 dTLB-stores                                                   (17.04%)
S0       16        290,780,893 dTLB-store-misses                                             (17.15%)
S0       16      3,246,860,737 iTLB-loads                                                    (17.13%)
S0       16        640,695,130 iTLB-load-misses          #  745.38% of all iTLB cache hits   (17.02%)
S0       16    498,276,640,260 branch-loads                                                  (16.95%)
S0       16     27,943,636,528 branch-load-misses                                            (16.82%)
S1       16     19,062,749,336 cache-misses                                                  (17.18%)
S1       16  8,635,975,177,813 cycles                    #    0.000 GHz                      (21.61%)
S1       16  6,085,645,080,853 instructions              #    0.00  insns per cycle          (26.27%)
S1       16          3,905,305 cs                                                            (100.00%)
S1       16             65,778 migrations                                                    (100.00%)
S1       16            808,108 faults                                                      
S1       16    394,922,226,003 bus-cycles                                                    (26.72%)
S1       16  6,819,178,736,741 idle-cycles-frontend      #    0.00% frontend cycles idle     (26.21%)
S1       16  4,830,619,448,879 idle-cycles-backend       #    0.00% backend  cycles idle     (26.39%)
S1       16  1,179,027,425,776 L1-dcache-loads                                               (26.17%)
S1       16     45,765,103,242 L1-dcache-load-misses                                         (17.47%)
S1       16    623,852,434,302 L1-dcache-stores                                              (17.74%)
S1       16      5,147,025,158 L1-dcache-store-misses                                        (17.15%)
S1       16     28,670,181,636 L1-dcache-prefetch-misses                                     (17.70%)
S1       16      7,542,445,870 L1-icache-load-misses                                         (17.24%)
S1       16     25,233,848,444 LLC-loads                                                     (17.40%)
S1       16      1,754,990,850 LLC-stores                                                    (17.50%)
S1       16      3,301,243,835 LLC-prefetches                                                (9.50%)
S1       16  1,271,705,493,465 dTLB-loads                                                    (14.06%)
S1       16     13,507,116,124 dTLB-load-misses                                              (17.71%)
S1       16    632,233,354,077 dTLB-stores                                                   (17.26%)
S1       16        871,554,289 dTLB-store-misses                                             (17.20%)
S1       16      2,249,071,706 iTLB-loads                                                    (17.15%)
S1       16        835,247,070 iTLB-load-misses                                              (17.42%)
S1       16    536,697,283,724 branch-loads                                                  (16.96%)
S1       16     30,699,064,292 branch-load-misses                                            (16.89%)
S2       16         70,594,803 cache-misses                                                  (16.89%)
S2       16     36,463,676,205 cycles                    #    0.000 GHz                      (21.79%)
S2       16     20,806,153,871 instructions              #    0.00  insns per cycle          (26.23%)
S2       16             73,733 cs                                                            (100.00%)
S2       16              4,974 migrations                                                    (100.00%)
S2       16             23,541 faults                                                      
S2       16      2,649,024,609 bus-cycles                                                    (26.53%)
S2       16     57,620,789,626 idle-cycles-frontend      #    0.00% frontend cycles idle     (26.12%)
S2       16     50,353,127,132 idle-cycles-backend       #    0.00% backend  cycles idle     (26.84%)
S2       16      5,153,325,396 L1-dcache-loads                                               (26.96%)
S2       16        361,504,533 L1-dcache-load-misses                                         (17.72%)
S2       16      3,071,886,469 L1-dcache-stores                                              (18.31%)
S2       16         55,989,218 L1-dcache-store-misses                                        (17.99%)
S2       16        142,130,796 L1-dcache-prefetch-misses                                     (17.75%)
S2       16        372,752,451 L1-icache-load-misses                                         (17.16%)
S2       16        221,326,674 LLC-loads                                                     (16.68%)
S2       16         26,613,595 LLC-stores                                                    (16.57%)
S2       16         52,418,532 LLC-prefetches                                                (9.26%)
S2       16      6,054,652,265 dTLB-loads                                                    (13.50%)
S2       16        124,163,270 dTLB-load-misses                                              (17.30%)
S2       16      3,167,812,094 dTLB-stores                                                   (17.54%)
S2       16         15,922,177 dTLB-store-misses                                             (17.63%)
S2       16          2,034,694 iTLB-loads                                                    (17.71%)
S2       16          4,420,240 iTLB-load-misses                                              (17.20%)
S2       16      4,248,233,936 branch-loads                                                  (16.84%)
S2       16        103,028,697 branch-load-misses                                            (16.95%)
S3       16         54,032,748 cache-misses                                                  (17.04%)
S3       16     24,191,624,425 cycles                    #    0.000 GHz                      (21.39%)
S3       16     11,297,480,918 instructions              #    0.00  insns per cycle          (25.94%)
S3       16             66,378 cs                                                            (100.00%)
S3       16              9,080 migrations                                                    (100.00%)
S3       16             27,677 faults                                                      
S3       16      2,056,968,188 bus-cycles                                                    (26.03%)
S3       16     40,869,681,178 idle-cycles-frontend      #    0.00% frontend cycles idle     (26.17%)
S3       16     37,620,047,284 idle-cycles-backend       #    0.00% backend  cycles idle     (26.19%)
S3       16      3,152,654,908 L1-dcache-loads                                               (26.14%)
S3       16        262,208,242 L1-dcache-load-misses                                         (17.51%)
S3       16      2,175,305,225 L1-dcache-stores                                              (17.12%)
S3       16         42,501,491 L1-dcache-store-misses                                        (17.12%)
S3       16        132,723,054 L1-dcache-prefetch-misses                                     (17.41%)
S3       16        187,757,328 L1-icache-load-misses                                         (17.31%)
S3       16        265,422,020 LLC-loads                                                     (17.51%)
S3       16         26,871,421 LLC-stores                                                    (17.82%)
S3       16         82,572,595 LLC-prefetches                                                (9.02%)
S3       16      4,050,278,452 dTLB-loads                                                    (13.18%)
S3       16         76,564,528 dTLB-load-misses                                              (17.66%)
S3       16      2,486,426,413 dTLB-stores                                                   (17.43%)
S3       16         11,446,621 dTLB-store-misses                                             (17.24%)
S3       16          3,189,997 iTLB-loads                                                    (17.42%)
S3       16          3,844,777 iTLB-load-misses                                              (17.16%)
S3       16      2,410,386,604 branch-loads                                                  (17.28%)
S3       16         52,364,115 branch-load-misses                                            (17.23%)

     294.946464868 seconds time elapsed

#################################################################
# Test multi-threading - 48 threads - T5
#################################################################
2593028.MEM-Interleave.penguin.t48
[M::bwa_idx_load_from_disk] read 0 ALT contigs
[M::process] read 4752476 sequences (480000076 bp)...
[M::mem_process_seqs] Processed 4752476 reads in 2565.458 CPU sec, 70.218 real sec
[M::process] read 4752476 sequences (480000076 bp)...
[M::process] read 4752476 sequences (480000076 bp)...
[M::mem_process_seqs] Processed 4752476 reads in 1747.874 CPU sec, 37.973 real sec
[M::process] read 4752476 sequences (480000076 bp)...
[M::mem_process_seqs] Processed 4752476 reads in 1818.487 CPU sec, 38.828 real sec
[M::process] read 2525158 sequences (255040958 bp)...
[M::mem_process_seqs] Processed 4752476 reads in 1839.883 CPU sec, 39.220 real sec
[M::mem_process_seqs] Processed 2525158 reads in 1005.985 CPU sec, 21.479 real sec
[main] Version: 0.7.15-r1140
[main] CMD: ./bwa mem -t 48 /tmp/data/indexes/HG_index_BWA_default/hsapiens_v37.fa /tmp/data/datasets/NIST7086_CGTACTAG_L002_R2_001.fastq
[main] Real time: 232.861 sec; CPU: 9008.781 sec

 Performance counter stats for 'numactl --interleave=0-2 --physcpubind=0,4,8,12,16,20,24,28,32,36,40,44,48,52,56,60,1,5,9,13,17,21,25,29,33,37,41,45,49,53,57,61,2,6,10,14,18,22,26,30,34,38,42,46,50,54,58,62 ./bwa mem -t 48 /tmp/data/indexes/HG_index_BWA_default/hsapiens_v37.fa /tmp/data/datasets/NIST7086_CGTACTAG_L002_R2_001.fastq':

S0       16     12,273,867,806 cache-misses                                                  (16.79%)
S0       16  5,602,133,995,407 cycles                    #    0.000 GHz                      (21.43%)
S0       16  3,868,327,333,762 instructions              #   14.38  insns per cycle        
                                             #    0.06  stalled cycles per insn  (26.39%)
S0       16          2,860,108 cs                                                            (100.00%)
S0       16             65,703 migrations                                                    (100.00%)
S0       16            947,342 faults                                                      
S0       16    291,229,287,627 bus-cycles                                                    (26.43%)
S0       16  4,352,403,337,306 idle-cycles-frontend      #  1617.94% frontend cycles idle     (26.66%)
S0       16  3,110,928,648,631 idle-cycles-backend       #  1156.44% backend  cycles idle     (27.24%)
S0       16    716,689,215,408 L1-dcache-loads                                               (27.48%)
S0       16     27,450,399,792 L1-dcache-load-misses     #   77.20% of all L1-dcache hits    (18.78%)
S0       16    372,408,880,172 L1-dcache-stores                                              (18.18%)
S0       16      3,646,085,974 L1-dcache-store-misses                                        (17.65%)
S0       16     17,857,519,901 L1-dcache-prefetch-misses                                     (17.26%)
S0       16      5,641,893,149 L1-icache-load-misses                                         (17.28%)
S0       16     16,371,827,914 LLC-loads                                                     (16.93%)
S0       16      1,317,822,459 LLC-stores                                                    (17.43%)
S0       16      2,349,928,975 LLC-prefetches                                                (9.73%)
S0       16    818,661,512,076 dTLB-loads                                                    (13.19%)
S0       16      9,088,452,428 dTLB-load-misses          #   23.43% of all dTLB cache hits   (16.71%)
S0       16    403,571,053,053 dTLB-stores                                                   (17.88%)
S0       16        569,910,646 dTLB-store-misses                                             (17.14%)
S0       16      1,395,452,300 iTLB-loads                                                    (17.00%)
S0       16        860,487,780 iTLB-load-misses          #  1572.43% of all iTLB cache hits   (16.55%)
S0       16    361,265,574,161 branch-loads                                                  (16.84%)
S0       16     19,880,926,322 branch-load-misses                                            (16.26%)
S1       16     12,096,855,643 cache-misses                                                  (17.69%)
S1       16  5,722,860,457,012 cycles                    #    0.000 GHz                      (22.44%)
S1       16  3,960,095,426,997 instructions              #    0.00  insns per cycle          (26.64%)
S1       16          3,098,680 cs                                                            (100.00%)
S1       16             60,143 migrations                                                    (100.00%)
S1       16            326,431 faults                                                      
S1       16    285,449,469,643 bus-cycles                                                    (26.71%)
S1       16  4,637,439,040,858 idle-cycles-frontend      #    0.00% frontend cycles idle     (25.52%)
S1       16  3,280,025,324,576 idle-cycles-backend       #    0.00% backend  cycles idle     (25.68%)
S1       16    789,491,666,376 L1-dcache-loads                                               (25.47%)
S1       16     29,917,937,128 L1-dcache-load-misses                                         (18.86%)
S1       16    408,794,454,576 L1-dcache-stores                                              (17.39%)
S1       16      3,366,544,331 L1-dcache-store-misses                                        (16.89%)
S1       16     19,131,961,338 L1-dcache-prefetch-misses                                     (16.97%)
S1       16      5,333,312,332 L1-icache-load-misses                                         (17.50%)
S1       16     16,945,619,275 LLC-loads                                                     (16.98%)
S1       16      1,144,650,214 LLC-stores                                                    (17.44%)
S1       16      2,118,300,204 LLC-prefetches                                                (9.70%)
S1       16    843,472,259,045 dTLB-loads                                                    (13.71%)
S1       16      9,122,815,055 dTLB-load-misses                                              (17.45%)
S1       16    417,632,561,774 dTLB-stores                                                   (18.41%)
S1       16        507,165,515 dTLB-store-misses                                             (17.33%)
S1       16      1,340,530,297 iTLB-loads                                                    (17.57%)
S1       16        534,021,164 iTLB-load-misses                                              (17.40%)
S1       16    342,429,132,611 branch-loads                                                  (17.36%)
S1       16     19,823,687,680 branch-load-misses                                            (17.47%)
S2       16     12,573,555,998 cache-misses                                                  (16.76%)
S2       16  5,858,735,774,804 cycles                    #    0.000 GHz                      (21.66%)
S2       16  3,982,043,561,804 instructions              #    0.00  insns per cycle          (26.21%)
S2       16          3,050,214 cs                                                            (100.00%)
S2       16             63,559 migrations                                                    (100.00%)
S2       16            293,863 faults                                                      
S2       16    292,154,754,956 bus-cycles                                                    (26.56%)
S2       16  4,726,764,175,278 idle-cycles-frontend      #    0.00% frontend cycles idle     (27.05%)
S2       16  3,394,589,539,048 idle-cycles-backend       #    0.00% backend  cycles idle     (27.29%)
S2       16    764,384,972,599 L1-dcache-loads                                               (27.23%)
S2       16     29,689,563,073 L1-dcache-load-misses                                         (17.74%)
S2       16    398,203,750,569 L1-dcache-stores                                              (17.38%)
S2       16      3,914,626,979 L1-dcache-store-misses                                        (17.18%)
S2       16     18,449,779,871 L1-dcache-prefetch-misses                                     (17.11%)
S2       16      5,583,062,207 L1-icache-load-misses                                         (16.97%)
S2       16     16,674,309,725 LLC-loads                                                     (17.01%)
S2       16      1,269,571,484 LLC-stores                                                    (17.01%)
S2       16      2,307,955,091 LLC-prefetches                                                (8.83%)
S2       16    815,382,439,069 dTLB-loads                                                    (13.06%)
S2       16      9,160,813,188 dTLB-load-misses                                              (17.12%)
S2       16    402,518,100,269 dTLB-stores                                                   (17.23%)
S2       16        717,575,458 dTLB-store-misses                                             (17.38%)
S2       16        763,001,846 iTLB-loads                                                    (17.42%)
S2       16        929,526,968 iTLB-load-misses                                              (17.27%)
S2       16    340,113,700,880 branch-loads                                                  (17.15%)
S2       16     19,790,998,069 branch-load-misses                                            (17.01%)
S3       16         95,762,652 cache-misses                                                  (17.76%)
S3       16     32,874,806,476 cycles                    #    0.000 GHz                      (22.93%)
S3       16     16,532,314,111 instructions              #    0.00  insns per cycle          (26.96%)
S3       16             69,847 cs                                                            (100.00%)
S3       16             10,920 migrations                                                    (100.00%)
S3       16             52,355 faults                                                      
S3       16      2,646,591,924 bus-cycles                                                    (27.05%)
S3       16     54,805,478,242 idle-cycles-frontend      #    0.00% frontend cycles idle     (26.59%)
S3       16     53,003,919,745 idle-cycles-backend       #    0.00% backend  cycles idle     (26.14%)
S3       16      5,073,950,905 L1-dcache-loads                                               (25.66%)
S3       16        433,854,573 L1-dcache-load-misses                                         (17.55%)
S3       16      3,316,304,604 L1-dcache-stores                                              (16.79%)
S3       16         74,195,052 L1-dcache-store-misses                                        (16.77%)
S3       16        244,071,431 L1-dcache-prefetch-misses                                     (16.88%)
S3       16        299,319,129 L1-icache-load-misses                                         (17.03%)
S3       16        365,846,302 LLC-loads                                                     (16.75%)
S3       16         36,392,650 LLC-stores                                                    (17.28%)
S3       16        100,000,293 LLC-prefetches                                                (9.46%)
S3       16      5,365,403,231 dTLB-loads                                                    (13.32%)
S3       16        104,485,768 dTLB-load-misses                                              (17.70%)
S3       16      3,172,172,530 dTLB-stores                                                   (17.82%)
S3       16         13,356,554 dTLB-store-misses                                             (17.36%)
S3       16          3,309,980 iTLB-loads                                                    (17.55%)
S3       16          5,860,852 iTLB-load-misses                                              (17.41%)
S3       16      3,562,333,978 branch-loads                                                  (17.55%)
S3       16         79,824,768 branch-load-misses                                            (17.73%)

     233.213491954 seconds time elapsed

#################################################################
# Test multi-threading - 64 threads - T6
#################################################################

[M::bwa_idx_load_from_disk] read 0 ALT contigs
[M::process] read 6336634 sequences (640000034 bp)...
[M::mem_process_seqs] Processed 6336634 reads in 3608.072 CPU sec, 77.222 real sec
[M::process] read 6336634 sequences (640000034 bp)...
[M::process] read 6336634 sequences (640000034 bp)...
[M::mem_process_seqs] Processed 6336634 reads in 2340.914 CPU sec, 37.973 real sec
[M::mem_process_seqs] Processed 6336634 reads in 2382.274 CPU sec, 40.038 real sec
[M::process] read 2525160 sequences (255041160 bp)...
[M::mem_process_seqs] Processed 2525160 reads in 971.383 CPU sec, 15.706 real sec
[main] Version: 0.7.15-r1140
[main] CMD: ./bwa mem -t 64 /tmp/data/indexes/HG_index_BWA_default/hsapiens_v37.fa /tmp/data/datasets/NIST7086_CGTACTAG_L002_R2_001.fastq
[main] Real time: 206.957 sec; CPU: 9353.046 sec

 Performance counter stats for 'numactl --interleave=0-3 --physcpubind=0-63 ./bwa mem -t 64 /tmp/data/indexes/HG_index_BWA_default/hsapiens_v37.fa /tmp/data/datasets/NIST7086_CGTACTAG_L002_R2_001.fastq':

S0       16     10,208,478,720 cache-misses                                                  (16.27%)
S0       16  4,456,679,920,388 cycles                    #    0.000 GHz                      (21.05%)
S0       16  3,095,556,338,921 instructions              #   11.40  insns per cycle        
                                             #    0.07  stalled cycles per insn  (25.57%)
S0       16          2,259,813 cs                                                            (100.00%)
S0       16             32,136 migrations                                                    (100.00%)
S0       16            774,683 faults                                                      
S0       16    233,955,835,387 bus-cycles                                                    (26.08%)
S0       16  3,633,188,157,216 idle-cycles-frontend      #  1338.20% frontend cycles idle     (25.82%)
S0       16  2,607,554,782,223 idle-cycles-backend       #  960.43% backend  cycles idle     (26.51%)
S0       16    571,218,756,779 L1-dcache-loads                                               (27.30%)
S0       16     21,199,728,990 L1-dcache-load-misses     #   59.03% of all L1-dcache hits    (19.03%)
S0       16    277,634,588,005 L1-dcache-stores                                              (19.09%)
S0       16      2,611,619,522 L1-dcache-store-misses                                        (19.35%)
S0       16     13,514,621,049 L1-dcache-prefetch-misses                                     (18.15%)
S0       16      4,263,229,911 L1-icache-load-misses                                         (18.21%)
S0       16     12,609,222,692 LLC-loads                                                     (17.42%)
S0       16      1,055,685,784 LLC-stores                                                    (16.73%)
S0       16      1,763,887,263 LLC-prefetches                                                (9.18%)
S0       16    635,267,122,836 dTLB-loads                                                    (13.33%)
S0       16      7,190,649,093 dTLB-load-misses          #   18.49% of all dTLB cache hits   (16.61%)
S0       16    319,077,816,882 dTLB-stores                                                   (16.56%)
S0       16        268,346,479 dTLB-store-misses                                             (16.52%)
S0       16      1,400,751,723 iTLB-loads                                                    (16.72%)
S0       16        475,572,560 iTLB-load-misses          #  567.37% of all iTLB cache hits   (16.46%)
S0       16    275,113,330,563 branch-loads                                                  (16.58%)
S0       16     15,067,251,215 branch-load-misses                                            (16.50%)
S1       16      9,888,290,250 cache-misses                                                  (17.11%)
S1       16  4,354,638,421,571 cycles                    #    0.000 GHz                      (21.69%)
S1       16  2,986,898,988,776 instructions              #    0.00  insns per cycle          (26.15%)
S1       16          2,341,173 cs                                                            (100.00%)
S1       16             32,749 migrations                                                    (100.00%)
S1       16            714,982 faults                                                      
S1       16    228,521,355,346 bus-cycles                                                    (26.37%)
S1       16  3,557,723,734,064 idle-cycles-frontend      #    0.00% frontend cycles idle     (26.46%)
S1       16  2,573,566,256,026 idle-cycles-backend       #    0.00% backend  cycles idle     (26.64%)
S1       16    584,052,992,194 L1-dcache-loads                                               (26.61%)
S1       16     21,981,873,667 L1-dcache-load-misses                                         (18.22%)
S1       16    297,638,196,917 L1-dcache-stores                                              (17.59%)
S1       16      2,528,257,599 L1-dcache-store-misses                                        (17.68%)
S1       16     14,053,560,895 L1-dcache-prefetch-misses                                     (17.15%)
S1       16      4,378,832,618 L1-icache-load-misses                                         (17.39%)
S1       16     12,488,704,723 LLC-loads                                                     (17.34%)
S1       16        908,234,340 LLC-stores                                                    (17.07%)
S1       16      1,615,357,204 LLC-prefetches                                                (8.94%)
S1       16    620,004,841,481 dTLB-loads                                                    (13.34%)
S1       16      6,966,415,299 dTLB-load-misses                                              (17.36%)
S1       16    308,036,156,600 dTLB-stores                                                   (17.42%)
S1       16        236,024,556 dTLB-store-misses                                             (17.19%)
S1       16      1,351,935,160 iTLB-loads                                                    (17.19%)
S1       16        504,743,619 iTLB-load-misses                                              (17.05%)
S1       16    262,853,078,074 branch-loads                                                  (16.96%)
S1       16     14,656,801,131 branch-load-misses                                            (17.00%)
S2       16      9,463,885,907 cache-misses                                                  (17.33%)
S2       16  4,259,082,177,838 cycles                    #    0.000 GHz                      (21.95%)
S2       16  2,991,231,451,401 instructions              #    0.00  insns per cycle          (26.06%)
S2       16          2,415,842 cs                                                            (100.00%)
S2       16             32,026 migrations                                                    (100.00%)
S2       16            272,955 faults                                                      
S2       16    225,116,125,156 bus-cycles                                                    (26.68%)
S2       16  3,434,934,245,640 idle-cycles-frontend      #    0.00% frontend cycles idle     (26.21%)
S2       16  2,446,100,931,020 idle-cycles-backend       #    0.00% backend  cycles idle     (26.59%)
S2       16    557,834,892,953 L1-dcache-loads                                               (26.94%)
S2       16     20,896,026,609 L1-dcache-load-misses                                         (18.81%)
S2       16    281,722,386,670 L1-dcache-stores                                              (18.43%)
S2       16      2,262,613,916 L1-dcache-store-misses                                        (18.37%)
S2       16     13,828,057,530 L1-dcache-prefetch-misses                                     (17.27%)
S2       16      4,090,940,979 L1-icache-load-misses                                         (17.13%)
S2       16     12,616,583,966 LLC-loads                                                     (16.84%)
S2       16        851,838,634 LLC-stores                                                    (16.52%)
S2       16      1,414,645,003 LLC-prefetches                                                (9.42%)
S2       16    638,230,026,150 dTLB-loads                                                    (13.62%)
S2       16      7,009,257,091 dTLB-load-misses                                              (16.63%)
S2       16    315,483,018,066 dTLB-stores                                                   (16.65%)
S2       16        280,308,004 dTLB-store-misses                                             (16.86%)
S2       16      1,162,500,199 iTLB-loads                                                    (17.52%)
S2       16        520,181,222 iTLB-load-misses                                              (17.16%)
S2       16    253,765,625,498 branch-loads                                                  (17.12%)
S2       16     14,770,039,151 branch-load-misses                                            (17.01%)
S3       16      9,341,603,117 cache-misses                                                  (16.91%)
S3       16  4,305,542,118,613 cycles                    #    0.000 GHz                      (21.70%)
S3       16  2,995,413,808,918 instructions              #    0.00  insns per cycle          (26.18%)
S3       16          2,433,437 cs                                                            (100.00%)
S3       16             33,643 migrations                                                    (100.00%)
S3       16            493,829 faults                                                      
S3       16    229,745,383,173 bus-cycles                                                    (26.41%)
S3       16  3,598,981,800,909 idle-cycles-frontend      #    0.00% frontend cycles idle     (26.11%)
S3       16  2,628,003,026,252 idle-cycles-backend       #    0.00% backend  cycles idle     (26.28%)
S3       16    585,509,532,776 L1-dcache-loads                                               (26.09%)
S3       16     22,314,470,847 L1-dcache-load-misses                                         (17.73%)
S3       16    295,075,976,402 L1-dcache-stores                                              (17.61%)
S3       16      2,656,763,716 L1-dcache-store-misses                                        (18.10%)
S3       16     13,637,660,473 L1-dcache-prefetch-misses                                     (17.43%)
S3       16      4,204,645,415 L1-icache-load-misses                                         (17.46%)
S3       16     12,509,685,125 LLC-loads                                                     (17.31%)
S3       16      1,126,845,601 LLC-stores                                                    (17.04%)
S3       16      1,829,923,624 LLC-prefetches                                                (9.29%)
S3       16    595,787,532,040 dTLB-loads                                                    (14.17%)
S3       16      6,612,513,794 dTLB-load-misses                                              (17.53%)
S3       16    298,768,441,697 dTLB-stores                                                   (17.38%)
S3       16        281,292,923 dTLB-store-misses                                             (17.33%)
S3       16      1,449,358,049 iTLB-loads                                                    (17.18%)
S3       16        546,299,837 iTLB-load-misses                                              (16.97%)
S3       16    259,028,516,058 branch-loads                                                  (16.94%)
S3       16     14,719,085,260 branch-load-misses                                            (16.89%)

     207.471862850 seconds time elapsed

#################################################################
# Test multi-threading - 64 threads - T6
#################################################################
