mkdir: cannot create directory `/scratch/077-hpca4se-bioinf/jlenis/results/BOWTIE2-Localalloc': File exists
> Benchmarks for Bowtie2 2.2.6: NIST7086_CGTACTAG_L002_R2_001
catwoman
#################################################################
# Warm up - 64 threads - T1
#################################################################
WarmUp.2592952.BOWTIE2-Localalloc.catwoman.t64
21535062 reads; of these:
  21535062 (100.00%) were unpaired; of these:
    970429 (4.51%) aligned 0 times
    14935119 (69.35%) aligned exactly 1 time
    5629514 (26.14%) aligned >1 times
95.49% overall alignment rate
#################################################################
# Test multi-threading - 8 threads - T2
#################################################################
2592952.BOWTIE2-Localalloc.catwoman.t8
21535062 reads; of these:
  21535062 (100.00%) were unpaired; of these:
    970429 (4.51%) aligned 0 times
    14935119 (69.35%) aligned exactly 1 time
    5629514 (26.14%) aligned >1 times
95.49% overall alignment rate

 Performance counter stats for 'numactl --localalloc --physcpubind=0-7 ./bowtie2 -p 8 -x /tmp/data/indexes/HG_index_bowtie2/bowtie2_index /tmp/data/datasets/NIST7086_CGTACTAG_L002_R2_001.fastq -S /scratch/077-hpca4se-bioinf/jlenis/results/BOWTIE2-Localalloc/2592952.BOWTIE2-Localalloc.catwoman.t8.sam':

S0       16     50,140,855,888 cache-misses                                                  (22.10%)
S0       16 14,230,267,172,317 cycles                    #    0.000 GHz                      (22.16%)
S0       16 14,944,905,287,553 instructions              #   65.82  insns per cycle        
                                             #    0.00  stalled cycles per insn  (27.79%)
S0       16            190,462 cs                                                            (100.00%)
S0       16              1,030 migrations                                                    (100.00%)
S0       16             60,469 faults                                                      
S0       16    <not supported> bus-cycles              
S0       16  1,552,125,520,999 idle-cycles-frontend      #  683.59% frontend cycles idle     (16.89%)
S0       16    846,704,025,465 idle-cycles-backend       #  372.90% backend  cycles idle     (16.91%)
S0       16  6,206,832,188,868 L1-dcache-loads                                               (22.56%)
S0       16    142,085,394,779 L1-dcache-load-misses     #  145.47% of all L1-dcache hits    (28.21%)
S0       16    169,128,946,870 L1-dcache-stores                                              (28.20%)
S0       16    <not supported> L1-dcache-store-misses  
S0       16                  0 L1-dcache-prefetch-misses                                     (28.24%)
S0       16     50,118,827,136 L1-icache-load-misses                                         (28.08%)
S0       16    219,968,097,075 LLC-loads                                                     (10.89%)
S0       16     37,708,149,210 LLC-stores                                                    (10.92%)
S0       16    <not supported> LLC-prefetches          
S0       16  6,227,266,563,845 dTLB-loads                                                    (16.45%)
S0       16      4,799,916,199 dTLB-load-misses          #    4.91% of all dTLB cache hits   (16.47%)
S0       16    <not supported> dTLB-stores             
S0       16    <not supported> dTLB-store-misses       
S0       16  3,918,323,257,927 iTLB-loads                                                    (16.35%)
S0       16        214,529,248 iTLB-load-misses          #    0.35% of all iTLB cache hits   (10.98%)
S0       16  1,659,800,183,082 branch-loads                                                  (16.48%)
S0       16     69,358,115,715 branch-load-misses                                            (21.93%)
S1       16        255,400,585 cache-misses                                                  (21.32%)
S1       16    100,976,691,226 cycles                    #    0.000 GHz                      (21.68%)
S1       16     24,619,208,545 instructions              #    0.00  insns per cycle          (27.86%)
S1       16             71,082 cs                                                            (100.00%)
S1       16              1,211 migrations                                                    (100.00%)
S1       16             46,970 faults                                                      
S1       16    <not supported> bus-cycles              
S1       16    736,195,671,062 idle-cycles-frontend      #    0.00% frontend cycles idle     (17.53%)
S1       16     25,296,491,527 idle-cycles-backend       #    0.00% backend  cycles idle     (17.16%)
S1       16      9,070,428,331 L1-dcache-loads                                               (22.57%)
S1       16        473,340,165 L1-dcache-load-misses                                         (27.94%)
S1       16        485,719,680 L1-dcache-stores                                              (27.84%)
S1       16    <not supported> L1-dcache-store-misses  
S1       16                  0 L1-dcache-prefetch-misses                                     (28.02%)
S1       16        222,395,704 L1-icache-load-misses                                         (27.90%)
S1       16        648,289,419 LLC-loads                                                     (11.11%)
S1       16        351,396,045 LLC-stores                                                    (11.21%)
S1       16    <not supported> LLC-prefetches          
S1       16      7,056,999,235 dTLB-loads                                                    (16.89%)
S1       16            237,070 dTLB-load-misses                                              (16.75%)
S1       16    <not supported> dTLB-stores             
S1       16    <not supported> dTLB-store-misses       
S1       16      4,147,937,908 iTLB-loads                                                    (16.48%)
S1       16            169,779 iTLB-load-misses                                              (10.83%)
S1       16      4,033,183,089 branch-loads                                                  (16.20%)
S1       16         39,810,397 branch-load-misses                                            (21.53%)
S2       16        238,159,466 cache-misses                                                  (21.17%)
S2       16     88,167,380,889 cycles                    #    0.000 GHz                      (20.21%)
S2       16     24,613,610,684 instructions              #    0.00  insns per cycle          (28.09%)
S2       16            107,986 cs                                                            (100.00%)
S2       16              8,216 migrations                                                    (100.00%)
S2       16             42,737 faults                                                      
S2       16    <not supported> bus-cycles              
S2       16    933,364,485,203 idle-cycles-frontend      #    0.00% frontend cycles idle     (20.09%)
S2       16     40,705,584,121 idle-cycles-backend       #    0.00% backend  cycles idle     (18.10%)
S2       16     15,169,712,064 L1-dcache-loads                                               (23.89%)
S2       16        796,203,540 L1-dcache-load-misses                                         (27.43%)
S2       16        678,463,268 L1-dcache-stores                                              (28.40%)
S2       16    <not supported> L1-dcache-store-misses  
S2       16                  0 L1-dcache-prefetch-misses                                     (25.12%)
S2       16        289,686,620 L1-icache-load-misses                                         (25.16%)
S2       16        642,046,167 LLC-loads                                                     (13.36%)
S2       16        452,347,237 LLC-stores                                                    (12.61%)
S2       16    <not supported> LLC-prefetches          
S2       16      8,947,145,620 dTLB-loads                                                    (18.40%)
S2       16            181,874 dTLB-load-misses                                              (17.21%)
S2       16    <not supported> dTLB-stores             
S2       16    <not supported> dTLB-store-misses       
S2       16      4,335,605,212 iTLB-loads                                                    (16.28%)
S2       16            127,513 iTLB-load-misses                                              (10.69%)
S2       16      2,280,552,512 branch-loads                                                  (16.31%)
S2       16         27,922,977 branch-load-misses                                            (21.76%)
S3       16        565,421,345 cache-misses                                                  (21.88%)
S3       16    112,207,973,981 cycles                    #    0.000 GHz                      (21.80%)
S3       16     36,904,180,738 instructions              #    0.00  insns per cycle          (28.98%)
S3       16            105,257 cs                                                            (100.00%)
S3       16              1,574 migrations                                                    (100.00%)
S3       16             49,317 faults                                                      
S3       16    <not supported> bus-cycles              
S3       16    668,875,015,743 idle-cycles-frontend      #    0.00% frontend cycles idle     (19.36%)
S3       16     33,610,449,516 idle-cycles-backend       #    0.00% backend  cycles idle     (17.03%)
S3       16     20,119,345,360 L1-dcache-loads                                               (23.17%)
S3       16        957,575,535 L1-dcache-load-misses                                         (27.19%)
S3       16      1,031,284,833 L1-dcache-stores                                              (27.74%)
S3       16    <not supported> L1-dcache-store-misses  
S3       16                  0 L1-dcache-prefetch-misses                                     (25.45%)
S3       16        535,867,375 L1-icache-load-misses                                         (26.11%)
S3       16      1,331,977,615 LLC-loads                                                     (12.98%)
S3       16        295,696,942 LLC-stores                                                    (11.36%)
S3       16    <not supported> LLC-prefetches          
S3       16     16,866,813,550 dTLB-loads                                                    (17.37%)
S3       16          1,265,729 dTLB-load-misses                                              (16.85%)
S3       16    <not supported> dTLB-stores             
S3       16    <not supported> dTLB-store-misses       
S3       16      9,788,408,847 iTLB-loads                                                    (16.26%)
S3       16            689,948 iTLB-load-misses                                              (10.91%)
S3       16      5,525,406,152 branch-loads                                                  (16.64%)
S3       16        179,044,896 branch-load-misses                                            (22.36%)

     755.562894510 seconds time elapsed

#################################################################
# Test multi-threading - 16 threads - T3
#################################################################
2592952.BOWTIE2-Localalloc.catwoman.t16
21535062 reads; of these:
  21535062 (100.00%) were unpaired; of these:
    970429 (4.51%) aligned 0 times
    14935119 (69.35%) aligned exactly 1 time
    5629514 (26.14%) aligned >1 times
95.49% overall alignment rate

 Performance counter stats for 'numactl --localalloc --physcpubind=0-15 ./bowtie2 -p 16 -x /tmp/data/indexes/HG_index_bowtie2/bowtie2_index /tmp/data/datasets/NIST7086_CGTACTAG_L002_R2_001.fastq -S /scratch/077-hpca4se-bioinf/jlenis/results/BOWTIE2-Localalloc/2592952.BOWTIE2-Localalloc.catwoman.t16.sam':

S0       16     51,756,899,376 cache-misses                                                  (22.27%)
S0       16 17,157,846,674,206 cycles                    #    0.000 GHz                      (22.39%)
S0       16 15,247,339,164,380 instructions              #   56.37  insns per cycle        
                                             #    0.01  stalled cycles per insn  (27.94%)
S0       16         27,591,379 cs                                                            (100.00%)
S0       16             26,438 migrations                                                    (100.00%)
S0       16             77,818 faults                                                      
S0       16    <not supported> bus-cycles              
S0       16  4,603,853,306,926 idle-cycles-frontend      #  1702.05% frontend cycles idle     (16.80%)
S0       16  1,448,602,362,505 idle-cycles-backend       #  535.55% backend  cycles idle     (16.67%)
S0       16  6,465,227,411,754 L1-dcache-loads                                               (22.22%)
S0       16    146,140,422,379 L1-dcache-load-misses     #  144.10% of all L1-dcache hits    (27.78%)
S0       16    172,940,870,842 L1-dcache-stores                                              (27.76%)
S0       16    <not supported> L1-dcache-store-misses  
S0       16                  0 L1-dcache-prefetch-misses                                     (27.72%)
S0       16     52,144,521,384 L1-icache-load-misses                                         (27.67%)
S0       16    226,793,366,060 LLC-loads                                                     (11.05%)
S0       16     38,682,618,802 LLC-stores                                                    (11.08%)
S0       16    <not supported> LLC-prefetches          
S0       16  6,498,451,683,931 dTLB-loads                                                    (16.64%)
S0       16      5,579,030,215 dTLB-load-misses          #    5.47% of all dTLB cache hits   (16.60%)
S0       16    <not supported> dTLB-stores             
S0       16    <not supported> dTLB-store-misses       
S0       16  4,050,722,752,024 iTLB-loads                                                    (16.64%)
S0       16        173,797,632 iTLB-load-misses          #    0.27% of all iTLB cache hits   (11.12%)
S0       16  1,727,289,280,654 branch-loads                                                  (16.65%)
S0       16     70,183,990,738 branch-load-misses                                            (22.23%)
S1       16        133,404,544 cache-misses                                                  (22.10%)
S1       16     34,022,019,644 cycles                    #    0.000 GHz                      (22.36%)
S1       16      8,354,144,923 instructions              #    0.00  insns per cycle          (28.15%)
S1       16             56,697 cs                                                            (100.00%)
S1       16                788 migrations                                                    (100.00%)
S1       16             31,669 faults                                                      
S1       16    <not supported> bus-cycles              
S1       16    256,119,863,570 idle-cycles-frontend      #    0.00% frontend cycles idle     (17.06%)
S1       16     14,478,418,860 idle-cycles-backend       #    0.00% backend  cycles idle     (16.77%)
S1       16      4,343,093,825 L1-dcache-loads                                               (22.67%)
S1       16        217,116,897 L1-dcache-load-misses                                         (28.31%)
S1       16        238,617,610 L1-dcache-stores                                              (27.84%)
S1       16    <not supported> L1-dcache-store-misses  
S1       16                  0 L1-dcache-prefetch-misses                                     (27.66%)
S1       16        140,280,325 L1-icache-load-misses                                         (27.68%)
S1       16        403,334,272 LLC-loads                                                     (10.90%)
S1       16        260,042,612 LLC-stores                                                    (10.93%)
S1       16    <not supported> LLC-prefetches          
S1       16      4,148,902,252 dTLB-loads                                                    (16.74%)
S1       16            196,108 dTLB-load-misses                                              (16.58%)
S1       16    <not supported> dTLB-stores             
S1       16    <not supported> dTLB-store-misses       
S1       16      2,299,400,711 iTLB-loads                                                    (16.74%)
S1       16            111,483 iTLB-load-misses                                              (11.21%)
S1       16      1,411,625,747 branch-loads                                                  (16.87%)
S1       16         23,075,311 branch-load-misses                                            (22.28%)
S2       16        172,540,192 cache-misses                                                  (21.69%)
S2       16     46,281,481,861 cycles                    #    0.000 GHz                      (21.41%)
S2       16     12,082,983,392 instructions              #    0.00  insns per cycle          (27.56%)
S2       16             88,024 cs                                                            (100.00%)
S2       16              7,822 migrations                                                    (100.00%)
S2       16             31,280 faults                                                      
S2       16    <not supported> bus-cycles              
S2       16    378,063,682,379 idle-cycles-frontend      #    0.00% frontend cycles idle     (17.43%)
S2       16     17,635,831,541 idle-cycles-backend       #    0.00% backend  cycles idle     (16.05%)
S2       16      6,269,911,007 L1-dcache-loads                                               (22.81%)
S2       16        296,864,381 L1-dcache-load-misses                                         (27.06%)
S2       16        323,780,907 L1-dcache-stores                                              (27.94%)
S2       16    <not supported> L1-dcache-store-misses  
S2       16                  0 L1-dcache-prefetch-misses                                     (25.49%)
S2       16        179,006,921 L1-icache-load-misses                                         (27.42%)
S2       16        494,616,586 LLC-loads                                                     (13.05%)
S2       16        273,981,747 LLC-stores                                                    (11.92%)
S2       16    <not supported> LLC-prefetches          
S2       16      5,976,715,986 dTLB-loads                                                    (17.74%)
S2       16            157,123 dTLB-load-misses                                              (17.35%)
S2       16    <not supported> dTLB-stores             
S2       16    <not supported> dTLB-store-misses       
S2       16      3,229,308,420 iTLB-loads                                                    (16.74%)
S2       16             96,664 iTLB-load-misses                                              (11.10%)
S2       16      2,058,610,764 branch-loads                                                  (16.88%)
S2       16         26,112,035 branch-load-misses                                            (22.53%)
S3       16        385,917,622 cache-misses                                                  (22.06%)
S3       16     73,153,227,590 cycles                    #    0.000 GHz                      (22.41%)
S3       16     25,906,736,283 instructions              #    0.00  insns per cycle          (28.14%)
S3       16             78,750 cs                                                            (100.00%)
S3       16              2,155 migrations                                                    (100.00%)
S3       16             38,892 faults                                                      
S3       16    <not supported> bus-cycles              
S3       16    490,754,529,777 idle-cycles-frontend      #    0.00% frontend cycles idle     (17.56%)
S3       16     26,605,252,799 idle-cycles-backend       #    0.00% backend  cycles idle     (16.90%)
S3       16     14,745,359,953 L1-dcache-loads                                               (22.35%)
S3       16        671,416,090 L1-dcache-load-misses                                         (27.98%)
S3       16        726,145,767 L1-dcache-stores                                              (27.44%)
S3       16    <not supported> L1-dcache-store-misses  
S3       16                  0 L1-dcache-prefetch-misses                                     (27.04%)
S3       16        423,422,160 L1-icache-load-misses                                         (27.17%)
S3       16      1,139,510,608 LLC-loads                                                     (11.22%)
S3       16        356,923,884 LLC-stores                                                    (11.09%)
S3       16    <not supported> LLC-prefetches          
S3       16     14,675,717,705 dTLB-loads                                                    (16.56%)
S3       16            921,971 dTLB-load-misses                                              (16.53%)
S3       16    <not supported> dTLB-stores             
S3       16    <not supported> dTLB-store-misses       
S3       16      8,447,172,282 iTLB-loads                                                    (16.67%)
S3       16            458,313 iTLB-load-misses                                              (11.38%)
S3       16      4,774,154,657 branch-loads                                                  (17.03%)
S3       16        131,287,598 branch-load-misses                                            (22.65%)

     482.912214612 seconds time elapsed

#################################################################
# Test multi-threading - 32 threads - T4 
#################################################################
2592952.BOWTIE2-Localalloc.catwoman.t32
21535062 reads; of these:
  21535062 (100.00%) were unpaired; of these:
    970429 (4.51%) aligned 0 times
    14935119 (69.35%) aligned exactly 1 time
    5629514 (26.14%) aligned >1 times
95.49% overall alignment rate

 Performance counter stats for 'numactl --localalloc --physcpubind=0-31 ./bowtie2 -p 32 -x /tmp/data/indexes/HG_index_bowtie2/bowtie2_index /tmp/data/datasets/NIST7086_CGTACTAG_L002_R2_001.fastq -S /scratch/077-hpca4se-bioinf/jlenis/results/BOWTIE2-Localalloc/2592952.BOWTIE2-Localalloc.catwoman.t32.sam':

S0       16     30,316,267,836 cache-misses                                                  (21.81%)
S0       16 16,319,641,744,604 cycles                    #    0.000 GHz                      (22.30%)
S0       16  8,483,051,996,976 instructions              #   16.44  insns per cycle        
                                             #    0.02  stalled cycles per insn  (28.02%)
S0       16            747,891 cs                                                            (100.00%)
S0       16              2,989 migrations                                                    (100.00%)
S0       16             68,141 faults                                                      
S0       16    <not supported> bus-cycles              
S0       16  6,247,475,284,118 idle-cycles-frontend      #  1210.78% frontend cycles idle     (17.67%)
S0       16  1,676,965,945,213 idle-cycles-backend       #  325.00% backend  cycles idle     (16.87%)
S0       16  3,616,302,293,708 L1-dcache-loads                                               (22.41%)
S0       16     80,456,695,186 L1-dcache-load-misses     #   77.06% of all L1-dcache hits    (27.95%)
S0       16     97,100,401,878 L1-dcache-stores                                              (27.77%)
S0       16    <not supported> L1-dcache-store-misses  
S0       16                  0 L1-dcache-prefetch-misses                                     (27.72%)
S0       16     30,382,631,522 L1-icache-load-misses                                         (27.70%)
S0       16    128,684,509,067 LLC-loads                                                     (11.06%)
S0       16     21,833,557,562 LLC-stores                                                    (11.04%)
S0       16    <not supported> LLC-prefetches          
S0       16  3,685,823,228,894 dTLB-loads                                                    (16.57%)
S0       16      3,660,816,930 dTLB-load-misses          #    3.45% of all dTLB cache hits   (16.56%)
S0       16    <not supported> dTLB-stores             
S0       16    <not supported> dTLB-store-misses       
S0       16  2,284,675,459,391 iTLB-loads                                                    (16.24%)
S0       16        122,390,511 iTLB-load-misses          #    0.19% of all iTLB cache hits   (11.05%)
S0       16    972,615,549,230 branch-loads                                                  (16.58%)
S0       16     39,313,750,160 branch-load-misses                                            (22.09%)
S1       16     25,383,233,900 cache-misses                                                  (22.09%)
S1       16 16,581,476,955,602 cycles                    #    0.000 GHz                      (22.21%)
S1       16  7,093,050,309,215 instructions              #    0.00  insns per cycle          (27.80%)
S1       16            336,682 cs                                                            (100.00%)
S1       16              2,129 migrations                                                    (100.00%)
S1       16             77,863 faults                                                      
S1       16    <not supported> bus-cycles              
S1       16  6,084,123,079,444 idle-cycles-frontend      #    0.00% frontend cycles idle     (16.84%)
S1       16  2,289,449,511,594 idle-cycles-backend       #    0.00% backend  cycles idle     (16.78%)
S1       16  3,045,225,208,806 L1-dcache-loads                                               (22.35%)
S1       16     64,888,944,020 L1-dcache-load-misses                                         (27.95%)
S1       16     78,702,475,790 L1-dcache-stores                                              (27.92%)
S1       16    <not supported> L1-dcache-store-misses  
S1       16                  0 L1-dcache-prefetch-misses                                     (27.87%)
S1       16     25,305,212,952 L1-icache-load-misses                                         (27.82%)
S1       16    105,403,771,601 LLC-loads                                                     (11.08%)
S1       16     17,397,870,439 LLC-stores                                                    (11.05%)
S1       16    <not supported> LLC-prefetches          
S1       16  3,091,701,639,632 dTLB-loads                                                    (16.59%)
S1       16      3,061,871,359 dTLB-load-misses                                              (16.59%)
S1       16    <not supported> dTLB-stores             
S1       16    <not supported> dTLB-store-misses       
S1       16  1,914,975,974,555 iTLB-loads                                                    (16.60%)
S1       16        107,713,279 iTLB-load-misses                                              (11.06%)
S1       16    814,751,012,319 branch-loads                                                  (16.58%)
S1       16     32,415,289,834 branch-load-misses                                            (22.09%)
S2       16        175,129,744 cache-misses                                                  (21.65%)
S2       16     51,550,104,026 cycles                    #    0.000 GHz                      (19.72%)
S2       16     10,571,651,900 instructions              #    0.00  insns per cycle          (26.59%)
S2       16             93,280 cs                                                            (100.00%)
S2       16              8,467 migrations                                                    (100.00%)
S2       16             28,895 faults                                                      
S2       16    <not supported> bus-cycles              
S2       16    425,455,255,769 idle-cycles-frontend      #    0.00% frontend cycles idle     (17.63%)
S2       16     18,097,536,002 idle-cycles-backend       #    0.00% backend  cycles idle     (17.54%)
S2       16      6,866,571,505 L1-dcache-loads                                               (22.41%)
S2       16        321,163,371 L1-dcache-load-misses                                         (26.95%)
S2       16        355,775,313 L1-dcache-stores                                              (28.00%)
S2       16    <not supported> L1-dcache-store-misses  
S2       16                  0 L1-dcache-prefetch-misses                                     (25.41%)
S2       16        226,400,190 L1-icache-load-misses                                         (25.20%)
S2       16        688,938,161 LLC-loads                                                     (13.08%)
S2       16        274,164,439 LLC-stores                                                    (13.75%)
S2       16    <not supported> LLC-prefetches          
S2       16      5,590,564,024 dTLB-loads                                                    (18.88%)
S2       16            136,377 dTLB-load-misses                                              (17.62%)
S2       16    <not supported> dTLB-stores             
S2       16    <not supported> dTLB-store-misses       
S2       16      2,861,332,686 iTLB-loads                                                    (16.74%)
S2       16            106,817 iTLB-load-misses                                              (11.32%)
S2       16      1,699,306,742 branch-loads                                                  (16.55%)
S2       16         20,555,898 branch-load-misses                                            (21.94%)
S3       16        371,660,514 cache-misses                                                  (20.24%)
S3       16     70,647,844,564 cycles                    #    0.000 GHz                      (22.13%)
S3       16     22,345,814,573 instructions              #    0.00  insns per cycle          (27.66%)
S3       16             81,573 cs                                                            (100.00%)
S3       16              1,918 migrations                                                    (100.00%)
S3       16             37,557 faults                                                      
S3       16    <not supported> bus-cycles              
S3       16    495,104,182,436 idle-cycles-frontend      #    0.00% frontend cycles idle     (19.18%)
S3       16     27,605,206,564 idle-cycles-backend       #    0.00% backend  cycles idle     (16.37%)
S3       16     14,024,129,291 L1-dcache-loads                                               (22.11%)
S3       16        644,877,948 L1-dcache-load-misses                                         (27.57%)
S3       16        719,088,836 L1-dcache-stores                                              (27.96%)
S3       16    <not supported> L1-dcache-store-misses  
S3       16                  0 L1-dcache-prefetch-misses                                     (27.78%)
S3       16        390,487,865 L1-icache-load-misses                                         (27.68%)
S3       16        981,266,223 LLC-loads                                                     (10.99%)
S3       16        318,706,585 LLC-stores                                                    (11.15%)
S3       16    <not supported> LLC-prefetches          
S3       16     12,335,624,227 dTLB-loads                                                    (16.92%)
S3       16            916,422 dTLB-load-misses                                              (16.84%)
S3       16    <not supported> dTLB-stores             
S3       16    <not supported> dTLB-store-misses       
S3       16      7,667,035,188 iTLB-loads                                                    (16.61%)
S3       16            677,099 iTLB-load-misses                                              (11.04%)
S3       16      4,532,104,416 branch-loads                                                  (16.62%)
S3       16        129,369,979 branch-load-misses                                            (21.93%)

     418.690321605 seconds time elapsed

#################################################################
# Test multi-threading - 48 threads - T5
#################################################################
2592952.BOWTIE2-Localalloc.catwoman.t48
21535062 reads; of these:
  21535062 (100.00%) were unpaired; of these:
    970429 (4.51%) aligned 0 times
    14935119 (69.35%) aligned exactly 1 time
    5629514 (26.14%) aligned >1 times
95.49% overall alignment rate

 Performance counter stats for 'numactl --localalloc --physcpubind=0-47 ./bowtie2 -p 48 -x /tmp/data/indexes/HG_index_bowtie2/bowtie2_index /tmp/data/datasets/NIST7086_CGTACTAG_L002_R2_001.fastq -S /scratch/077-hpca4se-bioinf/jlenis/results/BOWTIE2-Localalloc/2592952.BOWTIE2-Localalloc.catwoman.t48.sam':

S0       16     20,055,305,879 cache-misses                                                  (22.15%)
S0       16 11,879,333,837,657 cycles                    #    0.000 GHz                      (22.50%)
S0       16  5,417,985,087,692 instructions              #    9.27  insns per cycle        
                                             #    0.06  stalled cycles per insn  (28.22%)
S0       16            731,493 cs                                                            (100.00%)
S0       16             18,108 migrations                                                    (100.00%)
S0       16             22,929 faults                                                      
S0       16    <not supported> bus-cycles              
S0       16  6,829,228,218,864 idle-cycles-frontend      #  1169.06% frontend cycles idle     (17.87%)
S0       16  1,133,114,025,611 idle-cycles-backend       #  193.97% backend  cycles idle     (16.88%)
S0       16  2,363,758,508,897 L1-dcache-loads                                               (22.38%)
S0       16     48,073,385,776 L1-dcache-load-misses     #   44.31% of all L1-dcache hits    (27.88%)
S0       16     59,861,330,232 L1-dcache-stores                                              (27.67%)
S0       16    <not supported> L1-dcache-store-misses  
S0       16                  0 L1-dcache-prefetch-misses                                     (27.60%)
S0       16     20,205,561,663 L1-icache-load-misses                                         (26.86%)
S0       16     80,930,701,945 LLC-loads                                                     (11.01%)
S0       16     13,389,593,911 LLC-stores                                                    (11.01%)
S0       16    <not supported> LLC-prefetches          
S0       16  2,402,362,951,844 dTLB-loads                                                    (16.57%)
S0       16      2,262,917,798 dTLB-load-misses          #    2.06% of all dTLB cache hits   (16.58%)
S0       16    <not supported> dTLB-stores             
S0       16    <not supported> dTLB-store-misses       
S0       16  1,467,284,742,363 iTLB-loads                                                    (16.54%)
S0       16        103,407,844 iTLB-load-misses          #    0.15% of all iTLB cache hits   (11.00%)
S0       16    640,648,503,134 branch-loads                                                  (16.47%)
S0       16     25,144,897,834 branch-load-misses                                            (21.98%)
S1       16     19,481,377,484 cache-misses                                                  (22.20%)
S1       16 12,717,674,158,789 cycles                    #    0.000 GHz                      (22.31%)
S1       16  5,321,637,053,713 instructions              #    0.00  insns per cycle          (27.96%)
S1       16            830,516 cs                                                            (100.00%)
S1       16              4,481 migrations                                                    (100.00%)
S1       16            138,336 faults                                                      
S1       16    <not supported> bus-cycles              
S1       16  6,190,556,444,343 idle-cycles-frontend      #    0.00% frontend cycles idle     (16.84%)
S1       16  1,400,810,779,055 idle-cycles-backend       #    0.00% backend  cycles idle     (16.79%)
S1       16  2,312,213,789,652 L1-dcache-loads                                               (22.34%)
S1       16     46,890,910,423 L1-dcache-load-misses                                         (27.86%)
S1       16     58,067,133,783 L1-dcache-stores                                              (27.75%)
S1       16    <not supported> L1-dcache-store-misses  
S1       16                  0 L1-dcache-prefetch-misses                                     (27.73%)
S1       16     19,576,236,424 L1-icache-load-misses                                         (27.70%)
S1       16     78,041,220,901 LLC-loads                                                     (11.09%)
S1       16     12,735,613,159 LLC-stores                                                    (11.10%)
S1       16    <not supported> LLC-prefetches          
S1       16  2,334,466,115,209 dTLB-loads                                                    (16.64%)
S1       16      2,263,963,120 dTLB-load-misses                                              (16.62%)
S1       16    <not supported> dTLB-stores             
S1       16    <not supported> dTLB-store-misses       
S1       16  1,427,070,417,270 iTLB-loads                                                    (16.60%)
S1       16        113,091,554 iTLB-load-misses                                              (11.03%)
S1       16    622,165,399,644 branch-loads                                                  (16.55%)
S1       16     24,454,174,708 branch-load-misses                                            (22.05%)
S2       16     19,312,430,632 cache-misses                                                  (21.79%)
S2       16 12,679,207,218,639 cycles                    #    0.000 GHz                      (20.29%)
S2       16  5,179,223,817,401 instructions              #    0.00  insns per cycle          (28.01%)
S2       16         24,752,914 cs                                                            (100.00%)
S2       16              5,510 migrations                                                    (100.00%)
S2       16             51,618 faults                                                      
S2       16    <not supported> bus-cycles              
S2       16  6,138,158,040,839 idle-cycles-frontend      #    0.00% frontend cycles idle     (20.42%)
S2       16  1,461,666,697,188 idle-cycles-backend       #    0.00% backend  cycles idle     (16.75%)
S2       16  2,253,793,764,747 L1-dcache-loads                                               (23.41%)
S2       16     45,911,012,946 L1-dcache-load-misses                                         (26.11%)
S2       16     56,357,607,220 L1-dcache-stores                                              (27.79%)
S2       16    <not supported> L1-dcache-store-misses  
S2       16                  0 L1-dcache-prefetch-misses                                     (24.64%)
S2       16     19,334,310,020 L1-icache-load-misses                                         (24.63%)
S2       16     76,015,376,019 LLC-loads                                                     (14.25%)
S2       16     12,616,482,349 LLC-stores                                                    (11.40%)
S2       16    <not supported> LLC-prefetches          
S2       16  2,286,538,893,765 dTLB-loads                                                    (17.94%)
S2       16      2,177,523,884 dTLB-load-misses                                              (17.58%)
S2       16    <not supported> dTLB-stores             
S2       16    <not supported> dTLB-store-misses       
S2       16  1,393,475,212,989 iTLB-loads                                                    (16.55%)
S2       16        109,301,701 iTLB-load-misses                                              (11.02%)
S2       16    607,557,008,943 branch-loads                                                  (16.54%)
S2       16     23,699,189,666 branch-load-misses                                            (22.05%)
S3       16        403,072,495 cache-misses                                                  (21.77%)
S3       16    110,346,013,846 cycles                    #    0.000 GHz                      (21.69%)
S3       16     28,829,729,350 instructions              #    0.00  insns per cycle          (27.44%)
S3       16             97,546 cs                                                            (100.00%)
S3       16              3,700 migrations                                                    (100.00%)
S3       16             64,793 faults                                                      
S3       16    <not supported> bus-cycles              
S3       16    780,191,773,947 idle-cycles-frontend      #    0.00% frontend cycles idle     (17.26%)
S3       16     38,708,799,173 idle-cycles-backend       #    0.00% backend  cycles idle     (16.70%)
S3       16     14,181,431,087 L1-dcache-loads                                               (23.20%)
S3       16        659,772,825 L1-dcache-load-misses                                         (27.62%)
S3       16        714,184,930 L1-dcache-stores                                              (28.20%)
S3       16    <not supported> L1-dcache-store-misses  
S3       16                  0 L1-dcache-prefetch-misses                                     (26.67%)
S3       16        397,163,114 L1-icache-load-misses                                         (27.53%)
S3       16      1,051,303,265 LLC-loads                                                     (12.50%)
S3       16        403,926,699 LLC-stores                                                    (11.42%)
S3       16    <not supported> LLC-prefetches          
S3       16     13,889,275,566 dTLB-loads                                                    (17.22%)
S3       16            621,679 dTLB-load-misses                                              (16.99%)
S3       16    <not supported> dTLB-stores             
S3       16    <not supported> dTLB-store-misses       
S3       16      7,933,277,311 iTLB-loads                                                    (16.25%)
S3       16            446,511 iTLB-load-misses                                              (10.89%)
S3       16      4,904,016,211 branch-loads                                                  (16.22%)
S3       16        120,864,578 branch-load-misses                                            (21.90%)

     323.557839566 seconds time elapsed

#################################################################
# Test multi-threading - 64 threads - T6
#################################################################
2592952.BOWTIE2-Localalloc.catwoman.t64
21535062 reads; of these:
  21535062 (100.00%) were unpaired; of these:
    970429 (4.51%) aligned 0 times
    14935119 (69.35%) aligned exactly 1 time
    5629514 (26.14%) aligned >1 times
95.49% overall alignment rate

 Performance counter stats for 'numactl --localalloc --physcpubind=0-63 ./bowtie2 -p 64 -x /tmp/data/indexes/HG_index_bowtie2/bowtie2_index /tmp/data/datasets/NIST7086_CGTACTAG_L002_R2_001.fastq -S /scratch/077-hpca4se-bioinf/jlenis/results/BOWTIE2-Localalloc/2592952.BOWTIE2-Localalloc.catwoman.t64.sam':

S0       16     16,773,021,357 cache-misses                                                  (22.24%)
S0       16 22,969,593,118,077 cycles                    #    0.000 GHz                      (22.38%)
S0       16  3,952,003,682,273 instructions              #    2.72  insns per cycle        
                                             #    0.14  stalled cycles per insn  (27.98%)
S0       16          6,895,350 cs                                                            (100.00%)
S0       16              8,192 migrations                                                    (100.00%)
S0       16            165,884 faults                                                      
S0       16    <not supported> bus-cycles              
S0       16  9,044,254,511,822 idle-cycles-frontend      #  623.38% frontend cycles idle     (16.85%)
S0       16  5,816,118,182,295 idle-cycles-backend       #  400.88% backend  cycles idle     (16.71%)
S0       16  1,752,261,850,881 L1-dcache-loads                                               (22.24%)
S0       16     37,957,044,676 L1-dcache-load-misses     #   34.36% of all L1-dcache hits    (27.79%)
S0       16     46,173,535,180 L1-dcache-stores                                              (27.71%)
S0       16    <not supported> L1-dcache-store-misses  
S0       16                  0 L1-dcache-prefetch-misses                                     (27.66%)
S0       16     16,952,405,675 L1-icache-load-misses                                         (27.66%)
S0       16     63,573,100,154 LLC-loads                                                     (11.08%)
S0       16      9,994,518,658 LLC-stores                                                    (11.07%)
S0       16    <not supported> LLC-prefetches          
S0       16  1,765,610,103,919 dTLB-loads                                                    (16.61%)
S0       16      1,741,347,469 dTLB-load-misses          #    1.56% of all dTLB cache hits   (16.60%)
S0       16    <not supported> dTLB-stores             
S0       16    <not supported> dTLB-store-misses       
S0       16  1,091,050,000,900 iTLB-loads                                                    (16.64%)
S0       16         82,813,102 iTLB-load-misses          #    0.12% of all iTLB cache hits   (11.10%)
S0       16    461,010,835,708 branch-loads                                                  (16.65%)
S0       16     18,160,880,401 branch-load-misses                                            (22.18%)
S1       16     17,539,740,608 cache-misses                                                  (22.25%)
S1       16 23,231,641,904,335 cycles                    #    0.000 GHz                      (22.36%)
S1       16  4,199,065,533,174 instructions              #    0.00  insns per cycle          (28.02%)
S1       16          1,966,945 cs                                                            (100.00%)
S1       16              3,002 migrations                                                    (100.00%)
S1       16            100,167 faults                                                      
S1       16    <not supported> bus-cycles              
S1       16  9,015,415,100,703 idle-cycles-frontend      #    0.00% frontend cycles idle     (16.85%)
S1       16  5,624,032,025,685 idle-cycles-backend       #    0.00% backend  cycles idle     (16.74%)
S1       16  1,855,444,146,955 L1-dcache-loads                                               (22.26%)
S1       16     40,326,841,990 L1-dcache-load-misses                                         (27.79%)
S1       16     48,982,100,518 L1-dcache-stores                                              (27.68%)
S1       16    <not supported> L1-dcache-store-misses  
S1       16                  0 L1-dcache-prefetch-misses                                     (27.69%)
S1       16     17,721,196,658 L1-icache-load-misses                                         (27.68%)
S1       16     67,238,677,686 LLC-loads                                                     (11.07%)
S1       16     10,594,099,532 LLC-stores                                                    (11.07%)
S1       16    <not supported> LLC-prefetches          
S1       16  1,875,451,878,051 dTLB-loads                                                    (16.61%)
S1       16      1,858,732,459 dTLB-load-misses                                              (16.60%)
S1       16    <not supported> dTLB-stores             
S1       16    <not supported> dTLB-store-misses       
S1       16  1,161,333,200,284 iTLB-loads                                                    (16.61%)
S1       16         88,156,116 iTLB-load-misses                                              (11.09%)
S1       16    488,734,487,245 branch-loads                                                  (16.61%)
S1       16     19,445,164,549 branch-load-misses                                            (22.13%)
S2       16     16,506,748,630 cache-misses                                                  (22.20%)
S2       16 23,330,655,391,973 cycles                    #    0.000 GHz                      (20.87%)
S2       16  3,918,452,994,732 instructions              #    0.00  insns per cycle          (26.82%)
S2       16          1,411,066 cs                                                            (100.00%)
S2       16              1,121 migrations                                                    (100.00%)
S2       16             50,706 faults                                                      
S2       16    <not supported> bus-cycles              
S2       16  8,720,060,271,093 idle-cycles-frontend      #    0.00% frontend cycles idle     (16.87%)
S2       16  5,812,215,904,612 idle-cycles-backend       #    0.00% backend  cycles idle     (16.14%)
S2       16  1,721,867,119,507 L1-dcache-loads                                               (23.41%)
S2       16     37,026,939,989 L1-dcache-load-misses                                         (25.87%)
S2       16     44,925,990,333 L1-dcache-stores                                              (27.89%)
S2       16    <not supported> L1-dcache-store-misses  
S2       16                  0 L1-dcache-prefetch-misses                                     (24.67%)
S2       16     16,556,466,066 L1-icache-load-misses                                         (27.72%)
S2       16     62,245,693,088 LLC-loads                                                     (14.18%)
S2       16     10,158,756,951 LLC-stores                                                    (11.06%)
S2       16    <not supported> LLC-prefetches          
S2       16  1,743,883,932,404 dTLB-loads                                                    (17.61%)
S2       16      1,846,583,780 dTLB-load-misses                                              (17.58%)
S2       16    <not supported> dTLB-stores             
S2       16    <not supported> dTLB-store-misses       
S2       16  1,081,386,262,117 iTLB-loads                                                    (16.58%)
S2       16         81,121,450 iTLB-load-misses                                              (11.09%)
S2       16    455,533,057,127 branch-loads                                                  (16.60%)
S2       16     18,011,126,331 branch-load-misses                                            (23.13%)
S3       16     16,875,487,150 cache-misses                                                  (22.16%)
S3       16 23,321,333,935,573 cycles                    #    0.000 GHz                      (22.23%)
S3       16  3,969,412,344,195 instructions              #    0.00  insns per cycle          (27.84%)
S3       16          2,687,410 cs                                                            (100.00%)
S3       16              2,108 migrations                                                    (100.00%)
S3       16             82,842 faults                                                      
S3       16    <not supported> bus-cycles              
S3       16  9,868,385,819,505 idle-cycles-frontend      #    0.00% frontend cycles idle     (16.83%)
S3       16  5,646,440,789,971 idle-cycles-backend       #    0.00% backend  cycles idle     (16.76%)
S3       16  1,740,195,915,180 L1-dcache-loads                                               (22.32%)
S3       16     38,539,777,932 L1-dcache-load-misses                                         (27.84%)
S3       16     46,516,664,838 L1-dcache-stores                                              (27.80%)
S3       16    <not supported> L1-dcache-store-misses  
S3       16                  0 L1-dcache-prefetch-misses                                     (27.72%)
S3       16     16,945,802,169 L1-icache-load-misses                                         (27.75%)
S3       16     63,929,427,936 LLC-loads                                                     (11.13%)
S3       16     10,581,969,709 LLC-stores                                                    (11.09%)
S3       16    <not supported> LLC-prefetches          
S3       16  1,755,597,720,940 dTLB-loads                                                    (16.64%)
S3       16      1,791,583,999 dTLB-load-misses                                              (16.63%)
S3       16    <not supported> dTLB-stores             
S3       16    <not supported> dTLB-store-misses       
S3       16  1,084,634,060,066 iTLB-loads                                                    (16.64%)
S3       16         82,664,524 iTLB-load-misses                                              (11.07%)
S3       16    460,762,769,630 branch-loads                                                  (16.60%)
S3       16     18,411,905,979 branch-load-misses                                            (22.12%)

     575.521837957 seconds time elapsed

