mkdir: cannot create directory `/scratch/077-hpca4se-bioinf/jlenis/results/BOWTIE2-Localalloc': File exists
> Benchmarks for Bowtie2 2.2.9: NIST7086_CGTACTAG_L002_R2_001
penguin
#################################################################
# Warm up - 64 threads - T1
#################################################################
WarmUp.2592966.BOWTIE2-Localalloc.penguin.t64
21535062 reads; of these:
  21535062 (100.00%) were unpaired; of these:
    970429 (4.51%) aligned 0 times
    14935119 (69.35%) aligned exactly 1 time
    5629514 (26.14%) aligned >1 times
95.49% overall alignment rate
#################################################################
# Test multi-threading - 8 threads - T2
#################################################################
2592966.BOWTIE2-Localalloc.penguin.t8
21535062 reads; of these:
  21535062 (100.00%) were unpaired; of these:
    970429 (4.51%) aligned 0 times
    14935119 (69.35%) aligned exactly 1 time
    5629514 (26.14%) aligned >1 times
95.49% overall alignment rate

 Performance counter stats for 'numactl --localalloc --physcpubind=0,4,8,12,16,20,24,28 ./bowtie2 -p 8 -x /tmp/data/indexes/HG_index_bowtie2/bowtie2_index /tmp/data/datasets/NIST7086_CGTACTAG_L002_R2_001.fastq -S /scratch/077-hpca4se-bioinf/jlenis/results/BOWTIE2-Localalloc/2592966.BOWTIE2-Localalloc.penguin.t8.sam':

S0       16     19,422,559,188 cache-misses                                                  (17.37%)
S0       16  9,928,369,117,277 cycles                    #    0.000 GHz                      (21.55%)
S0       16 15,110,745,721,335 instructions              #   96.02  insns per cycle        
                                             #    0.02  stalled cycles per insn  (25.84%)
S0       16            150,477 cs                                                            (100.00%)
S0       16              1,663 migrations                                                    (100.00%)
S0       16             44,171 faults                                                      
S0       16    572,282,560,832 bus-cycles                                                    (25.58%)
S0       16 14,299,675,211,623 idle-cycles-frontend      #  9086.61% frontend cycles idle     (25.65%)
S0       16 12,948,805,222,446 idle-cycles-backend       #  8228.21% backend  cycles idle     (25.80%)
S0       16  4,022,945,975,452 L1-dcache-loads                                               (25.75%)
S0       16    168,636,812,914 L1-dcache-load-misses     #  266.64% of all L1-dcache hits    (17.52%)
S0       16  2,036,386,768,272 L1-dcache-stores                                              (17.40%)
S0       16     99,452,834,916 L1-dcache-store-misses                                        (17.32%)
S0       16     77,926,858,661 L1-dcache-prefetch-misses                                     (17.33%)
S0       16     51,850,490,624 L1-icache-load-misses                                         (17.41%)
S0       16     42,012,373,858 LLC-loads                                                     (17.36%)
S0       16     27,126,581,329 LLC-stores                                                    (17.42%)
S0       16     35,886,951,449 LLC-prefetches                                                (9.00%)
S0       16  4,044,259,991,848 dTLB-loads                                                    (13.85%)
S0       16     15,741,216,187 dTLB-load-misses          #   24.75% of all dTLB cache hits   (17.84%)
S0       16  2,045,469,456,733 dTLB-stores                                                   (17.71%)
S0       16        826,793,326 dTLB-store-misses                                             (17.70%)
S0       16      1,536,329,257 iTLB-loads                                                    (17.27%)
S0       16        471,732,101 iTLB-load-misses          #  1947.17% of all iTLB cache hits   (17.36%)
S0       16  1,684,660,049,973 branch-loads                                                  (17.49%)
S0       16     65,478,981,944 branch-load-misses                                            (17.43%)
S1       16         92,817,261 cache-misses                                                  (17.64%)
S1       16     43,477,292,743 cycles                    #    0.000 GHz                      (22.15%)
S1       16     21,323,233,804 instructions              #    0.00  insns per cycle          (26.57%)
S1       16            119,984 cs                                                            (100.00%)
S1       16                709 migrations                                                    (100.00%)
S1       16             42,089 faults                                                      
S1       16      3,705,023,954 bus-cycles                                                    (25.95%)
S1       16     66,298,872,520 idle-cycles-frontend      #    0.00% frontend cycles idle     (26.16%)
S1       16     58,282,513,927 idle-cycles-backend       #    0.00% backend  cycles idle     (26.02%)
S1       16      5,921,571,826 L1-dcache-loads                                               (25.98%)
S1       16        407,862,474 L1-dcache-load-misses                                         (17.97%)
S1       16      3,549,376,974 L1-dcache-stores                                              (17.80%)
S1       16         64,191,608 L1-dcache-store-misses                                        (17.74%)
S1       16        170,333,909 L1-dcache-prefetch-misses                                     (17.74%)
S1       16        296,352,251 L1-icache-load-misses                                         (17.20%)
S1       16        325,535,462 LLC-loads                                                     (17.11%)
S1       16         43,610,195 LLC-stores                                                    (17.02%)
S1       16         87,370,212 LLC-prefetches                                                (8.81%)
S1       16      6,169,260,304 dTLB-loads                                                    (13.07%)
S1       16        103,823,321 dTLB-load-misses                                              (17.31%)
S1       16      3,655,670,458 dTLB-stores                                                   (17.28%)
S1       16         12,601,766 dTLB-store-misses                                             (17.09%)
S1       16          6,191,489 iTLB-loads                                                    (17.24%)
S1       16          6,235,539 iTLB-load-misses                                              (17.36%)
S1       16      3,695,418,915 branch-loads                                                  (17.43%)
S1       16         85,767,364 branch-load-misses                                            (17.54%)
S2       16         56,070,752 cache-misses                                                  (17.27%)
S2       16     45,461,448,973 cycles                    #    0.000 GHz                      (21.65%)
S2       16     28,740,407,248 instructions              #    0.00  insns per cycle          (26.01%)
S2       16             66,262 cs                                                            (100.00%)
S2       16                747 migrations                                                    (100.00%)
S2       16             42,830 faults                                                      
S2       16      4,031,236,915 bus-cycles                                                    (26.48%)
S2       16     71,617,967,281 idle-cycles-frontend      #    0.00% frontend cycles idle     (25.74%)
S2       16     63,091,945,907 idle-cycles-backend       #    0.00% backend  cycles idle     (25.86%)
S2       16      7,655,782,126 L1-dcache-loads                                               (25.91%)
S2       16        652,936,119 L1-dcache-load-misses                                         (17.78%)
S2       16      5,388,700,796 L1-dcache-stores                                              (17.84%)
S2       16        100,866,012 L1-dcache-store-misses                                        (17.79%)
S2       16        115,309,524 L1-dcache-prefetch-misses                                     (17.44%)
S2       16        111,603,422 L1-icache-load-misses                                         (17.59%)
S2       16        652,613,769 LLC-loads                                                     (17.22%)
S2       16         21,229,418 LLC-stores                                                    (17.26%)
S2       16         21,410,126 LLC-prefetches                                                (9.47%)
S2       16     10,601,693,648 dTLB-loads                                                    (13.64%)
S2       16         58,745,897 dTLB-load-misses                                              (17.09%)
S2       16      6,182,009,661 dTLB-stores                                                   (17.20%)
S2       16          4,482,225 dTLB-store-misses                                             (17.46%)
S2       16          1,598,247 iTLB-loads                                                    (17.53%)
S2       16          3,368,896 iTLB-load-misses                                              (17.19%)
S2       16      5,818,269,378 branch-loads                                                  (17.40%)
S2       16         53,140,355 branch-load-misses                                            (17.29%)
S3       16         80,721,769 cache-misses                                                  (17.38%)
S3       16     54,423,200,062 cycles                    #    0.000 GHz                      (21.71%)
S3       16     32,919,708,730 instructions              #    0.00  insns per cycle          (25.84%)
S3       16            106,160 cs                                                            (100.00%)
S3       16              1,187 migrations                                                    (100.00%)
S3       16             57,636 faults                                                      
S3       16      4,228,875,750 bus-cycles                                                    (25.85%)
S3       16     73,066,177,448 idle-cycles-frontend      #    0.00% frontend cycles idle     (25.95%)
S3       16     63,012,081,488 idle-cycles-backend       #    0.00% backend  cycles idle     (26.11%)
S3       16     11,150,855,425 L1-dcache-loads                                               (26.23%)
S3       16        878,166,357 L1-dcache-load-misses                                         (17.77%)
S3       16      6,432,290,052 L1-dcache-stores                                              (17.67%)
S3       16        140,240,945 L1-dcache-store-misses                                        (17.62%)
S3       16        254,966,415 L1-dcache-prefetch-misses                                     (17.49%)
S3       16        597,470,826 L1-icache-load-misses                                         (17.32%)
S3       16        415,999,514 LLC-loads                                                     (17.43%)
S3       16         39,060,423 LLC-stores                                                    (17.39%)
S3       16        133,805,392 LLC-prefetches                                                (8.96%)
S3       16      9,751,964,826 dTLB-loads                                                    (13.33%)
S3       16        116,155,397 dTLB-load-misses                                              (17.24%)
S3       16      5,925,322,907 dTLB-stores                                                   (17.50%)
S3       16         13,815,001 dTLB-store-misses                                             (17.37%)
S3       16          6,382,812 iTLB-loads                                                    (17.30%)
S3       16         11,665,946 iTLB-load-misses                                              (17.35%)
S3       16      6,653,352,686 branch-loads                                                  (17.12%)
S3       16        185,884,262 branch-load-misses                                            (17.10%)

     721.835302910 seconds time elapsed

#################################################################
# Test multi-threading - 16 threads - T3
#################################################################
2592966.BOWTIE2-Localalloc.penguin.t16
21535062 reads; of these:
  21535062 (100.00%) were unpaired; of these:
    970429 (4.51%) aligned 0 times
    14935119 (69.35%) aligned exactly 1 time
    5629514 (26.14%) aligned >1 times
95.49% overall alignment rate

 Performance counter stats for 'numactl --localalloc --physcpubind=0,4,8,12,16,20,24,28,1,5,9,13,17,21,25,29 ./bowtie2 -p 16 -x /tmp/data/indexes/HG_index_bowtie2/bowtie2_index /tmp/data/datasets/NIST7086_CGTACTAG_L002_R2_001.fastq -S /scratch/077-hpca4se-bioinf/jlenis/results/BOWTIE2-Localalloc/2592966.BOWTIE2-Localalloc.penguin.t16.sam':

S0       16      9,809,492,634 cache-misses                                                  (17.29%)
S0       16  5,574,350,130,967 cycles                    #    0.000 GHz                      (21.89%)
S0       16  7,260,048,546,921 instructions              #   35.81  insns per cycle        
                                             #    0.04  stalled cycles per insn  (26.41%)
S0       16            141,519 cs                                                            (100.00%)
S0       16              1,386 migrations                                                    (100.00%)
S0       16             40,589 faults                                                      
S0       16    312,687,151,010 bus-cycles                                                    (26.61%)
S0       16  8,550,890,037,169 idle-cycles-frontend      #  4217.46% frontend cycles idle     (26.75%)
S0       16  7,865,187,209,549 idle-cycles-backend       #  3879.26% backend  cycles idle     (26.66%)
S0       16  1,953,010,502,328 L1-dcache-loads                                               (26.93%)
S0       16     83,756,941,519 L1-dcache-load-misses     #  133.68% of all L1-dcache hits    (17.56%)
S0       16  1,004,137,277,584 L1-dcache-stores                                              (17.55%)
S0       16     49,126,216,088 L1-dcache-store-misses                                        (17.36%)
S0       16     38,625,617,997 L1-dcache-prefetch-misses                                     (17.09%)
S0       16     26,145,552,891 L1-icache-load-misses                                         (17.13%)
S0       16     21,065,987,399 LLC-loads                                                     (16.93%)
S0       16     13,459,720,434 LLC-stores                                                    (17.18%)
S0       16     17,359,985,464 LLC-prefetches                                                (8.83%)
S0       16  1,983,636,564,500 dTLB-loads                                                    (13.05%)
S0       16      8,210,762,906 dTLB-load-misses          #   12.93% of all dTLB cache hits   (17.32%)
S0       16  1,003,816,767,729 dTLB-stores                                                   (17.29%)
S0       16        631,755,923 dTLB-store-misses                                             (17.09%)
S0       16        671,825,616 iTLB-loads                                                    (17.11%)
S0       16        331,522,128 iTLB-load-misses          #  1762.91% of all iTLB cache hits   (17.14%)
S0       16    830,367,935,551 branch-loads                                                  (17.07%)
S0       16     32,342,441,420 branch-load-misses                                            (17.31%)
S1       16     10,021,324,143 cache-misses                                                  (17.33%)
S1       16  7,326,049,924,253 cycles                    #    0.000 GHz                      (21.61%)
S1       16  7,717,161,155,071 instructions              #    0.00  insns per cycle          (25.71%)
S1       16            181,837 cs                                                            (100.00%)
S1       16                434 migrations                                                    (100.00%)
S1       16             38,581 faults                                                      
S1       16    317,566,357,485 bus-cycles                                                    (25.71%)
S1       16 11,742,613,607,610 idle-cycles-frontend      #    0.00% frontend cycles idle     (25.90%)
S1       16 10,981,889,661,340 idle-cycles-backend       #    0.00% backend  cycles idle     (25.91%)
S1       16  2,043,241,620,330 L1-dcache-loads                                               (26.01%)
S1       16     85,325,753,344 L1-dcache-load-misses                                         (17.70%)
S1       16  1,032,096,815,969 L1-dcache-stores                                              (17.54%)
S1       16     50,270,912,786 L1-dcache-store-misses                                        (17.52%)
S1       16     38,857,414,465 L1-dcache-prefetch-misses                                     (17.38%)
S1       16     26,633,680,247 L1-icache-load-misses                                         (17.44%)
S1       16     21,636,886,623 LLC-loads                                                     (17.37%)
S1       16     13,794,564,751 LLC-stores                                                    (17.27%)
S1       16     18,179,996,317 LLC-prefetches                                                (8.61%)
S1       16  2,071,025,385,143 dTLB-loads                                                    (12.90%)
S1       16      8,587,195,205 dTLB-load-misses                                              (17.17%)
S1       16  1,046,253,200,272 dTLB-stores                                                   (17.41%)
S1       16        754,624,308 dTLB-store-misses                                             (17.63%)
S1       16        525,109,269 iTLB-loads                                                    (17.63%)
S1       16        310,452,774 iTLB-load-misses                                              (17.66%)
S1       16    868,816,601,702 branch-loads                                                  (17.61%)
S1       16     33,630,697,157 branch-load-misses                                            (17.32%)
S2       16         55,909,717 cache-misses                                                  (17.63%)
S2       16     37,912,355,180 cycles                    #    0.000 GHz                      (22.30%)
S2       16     24,115,042,841 instructions              #    0.00  insns per cycle          (26.73%)
S2       16             65,125 cs                                                            (100.00%)
S2       16                742 migrations                                                    (100.00%)
S2       16             40,333 faults                                                      
S2       16      3,040,585,334 bus-cycles                                                    (26.14%)
S2       16     50,633,347,074 idle-cycles-frontend      #    0.00% frontend cycles idle     (26.59%)
S2       16     43,377,397,559 idle-cycles-backend       #    0.00% backend  cycles idle     (26.66%)
S2       16      6,527,213,525 L1-dcache-loads                                               (26.04%)
S2       16        537,737,124 L1-dcache-load-misses                                         (17.53%)
S2       16      4,076,833,944 L1-dcache-stores                                              (17.70%)
S2       16         83,465,751 L1-dcache-store-misses                                        (17.00%)
S2       16         99,315,425 L1-dcache-prefetch-misses                                     (17.45%)
S2       16        123,357,538 L1-icache-load-misses                                         (17.17%)
S2       16        392,501,837 LLC-loads                                                     (17.52%)
S2       16         18,411,648 LLC-stores                                                    (17.38%)
S2       16         25,757,912 LLC-prefetches                                                (9.49%)
S2       16      3,821,711,405 dTLB-loads                                                    (13.13%)
S2       16         52,941,324 dTLB-load-misses                                              (17.16%)
S2       16      2,801,898,834 dTLB-stores                                                   (17.36%)
S2       16          6,218,880 dTLB-store-misses                                             (16.97%)
S2       16          1,696,901 iTLB-loads                                                    (17.29%)
S2       16          2,684,687 iTLB-load-misses                                              (17.17%)
S2       16      2,576,309,512 branch-loads                                                  (17.57%)
S2       16         43,681,886 branch-load-misses                                            (17.15%)
S3       16         62,879,637 cache-misses                                                  (16.84%)
S3       16     37,667,395,571 cycles                    #    0.000 GHz                      (20.96%)
S3       16     24,233,882,876 instructions              #    0.00  insns per cycle          (24.97%)
S3       16             69,229 cs                                                            (100.00%)
S3       16                813 migrations                                                    (100.00%)
S3       16             42,173 faults                                                      
S3       16      3,018,549,083 bus-cycles                                                    (25.08%)
S3       16     56,762,891,882 idle-cycles-frontend      #    0.00% frontend cycles idle     (25.15%)
S3       16     55,518,900,770 idle-cycles-backend       #    0.00% backend  cycles idle     (25.38%)
S3       16      6,986,953,252 L1-dcache-loads                                               (25.42%)
S3       16        520,723,315 L1-dcache-load-misses                                         (17.43%)
S3       16      3,334,961,308 L1-dcache-stores                                              (17.69%)
S3       16         65,733,854 L1-dcache-store-misses                                        (17.82%)
S3       16        124,058,458 L1-dcache-prefetch-misses                                     (18.26%)
S3       16        356,609,677 L1-icache-load-misses                                         (17.99%)
S3       16        210,652,623 LLC-loads                                                     (18.03%)
S3       16         23,770,001 LLC-stores                                                    (17.96%)
S3       16         77,410,595 LLC-prefetches                                                (9.08%)
S3       16      5,339,192,173 dTLB-loads                                                    (13.67%)
S3       16         65,234,583 dTLB-load-misses                                              (17.87%)
S3       16      3,182,039,746 dTLB-stores                                                   (17.85%)
S3       16          8,079,635 dTLB-store-misses                                             (17.65%)
S3       16          4,912,804 iTLB-loads                                                    (17.16%)
S3       16          7,392,896 iTLB-load-misses                                              (16.87%)
S3       16      4,298,695,330 branch-loads                                                  (16.83%)
S3       16        125,644,545 branch-load-misses                                            (16.64%)

     403.382137832 seconds time elapsed

#################################################################
# Test multi-threading - 32 threads - T4 
#################################################################
2592966.BOWTIE2-Localalloc.penguin.t32
21535062 reads; of these:
  21535062 (100.00%) were unpaired; of these:
    970429 (4.51%) aligned 0 times
    14935119 (69.35%) aligned exactly 1 time
    5629514 (26.14%) aligned >1 times
95.49% overall alignment rate

 Performance counter stats for 'numactl --localalloc --physcpubind=0,4,8,12,16,20,24,28,32,36,40,44,48,52,56,60,1,5,9,13,17,21,25,29,33,37,41,45,49,53,57,61 ./bowtie2 -p 32 -x /tmp/data/indexes/HG_index_bowtie2/bowtie2_index /tmp/data/datasets/NIST7086_CGTACTAG_L002_R2_001.fastq -S /scratch/077-hpca4se-bioinf/jlenis/results/BOWTIE2-Localalloc/2592966.BOWTIE2-Localalloc.penguin.t32.sam':

S0       16     12,515,237,327 cache-misses                                                  (17.36%)
S0       16  8,871,938,223,328 cycles                    #    0.000 GHz                      (21.92%)
S0       16  7,273,221,515,336 instructions              #   22.10  insns per cycle        
                                             #    0.03  stalled cycles per insn  (26.45%)
S0       16            478,196 cs                                                            (100.00%)
S0       16              1,115 migrations                                                    (100.00%)
S0       16             69,807 faults                                                      
S0       16    519,199,528,144 bus-cycles                                                    (25.74%)
S0       16  6,432,346,289,963 idle-cycles-frontend      #  1954.30% frontend cycles idle     (26.07%)
S0       16  4,276,639,336,241 idle-cycles-backend       #  1299.34% backend  cycles idle     (26.12%)
S0       16  1,950,100,330,579 L1-dcache-loads                                               (25.97%)
S0       16     91,584,584,433 L1-dcache-load-misses     #  142.22% of all L1-dcache hits    (17.34%)
S0       16  1,018,000,230,861 L1-dcache-stores                                              (17.88%)
S0       16     50,598,815,534 L1-dcache-store-misses                                        (17.83%)
S0       16     30,257,822,221 L1-dcache-prefetch-misses                                     (17.87%)
S0       16     31,336,152,387 L1-icache-load-misses                                         (17.85%)
S0       16     25,324,381,717 LLC-loads                                                     (17.29%)
S0       16     21,168,392,332 LLC-stores                                                    (17.30%)
S0       16     26,151,935,606 LLC-prefetches                                                (8.62%)
S0       16  1,997,897,935,650 dTLB-loads                                                    (13.20%)
S0       16     13,543,750,863 dTLB-load-misses          #   20.56% of all dTLB cache hits   (17.23%)
S0       16  1,025,871,464,695 dTLB-stores                                                   (17.23%)
S0       16      3,473,467,759 dTLB-store-misses                                             (17.20%)
S0       16      3,921,380,545 iTLB-loads                                                    (17.22%)
S0       16      1,379,631,009 iTLB-load-misses          #  979.86% of all iTLB cache hits   (17.27%)
S0       16    847,105,343,791 branch-loads                                                  (17.25%)
S0       16     31,735,025,447 branch-load-misses                                            (17.25%)
S1       16     13,630,423,208 cache-misses                                                  (17.31%)
S1       16 12,122,084,218,818 cycles                    #    0.000 GHz                      (21.85%)
S1       16  8,101,030,151,463 instructions              #    0.00  insns per cycle          (26.34%)
S1       16            271,561 cs                                                            (100.00%)
S1       16              1,297 migrations                                                    (100.00%)
S1       16             75,716 faults                                                      
S1       16    523,965,981,472 bus-cycles                                                    (26.48%)
S1       16  9,376,249,676,866 idle-cycles-frontend      #    0.00% frontend cycles idle     (26.57%)
S1       16  6,986,841,186,087 idle-cycles-backend       #    0.00% backend  cycles idle     (26.60%)
S1       16  2,159,791,569,334 L1-dcache-loads                                               (26.56%)
S1       16    100,375,477,883 L1-dcache-load-misses                                         (17.43%)
S1       16  1,128,968,147,183 L1-dcache-stores                                              (17.38%)
S1       16     55,503,375,883 L1-dcache-store-misses                                        (17.37%)
S1       16     32,829,532,868 L1-dcache-prefetch-misses                                     (17.32%)
S1       16     34,151,703,062 L1-icache-load-misses                                         (17.32%)
S1       16     27,641,101,837 LLC-loads                                                     (17.31%)
S1       16     22,693,104,365 LLC-stores                                                    (17.32%)
S1       16     27,625,391,708 LLC-prefetches                                                (8.66%)
S1       16  2,208,321,216,987 dTLB-loads                                                    (12.96%)
S1       16     15,276,726,338 dTLB-load-misses                                              (17.26%)
S1       16  1,138,223,206,342 dTLB-stores                                                   (17.22%)
S1       16      4,209,117,682 dTLB-store-misses                                             (17.20%)
S1       16      5,082,110,929 iTLB-loads                                                    (17.20%)
S1       16      1,725,512,819 iTLB-load-misses                                              (17.20%)
S1       16    945,833,475,204 branch-loads                                                  (17.20%)
S1       16     35,726,629,046 branch-load-misses                                            (17.20%)
S2       16        104,168,582 cache-misses                                                  (16.79%)
S2       16     36,608,730,196 cycles                    #    0.000 GHz                      (21.11%)
S2       16     16,690,383,448 instructions              #    0.00  insns per cycle          (25.57%)
S2       16             74,408 cs                                                            (100.00%)
S2       16                671 migrations                                                    (100.00%)
S2       16             31,616 faults                                                      
S2       16      2,753,304,186 bus-cycles                                                    (25.45%)
S2       16     54,658,244,005 idle-cycles-frontend      #    0.00% frontend cycles idle     (25.35%)
S2       16     49,500,202,336 idle-cycles-backend       #    0.00% backend  cycles idle     (25.71%)
S2       16      4,834,021,609 L1-dcache-loads                                               (26.33%)
S2       16        284,852,565 L1-dcache-load-misses                                         (17.97%)
S2       16      3,477,899,218 L1-dcache-stores                                              (18.78%)
S2       16         52,673,225 L1-dcache-store-misses                                        (18.39%)
S2       16         65,921,022 L1-dcache-prefetch-misses                                     (18.00%)
S2       16        262,834,209 L1-icache-load-misses                                         (17.85%)
S2       16        307,930,750 LLC-loads                                                     (17.78%)
S2       16         34,360,073 LLC-stores                                                    (17.38%)
S2       16         39,973,587 LLC-prefetches                                                (9.65%)
S2       16      5,041,544,490 dTLB-loads                                                    (13.20%)
S2       16        133,706,152 dTLB-load-misses                                              (16.97%)
S2       16      3,485,073,286 dTLB-stores                                                   (16.98%)
S2       16         19,373,862 dTLB-store-misses                                             (16.66%)
S2       16          1,918,605 iTLB-loads                                                    (16.79%)
S2       16          3,408,103 iTLB-load-misses                                              (17.19%)
S2       16      3,243,814,662 branch-loads                                                  (17.78%)
S2       16         66,916,527 branch-load-misses                                            (16.99%)
S3       16         69,721,210 cache-misses                                                  (16.88%)
S3       16     34,207,724,756 cycles                    #    0.000 GHz                      (21.47%)
S3       16     23,394,995,794 instructions              #    0.00  insns per cycle          (25.36%)
S3       16             74,924 cs                                                            (100.00%)
S3       16              1,029 migrations                                                    (100.00%)
S3       16             39,022 faults                                                      
S3       16      3,492,089,606 bus-cycles                                                    (25.67%)
S3       16     66,401,486,025 idle-cycles-frontend      #    0.00% frontend cycles idle     (25.56%)
S3       16     57,842,276,515 idle-cycles-backend       #    0.00% backend  cycles idle     (25.89%)
S3       16      6,572,450,247 L1-dcache-loads                                               (25.68%)
S3       16        448,419,673 L1-dcache-load-misses                                         (17.40%)
S3       16      3,324,897,072 L1-dcache-stores                                              (17.54%)
S3       16         72,279,624 L1-dcache-store-misses                                        (17.14%)
S3       16        178,762,389 L1-dcache-prefetch-misses                                     (17.43%)
S3       16        366,567,510 L1-icache-load-misses                                         (17.19%)
S3       16        253,690,597 LLC-loads                                                     (17.13%)
S3       16         27,706,969 LLC-stores                                                    (17.47%)
S3       16        101,715,660 LLC-prefetches                                                (8.95%)
S3       16      5,333,418,550 dTLB-loads                                                    (13.91%)
S3       16         78,454,309 dTLB-load-misses                                              (17.89%)
S3       16      3,155,618,616 dTLB-stores                                                   (17.77%)
S3       16          9,490,842 dTLB-store-misses                                             (17.86%)
S3       16          5,716,857 iTLB-loads                                                    (17.64%)
S3       16          6,175,923 iTLB-load-misses                                              (17.49%)
S3       16      3,508,138,670 branch-loads                                                  (17.49%)
S3       16         94,459,604 branch-load-misses                                            (17.28%)

     341.765856916 seconds time elapsed

#################################################################
# Test multi-threading - 48 threads - T5
#################################################################
2592966.BOWTIE2-Localalloc.penguin.t48
21535062 reads; of these:
  21535062 (100.00%) were unpaired; of these:
    970429 (4.51%) aligned 0 times
    14935119 (69.35%) aligned exactly 1 time
    5629514 (26.14%) aligned >1 times
95.49% overall alignment rate

 Performance counter stats for 'numactl --localalloc --physcpubind=0,4,8,12,16,20,24,28,32,36,40,44,48,52,56,60,1,5,9,13,17,21,25,29,33,37,41,45,49,53,57,61,2,6,10,14,18,22,26,30,34,38,42,46,50,54,58,62 ./bowtie2 -p 48 -x /tmp/data/indexes/HG_index_bowtie2/bowtie2_index /tmp/data/datasets/NIST7086_CGTACTAG_L002_R2_001.fastq -S /scratch/077-hpca4se-bioinf/jlenis/results/BOWTIE2-Localalloc/2592966.BOWTIE2-Localalloc.penguin.t48.sam':

S0       16      7,798,360,660 cache-misses                                                  (16.91%)
S0       16  8,010,478,293,110 cycles                    #    0.000 GHz                      (21.85%)
S0       16  4,403,631,220,856 instructions              #    9.89  insns per cycle        
                                             #    0.08  stalled cycles per insn  (26.43%)
S0       16          2,090,675 cs                                                            (100.00%)
S0       16              1,124 migrations                                                    (100.00%)
S0       16             75,705 faults                                                      
S0       16    431,187,093,190 bus-cycles                                                    (26.72%)
S0       16  6,388,300,414,527 idle-cycles-frontend      #  1435.22% frontend cycles idle     (26.91%)
S0       16  5,089,557,850,697 idle-cycles-backend       #  1143.44% backend  cycles idle     (27.11%)
S0       16  1,166,840,222,659 L1-dcache-loads                                               (27.07%)
S0       16     53,848,034,832 L1-dcache-load-misses     #   80.88% of all L1-dcache hits    (17.54%)
S0       16    627,260,509,465 L1-dcache-stores                                              (17.40%)
S0       16     29,863,785,880 L1-dcache-store-misses                                        (17.25%)
S0       16     17,467,838,557 L1-dcache-prefetch-misses                                     (17.20%)
S0       16     19,811,237,543 L1-icache-load-misses                                         (17.18%)
S0       16     15,529,291,761 LLC-loads                                                     (17.13%)
S0       16     12,466,100,411 LLC-stores                                                    (17.16%)
S0       16     14,457,444,751 LLC-prefetches                                                (8.65%)
S0       16  1,214,351,886,051 dTLB-loads                                                    (13.24%)
S0       16      8,350,179,908 dTLB-load-misses          #   12.14% of all dTLB cache hits   (17.24%)
S0       16    634,535,391,842 dTLB-stores                                                   (17.17%)
S0       16      2,232,391,224 dTLB-store-misses                                             (17.12%)
S0       16      2,675,707,980 iTLB-loads                                                    (17.07%)
S0       16      1,226,482,928 iTLB-load-misses          #  1039.59% of all iTLB cache hits   (17.06%)
S0       16    531,378,160,087 branch-loads                                                  (17.06%)
S0       16     18,802,181,366 branch-load-misses                                            (17.06%)
S1       16      9,374,868,276 cache-misses                                                  (17.36%)
S1       16 10,105,122,047,723 cycles                    #    0.000 GHz                      (21.83%)
S1       16  5,378,624,086,461 instructions              #    0.00  insns per cycle          (26.23%)
S1       16          1,161,326 cs                                                            (100.00%)
S1       16                796 migrations                                                    (100.00%)
S1       16             67,543 faults                                                      
S1       16    438,159,639,672 bus-cycles                                                    (26.37%)
S1       16  8,260,790,833,309 idle-cycles-frontend      #    0.00% frontend cycles idle     (26.45%)
S1       16  6,679,848,036,335 idle-cycles-backend       #    0.00% backend  cycles idle     (26.55%)
S1       16  1,439,590,282,706 L1-dcache-loads                                               (26.54%)
S1       16     65,267,196,518 L1-dcache-load-misses                                         (17.55%)
S1       16    754,343,969,342 L1-dcache-stores                                              (17.48%)
S1       16     35,828,347,720 L1-dcache-store-misses                                        (17.38%)
S1       16     21,433,201,383 L1-dcache-prefetch-misses                                     (17.29%)
S1       16     23,056,208,114 L1-icache-load-misses                                         (17.27%)
S1       16     18,486,219,865 LLC-loads                                                     (17.23%)
S1       16     14,779,279,277 LLC-stores                                                    (17.28%)
S1       16     16,652,922,450 LLC-prefetches                                                (8.62%)
S1       16  1,474,880,283,302 dTLB-loads                                                    (12.93%)
S1       16     10,670,278,163 dTLB-load-misses                                              (17.23%)
S1       16    765,615,267,186 dTLB-stores                                                   (17.21%)
S1       16      2,855,302,330 dTLB-store-misses                                             (17.24%)
S1       16      2,405,058,208 iTLB-loads                                                    (17.25%)
S1       16      1,077,948,608 iTLB-load-misses                                              (17.27%)
S1       16    633,911,800,003 branch-loads                                                  (17.30%)
S1       16     22,482,542,563 branch-load-misses                                            (17.27%)
S2       16     10,714,647,125 cache-misses                                                  (17.26%)
S2       16 10,109,565,184,659 cycles                    #    0.000 GHz                      (21.82%)
S2       16  6,161,267,280,127 instructions              #    0.00  insns per cycle          (26.04%)
S2       16          1,208,016 cs                                                            (100.00%)
S2       16                839 migrations                                                    (100.00%)
S2       16             68,743 faults                                                      
S2       16    436,571,057,379 bus-cycles                                                    (26.26%)
S2       16  7,939,513,179,871 idle-cycles-frontend      #    0.00% frontend cycles idle     (26.38%)
S2       16  6,140,202,576,623 idle-cycles-backend       #    0.00% backend  cycles idle     (26.23%)
S2       16  1,637,544,328,512 L1-dcache-loads                                               (26.27%)
S2       16     75,319,574,287 L1-dcache-load-misses                                         (17.77%)
S2       16    868,676,482,670 L1-dcache-stores                                              (17.71%)
S2       16     41,521,438,187 L1-dcache-store-misses                                        (17.34%)
S2       16     24,639,674,892 L1-dcache-prefetch-misses                                     (17.24%)
S2       16     26,560,132,768 L1-icache-load-misses                                         (17.22%)
S2       16     21,158,470,826 LLC-loads                                                     (17.51%)
S2       16     17,044,433,190 LLC-stores                                                    (17.23%)
S2       16     19,462,559,938 LLC-prefetches                                                (9.18%)
S2       16  1,696,948,334,093 dTLB-loads                                                    (13.17%)
S2       16     11,255,669,939 dTLB-load-misses                                              (17.21%)
S2       16    877,333,725,508 dTLB-stores                                                   (17.25%)
S2       16      2,946,554,334 dTLB-store-misses                                             (17.48%)
S2       16      2,433,332,327 iTLB-loads                                                    (17.45%)
S2       16      1,880,958,005 iTLB-load-misses                                              (17.18%)
S2       16    733,683,667,360 branch-loads                                                  (17.18%)
S2       16     26,168,650,403 branch-load-misses                                            (17.40%)
S3       16        291,485,082 cache-misses                                                  (17.08%)
S3       16    261,853,010,759 cycles                    #    0.000 GHz                      (21.40%)
S3       16     64,760,754,795 instructions              #    0.00  insns per cycle          (25.91%)
S3       16             88,107 cs                                                            (100.00%)
S3       16              2,090 migrations                                                    (100.00%)
S3       16             64,077 faults                                                      
S3       16     12,829,126,891 bus-cycles                                                    (26.11%)
S3       16    353,400,734,414 idle-cycles-frontend      #    0.00% frontend cycles idle     (26.27%)
S3       16    327,522,124,292 idle-cycles-backend       #    0.00% backend  cycles idle     (26.30%)
S3       16     17,138,960,681 L1-dcache-loads                                               (26.54%)
S3       16      1,364,333,688 L1-dcache-load-misses                                         (17.45%)
S3       16      9,674,204,521 L1-dcache-stores                                              (17.81%)
S3       16        212,210,716 L1-dcache-store-misses                                        (17.66%)
S3       16        343,249,352 L1-dcache-prefetch-misses                                     (17.50%)
S3       16        624,315,344 L1-icache-load-misses                                         (17.68%)
S3       16        724,237,604 LLC-loads                                                     (17.18%)
S3       16        337,681,754 LLC-stores                                                    (17.11%)
S3       16        571,096,246 LLC-prefetches                                                (8.73%)
S3       16     16,553,982,114 dTLB-loads                                                    (13.07%)
S3       16        877,695,090 dTLB-load-misses                                              (17.35%)
S3       16     10,039,086,584 dTLB-stores                                                   (17.48%)
S3       16        125,134,015 dTLB-store-misses                                             (17.32%)
S3       16         36,499,920 iTLB-loads                                                    (17.26%)
S3       16         14,419,499 iTLB-load-misses                                              (17.19%)
S3       16     13,662,164,098 branch-loads                                                  (17.03%)
S3       16        195,846,507 branch-load-misses                                            (17.14%)

     287.935386387 seconds time elapsed

#################################################################
# Test multi-threading - 64 threads - T6
#################################################################
2592966.BOWTIE2-Localalloc.penguin.t64
21535062 reads; of these:
  21535062 (100.00%) were unpaired; of these:
    970429 (4.51%) aligned 0 times
    14935119 (69.35%) aligned exactly 1 time
    5629514 (26.14%) aligned >1 times
95.49% overall alignment rate

 Performance counter stats for 'numactl --localalloc --physcpubind=0-63 ./bowtie2 -p 64 -x /tmp/data/indexes/HG_index_bowtie2/bowtie2_index /tmp/data/datasets/NIST7086_CGTACTAG_L002_R2_001.fastq -S /scratch/077-hpca4se-bioinf/jlenis/results/BOWTIE2-Localalloc/2592966.BOWTIE2-Localalloc.penguin.t64.sam':

S0       16      5,010,949,861 cache-misses                                                  (17.38%)
S0       16 11,246,195,009,559 cycles                    #    0.000 GHz                      (21.96%)
S0       16  3,570,403,754,209 instructions              #    4.39  insns per cycle        
                                             #    0.20  stalled cycles per insn  (26.54%)
S0       16          2,314,077 cs                                                            (100.00%)
S0       16              1,427 migrations                                                    (100.00%)
S0       16             95,138 faults                                                      
S0       16    593,575,389,368 bus-cycles                                                    (26.74%)
S0       16  9,830,632,337,481 idle-cycles-frontend      #  1209.15% frontend cycles idle     (26.90%)
S0       16  8,709,281,104,311 idle-cycles-backend       #  1071.23% backend  cycles idle     (26.97%)
S0       16    993,717,980,339 L1-dcache-loads                                               (26.79%)
S0       16     38,310,718,151 L1-dcache-load-misses     #   49.04% of all L1-dcache hits    (17.40%)
S0       16    552,848,504,877 L1-dcache-stores                                              (17.26%)
S0       16     21,228,944,498 L1-dcache-store-misses                                        (17.17%)
S0       16     12,342,654,751 L1-dcache-prefetch-misses                                     (17.15%)
S0       16     14,730,684,970 L1-icache-load-misses                                         (17.13%)
S0       16     10,155,453,850 LLC-loads                                                     (17.14%)
S0       16      8,815,438,229 LLC-stores                                                    (17.17%)
S0       16      9,650,595,408 LLC-prefetches                                                (8.63%)
S0       16  1,027,477,603,504 dTLB-loads                                                    (12.95%)
S0       16     14,888,925,758 dTLB-load-misses          #   18.54% of all dTLB cache hits   (17.24%)
S0       16    552,641,202,861 dTLB-stores                                                   (17.26%)
S0       16      5,395,313,385 dTLB-store-misses                                             (17.23%)
S0       16      1,227,996,936 iTLB-loads                                                    (17.20%)
S0       16        519,562,379 iTLB-load-misses          #  531.10% of all iTLB cache hits   (17.19%)
S0       16    465,522,105,387 branch-loads                                                  (17.13%)
S0       16     13,485,389,001 branch-load-misses                                            (17.11%)
S1       16      6,435,267,766 cache-misses                                                  (17.07%)
S1       16 13,979,209,979,649 cycles                    #    0.000 GHz                      (21.77%)
S1       16  4,594,023,266,574 instructions              #    0.00  insns per cycle          (26.27%)
S1       16         43,904,373 cs                                                            (100.00%)
S1       16              6,883 migrations                                                    (100.00%)
S1       16             53,645 faults                                                      
S1       16    601,447,189,810 bus-cycles                                                    (25.70%)
S1       16 12,152,594,260,139 idle-cycles-frontend      #    0.00% frontend cycles idle     (25.58%)
S1       16 10,733,416,731,741 idle-cycles-backend       #    0.00% backend  cycles idle     (25.66%)
S1       16  1,269,055,752,018 L1-dcache-loads                                               (25.51%)
S1       16     49,177,667,010 L1-dcache-load-misses                                         (17.47%)
S1       16    695,634,433,509 L1-dcache-stores                                              (17.29%)
S1       16     27,347,423,570 L1-dcache-store-misses                                        (17.79%)
S1       16     15,830,973,360 L1-dcache-prefetch-misses                                     (17.76%)
S1       16     18,332,633,132 L1-icache-load-misses                                         (18.34%)
S1       16     13,077,175,687 LLC-loads                                                     (17.78%)
S1       16     11,365,478,013 LLC-stores                                                    (17.25%)
S1       16     12,487,719,147 LLC-prefetches                                                (9.74%)
S1       16  1,304,249,559,876 dTLB-loads                                                    (13.48%)
S1       16     16,889,148,714 dTLB-load-misses                                              (17.25%)
S1       16    697,675,151,593 dTLB-stores                                                   (17.26%)
S1       16      5,831,322,146 dTLB-store-misses                                             (17.83%)
S1       16      1,783,892,419 iTLB-loads                                                    (17.24%)
S1       16        755,965,578 iTLB-load-misses                                              (17.23%)
S1       16    587,033,073,141 branch-loads                                                  (17.19%)
S1       16     17,723,037,472 branch-load-misses                                            (17.46%)
S2       16      7,522,955,776 cache-misses                                                  (17.32%)
S2       16 13,836,228,633,557 cycles                    #    0.000 GHz                      (21.87%)
S2       16  5,218,771,245,711 instructions              #    0.00  insns per cycle          (26.38%)
S2       16          2,493,184 cs                                                            (100.00%)
S2       16                865 migrations                                                    (100.00%)
S2       16             43,228 faults                                                      
S2       16    596,975,005,393 bus-cycles                                                    (26.10%)
S2       16 11,819,670,398,361 idle-cycles-frontend      #    0.00% frontend cycles idle     (25.71%)
S2       16 10,238,580,753,057 idle-cycles-backend       #    0.00% backend  cycles idle     (25.77%)
S2       16  1,444,229,337,282 L1-dcache-loads                                               (25.62%)
S2       16     56,232,849,687 L1-dcache-load-misses                                         (17.47%)
S2       16    796,294,121,332 L1-dcache-stores                                              (17.24%)
S2       16     31,229,711,614 L1-dcache-store-misses                                        (17.87%)
S2       16     18,437,811,403 L1-dcache-prefetch-misses                                     (17.28%)
S2       16     20,331,934,170 L1-icache-load-misses                                         (18.33%)
S2       16     14,996,153,132 LLC-loads                                                     (17.78%)
S2       16     13,343,931,011 LLC-stores                                                    (17.25%)
S2       16     14,400,869,562 LLC-prefetches                                                (10.24%)
S2       16  1,491,854,997,793 dTLB-loads                                                    (13.42%)
S2       16     18,568,856,149 dTLB-load-misses                                              (17.72%)
S2       16    794,713,820,110 dTLB-stores                                                   (17.27%)
S2       16      6,243,125,364 dTLB-store-misses                                             (17.20%)
S2       16      2,173,110,277 iTLB-loads                                                    (17.17%)
S2       16        841,577,916 iTLB-load-misses                                              (17.72%)
S2       16    666,936,972,913 branch-loads                                                  (17.17%)
S2       16     20,040,501,180 branch-load-misses                                            (17.13%)
S3       16      6,643,770,026 cache-misses                                                  (17.40%)
S3       16 12,971,471,582,180 cycles                    #    0.000 GHz                      (21.70%)
S3       16  4,694,086,135,763 instructions              #    0.00  insns per cycle          (26.10%)
S3       16            664,276 cs                                                            (100.00%)
S3       16              2,013 migrations                                                    (100.00%)
S3       16            161,093 faults                                                      
S3       16    573,052,050,559 bus-cycles                                                    (24.84%)
S3       16 12,057,090,520,300 idle-cycles-frontend      #    0.00% frontend cycles idle     (24.69%)
S3       16 10,665,083,465,122 idle-cycles-backend       #    0.00% backend  cycles idle     (24.76%)
S3       16  1,293,025,607,260 L1-dcache-loads                                               (24.76%)
S3       16     50,468,859,640 L1-dcache-load-misses                                         (17.54%)
S3       16    692,356,131,395 L1-dcache-stores                                              (18.03%)
S3       16     28,011,930,806 L1-dcache-store-misses                                        (17.48%)
S3       16     16,660,220,399 L1-dcache-prefetch-misses                                     (17.61%)
S3       16     18,662,198,701 L1-icache-load-misses                                         (17.88%)
S3       16     13,587,482,879 LLC-loads                                                     (18.11%)
S3       16     11,179,528,133 LLC-stores                                                    (18.33%)
S3       16     12,253,944,414 LLC-prefetches                                                (10.24%)
S3       16  1,315,168,130,039 dTLB-loads                                                    (13.75%)
S3       16     16,408,816,412 dTLB-load-misses                                              (17.84%)
S3       16    697,903,891,525 dTLB-stores                                                   (17.87%)
S3       16      5,583,609,502 dTLB-store-misses                                             (17.34%)
S3       16      1,075,912,811 iTLB-loads                                                    (17.31%)
S3       16      1,054,431,417 iTLB-load-misses                                              (17.28%)
S3       16    588,538,066,324 branch-loads                                                  (17.53%)
S3       16     17,871,378,048 branch-load-misses                                            (17.54%)

     397.647454758 seconds time elapsed

