mkdir: cannot create directory `/scratch/077-hpca4se-bioinf/jlenis/results/MEM-Localalloc': File exists
> Benchmarks for BWA 0.7.12: NIST7086_CGTACTAG_L002_R2_001
penguin
#################################################################
# Warm up - 64 threads - T1
#################################################################
WarmUp.2592942.MEM-Localalloc.penguin.t64
[M::bwa_idx_load_from_disk] read 0 ALT contigs
[M::process] read 6336634 sequences (640000034 bp)...
[M::mem_process_seqs] Processed 6336634 reads in 4473.267 CPU sec, 91.002 real sec
[M::process] read 6336634 sequences (640000034 bp)...
[M::process] read 6336634 sequences (640000034 bp)...
[M::mem_process_seqs] Processed 6336634 reads in 3152.590 CPU sec, 50.985 real sec
[M::process] read 2525160 sequences (255041160 bp)...
[M::mem_process_seqs] Processed 6336634 reads in 3138.637 CPU sec, 51.335 real sec
[M::mem_process_seqs] Processed 2525160 reads in 1277.170 CPU sec, 20.463 real sec
[main] Version: 0.7.15-r1140
[main] CMD: ./bwa mem -t 64 /tmp/data/indexes/HG_index_BWA_default/hsapiens_v37.fa /tmp/data/datasets/NIST7086_CGTACTAG_L002_R2_001.fastq
[main] Real time: 273.700 sec; CPU: 12080.852 sec
#################################################################
# Test multi-threading - 8 threads - T2
#################################################################
2592942.MEM-Localalloc.penguin.t8
[M::bwa_idx_load_from_disk] read 0 ALT contigs
[M::process] read 792080 sequences (80000080 bp)...
[M::process] read 792080 sequences (80000080 bp)...
[M::mem_process_seqs] Processed 792080 reads in 149.419 CPU sec, 20.046 real sec
[M::process] read 792080 sequences (80000080 bp)...
[M::mem_process_seqs] Processed 792080 reads in 159.974 CPU sec, 20.071 real sec
[M::process] read 792080 sequences (80000080 bp)...
[M::mem_process_seqs] Processed 792080 reads in 166.953 CPU sec, 20.959 real sec
[M::process] read 792080 sequences (80000080 bp)...
[M::mem_process_seqs] Processed 792080 reads in 169.330 CPU sec, 21.248 real sec
[M::process] read 792080 sequences (80000080 bp)...
[M::mem_process_seqs] Processed 792080 reads in 172.816 CPU sec, 21.716 real sec
[M::process] read 792080 sequences (80000080 bp)...
[M::mem_process_seqs] Processed 792080 reads in 176.538 CPU sec, 22.116 real sec
[M::process] read 792080 sequences (80000080 bp)...
[M::mem_process_seqs] Processed 792080 reads in 176.548 CPU sec, 22.186 real sec
[M::process] read 792080 sequences (80000080 bp)...
[M::mem_process_seqs] Processed 792080 reads in 170.029 CPU sec, 21.323 real sec
[M::process] read 792080 sequences (80000080 bp)...
[M::mem_process_seqs] Processed 792080 reads in 170.836 CPU sec, 21.472 real sec
[M::process] read 792080 sequences (80000080 bp)...
[M::mem_process_seqs] Processed 792080 reads in 172.595 CPU sec, 21.620 real sec
[M::process] read 792080 sequences (80000080 bp)...
[M::mem_process_seqs] Processed 792080 reads in 173.346 CPU sec, 21.796 real sec
[M::process] read 792080 sequences (80000080 bp)...
[M::mem_process_seqs] Processed 792080 reads in 175.097 CPU sec, 21.935 real sec
[M::process] read 792080 sequences (80000080 bp)...
[M::mem_process_seqs] Processed 792080 reads in 178.356 CPU sec, 22.406 real sec
[M::process] read 792080 sequences (80000080 bp)...
[M::mem_process_seqs] Processed 792080 reads in 171.698 CPU sec, 21.509 real sec
[M::process] read 792080 sequences (80000080 bp)...
[M::mem_process_seqs] Processed 792080 reads in 170.657 CPU sec, 21.444 real sec
[M::process] read 792080 sequences (80000080 bp)...
[M::mem_process_seqs] Processed 792080 reads in 172.038 CPU sec, 21.551 real sec
[M::process] read 792080 sequences (80000080 bp)...
[M::mem_process_seqs] Processed 792080 reads in 173.720 CPU sec, 21.830 real sec
[M::process] read 792080 sequences (80000080 bp)...
[M::mem_process_seqs] Processed 792080 reads in 173.567 CPU sec, 21.749 real sec
[M::process] read 792080 sequences (80000080 bp)...
[M::mem_process_seqs] Processed 792080 reads in 173.196 CPU sec, 21.762 real sec
[M::process] read 792080 sequences (80000080 bp)...
[M::mem_process_seqs] Processed 792080 reads in 176.806 CPU sec, 22.146 real sec
[M::process] read 792080 sequences (80000080 bp)...
[M::mem_process_seqs] Processed 792080 reads in 171.990 CPU sec, 21.615 real sec
[M::process] read 792080 sequences (80000080 bp)...
[M::mem_process_seqs] Processed 792080 reads in 171.967 CPU sec, 21.543 real sec
[M::process] read 792080 sequences (80000080 bp)...
[M::mem_process_seqs] Processed 792080 reads in 171.560 CPU sec, 21.559 real sec
[M::process] read 792080 sequences (80000080 bp)...
[M::mem_process_seqs] Processed 792080 reads in 175.672 CPU sec, 22.005 real sec
[M::process] read 792080 sequences (80000080 bp)...
[M::mem_process_seqs] Processed 792080 reads in 175.007 CPU sec, 21.987 real sec
[M::process] read 792080 sequences (80000080 bp)...
[M::mem_process_seqs] Processed 792080 reads in 175.072 CPU sec, 21.932 real sec
[M::process] read 148902 sequences (15039102 bp)...
[M::mem_process_seqs] Processed 792080 reads in 176.123 CPU sec, 22.097 real sec
[M::mem_process_seqs] Processed 148902 reads in 36.585 CPU sec, 4.633 real sec
[main] Version: 0.7.15-r1140
[main] CMD: ./bwa mem -t 8 /tmp/data/indexes/HG_index_BWA_default/hsapiens_v37.fa /tmp/data/datasets/NIST7086_CGTACTAG_L002_R2_001.fastq
[main] Real time: 593.959 sec; CPU: 4683.172 sec

 Performance counter stats for 'numactl --localalloc --physcpubind=0,4,8,12,16,20,24,28 ./bwa mem -t 8 /tmp/data/indexes/HG_index_BWA_default/hsapiens_v37.fa /tmp/data/datasets/NIST7086_CGTACTAG_L002_R2_001.fastq':

S0       16     31,208,972,648 cache-misses                                                  (17.53%)
S0       16  8,762,111,921,042 cycles                    #    0.000 GHz                      (22.00%)
S0       16 11,918,033,762,413 instructions              #   86.03  insns per cycle        
                                             #    0.02  stalled cycles per insn  (26.31%)
S0       16          3,475,801 cs                                                            (100.00%)
S0       16              6,275 migrations                                                    (100.00%)
S0       16            586,170 faults                                                      
S0       16    464,338,946,920 bus-cycles                                                    (26.11%)
S0       16 13,047,378,971,774 idle-cycles-frontend      #  9417.91% frontend cycles idle     (26.16%)
S0       16 11,571,968,012,097 idle-cycles-backend       #  8352.92% backend  cycles idle     (26.48%)
S0       16  2,362,044,408,692 L1-dcache-loads                                               (26.12%)
S0       16     70,974,124,038 L1-dcache-load-misses     #  191.05% of all L1-dcache hits    (17.36%)
S0       16  1,182,067,442,485 L1-dcache-stores                                              (17.57%)
S0       16      6,590,207,944 L1-dcache-store-misses                                        (17.65%)
S0       16     46,342,667,830 L1-dcache-prefetch-misses                                     (17.73%)
S0       16     10,036,186,645 L1-icache-load-misses                                         (17.75%)
S0       16     42,173,874,250 LLC-loads                                                     (17.44%)
S0       16      2,067,884,425 LLC-stores                                                    (17.25%)
S0       16      3,707,185,685 LLC-prefetches                                                (8.66%)
S0       16  2,406,250,962,426 dTLB-loads                                                    (12.73%)
S0       16     25,772,140,399 dTLB-load-misses          #   68.20% of all dTLB cache hits   (17.14%)
S0       16  1,193,122,230,219 dTLB-stores                                                   (17.06%)
S0       16        328,920,300 dTLB-store-misses                                             (17.09%)
S0       16        519,754,581 iTLB-loads                                                    (17.28%)
S0       16        165,005,234 iTLB-load-misses          #  1985.16% of all iTLB cache hits   (17.38%)
S0       16  1,011,426,910,734 branch-loads                                                  (17.39%)
S0       16     55,821,510,305 branch-load-misses                                            (17.24%)
S1       16         83,250,759 cache-misses                                                  (17.62%)
S1       16     39,933,803,694 cycles                    #    0.000 GHz                      (22.06%)
S1       16     20,500,987,024 instructions              #    0.00  insns per cycle          (26.36%)
S1       16             82,278 cs                                                            (100.00%)
S1       16              1,163 migrations                                                    (100.00%)
S1       16             28,477 faults                                                      
S1       16      3,077,850,852 bus-cycles                                                    (26.26%)
S1       16     62,577,609,746 idle-cycles-frontend      #    0.00% frontend cycles idle     (25.51%)
S1       16     55,601,151,121 idle-cycles-backend       #    0.00% backend  cycles idle     (25.31%)
S1       16      5,575,539,973 L1-dcache-loads                                               (25.62%)
S1       16        424,788,121 L1-dcache-load-misses                                         (17.14%)
S1       16      3,662,889,309 L1-dcache-stores                                              (17.31%)
S1       16         62,220,480 L1-dcache-store-misses                                        (17.50%)
S1       16        162,362,632 L1-dcache-prefetch-misses                                     (17.10%)
S1       16        196,851,345 L1-icache-load-misses                                         (17.18%)
S1       16        316,255,625 LLC-loads                                                     (17.09%)
S1       16         32,938,891 LLC-stores                                                    (17.76%)
S1       16         71,582,676 LLC-prefetches                                                (9.26%)
S1       16      4,777,015,439 dTLB-loads                                                    (13.43%)
S1       16         96,495,194 dTLB-load-misses                                              (17.93%)
S1       16      3,624,216,200 dTLB-stores                                                   (17.36%)
S1       16         13,076,224 dTLB-store-misses                                             (17.23%)
S1       16          6,019,161 iTLB-loads                                                    (17.39%)
S1       16          5,914,509 iTLB-load-misses                                              (18.33%)
S1       16      4,257,487,029 branch-loads                                                  (17.71%)
S1       16         65,901,184 branch-load-misses                                            (17.78%)
S2       16         45,591,184 cache-misses                                                  (16.65%)
S2       16     34,516,229,777 cycles                    #    0.000 GHz                      (21.94%)
S2       16     20,118,973,369 instructions              #    0.00  insns per cycle          (26.52%)
S2       16             46,790 cs                                                            (100.00%)
S2       16                661 migrations                                                    (100.00%)
S2       16             36,969 faults                                                      
S2       16      3,059,895,724 bus-cycles                                                    (26.78%)
S2       16     54,699,392,283 idle-cycles-frontend      #    0.00% frontend cycles idle     (25.90%)
S2       16     50,519,446,129 idle-cycles-backend       #    0.00% backend  cycles idle     (26.30%)
S2       16      6,930,788,686 L1-dcache-loads                                               (25.88%)
S2       16        460,589,020 L1-dcache-load-misses                                         (18.46%)
S2       16      4,537,559,074 L1-dcache-stores                                              (17.69%)
S2       16         63,677,262 L1-dcache-store-misses                                        (17.71%)
S2       16         63,249,422 L1-dcache-prefetch-misses                                     (17.86%)
S2       16        172,011,980 L1-icache-load-misses                                         (17.75%)
S2       16        322,162,554 LLC-loads                                                     (17.26%)
S2       16         19,263,440 LLC-stores                                                    (18.30%)
S2       16         21,967,259 LLC-prefetches                                                (9.21%)
S2       16      3,709,277,656 dTLB-loads                                                    (12.86%)
S2       16         90,337,202 dTLB-load-misses                                              (18.02%)
S2       16      2,974,835,775 dTLB-stores                                                   (17.19%)
S2       16         14,118,444 dTLB-store-misses                                             (16.79%)
S2       16          2,368,433 iTLB-loads                                                    (16.94%)
S2       16          2,908,517 iTLB-load-misses                                              (16.93%)
S2       16      3,743,035,138 branch-loads                                                  (16.75%)
S2       16         50,686,496 branch-load-misses                                            (16.53%)
S3       16         60,200,881 cache-misses                                                  (16.99%)
S3       16     29,867,853,084 cycles                    #    0.000 GHz                      (21.27%)
S3       16     12,217,553,738 instructions              #    0.00  insns per cycle          (25.55%)
S3       16            115,791 cs                                                            (100.00%)
S3       16              3,199 migrations                                                    (100.00%)
S3       16             33,261 faults                                                      
S3       16      2,428,731,082 bus-cycles                                                    (26.00%)
S3       16     46,064,935,403 idle-cycles-frontend      #    0.00% frontend cycles idle     (26.20%)
S3       16     39,988,919,462 idle-cycles-backend       #    0.00% backend  cycles idle     (26.15%)
S3       16      2,960,182,391 L1-dcache-loads                                               (26.44%)
S3       16        273,373,469 L1-dcache-load-misses                                         (17.68%)
S3       16      2,480,712,416 L1-dcache-stores                                              (17.71%)
S3       16         46,133,426 L1-dcache-store-misses                                        (17.66%)
S3       16        136,372,608 L1-dcache-prefetch-misses                                     (17.39%)
S3       16        210,113,301 L1-icache-load-misses                                         (17.61%)
S3       16        386,196,283 LLC-loads                                                     (17.62%)
S3       16         25,457,934 LLC-stores                                                    (17.58%)
S3       16         62,199,681 LLC-prefetches                                                (8.95%)
S3       16      3,660,311,139 dTLB-loads                                                    (13.36%)
S3       16         63,110,263 dTLB-load-misses                                              (17.30%)
S3       16      2,327,022,478 dTLB-stores                                                   (17.31%)
S3       16          7,411,303 dTLB-store-misses                                             (17.30%)
S3       16          3,821,830 iTLB-loads                                                    (17.14%)
S3       16          3,705,640 iTLB-load-misses                                              (17.04%)
S3       16      2,166,165,348 branch-loads                                                  (16.85%)
S3       16         63,528,333 branch-load-misses                                            (16.95%)

     594.003468290 seconds time elapsed

#################################################################
# Test multi-threading - 16 threads - T3
#################################################################
2592942.MEM-Localalloc.penguin.t16
[M::bwa_idx_load_from_disk] read 0 ALT contigs
[M::process] read 1584160 sequences (160000160 bp)...
[M::process] read 1584160 sequences (160000160 bp)...
[M::mem_process_seqs] Processed 1584160 reads in 426.017 CPU sec, 31.167 real sec
[M::process] read 1584160 sequences (160000160 bp)...
[M::mem_process_seqs] Processed 1584160 reads in 443.681 CPU sec, 27.986 real sec
[M::process] read 1584160 sequences (160000160 bp)...
[M::mem_process_seqs] Processed 1584160 reads in 453.406 CPU sec, 28.806 real sec
[M::process] read 1584160 sequences (160000160 bp)...
[M::mem_process_seqs] Processed 1584160 reads in 453.056 CPU sec, 28.698 real sec
[M::process] read 1584160 sequences (160000160 bp)...
[M::mem_process_seqs] Processed 1584160 reads in 447.974 CPU sec, 28.421 real sec
[M::process] read 1584160 sequences (160000160 bp)...
[M::mem_process_seqs] Processed 1584160 reads in 452.023 CPU sec, 29.872 real sec
[M::process] read 1584160 sequences (160000160 bp)...
[M::mem_process_seqs] Processed 1584160 reads in 452.808 CPU sec, 30.055 real sec
[M::process] read 1584160 sequences (160000160 bp)...
[M::mem_process_seqs] Processed 1584160 reads in 440.715 CPU sec, 29.140 real sec
[M::process] read 1584160 sequences (160000160 bp)...
[M::mem_process_seqs] Processed 1584160 reads in 445.481 CPU sec, 28.262 real sec
[M::process] read 1584160 sequences (160000160 bp)...
[M::mem_process_seqs] Processed 1584160 reads in 453.379 CPU sec, 28.586 real sec
[M::process] read 1584160 sequences (160000160 bp)...
[M::mem_process_seqs] Processed 1584160 reads in 443.675 CPU sec, 28.029 real sec
[M::process] read 1584160 sequences (160000160 bp)...
[M::mem_process_seqs] Processed 1584160 reads in 448.082 CPU sec, 28.249 real sec
[M::process] read 940982 sequences (95039182 bp)...
[M::mem_process_seqs] Processed 1584160 reads in 449.479 CPU sec, 28.399 real sec
[M::mem_process_seqs] Processed 940982 reads in 274.122 CPU sec, 17.406 real sec
[main] Version: 0.7.15-r1140
[main] CMD: ./bwa mem -t 16 /tmp/data/indexes/HG_index_BWA_default/hsapiens_v37.fa /tmp/data/datasets/NIST7086_CGTACTAG_L002_R2_001.fastq
[main] Real time: 401.073 sec; CPU: 6091.799 sec

 Performance counter stats for 'numactl --localalloc --physcpubind=0,4,8,12,16,20,24,28,1,5,9,13,17,21,25,29 ./bwa mem -t 16 /tmp/data/indexes/HG_index_BWA_default/hsapiens_v37.fa /tmp/data/datasets/NIST7086_CGTACTAG_L002_R2_001.fastq':

S0       16     16,812,364,667 cache-misses                                                  (17.63%)
S0       16  5,537,902,778,799 cycles                    #    0.000 GHz                      (22.23%)
S0       16  6,116,829,545,410 instructions              #   31.02  insns per cycle        
                                             #    0.05  stalled cycles per insn  (26.59%)
S0       16          4,551,160 cs                                                            (100.00%)
S0       16             14,945 migrations                                                    (100.00%)
S0       16            267,871 faults                                                      
S0       16    291,648,690,739 bus-cycles                                                    (26.47%)
S0       16  9,059,349,564,930 idle-cycles-frontend      #  4594.69% frontend cycles idle     (26.51%)
S0       16  8,294,485,137,143 idle-cycles-backend       #  4206.77% backend  cycles idle     (26.54%)
S0       16  1,241,688,199,965 L1-dcache-loads                                               (26.33%)
S0       16     39,272,040,821 L1-dcache-load-misses     #  105.92% of all L1-dcache hits    (17.15%)
S0       16    638,960,265,690 L1-dcache-stores                                              (17.29%)
S0       16      3,945,371,381 L1-dcache-store-misses                                        (17.20%)
S0       16     25,728,182,027 L1-dcache-prefetch-misses                                     (17.11%)
S0       16      6,789,606,945 L1-icache-load-misses                                         (17.39%)
S0       16     23,598,685,050 LLC-loads                                                     (17.03%)
S0       16      1,295,055,153 LLC-stores                                                    (17.17%)
S0       16      2,023,137,800 LLC-prefetches                                                (8.60%)
S0       16  1,278,544,352,924 dTLB-loads                                                    (12.78%)
S0       16     14,318,874,325 dTLB-load-misses          #   37.61% of all dTLB cache hits   (17.29%)
S0       16    633,369,986,293 dTLB-stores                                                   (17.18%)
S0       16        292,441,659 dTLB-store-misses                                             (17.41%)
S0       16        318,986,881 iTLB-loads                                                    (17.69%)
S0       16        144,704,561 iTLB-load-misses          #  1761.77% of all iTLB cache hits   (17.63%)
S0       16    532,532,693,310 branch-loads                                                  (17.58%)
S0       16     28,996,311,337 branch-load-misses                                            (17.51%)
S1       16     14,997,190,216 cache-misses                                                  (17.40%)
S1       16  7,031,066,723,851 cycles                    #    0.000 GHz                      (21.89%)
S1       16  5,668,864,451,593 instructions              #    0.00  insns per cycle          (26.27%)
S1       16          4,927,764 cs                                                            (100.00%)
S1       16             11,721 migrations                                                    (100.00%)
S1       16            381,149 faults                                                      
S1       16    307,291,816,204 bus-cycles                                                    (25.67%)
S1       16 12,011,719,830,923 idle-cycles-frontend      #    0.00% frontend cycles idle     (25.45%)
S1       16 11,262,294,431,405 idle-cycles-backend       #    0.00% backend  cycles idle     (25.51%)
S1       16  1,122,191,482,314 L1-dcache-loads                                               (25.38%)
S1       16     33,659,381,051 L1-dcache-load-misses                                         (17.51%)
S1       16    558,785,560,460 L1-dcache-stores                                              (17.78%)
S1       16      3,182,366,012 L1-dcache-store-misses                                        (17.67%)
S1       16     22,096,578,793 L1-dcache-prefetch-misses                                     (17.82%)
S1       16      5,972,101,937 L1-icache-load-misses                                         (17.38%)
S1       16     20,098,290,039 LLC-loads                                                     (17.77%)
S1       16        851,816,496 LLC-stores                                                    (17.16%)
S1       16      1,661,721,258 LLC-prefetches                                                (9.48%)
S1       16  1,148,932,051,698 dTLB-loads                                                    (13.71%)
S1       16     12,677,475,133 dTLB-load-misses                                              (17.24%)
S1       16    571,019,780,596 dTLB-stores                                                   (17.30%)
S1       16        246,997,706 dTLB-store-misses                                             (17.81%)
S1       16        201,679,681 iTLB-loads                                                    (17.25%)
S1       16        114,913,190 iTLB-load-misses                                              (17.47%)
S1       16    477,542,980,064 branch-loads                                                  (17.50%)
S1       16     26,232,392,266 branch-load-misses                                            (18.15%)
S2       16         27,703,954 cache-misses                                                  (16.71%)
S2       16     17,993,434,160 cycles                    #    0.000 GHz                      (21.03%)
S2       16      7,651,686,746 instructions              #    0.00  insns per cycle          (25.52%)
S2       16             43,837 cs                                                            (100.00%)
S2       16              2,886 migrations                                                    (100.00%)
S2       16             46,702 faults                                                      
S2       16      1,683,766,273 bus-cycles                                                    (25.85%)
S2       16     37,612,514,897 idle-cycles-frontend      #    0.00% frontend cycles idle     (26.42%)
S2       16     34,940,365,634 idle-cycles-backend       #    0.00% backend  cycles idle     (26.75%)
S2       16      3,608,958,260 L1-dcache-loads                                               (26.89%)
S2       16        207,157,393 L1-dcache-load-misses                                         (17.96%)
S2       16      2,053,889,755 L1-dcache-stores                                              (17.71%)
S2       16         21,709,335 L1-dcache-store-misses                                        (17.74%)
S2       16         39,564,952 L1-dcache-prefetch-misses                                     (17.84%)
S2       16        147,089,525 L1-icache-load-misses                                         (17.90%)
S2       16        117,394,811 LLC-loads                                                     (17.71%)
S2       16         14,846,010 LLC-stores                                                    (17.62%)
S2       16         15,326,543 LLC-prefetches                                                (8.61%)
S2       16      4,455,250,950 dTLB-loads                                                    (13.09%)
S2       16         83,913,906 dTLB-load-misses                                              (17.37%)
S2       16      2,729,087,323 dTLB-stores                                                   (17.25%)
S2       16         11,284,478 dTLB-store-misses                                             (17.09%)
S2       16          1,201,954 iTLB-loads                                                    (16.70%)
S2       16          2,310,204 iTLB-load-misses                                              (16.69%)
S2       16      1,996,329,551 branch-loads                                                  (16.54%)
S2       16         34,975,711 branch-load-misses                                            (16.54%)
S3       16         79,588,322 cache-misses                                                  (16.57%)
S3       16     31,925,137,002 cycles                    #    0.000 GHz                      (20.73%)
S3       16     14,937,405,298 instructions              #    0.00  insns per cycle          (25.03%)
S3       16             93,784 cs                                                            (100.00%)
S3       16              6,343 migrations                                                    (100.00%)
S3       16             38,134 faults                                                      
S3       16      2,761,084,287 bus-cycles                                                    (25.13%)
S3       16     55,571,774,695 idle-cycles-frontend      #    0.00% frontend cycles idle     (25.56%)
S3       16     51,066,555,082 idle-cycles-backend       #    0.00% backend  cycles idle     (25.91%)
S3       16      5,351,853,603 L1-dcache-loads                                               (26.09%)
S3       16        491,318,151 L1-dcache-load-misses                                         (17.95%)
S3       16      3,592,873,121 L1-dcache-stores                                              (17.75%)
S3       16         62,245,516 L1-dcache-store-misses                                        (17.71%)
S3       16        155,823,042 L1-dcache-prefetch-misses                                     (17.77%)
S3       16        202,798,834 L1-icache-load-misses                                         (17.61%)
S3       16        336,004,564 LLC-loads                                                     (17.89%)
S3       16         36,060,326 LLC-stores                                                    (17.77%)
S3       16         86,625,611 LLC-prefetches                                                (8.86%)
S3       16      4,878,669,484 dTLB-loads                                                    (13.26%)
S3       16         65,130,936 dTLB-load-misses                                              (17.51%)
S3       16      2,835,205,363 dTLB-stores                                                   (17.28%)
S3       16          7,773,766 dTLB-store-misses                                             (17.26%)
S3       16          3,801,396 iTLB-loads                                                    (17.30%)
S3       16          4,611,903 iTLB-load-misses                                              (17.16%)
S3       16      3,367,220,771 branch-loads                                                  (17.07%)
S3       16         75,092,549 branch-load-misses                                            (16.93%)

     401.265039473 seconds time elapsed

#################################################################
# Test multi-threading - 32 threads - T4 
#################################################################
2592942.MEM-Localalloc.penguin.t32
[M::bwa_idx_load_from_disk] read 0 ALT contigs
[M::process] read 3168318 sequences (320000118 bp)...
[M::mem_process_seqs] Processed 3168318 reads in 1481.918 CPU sec, 58.000 real sec
[M::process] read 3168318 sequences (320000118 bp)...
[M::process] read 3168318 sequences (320000118 bp)...
[M::mem_process_seqs] Processed 3168318 reads in 1202.083 CPU sec, 37.967 real sec
[M::process] read 3168318 sequences (320000118 bp)...
[M::mem_process_seqs] Processed 3168318 reads in 1224.529 CPU sec, 38.749 real sec
[M::process] read 3168318 sequences (320000118 bp)...
[M::mem_process_seqs] Processed 3168318 reads in 1216.137 CPU sec, 38.577 real sec
[M::process] read 3168318 sequences (320000118 bp)...
[M::mem_process_seqs] Processed 3168318 reads in 1219.204 CPU sec, 38.820 real sec
[M::process] read 2525154 sequences (255040554 bp)...
[M::mem_process_seqs] Processed 3168318 reads in 1224.302 CPU sec, 38.955 real sec
[M::mem_process_seqs] Processed 2525154 reads in 987.534 CPU sec, 31.365 real sec
[main] Version: 0.7.15-r1140
[main] CMD: ./bwa mem -t 32 /tmp/data/indexes/HG_index_BWA_default/hsapiens_v37.fa /tmp/data/datasets/NIST7086_CGTACTAG_L002_R2_001.fastq
[main] Real time: 298.587 sec; CPU: 8574.937 sec

 Performance counter stats for 'numactl --localalloc --physcpubind=0,4,8,12,16,20,24,28,32,36,40,44,48,52,56,60,1,5,9,13,17,21,25,29,33,37,41,45,49,53,57,61 ./bwa mem -t 32 /tmp/data/indexes/HG_index_BWA_default/hsapiens_v37.fa /tmp/data/datasets/NIST7086_CGTACTAG_L002_R2_001.fastq':

S0       16     15,209,887,696 cache-misses                                                  (17.29%)
S0       16  8,062,608,809,765 cycles                    #    0.000 GHz                      (21.90%)
S0       16  4,793,279,436,558 instructions              #   17.99  insns per cycle        
                                             #    0.04  stalled cycles per insn  (26.52%)
S0       16          3,317,257 cs                                                            (100.00%)
S0       16             61,411 migrations                                                    (100.00%)
S0       16            565,571 faults                                                      
S0       16    412,687,687,885 bus-cycles                                                    (26.85%)
S0       16  6,634,236,925,196 idle-cycles-frontend      #  2489.47% frontend cycles idle     (27.10%)
S0       16  4,969,990,234,980 idle-cycles-backend       #  1864.97% backend  cycles idle     (27.36%)
S0       16    929,982,771,073 L1-dcache-loads                                               (27.23%)
S0       16     35,898,393,659 L1-dcache-load-misses     #   98.94% of all L1-dcache hits    (17.72%)
S0       16    480,552,782,073 L1-dcache-stores                                              (17.52%)
S0       16      4,308,298,332 L1-dcache-store-misses                                        (17.32%)
S0       16     22,078,450,868 L1-dcache-prefetch-misses                                     (17.24%)
S0       16      6,925,379,036 L1-icache-load-misses                                         (17.19%)
S0       16     20,182,260,310 LLC-loads                                                     (17.09%)
S0       16      1,722,802,429 LLC-stores                                                    (16.96%)
S0       16      3,057,622,544 LLC-prefetches                                                (8.39%)
S0       16    997,378,917,975 dTLB-loads                                                    (12.66%)
S0       16     10,544,421,973 dTLB-load-misses          #   27.76% of all dTLB cache hits   (16.99%)
S0       16    492,968,690,548 dTLB-stores                                                   (17.07%)
S0       16        271,720,343 dTLB-store-misses                                             (17.12%)
S0       16      2,348,266,500 iTLB-loads                                                    (17.07%)
S0       16        647,264,381 iTLB-load-misses          #  815.31% of all iTLB cache hits   (17.01%)
S0       16    422,538,239,759 branch-loads                                                  (17.06%)
S0       16     23,327,364,969 branch-load-misses                                            (17.04%)
S1       16     21,757,959,164 cache-misses                                                  (17.40%)
S1       16  8,932,965,890,497 cycles                    #    0.000 GHz                      (21.87%)
S1       16  7,051,972,241,788 instructions              #    0.00  insns per cycle          (26.16%)
S1       16          4,282,220 cs                                                            (100.00%)
S1       16             57,078 migrations                                                    (100.00%)
S1       16            556,885 faults                                                      
S1       16    416,298,027,393 bus-cycles                                                    (26.47%)
S1       16  6,709,806,453,646 idle-cycles-frontend      #    0.00% frontend cycles idle     (26.73%)
S1       16  4,344,142,023,556 idle-cycles-backend       #    0.00% backend  cycles idle     (26.46%)
S1       16  1,382,285,149,158 L1-dcache-loads                                               (26.17%)
S1       16     53,270,092,446 L1-dcache-load-misses                                         (17.34%)
S1       16    712,903,736,307 L1-dcache-stores                                              (17.47%)
S1       16      6,350,689,396 L1-dcache-store-misses                                        (17.25%)
S1       16     33,176,089,611 L1-dcache-prefetch-misses                                     (17.31%)
S1       16      8,185,382,889 L1-icache-load-misses                                         (17.25%)
S1       16     28,908,186,413 LLC-loads                                                     (17.43%)
S1       16      2,254,896,801 LLC-stores                                                    (17.15%)
S1       16      4,087,311,806 LLC-prefetches                                                (9.20%)
S1       16  1,424,142,951,279 dTLB-loads                                                    (13.49%)
S1       16     15,204,695,113 dTLB-load-misses                                              (17.54%)
S1       16    707,691,287,656 dTLB-stores                                                   (17.35%)
S1       16        941,594,553 dTLB-store-misses                                             (17.55%)
S1       16      2,726,760,329 iTLB-loads                                                    (17.23%)
S1       16      1,383,982,878 iTLB-load-misses                                              (17.35%)
S1       16    608,044,315,111 branch-loads                                                  (17.00%)
S1       16     34,929,799,019 branch-load-misses                                            (16.97%)
S2       16         41,022,513 cache-misses                                                  (17.44%)
S2       16     25,375,216,907 cycles                    #    0.000 GHz                      (22.37%)
S2       16     12,918,774,567 instructions              #    0.00  insns per cycle          (27.11%)
S2       16             51,609 cs                                                            (100.00%)
S2       16              9,390 migrations                                                    (100.00%)
S2       16             26,923 faults                                                      
S2       16      1,908,967,004 bus-cycles                                                    (27.62%)
S2       16     40,056,776,990 idle-cycles-frontend      #    0.00% frontend cycles idle     (27.99%)
S2       16     37,578,652,815 idle-cycles-backend       #    0.00% backend  cycles idle     (27.51%)
S2       16      4,018,218,709 L1-dcache-loads                                               (26.76%)
S2       16        200,833,739 L1-dcache-load-misses                                         (17.25%)
S2       16      2,100,031,799 L1-dcache-stores                                              (17.02%)
S2       16         22,488,683 L1-dcache-store-misses                                        (16.66%)
S2       16         31,649,362 L1-dcache-prefetch-misses                                     (16.50%)
S2       16        172,574,177 L1-icache-load-misses                                         (16.85%)
S2       16        183,173,341 LLC-loads                                                     (17.16%)
S2       16         17,432,808 LLC-stores                                                    (17.38%)
S2       16         21,241,641 LLC-prefetches                                                (8.93%)
S2       16      4,013,546,456 dTLB-loads                                                    (13.31%)
S2       16        105,565,809 dTLB-load-misses                                              (17.05%)
S2       16      3,120,649,873 dTLB-stores                                                   (16.88%)
S2       16         14,299,023 dTLB-store-misses                                             (16.85%)
S2       16          1,573,055 iTLB-loads                                                    (17.67%)
S2       16          2,390,838 iTLB-load-misses                                              (16.92%)
S2       16      2,562,822,659 branch-loads                                                  (16.71%)
S2       16         46,120,105 branch-load-misses                                            (16.85%)
S3       16         77,743,398 cache-misses                                                  (17.55%)
S3       16     34,500,352,994 cycles                    #    0.000 GHz                      (21.79%)
S3       16     20,109,327,844 instructions              #    0.00  insns per cycle          (25.50%)
S3       16             91,955 cs                                                            (100.00%)
S3       16              5,713 migrations                                                    (100.00%)
S3       16             30,448 faults                                                      
S3       16      2,820,178,502 bus-cycles                                                    (25.42%)
S3       16     48,756,472,082 idle-cycles-frontend      #    0.00% frontend cycles idle     (25.50%)
S3       16     43,380,456,375 idle-cycles-backend       #    0.00% backend  cycles idle     (25.34%)
S3       16      5,872,958,673 L1-dcache-loads                                               (24.80%)
S3       16        457,604,869 L1-dcache-load-misses                                         (17.65%)
S3       16      3,390,837,439 L1-dcache-stores                                              (18.06%)
S3       16         81,049,729 L1-dcache-store-misses                                        (17.62%)
S3       16        244,904,763 L1-dcache-prefetch-misses                                     (17.47%)
S3       16        367,791,817 L1-icache-load-misses                                         (16.64%)
S3       16        383,525,638 LLC-loads                                                     (16.92%)
S3       16         42,650,037 LLC-stores                                                    (16.77%)
S3       16        108,016,952 LLC-prefetches                                                (9.77%)
S3       16      5,360,897,145 dTLB-loads                                                    (14.38%)
S3       16         84,908,934 dTLB-load-misses                                              (18.23%)
S3       16      3,500,214,429 dTLB-stores                                                   (17.67%)
S3       16         10,980,696 dTLB-store-misses                                             (18.17%)
S3       16          4,294,289 iTLB-loads                                                    (17.45%)
S3       16          6,454,574 iTLB-load-misses                                              (17.81%)
S3       16      4,090,138,071 branch-loads                                                  (17.45%)
S3       16        104,081,186 branch-load-misses                                            (17.58%)

     298.728198201 seconds time elapsed

#################################################################
# Test multi-threading - 48 threads - T5
#################################################################
2592942.MEM-Localalloc.penguin.t48
[M::bwa_idx_load_from_disk] read 0 ALT contigs
[M::process] read 4752476 sequences (480000076 bp)...
[M::mem_process_seqs] Processed 4752476 reads in 2776.609 CPU sec, 73.825 real sec
[M::process] read 4752476 sequences (480000076 bp)...
[M::process] read 4752476 sequences (480000076 bp)...
[M::mem_process_seqs] Processed 4752476 reads in 2093.487 CPU sec, 45.523 real sec
[M::mem_process_seqs] Processed 4752476 reads in 2115.937 CPU sec, 45.206 real sec
[M::process] read 4752476 sequences (480000076 bp)...
[M::process] read 2525158 sequences (255040958 bp)...
[M::mem_process_seqs] Processed 4752476 reads in 2111.847 CPU sec, 44.565 real sec
[M::mem_process_seqs] Processed 2525158 reads in 1178.147 CPU sec, 25.096 real sec
[main] Version: 0.7.15-r1140
[main] CMD: ./bwa mem -t 48 /tmp/data/indexes/HG_index_BWA_default/hsapiens_v37.fa /tmp/data/datasets/NIST7086_CGTACTAG_L002_R2_001.fastq
[main] Real time: 264.811 sec; CPU: 10318.381 sec

 Performance counter stats for 'numactl --localalloc --physcpubind=0,4,8,12,16,20,24,28,32,36,40,44,48,52,56,60,1,5,9,13,17,21,25,29,33,37,41,45,49,53,57,61,2,6,10,14,18,22,26,30,34,38,42,46,50,54,58,62 ./bwa mem -t 48 /tmp/data/indexes/HG_index_BWA_default/hsapiens_v37.fa /tmp/data/datasets/NIST7086_CGTACTAG_L002_R2_001.fastq':

S0       16     10,957,649,583 cache-misses                                                  (17.12%)
S0       16  6,932,712,257,162 cycles                    #    0.000 GHz                      (21.60%)
S0       16  3,398,566,062,087 instructions              #   10.27  insns per cycle        
                                             #    0.08  stalled cycles per insn  (26.22%)
S0       16          2,894,938 cs                                                            (100.00%)
S0       16             58,598 migrations                                                    (100.00%)
S0       16            643,883 faults                                                      
S0       16    338,460,450,474 bus-cycles                                                    (26.68%)
S0       16  6,074,249,014,868 idle-cycles-frontend      #  1835.60% frontend cycles idle     (26.19%)
S0       16  4,830,797,073,796 idle-cycles-backend       #  1459.84% backend  cycles idle     (26.23%)
S0       16    653,866,485,433 L1-dcache-loads                                               (26.22%)
S0       16     25,074,624,390 L1-dcache-load-misses     #   69.98% of all L1-dcache hits    (18.73%)
S0       16    333,205,785,123 L1-dcache-stores                                              (17.95%)
S0       16      3,270,695,836 L1-dcache-store-misses                                        (18.35%)
S0       16     15,645,163,060 L1-dcache-prefetch-misses                                     (17.44%)
S0       16      5,490,457,723 L1-icache-load-misses                                         (17.44%)
S0       16     14,850,086,712 LLC-loads                                                     (16.80%)
S0       16      1,165,200,912 LLC-stores                                                    (17.16%)
S0       16      1,844,670,373 LLC-prefetches                                                (8.94%)
S0       16    700,183,751,498 dTLB-loads                                                    (13.03%)
S0       16      7,808,526,733 dTLB-load-misses          #   20.26% of all dTLB cache hits   (17.57%)
S0       16    348,556,576,243 dTLB-stores                                                   (17.16%)
S0       16        402,081,078 dTLB-store-misses                                             (16.98%)
S0       16      1,236,045,212 iTLB-loads                                                    (16.89%)
S0       16        527,974,996 iTLB-load-misses          #  636.43% of all iTLB cache hits   (17.64%)
S0       16    303,558,562,696 branch-loads                                                  (17.04%)
S0       16     16,356,050,445 branch-load-misses                                            (16.99%)
S1       16     11,255,632,607 cache-misses                                                  (17.31%)
S1       16  7,270,298,907,564 cycles                    #    0.000 GHz                      (21.90%)
S1       16  3,604,419,141,417 instructions              #    0.00  insns per cycle          (26.29%)
S1       16          3,242,863 cs                                                            (100.00%)
S1       16             52,680 migrations                                                    (100.00%)
S1       16            282,605 faults                                                      
S1       16    331,514,199,182 bus-cycles                                                    (26.57%)
S1       16  6,456,209,997,647 idle-cycles-frontend      #    0.00% frontend cycles idle     (26.86%)
S1       16  5,185,818,267,726 idle-cycles-backend       #    0.00% backend  cycles idle     (26.72%)
S1       16    693,685,977,994 L1-dcache-loads                                               (26.64%)
S1       16     25,794,242,782 L1-dcache-load-misses                                         (18.58%)
S1       16    354,543,125,773 L1-dcache-stores                                              (17.93%)
S1       16      2,805,876,905 L1-dcache-store-misses                                        (17.58%)
S1       16     16,686,829,950 L1-dcache-prefetch-misses                                     (17.08%)
S1       16      5,182,873,368 L1-icache-load-misses                                         (17.04%)
S1       16     14,831,472,886 LLC-loads                                                     (17.09%)
S1       16      1,046,033,193 LLC-stores                                                    (16.91%)
S1       16      1,752,899,100 LLC-prefetches                                                (8.36%)
S1       16    744,143,866,422 dTLB-loads                                                    (12.62%)
S1       16      7,750,170,186 dTLB-load-misses                                              (16.93%)
S1       16    365,701,314,793 dTLB-stores                                                   (17.08%)
S1       16        280,699,826 dTLB-store-misses                                             (17.17%)
S1       16      1,469,176,976 iTLB-loads                                                    (17.23%)
S1       16        457,262,021 iTLB-load-misses                                              (17.22%)
S1       16    305,951,568,878 branch-loads                                                  (17.17%)
S1       16     17,556,557,571 branch-load-misses                                            (17.13%)
S2       16     16,757,177,148 cache-misses                                                  (16.60%)
S2       16  6,937,467,936,704 cycles                    #    0.000 GHz                      (21.34%)
S2       16  5,070,983,086,518 instructions              #    0.00  insns per cycle          (25.93%)
S2       16          3,515,490 cs                                                            (100.00%)
S2       16             65,493 migrations                                                    (100.00%)
S2       16          1,026,384 faults                                                      
S2       16    339,021,291,183 bus-cycles                                                    (26.33%)
S2       16  5,359,084,241,301 idle-cycles-frontend      #    0.00% frontend cycles idle     (26.92%)
S2       16  3,626,870,901,992 idle-cycles-backend       #    0.00% backend  cycles idle     (27.57%)
S2       16    940,054,993,429 L1-dcache-loads                                               (27.90%)
S2       16     35,893,565,561 L1-dcache-load-misses                                         (18.37%)
S2       16    481,922,293,744 L1-dcache-stores                                              (18.04%)
S2       16      4,208,859,257 L1-dcache-store-misses                                        (17.59%)
S2       16     24,121,619,711 L1-dcache-prefetch-misses                                     (17.22%)
S2       16      6,219,604,509 L1-icache-load-misses                                         (17.32%)
S2       16     20,541,198,091 LLC-loads                                                     (17.24%)
S2       16      1,689,338,234 LLC-stores                                                    (17.24%)
S2       16      2,831,990,512 LLC-prefetches                                                (8.66%)
S2       16  1,014,948,304,317 dTLB-loads                                                    (12.90%)
S2       16     11,100,477,464 dTLB-load-misses                                              (17.10%)
S2       16    509,282,467,162 dTLB-stores                                                   (17.06%)
S2       16        374,598,813 dTLB-store-misses                                             (16.86%)
S2       16      2,598,573,846 iTLB-loads                                                    (16.72%)
S2       16        774,877,598 iTLB-load-misses                                              (16.64%)
S2       16    444,663,488,360 branch-loads                                                  (16.48%)
S2       16     25,202,621,363 branch-load-misses                                            (16.42%)
S3       16        101,583,953 cache-misses                                                  (17.55%)
S3       16     37,980,696,320 cycles                    #    0.000 GHz                      (21.90%)
S3       16     18,969,333,498 instructions              #    0.00  insns per cycle          (25.94%)
S3       16             89,458 cs                                                            (100.00%)
S3       16             12,079 migrations                                                    (100.00%)
S3       16             42,028 faults                                                      
S3       16      2,975,086,845 bus-cycles                                                    (25.00%)
S3       16     58,115,488,199 idle-cycles-frontend      #    0.00% frontend cycles idle     (25.07%)
S3       16     55,115,463,277 idle-cycles-backend       #    0.00% backend  cycles idle     (23.95%)
S3       16      5,746,003,731 L1-dcache-loads                                               (23.75%)
S3       16        487,217,958 L1-dcache-load-misses                                         (18.08%)
S3       16      3,663,673,157 L1-dcache-stores                                              (18.05%)
S3       16         86,971,266 L1-dcache-store-misses                                        (18.23%)
S3       16        207,161,724 L1-dcache-prefetch-misses                                     (17.98%)
S3       16        369,229,250 L1-icache-load-misses                                         (17.94%)
S3       16        329,853,068 LLC-loads                                                     (17.35%)
S3       16         38,358,380 LLC-stores                                                    (17.75%)
S3       16        135,637,650 LLC-prefetches                                                (8.76%)
S3       16      6,937,762,858 dTLB-loads                                                    (13.24%)
S3       16         92,649,888 dTLB-load-misses                                              (17.43%)
S3       16      4,286,844,293 dTLB-stores                                                   (17.13%)
S3       16         13,067,473 dTLB-store-misses                                             (17.92%)
S3       16          5,568,375 iTLB-loads                                                    (17.71%)
S3       16          7,994,616 iTLB-load-misses                                              (18.24%)
S3       16      4,462,403,233 branch-loads                                                  (18.24%)
S3       16        105,596,716 branch-load-misses                                            (17.70%)

     265.239779972 seconds time elapsed

#################################################################
# Test multi-threading - 64 threads - T6
#################################################################

[M::bwa_idx_load_from_disk] read 0 ALT contigs
[M::process] read 6336634 sequences (640000034 bp)...
[M::mem_process_seqs] Processed 6336634 reads in 4520.982 CPU sec, 94.565 real sec
[M::process] read 6336634 sequences (640000034 bp)...
[M::process] read 6336634 sequences (640000034 bp)...
[M::mem_process_seqs] Processed 6336634 reads in 3171.810 CPU sec, 51.867 real sec
[M::mem_process_seqs] Processed 6336634 reads in 3176.477 CPU sec, 53.077 real sec
[M::process] read 2525160 sequences (255041160 bp)...
[M::mem_process_seqs] Processed 2525160 reads in 1285.027 CPU sec, 20.812 real sec
[main] Version: 0.7.15-r1140
[main] CMD: ./bwa mem -t 64 /tmp/data/indexes/HG_index_BWA_default/hsapiens_v37.fa /tmp/data/datasets/NIST7086_CGTACTAG_L002_R2_001.fastq
[main] Real time: 261.213 sec; CPU: 12211.559 sec

 Performance counter stats for 'numactl --localalloc --physcpubind=0-63 ./bwa mem -t 64 /tmp/data/indexes/HG_index_BWA_default/hsapiens_v37.fa /tmp/data/datasets/NIST7086_CGTACTAG_L002_R2_001.fastq':

S0       16      8,261,905,015 cache-misses                                                  (16.78%)
S0       16  6,365,025,070,444 cycles                    #    0.000 GHz                      (21.75%)
S0       16  2,552,961,499,805 instructions              #    7.05  insns per cycle        
                                             #    0.12  stalled cycles per insn  (26.41%)
S0       16          2,340,057 cs                                                            (100.00%)
S0       16             30,677 migrations                                                    (100.00%)
S0       16            929,720 faults                                                      
S0       16    304,107,979,408 bus-cycles                                                    (26.97%)
S0       16  5,739,660,270,680 idle-cycles-frontend      #  1584.90% frontend cycles idle     (27.75%)
S0       16  4,834,070,292,684 idle-cycles-backend       #  1334.84% backend  cycles idle     (28.26%)
S0       16    484,021,550,003 L1-dcache-loads                                               (28.23%)
S0       16     19,293,386,483 L1-dcache-load-misses     #   53.32% of all L1-dcache hits    (18.48%)
S0       16    255,016,044,056 L1-dcache-stores                                              (17.96%)
S0       16      2,771,291,364 L1-dcache-store-misses                                        (17.52%)
S0       16     11,991,633,284 L1-dcache-prefetch-misses                                     (17.22%)
S0       16      4,674,688,147 L1-icache-load-misses                                         (16.94%)
S0       16     11,697,404,145 LLC-loads                                                     (16.88%)
S0       16        974,993,115 LLC-stores                                                    (16.72%)
S0       16      1,628,621,626 LLC-prefetches                                                (8.28%)
S0       16    540,805,715,787 dTLB-loads                                                    (12.55%)
S0       16      6,214,113,721 dTLB-load-misses          #   16.18% of all dTLB cache hits   (16.83%)
S0       16    271,055,263,226 dTLB-stores                                                   (16.84%)
S0       16        258,465,028 dTLB-store-misses                                             (16.79%)
S0       16      1,033,773,684 iTLB-loads                                                    (16.78%)
S0       16        445,333,932 iTLB-load-misses          #  545.03% of all iTLB cache hits   (16.62%)
S0       16    240,223,269,524 branch-loads                                                  (16.49%)
S0       16     12,443,074,844 branch-load-misses                                            (16.55%)
S1       16      8,706,375,323 cache-misses                                                  (17.17%)
S1       16  5,624,309,043,301 cycles                    #    0.000 GHz                      (21.64%)
S1       16  2,772,953,519,459 instructions              #    0.00  insns per cycle          (26.16%)
S1       16          2,380,680 cs                                                            (100.00%)
S1       16             33,161 migrations                                                    (100.00%)
S1       16            293,576 faults                                                      
S1       16    296,441,582,606 bus-cycles                                                    (25.82%)
S1       16  5,071,378,661,512 idle-cycles-frontend      #    0.00% frontend cycles idle     (25.99%)
S1       16  4,108,099,008,613 idle-cycles-backend       #    0.00% backend  cycles idle     (26.23%)
S1       16    544,169,593,832 L1-dcache-loads                                               (26.10%)
S1       16     20,641,535,447 L1-dcache-load-misses                                         (17.45%)
S1       16    275,582,241,222 L1-dcache-stores                                              (17.98%)
S1       16      2,210,169,010 L1-dcache-store-misses                                        (17.00%)
S1       16     12,914,581,455 L1-dcache-prefetch-misses                                     (17.02%)
S1       16      4,186,041,206 L1-icache-load-misses                                         (16.99%)
S1       16     11,697,784,414 LLC-loads                                                     (16.95%)
S1       16        769,132,773 LLC-stores                                                    (16.94%)
S1       16      1,291,197,936 LLC-prefetches                                                (9.84%)
S1       16    553,225,065,678 dTLB-loads                                                    (13.34%)
S1       16      5,974,567,512 dTLB-load-misses                                              (17.38%)
S1       16    272,498,646,477 dTLB-stores                                                   (18.22%)
S1       16        198,078,789 dTLB-store-misses                                             (17.56%)
S1       16      1,038,474,296 iTLB-loads                                                    (17.55%)
S1       16        432,466,392 iTLB-load-misses                                              (17.44%)
S1       16    232,257,098,531 branch-loads                                                  (17.99%)
S1       16     13,348,742,615 branch-load-misses                                            (17.28%)
S2       16      9,032,056,422 cache-misses                                                  (17.10%)
S2       16  5,659,687,722,525 cycles                    #    0.000 GHz                      (21.82%)
S2       16  2,845,700,279,988 instructions              #    0.00  insns per cycle          (26.48%)
S2       16          2,642,470 cs                                                            (100.00%)
S2       16             33,733 migrations                                                    (100.00%)
S2       16            683,495 faults                                                      
S2       16    292,620,590,941 bus-cycles                                                    (26.95%)
S2       16  4,924,754,861,869 idle-cycles-frontend      #    0.00% frontend cycles idle     (27.32%)
S2       16  3,949,382,576,742 idle-cycles-backend       #    0.00% backend  cycles idle     (27.91%)
S2       16    531,558,136,239 L1-dcache-loads                                               (28.00%)
S2       16     20,400,790,805 L1-dcache-load-misses                                         (18.54%)
S2       16    276,795,339,914 L1-dcache-stores                                              (18.05%)
S2       16      2,557,175,174 L1-dcache-store-misses                                        (17.66%)
S2       16     13,120,397,797 L1-dcache-prefetch-misses                                     (17.34%)
S2       16      4,456,396,271 L1-icache-load-misses                                         (17.12%)
S2       16     12,047,474,200 LLC-loads                                                     (17.13%)
S2       16        936,952,842 LLC-stores                                                    (17.13%)
S2       16      1,633,977,915 LLC-prefetches                                                (8.42%)
S2       16    596,760,180,934 dTLB-loads                                                    (12.55%)
S2       16      6,496,251,217 dTLB-load-misses                                              (16.60%)
S2       16    305,324,675,544 dTLB-stores                                                   (16.33%)
S2       16        245,537,097 dTLB-store-misses                                             (16.27%)
S2       16      1,285,953,049 iTLB-loads                                                    (16.31%)
S2       16        489,007,383 iTLB-load-misses                                              (16.72%)
S2       16    260,435,527,401 branch-loads                                                  (16.90%)
S2       16     14,109,611,685 branch-load-misses                                            (16.91%)
S3       16     12,338,254,651 cache-misses                                                  (17.15%)
S3       16  5,528,334,815,115 cycles                    #    0.000 GHz                      (21.64%)
S3       16  3,876,298,778,781 instructions              #    0.00  insns per cycle          (26.10%)
S3       16          2,614,319 cs                                                            (100.00%)
S3       16             57,095 migrations                                                    (100.00%)
S3       16            418,945 faults                                                      
S3       16    296,727,508,949 bus-cycles                                                    (26.26%)
S3       16  4,603,597,406,101 idle-cycles-frontend      #    0.00% frontend cycles idle     (25.86%)
S3       16  3,309,808,001,779 idle-cycles-backend       #    0.00% backend  cycles idle     (26.09%)
S3       16    755,954,512,497 L1-dcache-loads                                               (25.54%)
S3       16     28,666,073,539 L1-dcache-load-misses                                         (17.63%)
S3       16    380,888,812,704 L1-dcache-stores                                              (17.54%)
S3       16      3,074,118,793 L1-dcache-store-misses                                        (17.24%)
S3       16     18,681,607,275 L1-dcache-prefetch-misses                                     (17.22%)
S3       16      4,869,917,805 L1-icache-load-misses                                         (17.38%)
S3       16     15,875,137,877 LLC-loads                                                     (17.33%)
S3       16      1,261,091,824 LLC-stores                                                    (17.48%)
S3       16      2,084,036,453 LLC-prefetches                                                (9.35%)
S3       16    767,956,612,721 dTLB-loads                                                    (13.36%)
S3       16      8,332,930,340 dTLB-load-misses                                              (17.48%)
S3       16    382,577,445,196 dTLB-stores                                                   (18.56%)
S3       16        236,102,054 dTLB-store-misses                                             (17.83%)
S3       16      1,871,073,491 iTLB-loads                                                    (17.73%)
S3       16        529,003,964 iTLB-load-misses                                              (17.05%)
S3       16    329,268,668,401 branch-loads                                                  (16.89%)
S3       16     19,046,724,610 branch-load-misses                                            (16.88%)

     261.709837660 seconds time elapsed

#################################################################
# Test multi-threading - 64 threads - T6
#################################################################
