mkdir: cannot create directory `/scratch/077-hpca4se-bioinf/jlenis/results/SNAP-Localalloc': File exists
> Benchmarks for snap-beta.18: NIST7086_CGTACTAG_L002_R2_001
catwoman
#################################################################
# Warm up - 64 threads - T1
#################################################################
WarmUp.2592980.SNAP-Localalloc.catwoman.t64
Welcome to SNAP version 1.0beta.23.

Loading index from directory... 153s.  3137208264 bases, seed size 20
Aligning.
Total Reads    Aligned, MAPQ >= 10    Aligned, MAPQ < 10     Unaligned              Too Short/Too Many Ns     Reads/s   Time in Aligner (s)
21,535,062     17,333,608 (80.49%)    2,875,797 (13.35%)     576,575 (2.68%)        749,082 (3.48%)           608,885   35


#################################################################
# Test multi-threading - 8 threads - T2
#################################################################
2592980.SNAP-Localalloc.catwoman.t8
Welcome to SNAP version 1.0beta.23.

Loading index from directory... 1309s.  3137208264 bases, seed size 20
Aligning.
Total Reads    Aligned, MAPQ >= 10    Aligned, MAPQ < 10     Unaligned              Too Short/Too Many Ns     Reads/s   Time in Aligner (s)
21,535,062     17,333,608 (80.49%)    2,875,797 (13.35%)     576,575 (2.68%)        749,082 (3.48%)           132,241   163

 Performance counter stats for 'numactl --localalloc --physcpubind=0-7 ./snap-aligner single /tmp/data/indexes/HG_index_snap /tmp/data/datasets/NIST7086_CGTACTAG_L002_R2_001.fastq -t 8 -o /scratch/077-hpca4se-bioinf/jlenis/results/SNAP-Localalloc/2592980.SNAP-Localalloc.catwoman.t8.sam':

S0       16      7,118,727,780 cache-misses                                                  (21.69%)
S0       16  6,278,896,093,386 cycles                    #    0.000 GHz                      (21.94%)
S0       16  4,530,128,545,038 instructions              #   44.34  insns per cycle        
                                             #    0.02  stalled cycles per insn  (27.61%)
S0       16            519,129 cs                                                            (100.00%)
S0       16              4,684 migrations                                                    (100.00%)
S0       16          1,452,278 faults                                                      
S0       16    <not supported> bus-cycles              
S0       16  4,251,991,091,633 idle-cycles-frontend      #  4161.82% frontend cycles idle     (16.86%)
S0       16  2,391,361,354,857 idle-cycles-backend       #  2340.65% backend  cycles idle     (16.94%)
S0       16  2,090,245,348,477 L1-dcache-loads                                               (22.51%)
S0       16     39,261,059,587 L1-dcache-load-misses     #  117.65% of all L1-dcache hits    (28.14%)
S0       16     44,910,757,982 L1-dcache-stores                                              (28.03%)
S0       16    <not supported> L1-dcache-store-misses  
S0       16                  0 L1-dcache-prefetch-misses                                     (28.02%)
S0       16      7,049,993,333 L1-icache-load-misses                                         (27.92%)
S0       16     51,847,490,155 LLC-loads                                                     (11.24%)
S0       16     10,354,784,752 LLC-stores                                                    (11.11%)
S0       16    <not supported> LLC-prefetches          
S0       16  2,104,622,279,551 dTLB-loads                                                    (16.69%)
S0       16        676,834,058 dTLB-load-misses          #    2.01% of all dTLB cache hits   (16.62%)
S0       16    <not supported> dTLB-stores             
S0       16    <not supported> dTLB-store-misses       
S0       16  1,348,607,114,791 iTLB-loads                                                    (16.73%)
S0       16          1,205,919 iTLB-load-misses          #    0.01% of all iTLB cache hits   (10.94%)
S0       16    724,693,895,609 branch-loads                                                  (16.29%)
S0       16     27,084,639,481 branch-load-misses                                            (21.67%)
S1       16        248,758,903 cache-misses                                                  (21.59%)
S1       16     71,257,087,139 cycles                    #    0.000 GHz                      (22.18%)
S1       16     15,575,793,048 instructions              #    0.00  insns per cycle          (27.60%)
S1       16             99,345 cs                                                            (100.00%)
S1       16              3,206 migrations                                                    (100.00%)
S1       16             80,417 faults                                                      
S1       16    <not supported> bus-cycles              
S1       16    549,591,435,909 idle-cycles-frontend      #    0.00% frontend cycles idle     (17.37%)
S1       16     23,354,092,116 idle-cycles-backend       #    0.00% backend  cycles idle     (16.63%)
S1       16      7,580,882,852 L1-dcache-loads                                               (22.21%)
S1       16        346,081,797 L1-dcache-load-misses                                         (27.79%)
S1       16        373,438,630 L1-dcache-stores                                              (27.95%)
S1       16    <not supported> L1-dcache-store-misses  
S1       16                  0 L1-dcache-prefetch-misses                                     (27.91%)
S1       16        231,871,172 L1-icache-load-misses                                         (27.95%)
S1       16        612,568,755 LLC-loads                                                     (11.33%)
S1       16        349,632,367 LLC-stores                                                    (11.23%)
S1       16    <not supported> LLC-prefetches          
S1       16      7,549,450,911 dTLB-loads                                                    (16.86%)
S1       16            343,760 dTLB-load-misses                                              (16.69%)
S1       16    <not supported> dTLB-stores             
S1       16    <not supported> dTLB-store-misses       
S1       16      4,311,421,952 iTLB-loads                                                    (16.26%)
S1       16            255,160 iTLB-load-misses                                              (10.85%)
S1       16      2,800,470,025 branch-loads                                                  (16.39%)
S1       16         48,349,398 branch-load-misses                                            (21.88%)
S2       16        284,028,766 cache-misses                                                  (21.91%)
S2       16     81,331,185,831 cycles                    #    0.000 GHz                      (20.20%)
S2       16     16,658,797,647 instructions              #    0.00  insns per cycle          (27.36%)
S2       16            196,858 cs                                                            (100.00%)
S2       16             10,535 migrations                                                    (100.00%)
S2       16             71,289 faults                                                      
S2       16    <not supported> bus-cycles              
S2       16    665,478,104,445 idle-cycles-frontend      #    0.00% frontend cycles idle     (18.60%)
S2       16     25,806,312,251 idle-cycles-backend       #    0.00% backend  cycles idle     (16.98%)
S2       16      9,172,772,036 L1-dcache-loads                                               (23.72%)
S2       16        377,508,912 L1-dcache-load-misses                                         (27.44%)
S2       16        401,407,612 L1-dcache-stores                                              (27.82%)
S2       16    <not supported> L1-dcache-store-misses  
S2       16                  0 L1-dcache-prefetch-misses                                     (24.93%)
S2       16        280,592,876 L1-icache-load-misses                                         (25.81%)
S2       16        642,728,043 LLC-loads                                                     (13.68%)
S2       16        333,531,821 LLC-stores                                                    (12.58%)
S2       16    <not supported> LLC-prefetches          
S2       16      8,047,750,177 dTLB-loads                                                    (18.57%)
S2       16            208,763 dTLB-load-misses                                              (17.35%)
S2       16    <not supported> dTLB-stores             
S2       16    <not supported> dTLB-store-misses       
S2       16      4,784,971,508 iTLB-loads                                                    (16.79%)
S2       16            191,247 iTLB-load-misses                                              (11.16%)
S2       16      2,968,994,095 branch-loads                                                  (16.56%)
S2       16         45,602,180 branch-load-misses                                            (22.14%)
S3       16      1,000,596,207 cache-misses                                                  (22.13%)
S3       16    107,181,121,642 cycles                    #    0.000 GHz                      (21.37%)
S3       16     47,931,919,995 instructions              #    0.00  insns per cycle          (27.59%)
S3       16            108,586 cs                                                            (100.00%)
S3       16              4,010 migrations                                                    (100.00%)
S3       16             97,083 faults                                                      
S3       16    <not supported> bus-cycles              
S3       16    587,515,004,999 idle-cycles-frontend      #    0.00% frontend cycles idle     (17.39%)
S3       16     33,634,171,879 idle-cycles-backend       #    0.00% backend  cycles idle     (16.78%)
S3       16     28,810,815,390 L1-dcache-loads                                               (22.56%)
S3       16      1,369,830,146 L1-dcache-load-misses                                         (27.29%)
S3       16      1,413,778,963 L1-dcache-stores                                              (27.63%)
S3       16    <not supported> L1-dcache-store-misses  
S3       16                  0 L1-dcache-prefetch-misses                                     (26.44%)
S3       16      1,023,523,187 L1-icache-load-misses                                         (26.93%)
S3       16      2,423,303,494 LLC-loads                                                     (12.40%)
S3       16        342,345,619 LLC-stores                                                    (11.62%)
S3       16    <not supported> LLC-prefetches          
S3       16     29,984,734,454 dTLB-loads                                                    (17.43%)
S3       16          2,282,720 dTLB-load-misses                                              (16.97%)
S3       16    <not supported> dTLB-stores             
S3       16    <not supported> dTLB-store-misses       
S3       16     18,961,503,612 iTLB-loads                                                    (16.71%)
S3       16          1,191,254 iTLB-load-misses                                              (11.26%)
S3       16      9,707,743,837 branch-loads                                                  (17.00%)
S3       16        373,116,523 branch-load-misses                                            (22.44%)

    1472.532634741 seconds time elapsed

#################################################################
# Test multi-threading - 16 threads - T3
#################################################################
2592980.SNAP-Localalloc.catwoman.t16
Welcome to SNAP version 1.0beta.23.

Loading index from directory... 1329s.  3137208264 bases, seed size 20
Aligning.
Total Reads    Aligned, MAPQ >= 10    Aligned, MAPQ < 10     Unaligned              Too Short/Too Many Ns     Reads/s   Time in Aligner (s)
21,535,062     17,333,608 (80.49%)    2,875,797 (13.35%)     576,575 (2.68%)        749,082 (3.48%)           184,334   117

 Performance counter stats for 'numactl --localalloc --physcpubind=0-15 ./snap-aligner single /tmp/data/indexes/HG_index_snap /tmp/data/datasets/NIST7086_CGTACTAG_L002_R2_001.fastq -t 16 -o /scratch/077-hpca4se-bioinf/jlenis/results/SNAP-Localalloc/2592980.SNAP-Localalloc.catwoman.t16.sam':

S0       16      6,153,868,308 cache-misses                                                  (22.17%)
S0       16  6,927,424,440,173 cycles                    #    0.000 GHz                      (22.15%)
S0       16  4,431,623,222,026 instructions              #   39.60  insns per cycle        
                                             #    0.02  stalled cycles per insn  (27.66%)
S0       16            542,828 cs                                                            (100.00%)
S0       16              4,797 migrations                                                    (100.00%)
S0       16          1,451,977 faults                                                      
S0       16    <not supported> bus-cycles              
S0       16  4,287,758,865,332 idle-cycles-frontend      #  3831.88% frontend cycles idle     (16.79%)
S0       16  2,685,341,115,016 idle-cycles-backend       #  2399.83% backend  cycles idle     (16.87%)
S0       16  2,119,228,085,246 L1-dcache-loads                                               (22.33%)
S0       16     43,918,949,573 L1-dcache-load-misses     #  130.03% of all L1-dcache hits    (27.97%)
S0       16     51,307,344,637 L1-dcache-stores                                              (28.02%)
S0       16    <not supported> L1-dcache-store-misses  
S0       16                  0 L1-dcache-prefetch-misses                                     (27.75%)
S0       16      6,224,913,460 L1-icache-load-misses                                         (27.74%)
S0       16     57,834,223,893 LLC-loads                                                     (11.13%)
S0       16     16,083,576,947 LLC-stores                                                    (10.98%)
S0       16    <not supported> LLC-prefetches          
S0       16  2,135,340,558,399 dTLB-loads                                                    (16.60%)
S0       16        578,785,099 dTLB-load-misses          #    1.71% of all dTLB cache hits   (16.67%)
S0       16    <not supported> dTLB-stores             
S0       16    <not supported> dTLB-store-misses       
S0       16  1,381,556,471,542 iTLB-loads                                                    (16.67%)
S0       16          1,548,697 iTLB-load-misses          #    0.01% of all iTLB cache hits   (11.08%)
S0       16    719,050,533,174 branch-loads                                                  (16.62%)
S0       16     26,949,842,499 branch-load-misses                                            (22.00%)
S1       16        159,165,839 cache-misses                                                  (22.05%)
S1       16     53,183,152,837 cycles                    #    0.000 GHz                      (22.04%)
S1       16     10,429,270,545 instructions              #    0.00  insns per cycle          (27.68%)
S1       16             99,273 cs                                                            (100.00%)
S1       16              2,938 migrations                                                    (100.00%)
S1       16             75,218 faults                                                      
S1       16    <not supported> bus-cycles              
S1       16    437,252,443,754 idle-cycles-frontend      #    0.00% frontend cycles idle     (16.58%)
S1       16     16,495,814,691 idle-cycles-backend       #    0.00% backend  cycles idle     (16.72%)
S1       16      5,227,402,523 L1-dcache-loads                                               (22.25%)
S1       16        268,712,569 L1-dcache-load-misses                                         (27.95%)
S1       16        286,059,902 L1-dcache-stores                                              (27.87%)
S1       16    <not supported> L1-dcache-store-misses  
S1       16                  0 L1-dcache-prefetch-misses                                     (28.00%)
S1       16        181,886,595 L1-icache-load-misses                                         (27.97%)
S1       16        413,626,225 LLC-loads                                                     (11.06%)
S1       16        258,847,468 LLC-stores                                                    (11.06%)
S1       16    <not supported> LLC-prefetches          
S1       16      5,065,928,806 dTLB-loads                                                    (16.67%)
S1       16            303,087 dTLB-load-misses                                              (16.71%)
S1       16    <not supported> dTLB-stores             
S1       16    <not supported> dTLB-store-misses       
S1       16      2,869,280,837 iTLB-loads                                                    (16.78%)
S1       16            218,723 iTLB-load-misses                                              (11.03%)
S1       16      1,830,701,510 branch-loads                                                  (16.58%)
S1       16         31,443,954 branch-load-misses                                            (22.06%)
S2       16        265,545,612 cache-misses                                                  (21.00%)
S2       16     70,593,801,630 cycles                    #    0.000 GHz                      (20.77%)
S2       16     14,801,688,525 instructions              #    0.00  insns per cycle          (27.60%)
S2       16            194,651 cs                                                            (100.00%)
S2       16             10,655 migrations                                                    (100.00%)
S2       16             70,946 faults                                                      
S2       16    <not supported> bus-cycles              
S2       16    493,738,461,146 idle-cycles-frontend      #    0.00% frontend cycles idle     (19.34%)
S2       16     17,860,641,972 idle-cycles-backend       #    0.00% backend  cycles idle     (16.51%)
S2       16      7,394,875,902 L1-dcache-loads                                               (22.90%)
S2       16        319,612,915 L1-dcache-load-misses                                         (28.35%)
S2       16        351,924,653 L1-dcache-stores                                              (28.19%)
S2       16    <not supported> L1-dcache-store-misses  
S2       16                  0 L1-dcache-prefetch-misses                                     (24.74%)
S2       16        265,861,590 L1-icache-load-misses                                         (26.11%)
S2       16        599,752,486 LLC-loads                                                     (12.95%)
S2       16        301,763,289 LLC-stores                                                    (13.22%)
S2       16    <not supported> LLC-prefetches          
S2       16      7,334,718,788 dTLB-loads                                                    (18.94%)
S2       16            250,745 dTLB-load-misses                                              (18.33%)
S2       16    <not supported> dTLB-stores             
S2       16    <not supported> dTLB-store-misses       
S2       16      4,285,829,778 iTLB-loads                                                    (16.19%)
S2       16            240,489 iTLB-load-misses                                              (10.85%)
S2       16      2,779,271,418 branch-loads                                                  (16.44%)
S2       16         49,481,202 branch-load-misses                                            (22.06%)
S3       16        947,419,948 cache-misses                                                  (22.47%)
S3       16    110,213,199,461 cycles                    #    0.000 GHz                      (22.18%)
S3       16     51,110,762,628 instructions              #    0.00  insns per cycle          (27.57%)
S3       16            107,138 cs                                                            (100.00%)
S3       16              3,280 migrations                                                    (100.00%)
S3       16             99,625 faults                                                      
S3       16    <not supported> bus-cycles              
S3       16    553,252,487,764 idle-cycles-frontend      #    0.00% frontend cycles idle     (16.33%)
S3       16     31,915,000,333 idle-cycles-backend       #    0.00% backend  cycles idle     (16.38%)
S3       16     29,754,511,034 L1-dcache-loads                                               (21.98%)
S3       16      1,419,046,755 L1-dcache-load-misses                                         (27.48%)
S3       16      1,444,019,081 L1-dcache-stores                                              (27.57%)
S3       16    <not supported> L1-dcache-store-misses  
S3       16                  0 L1-dcache-prefetch-misses                                     (27.56%)
S3       16        980,721,477 L1-icache-load-misses                                         (27.61%)
S3       16      2,188,754,790 LLC-loads                                                     (11.08%)
S3       16        305,432,815 LLC-stores                                                    (11.13%)
S3       16    <not supported> LLC-prefetches          
S3       16     24,118,694,016 dTLB-loads                                                    (16.89%)
S3       16          2,054,217 dTLB-load-misses                                              (16.89%)
S3       16    <not supported> dTLB-stores             
S3       16    <not supported> dTLB-store-misses       
S3       16     16,535,352,241 iTLB-loads                                                    (16.97%)
S3       16          1,366,273 iTLB-load-misses                                              (11.40%)
S3       16      8,931,637,249 branch-loads                                                  (17.07%)
S3       16        338,206,091 branch-load-misses                                            (22.64%)

    1446.628701167 seconds time elapsed

#################################################################
# Test multi-threading - 32 threads - T4 
#################################################################
2592980.SNAP-Localalloc.catwoman.t32
Welcome to SNAP version 1.0beta.23.

Loading index from directory... 889s.  3137208264 bases, seed size 20
Aligning.
Total Reads    Aligned, MAPQ >= 10    Aligned, MAPQ < 10     Unaligned              Too Short/Too Many Ns     Reads/s   Time in Aligner (s)
21,535,062     17,333,608 (80.49%)    2,875,797 (13.35%)     576,575 (2.68%)        749,082 (3.48%)           542,062   40

 Performance counter stats for 'numactl --localalloc --physcpubind=0-31 ./snap-aligner single /tmp/data/indexes/HG_index_snap /tmp/data/datasets/NIST7086_CGTACTAG_L002_R2_001.fastq -t 32 -o /scratch/077-hpca4se-bioinf/jlenis/results/SNAP-Localalloc/2592980.SNAP-Localalloc.catwoman.t32.sam':

S0       16      2,572,139,759 cache-misses                                                  (22.05%)
S0       16  3,472,103,398,055 cycles                    #    0.000 GHz                      (22.51%)
S0       16  2,224,798,563,653 instructions              #   27.68  insns per cycle        
                                             #    0.03  stalled cycles per insn  (28.26%)
S0       16            423,315 cs                                                            (100.00%)
S0       16              2,714 migrations                                                    (100.00%)
S0       16            747,187 faults                                                      
S0       16    <not supported> bus-cycles              
S0       16  2,961,821,914,975 idle-cycles-frontend      #  3685.14% frontend cycles idle     (17.90%)
S0       16  1,620,392,139,289 idle-cycles-backend       #  2016.11% backend  cycles idle     (17.04%)
S0       16    967,371,249,402 L1-dcache-loads                                               (22.60%)
S0       16     24,410,695,812 L1-dcache-load-misses     #  106.53% of all L1-dcache hits    (28.15%)
S0       16     27,553,637,048 L1-dcache-stores                                              (27.80%)
S0       16    <not supported> L1-dcache-store-misses  
S0       16                  0 L1-dcache-prefetch-misses                                     (27.41%)
S0       16      2,640,887,641 L1-icache-load-misses                                         (27.07%)
S0       16     30,740,870,723 LLC-loads                                                     (10.62%)
S0       16      8,569,872,638 LLC-stores                                                    (10.79%)
S0       16    <not supported> LLC-prefetches          
S0       16    990,030,685,898 dTLB-loads                                                    (16.34%)
S0       16        318,031,125 dTLB-load-misses          #    1.36% of all dTLB cache hits   (16.61%)
S0       16    <not supported> dTLB-stores             
S0       16    <not supported> dTLB-store-misses       
S0       16    691,657,386,170 iTLB-loads                                                    (16.60%)
S0       16          1,090,540 iTLB-load-misses          #    0.01% of all iTLB cache hits   (11.41%)
S0       16    355,383,599,720 branch-loads                                                  (16.99%)
S0       16     13,138,476,378 branch-load-misses                                            (22.53%)
S1       16      2,891,614,800 cache-misses                                                  (21.63%)
S1       16  1,491,143,310,975 cycles                    #    0.000 GHz                      (22.11%)
S1       16  1,038,725,080,833 instructions              #    0.00  insns per cycle          (27.58%)
S1       16            105,299 cs                                                            (100.00%)
S1       16              1,561 migrations                                                    (100.00%)
S1       16            753,527 faults                                                      
S1       16    <not supported> bus-cycles              
S1       16    446,313,917,874 idle-cycles-frontend      #    0.00% frontend cycles idle     (17.26%)
S1       16    146,840,584,649 idle-cycles-backend       #    0.00% backend  cycles idle     (16.75%)
S1       16    476,527,457,704 L1-dcache-loads                                               (22.16%)
S1       16      6,640,085,257 L1-dcache-load-misses                                         (27.73%)
S1       16      7,425,074,158 L1-dcache-stores                                              (28.02%)
S1       16    <not supported> L1-dcache-store-misses  
S1       16                  0 L1-dcache-prefetch-misses                                     (28.15%)
S1       16      2,897,140,422 L1-icache-load-misses                                         (28.17%)
S1       16     10,427,571,037 LLC-loads                                                     (11.17%)
S1       16      2,814,845,940 LLC-stores                                                    (10.95%)
S1       16    <not supported> LLC-prefetches          
S1       16    477,793,876,507 dTLB-loads                                                    (16.60%)
S1       16        318,493,744 dTLB-load-misses                                              (16.69%)
S1       16    <not supported> dTLB-stores             
S1       16    <not supported> dTLB-store-misses       
S1       16    409,740,165,523 iTLB-loads                                                    (16.24%)
S1       16          1,272,378 iTLB-load-misses                                              (10.88%)
S1       16    153,467,708,501 branch-loads                                                  (16.35%)
S1       16     12,723,330,721 branch-load-misses                                            (21.85%)
S2       16        187,738,188 cache-misses                                                  (22.53%)
S2       16     94,926,865,938 cycles                    #    0.000 GHz                      (21.88%)
S2       16     11,207,444,884 instructions              #    0.00  insns per cycle          (27.81%)
S2       16            134,916 cs                                                            (100.00%)
S2       16              9,484 migrations                                                    (100.00%)
S2       16             42,209 faults                                                      
S2       16    <not supported> bus-cycles              
S2       16    483,959,850,145 idle-cycles-frontend      #    0.00% frontend cycles idle     (17.77%)
S2       16     18,894,060,443 idle-cycles-backend       #    0.00% backend  cycles idle     (17.76%)
S2       16      5,828,605,002 L1-dcache-loads                                               (23.66%)
S2       16        317,004,680 L1-dcache-load-misses                                         (27.64%)
S2       16        350,134,426 L1-dcache-stores                                              (27.97%)
S2       16    <not supported> L1-dcache-store-misses  
S2       16                  0 L1-dcache-prefetch-misses                                     (25.88%)
S2       16        176,292,508 L1-icache-load-misses                                         (25.91%)
S2       16        537,650,912 LLC-loads                                                     (12.03%)
S2       16        385,108,178 LLC-stores                                                    (12.16%)
S2       16    <not supported> LLC-prefetches          
S2       16      7,450,610,220 dTLB-loads                                                    (17.25%)
S2       16            150,504 dTLB-load-misses                                              (16.84%)
S2       16    <not supported> dTLB-stores             
S2       16    <not supported> dTLB-store-misses       
S2       16      3,759,069,073 iTLB-loads                                                    (16.36%)
S2       16            135,797 iTLB-load-misses                                              (10.89%)
S2       16      2,147,071,629 branch-loads                                                  (16.48%)
S2       16         28,560,362 branch-load-misses                                            (22.10%)
S3       16        631,063,961 cache-misses                                                  (21.51%)
S3       16     85,638,603,541 cycles                    #    0.000 GHz                      (22.00%)
S3       16     29,364,583,538 instructions              #    0.00  insns per cycle          (27.52%)
S3       16             89,238 cs                                                            (100.00%)
S3       16              2,597 migrations                                                    (100.00%)
S3       16             62,374 faults                                                      
S3       16    <not supported> bus-cycles              
S3       16    383,725,360,511 idle-cycles-frontend      #    0.00% frontend cycles idle     (17.33%)
S3       16     19,874,528,972 idle-cycles-backend       #    0.00% backend  cycles idle     (16.67%)
S3       16     16,837,084,917 L1-dcache-loads                                               (21.76%)
S3       16        822,892,083 L1-dcache-load-misses                                         (27.31%)
S3       16        894,825,200 L1-dcache-stores                                              (27.50%)
S3       16    <not supported> L1-dcache-store-misses  
S3       16                  0 L1-dcache-prefetch-misses                                     (27.52%)
S3       16        628,727,360 L1-icache-load-misses                                         (27.49%)
S3       16      1,518,425,821 LLC-loads                                                     (11.19%)
S3       16        214,611,891 LLC-stores                                                    (11.26%)
S3       16    <not supported> LLC-prefetches          
S3       16     17,577,404,836 dTLB-loads                                                    (16.95%)
S3       16          1,357,252 dTLB-load-misses                                              (16.83%)
S3       16    <not supported> dTLB-stores             
S3       16    <not supported> dTLB-store-misses       
S3       16     10,305,971,085 iTLB-loads                                                    (16.84%)
S3       16          1,007,712 iTLB-load-misses                                              (11.37%)
S3       16      5,929,969,961 branch-loads                                                  (16.75%)
S3       16        230,890,929 branch-load-misses                                            (22.24%)

     929.350406569 seconds time elapsed

#################################################################
# Test multi-threading - 48 threads - T5
#################################################################
2592980.SNAP-Localalloc.catwoman.t48
Welcome to SNAP version 1.0beta.23.

Loading index from directory... 395s.  3137208264 bases, seed size 20
Aligning.
Total Reads    Aligned, MAPQ >= 10    Aligned, MAPQ < 10     Unaligned              Too Short/Too Many Ns     Reads/s   Time in Aligner (s)
21,535,062     17,333,608 (80.49%)    2,875,797 (13.35%)     576,575 (2.68%)        749,082 (3.48%)           570,812   38

 Performance counter stats for 'numactl --localalloc --physcpubind=0-47 ./snap-aligner single /tmp/data/indexes/HG_index_snap /tmp/data/datasets/NIST7086_CGTACTAG_L002_R2_001.fastq -t 48 -o /scratch/077-hpca4se-bioinf/jlenis/results/SNAP-Localalloc/2592980.SNAP-Localalloc.catwoman.t48.sam':

S0       16      1,641,210,213 cache-misses                                                  (21.61%)
S0       16  1,366,864,697,986 cycles                    #    0.000 GHz                      (21.61%)
S0       16    771,407,233,221 instructions              #   11.03  insns per cycle        
                                             #    0.05  stalled cycles per insn  (26.99%)
S0       16            210,847 cs                                                            (100.00%)
S0       16              1,535 migrations                                                    (100.00%)
S0       16            505,014 faults                                                      
S0       16    <not supported> bus-cycles              
S0       16    720,552,886,539 idle-cycles-frontend      #  1030.32% frontend cycles idle     (16.39%)
S0       16    271,938,933,223 idle-cycles-backend       #  388.85% backend  cycles idle     (16.42%)
S0       16    351,488,594,241 L1-dcache-loads                                               (22.02%)
S0       16      5,139,668,977 L1-dcache-load-misses     #   28.09% of all L1-dcache hits    (27.59%)
S0       16      6,514,208,886 L1-dcache-stores                                              (27.81%)
S0       16    <not supported> L1-dcache-store-misses  
S0       16                  0 L1-dcache-prefetch-misses                                     (28.10%)
S0       16      1,589,197,963 L1-icache-load-misses                                         (28.23%)
S0       16      8,111,165,411 LLC-loads                                                     (11.17%)
S0       16      3,068,589,744 LLC-stores                                                    (11.23%)
S0       16    <not supported> LLC-prefetches          
S0       16    344,080,037,632 dTLB-loads                                                    (16.91%)
S0       16        206,884,839 dTLB-load-misses          #    1.11% of all dTLB cache hits   (16.98%)
S0       16    <not supported> dTLB-stores             
S0       16    <not supported> dTLB-store-misses       
S0       16    285,927,020,897 iTLB-loads                                                    (16.97%)
S0       16          1,435,921 iTLB-load-misses          #    0.01% of all iTLB cache hits   (11.27%)
S0       16    109,647,881,048 branch-loads                                                  (16.62%)
S0       16      8,582,746,635 branch-load-misses                                            (21.91%)
S1       16      2,746,409,132 cache-misses                                                  (21.97%)
S1       16  1,745,818,193,471 cycles                    #    0.000 GHz                      (22.44%)
S1       16  1,071,702,427,915 instructions              #    0.00  insns per cycle          (28.25%)
S1       16            116,588 cs                                                            (100.00%)
S1       16                681 migrations                                                    (100.00%)
S1       16            491,449 faults                                                      
S1       16    <not supported> bus-cycles              
S1       16    898,295,230,094 idle-cycles-frontend      #    0.00% frontend cycles idle     (17.02%)
S1       16    566,103,971,720 idle-cycles-backend       #    0.00% backend  cycles idle     (16.88%)
S1       16    484,237,828,645 L1-dcache-loads                                               (22.50%)
S1       16      9,276,799,835 L1-dcache-load-misses                                         (28.09%)
S1       16     12,428,825,794 L1-dcache-stores                                              (27.65%)
S1       16    <not supported> L1-dcache-store-misses  
S1       16                  0 L1-dcache-prefetch-misses                                     (27.75%)
S1       16      2,743,204,062 L1-icache-load-misses                                         (27.88%)
S1       16     15,676,289,109 LLC-loads                                                     (10.90%)
S1       16      4,883,747,730 LLC-stores                                                    (11.14%)
S1       16    <not supported> LLC-prefetches          
S1       16    506,682,951,769 dTLB-loads                                                    (16.50%)
S1       16        195,224,566 dTLB-load-misses                                              (16.75%)
S1       16    <not supported> dTLB-stores             
S1       16    <not supported> dTLB-store-misses       
S1       16    365,615,725,384 iTLB-loads                                                    (16.54%)
S1       16          1,540,775 iTLB-load-misses                                              (10.73%)
S1       16    172,167,638,788 branch-loads                                                  (16.08%)
S1       16      8,815,666,588 branch-load-misses                                            (21.82%)
S2       16      1,724,408,142 cache-misses                                                  (21.19%)
S2       16  1,294,276,115,706 cycles                    #    0.000 GHz                      (22.07%)
S2       16    684,436,613,494 instructions              #    0.00  insns per cycle          (28.05%)
S2       16            337,642 cs                                                            (100.00%)
S2       16              3,171 migrations                                                    (100.00%)
S2       16            486,467 faults                                                      
S2       16    <not supported> bus-cycles              
S2       16    625,219,707,844 idle-cycles-frontend      #    0.00% frontend cycles idle     (18.14%)
S2       16    246,497,661,482 idle-cycles-backend       #    0.00% backend  cycles idle     (16.93%)
S2       16    320,549,064,606 L1-dcache-loads                                               (22.96%)
S2       16      4,333,104,820 L1-dcache-load-misses                                         (27.94%)
S2       16      5,469,646,803 L1-dcache-stores                                              (28.12%)
S2       16    <not supported> L1-dcache-store-misses  
S2       16                  0 L1-dcache-prefetch-misses                                     (26.84%)
S2       16      1,744,156,566 L1-icache-load-misses                                         (26.84%)
S2       16      7,265,403,038 LLC-loads                                                     (11.89%)
S2       16      2,617,251,629 LLC-stores                                                    (11.11%)
S2       16    <not supported> LLC-prefetches          
S2       16    330,720,385,000 dTLB-loads                                                    (16.99%)
S2       16        189,288,628 dTLB-load-misses                                              (17.09%)
S2       16    <not supported> dTLB-stores             
S2       16    <not supported> dTLB-store-misses       
S2       16    270,206,986,369 iTLB-loads                                                    (16.89%)
S2       16          1,544,730 iTLB-load-misses                                              (11.01%)
S2       16    101,627,822,004 branch-loads                                                  (16.40%)
S2       16      8,384,408,489 branch-load-misses                                            (21.85%)
S3       16        362,034,499 cache-misses                                                  (21.50%)
S3       16     68,859,144,575 cycles                    #    0.000 GHz                      (22.22%)
S3       16     20,859,823,516 instructions              #    0.00  insns per cycle          (27.83%)
S3       16             66,018 cs                                                            (100.00%)
S3       16              2,143 migrations                                                    (100.00%)
S3       16             27,493 faults                                                      
S3       16    <not supported> bus-cycles              
S3       16    383,533,646,036 idle-cycles-frontend      #    0.00% frontend cycles idle     (17.47%)
S3       16     22,570,379,270 idle-cycles-backend       #    0.00% backend  cycles idle     (16.51%)
S3       16     14,637,736,268 L1-dcache-loads                                               (22.10%)
S3       16        690,123,077 L1-dcache-load-misses                                         (27.59%)
S3       16        672,836,656 L1-dcache-stores                                              (27.71%)
S3       16    <not supported> L1-dcache-store-misses  
S3       16                  0 L1-dcache-prefetch-misses                                     (28.18%)
S3       16        333,768,455 L1-icache-load-misses                                         (28.06%)
S3       16        746,971,334 LLC-loads                                                     (11.26%)
S3       16        187,981,246 LLC-stores                                                    (11.33%)
S3       16    <not supported> LLC-prefetches          
S3       16      8,935,964,736 dTLB-loads                                                    (16.80%)
S3       16            679,794 dTLB-load-misses                                              (16.51%)
S3       16    <not supported> dTLB-stores             
S3       16    <not supported> dTLB-store-misses       
S3       16      5,686,279,831 iTLB-loads                                                    (15.91%)
S3       16            573,212 iTLB-load-misses                                              (11.06%)
S3       16      3,392,825,202 branch-loads                                                  (16.54%)
S3       16        120,093,339 branch-load-misses                                            (21.73%)

     433.638487624 seconds time elapsed

#################################################################
# Test multi-threading - 64 threads - T6
#################################################################
2592980.SNAP-Localalloc.catwoman.t64
Welcome to SNAP version 1.0beta.23.

Loading index from directory... 260s.  3137208264 bases, seed size 20
Aligning.
Total Reads    Aligned, MAPQ >= 10    Aligned, MAPQ < 10     Unaligned              Too Short/Too Many Ns     Reads/s   Time in Aligner (s)
21,535,062     17,333,608 (80.49%)    2,875,797 (13.35%)     576,575 (2.68%)        749,082 (3.48%)           600,113   36

 Performance counter stats for 'numactl --localalloc --physcpubind=0-63 ./snap-aligner single /tmp/data/indexes/HG_index_snap /tmp/data/datasets/NIST7086_CGTACTAG_L002_R2_001.fastq -t 64 -o /scratch/077-hpca4se-bioinf/jlenis/results/SNAP-Localalloc/2592980.SNAP-Localalloc.catwoman.t64.sam':

S0       16      1,288,162,021 cache-misses                                                  (22.50%)
S0       16  1,162,841,680,533 cycles                    #    0.000 GHz                      (23.12%)
S0       16    535,232,292,581 instructions              #    6.68  insns per cycle        
                                             #    0.05  stalled cycles per insn  (28.54%)
S0       16            204,480 cs                                                            (100.00%)
S0       16              1,270 migrations                                                    (100.00%)
S0       16            379,731 faults                                                      
S0       16    <not supported> bus-cycles              
S0       16    477,031,372,981 idle-cycles-frontend      #  595.70% frontend cycles idle     (16.97%)
S0       16    291,346,502,936 idle-cycles-backend       #  363.82% backend  cycles idle     (16.70%)
S0       16    252,323,350,146 L1-dcache-loads                                               (22.31%)
S0       16      3,543,413,410 L1-dcache-load-misses     #   20.55% of all L1-dcache hits    (27.53%)
S0       16      4,279,706,316 L1-dcache-stores                                              (27.96%)
S0       16    <not supported> L1-dcache-store-misses  
S0       16                  0 L1-dcache-prefetch-misses                                     (27.69%)
S0       16      1,320,517,096 L1-icache-load-misses                                         (27.44%)
S0       16      5,617,704,939 LLC-loads                                                     (11.17%)
S0       16      1,972,360,264 LLC-stores                                                    (11.23%)
S0       16    <not supported> LLC-prefetches          
S0       16    256,369,100,561 dTLB-loads                                                    (16.70%)
S0       16        144,398,476 dTLB-load-misses          #    0.84% of all dTLB cache hits   (16.68%)
S0       16    <not supported> dTLB-stores             
S0       16    <not supported> dTLB-store-misses       
S0       16    221,129,216,382 iTLB-loads                                                    (16.15%)
S0       16          1,878,428 iTLB-load-misses          #    0.01% of all iTLB cache hits   (10.35%)
S0       16     82,317,031,467 branch-loads                                                  (15.99%)
S0       16      6,502,260,760 branch-load-misses                                            (21.65%)
S1       16      1,215,318,654 cache-misses                                                  (21.17%)
S1       16  1,217,133,841,139 cycles                    #    0.000 GHz                      (21.12%)
S1       16    552,071,549,814 instructions              #    0.00  insns per cycle          (26.53%)
S1       16             53,492 cs                                                            (100.00%)
S1       16                361 migrations                                                    (100.00%)
S1       16            384,314 faults                                                      
S1       16    <not supported> bus-cycles              
S1       16    257,838,751,613 idle-cycles-frontend      #    0.00% frontend cycles idle     (15.87%)
S1       16    261,873,016,010 idle-cycles-backend       #    0.00% backend  cycles idle     (16.47%)
S1       16    244,275,435,656 L1-dcache-loads                                               (22.23%)
S1       16      3,141,359,726 L1-dcache-load-misses                                         (28.07%)
S1       16      3,467,018,022 L1-dcache-stores                                              (28.22%)
S1       16    <not supported> L1-dcache-store-misses  
S1       16                  0 L1-dcache-prefetch-misses                                     (28.54%)
S1       16      1,122,103,409 L1-icache-load-misses                                         (28.54%)
S1       16      4,498,043,173 LLC-loads                                                     (11.50%)
S1       16      1,205,230,315 LLC-stores                                                    (11.63%)
S1       16    <not supported> LLC-prefetches          
S1       16    236,143,674,079 dTLB-loads                                                    (17.34%)
S1       16        157,566,461 dTLB-load-misses                                              (17.18%)
S1       16    <not supported> dTLB-stores             
S1       16    <not supported> dTLB-store-misses       
S1       16    205,485,478,349 iTLB-loads                                                    (17.11%)
S1       16          1,695,217 iTLB-load-misses                                              (10.88%)
S1       16     78,703,437,010 branch-loads                                                  (16.08%)
S1       16      6,661,583,554 branch-load-misses                                            (21.50%)
S2       16      1,352,494,501 cache-misses                                                  (22.71%)
S2       16  1,585,687,050,557 cycles                    #    0.000 GHz                      (21.47%)
S2       16    750,418,542,691 instructions              #    0.00  insns per cycle          (27.13%)
S2       16            253,874 cs                                                            (100.00%)
S2       16              3,671 migrations                                                    (100.00%)
S2       16            364,210 faults                                                      
S2       16    <not supported> bus-cycles              
S2       16    809,430,770,118 idle-cycles-frontend      #    0.00% frontend cycles idle     (17.65%)
S2       16    566,348,289,050 idle-cycles-backend       #    0.00% backend  cycles idle     (17.41%)
S2       16    350,397,071,463 L1-dcache-loads                                               (21.59%)
S2       16      6,468,100,183 L1-dcache-load-misses                                         (27.22%)
S2       16      8,357,661,365 L1-dcache-stores                                              (27.75%)
S2       16    <not supported> L1-dcache-store-misses  
S2       16                  0 L1-dcache-prefetch-misses                                     (25.48%)
S2       16      1,439,651,516 L1-icache-load-misses                                         (25.41%)
S2       16     10,916,920,065 LLC-loads                                                     (11.74%)
S2       16      4,485,613,966 LLC-stores                                                    (12.12%)
S2       16    <not supported> LLC-prefetches          
S2       16    333,409,389,684 dTLB-loads                                                    (17.31%)
S2       16        157,140,023 dTLB-load-misses                                              (17.30%)
S2       16    <not supported> dTLB-stores             
S2       16    <not supported> dTLB-store-misses       
S2       16    244,450,886,908 iTLB-loads                                                    (16.82%)
S2       16          1,621,006 iTLB-load-misses                                              (11.49%)
S2       16    109,348,615,195 branch-loads                                                  (16.89%)
S2       16      6,043,725,523 branch-load-misses                                            (22.57%)
S3       16      2,025,023,485 cache-misses                                                  (22.08%)
S3       16  1,159,431,347,812 cycles                    #    0.000 GHz                      (22.84%)
S3       16    539,616,923,955 instructions              #    0.00  insns per cycle          (28.24%)
S3       16             87,541 cs                                                            (100.00%)
S3       16              1,179 migrations                                                    (100.00%)
S3       16            389,846 faults                                                      
S3       16    <not supported> bus-cycles              
S3       16    306,263,245,100 idle-cycles-frontend      #    0.00% frontend cycles idle     (17.79%)
S3       16    257,745,338,308 idle-cycles-backend       #    0.00% backend  cycles idle     (16.96%)
S3       16    256,769,060,674 L1-dcache-loads                                               (22.46%)
S3       16      4,035,044,865 L1-dcache-load-misses                                         (27.99%)
S3       16      4,599,729,491 L1-dcache-stores                                              (28.14%)
S3       16    <not supported> L1-dcache-store-misses  
S3       16                  0 L1-dcache-prefetch-misses                                     (27.66%)
S3       16      2,172,120,088 L1-icache-load-misses                                         (27.37%)
S3       16      6,999,794,149 LLC-loads                                                     (10.84%)
S3       16      1,695,560,298 LLC-stores                                                    (10.70%)
S3       16    <not supported> LLC-prefetches          
S3       16    267,857,013,093 dTLB-loads                                                    (16.26%)
S3       16        163,517,199 dTLB-load-misses                                              (16.25%)
S3       16    <not supported> dTLB-stores             
S3       16    <not supported> dTLB-store-misses       
S3       16    224,149,145,599 iTLB-loads                                                    (16.31%)
S3       16          1,919,496 iTLB-load-misses                                              (11.20%)
S3       16     81,295,838,134 branch-loads                                                  (16.51%)
S3       16      6,512,933,285 branch-load-misses                                            (22.02%)

     296.558285177 seconds time elapsed

#################################################################
#################################################################
