mkdir: cannot create directory `/scratch/077-hpca4se-bioinf/jlenis/results/SNAP-Interleave': File exists
> Benchmarks for snap-beta.18: gcat_set_039_1
penguin
#################################################################
# Warm up - 64 threads - T1
#################################################################
WarmUp.2595635.SNAP-Interleave.penguin.t64
Welcome to SNAP version 1.0beta.23.

Loading index from directory... 167s.  3137208264 bases, seed size 20
Aligning.
Total Reads    Aligned, MAPQ >= 10    Aligned, MAPQ < 10     Unaligned              Too Short/Too Many Ns     Reads/s   Time in Aligner (s)
11,945,249     11,307,498 (94.66%)    476,673 (3.99%)        161,078 (1.35%)        0 (0.00%)                 178,093   67


#################################################################
# Test multi-threading - 8 threads - T2
#################################################################
2595635.SNAP-Interleave.penguin.t8
Welcome to SNAP version 1.0beta.23.

Loading index from directory... 1063s.  3137208264 bases, seed size 20
Aligning.
Total Reads    Aligned, MAPQ >= 10    Aligned, MAPQ < 10     Unaligned              Too Short/Too Many Ns     Reads/s   Time in Aligner (s)
11,945,249     11,307,498 (94.66%)    476,673 (3.99%)        161,078 (1.35%)        0 (0.00%)                 39,537    302

 Performance counter stats for 'numactl --interleave=0 --physcpubind=0,4,8,12,16,20,24,28 ./snap-aligner single /tmp/data/indexes/HG_index_snap /tmp/data/datasets/gcat_set_039_1.fastq -t 8 -o /scratch/077-hpca4se-bioinf/jlenis/results/SNAP-Interleave/2595635.SNAP-Interleave.penguin.t8.sam':

S0       16         4939857503 cache-misses                                                  (17.26%)
S0       16      4070445557390 cycles                    #    0.000 GHz                      (21.75%)
S0       16      4677321849743 instructions              #   33.50  insns per cycle        
                                             #    0.04  stalled cycles per insn  (26.09%)
S0       16             312897 cs                                                            (100.00%)
S0       16               1460 migrations                                                    (100.00%)
S0       16             241704 faults                                                      
S0       16       159628104854 bus-cycles                                                    (26.16%)
S0       16      6060655823442 idle-cycles-frontend      #  4340.92% frontend cycles idle     (26.18%)
S0       16      5323824027707 idle-cycles-backend       #  3813.17% backend  cycles idle     (26.16%)
S0       16      1196181380075 L1-dcache-loads                                               (26.33%)
S0       16        30887249931 L1-dcache-load-misses     #   73.00% of all L1-dcache hits    (17.24%)
S0       16       588565688712 L1-dcache-stores                                              (17.27%)
S0       16        11242512409 L1-dcache-store-misses                                        (17.25%)
S0       16        15360402330 L1-dcache-prefetch-misses                                     (17.17%)
S0       16         1859341251 L1-icache-load-misses                                         (17.40%)
S0       16        17451430165 LLC-loads                                                     (17.51%)
S0       16         2209751493 LLC-stores                                                    (17.44%)
S0       16         6687199726 LLC-prefetches                                                (8.58%)
S0       16      1206937190943 dTLB-loads                                                    (12.92%)
S0       16        10653425714 dTLB-load-misses          #   25.18% of all dTLB cache hits   (17.33%)
S0       16       584287024423 dTLB-stores                                                   (17.40%)
S0       16          178833595 dTLB-store-misses                                             (17.59%)
S0       16           13047319 iTLB-loads                                                    (17.49%)
S0       16            5066143 iTLB-load-misses          #  337.88% of all iTLB cache hits   (17.42%)
S0       16       717584543236 branch-loads                                                  (17.33%)
S0       16        19950978977 branch-load-misses                                            (17.29%)
S1       16         2431235753 cache-misses                                                  (17.26%)
S1       16      1573211630965 cycles                    #    0.000 GHz                      (21.69%)
S1       16      1688764718767 instructions              #    0.00  insns per cycle          (26.09%)
S1       16              90398 cs                                                            (100.00%)
S1       16               3805 migrations                                                    (100.00%)
S1       16             276539 faults                                                      
S1       16        61636892096 bus-cycles                                                    (25.94%)
S1       16      2356684667576 idle-cycles-frontend      #    0.00% frontend cycles idle     (25.96%)
S1       16      2158486197175 idle-cycles-backend       #    0.00% backend  cycles idle     (25.94%)
S1       16       514858419436 L1-dcache-loads                                               (25.42%)
S1       16         9791833122 L1-dcache-load-misses                                         (17.58%)
S1       16       120646437604 L1-dcache-stores                                              (17.97%)
S1       16         5055919568 L1-dcache-store-misses                                        (17.59%)
S1       16         4362195439 L1-dcache-prefetch-misses                                     (17.63%)
S1       16         1164829888 L1-icache-load-misses                                         (17.57%)
S1       16         5078624724 LLC-loads                                                     (17.86%)
S1       16          868587039 LLC-stores                                                    (17.46%)
S1       16         3425591296 LLC-prefetches                                                (9.55%)
S1       16       506479824899 dTLB-loads                                                    (13.28%)
S1       16          824949596 dTLB-load-misses                                              (17.29%)
S1       16       121124157559 dTLB-stores                                                   (17.38%)
S1       16           22234550 dTLB-store-misses                                             (17.00%)
S1       16           11831969 iTLB-loads                                                    (16.93%)
S1       16            6306730 iTLB-load-misses                                              (16.91%)
S1       16       224165853007 branch-loads                                                  (18.00%)
S1       16        18780281065 branch-load-misses                                            (17.23%)
S2       16         2309732199 cache-misses                                                  (17.52%)
S2       16      1531322778988 cycles                    #    0.000 GHz                      (21.88%)
S2       16      1621133635445 instructions              #    0.00  insns per cycle          (26.23%)
S2       16             165317 cs                                                            (100.00%)
S2       16               3407 migrations                                                    (100.00%)
S2       16             270398 faults                                                      
S2       16        60988011169 bus-cycles                                                    (26.08%)
S2       16      2384678726939 idle-cycles-frontend      #    0.00% frontend cycles idle     (25.94%)
S2       16      2187735642066 idle-cycles-backend       #    0.00% backend  cycles idle     (25.95%)
S2       16       486120412830 L1-dcache-loads                                               (25.98%)
S2       16         9171265671 L1-dcache-load-misses                                         (17.44%)
S2       16       119853437869 L1-dcache-stores                                              (17.40%)
S2       16         5047760019 L1-dcache-store-misses                                        (17.28%)
S2       16         4244912713 L1-dcache-prefetch-misses                                     (17.08%)
S2       16         1246554340 L1-icache-load-misses                                         (17.06%)
S2       16         5189627001 LLC-loads                                                     (17.05%)
S2       16          856956273 LLC-stores                                                    (16.91%)
S2       16         3240291559 LLC-prefetches                                                (8.72%)
S2       16       487899855328 dTLB-loads                                                    (12.99%)
S2       16          778485031 dTLB-load-misses                                              (17.35%)
S2       16       119703646550 dTLB-stores                                                   (17.71%)
S2       16           17293770 dTLB-store-misses                                             (17.86%)
S2       16           14008197 iTLB-loads                                                    (18.16%)
S2       16            7285220 iTLB-load-misses                                              (17.87%)
S2       16       214662514806 branch-loads                                                  (17.74%)
S2       16        17829780995 branch-load-misses                                            (17.66%)
S3       16         2582754133 cache-misses                                                  (17.11%)
S3       16      1760502429738 cycles                    #    0.000 GHz                      (21.37%)
S3       16      1815536125796 instructions              #    0.00  insns per cycle          (25.72%)
S3       16             112298 cs                                                            (100.00%)
S3       16               4060 migrations                                                    (100.00%)
S3       16             287660 faults                                                      
S3       16        70245723208 bus-cycles                                                    (25.86%)
S3       16      2611849047874 idle-cycles-frontend      #    0.00% frontend cycles idle     (25.97%)
S3       16      2347337709393 idle-cycles-backend       #    0.00% backend  cycles idle     (26.25%)
S3       16       510771613881 L1-dcache-loads                                               (26.33%)
S3       16         9560699369 L1-dcache-load-misses                                         (17.76%)
S3       16       116226085622 L1-dcache-stores                                              (17.66%)
S3       16         4803915126 L1-dcache-store-misses                                        (17.62%)
S3       16         4157662438 L1-dcache-prefetch-misses                                     (17.79%)
S3       16         1827968848 L1-icache-load-misses                                         (17.73%)
S3       16         5259629376 LLC-loads                                                     (17.93%)
S3       16          866758948 LLC-stores                                                    (17.85%)
S3       16         3405215870 LLC-prefetches                                                (9.02%)
S3       16       506483551817 dTLB-loads                                                    (13.30%)
S3       16          820837069 dTLB-load-misses                                              (17.24%)
S3       16       120880899017 dTLB-stores                                                   (17.09%)
S3       16           27713144 dTLB-store-misses                                             (16.91%)
S3       16           57072340 iTLB-loads                                                    (16.88%)
S3       16           20103362 iTLB-load-misses                                              (16.94%)
S3       16       233821452714 branch-loads                                                  (17.00%)
S3       16        19972440840 branch-load-misses                                            (16.98%)

    1365.667540631 seconds time elapsed

#################################################################
# Test multi-threading - 16 threads - T3
#################################################################
2595635.SNAP-Interleave.penguin.t16
Welcome to SNAP version 1.0beta.23.

Loading index from directory... 112s.  3137208264 bases, seed size 20
Aligning.
Total Reads    Aligned, MAPQ >= 10    Aligned, MAPQ < 10     Unaligned              Too Short/Too Many Ns     Reads/s   Time in Aligner (s)
11,945,249     11,307,498 (94.66%)    476,673 (3.99%)        161,078 (1.35%)        0 (0.00%)                 75,513    158

 Performance counter stats for 'numactl --interleave=0,1 --physcpubind=0,4,8,12,16,20,24,28,1,5,9,13,17,21,25,29 ./snap-aligner single /tmp/data/indexes/HG_index_snap /tmp/data/datasets/gcat_set_039_1.fastq -t 16 -o /scratch/077-hpca4se-bioinf/jlenis/results/SNAP-Interleave/2595635.SNAP-Interleave.penguin.t16.sam':

S0       16         2768726429 cache-misses                                                  (16.86%)
S0       16      1601700877383 cycles                    #    0.000 GHz                      (21.61%)
S0       16      1753947696657 instructions              #   17.29  insns per cycle        
                                             #    0.08  stalled cycles per insn  (25.84%)
S0       16              81411 cs                                                            (100.00%)
S0       16                217 migrations                                                    (100.00%)
S0       16             216531 faults                                                      
S0       16        64255778533 bus-cycles                                                    (26.16%)
S0       16      2268760098162 idle-cycles-frontend      #  2236.44% frontend cycles idle     (26.45%)
S0       16      2096060267361 idle-cycles-backend       #  2066.20% backend  cycles idle     (27.54%)
S0       16       485544666726 L1-dcache-loads                                               (27.60%)
S0       16         9333432458 L1-dcache-load-misses     #   30.43% of all L1-dcache hits    (18.39%)
S0       16       120263816428 L1-dcache-stores                                              (18.77%)
S0       16         5173612213 L1-dcache-store-misses                                        (18.17%)
S0       16         4267855566 L1-dcache-prefetch-misses                                     (17.92%)
S0       16         1353461040 L1-icache-load-misses                                         (17.92%)
S0       16         5129183036 LLC-loads                                                     (17.13%)
S0       16         1039656064 LLC-stores                                                    (17.11%)
S0       16         3486622624 LLC-prefetches                                                (8.73%)
S0       16       500308706001 dTLB-loads                                                    (12.69%)
S0       16         1091602380 dTLB-load-misses          #    3.46% of all dTLB cache hits   (16.61%)
S0       16       128655753394 dTLB-stores                                                   (16.35%)
S0       16           44099978 dTLB-store-misses                                             (16.37%)
S0       16           10965423 iTLB-loads                                                    (16.54%)
S0       16            3875153 iTLB-load-misses          #  300.27% of all iTLB cache hits   (16.84%)
S0       16       234535872479 branch-loads                                                  (16.77%)
S0       16        19422432008 branch-load-misses                                            (16.64%)
S1       16         3105757219 cache-misses                                                  (17.50%)
S1       16      1607946396594 cycles                    #    0.000 GHz                      (21.73%)
S1       16      1679769261696 instructions              #    0.00  insns per cycle          (25.96%)
S1       16             217285 cs                                                            (100.00%)
S1       16                206 migrations                                                    (100.00%)
S1       16             223184 faults                                                      
S1       16        68848357174 bus-cycles                                                    (25.05%)
S1       16      2396483794531 idle-cycles-frontend      #    0.00% frontend cycles idle     (25.52%)
S1       16      2169319195349 idle-cycles-backend       #    0.00% backend  cycles idle     (25.41%)
S1       16       509764314287 L1-dcache-loads                                               (25.16%)
S1       16        10944577165 L1-dcache-load-misses                                         (19.84%)
S1       16       126685552112 L1-dcache-stores                                              (17.80%)
S1       16         5958470887 L1-dcache-store-misses                                        (18.27%)
S1       16         5221800190 L1-dcache-prefetch-misses                                     (17.00%)
S1       16         1220796684 L1-icache-load-misses                                         (17.95%)
S1       16         6463293419 LLC-loads                                                     (17.29%)
S1       16         1891554532 LLC-stores                                                    (17.39%)
S1       16         3700279252 LLC-prefetches                                                (11.23%)
S1       16       505599466571 dTLB-loads                                                    (14.80%)
S1       16          976816689 dTLB-load-misses                                              (17.43%)
S1       16       126279664114 dTLB-stores                                                   (16.67%)
S1       16           27069041 dTLB-store-misses                                             (17.32%)
S1       16           16584952 iTLB-loads                                                    (17.08%)
S1       16            6794734 iTLB-load-misses                                              (17.30%)
S1       16       224012505614 branch-loads                                                  (16.55%)
S1       16        18321121920 branch-load-misses                                            (16.79%)
S2       16         2503221177 cache-misses                                                  (16.42%)
S2       16      1586245573046 cycles                    #    0.000 GHz                      (20.86%)
S2       16      1665396271850 instructions              #    0.00  insns per cycle          (25.16%)
S2       16              55667 cs                                                            (100.00%)
S2       16                566 migrations                                                    (100.00%)
S2       16             210713 faults                                                      
S2       16        63588137746 bus-cycles                                                    (24.57%)
S2       16      2110273035952 idle-cycles-frontend      #    0.00% frontend cycles idle     (24.81%)
S2       16      1968925679567 idle-cycles-backend       #    0.00% backend  cycles idle     (25.03%)
S2       16       482456924852 L1-dcache-loads                                               (25.34%)
S2       16         8879513490 L1-dcache-load-misses                                         (19.33%)
S2       16       117139584987 L1-dcache-stores                                              (18.51%)
S2       16         4754828119 L1-dcache-store-misses                                        (19.31%)
S2       16         4166058769 L1-dcache-prefetch-misses                                     (18.30%)
S2       16          986127427 L1-icache-load-misses                                         (17.63%)
S2       16         5002909659 LLC-loads                                                     (17.61%)
S2       16          870043121 LLC-stores                                                    (17.25%)
S2       16         3317550587 LLC-prefetches                                                (9.06%)
S2       16       497897254085 dTLB-loads                                                    (13.66%)
S2       16          697139809 dTLB-load-misses                                              (17.34%)
S2       16       120454499594 dTLB-stores                                                   (17.00%)
S2       16            9462702 dTLB-store-misses                                             (17.60%)
S2       16           10456842 iTLB-loads                                                    (17.87%)
S2       16            3919475 iTLB-load-misses                                              (17.19%)
S2       16       224092703726 branch-loads                                                  (17.00%)
S2       16        18576701027 branch-load-misses                                            (16.37%)
S3       16         2612085829 cache-misses                                                  (16.73%)
S3       16      1696597132332 cycles                    #    0.000 GHz                      (21.10%)
S3       16      1755617874986 instructions              #    0.00  insns per cycle          (25.64%)
S3       16              34703 cs                                                            (100.00%)
S3       16                380 migrations                                                    (100.00%)
S3       16             217681 faults                                                      
S3       16        66181430745 bus-cycles                                                    (25.59%)
S3       16      2256852558460 idle-cycles-frontend      #    0.00% frontend cycles idle     (26.25%)
S3       16      2068506690964 idle-cycles-backend       #    0.00% backend  cycles idle     (26.71%)
S3       16       485487353441 L1-dcache-loads                                               (27.13%)
S3       16         8951839001 L1-dcache-load-misses                                         (18.73%)
S3       16       110958021204 L1-dcache-stores                                              (18.54%)
S3       16         4706220965 L1-dcache-store-misses                                        (18.38%)
S3       16         4086959435 L1-dcache-prefetch-misses                                     (17.88%)
S3       16         1060242488 L1-icache-load-misses                                         (17.63%)
S3       16         5143563275 LLC-loads                                                     (17.62%)
S3       16          885148579 LLC-stores                                                    (17.46%)
S3       16         3419717511 LLC-prefetches                                                (8.43%)
S3       16       517013022449 dTLB-loads                                                    (12.38%)
S3       16          717640959 dTLB-load-misses                                              (16.44%)
S3       16       119685605866 dTLB-stores                                                   (16.54%)
S3       16           15090090 dTLB-store-misses                                             (16.65%)
S3       16           44588301 iTLB-loads                                                    (16.95%)
S3       16           11771486 iTLB-load-misses                                              (17.18%)
S3       16       230151752863 branch-loads                                                  (16.81%)
S3       16        19239338628 branch-load-misses                                            (16.67%)

     270.782361416 seconds time elapsed

#################################################################
# Test multi-threading - 32 threads - T4 
#################################################################
2595635.SNAP-Interleave.penguin.t32
Welcome to SNAP version 1.0beta.23.

Loading index from directory... 50s.  3137208264 bases, seed size 20
Aligning.
Total Reads    Aligned, MAPQ >= 10    Aligned, MAPQ < 10     Unaligned              Too Short/Too Many Ns     Reads/s   Time in Aligner (s)
11,945,249     11,307,498 (94.66%)    476,673 (3.99%)        161,078 (1.35%)        0 (0.00%)                 133,007   90

 Performance counter stats for 'numactl --interleave=0,1 --physcpubind=0,4,8,12,16,20,24,28,32,36,40,44,48,52,56,60,1,5,9,13,17,21,25,29,33,37,41,45,49,53,57,61 ./snap-aligner single /tmp/data/indexes/HG_index_snap /tmp/data/datasets/gcat_set_039_1.fastq -t 32 -o /scratch/077-hpca4se-bioinf/jlenis/results/SNAP-Interleave/2595635.SNAP-Interleave.penguin.t32.sam':

S0       16         3726942584 cache-misses                                                  (16.25%)
S0       16      1731654383627 cycles                    #    0.000 GHz                      (20.91%)
S0       16      1746056959179 instructions              #   16.90  insns per cycle        
                                             #    0.08  stalled cycles per insn  (25.30%)
S0       16             119357 cs                                                            (100.00%)
S0       16                149 migrations                                                    (100.00%)
S0       16             225303 faults                                                      
S0       16        74349606640 bus-cycles                                                    (25.93%)
S0       16      2457362064409 idle-cycles-frontend      #  2379.01% frontend cycles idle     (24.89%)
S0       16      2274392719088 idle-cycles-backend       #  2201.87% backend  cycles idle     (24.95%)
S0       16       490626724252 L1-dcache-loads                                               (25.93%)
S0       16        11127915256 L1-dcache-load-misses     #   37.16% of all L1-dcache hits    (18.59%)
S0       16       127184040317 L1-dcache-stores                                              (17.90%)
S0       16         6085035809 L1-dcache-store-misses                                        (18.51%)
S0       16         4986231510 L1-dcache-prefetch-misses                                     (17.40%)
S0       16         1692767959 L1-icache-load-misses                                         (18.71%)
S0       16         6163609027 LLC-loads                                                     (17.00%)
S0       16         2063987708 LLC-stores                                                    (17.38%)
S0       16         3581136552 LLC-prefetches                                                (9.66%)
S0       16       507580685192 dTLB-loads                                                    (13.99%)
S0       16         1588389375 dTLB-load-misses          #    4.94% of all dTLB cache hits   (17.96%)
S0       16       136945014248 dTLB-stores                                                   (18.78%)
S0       16          100689027 dTLB-store-misses                                             (17.61%)
S0       16           17899792 iTLB-loads                                                    (17.17%)
S0       16            5135713 iTLB-load-misses          #  504.10% of all iTLB cache hits   (16.73%)
S0       16       245648150669 branch-loads                                                  (16.82%)
S0       16        19646552250 branch-load-misses                                            (16.61%)
S1       16         2958127983 cache-misses                                                  (16.56%)
S1       16      1639758874646 cycles                    #    0.000 GHz                      (21.10%)
S1       16      1721040831825 instructions              #    0.00  insns per cycle          (24.97%)
S1       16              30181 cs                                                            (100.00%)
S1       16                187 migrations                                                    (100.00%)
S1       16             212441 faults                                                      
S1       16        70693859946 bus-cycles                                                    (25.76%)
S1       16      2341220655814 idle-cycles-frontend      #    0.00% frontend cycles idle     (25.13%)
S1       16      2105600424834 idle-cycles-backend       #    0.00% backend  cycles idle     (25.42%)
S1       16       482637065490 L1-dcache-loads                                               (25.92%)
S1       16         8749072514 L1-dcache-load-misses                                         (18.66%)
S1       16       111220572907 L1-dcache-stores                                              (18.34%)
S1       16         4742491704 L1-dcache-store-misses                                        (18.15%)
S1       16         4094444046 L1-dcache-prefetch-misses                                     (18.00%)
S1       16         1022414527 L1-icache-load-misses                                         (18.62%)
S1       16         5270493588 LLC-loads                                                     (17.41%)
S1       16          928047103 LLC-stores                                                    (17.49%)
S1       16         3330259930 LLC-prefetches                                                (10.74%)
S1       16       536209180795 dTLB-loads                                                    (13.46%)
S1       16          819308569 dTLB-load-misses                                              (17.29%)
S1       16       125142208891 dTLB-stores                                                   (17.42%)
S1       16           26689465 dTLB-store-misses                                             (17.10%)
S1       16           17068883 iTLB-loads                                                    (17.19%)
S1       16            7679289 iTLB-load-misses                                              (16.88%)
S1       16       239446367697 branch-loads                                                  (16.56%)
S1       16        20102725882 branch-load-misses                                            (16.46%)
S2       16         2841416201 cache-misses                                                  (17.10%)
S2       16      1597776393233 cycles                    #    0.000 GHz                      (22.05%)
S2       16      1674474717885 instructions              #    0.00  insns per cycle          (26.57%)
S2       16              46472 cs                                                            (100.00%)
S2       16                278 migrations                                                    (100.00%)
S2       16             213625 faults                                                      
S2       16        68185867687 bus-cycles                                                    (26.53%)
S2       16      2282521426876 idle-cycles-frontend      #    0.00% frontend cycles idle     (26.77%)
S2       16      2078883402686 idle-cycles-backend       #    0.00% backend  cycles idle     (27.26%)
S2       16       461026220897 L1-dcache-loads                                               (27.45%)
S2       16         8600001932 L1-dcache-load-misses                                         (18.10%)
S2       16       114758524029 L1-dcache-stores                                              (17.71%)
S2       16         4962118279 L1-dcache-store-misses                                        (17.65%)
S2       16         4256685595 L1-dcache-prefetch-misses                                     (17.59%)
S2       16         1003087631 L1-icache-load-misses                                         (17.60%)
S2       16         5147720984 LLC-loads                                                     (17.70%)
S2       16          936182294 LLC-stores                                                    (17.60%)
S2       16         3427460541 LLC-prefetches                                                (8.48%)
S2       16       494656673003 dTLB-loads                                                    (12.96%)
S2       16          744549156 dTLB-load-misses                                              (17.01%)
S2       16       127143189654 dTLB-stores                                                   (16.59%)
S2       16            9914817 dTLB-store-misses                                             (16.76%)
S2       16           10637851 iTLB-loads                                                    (16.36%)
S2       16            4544468 iTLB-load-misses                                              (16.62%)
S2       16       238013407381 branch-loads                                                  (16.75%)
S2       16        20026262682 branch-load-misses                                            (16.77%)
S3       16         2922334091 cache-misses                                                  (16.31%)
S3       16      1641604395591 cycles                    #    0.000 GHz                      (21.23%)
S3       16      1672281876917 instructions              #    0.00  insns per cycle          (25.54%)
S3       16              33057 cs                                                            (100.00%)
S3       16                335 migrations                                                    (100.00%)
S3       16             216789 faults                                                      
S3       16        70699548164 bus-cycles                                                    (25.57%)
S3       16      2343770432159 idle-cycles-frontend      #    0.00% frontend cycles idle     (26.06%)
S3       16      2137808028564 idle-cycles-backend       #    0.00% backend  cycles idle     (26.55%)
S3       16       482121505051 L1-dcache-loads                                               (26.75%)
S3       16         9345696200 L1-dcache-load-misses                                         (18.69%)
S3       16       117357691153 L1-dcache-stores                                              (18.04%)
S3       16         4913179966 L1-dcache-store-misses                                        (18.41%)
S3       16         3986043252 L1-dcache-prefetch-misses                                     (18.52%)
S3       16         1006312237 L1-icache-load-misses                                         (18.02%)
S3       16         4975222295 LLC-loads                                                     (17.78%)
S3       16          915553988 LLC-stores                                                    (17.50%)
S3       16         3414182401 LLC-prefetches                                                (8.90%)
S3       16       518301626168 dTLB-loads                                                    (13.26%)
S3       16          728977523 dTLB-load-misses                                              (17.31%)
S3       16       120736141107 dTLB-stores                                                   (17.23%)
S3       16           13161938 dTLB-store-misses                                             (16.66%)
S3       16           19595603 iTLB-loads                                                    (16.81%)
S3       16            7725017 iTLB-load-misses                                              (16.82%)
S3       16       238007786440 branch-loads                                                  (16.30%)
S3       16        20100726948 branch-load-misses                                            (16.48%)

     140.742031891 seconds time elapsed

#################################################################
# Test multi-threading - 48 threads - T5
#################################################################
2595635.SNAP-Interleave.penguin.t48
Welcome to SNAP version 1.0beta.23.

Loading index from directory... 25s.  3137208264 bases, seed size 20
Aligning.
Total Reads    Aligned, MAPQ >= 10    Aligned, MAPQ < 10     Unaligned              Too Short/Too Many Ns     Reads/s   Time in Aligner (s)
11,945,249     11,307,498 (94.66%)    476,673 (3.99%)        161,078 (1.35%)        0 (0.00%)                 160,100   75

 Performance counter stats for 'numactl --interleave=0-2 --physcpubind=0,4,8,12,16,20,24,28,32,36,40,44,48,52,56,60,1,5,9,13,17,21,25,29,33,37,41,45,49,53,57,61,2,6,10,14,18,22,26,30,34,38,42,46,50,54,58,62 ./snap-aligner single /tmp/data/indexes/HG_index_snap /tmp/data/datasets/gcat_set_039_1.fastq -t 48 -o /scratch/077-hpca4se-bioinf/jlenis/results/SNAP-Interleave/2595635.SNAP-Interleave.penguin.t48.sam':

S0       16         3676714062 cache-misses                                                  (15.64%)
S0       16      2091940963362 cycles                    #    0.000 GHz                      (20.37%)
S0       16      1746436274292 instructions              #   13.28  insns per cycle        
                                             #    0.07  stalled cycles per insn  (24.95%)
S0       16              38738 cs                                                            (100.00%)
S0       16                 97 migrations                                                    (100.00%)
S0       16             204047 faults                                                      
S0       16        87319801115 bus-cycles                                                    (26.23%)
S0       16      1834055070230 idle-cycles-frontend      #  1394.24% frontend cycles idle     (27.31%)
S0       16      1368447705029 idle-cycles-backend       #  1040.28% backend  cycles idle     (28.57%)
S0       16       440425935147 L1-dcache-loads                                               (28.94%)
S0       16         8736081606 L1-dcache-load-misses     #   30.20% of all L1-dcache hits    (19.19%)
S0       16       107049435595 L1-dcache-stores                                              (18.67%)
S0       16         4772157663 L1-dcache-store-misses                                        (18.48%)
S0       16         3562333453 L1-dcache-prefetch-misses                                     (18.38%)
S0       16         1122525445 L1-icache-load-misses                                         (18.40%)
S0       16         5117708673 LLC-loads                                                     (18.42%)
S0       16         1172304461 LLC-stores                                                    (18.47%)
S0       16         3269320274 LLC-prefetches                                                (9.12%)
S0       16       470076992619 dTLB-loads                                                    (13.26%)
S0       16          884993970 dTLB-load-misses          #    2.87% of all dTLB cache hits   (17.13%)
S0       16       127945428524 dTLB-stores                                                   (16.00%)
S0       16           29722503 dTLB-store-misses                                             (15.33%)
S0       16          391548422 iTLB-loads                                                    (14.78%)
S0       16           83360322 iTLB-load-misses          #  338.99% of all iTLB cache hits   (14.56%)
S0       16       262653663876 branch-loads                                                  (14.91%)
S0       16        22777048652 branch-load-misses                                            (14.81%)
S1       16         4212472541 cache-misses                                                  (16.07%)
S1       16      2149542540338 cycles                    #    0.000 GHz                      (20.90%)
S1       16      1763734969269 instructions              #    0.00  insns per cycle          (24.99%)
S1       16              34484 cs                                                            (100.00%)
S1       16                147 migrations                                                    (100.00%)
S1       16             223169 faults                                                      
S1       16        87857555338 bus-cycles                                                    (26.04%)
S1       16      1990318765401 idle-cycles-frontend      #    0.00% frontend cycles idle     (26.56%)
S1       16      1551353038881 idle-cycles-backend       #    0.00% backend  cycles idle     (27.62%)
S1       16       462597368992 L1-dcache-loads                                               (27.85%)
S1       16        11134724715 L1-dcache-load-misses                                         (18.42%)
S1       16       121733922665 L1-dcache-stores                                              (18.63%)
S1       16         6210394696 L1-dcache-store-misses                                        (18.44%)
S1       16         4573962463 L1-dcache-prefetch-misses                                     (18.42%)
S1       16         1335454671 L1-icache-load-misses                                         (18.41%)
S1       16         6318021336 LLC-loads                                                     (18.21%)
S1       16         2289087709 LLC-stores                                                    (18.25%)
S1       16         3906170775 LLC-prefetches                                                (9.69%)
S1       16       517000864807 dTLB-loads                                                    (13.58%)
S1       16         1164890760 dTLB-load-misses                                              (17.35%)
S1       16       143345440314 dTLB-stores                                                   (16.15%)
S1       16           90578511 dTLB-store-misses                                             (15.80%)
S1       16          365991993 iTLB-loads                                                    (15.59%)
S1       16           79786069 iTLB-load-misses                                              (15.60%)
S1       16       258623557177 branch-loads                                                  (15.82%)
S1       16        22084461155 branch-load-misses                                            (15.41%)
S2       16         3411029768 cache-misses                                                  (16.33%)
S2       16      2104633851105 cycles                    #    0.000 GHz                      (20.65%)
S2       16      1772969970561 instructions              #    0.00  insns per cycle          (25.27%)
S2       16              43792 cs                                                            (100.00%)
S2       16                140 migrations                                                    (100.00%)
S2       16             211146 faults                                                      
S2       16        88432484700 bus-cycles                                                    (25.93%)
S2       16      1913770391361 idle-cycles-frontend      #    0.00% frontend cycles idle     (26.27%)
S2       16      1466911407972 idle-cycles-backend       #    0.00% backend  cycles idle     (26.53%)
S2       16       499906240045 L1-dcache-loads                                               (26.56%)
S2       16         9822887776 L1-dcache-load-misses                                         (17.64%)
S2       16       119709425660 L1-dcache-stores                                              (17.67%)
S2       16         5261770309 L1-dcache-store-misses                                        (17.13%)
S2       16         3714922546 L1-dcache-prefetch-misses                                     (17.71%)
S2       16         1067680701 L1-icache-load-misses                                         (17.90%)
S2       16         5277820047 LLC-loads                                                     (18.20%)
S2       16         1197078218 LLC-stores                                                    (18.38%)
S2       16         3654249352 LLC-prefetches                                                (8.95%)
S2       16       494755515698 dTLB-loads                                                    (13.29%)
S2       16          875154345 dTLB-load-misses                                              (17.36%)
S2       16       124957224028 dTLB-stores                                                   (17.28%)
S2       16           36982030 dTLB-store-misses                                             (16.96%)
S2       16          363143574 iTLB-loads                                                    (16.66%)
S2       16           49790695 iTLB-load-misses                                              (16.53%)
S2       16       253896044430 branch-loads                                                  (16.42%)
S2       16        21777290084 branch-load-misses                                            (16.60%)
S3       16         3521743670 cache-misses                                                  (16.24%)
S3       16      2072801158891 cycles                    #    0.000 GHz                      (20.97%)
S3       16      1689300032655 instructions              #    0.00  insns per cycle          (25.78%)
S3       16              30626 cs                                                            (100.00%)
S3       16                143 migrations                                                    (100.00%)
S3       16             207765 faults                                                      
S3       16        84241043481 bus-cycles                                                    (26.65%)
S3       16      1826750354781 idle-cycles-frontend      #    0.00% frontend cycles idle     (27.54%)
S3       16      1402606447927 idle-cycles-backend       #    0.00% backend  cycles idle     (28.16%)
S3       16       448720176509 L1-dcache-loads                                               (27.96%)
S3       16         9112188949 L1-dcache-load-misses                                         (18.58%)
S3       16       110489107694 L1-dcache-stores                                              (18.45%)
S3       16         5149082970 L1-dcache-store-misses                                        (18.25%)
S3       16         3742110791 L1-dcache-prefetch-misses                                     (18.47%)
S3       16         1179141070 L1-icache-load-misses                                         (17.98%)
S3       16         5442721380 LLC-loads                                                     (18.03%)
S3       16         1229435919 LLC-stores                                                    (18.49%)
S3       16         3458688033 LLC-prefetches                                                (9.22%)
S3       16       492802901095 dTLB-loads                                                    (13.08%)
S3       16          881369273 dTLB-load-misses                                              (16.72%)
S3       16       133452161175 dTLB-stores                                                   (15.69%)
S3       16           24492950 dTLB-store-misses                                             (15.18%)
S3       16          453139876 iTLB-loads                                                    (15.48%)
S3       16           61575826 iTLB-load-misses                                              (15.58%)
S3       16       258197557102 branch-loads                                                  (15.47%)
S3       16        22013373806 branch-load-misses                                            (15.60%)

     100.470977650 seconds time elapsed

#################################################################
# Test multi-threading - 64 threads - T6
#################################################################
2595635.SNAP-Interleave.penguin.t64
Welcome to SNAP version 1.0beta.23.

Loading index from directory... 27s.  3137208264 bases, seed size 20
Aligning.
Total Reads    Aligned, MAPQ >= 10    Aligned, MAPQ < 10     Unaligned              Too Short/Too Many Ns     Reads/s   Time in Aligner (s)
11,945,249     11,307,498 (94.66%)    476,673 (3.99%)        161,078 (1.35%)        0 (0.00%)                 179,876   66

 Performance counter stats for 'numactl --interleave=0-3 --physcpubind=0-63 ./snap-aligner single /tmp/data/indexes/HG_index_snap /tmp/data/datasets/gcat_set_039_1.fastq -t 64 -o /scratch/077-hpca4se-bioinf/jlenis/results/SNAP-Interleave/2595635.SNAP-Interleave.penguin.t64.sam':

S0       16         4420857066 cache-misses                                                  (14.76%)
S0       16      2336086070897 cycles                    #    0.000 GHz                      (19.65%)
S0       16      1702545451361 instructions              #   11.23  insns per cycle        
                                             #    0.06  stalled cycles per insn  (23.62%)
S0       16              46548 cs                                                            (100.00%)
S0       16                233 migrations                                                    (100.00%)
S0       16             213154 faults                                                      
S0       16       107885535345 bus-cycles                                                    (24.91%)
S0       16      1551262759681 idle-cycles-frontend      #  1023.24% frontend cycles idle     (25.19%)
S0       16       998990220255 idle-cycles-backend       #  658.95% backend  cycles idle     (26.43%)
S0       16       430284106151 L1-dcache-loads                                               (26.85%)
S0       16        10198699296 L1-dcache-load-misses     #   35.11% of all L1-dcache hits    (19.38%)
S0       16       107499090753 L1-dcache-stores                                              (18.93%)
S0       16         5581417107 L1-dcache-store-misses                                        (19.84%)
S0       16         3740659233 L1-dcache-prefetch-misses                                     (20.37%)
S0       16         1129298210 L1-icache-load-misses                                         (20.49%)
S0       16         5765262480 LLC-loads                                                     (19.68%)
S0       16         2325521016 LLC-stores                                                    (19.93%)
S0       16         3573530682 LLC-prefetches                                                (10.16%)
S0       16       454699331281 dTLB-loads                                                    (13.60%)
S0       16         1068550646 dTLB-load-misses          #    3.31% of all dTLB cache hits   (17.37%)
S0       16       127031088265 dTLB-stores                                                   (16.19%)
S0       16          139833330 dTLB-store-misses                                             (14.78%)
S0       16          445759517 iTLB-loads                                                    (14.64%)
S0       16          158064632 iTLB-load-misses          #  382.32% of all iTLB cache hits   (14.73%)
S0       16       253280005537 branch-loads                                                  (14.31%)
S0       16        22441851451 branch-load-misses                                            (13.96%)
S1       16         4084497677 cache-misses                                                  (15.79%)
S1       16      2477591792486 cycles                    #    0.000 GHz                      (20.36%)
S1       16      1807004411869 instructions              #    0.00  insns per cycle          (25.02%)
S1       16              38661 cs                                                            (100.00%)
S1       16                287 migrations                                                    (100.00%)
S1       16             225813 faults                                                      
S1       16       102595270826 bus-cycles                                                    (26.00%)
S1       16      1603793293300 idle-cycles-frontend      #    0.00% frontend cycles idle     (26.42%)
S1       16      1013640261632 idle-cycles-backend       #    0.00% backend  cycles idle     (27.21%)
S1       16       483372874109 L1-dcache-loads                                               (27.40%)
S1       16        10322511225 L1-dcache-load-misses                                         (18.49%)
S1       16       114669644483 L1-dcache-stores                                              (18.72%)
S1       16         5307105505 L1-dcache-store-misses                                        (18.90%)
S1       16         3501409957 L1-dcache-prefetch-misses                                     (19.03%)
S1       16         1366285479 L1-icache-load-misses                                         (19.26%)
S1       16         5955223420 LLC-loads                                                     (18.41%)
S1       16         1593971880 LLC-stores                                                    (18.09%)
S1       16         4205962907 LLC-prefetches                                                (9.65%)
S1       16       531766938817 dTLB-loads                                                    (13.54%)
S1       16         1220512191 dTLB-load-misses                                              (16.93%)
S1       16       132183514085 dTLB-stores                                                   (16.31%)
S1       16          108021939 dTLB-store-misses                                             (16.06%)
S1       16          718810106 iTLB-loads                                                    (15.69%)
S1       16          159266258 iTLB-load-misses                                              (15.48%)
S1       16       260601673417 branch-loads                                                  (15.37%)
S1       16        22697082876 branch-load-misses                                            (15.17%)
S2       16         4186112777 cache-misses                                                  (15.53%)
S2       16      2459507717810 cycles                    #    0.000 GHz                      (20.39%)
S2       16      1781779575981 instructions              #    0.00  insns per cycle          (25.21%)
S2       16              54426 cs                                                            (100.00%)
S2       16                326 migrations                                                    (100.00%)
S2       16             218966 faults                                                      
S2       16       102143657723 bus-cycles                                                    (25.96%)
S2       16      1611389974812 idle-cycles-frontend      #    0.00% frontend cycles idle     (26.83%)
S2       16      1007992283151 idle-cycles-backend       #    0.00% backend  cycles idle     (27.85%)
S2       16       474744809022 L1-dcache-loads                                               (28.52%)
S2       16        10220588625 L1-dcache-load-misses                                         (18.93%)
S2       16       115794389326 L1-dcache-stores                                              (18.78%)
S2       16         5405625671 L1-dcache-store-misses                                        (18.65%)
S2       16         3721705070 L1-dcache-prefetch-misses                                     (18.33%)
S2       16         1673483750 L1-icache-load-misses                                         (18.35%)
S2       16         6020679139 LLC-loads                                                     (18.28%)
S2       16         1594845850 LLC-stores                                                    (18.05%)
S2       16         4021849114 LLC-prefetches                                                (8.84%)
S2       16       521680565157 dTLB-loads                                                    (13.26%)
S2       16         1356756928 dTLB-load-misses                                              (16.83%)
S2       16       132443629979 dTLB-stores                                                   (16.45%)
S2       16           88776981 dTLB-store-misses                                             (15.94%)
S2       16          743540564 iTLB-loads                                                    (15.39%)
S2       16          113411617 iTLB-load-misses                                              (15.51%)
S2       16       262639351624 branch-loads                                                  (15.21%)
S2       16        22582591828 branch-load-misses                                            (15.20%)
S3       16         4002456978 cache-misses                                                  (15.98%)
S3       16      2429450645603 cycles                    #    0.000 GHz                      (20.78%)
S3       16      1761547271730 instructions              #    0.00  insns per cycle          (25.58%)
S3       16              39323 cs                                                            (100.00%)
S3       16                289 migrations                                                    (100.00%)
S3       16             223540 faults                                                      
S3       16       100639113284 bus-cycles                                                    (25.79%)
S3       16      1550539260301 idle-cycles-frontend      #    0.00% frontend cycles idle     (27.15%)
S3       16       978754076739 idle-cycles-backend       #    0.00% backend  cycles idle     (27.89%)
S3       16       470838243031 L1-dcache-loads                                               (27.94%)
S3       16         9870900298 L1-dcache-load-misses                                         (19.67%)
S3       16       110875180465 L1-dcache-stores                                              (19.87%)
S3       16         5077457473 L1-dcache-store-misses                                        (20.02%)
S3       16         3430180254 L1-dcache-prefetch-misses                                     (20.22%)
S3       16         1229475425 L1-icache-load-misses                                         (19.28%)
S3       16         5942816159 LLC-loads                                                     (18.38%)
S3       16         1593139486 LLC-stores                                                    (17.69%)
S3       16         4448751095 LLC-prefetches                                                (8.10%)
S3       16       556341941138 dTLB-loads                                                    (12.18%)
S3       16         1186925406 dTLB-load-misses                                              (16.00%)
S3       16       135369682802 dTLB-stores                                                   (15.79%)
S3       16           83106116 dTLB-store-misses                                             (15.35%)
S3       16          737906481 iTLB-loads                                                    (15.04%)
S3       16          122533839 iTLB-load-misses                                              (15.05%)
S3       16       267549485316 branch-loads                                                  (14.77%)
S3       16        22918392599 branch-load-misses                                            (14.94%)

      93.721573424 seconds time elapsed

#################################################################
#################################################################
