mkdir: cannot create directory `/scratch/077-hpca4se-bioinf/jlenis/results/SNAP-Interleave': File exists
> Benchmarks for snap-beta.18: gcat_set_039_1
penguin
#################################################################
# Warm up - 64 threads - T1
#################################################################
WarmUp.2595640.SNAP-Interleave.penguin.t64
Welcome to SNAP version 1.0beta.23.

Loading index from directory... 97s.  3137208264 bases, seed size 20
Aligning.
Total Reads    Aligned, MAPQ >= 10    Aligned, MAPQ < 10     Unaligned              Too Short/Too Many Ns     Reads/s   Time in Aligner (s)
11,945,249     11,307,498 (94.66%)    476,673 (3.99%)        161,078 (1.35%)        0 (0.00%)                 182,783   65


#################################################################
# Test multi-threading - 8 threads - T2
#################################################################
2595640.SNAP-Interleave.penguin.t8
Welcome to SNAP version 1.0beta.23.

Loading index from directory... 701s.  3137208264 bases, seed size 20
Aligning.
Total Reads    Aligned, MAPQ >= 10    Aligned, MAPQ < 10     Unaligned              Too Short/Too Many Ns     Reads/s   Time in Aligner (s)
11,945,249     11,307,498 (94.66%)    476,673 (3.99%)        161,078 (1.35%)        0 (0.00%)                 39,541    302

 Performance counter stats for 'numactl --interleave=0 --physcpubind=0,4,8,12,16,20,24,28 ./snap-aligner single /tmp/data/indexes/HG_index_snap /tmp/data/datasets/gcat_set_039_1.fastq -t 8 -o /scratch/077-hpca4se-bioinf/jlenis/results/SNAP-Interleave/2595640.SNAP-Interleave.penguin.t8.sam':

S0       16         4484817169 cache-misses                                                  (17.19%)
S0       16      3056496724351 cycles                    #    0.000 GHz                      (21.68%)
S0       16      3383510643240 instructions              #   27.52  insns per cycle        
                                             #    0.05  stalled cycles per insn  (26.10%)
S0       16             654473 cs                                                            (100.00%)
S0       16               1010 migrations                                                    (100.00%)
S0       16             272651 faults                                                      
S0       16       122199752450 bus-cycles                                                    (26.08%)
S0       16      4502598208616 idle-cycles-frontend      #  3661.81% frontend cycles idle     (26.05%)
S0       16      3995235657710 idle-cycles-backend       #  3249.19% backend  cycles idle     (26.24%)
S0       16       894411844362 L1-dcache-loads                                               (26.16%)
S0       16        23489595284 L1-dcache-load-misses     #   62.04% of all L1-dcache hits    (17.31%)
S0       16       376604910577 L1-dcache-stores                                              (17.38%)
S0       16         9295919725 L1-dcache-store-misses                                        (17.30%)
S0       16        10759230731 L1-dcache-prefetch-misses                                     (17.33%)
S0       16         2071562704 L1-icache-load-misses                                         (17.49%)
S0       16        13881718357 LLC-loads                                                     (17.49%)
S0       16         2121149929 LLC-stores                                                    (17.53%)
S0       16         5319441811 LLC-prefetches                                                (9.05%)
S0       16       885794917361 dTLB-loads                                                    (13.49%)
S0       16         6989795745 dTLB-load-misses          #   19.00% of all dTLB cache hits   (17.52%)
S0       16       382136045954 dTLB-stores                                                   (17.43%)
S0       16          219076643 dTLB-store-misses                                             (17.40%)
S0       16           17013316 iTLB-loads                                                    (17.26%)
S0       16            7571054 iTLB-load-misses          #  843.70% of all iTLB cache hits   (17.21%)
S0       16       506038968450 branch-loads                                                  (17.26%)
S0       16        19606587129 branch-load-misses                                            (17.14%)
S1       16         2452032068 cache-misses                                                  (17.53%)
S1       16      1571120704161 cycles                    #    0.000 GHz                      (21.74%)
S1       16      1706646439041 instructions              #    0.00  insns per cycle          (26.27%)
S1       16              88180 cs                                                            (100.00%)
S1       16               1292 migrations                                                    (100.00%)
S1       16             259199 faults                                                      
S1       16        61953632217 bus-cycles                                                    (26.40%)
S1       16      2252027042701 idle-cycles-frontend      #    0.00% frontend cycles idle     (26.43%)
S1       16      2066420548171 idle-cycles-backend       #    0.00% backend  cycles idle     (26.42%)
S1       16       505893414251 L1-dcache-loads                                               (26.17%)
S1       16         9297292851 L1-dcache-load-misses                                         (17.42%)
S1       16       122818372242 L1-dcache-stores                                              (17.28%)
S1       16         5148348911 L1-dcache-store-misses                                        (17.15%)
S1       16         4542839422 L1-dcache-prefetch-misses                                     (17.25%)
S1       16         1325493450 L1-icache-load-misses                                         (17.08%)
S1       16         5421773558 LLC-loads                                                     (17.16%)
S1       16          907093459 LLC-stores                                                    (17.17%)
S1       16         3381684540 LLC-prefetches                                                (8.60%)
S1       16       510532057304 dTLB-loads                                                    (12.96%)
S1       16          915149418 dTLB-load-misses                                              (17.22%)
S1       16       124634130543 dTLB-stores                                                   (17.35%)
S1       16           28622419 dTLB-store-misses                                             (17.35%)
S1       16           16862229 iTLB-loads                                                    (17.50%)
S1       16            5890473 iTLB-load-misses                                              (17.58%)
S1       16       218212748881 branch-loads                                                  (17.53%)
S1       16        18012710201 branch-load-misses                                            (17.55%)
S2       16         2285002125 cache-misses                                                  (17.40%)
S2       16      1622712258659 cycles                    #    0.000 GHz                      (21.64%)
S2       16      1713753375562 instructions              #    0.00  insns per cycle          (25.89%)
S2       16              91841 cs                                                            (100.00%)
S2       16               1694 migrations                                                    (100.00%)
S2       16             252250 faults                                                      
S2       16        66218309555 bus-cycles                                                    (25.91%)
S2       16      2035872733930 idle-cycles-frontend      #    0.00% frontend cycles idle     (25.36%)
S2       16      1884299250943 idle-cycles-backend       #    0.00% backend  cycles idle     (25.35%)
S2       16       522067459843 L1-dcache-loads                                               (25.25%)
S2       16        10008379339 L1-dcache-load-misses                                         (17.22%)
S2       16       122068577513 L1-dcache-stores                                              (17.25%)
S2       16         5026742744 L1-dcache-store-misses                                        (17.15%)
S2       16         4291988854 L1-dcache-prefetch-misses                                     (17.42%)
S2       16         1533978664 L1-icache-load-misses                                         (17.76%)
S2       16         5476596995 LLC-loads                                                     (18.00%)
S2       16          831237883 LLC-stores                                                    (18.59%)
S2       16         3205881479 LLC-prefetches                                                (9.09%)
S2       16       485423450867 dTLB-loads                                                    (13.36%)
S2       16          766909835 dTLB-load-misses                                              (17.80%)
S2       16       120587997978 dTLB-stores                                                   (17.26%)
S2       16           20622620 dTLB-store-misses                                             (17.26%)
S2       16           14499131 iTLB-loads                                                    (17.67%)
S2       16           14069721 iTLB-load-misses                                              (17.21%)
S2       16       217244506378 branch-loads                                                  (17.27%)
S2       16        17950782644 branch-load-misses                                            (17.35%)
S3       16         2463218643 cache-misses                                                  (16.99%)
S3       16      1619178189588 cycles                    #    0.000 GHz                      (21.34%)
S3       16      1671876173052 instructions              #    0.00  insns per cycle          (25.69%)
S3       16              85696 cs                                                            (100.00%)
S3       16               2263 migrations                                                    (100.00%)
S3       16             241013 faults                                                      
S3       16        62732626367 bus-cycles                                                    (25.57%)
S3       16      2397682816863 idle-cycles-frontend      #    0.00% frontend cycles idle     (25.10%)
S3       16      2290469205418 idle-cycles-backend       #    0.00% backend  cycles idle     (25.54%)
S3       16       500813660833 L1-dcache-loads                                               (25.52%)
S3       16         9083259762 L1-dcache-load-misses                                         (17.80%)
S3       16       117649211899 L1-dcache-stores                                              (17.83%)
S3       16         5089641952 L1-dcache-store-misses                                        (17.87%)
S3       16         4266555523 L1-dcache-prefetch-misses                                     (17.52%)
S3       16         1219786076 L1-icache-load-misses                                         (17.54%)
S3       16         5183036221 LLC-loads                                                     (17.50%)
S3       16          855316640 LLC-stores                                                    (17.61%)
S3       16         3364296998 LLC-prefetches                                                (8.75%)
S3       16       472423350016 dTLB-loads                                                    (13.18%)
S3       16          779630802 dTLB-load-misses                                              (17.52%)
S3       16       111574560593 dTLB-stores                                                   (17.64%)
S3       16           17017331 dTLB-store-misses                                             (17.66%)
S3       16            9056879 iTLB-loads                                                    (17.56%)
S3       16            4719775 iTLB-load-misses                                              (17.51%)
S3       16       216137571515 branch-loads                                                  (17.26%)
S3       16        18279096526 branch-load-misses                                            (17.03%)

    1003.892767390 seconds time elapsed

#################################################################
# Test multi-threading - 16 threads - T3
#################################################################
2595640.SNAP-Interleave.penguin.t16
Welcome to SNAP version 1.0beta.23.

Loading index from directory... 178s.  3137208264 bases, seed size 20
Aligning.
Total Reads    Aligned, MAPQ >= 10    Aligned, MAPQ < 10     Unaligned              Too Short/Too Many Ns     Reads/s   Time in Aligner (s)
11,945,249     11,307,498 (94.66%)    476,673 (3.99%)        161,078 (1.35%)        0 (0.00%)                 75,462    158

 Performance counter stats for 'numactl --interleave=0,1 --physcpubind=0,4,8,12,16,20,24,28,1,5,9,13,17,21,25,29 ./snap-aligner single /tmp/data/indexes/HG_index_snap /tmp/data/datasets/gcat_set_039_1.fastq -t 16 -o /scratch/077-hpca4se-bioinf/jlenis/results/SNAP-Interleave/2595640.SNAP-Interleave.penguin.t16.sam':

S0       16         2717847798 cache-misses                                                  (17.77%)
S0       16      1620135909149 cycles                    #    0.000 GHz                      (21.96%)
S0       16      1765961083925 instructions              #   17.44  insns per cycle        
                                             #    0.08  stalled cycles per insn  (26.22%)
S0       16              58336 cs                                                            (100.00%)
S0       16                368 migrations                                                    (100.00%)
S0       16             224523 faults                                                      
S0       16        64204559659 bus-cycles                                                    (27.01%)
S0       16      2290096857652 idle-cycles-frontend      #  2261.52% frontend cycles idle     (26.99%)
S0       16      2136723665779 idle-cycles-backend       #  2110.06% backend  cycles idle     (26.91%)
S0       16       492586820794 L1-dcache-loads                                               (26.98%)
S0       16         9211381379 L1-dcache-load-misses     #   28.63% of all L1-dcache hits    (17.63%)
S0       16       122725453850 L1-dcache-stores                                              (17.61%)
S0       16         5153008471 L1-dcache-store-misses                                        (17.48%)
S0       16         4414879935 L1-dcache-prefetch-misses                                     (17.14%)
S0       16         1209480248 L1-icache-load-misses                                         (17.10%)
S0       16         5273917591 LLC-loads                                                     (17.28%)
S0       16          923484208 LLC-stores                                                    (16.97%)
S0       16         3493726460 LLC-prefetches                                                (8.36%)
S0       16       513266572296 dTLB-loads                                                    (12.76%)
S0       16          956861335 dTLB-load-misses          #    3.16% of all dTLB cache hits   (16.74%)
S0       16       125464258419 dTLB-stores                                                   (16.55%)
S0       16           40149836 dTLB-store-misses                                             (16.95%)
S0       16           13895861 iTLB-loads                                                    (16.85%)
S0       16            6903813 iTLB-load-misses          #  707.53% of all iTLB cache hits   (17.04%)
S0       16       227940732494 branch-loads                                                  (17.36%)
S0       16        19896346712 branch-load-misses                                            (17.46%)
S1       16         3115078414 cache-misses                                                  (17.82%)
S1       16      1642798120522 cycles                    #    0.000 GHz                      (22.09%)
S1       16      1713551808075 instructions              #    0.00  insns per cycle          (26.54%)
S1       16             561155 cs                                                            (100.00%)
S1       16                256 migrations                                                    (100.00%)
S1       16             230907 faults                                                      
S1       16        71157221506 bus-cycles                                                    (26.47%)
S1       16      2395946299379 idle-cycles-frontend      #    0.00% frontend cycles idle     (26.00%)
S1       16      2196211879776 idle-cycles-backend       #    0.00% backend  cycles idle     (26.03%)
S1       16       527926727638 L1-dcache-loads                                               (26.32%)
S1       16        11204682945 L1-dcache-load-misses                                         (18.45%)
S1       16       126646348327 L1-dcache-stores                                              (18.35%)
S1       16         6132609572 L1-dcache-store-misses                                        (18.18%)
S1       16         4970380391 L1-dcache-prefetch-misses                                     (17.45%)
S1       16         1801728888 L1-icache-load-misses                                         (17.18%)
S1       16         6458303178 LLC-loads                                                     (16.86%)
S1       16         1976036766 LLC-stores                                                    (17.60%)
S1       16         3644810799 LLC-prefetches                                                (9.33%)
S1       16       481713722009 dTLB-loads                                                    (13.31%)
S1       16         1292873518 dTLB-load-misses                                              (17.66%)
S1       16       128258513607 dTLB-stores                                                   (17.17%)
S1       16           70521721 dTLB-store-misses                                             (16.63%)
S1       16           23719291 iTLB-loads                                                    (17.03%)
S1       16            7311047 iTLB-load-misses                                              (16.66%)
S1       16       225603978291 branch-loads                                                  (16.87%)
S1       16        17997998688 branch-load-misses                                            (17.11%)
S2       16         2596855757 cache-misses                                                  (16.91%)
S2       16      1649531661107 cycles                    #    0.000 GHz                      (21.60%)
S2       16      1750408727345 instructions              #    0.00  insns per cycle          (25.48%)
S2       16              35650 cs                                                            (100.00%)
S2       16                247 migrations                                                    (100.00%)
S2       16             208022 faults                                                      
S2       16        68274002046 bus-cycles                                                    (25.72%)
S2       16      2284542148467 idle-cycles-frontend      #    0.00% frontend cycles idle     (25.25%)
S2       16      2211173977578 idle-cycles-backend       #    0.00% backend  cycles idle     (24.85%)
S2       16       540972276482 L1-dcache-loads                                               (24.65%)
S2       16         9919789538 L1-dcache-load-misses                                         (17.72%)
S2       16       121560095663 L1-dcache-stores                                              (17.63%)
S2       16         5172729883 L1-dcache-store-misses                                        (17.41%)
S2       16         4098822179 L1-dcache-prefetch-misses                                     (17.95%)
S2       16         1264373516 L1-icache-load-misses                                         (17.35%)
S2       16         5026793221 LLC-loads                                                     (17.93%)
S2       16          834929391 LLC-stores                                                    (17.92%)
S2       16         3081932403 LLC-prefetches                                                (9.98%)
S2       16       457669992938 dTLB-loads                                                    (14.14%)
S2       16          734575458 dTLB-load-misses                                              (18.17%)
S2       16       112594239874 dTLB-stores                                                   (17.86%)
S2       16           26049714 dTLB-store-misses                                             (17.67%)
S2       16           13527254 iTLB-loads                                                    (17.35%)
S2       16           10693145 iTLB-load-misses                                              (17.30%)
S2       16       222708127427 branch-loads                                                  (17.41%)
S2       16        19040854097 branch-load-misses                                            (17.59%)
S3       16         2437926299 cache-misses                                                  (17.12%)
S3       16      1568395428508 cycles                    #    0.000 GHz                      (21.13%)
S3       16      1644437782917 instructions              #    0.00  insns per cycle          (25.46%)
S3       16              43161 cs                                                            (100.00%)
S3       16                486 migrations                                                    (100.00%)
S3       16             208025 faults                                                      
S3       16        63268086511 bus-cycles                                                    (25.73%)
S3       16      2452030481764 idle-cycles-frontend      #    0.00% frontend cycles idle     (26.23%)
S3       16      2239219608651 idle-cycles-backend       #    0.00% backend  cycles idle     (25.94%)
S3       16       497966119251 L1-dcache-loads                                               (26.05%)
S3       16         9043540136 L1-dcache-load-misses                                         (17.42%)
S3       16       114920407930 L1-dcache-stores                                              (17.05%)
S3       16         4945385501 L1-dcache-store-misses                                        (17.54%)
S3       16         4182573621 L1-dcache-prefetch-misses                                     (17.59%)
S3       16         1005163669 L1-icache-load-misses                                         (18.07%)
S3       16         5265399515 LLC-loads                                                     (18.61%)
S3       16          850324622 LLC-stores                                                    (18.71%)
S3       16         3292981904 LLC-prefetches                                                (8.83%)
S3       16       487440257172 dTLB-loads                                                    (12.92%)
S3       16          707035736 dTLB-load-misses                                              (17.25%)
S3       16       115959614726 dTLB-stores                                                   (17.05%)
S3       16           11660330 dTLB-store-misses                                             (17.03%)
S3       16           11306529 iTLB-loads                                                    (16.99%)
S3       16            4515959 iTLB-load-misses                                              (16.84%)
S3       16       214624376552 branch-loads                                                  (16.55%)
S3       16        18415366624 branch-load-misses                                            (16.53%)

     336.543340337 seconds time elapsed

#################################################################
# Test multi-threading - 32 threads - T4 
#################################################################
2595640.SNAP-Interleave.penguin.t32
Welcome to SNAP version 1.0beta.23.

Loading index from directory... 24s.  3137208264 bases, seed size 20
Aligning.
Total Reads    Aligned, MAPQ >= 10    Aligned, MAPQ < 10     Unaligned              Too Short/Too Many Ns     Reads/s   Time in Aligner (s)
11,945,249     11,307,498 (94.66%)    476,673 (3.99%)        161,078 (1.35%)        0 (0.00%)                 135,180   88

 Performance counter stats for 'numactl --interleave=0,1 --physcpubind=0,4,8,12,16,20,24,28,32,36,40,44,48,52,56,60,1,5,9,13,17,21,25,29,33,37,41,45,49,53,57,61 ./snap-aligner single /tmp/data/indexes/HG_index_snap /tmp/data/datasets/gcat_set_039_1.fastq -t 32 -o /scratch/077-hpca4se-bioinf/jlenis/results/SNAP-Interleave/2595640.SNAP-Interleave.penguin.t32.sam':

S0       16         2926095854 cache-misses                                                  (17.45%)
S0       16      1590959924581 cycles                    #    0.000 GHz                      (22.33%)
S0       16      1677668706704 instructions              #   16.14  insns per cycle        
                                             #    0.09  stalled cycles per insn  (26.61%)
S0       16              46243 cs                                                            (100.00%)
S0       16                244 migrations                                                    (100.00%)
S0       16             215666 faults                                                      
S0       16        67026534418 bus-cycles                                                    (26.89%)
S0       16      2265521222456 idle-cycles-frontend      #  2179.97% frontend cycles idle     (27.38%)
S0       16      2025542608271 idle-cycles-backend       #  1949.05% backend  cycles idle     (27.72%)
S0       16       454779623276 L1-dcache-loads                                               (27.76%)
S0       16         8688933532 L1-dcache-load-misses     #   30.34% of all L1-dcache hits    (18.83%)
S0       16       116196699093 L1-dcache-stores                                              (18.77%)
S0       16         5109235833 L1-dcache-store-misses                                        (18.55%)
S0       16         4550300260 L1-dcache-prefetch-misses                                     (17.88%)
S0       16         1346656410 L1-icache-load-misses                                         (17.31%)
S0       16         5693362180 LLC-loads                                                     (17.00%)
S0       16         1046323162 LLC-stores                                                    (16.88%)
S0       16         3674698795 LLC-prefetches                                                (8.31%)
S0       16       558553257373 dTLB-loads                                                    (12.00%)
S0       16         1139705110 dTLB-load-misses          #    3.38% of all dTLB cache hits   (15.48%)
S0       16       138388731763 dTLB-stores                                                   (15.36%)
S0       16           50603256 dTLB-store-misses                                             (16.18%)
S0       16           20928315 iTLB-loads                                                    (16.83%)
S0       16            6221876 iTLB-load-misses          #  481.86% of all iTLB cache hits   (17.39%)
S0       16       241837837141 branch-loads                                                  (17.24%)
S0       16        20306264236 branch-load-misses                                            (17.08%)
S1       16         3575131254 cache-misses                                                  (16.43%)
S1       16      1730180406889 cycles                    #    0.000 GHz                      (21.05%)
S1       16      1747941292962 instructions              #    0.00  insns per cycle          (26.03%)
S1       16              34475 cs                                                            (100.00%)
S1       16                193 migrations                                                    (100.00%)
S1       16             228204 faults                                                      
S1       16        72728977765 bus-cycles                                                    (26.02%)
S1       16      2442775741666 idle-cycles-frontend      #    0.00% frontend cycles idle     (26.65%)
S1       16      2212153527457 idle-cycles-backend       #    0.00% backend  cycles idle     (26.76%)
S1       16       481940762324 L1-dcache-loads                                               (26.78%)
S1       16        10508798087 L1-dcache-load-misses                                         (18.95%)
S1       16       122058475430 L1-dcache-stores                                              (18.46%)
S1       16         5841860739 L1-dcache-store-misses                                        (18.62%)
S1       16         4797568399 L1-dcache-prefetch-misses                                     (18.95%)
S1       16         1261468213 L1-icache-load-misses                                         (18.69%)
S1       16         5815287413 LLC-loads                                                     (18.36%)
S1       16         2061679279 LLC-stores                                                    (17.93%)
S1       16         3881729460 LLC-prefetches                                                (8.61%)
S1       16       540642266233 dTLB-loads                                                    (13.01%)
S1       16         1128551945 dTLB-load-misses                                              (17.00%)
S1       16       137040144110 dTLB-stores                                                   (16.67%)
S1       16           45417381 dTLB-store-misses                                             (16.37%)
S1       16           23447300 iTLB-loads                                                    (15.86%)
S1       16            7802434 iTLB-load-misses                                              (15.75%)
S1       16       254595408329 branch-loads                                                  (15.53%)
S1       16        21263494398 branch-load-misses                                            (15.74%)
S2       16         2834881701 cache-misses                                                  (16.13%)
S2       16      1669680639233 cycles                    #    0.000 GHz                      (20.62%)
S2       16      1705989853514 instructions              #    0.00  insns per cycle          (24.91%)
S2       16              29513 cs                                                            (100.00%)
S2       16                175 migrations                                                    (100.00%)
S2       16             207257 faults                                                      
S2       16        69444565515 bus-cycles                                                    (25.44%)
S2       16      2240456358802 idle-cycles-frontend      #    0.00% frontend cycles idle     (25.94%)
S2       16      2095955428317 idle-cycles-backend       #    0.00% backend  cycles idle     (26.40%)
S2       16       457058317338 L1-dcache-loads                                               (26.51%)
S2       16         8397772924 L1-dcache-load-misses                                         (19.05%)
S2       16       108996916040 L1-dcache-stores                                              (18.77%)
S2       16         4590505068 L1-dcache-store-misses                                        (18.54%)
S2       16         3901758754 L1-dcache-prefetch-misses                                     (18.06%)
S2       16          961234216 L1-icache-load-misses                                         (18.33%)
S2       16         4729958309 LLC-loads                                                     (19.08%)
S2       16          885265525 LLC-stores                                                    (18.99%)
S2       16         3493257737 LLC-prefetches                                                (9.51%)
S2       16       543234637710 dTLB-loads                                                    (13.44%)
S2       16          759038525 dTLB-load-misses                                              (16.85%)
S2       16       130858563616 dTLB-stores                                                   (16.34%)
S2       16            9199674 dTLB-store-misses                                             (16.05%)
S2       16           20678419 iTLB-loads                                                    (16.37%)
S2       16            6913152 iTLB-load-misses                                              (15.74%)
S2       16       248414896233 branch-loads                                                  (15.80%)
S2       16        21253104976 branch-load-misses                                            (15.47%)
S3       16         2877983904 cache-misses                                                  (15.96%)
S3       16      1660347887823 cycles                    #    0.000 GHz                      (20.81%)
S3       16      1650775570857 instructions              #    0.00  insns per cycle          (25.43%)
S3       16              27295 cs                                                            (100.00%)
S3       16                263 migrations                                                    (100.00%)
S3       16             207061 faults                                                      
S3       16        68274018670 bus-cycles                                                    (26.44%)
S3       16      2252185022153 idle-cycles-frontend      #    0.00% frontend cycles idle     (27.14%)
S3       16      2031252714894 idle-cycles-backend       #    0.00% backend  cycles idle     (27.79%)
S3       16       438932598700 L1-dcache-loads                                               (28.25%)
S3       16         8233828018 L1-dcache-load-misses                                         (18.73%)
S3       16       107714785433 L1-dcache-stores                                              (18.84%)
S3       16         4720168504 L1-dcache-store-misses                                        (19.12%)
S3       16         4128744500 L1-dcache-prefetch-misses                                     (18.77%)
S3       16          971775062 L1-icache-load-misses                                         (18.42%)
S3       16         4987768685 LLC-loads                                                     (18.59%)
S3       16          912255683 LLC-stores                                                    (18.00%)
S3       16         3334475250 LLC-prefetches                                                (8.64%)
S3       16       516271165944 dTLB-loads                                                    (12.52%)
S3       16          737253751 dTLB-load-misses                                              (16.37%)
S3       16       127208549243 dTLB-stores                                                   (16.17%)
S3       16            9765702 dTLB-store-misses                                             (15.59%)
S3       16           17583314 iTLB-loads                                                    (15.40%)
S3       16            5711060 iTLB-load-misses                                              (15.39%)
S3       16       243083399472 branch-loads                                                  (15.00%)
S3       16        20409652340 branch-load-misses                                            (15.18%)

     113.216562316 seconds time elapsed

#################################################################
# Test multi-threading - 48 threads - T5
#################################################################
2595640.SNAP-Interleave.penguin.t48
Welcome to SNAP version 1.0beta.23.

Loading index from directory... 33s.  3137208264 bases, seed size 20
Aligning.
Total Reads    Aligned, MAPQ >= 10    Aligned, MAPQ < 10     Unaligned              Too Short/Too Many Ns     Reads/s   Time in Aligner (s)
11,945,249     11,307,498 (94.66%)    476,673 (3.99%)        161,078 (1.35%)        0 (0.00%)                 162,644   73

 Performance counter stats for 'numactl --interleave=0-2 --physcpubind=0,4,8,12,16,20,24,28,32,36,40,44,48,52,56,60,1,5,9,13,17,21,25,29,33,37,41,45,49,53,57,61,2,6,10,14,18,22,26,30,34,38,42,46,50,54,58,62 ./snap-aligner single /tmp/data/indexes/HG_index_snap /tmp/data/datasets/gcat_set_039_1.fastq -t 48 -o /scratch/077-hpca4se-bioinf/jlenis/results/SNAP-Interleave/2595640.SNAP-Interleave.penguin.t48.sam':

S0       16         3359798734 cache-misses                                                  (16.29%)
S0       16      2013697403047 cycles                    #    0.000 GHz                      (21.81%)
S0       16      1683538964056 instructions              #   13.33  insns per cycle        
                                             #    0.07  stalled cycles per insn  (27.04%)
S0       16              45386 cs                                                            (100.00%)
S0       16                150 migrations                                                    (100.00%)
S0       16             209714 faults                                                      
S0       16        83762835079 bus-cycles                                                    (27.85%)
S0       16      1831571767840 idle-cycles-frontend      #  1449.86% frontend cycles idle     (27.70%)
S0       16      1421687218596 idle-cycles-backend       #  1125.39% backend  cycles idle     (28.01%)
S0       16       464178266653 L1-dcache-loads                                               (27.80%)
S0       16         9651286239 L1-dcache-load-misses     #   32.71% of all L1-dcache hits    (18.15%)
S0       16       115402801961 L1-dcache-stores                                              (17.61%)
S0       16         5198536343 L1-dcache-store-misses                                        (17.43%)
S0       16         3787987659 L1-dcache-prefetch-misses                                     (17.57%)
S0       16         1195943259 L1-icache-load-misses                                         (17.24%)
S0       16         5584861709 LLC-loads                                                     (17.44%)
S0       16         1257334360 LLC-stores                                                    (17.20%)
S0       16         3797388559 LLC-prefetches                                                (8.72%)
S0       16       509449695215 dTLB-loads                                                    (12.63%)
S0       16          823538181 dTLB-load-misses          #    2.62% of all dTLB cache hits   (16.31%)
S0       16       122153078611 dTLB-stores                                                   (17.11%)
S0       16           52300111 dTLB-store-misses                                             (16.42%)
S0       16          391655860 iTLB-loads                                                    (16.43%)
S0       16           81935014 iTLB-load-misses          #  369.99% of all iTLB cache hits   (16.71%)
S0       16       237137717121 branch-loads                                                  (16.98%)
S0       16        21102704598 branch-load-misses                                            (16.72%)
S1       16         3457888845 cache-misses                                                  (16.38%)
S1       16      2017429381435 cycles                    #    0.000 GHz                      (21.36%)
S1       16      1703848667894 instructions              #    0.00  insns per cycle          (26.14%)
S1       16              36164 cs                                                            (100.00%)
S1       16                114 migrations                                                    (100.00%)
S1       16             210714 faults                                                      
S1       16        85071853138 bus-cycles                                                    (26.47%)
S1       16      1888553941735 idle-cycles-frontend      #    0.00% frontend cycles idle     (26.38%)
S1       16      1427804618708 idle-cycles-backend       #    0.00% backend  cycles idle     (27.02%)
S1       16       470917777719 L1-dcache-loads                                               (27.42%)
S1       16         9963469218 L1-dcache-load-misses                                         (18.41%)
S1       16       117203291867 L1-dcache-stores                                              (18.09%)
S1       16         5279426154 L1-dcache-store-misses                                        (18.14%)
S1       16         3846312014 L1-dcache-prefetch-misses                                     (18.05%)
S1       16         1369402496 L1-icache-load-misses                                         (17.73%)
S1       16         5660288544 LLC-loads                                                     (17.80%)
S1       16         1293461444 LLC-stores                                                    (17.68%)
S1       16         3691632933 LLC-prefetches                                                (9.02%)
S1       16       496586457355 dTLB-loads                                                    (13.07%)
S1       16          988041427 dTLB-load-misses                                              (17.05%)
S1       16       120987094535 dTLB-stores                                                   (17.30%)
S1       16           63500288 dTLB-store-misses                                             (16.73%)
S1       16          323143436 iTLB-loads                                                    (16.77%)
S1       16           49853916 iTLB-load-misses                                              (16.25%)
S1       16       242569577703 branch-loads                                                  (16.82%)
S1       16        21706102612 branch-load-misses                                            (15.75%)
S2       16         4009123573 cache-misses                                                  (16.52%)
S2       16      2073119914431 cycles                    #    0.000 GHz                      (21.27%)
S2       16      1657914043838 instructions              #    0.00  insns per cycle          (25.49%)
S2       16              57761 cs                                                            (100.00%)
S2       16                257 migrations                                                    (100.00%)
S2       16             226908 faults                                                      
S2       16        84717098609 bus-cycles                                                    (26.28%)
S2       16      1968207988892 idle-cycles-frontend      #    0.00% frontend cycles idle     (25.47%)
S2       16      1536588750220 idle-cycles-backend       #    0.00% backend  cycles idle     (26.59%)
S2       16       474134654795 L1-dcache-loads                                               (26.81%)
S2       16        11858018792 L1-dcache-load-misses                                         (17.47%)
S2       16       133710980250 L1-dcache-stores                                              (17.04%)
S2       16         6840802217 L1-dcache-store-misses                                        (16.56%)
S2       16         5015889707 L1-dcache-prefetch-misses                                     (16.64%)
S2       16         1436605442 L1-icache-load-misses                                         (17.06%)
S2       16         6469915176 LLC-loads                                                     (17.71%)
S2       16         2339377893 LLC-stores                                                    (18.35%)
S2       16         3882802121 LLC-prefetches                                                (9.58%)
S2       16       506699936993 dTLB-loads                                                    (13.91%)
S2       16         1093431731 dTLB-load-misses                                              (18.26%)
S2       16       129169230652 dTLB-stores                                                   (18.63%)
S2       16           69065485 dTLB-store-misses                                             (17.93%)
S2       16          283321291 iTLB-loads                                                    (17.49%)
S2       16           89424977 iTLB-load-misses                                              (16.72%)
S2       16       238895508241 branch-loads                                                  (16.74%)
S2       16        20897477857 branch-load-misses                                            (15.52%)
S3       16         3264805122 cache-misses                                                  (16.99%)
S3       16      1980739859239 cycles                    #    0.000 GHz                      (21.38%)
S3       16      1640858897385 instructions              #    0.00  insns per cycle          (26.12%)
S3       16              28732 cs                                                            (100.00%)
S3       16                230 migrations                                                    (100.00%)
S3       16             206775 faults                                                      
S3       16        86006521633 bus-cycles                                                    (25.86%)
S3       16      1886893523862 idle-cycles-frontend      #    0.00% frontend cycles idle     (26.22%)
S3       16      1463699784599 idle-cycles-backend       #    0.00% backend  cycles idle     (26.43%)
S3       16       478983568713 L1-dcache-loads                                               (26.59%)
S3       16         9727343069 L1-dcache-load-misses                                         (17.49%)
S3       16       117480730542 L1-dcache-stores                                              (17.29%)
S3       16         5332306233 L1-dcache-store-misses                                        (17.21%)
S3       16         3905142681 L1-dcache-prefetch-misses                                     (17.36%)
S3       16         1081239922 L1-icache-load-misses                                         (17.70%)
S3       16         5430383375 LLC-loads                                                     (17.99%)
S3       16         1241398572 LLC-stores                                                    (17.69%)
S3       16         3664512036 LLC-prefetches                                                (8.73%)
S3       16       500002377979 dTLB-loads                                                    (12.95%)
S3       16          773471962 dTLB-load-misses                                              (17.23%)
S3       16       119353058801 dTLB-stores                                                   (17.48%)
S3       16           13421212 dTLB-store-misses                                             (17.08%)
S3       16          419158073 iTLB-loads                                                    (17.29%)
S3       16           51487016 iTLB-load-misses                                              (17.25%)
S3       16       219365786304 branch-loads                                                  (16.82%)
S3       16        18738825308 branch-load-misses                                            (16.96%)

     107.385567339 seconds time elapsed

#################################################################
# Test multi-threading - 64 threads - T6
#################################################################
2595640.SNAP-Interleave.penguin.t64
Welcome to SNAP version 1.0beta.23.

Loading index from directory... 27s.  3137208264 bases, seed size 20
Aligning.
Total Reads    Aligned, MAPQ >= 10    Aligned, MAPQ < 10     Unaligned              Too Short/Too Many Ns     Reads/s   Time in Aligner (s)
11,945,249     11,307,498 (94.66%)    476,673 (3.99%)        161,078 (1.35%)        0 (0.00%)                 183,082   65

 Performance counter stats for 'numactl --interleave=0-3 --physcpubind=0-63 ./snap-aligner single /tmp/data/indexes/HG_index_snap /tmp/data/datasets/gcat_set_039_1.fastq -t 64 -o /scratch/077-hpca4se-bioinf/jlenis/results/SNAP-Interleave/2595640.SNAP-Interleave.penguin.t64.sam':

S0       16         3922320082 cache-misses                                                  (14.86%)
S0       16      2383692170868 cycles                    #    0.000 GHz                      (19.22%)
S0       16      1743846360807 instructions              #   11.41  insns per cycle        
                                             #    0.06  stalled cycles per insn  (23.98%)
S0       16              52860 cs                                                            (100.00%)
S0       16                107 migrations                                                    (100.00%)
S0       16             203598 faults                                                      
S0       16       104222374666 bus-cycles                                                    (24.19%)
S0       16      1454923565211 idle-cycles-frontend      #  952.33% frontend cycles idle     (25.39%)
S0       16       893606749756 idle-cycles-backend       #  584.92% backend  cycles idle     (26.36%)
S0       16       438734618708 L1-dcache-loads                                               (27.13%)
S0       16         8817152806 L1-dcache-load-misses     #   30.16% of all L1-dcache hits    (19.88%)
S0       16       107160698026 L1-dcache-stores                                              (18.62%)
S0       16         4815261710 L1-dcache-store-misses                                        (19.06%)
S0       16         3289921776 L1-dcache-prefetch-misses                                     (18.68%)
S0       16         1098487149 L1-icache-load-misses                                         (19.00%)
S0       16         5413838964 LLC-loads                                                     (18.58%)
S0       16         1276141287 LLC-stores                                                    (19.57%)
S0       16         3371523608 LLC-prefetches                                                (10.92%)
S0       16       457568675676 dTLB-loads                                                    (14.39%)
S0       16          871957716 dTLB-load-misses          #    2.80% of all dTLB cache hits   (18.53%)
S0       16       120358080196 dTLB-stores                                                   (16.95%)
S0       16           88597168 dTLB-store-misses                                             (16.33%)
S0       16          465108566 iTLB-loads                                                    (15.55%)
S0       16          180835832 iTLB-load-misses          #  436.88% of all iTLB cache hits   (15.00%)
S0       16       251953510076 branch-loads                                                  (14.77%)
S0       16        22269256427 branch-load-misses                                            (14.53%)
S1       16         4880359369 cache-misses                                                  (14.67%)
S1       16      2580006650340 cycles                    #    0.000 GHz                      (19.58%)
S1       16      1844347902468 instructions              #    0.00  insns per cycle          (24.05%)
S1       16              40291 cs                                                            (100.00%)
S1       16                250 migrations                                                    (100.00%)
S1       16             231321 faults                                                      
S1       16       105951383986 bus-cycles                                                    (24.92%)
S1       16      1716575177110 idle-cycles-frontend      #    0.00% frontend cycles idle     (26.15%)
S1       16      1110026291788 idle-cycles-backend       #    0.00% backend  cycles idle     (27.31%)
S1       16       476632217475 L1-dcache-loads                                               (27.76%)
S1       16        11323818872 L1-dcache-load-misses                                         (18.87%)
S1       16       118774488081 L1-dcache-stores                                              (18.70%)
S1       16         6305232001 L1-dcache-store-misses                                        (18.65%)
S1       16         4265453717 L1-dcache-prefetch-misses                                     (18.72%)
S1       16         1544651268 L1-icache-load-misses                                         (18.44%)
S1       16         6458829667 LLC-loads                                                     (18.70%)
S1       16         2568354485 LLC-stores                                                    (18.88%)
S1       16         4024131098 LLC-prefetches                                                (9.57%)
S1       16       488268919868 dTLB-loads                                                    (14.04%)
S1       16         1267051069 dTLB-load-misses                                              (17.70%)
S1       16       133106310133 dTLB-stores                                                   (16.80%)
S1       16           77854663 dTLB-store-misses                                             (15.81%)
S1       16          893255170 iTLB-loads                                                    (15.46%)
S1       16           91977066 iTLB-load-misses                                              (15.23%)
S1       16       264683811070 branch-loads                                                  (14.93%)
S1       16        23236504851 branch-load-misses                                            (14.59%)
S2       16         4231267187 cache-misses                                                  (15.68%)
S2       16      2467302099078 cycles                    #    0.000 GHz                      (20.38%)
S2       16      1834085272551 instructions              #    0.00  insns per cycle          (24.81%)
S2       16              39548 cs                                                            (100.00%)
S2       16                141 migrations                                                    (100.00%)
S2       16             214698 faults                                                      
S2       16       101247178396 bus-cycles                                                    (25.83%)
S2       16      1579155265371 idle-cycles-frontend      #    0.00% frontend cycles idle     (26.75%)
S2       16       978296678780 idle-cycles-backend       #    0.00% backend  cycles idle     (27.53%)
S2       16       477681302941 L1-dcache-loads                                               (28.26%)
S2       16         9955985269 L1-dcache-load-misses                                         (18.97%)
S2       16       118870241205 L1-dcache-stores                                              (18.56%)
S2       16         5555453306 L1-dcache-store-misses                                        (18.36%)
S2       16         3863681583 L1-dcache-prefetch-misses                                     (17.96%)
S2       16         1369449565 L1-icache-load-misses                                         (17.83%)
S2       16         6084984018 LLC-loads                                                     (18.13%)
S2       16         1524063053 LLC-stores                                                    (18.44%)
S2       16         4095163266 LLC-prefetches                                                (9.08%)
S2       16       534022289055 dTLB-loads                                                    (13.14%)
S2       16         1040674065 dTLB-load-misses                                              (17.26%)
S2       16       132899215469 dTLB-stores                                                   (16.53%)
S2       16           33113879 dTLB-store-misses                                             (16.07%)
S2       16          706956348 iTLB-loads                                                    (15.79%)
S2       16          130666570 iTLB-load-misses                                              (15.45%)
S2       16       266909191662 branch-loads                                                  (15.36%)
S2       16        23302480291 branch-load-misses                                            (15.26%)
S3       16         3826973935 cache-misses                                                  (16.17%)
S3       16      2346588994943 cycles                    #    0.000 GHz                      (21.27%)
S3       16      1747498817430 instructions              #    0.00  insns per cycle          (25.68%)
S3       16              36612 cs                                                            (100.00%)
S3       16                188 migrations                                                    (100.00%)
S3       16             215438 faults                                                      
S3       16        99189511469 bus-cycles                                                    (26.10%)
S3       16      1573666722257 idle-cycles-frontend      #    0.00% frontend cycles idle     (25.98%)
S3       16       979528151382 idle-cycles-backend       #    0.00% backend  cycles idle     (26.73%)
S3       16       477791611951 L1-dcache-loads                                               (26.54%)
S3       16         9926102190 L1-dcache-load-misses                                         (19.09%)
S3       16       110154689505 L1-dcache-stores                                              (19.08%)
S3       16         5090435051 L1-dcache-store-misses                                        (19.10%)
S3       16         3434189948 L1-dcache-prefetch-misses                                     (18.95%)
S3       16         1077511576 L1-icache-load-misses                                         (18.74%)
S3       16         6072130746 LLC-loads                                                     (17.93%)
S3       16         1505637903 LLC-stores                                                    (18.61%)
S3       16         4029480298 LLC-prefetches                                                (9.54%)
S3       16       516198944938 dTLB-loads                                                    (13.27%)
S3       16         1011894526 dTLB-load-misses                                              (17.17%)
S3       16       131830511462 dTLB-stores                                                   (16.03%)
S3       16           77018062 dTLB-store-misses                                             (15.75%)
S3       16          583821708 iTLB-loads                                                    (15.82%)
S3       16          116820575 iTLB-load-misses                                              (15.85%)
S3       16       252515283047 branch-loads                                                  (15.63%)
S3       16        22416966625 branch-load-misses                                            (15.47%)

      92.547335890 seconds time elapsed

#################################################################
#################################################################
