mkdir: cannot create directory `/scratch/077-hpca4se-bioinf/jlenis/results/SNAP-Interleave': File exists
> Benchmarks for snap-beta.18: gcat_set_039_1
penguin
#################################################################
# Warm up - 64 threads - T1
#################################################################
WarmUp.2595643.SNAP-Interleave.penguin.t64
Welcome to SNAP version 1.0beta.23.

Loading index from directory... 107s.  3137208264 bases, seed size 20
Aligning.
Total Reads    Aligned, MAPQ >= 10    Aligned, MAPQ < 10     Unaligned              Too Short/Too Many Ns     Reads/s   Time in Aligner (s)
11,945,249     11,307,498 (94.66%)    476,673 (3.99%)        161,078 (1.35%)        0 (0.00%)                 185,303   64


#################################################################
# Test multi-threading - 8 threads - T2
#################################################################
2595643.SNAP-Interleave.penguin.t8
Welcome to SNAP version 1.0beta.23.

Loading index from directory... 207s.  3137208264 bases, seed size 20
Aligning.
Total Reads    Aligned, MAPQ >= 10    Aligned, MAPQ < 10     Unaligned              Too Short/Too Many Ns     Reads/s   Time in Aligner (s)
11,945,249     11,307,498 (94.66%)    476,673 (3.99%)        161,078 (1.35%)        0 (0.00%)                 39,553    302

 Performance counter stats for 'numactl --interleave=0 --physcpubind=0,4,8,12,16,20,24,28 ./snap-aligner single /tmp/data/indexes/HG_index_snap /tmp/data/datasets/gcat_set_039_1.fastq -t 8 -o /scratch/077-hpca4se-bioinf/jlenis/results/SNAP-Interleave/2595643.SNAP-Interleave.penguin.t8.sam':

S0       16         3297171426 cache-misses                                                  (16.76%)
S0       16      1682199306150 cycles                    #    0.000 GHz                      (21.59%)
S0       16      1773062619172 instructions              #   18.03  insns per cycle        
                                             #    0.08  stalled cycles per insn  (25.66%)
S0       16             605614 cs                                                            (100.00%)
S0       16                683 migrations                                                    (100.00%)
S0       16             249049 faults                                                      
S0       16        71586563905 bus-cycles                                                    (25.80%)
S0       16      2538038606982 idle-cycles-frontend      #  2580.39% frontend cycles idle     (25.63%)
S0       16      2379869702170 idle-cycles-backend       #  2419.59% backend  cycles idle     (25.49%)
S0       16       536987794576 L1-dcache-loads                                               (25.39%)
S0       16        12570553751 L1-dcache-load-misses     #   40.14% of all L1-dcache hits    (17.62%)
S0       16       142249824258 L1-dcache-stores                                              (17.70%)
S0       16         6734119642 L1-dcache-store-misses                                        (17.83%)
S0       16         5513797402 L1-dcache-prefetch-misses                                     (17.70%)
S0       16         2046305439 L1-icache-load-misses                                         (17.47%)
S0       16         6885787570 LLC-loads                                                     (17.43%)
S0       16         2118879707 LLC-stores                                                    (17.26%)
S0       16         3918499639 LLC-prefetches                                                (10.49%)
S0       16       530410646862 dTLB-loads                                                    (14.52%)
S0       16         1617016178 dTLB-load-misses          #    5.12% of all dTLB cache hits   (18.29%)
S0       16       138954868667 dTLB-stores                                                   (17.69%)
S0       16           90798337 dTLB-store-misses                                             (17.38%)
S0       16            9178341 iTLB-loads                                                    (17.13%)
S0       16            5392123 iTLB-load-misses          #  557.31% of all iTLB cache hits   (17.16%)
S0       16       234461153748 branch-loads                                                  (17.24%)
S0       16        18301007129 branch-load-misses                                            (17.32%)
S1       16         2443577613 cache-misses                                                  (17.24%)
S1       16      1539712012717 cycles                    #    0.000 GHz                      (21.58%)
S1       16      1677247562562 instructions              #    0.00  insns per cycle          (25.86%)
S1       16              85796 cs                                                            (100.00%)
S1       16                616 migrations                                                    (100.00%)
S1       16             229761 faults                                                      
S1       16        59957296127 bus-cycles                                                    (25.92%)
S1       16      2179734311529 idle-cycles-frontend      #    0.00% frontend cycles idle     (25.99%)
S1       16      2010706335305 idle-cycles-backend       #    0.00% backend  cycles idle     (26.23%)
S1       16       502231013226 L1-dcache-loads                                               (26.11%)
S1       16         9619791294 L1-dcache-load-misses                                         (17.79%)
S1       16       125438180004 L1-dcache-stores                                              (17.87%)
S1       16         5257831176 L1-dcache-store-misses                                        (17.55%)
S1       16         4433437555 L1-dcache-prefetch-misses                                     (17.76%)
S1       16         1148477439 L1-icache-load-misses                                         (17.37%)
S1       16         5273674276 LLC-loads                                                     (17.20%)
S1       16          876563812 LLC-stores                                                    (17.41%)
S1       16         3492235235 LLC-prefetches                                                (8.68%)
S1       16       503541264866 dTLB-loads                                                    (13.12%)
S1       16          766294655 dTLB-load-misses                                              (17.45%)
S1       16       118680235247 dTLB-stores                                                   (17.30%)
S1       16           13686020 dTLB-store-misses                                             (17.45%)
S1       16           14947453 iTLB-loads                                                    (17.13%)
S1       16            5528897 iTLB-load-misses                                              (17.17%)
S1       16       222989524799 branch-loads                                                  (17.21%)
S1       16        18549976927 branch-load-misses                                            (17.16%)
S2       16         2354677655 cache-misses                                                  (16.61%)
S2       16      1549842728308 cycles                    #    0.000 GHz                      (20.74%)
S2       16      1649647735431 instructions              #    0.00  insns per cycle          (24.99%)
S2       16              50626 cs                                                            (100.00%)
S2       16                435 migrations                                                    (100.00%)
S2       16             219515 faults                                                      
S2       16        60000671253 bus-cycles                                                    (25.37%)
S2       16      2296754227722 idle-cycles-frontend      #    0.00% frontend cycles idle     (25.64%)
S2       16      2112733689508 idle-cycles-backend       #    0.00% backend  cycles idle     (26.06%)
S2       16       487924118163 L1-dcache-loads                                               (26.51%)
S2       16         9228227976 L1-dcache-load-misses                                         (17.91%)
S2       16       119190399937 L1-dcache-stores                                              (18.04%)
S2       16         4891145700 L1-dcache-store-misses                                        (17.81%)
S2       16         4022250061 L1-dcache-prefetch-misses                                     (17.62%)
S2       16         1002031892 L1-icache-load-misses                                         (17.64%)
S2       16         4867200724 LLC-loads                                                     (17.58%)
S2       16          817592150 LLC-stores                                                    (17.55%)
S2       16         3256235357 LLC-prefetches                                                (9.05%)
S2       16       494765950625 dTLB-loads                                                    (13.18%)
S2       16          763707820 dTLB-load-misses                                              (17.78%)
S2       16       122342540730 dTLB-stores                                                   (17.66%)
S2       16           13971506 dTLB-store-misses                                             (17.36%)
S2       16            8300990 iTLB-loads                                                    (17.40%)
S2       16            3677024 iTLB-load-misses                                              (17.01%)
S2       16       218150924693 branch-loads                                                  (16.59%)
S2       16        18157869678 branch-load-misses                                            (16.63%)
S3       16         2297599710 cache-misses                                                  (17.04%)
S3       16      1523193420482 cycles                    #    0.000 GHz                      (21.58%)
S3       16      1650336498754 instructions              #    0.00  insns per cycle          (25.63%)
S3       16              56397 cs                                                            (100.00%)
S3       16                909 migrations                                                    (100.00%)
S3       16             217241 faults                                                      
S3       16        62476899195 bus-cycles                                                    (25.77%)
S3       16      2297072976369 idle-cycles-frontend      #    0.00% frontend cycles idle     (26.05%)
S3       16      2188141092084 idle-cycles-backend       #    0.00% backend  cycles idle     (25.90%)
S3       16       477151357500 L1-dcache-loads                                               (26.30%)
S3       16         9320494059 L1-dcache-load-misses                                         (17.84%)
S3       16       117809170161 L1-dcache-stores                                              (17.55%)
S3       16         4935785955 L1-dcache-store-misses                                        (17.13%)
S3       16         4309204868 L1-dcache-prefetch-misses                                     (16.58%)
S3       16         1413111541 L1-icache-load-misses                                         (17.27%)
S3       16         5486157794 LLC-loads                                                     (17.63%)
S3       16          888645099 LLC-stores                                                    (17.48%)
S3       16         3271102240 LLC-prefetches                                                (9.21%)
S3       16       492226348108 dTLB-loads                                                    (13.39%)
S3       16          801203904 dTLB-load-misses                                              (17.68%)
S3       16       120188596662 dTLB-stores                                                   (17.43%)
S3       16           20574411 dTLB-store-misses                                             (17.70%)
S3       16           29494575 iTLB-loads                                                    (17.58%)
S3       16           10747938 iTLB-load-misses                                              (17.17%)
S3       16       211823218812 branch-loads                                                  (17.12%)
S3       16        17569534182 branch-load-misses                                            (17.50%)

     509.971827398 seconds time elapsed

#################################################################
# Test multi-threading - 16 threads - T3
#################################################################
2595643.SNAP-Interleave.penguin.t16
Welcome to SNAP version 1.0beta.23.

Loading index from directory... 173s.  3137208264 bases, seed size 20
Aligning.
Total Reads    Aligned, MAPQ >= 10    Aligned, MAPQ < 10     Unaligned              Too Short/Too Many Ns     Reads/s   Time in Aligner (s)
11,945,249     11,307,498 (94.66%)    476,673 (3.99%)        161,078 (1.35%)        0 (0.00%)                 75,330    159

 Performance counter stats for 'numactl --interleave=0,1 --physcpubind=0,4,8,12,16,20,24,28,1,5,9,13,17,21,25,29 ./snap-aligner single /tmp/data/indexes/HG_index_snap /tmp/data/datasets/gcat_set_039_1.fastq -t 16 -o /scratch/077-hpca4se-bioinf/jlenis/results/SNAP-Interleave/2595643.SNAP-Interleave.penguin.t16.sam':

S0       16         2722909915 cache-misses                                                  (17.76%)
S0       16      1635515468958 cycles                    #    0.000 GHz                      (22.34%)
S0       16      1737066221721 instructions              #   17.38  insns per cycle        
                                             #    0.08  stalled cycles per insn  (26.81%)
S0       16             173089 cs                                                            (100.00%)
S0       16                362 migrations                                                    (100.00%)
S0       16             223238 faults                                                      
S0       16        66560567952 bus-cycles                                                    (26.77%)
S0       16      2260729695514 idle-cycles-frontend      #  2262.00% frontend cycles idle     (27.02%)
S0       16      2131175943972 idle-cycles-backend       #  2132.38% backend  cycles idle     (26.97%)
S0       16       519698207403 L1-dcache-loads                                               (27.16%)
S0       16        10422956757 L1-dcache-load-misses     #   33.71% of all L1-dcache hits    (18.01%)
S0       16       124038256660 L1-dcache-stores                                              (18.13%)
S0       16         5374485200 L1-dcache-store-misses                                        (17.75%)
S0       16         4566318173 L1-dcache-prefetch-misses                                     (17.44%)
S0       16         1499472687 L1-icache-load-misses                                         (16.95%)
S0       16         6064578279 LLC-loads                                                     (16.19%)
S0       16         1230287801 LLC-stores                                                    (16.09%)
S0       16         3578137829 LLC-prefetches                                                (8.34%)
S0       16       516965592836 dTLB-loads                                                    (12.57%)
S0       16         1078237120 dTLB-load-misses          #    3.50% of all dTLB cache hits   (16.79%)
S0       16       116767720701 dTLB-stores                                                   (17.19%)
S0       16           44139516 dTLB-store-misses                                             (17.06%)
S0       16           43241723 iTLB-loads                                                    (17.21%)
S0       16           15157133 iTLB-load-misses          #  1130.23% of all iTLB cache hits   (17.61%)
S0       16       223581281358 branch-loads                                                  (17.51%)
S0       16        18830650662 branch-load-misses                                            (17.79%)
S1       16         3098166916 cache-misses                                                  (17.29%)
S1       16      1647526849967 cycles                    #    0.000 GHz                      (21.49%)
S1       16      1716390549710 instructions              #    0.00  insns per cycle          (25.88%)
S1       16             423266 cs                                                            (100.00%)
S1       16                593 migrations                                                    (100.00%)
S1       16             229252 faults                                                      
S1       16        67725319440 bus-cycles                                                    (26.09%)
S1       16      2408941705642 idle-cycles-frontend      #    0.00% frontend cycles idle     (25.81%)
S1       16      2201739171886 idle-cycles-backend       #    0.00% backend  cycles idle     (26.29%)
S1       16       502865239174 L1-dcache-loads                                               (26.12%)
S1       16        10949203529 L1-dcache-load-misses                                         (17.58%)
S1       16       128187787369 L1-dcache-stores                                              (17.23%)
S1       16         6113424382 L1-dcache-store-misses                                        (17.08%)
S1       16         5027720870 L1-dcache-prefetch-misses                                     (17.12%)
S1       16         1646214566 L1-icache-load-misses                                         (17.73%)
S1       16         6019332250 LLC-loads                                                     (17.75%)
S1       16         1746776069 LLC-stores                                                    (17.72%)
S1       16         3715773316 LLC-prefetches                                                (8.98%)
S1       16       498867939856 dTLB-loads                                                    (13.44%)
S1       16         1101487881 dTLB-load-misses                                              (17.43%)
S1       16       129992423689 dTLB-stores                                                   (17.64%)
S1       16           46558438 dTLB-store-misses                                             (17.59%)
S1       16           26160650 iTLB-loads                                                    (17.41%)
S1       16            7299589 iTLB-load-misses                                              (17.28%)
S1       16       228882553479 branch-loads                                                  (17.27%)
S1       16        19001476724 branch-load-misses                                            (17.01%)
S2       16         2363854275 cache-misses                                                  (17.65%)
S2       16      1564050447937 cycles                    #    0.000 GHz                      (22.09%)
S2       16      1617434797673 instructions              #    0.00  insns per cycle          (26.35%)
S2       16              34297 cs                                                            (100.00%)
S2       16                197 migrations                                                    (100.00%)
S2       16             206231 faults                                                      
S2       16        61781367566 bus-cycles                                                    (26.21%)
S2       16      2313245830758 idle-cycles-frontend      #    0.00% frontend cycles idle     (25.47%)
S2       16      2146261855510 idle-cycles-backend       #    0.00% backend  cycles idle     (25.72%)
S2       16       476755423746 L1-dcache-loads                                               (25.43%)
S2       16         9134322282 L1-dcache-load-misses                                         (16.79%)
S2       16       121018096049 L1-dcache-stores                                              (17.34%)
S2       16         4995560657 L1-dcache-store-misses                                        (17.89%)
S2       16         4279034293 L1-dcache-prefetch-misses                                     (18.14%)
S2       16          985621508 L1-icache-load-misses                                         (18.11%)
S2       16         5263626212 LLC-loads                                                     (17.47%)
S2       16          885105532 LLC-stores                                                    (17.96%)
S2       16         3216224520 LLC-prefetches                                                (9.49%)
S2       16       471548616528 dTLB-loads                                                    (14.26%)
S2       16          670497837 dTLB-load-misses                                              (18.06%)
S2       16       111903387556 dTLB-stores                                                   (17.48%)
S2       16           12267084 dTLB-store-misses                                             (17.09%)
S2       16            5381062 iTLB-loads                                                    (16.92%)
S2       16            4132592 iTLB-load-misses                                              (16.69%)
S2       16       220051104521 branch-loads                                                  (16.57%)
S2       16        18190660882 branch-load-misses                                            (16.73%)
S3       16         2499384977 cache-misses                                                  (17.28%)
S3       16      1549307097610 cycles                    #    0.000 GHz                      (21.70%)
S3       16      1643048469474 instructions              #    0.00  insns per cycle          (25.62%)
S3       16              40932 cs                                                            (100.00%)
S3       16                516 migrations                                                    (100.00%)
S3       16             209409 faults                                                      
S3       16        63903849557 bus-cycles                                                    (25.81%)
S3       16      2258722829743 idle-cycles-frontend      #    0.00% frontend cycles idle     (26.02%)
S3       16      2056865256440 idle-cycles-backend       #    0.00% backend  cycles idle     (26.18%)
S3       16       479797696257 L1-dcache-loads                                               (26.17%)
S3       16         9307869126 L1-dcache-load-misses                                         (18.45%)
S3       16       116180572064 L1-dcache-stores                                              (18.50%)
S3       16         5074882197 L1-dcache-store-misses                                        (17.81%)
S3       16         4259873809 L1-dcache-prefetch-misses                                     (18.06%)
S3       16         1034878187 L1-icache-load-misses                                         (17.59%)
S3       16         5136430490 LLC-loads                                                     (17.35%)
S3       16          851314425 LLC-stores                                                    (17.30%)
S3       16         3452392467 LLC-prefetches                                                (8.29%)
S3       16       482081794306 dTLB-loads                                                    (12.64%)
S3       16          708229716 dTLB-load-misses                                              (16.77%)
S3       16       113930400176 dTLB-stores                                                   (16.79%)
S3       16           11702399 dTLB-store-misses                                             (17.19%)
S3       16           11044886 iTLB-loads                                                    (17.08%)
S3       16            5255552 iTLB-load-misses                                              (17.44%)
S3       16       217027248388 branch-loads                                                  (17.24%)
S3       16        18517043996 branch-load-misses                                            (16.90%)

     332.194387519 seconds time elapsed

#################################################################
# Test multi-threading - 32 threads - T4 
#################################################################
2595643.SNAP-Interleave.penguin.t32
Welcome to SNAP version 1.0beta.23.

Loading index from directory... 25s.  3137208264 bases, seed size 20
Aligning.
Total Reads    Aligned, MAPQ >= 10    Aligned, MAPQ < 10     Unaligned              Too Short/Too Many Ns     Reads/s   Time in Aligner (s)
11,945,249     11,307,498 (94.66%)    476,673 (3.99%)        161,078 (1.35%)        0 (0.00%)                 134,296   89

 Performance counter stats for 'numactl --interleave=0,1 --physcpubind=0,4,8,12,16,20,24,28,32,36,40,44,48,52,56,60,1,5,9,13,17,21,25,29,33,37,41,45,49,53,57,61 ./snap-aligner single /tmp/data/indexes/HG_index_snap /tmp/data/datasets/gcat_set_039_1.fastq -t 32 -o /scratch/077-hpca4se-bioinf/jlenis/results/SNAP-Interleave/2595643.SNAP-Interleave.penguin.t32.sam':

S0       16         3732518080 cache-misses                                                  (15.55%)
S0       16      1779706294409 cycles                    #    0.000 GHz                      (20.27%)
S0       16      1769155377661 instructions              #   16.72  insns per cycle        
                                             #    0.08  stalled cycles per insn  (25.22%)
S0       16              39493 cs                                                            (100.00%)
S0       16                170 migrations                                                    (100.00%)
S0       16             218163 faults                                                      
S0       16        71441910215 bus-cycles                                                    (26.04%)
S0       16      2290243824349 idle-cycles-frontend      #  2163.86% frontend cycles idle     (27.31%)
S0       16      2081927889368 idle-cycles-backend       #  1967.04% backend  cycles idle     (28.58%)
S0       16       453275136457 L1-dcache-loads                                               (28.76%)
S0       16         9932895293 L1-dcache-load-misses     #   34.34% of all L1-dcache hits    (19.16%)
S0       16       124067288659 L1-dcache-stores                                              (18.97%)
S0       16         5958613645 L1-dcache-store-misses                                        (18.62%)
S0       16         5022030222 L1-dcache-prefetch-misses                                     (18.41%)
S0       16         1490656380 L1-icache-load-misses                                         (17.92%)
S0       16         5691338314 LLC-loads                                                     (17.78%)
S0       16         1822401229 LLC-stores                                                    (17.55%)
S0       16         3793659798 LLC-prefetches                                                (8.46%)
S0       16       548109683996 dTLB-loads                                                    (12.57%)
S0       16         1443919352 dTLB-load-misses          #    4.34% of all dTLB cache hits   (16.54%)
S0       16       147637028504 dTLB-stores                                                   (16.21%)
S0       16           90036195 dTLB-store-misses                                             (16.07%)
S0       16           42116942 iTLB-loads                                                    (15.78%)
S0       16            8549375 iTLB-load-misses          #  632.96% of all iTLB cache hits   (15.76%)
S0       16       269333786038 branch-loads                                                  (15.61%)
S0       16        21923072081 branch-load-misses                                            (14.92%)
S1       16         2936567869 cache-misses                                                  (17.06%)
S1       16      1608738238826 cycles                    #    0.000 GHz                      (21.69%)
S1       16      1672989853547 instructions              #    0.00  insns per cycle          (26.00%)
S1       16              41825 cs                                                            (100.00%)
S1       16                185 migrations                                                    (100.00%)
S1       16             218067 faults                                                      
S1       16        67516790428 bus-cycles                                                    (26.19%)
S1       16      2356990159936 idle-cycles-frontend      #    0.00% frontend cycles idle     (26.75%)
S1       16      2161567958528 idle-cycles-backend       #    0.00% backend  cycles idle     (27.01%)
S1       16       476644890282 L1-dcache-loads                                               (26.82%)
S1       16         9187873049 L1-dcache-load-misses                                         (18.01%)
S1       16       116726001616 L1-dcache-stores                                              (17.67%)
S1       16         5267794799 L1-dcache-store-misses                                        (17.63%)
S1       16         4591321760 L1-dcache-prefetch-misses                                     (17.43%)
S1       16         1100326413 L1-icache-load-misses                                         (17.49%)
S1       16         5543528708 LLC-loads                                                     (17.79%)
S1       16         1314300076 LLC-stores                                                    (17.60%)
S1       16         3731028751 LLC-prefetches                                                (8.85%)
S1       16       550474048030 dTLB-loads                                                    (12.85%)
S1       16          849768094 dTLB-load-misses                                              (16.79%)
S1       16       138454492565 dTLB-stores                                                   (16.81%)
S1       16           16423152 dTLB-store-misses                                             (16.72%)
S1       16           22788206 iTLB-loads                                                    (16.87%)
S1       16            9075660 iTLB-load-misses                                              (16.95%)
S1       16       240421206737 branch-loads                                                  (16.81%)
S1       16        20148211531 branch-load-misses                                            (16.72%)
S2       16         3043060188 cache-misses                                                  (16.05%)
S2       16      1725626743105 cycles                    #    0.000 GHz                      (20.99%)
S2       16      1739176904017 instructions              #    0.00  insns per cycle          (25.58%)
S2       16              30071 cs                                                            (100.00%)
S2       16                142 migrations                                                    (100.00%)
S2       16             205258 faults                                                      
S2       16        72193932713 bus-cycles                                                    (25.26%)
S2       16      2312634903436 idle-cycles-frontend      #    0.00% frontend cycles idle     (25.89%)
S2       16      2136372000408 idle-cycles-backend       #    0.00% backend  cycles idle     (26.75%)
S2       16       472356947278 L1-dcache-loads                                               (26.93%)
S2       16         8583777863 L1-dcache-load-misses                                         (18.49%)
S2       16       105822320092 L1-dcache-stores                                              (18.74%)
S2       16         4540556753 L1-dcache-store-misses                                        (18.00%)
S2       16         3740788811 L1-dcache-prefetch-misses                                     (18.59%)
S2       16          933545307 L1-icache-load-misses                                         (17.81%)
S2       16         4645702162 LLC-loads                                                     (18.43%)
S2       16          876097772 LLC-stores                                                    (18.44%)
S2       16         3350776388 LLC-prefetches                                                (9.61%)
S2       16       513337452110 dTLB-loads                                                    (13.96%)
S2       16          749930414 dTLB-load-misses                                              (17.24%)
S2       16       124197045378 dTLB-stores                                                   (16.78%)
S2       16           11409725 dTLB-store-misses                                             (16.83%)
S2       16            4826017 iTLB-loads                                                    (15.60%)
S2       16            3942589 iTLB-load-misses                                              (15.70%)
S2       16       252802974063 branch-loads                                                  (15.91%)
S2       16        21759262110 branch-load-misses                                            (16.20%)
S3       16         2872788422 cache-misses                                                  (16.29%)
S3       16      1659740071820 cycles                    #    0.000 GHz                      (20.81%)
S3       16      1656380144131 instructions              #    0.00  insns per cycle          (25.28%)
S3       16              32568 cs                                                            (100.00%)
S3       16                248 migrations                                                    (100.00%)
S3       16             207112 faults                                                      
S3       16        69132796309 bus-cycles                                                    (26.06%)
S3       16      2260582929409 idle-cycles-frontend      #    0.00% frontend cycles idle     (26.73%)
S3       16      2074159668612 idle-cycles-backend       #    0.00% backend  cycles idle     (27.01%)
S3       16       449050750774 L1-dcache-loads                                               (27.28%)
S3       16         8396313608 L1-dcache-load-misses                                         (17.90%)
S3       16       108483252571 L1-dcache-stores                                              (17.92%)
S3       16         4737740850 L1-dcache-store-misses                                        (17.99%)
S3       16         3988808563 L1-dcache-prefetch-misses                                     (18.13%)
S3       16          929452447 L1-icache-load-misses                                         (18.42%)
S3       16         4871508507 LLC-loads                                                     (18.27%)
S3       16          894559497 LLC-stores                                                    (18.32%)
S3       16         3366805482 LLC-prefetches                                                (9.00%)
S3       16       518929182060 dTLB-loads                                                    (13.44%)
S3       16          741607638 dTLB-load-misses                                              (17.18%)
S3       16       126730944467 dTLB-stores                                                   (16.95%)
S3       16           11277609 dTLB-store-misses                                             (16.44%)
S3       16           16714019 iTLB-loads                                                    (15.73%)
S3       16            6078892 iTLB-load-misses                                              (15.92%)
S3       16       248057018492 branch-loads                                                  (15.65%)
S3       16        20654675636 branch-load-misses                                            (15.77%)

     114.766493284 seconds time elapsed

#################################################################
# Test multi-threading - 48 threads - T5
#################################################################
2595643.SNAP-Interleave.penguin.t48
Welcome to SNAP version 1.0beta.23.

Loading index from directory... 26s.  3137208264 bases, seed size 20
Aligning.
Total Reads    Aligned, MAPQ >= 10    Aligned, MAPQ < 10     Unaligned              Too Short/Too Many Ns     Reads/s   Time in Aligner (s)
11,945,249     11,307,498 (94.66%)    476,673 (3.99%)        161,078 (1.35%)        0 (0.00%)                 160,422   74

 Performance counter stats for 'numactl --interleave=0-2 --physcpubind=0,4,8,12,16,20,24,28,32,36,40,44,48,52,56,60,1,5,9,13,17,21,25,29,33,37,41,45,49,53,57,61,2,6,10,14,18,22,26,30,34,38,42,46,50,54,58,62 ./snap-aligner single /tmp/data/indexes/HG_index_snap /tmp/data/datasets/gcat_set_039_1.fastq -t 48 -o /scratch/077-hpca4se-bioinf/jlenis/results/SNAP-Interleave/2595643.SNAP-Interleave.penguin.t48.sam':

S0       16         3725254778 cache-misses                                                  (14.83%)
S0       16      2084194073957 cycles                    #    0.000 GHz                      (19.43%)
S0       16      1729267575531 instructions              #   12.87  insns per cycle        
                                             #    0.07  stalled cycles per insn  (24.04%)
S0       16              35145 cs                                                            (100.00%)
S0       16                168 migrations                                                    (100.00%)
S0       16             208971 faults                                                      
S0       16        88673595804 bus-cycles                                                    (24.99%)
S0       16      1757814210499 idle-cycles-frontend      #  1308.15% frontend cycles idle     (26.37%)
S0       16      1313197564374 idle-cycles-backend       #  977.27% backend  cycles idle     (27.76%)
S0       16       426779194780 L1-dcache-loads                                               (28.86%)
S0       16         8391307067 L1-dcache-load-misses     #   29.47% of all L1-dcache hits    (19.59%)
S0       16       102948092462 L1-dcache-stores                                              (18.88%)
S0       16         4605826206 L1-dcache-store-misses                                        (18.81%)
S0       16         3524862174 L1-dcache-prefetch-misses                                     (18.61%)
S0       16         1048797317 L1-icache-load-misses                                         (18.93%)
S0       16         4867147793 LLC-loads                                                     (19.36%)
S0       16         1099332005 LLC-stores                                                    (19.41%)
S0       16         3297769094 LLC-prefetches                                                (9.08%)
S0       16       484528054173 dTLB-loads                                                    (12.78%)
S0       16         1003970650 dTLB-load-misses          #    3.20% of all dTLB cache hits   (17.06%)
S0       16       129893073745 dTLB-stores                                                   (15.89%)
S0       16           23173826 dTLB-store-misses                                             (15.59%)
S0       16          457097467 iTLB-loads                                                    (15.38%)
S0       16           72744989 iTLB-load-misses          #  275.62% of all iTLB cache hits   (14.72%)
S0       16       262077322829 branch-loads                                                  (14.70%)
S0       16        22517440525 branch-load-misses                                            (14.22%)
S1       16         4328570299 cache-misses                                                  (16.18%)
S1       16      2234950235033 cycles                    #    0.000 GHz                      (20.26%)
S1       16      1825534807048 instructions              #    0.00  insns per cycle          (24.77%)
S1       16              43100 cs                                                            (100.00%)
S1       16                204 migrations                                                    (100.00%)
S1       16             231575 faults                                                      
S1       16        91041527924 bus-cycles                                                    (25.45%)
S1       16      1983855894976 idle-cycles-frontend      #    0.00% frontend cycles idle     (25.42%)
S1       16      1532570985327 idle-cycles-backend       #    0.00% backend  cycles idle     (25.84%)
S1       16       468456880111 L1-dcache-loads                                               (26.38%)
S1       16        10628611018 L1-dcache-load-misses                                         (18.35%)
S1       16       115667369478 L1-dcache-stores                                              (18.27%)
S1       16         5946981086 L1-dcache-store-misses                                        (18.51%)
S1       16         4372490862 L1-dcache-prefetch-misses                                     (18.67%)
S1       16         1394406828 L1-icache-load-misses                                         (18.47%)
S1       16         6000191116 LLC-loads                                                     (18.89%)
S1       16         2295449804 LLC-stores                                                    (19.15%)
S1       16         3983904899 LLC-prefetches                                                (9.46%)
S1       16       520151022713 dTLB-loads                                                    (13.28%)
S1       16         1310110197 dTLB-load-misses                                              (17.86%)
S1       16       143476612524 dTLB-stores                                                   (16.73%)
S1       16           81260693 dTLB-store-misses                                             (16.29%)
S1       16          360643869 iTLB-loads                                                    (16.64%)
S1       16           84332897 iTLB-load-misses                                              (15.51%)
S1       16       266296417131 branch-loads                                                  (15.85%)
S1       16        22807302059 branch-load-misses                                            (15.81%)
S2       16         3549502914 cache-misses                                                  (15.86%)
S2       16      2129333109725 cycles                    #    0.000 GHz                      (19.96%)
S2       16      1824640659295 instructions              #    0.00  insns per cycle          (24.17%)
S2       16              33896 cs                                                            (100.00%)
S2       16                218 migrations                                                    (100.00%)
S2       16             215003 faults                                                      
S2       16        87066859942 bus-cycles                                                    (25.39%)
S2       16      1825266093647 idle-cycles-frontend      #    0.00% frontend cycles idle     (26.20%)
S2       16      1336678978452 idle-cycles-backend       #    0.00% backend  cycles idle     (26.93%)
S2       16       466860066701 L1-dcache-loads                                               (27.42%)
S2       16         9341348801 L1-dcache-load-misses                                         (19.73%)
S2       16       111272910716 L1-dcache-stores                                              (19.03%)
S2       16         5105586795 L1-dcache-store-misses                                        (19.50%)
S2       16         3679343889 L1-dcache-prefetch-misses                                     (19.01%)
S2       16         1167209685 L1-icache-load-misses                                         (18.90%)
S2       16         5527947793 LLC-loads                                                     (18.99%)
S2       16         1252663195 LLC-stores                                                    (18.63%)
S2       16         3747613705 LLC-prefetches                                                (8.90%)
S2       16       527654717539 dTLB-loads                                                    (12.89%)
S2       16         1081995348 dTLB-load-misses                                              (16.56%)
S2       16       138574180881 dTLB-stores                                                   (15.69%)
S2       16           85280196 dTLB-store-misses                                             (15.11%)
S2       16          413084074 iTLB-loads                                                    (15.17%)
S2       16           61728832 iTLB-load-misses                                              (15.31%)
S2       16       261938665709 branch-loads                                                  (15.48%)
S2       16        22529339626 branch-load-misses                                            (15.62%)
S3       16         3509147647 cache-misses                                                  (16.06%)
S3       16      2151466770202 cycles                    #    0.000 GHz                      (20.61%)
S3       16      1771642174078 instructions              #    0.00  insns per cycle          (25.16%)
S3       16              32637 cs                                                            (100.00%)
S3       16                212 migrations                                                    (100.00%)
S3       16             209914 faults                                                      
S3       16        88489226104 bus-cycles                                                    (26.36%)
S3       16      1883257273923 idle-cycles-frontend      #    0.00% frontend cycles idle     (26.98%)
S3       16      1451721194768 idle-cycles-backend       #    0.00% backend  cycles idle     (27.68%)
S3       16       459999880021 L1-dcache-loads                                               (27.71%)
S3       16         9051842239 L1-dcache-load-misses                                         (18.07%)
S3       16       108000910928 L1-dcache-stores                                              (18.07%)
S3       16         4874089233 L1-dcache-store-misses                                        (18.20%)
S3       16         3513844612 L1-dcache-prefetch-misses                                     (18.29%)
S3       16         1045966675 L1-icache-load-misses                                         (18.21%)
S3       16         5243518337 LLC-loads                                                     (18.38%)
S3       16         1210293500 LLC-stores                                                    (18.56%)
S3       16         3405281428 LLC-prefetches                                                (9.17%)
S3       16       474015188955 dTLB-loads                                                    (13.18%)
S3       16          911056442 dTLB-load-misses                                              (16.89%)
S3       16       127339478697 dTLB-stores                                                   (16.15%)
S3       16           20726860 dTLB-store-misses                                             (15.93%)
S3       16          458338546 iTLB-loads                                                    (15.73%)
S3       16           69445670 iTLB-load-misses                                              (15.84%)
S3       16       257885416061 branch-loads                                                  (15.62%)
S3       16        22452814408 branch-load-misses                                            (15.31%)

     100.827391110 seconds time elapsed

#################################################################
# Test multi-threading - 64 threads - T6
#################################################################
2595643.SNAP-Interleave.penguin.t64
Welcome to SNAP version 1.0beta.23.

Loading index from directory... 27s.  3137208264 bases, seed size 20
Aligning.
Total Reads    Aligned, MAPQ >= 10    Aligned, MAPQ < 10     Unaligned              Too Short/Too Many Ns     Reads/s   Time in Aligner (s)
11,945,249     11,307,498 (94.66%)    476,673 (3.99%)        161,078 (1.35%)        0 (0.00%)                 182,637   65

 Performance counter stats for 'numactl --interleave=0-3 --physcpubind=0-63 ./snap-aligner single /tmp/data/indexes/HG_index_snap /tmp/data/datasets/gcat_set_039_1.fastq -t 64 -o /scratch/077-hpca4se-bioinf/jlenis/results/SNAP-Interleave/2595643.SNAP-Interleave.penguin.t64.sam':

S0       16         3721242498 cache-misses                                                  (15.52%)
S0       16      2234703547695 cycles                    #    0.000 GHz                      (20.19%)
S0       16      1649402984375 instructions              #   10.97  insns per cycle        
                                             #    0.06  stalled cycles per insn  (24.94%)
S0       16              43570 cs                                                            (100.00%)
S0       16                132 migrations                                                    (100.00%)
S0       16             202536 faults                                                      
S0       16       100486052000 bus-cycles                                                    (25.96%)
S0       16      1391555427932 idle-cycles-frontend      #  925.36% frontend cycles idle     (27.41%)
S0       16       859179671478 idle-cycles-backend       #  571.34% backend  cycles idle     (28.15%)
S0       16       432837311242 L1-dcache-loads                                               (28.29%)
S0       16         9064729932 L1-dcache-load-misses     #   31.06% of all L1-dcache hits    (18.71%)
S0       16       106340757332 L1-dcache-stores                                              (18.45%)
S0       16         4896280414 L1-dcache-store-misses                                        (18.53%)
S0       16         3189020247 L1-dcache-prefetch-misses                                     (18.92%)
S0       16         1154198281 L1-icache-load-misses                                         (18.80%)
S0       16         5344334364 LLC-loads                                                     (18.46%)
S0       16         1363741801 LLC-stores                                                    (18.30%)
S0       16         3633728132 LLC-prefetches                                                (9.15%)
S0       16       459428430664 dTLB-loads                                                    (13.40%)
S0       16          862198010 dTLB-load-misses          #    2.81% of all dTLB cache hits   (17.14%)
S0       16       118791978208 dTLB-stores                                                   (16.51%)
S0       16           55726230 dTLB-store-misses                                             (15.63%)
S0       16          712236459 iTLB-loads                                                    (15.13%)
S0       16          182842476 iTLB-load-misses          #  399.88% of all iTLB cache hits   (15.11%)
S0       16       247280177771 branch-loads                                                  (14.71%)
S0       16        21375316306 branch-load-misses                                            (14.80%)
S1       16         3863317039 cache-misses                                                  (16.17%)
S1       16      2369878212182 cycles                    #    0.000 GHz                      (21.01%)
S1       16      1773437281436 instructions              #    0.00  insns per cycle          (25.18%)
S1       16              44639 cs                                                            (100.00%)
S1       16                141 migrations                                                    (100.00%)
S1       16             214993 faults                                                      
S1       16       101154392074 bus-cycles                                                    (25.25%)
S1       16      1597637636180 idle-cycles-frontend      #    0.00% frontend cycles idle     (25.95%)
S1       16      1006652615646 idle-cycles-backend       #    0.00% backend  cycles idle     (26.58%)
S1       16       486728539746 L1-dcache-loads                                               (26.59%)
S1       16        10147582267 L1-dcache-load-misses                                         (18.19%)
S1       16       116975803740 L1-dcache-stores                                              (18.70%)
S1       16         5427526292 L1-dcache-store-misses                                        (18.27%)
S1       16         3705247407 L1-dcache-prefetch-misses                                     (18.17%)
S1       16         1197410261 L1-icache-load-misses                                         (18.35%)
S1       16         5827202375 LLC-loads                                                     (19.07%)
S1       16         1445533369 LLC-stores                                                    (18.41%)
S1       16         3928480027 LLC-prefetches                                                (9.61%)
S1       16       495354812723 dTLB-loads                                                    (13.75%)
S1       16          903959475 dTLB-load-misses                                              (17.62%)
S1       16       125445247112 dTLB-stores                                                   (16.96%)
S1       16           92253642 dTLB-store-misses                                             (16.89%)
S1       16          619059569 iTLB-loads                                                    (15.65%)
S1       16          144955683 iTLB-load-misses                                              (15.44%)
S1       16       259347010702 branch-loads                                                  (15.33%)
S1       16        22464470304 branch-load-misses                                            (15.98%)
S2       16         4968445480 cache-misses                                                  (15.11%)
S2       16      2580629658981 cycles                    #    0.000 GHz                      (19.82%)
S2       16      1836298248514 instructions              #    0.00  insns per cycle          (24.38%)
S2       16              40761 cs                                                            (100.00%)
S2       16                172 migrations                                                    (100.00%)
S2       16             228853 faults                                                      
S2       16       105569315983 bus-cycles                                                    (25.34%)
S2       16      1729849832905 idle-cycles-frontend      #    0.00% frontend cycles idle     (26.49%)
S2       16      1126292753169 idle-cycles-backend       #    0.00% backend  cycles idle     (27.60%)
S2       16       486555028898 L1-dcache-loads                                               (27.63%)
S2       16        11780212543 L1-dcache-load-misses                                         (18.48%)
S2       16       121503069663 L1-dcache-stores                                              (18.67%)
S2       16         6282881349 L1-dcache-store-misses                                        (18.90%)
S2       16         4195332252 L1-dcache-prefetch-misses                                     (18.98%)
S2       16         1564531955 L1-icache-load-misses                                         (19.19%)
S2       16         6279685412 LLC-loads                                                     (19.29%)
S2       16         2573616359 LLC-stores                                                    (19.20%)
S2       16         4060726058 LLC-prefetches                                                (9.47%)
S2       16       488169029553 dTLB-loads                                                    (13.81%)
S2       16         1357672099 dTLB-load-misses                                              (17.58%)
S2       16       135709803842 dTLB-stores                                                   (16.73%)
S2       16          124798865 dTLB-store-misses                                             (15.42%)
S2       16          892841366 iTLB-loads                                                    (14.78%)
S2       16          158322907 iTLB-load-misses                                              (14.49%)
S2       16       281278721874 branch-loads                                                  (14.17%)
S2       16        24302531166 branch-load-misses                                            (14.13%)
S3       16         4045165114 cache-misses                                                  (15.66%)
S3       16      2439074102342 cycles                    #    0.000 GHz                      (20.60%)
S3       16      1844695725741 instructions              #    0.00  insns per cycle          (24.18%)
S3       16              36737 cs                                                            (100.00%)
S3       16                117 migrations                                                    (100.00%)
S3       16             215452 faults                                                      
S3       16       104898793860 bus-cycles                                                    (24.74%)
S3       16      1622597436328 idle-cycles-frontend      #    0.00% frontend cycles idle     (25.68%)
S3       16       973760743118 idle-cycles-backend       #    0.00% backend  cycles idle     (27.13%)
S3       16       461446875770 L1-dcache-loads                                               (27.85%)
S3       16         9633973635 L1-dcache-load-misses                                         (19.34%)
S3       16       104749422193 L1-dcache-stores                                              (20.64%)
S3       16         5051514276 L1-dcache-store-misses                                        (19.56%)
S3       16         3550243101 L1-dcache-prefetch-misses                                     (19.09%)
S3       16         1098126669 L1-icache-load-misses                                         (18.97%)
S3       16         5689874624 LLC-loads                                                     (19.37%)
S3       16         1478056646 LLC-stores                                                    (18.39%)
S3       16         3677567710 LLC-prefetches                                                (10.39%)
S3       16       518623804456 dTLB-loads                                                    (13.28%)
S3       16          931407592 dTLB-load-misses                                              (16.58%)
S3       16       133248656050 dTLB-stores                                                   (16.03%)
S3       16           78438294 dTLB-store-misses                                             (14.93%)
S3       16          702228683 iTLB-loads                                                    (14.02%)
S3       16          204237562 iTLB-load-misses                                              (14.90%)
S3       16       270586802020 branch-loads                                                  (15.28%)
S3       16        23961948981 branch-load-misses                                            (15.02%)

      93.222241660 seconds time elapsed

#################################################################
#################################################################
