mkdir: cannot create directory `/scratch/077-hpca4se-bioinf/jlenis/results/GEM-Part': File exists
> Benchmarks for GEM3 : NIST7086_CGTACTAG_L002_R2_001
batman
#################################################################
# Test multi-threading - 8 threads - T2
#################################################################
2593171.GEM-Part.batman.Instance1.t16
#################################################################
# Test multi-threading - 8 threads - T2
#################################################################
2593171.GEM-Part.batman.Instance2.t16
#################################################################
# Test multi-threading - 8 threads - T2
#################################################################
2593171.GEM-Part.batman.Instance3.t16
#################################################################
# Test multi-threading - 8 threads - T2
#################################################################
2593171.GEM-Part.batman.Instance4.t16
#################################################################
/var/log/slurm/log_slurmd//job2593171/slurm_script: line 89: [: missing `]'
/var/log/slurm/log_slurmd//job2593171/slurm_script: line 90: [: missing `]'
/var/log/slurm/log_slurmd//job2593171/slurm_script: line 91: [: missing `]'
