mkdir: cannot create directory `/scratch/077-hpca4se-bioinf/jlenis/results/MEM-Part': File exists
> Benchmarks for BWA 0.7.15: NIST7086_CGTACTAG_L002_R2_001
batman
#################################################################
# Warm up - 64 threads - T1
#################################################################
#################################################################
# Test multi-threading - 8 threads - T2
#################################################################
2593111.MEM-Part.batman.Instance1.t8
#################################################################
# Test multi-threading - 8 threads - T2
#################################################################
2593111.MEM-Part.batman.Instance2.t8
#################################################################
# Test multi-threading - 8 threads - T2
#################################################################
2593111.MEM-Part.batman.Instance3.t8
#################################################################
# Test multi-threading - 8 threads - T2
#################################################################
2593111.MEM-Part.batman.Instance4.t8
#################################################################
# Test multi-threading - 8 threads - T2
#################################################################
2593111.MEM-Part.batman.Instance5.t8
#################################################################
# Test multi-threading - 8 threads - T2
#################################################################
2593111.MEM-Part.batman.Instance6.t8
#################################################################
# Test multi-threading - 8 threads - T2
#################################################################
2593111.MEM-Part.batman.Instance7.t8
#################################################################
# Test multi-threading - 8 threads - T2
#################################################################
2593111.MEM-Part.batman.Instance8.t8
#################################################################
/var/log/slurm/log_slurmd//job2593111/slurm_script: line 135: [: missing `]'
/var/log/slurm/log_slurmd//job2593111/slurm_script: line 136: [: missing `]'
/var/log/slurm/log_slurmd//job2593111/slurm_script: line 137: [: missing `]'
/var/log/slurm/log_slurmd//job2593111/slurm_script: line 138: [: missing `]'
/var/log/slurm/log_slurmd//job2593111/slurm_script: line 139: [: missing `]'
/var/log/slurm/log_slurmd//job2593111/slurm_script: line 140: [: missing `]'
/var/log/slurm/log_slurmd//job2593111/slurm_script: line 141: [: missing `]'
