mkdir: cannot create directory `/scratch/077-hpca4se-bioinf/jlenis/results/SNAP-Part': File exists
> Benchmarks for snap-beta.18: NIST7086_CGTACTAG_L002_R2_001
batman
#################################################################
# Test multi-threading - 8 threads - T2
#################################################################
2593148.SNAP-Part.batman.Instance1.t32
#################################################################
# Test multi-threading - 8 threads - T2
#################################################################
2593148.SNAP-Part.batman.Instance2.t32
Loading index from directory... Loading index from directory... 830s.  3137208264 bases, seed size 20
Aligning.
Total Reads    Aligned, MAPQ >= 10    Aligned, MAPQ < 10     Unaligned              Too Short/Too Many Ns     Reads/s   Time in Aligner (s)
10,767,531     8,671,984 (80.54%)     1,438,982 (13.36%)     301,062 (2.80%)        355,503 (3.30%)           488,013   22
/var/log/slurm/log_slurmd//job2593148/slurm_script: line 72: [: missing `]'
862s.  3137208264 bases, seed size 20
Aligning.
Total Reads    Aligned, MAPQ >= 10    Aligned, MAPQ < 10     Unaligned              Too Short/Too Many Ns     Reads/s   Time in Aligner (s)
10,767,531     8,661,624 (80.44%)     1,436,815 (13.34%)     275,513 (2.56%)        393,579 (3.66%)           331,278   33
