mkdir: cannot create directory `/scratch/077-hpca4se-bioinf/jlenis/results/BOWTIE2-Scalability': File exists
> Benchmarks for Bowtie2 2.2.6: NIST7086_CGTACTAG_L002_R2_001
penguin
#################################################################
# Warm up - 64 threads - T1
#################################################################
WarmUp.2592627.BOWTIE2-Scalability.penguin.t64
21535062 reads; of these:
  21535062 (100.00%) were unpaired; of these:
    970429 (4.51%) aligned 0 times
    14935119 (69.35%) aligned exactly 1 time
    5629514 (26.14%) aligned >1 times
95.49% overall alignment rate
#################################################################
# Test multi-threading - 8 threads - T2
#################################################################
2592627.BOWTIE2-Scalability.penguin.t8
21535062 reads; of these:
  21535062 (100.00%) were unpaired; of these:
    970429 (4.51%) aligned 0 times
    14935119 (69.35%) aligned exactly 1 time
    5629514 (26.14%) aligned >1 times
95.49% overall alignment rate

 Performance counter stats for './bowtie2 -p 8 -x /tmp/data/indexes/HG_index_bowtie2/bowtie2_index /tmp/data/datasets/NIST7086_CGTACTAG_L002_R2_001.fastq -S /scratch/077-hpca4se-bioinf/jlenis/results/BOWTIE2-Scalability/2592627.BOWTIE2-Scalability.penguin.t8.sam':

S0       16      5,325,943,158 cache-misses                                                  (17.31%)
S0       16  3,492,308,088,988 cycles                    #    0.000 GHz                      (21.81%)
S0       16  4,135,375,477,691 instructions              #   19.18  insns per cycle        
                                             #    0.08  stalled cycles per insn  (26.10%)
S0       16            129,577 cs                                                            (100.00%)
S0       16              1,756 migrations                                                    (100.00%)
S0       16             56,217 faults                                                      
S0       16    135,779,206,269 bus-cycles                                                    (25.53%)
S0       16  5,377,880,084,024 idle-cycles-frontend      #  2494.34% frontend cycles idle     (24.62%)
S0       16  4,950,827,728,218 idle-cycles-backend       #  2296.26% backend  cycles idle     (24.35%)
S0       16  1,094,790,399,675 L1-dcache-loads                                               (24.25%)
S0       16     46,222,877,901 L1-dcache-load-misses     #   73.96% of all L1-dcache hits    (18.20%)
S0       16    547,537,522,611 L1-dcache-stores                                              (17.90%)
S0       16     27,458,191,861 L1-dcache-store-misses                                        (16.81%)
S0       16     21,496,957,612 L1-dcache-prefetch-misses                                     (17.36%)
S0       16     14,635,945,154 L1-icache-load-misses                                         (16.85%)
S0       16     12,098,410,097 LLC-loads                                                     (17.78%)
S0       16      7,277,125,697 LLC-stores                                                    (19.08%)
S0       16     10,513,185,393 LLC-prefetches                                                (11.49%)
S0       16  1,107,682,252,691 dTLB-loads                                                    (15.17%)
S0       16      4,416,467,221 dTLB-load-misses          #    7.06% of all dTLB cache hits   (18.25%)
S0       16    554,032,401,875 dTLB-stores                                                   (17.53%)
S0       16        207,589,102 dTLB-store-misses                                             (17.46%)
S0       16        335,534,148 iTLB-loads                                                    (17.49%)
S0       16        105,603,950 iTLB-load-misses          #  561.07% of all iTLB cache hits   (17.61%)
S0       16    452,011,752,918 branch-loads                                                  (17.59%)
S0       16     18,151,726,003 branch-load-misses                                            (17.42%)
S1       16      4,629,212,246 cache-misses                                                  (17.25%)
S1       16  3,440,855,384,847 cycles                    #    0.000 GHz                      (21.69%)
S1       16  3,654,302,328,064 instructions              #    0.00  insns per cycle          (26.23%)
S1       16            149,327 cs                                                            (100.00%)
S1       16                866 migrations                                                    (100.00%)
S1       16             50,779 faults                                                      
S1       16    134,314,855,928 bus-cycles                                                    (26.49%)
S1       16  5,597,058,224,009 idle-cycles-frontend      #    0.00% frontend cycles idle     (25.35%)
S1       16  5,211,412,093,452 idle-cycles-backend       #    0.00% backend  cycles idle     (25.32%)
S1       16    977,307,337,882 L1-dcache-loads                                               (25.37%)
S1       16     41,253,019,205 L1-dcache-load-misses                                         (18.87%)
S1       16    485,904,597,550 L1-dcache-stores                                              (17.54%)
S1       16     24,006,585,573 L1-dcache-store-misses                                        (17.47%)
S1       16     18,924,601,498 L1-dcache-prefetch-misses                                     (17.23%)
S1       16     12,658,999,501 L1-icache-load-misses                                         (17.62%)
S1       16     10,656,800,828 LLC-loads                                                     (17.07%)
S1       16      6,391,896,355 LLC-stores                                                    (18.10%)
S1       16      9,357,619,097 LLC-prefetches                                                (10.24%)
S1       16    964,701,481,504 dTLB-loads                                                    (13.52%)
S1       16      3,948,334,416 dTLB-load-misses                                              (17.28%)
S1       16    483,736,010,906 dTLB-stores                                                   (17.37%)
S1       16        196,831,486 dTLB-store-misses                                             (17.30%)
S1       16        274,851,854 iTLB-loads                                                    (17.39%)
S1       16         98,360,291 iTLB-load-misses                                              (17.28%)
S1       16    411,904,665,382 branch-loads                                                  (17.33%)
S1       16     15,987,207,615 branch-load-misses                                            (17.45%)
S2       16      4,502,213,299 cache-misses                                                  (16.83%)
S2       16  3,494,888,558,908 cycles                    #    0.000 GHz                      (21.25%)
S2       16  3,572,376,525,991 instructions              #    0.00  insns per cycle          (25.38%)
S2       16             89,087 cs                                                            (100.00%)
S2       16                667 migrations                                                    (100.00%)
S2       16             29,788 faults                                                      
S2       16    134,649,352,261 bus-cycles                                                    (25.62%)
S2       16  5,590,701,988,240 idle-cycles-frontend      #    0.00% frontend cycles idle     (24.84%)
S2       16  5,300,114,047,670 idle-cycles-backend       #    0.00% backend  cycles idle     (24.91%)
S2       16    962,609,316,371 L1-dcache-loads                                               (25.18%)
S2       16     40,521,311,185 L1-dcache-load-misses                                         (17.83%)
S2       16    479,387,900,473 L1-dcache-stores                                              (17.67%)
S2       16     23,845,001,960 L1-dcache-store-misses                                        (17.69%)
S2       16     18,212,154,849 L1-dcache-prefetch-misses                                     (17.68%)
S2       16     12,292,344,595 L1-icache-load-misses                                         (17.98%)
S2       16     10,433,623,919 LLC-loads                                                     (18.07%)
S2       16      6,061,527,883 LLC-stores                                                    (18.46%)
S2       16      8,934,825,747 LLC-prefetches                                                (11.07%)
S2       16    941,378,661,136 dTLB-loads                                                    (14.51%)
S2       16      3,829,178,286 dTLB-load-misses                                              (17.74%)
S2       16    473,676,456,499 dTLB-stores                                                   (17.33%)
S2       16        186,072,031 dTLB-store-misses                                             (17.05%)
S2       16        301,316,111 iTLB-loads                                                    (17.45%)
S2       16         88,910,978 iTLB-load-misses                                              (17.34%)
S2       16    397,756,417,739 branch-loads                                                  (17.18%)
S2       16     15,633,188,463 branch-load-misses                                            (17.14%)
S3       16      4,568,441,479 cache-misses                                                  (17.47%)
S3       16  3,370,583,198,779 cycles                    #    0.000 GHz                      (21.82%)
S3       16  3,572,947,123,211 instructions              #    0.00  insns per cycle          (25.89%)
S3       16             75,900 cs                                                            (100.00%)
S3       16              1,079 migrations                                                    (100.00%)
S3       16             46,213 faults                                                      
S3       16    131,666,531,844 bus-cycles                                                    (25.64%)
S3       16  5,779,913,639,882 idle-cycles-frontend      #    0.00% frontend cycles idle     (25.93%)
S3       16  5,420,874,409,736 idle-cycles-backend       #    0.00% backend  cycles idle     (26.04%)
S3       16    965,021,115,088 L1-dcache-loads                                               (26.01%)
S3       16     41,609,144,829 L1-dcache-load-misses                                         (17.62%)
S3       16    488,983,397,499 L1-dcache-stores                                              (17.36%)
S3       16     24,160,719,119 L1-dcache-store-misses                                        (17.55%)
S3       16     18,655,162,088 L1-dcache-prefetch-misses                                     (17.50%)
S3       16     12,711,080,223 L1-icache-load-misses                                         (17.46%)
S3       16     10,627,024,532 LLC-loads                                                     (17.35%)
S3       16      6,560,583,492 LLC-stores                                                    (17.28%)
S3       16      9,781,287,766 LLC-prefetches                                                (8.96%)
S3       16    987,686,419,175 dTLB-loads                                                    (13.14%)
S3       16      3,949,846,408 dTLB-load-misses                                              (17.37%)
S3       16    495,925,448,731 dTLB-stores                                                   (17.23%)
S3       16        205,663,737 dTLB-store-misses                                             (17.17%)
S3       16        292,909,103 iTLB-loads                                                    (17.40%)
S3       16         93,788,800 iTLB-load-misses                                              (17.64%)
S3       16    403,814,810,010 branch-loads                                                  (17.63%)
S3       16     15,895,510,090 branch-load-misses                                            (17.40%)

     667.758978071 seconds time elapsed

#################################################################
# Test multi-threading - 16 threads - T3
#################################################################
2592627.BOWTIE2-Scalability.penguin.t16
21535062 reads; of these:
  21535062 (100.00%) were unpaired; of these:
    970429 (4.51%) aligned 0 times
    14935119 (69.35%) aligned exactly 1 time
    5629514 (26.14%) aligned >1 times
95.49% overall alignment rate

 Performance counter stats for './bowtie2 -p 16 -x /tmp/data/indexes/HG_index_bowtie2/bowtie2_index /tmp/data/datasets/NIST7086_CGTACTAG_L002_R2_001.fastq -S /scratch/077-hpca4se-bioinf/jlenis/results/BOWTIE2-Scalability/2592627.BOWTIE2-Scalability.penguin.t16.sam':

S0       16      4,387,379,307 cache-misses                                                  (17.03%)
S0       16  3,387,458,642,069 cycles                    #    0.000 GHz                      (21.31%)
S0       16  3,446,967,093,198 instructions              #   15.94  insns per cycle        
                                             #    0.10  stalled cycles per insn  (25.58%)
S0       16            123,969 cs                                                            (100.00%)
S0       16                864 migrations                                                    (100.00%)
S0       16             46,205 faults                                                      
S0       16    139,116,277,015 bus-cycles                                                    (25.98%)
S0       16  5,509,018,036,838 idle-cycles-frontend      #  2547.30% frontend cycles idle     (26.55%)
S0       16  5,166,518,802,025 idle-cycles-backend       #  2388.93% backend  cycles idle     (26.57%)
S0       16    918,821,782,657 L1-dcache-loads                                               (26.44%)
S0       16     39,332,626,237 L1-dcache-load-misses     #   64.30% of all L1-dcache hits    (17.54%)
S0       16    473,502,731,792 L1-dcache-stores                                              (17.57%)
S0       16     23,111,630,668 L1-dcache-store-misses                                        (17.65%)
S0       16     18,159,568,777 L1-dcache-prefetch-misses                                     (17.48%)
S0       16     12,873,657,180 L1-icache-load-misses                                         (17.59%)
S0       16     10,553,003,541 LLC-loads                                                     (17.45%)
S0       16      6,447,491,728 LLC-stores                                                    (17.43%)
S0       16      8,824,135,995 LLC-prefetches                                                (8.88%)
S0       16    998,452,680,914 dTLB-loads                                                    (13.28%)
S0       16      3,972,693,521 dTLB-load-misses          #    6.18% of all dTLB cache hits   (17.64%)
S0       16    500,231,310,108 dTLB-stores                                                   (17.70%)
S0       16        301,884,571 dTLB-store-misses                                             (17.49%)
S0       16        263,890,927 iTLB-loads                                                    (17.21%)
S0       16        170,464,712 iTLB-load-misses          #  1080.37% of all iTLB cache hits   (16.77%)
S0       16    392,942,644,208 branch-loads                                                  (16.42%)
S0       16     15,283,621,305 branch-load-misses                                            (16.72%)
S1       16      4,660,704,974 cache-misses                                                  (17.46%)
S1       16  3,483,678,324,887 cycles                    #    0.000 GHz                      (22.04%)
S1       16  3,676,793,527,147 instructions              #    0.00  insns per cycle          (26.41%)
S1       16            102,373 cs                                                            (100.00%)
S1       16                518 migrations                                                    (100.00%)
S1       16             37,102 faults                                                      
S1       16    140,825,165,773 bus-cycles                                                    (26.46%)
S1       16  5,522,084,975,387 idle-cycles-frontend      #    0.00% frontend cycles idle     (26.58%)
S1       16  5,152,229,146,367 idle-cycles-backend       #    0.00% backend  cycles idle     (26.69%)
S1       16    956,949,005,274 L1-dcache-loads                                               (26.31%)
S1       16     40,262,697,382 L1-dcache-load-misses                                         (17.62%)
S1       16    479,947,284,117 L1-dcache-stores                                              (17.48%)
S1       16     23,952,415,179 L1-dcache-store-misses                                        (17.20%)
S1       16     18,836,991,714 L1-dcache-prefetch-misses                                     (16.87%)
S1       16     12,791,723,790 L1-icache-load-misses                                         (16.80%)
S1       16     10,610,099,862 LLC-loads                                                     (16.51%)
S1       16      6,516,583,587 LLC-stores                                                    (16.61%)
S1       16      9,096,799,581 LLC-prefetches                                                (8.79%)
S1       16  1,012,248,773,489 dTLB-loads                                                    (13.05%)
S1       16      4,071,601,727 dTLB-load-misses                                              (17.47%)
S1       16    513,556,935,090 dTLB-stores                                                   (17.61%)
S1       16        310,365,308 dTLB-store-misses                                             (17.41%)
S1       16        231,875,538 iTLB-loads                                                    (17.59%)
S1       16        154,555,877 iTLB-load-misses                                              (17.55%)
S1       16    418,614,842,415 branch-loads                                                  (17.54%)
S1       16     16,359,138,562 branch-load-misses                                            (18.10%)
S2       16      5,371,791,227 cache-misses                                                  (16.87%)
S2       16  3,521,270,739,252 cycles                    #    0.000 GHz                      (21.27%)
S2       16  4,109,354,654,571 instructions              #    0.00  insns per cycle          (25.81%)
S2       16             71,148 cs                                                            (100.00%)
S2       16                341 migrations                                                    (100.00%)
S2       16             24,994 faults                                                      
S2       16    138,068,326,909 bus-cycles                                                    (25.40%)
S2       16  5,384,139,511,832 idle-cycles-frontend      #    0.00% frontend cycles idle     (25.53%)
S2       16  5,004,404,708,131 idle-cycles-backend       #    0.00% backend  cycles idle     (26.02%)
S2       16  1,073,051,311,012 L1-dcache-loads                                               (26.06%)
S2       16     45,807,744,030 L1-dcache-load-misses                                         (17.50%)
S2       16    548,448,627,991 L1-dcache-stores                                              (17.77%)
S2       16     27,170,422,688 L1-dcache-store-misses                                        (17.25%)
S2       16     21,677,339,407 L1-dcache-prefetch-misses                                     (17.93%)
S2       16     14,364,166,591 L1-icache-load-misses                                         (17.61%)
S2       16     12,035,284,589 LLC-loads                                                     (17.94%)
S2       16      7,581,420,072 LLC-stores                                                    (17.72%)
S2       16     10,308,612,283 LLC-prefetches                                                (9.15%)
S2       16  1,127,279,154,362 dTLB-loads                                                    (13.53%)
S2       16      4,378,354,195 dTLB-load-misses                                              (17.25%)
S2       16    570,766,311,104 dTLB-stores                                                   (17.49%)
S2       16        294,912,874 dTLB-store-misses                                             (17.72%)
S2       16        258,217,201 iTLB-loads                                                    (17.43%)
S2       16        160,029,674 iTLB-load-misses                                              (17.29%)
S2       16    473,626,582,848 branch-loads                                                  (17.18%)
S2       16     18,422,760,086 branch-load-misses                                            (16.96%)
S3       16      4,619,231,019 cache-misses                                                  (17.46%)
S3       16  3,448,809,083,419 cycles                    #    0.000 GHz                      (22.16%)
S3       16  3,630,884,435,187 instructions              #    0.00  insns per cycle          (26.80%)
S3       16            159,111 cs                                                            (100.00%)
S3       16                652 migrations                                                    (100.00%)
S3       16             54,162 faults                                                      
S3       16    140,711,206,995 bus-cycles                                                    (27.23%)
S3       16  5,516,530,297,527 idle-cycles-frontend      #    0.00% frontend cycles idle     (27.25%)
S3       16  5,184,163,120,657 idle-cycles-backend       #    0.00% backend  cycles idle     (27.33%)
S3       16    966,014,179,150 L1-dcache-loads                                               (27.29%)
S3       16     41,467,465,363 L1-dcache-load-misses                                         (17.68%)
S3       16    497,613,923,245 L1-dcache-stores                                              (17.42%)
S3       16     24,392,327,189 L1-dcache-store-misses                                        (17.40%)
S3       16     18,856,226,784 L1-dcache-prefetch-misses                                     (17.37%)
S3       16     12,771,977,049 L1-icache-load-misses                                         (17.18%)
S3       16     10,223,527,255 LLC-loads                                                     (17.03%)
S3       16      6,349,379,416 LLC-stores                                                    (17.00%)
S3       16      8,938,599,002 LLC-prefetches                                                (8.66%)
S3       16    978,957,720,449 dTLB-loads                                                    (13.03%)
S3       16      3,871,964,106 dTLB-load-misses                                              (17.22%)
S3       16    494,312,300,290 dTLB-stores                                                   (16.95%)
S3       16        220,283,062 dTLB-store-misses                                             (16.69%)
S3       16        255,827,407 iTLB-loads                                                    (16.62%)
S3       16        108,589,225 iTLB-load-misses                                              (16.62%)
S3       16    411,285,057,160 branch-loads                                                  (17.01%)
S3       16     16,121,909,294 branch-load-misses                                            (17.29%)

     358.895582479 seconds time elapsed

#################################################################
# Test multi-threading - 32 threads - T4 
#################################################################
2592627.BOWTIE2-Scalability.penguin.t32
21535062 reads; of these:
  21535062 (100.00%) were unpaired; of these:
    970429 (4.51%) aligned 0 times
    14935119 (69.35%) aligned exactly 1 time
    5629514 (26.14%) aligned >1 times
95.49% overall alignment rate

 Performance counter stats for './bowtie2 -p 32 -x /tmp/data/indexes/HG_index_bowtie2/bowtie2_index /tmp/data/datasets/NIST7086_CGTACTAG_L002_R2_001.fastq -S /scratch/077-hpca4se-bioinf/jlenis/results/BOWTIE2-Scalability/2592627.BOWTIE2-Scalability.penguin.t32.sam':

S0       16      5,308,055,708 cache-misses                                                  (17.91%)
S0       16  3,615,966,614,890 cycles                    #    0.000 GHz                      (22.51%)
S0       16  3,743,610,325,205 instructions              #   13.76  insns per cycle        
                                             #    0.12  stalled cycles per insn  (26.76%)
S0       16            101,627 cs                                                            (100.00%)
S0       16              2,258 migrations                                                    (100.00%)
S0       16             38,766 faults                                                      
S0       16    194,212,066,415 bus-cycles                                                    (27.25%)
S0       16  5,795,423,889,297 idle-cycles-frontend      #  2130.08% frontend cycles idle     (27.22%)
S0       16  5,399,058,968,710 idle-cycles-backend       #  1984.40% backend  cycles idle     (27.21%)
S0       16    993,642,088,083 L1-dcache-loads                                               (26.65%)
S0       16     44,366,779,106 L1-dcache-load-misses     #   71.49% of all L1-dcache hits    (17.26%)
S0       16    528,214,788,777 L1-dcache-stores                                              (17.47%)
S0       16     26,041,306,939 L1-dcache-store-misses                                        (17.21%)
S0       16     20,597,073,732 L1-dcache-prefetch-misses                                     (17.11%)
S0       16     15,315,989,170 L1-icache-load-misses                                         (16.87%)
S0       16     12,445,796,648 LLC-loads                                                     (16.49%)
S0       16      7,662,117,227 LLC-stores                                                    (16.80%)
S0       16      9,660,077,011 LLC-prefetches                                                (8.93%)
S0       16  1,068,451,318,767 dTLB-loads                                                    (13.40%)
S0       16      4,423,233,799 dTLB-load-misses          #    6.89% of all dTLB cache hits   (17.46%)
S0       16    544,408,359,300 dTLB-stores                                                   (17.27%)
S0       16        421,454,964 dTLB-store-misses                                             (17.28%)
S0       16        392,042,013 iTLB-loads                                                    (17.01%)
S0       16        228,090,543 iTLB-load-misses          #  993.35% of all iTLB cache hits   (17.06%)
S0       16    443,519,206,315 branch-loads                                                  (17.13%)
S0       16     17,113,254,816 branch-load-misses                                            (17.25%)
S1       16      5,269,528,624 cache-misses                                                  (17.64%)
S1       16  4,689,569,357,859 cycles                    #    0.000 GHz                      (22.16%)
S1       16  3,803,255,893,652 instructions              #    0.00  insns per cycle          (26.72%)
S1       16            211,331 cs                                                            (100.00%)
S1       16              1,746 migrations                                                    (100.00%)
S1       16             62,384 faults                                                      
S1       16    202,793,888,720 bus-cycles                                                    (26.76%)
S1       16  7,841,031,053,719 idle-cycles-frontend      #    0.00% frontend cycles idle     (26.60%)
S1       16  7,464,789,441,892 idle-cycles-backend       #    0.00% backend  cycles idle     (26.50%)
S1       16  1,024,080,774,539 L1-dcache-loads                                               (26.24%)
S1       16     45,037,842,644 L1-dcache-load-misses                                         (17.03%)
S1       16    536,669,568,823 L1-dcache-stores                                              (17.15%)
S1       16     25,958,277,767 L1-dcache-store-misses                                        (17.32%)
S1       16     19,813,430,557 L1-dcache-prefetch-misses                                     (17.32%)
S1       16     14,226,634,562 L1-icache-load-misses                                         (17.22%)
S1       16     11,669,525,334 LLC-loads                                                     (17.16%)
S1       16      7,190,099,035 LLC-stores                                                    (16.90%)
S1       16      9,518,596,058 LLC-prefetches                                                (8.69%)
S1       16  1,066,082,995,243 dTLB-loads                                                    (13.00%)
S1       16      4,356,814,835 dTLB-load-misses                                              (17.51%)
S1       16    538,783,273,307 dTLB-stores                                                   (17.70%)
S1       16        388,872,710 dTLB-store-misses                                             (17.50%)
S1       16        298,992,962 iTLB-loads                                                    (17.49%)
S1       16        196,583,226 iTLB-load-misses                                              (17.27%)
S1       16    445,429,050,509 branch-loads                                                  (17.22%)
S1       16     17,172,762,663 branch-load-misses                                            (17.27%)
S2       16      5,421,607,442 cache-misses                                                  (17.42%)
S2       16  5,052,030,359,194 cycles                    #    0.000 GHz                      (21.78%)
S2       16  3,865,960,015,877 instructions              #    0.00  insns per cycle          (25.90%)
S2       16            228,117 cs                                                            (100.00%)
S2       16             10,455 migrations                                                    (100.00%)
S2       16             53,602 faults                                                      
S2       16    219,117,727,323 bus-cycles                                                    (25.78%)
S2       16  7,736,592,954,626 idle-cycles-frontend      #    0.00% frontend cycles idle     (25.81%)
S2       16  7,291,232,611,947 idle-cycles-backend       #    0.00% backend  cycles idle     (25.91%)
S2       16  1,023,022,152,427 L1-dcache-loads                                               (25.99%)
S2       16     44,848,279,662 L1-dcache-load-misses                                         (17.58%)
S2       16    531,900,333,811 L1-dcache-stores                                              (17.63%)
S2       16     26,007,194,724 L1-dcache-store-misses                                        (17.35%)
S2       16     19,383,232,089 L1-dcache-prefetch-misses                                     (17.28%)
S2       16     14,582,985,725 L1-icache-load-misses                                         (17.47%)
S2       16     11,717,023,958 LLC-loads                                                     (17.73%)
S2       16      7,417,597,943 LLC-stores                                                    (17.79%)
S2       16      9,654,218,539 LLC-prefetches                                                (9.27%)
S2       16  1,057,563,213,745 dTLB-loads                                                    (12.99%)
S2       16      4,582,911,768 dTLB-load-misses                                              (17.24%)
S2       16    537,446,194,091 dTLB-stores                                                   (16.94%)
S2       16        473,455,446 dTLB-store-misses                                             (17.27%)
S2       16        471,108,392 iTLB-loads                                                    (17.72%)
S2       16        229,069,102 iTLB-load-misses                                              (17.57%)
S2       16    442,994,908,976 branch-loads                                                  (17.51%)
S2       16     17,206,173,847 branch-load-misses                                            (17.61%)
S3       16      4,839,723,785 cache-misses                                                  (17.04%)
S3       16  4,055,277,605,162 cycles                    #    0.000 GHz                      (21.72%)
S3       16  3,439,403,354,476 instructions              #    0.00  insns per cycle          (26.27%)
S3       16            126,887 cs                                                            (100.00%)
S3       16              1,196 migrations                                                    (100.00%)
S3       16             45,503 faults                                                      
S3       16    187,232,609,024 bus-cycles                                                    (26.64%)
S3       16  6,669,950,115,081 idle-cycles-frontend      #    0.00% frontend cycles idle     (26.54%)
S3       16  6,336,559,035,487 idle-cycles-backend       #    0.00% backend  cycles idle     (26.78%)
S3       16    930,989,654,445 L1-dcache-loads                                               (26.56%)
S3       16     41,546,482,255 L1-dcache-load-misses                                         (17.09%)
S3       16    494,892,685,905 L1-dcache-stores                                              (17.22%)
S3       16     23,879,889,549 L1-dcache-store-misses                                        (17.16%)
S3       16     18,274,249,404 L1-dcache-prefetch-misses                                     (17.14%)
S3       16     13,151,370,472 L1-icache-load-misses                                         (17.41%)
S3       16     10,564,323,893 LLC-loads                                                     (17.58%)
S3       16      6,305,256,991 LLC-stores                                                    (17.89%)
S3       16      7,909,650,935 LLC-prefetches                                                (9.18%)
S3       16    917,882,407,337 dTLB-loads                                                    (13.27%)
S3       16      3,826,405,231 dTLB-load-misses                                              (17.73%)
S3       16    477,084,597,183 dTLB-stores                                                   (17.24%)
S3       16        388,219,278 dTLB-store-misses                                             (16.65%)
S3       16        307,414,741 iTLB-loads                                                    (17.00%)
S3       16        192,703,932 iTLB-load-misses                                              (16.67%)
S3       16    404,520,030,540 branch-loads                                                  (16.84%)
S3       16     15,593,473,009 branch-load-misses                                            (16.92%)

     264.182201511 seconds time elapsed

#################################################################
# Test multi-threading - 48 threads - T5
#################################################################
2592627.BOWTIE2-Scalability.penguin.t48
21535062 reads; of these:
  21535062 (100.00%) were unpaired; of these:
    970429 (4.51%) aligned 0 times
    14935119 (69.35%) aligned exactly 1 time
    5629514 (26.14%) aligned >1 times
95.49% overall alignment rate

 Performance counter stats for './bowtie2 -p 48 -x /tmp/data/indexes/HG_index_bowtie2/bowtie2_index /tmp/data/datasets/NIST7086_CGTACTAG_L002_R2_001.fastq -S /scratch/077-hpca4se-bioinf/jlenis/results/BOWTIE2-Scalability/2592627.BOWTIE2-Scalability.penguin.t48.sam':

S0       16      5,785,206,044 cache-misses                                                  (17.31%)
S0       16  6,207,069,366,140 cycles                    #    0.000 GHz                      (21.81%)
S0       16  3,564,964,594,664 instructions              #    8.73  insns per cycle        
                                             #    0.13  stalled cycles per insn  (26.29%)
S0       16            263,635 cs                                                            (100.00%)
S0       16                735 migrations                                                    (100.00%)
S0       16             70,098 faults                                                      
S0       16    336,692,396,187 bus-cycles                                                    (26.46%)
S0       16  6,212,876,283,125 idle-cycles-frontend      #  1521.22% frontend cycles idle     (26.55%)
S0       16  5,355,103,979,891 idle-cycles-backend       #  1311.19% backend  cycles idle     (26.11%)
S0       16    956,250,243,926 L1-dcache-loads                                               (25.91%)
S0       16     43,796,330,521 L1-dcache-load-misses     #   67.25% of all L1-dcache hits    (17.56%)
S0       16    507,645,702,912 L1-dcache-stores                                              (17.63%)
S0       16     24,212,509,330 L1-dcache-store-misses                                        (17.29%)
S0       16     15,275,004,347 L1-dcache-prefetch-misses                                     (17.52%)
S0       16     15,637,689,467 L1-icache-load-misses                                         (17.49%)
S0       16     12,446,131,175 LLC-loads                                                     (17.13%)
S0       16      9,104,897,550 LLC-stores                                                    (17.17%)
S0       16     10,887,945,038 LLC-prefetches                                                (8.65%)
S0       16    976,940,348,022 dTLB-loads                                                    (12.96%)
S0       16      5,268,902,292 dTLB-load-misses          #    7.76% of all dTLB cache hits   (17.30%)
S0       16    502,093,257,442 dTLB-stores                                                   (17.43%)
S0       16      1,270,903,842 dTLB-store-misses                                             (17.42%)
S0       16      1,716,485,360 iTLB-loads                                                    (17.47%)
S0       16        529,766,905 iTLB-load-misses          #  605.66% of all iTLB cache hits   (17.41%)
S0       16    423,616,183,638 branch-loads                                                  (17.23%)
S0       16     15,334,867,666 branch-load-misses                                            (17.16%)
S1       16      6,388,390,930 cache-misses                                                  (17.15%)
S1       16  7,248,543,983,373 cycles                    #    0.000 GHz                      (21.65%)
S1       16  4,123,892,720,823 instructions              #    0.00  insns per cycle          (26.13%)
S1       16            222,545 cs                                                            (100.00%)
S1       16                891 migrations                                                    (100.00%)
S1       16             51,191 faults                                                      
S1       16    308,608,922,665 bus-cycles                                                    (26.26%)
S1       16  7,964,462,068,250 idle-cycles-frontend      #    0.00% frontend cycles idle     (26.45%)
S1       16  7,101,448,948,755 idle-cycles-backend       #    0.00% backend  cycles idle     (26.13%)
S1       16  1,080,823,775,293 L1-dcache-loads                                               (25.95%)
S1       16     48,274,099,313 L1-dcache-load-misses                                         (18.28%)
S1       16    579,828,540,997 L1-dcache-stores                                              (17.84%)
S1       16     27,766,259,506 L1-dcache-store-misses                                        (17.35%)
S1       16     18,248,082,659 L1-dcache-prefetch-misses                                     (17.67%)
S1       16     16,984,920,648 L1-icache-load-misses                                         (17.38%)
S1       16     13,912,233,296 LLC-loads                                                     (17.30%)
S1       16      9,979,042,492 LLC-stores                                                    (17.48%)
S1       16     12,459,218,165 LLC-prefetches                                                (8.73%)
S1       16  1,154,835,023,267 dTLB-loads                                                    (12.93%)
S1       16      5,673,927,727 dTLB-load-misses                                              (17.06%)
S1       16    587,604,033,678 dTLB-stores                                                   (17.02%)
S1       16      1,121,796,451 dTLB-store-misses                                             (17.29%)
S1       16      1,258,593,255 iTLB-loads                                                    (17.77%)
S1       16        512,287,384 iTLB-load-misses                                              (17.59%)
S1       16    487,355,580,110 branch-loads                                                  (17.38%)
S1       16     17,824,244,057 branch-load-misses                                            (17.11%)
S2       16      5,848,665,358 cache-misses                                                  (17.04%)
S2       16  5,537,048,708,579 cycles                    #    0.000 GHz                      (21.27%)
S2       16  4,119,879,702,163 instructions              #    0.00  insns per cycle          (25.49%)
S2       16             96,138 cs                                                            (100.00%)
S2       16              1,014 migrations                                                    (100.00%)
S2       16             64,613 faults                                                      
S2       16    236,264,828,295 bus-cycles                                                    (25.52%)
S2       16  7,856,081,231,029 idle-cycles-frontend      #    0.00% frontend cycles idle     (24.84%)
S2       16  7,229,167,996,743 idle-cycles-backend       #    0.00% backend  cycles idle     (24.90%)
S2       16  1,078,600,151,195 L1-dcache-loads                                               (25.03%)
S2       16     45,153,898,126 L1-dcache-load-misses                                         (17.43%)
S2       16    558,010,684,128 L1-dcache-stores                                              (17.35%)
S2       16     26,119,132,263 L1-dcache-store-misses                                        (17.05%)
S2       16     19,715,232,131 L1-dcache-prefetch-misses                                     (17.42%)
S2       16     15,225,649,897 L1-icache-load-misses                                         (16.99%)
S2       16     12,754,751,573 LLC-loads                                                     (17.44%)
S2       16      8,523,228,899 LLC-stores                                                    (17.94%)
S2       16     10,610,572,382 LLC-prefetches                                                (9.65%)
S2       16  1,128,867,001,862 dTLB-loads                                                    (14.31%)
S2       16      5,229,124,674 dTLB-load-misses                                              (18.44%)
S2       16    581,383,891,173 dTLB-stores                                                   (18.10%)
S2       16        747,985,502 dTLB-store-misses                                             (17.99%)
S2       16        532,923,888 iTLB-loads                                                    (17.67%)
S2       16        291,322,451 iTLB-load-misses                                              (17.51%)
S2       16    489,412,966,709 branch-loads                                                  (17.46%)
S2       16     17,607,001,688 branch-load-misses                                            (17.37%)
S3       16      7,090,811,079 cache-misses                                                  (17.20%)
S3       16  7,145,882,604,852 cycles                    #    0.000 GHz                      (21.68%)
S3       16  3,962,229,483,080 instructions              #    0.00  insns per cycle          (26.27%)
S3       16            342,675 cs                                                            (100.00%)
S3       16              1,196 migrations                                                    (100.00%)
S3       16             79,162 faults                                                      
S3       16    360,620,887,895 bus-cycles                                                    (26.48%)
S3       16  6,645,189,444,069 idle-cycles-frontend      #    0.00% frontend cycles idle     (26.66%)
S3       16  5,626,982,294,585 idle-cycles-backend       #    0.00% backend  cycles idle     (26.79%)
S3       16  1,052,267,879,357 L1-dcache-loads                                               (26.72%)
S3       16     48,561,292,446 L1-dcache-load-misses                                         (17.46%)
S3       16    556,346,872,352 L1-dcache-stores                                              (17.35%)
S3       16     26,727,982,879 L1-dcache-store-misses                                        (17.27%)
S3       16     16,739,333,362 L1-dcache-prefetch-misses                                     (17.27%)
S3       16     17,065,732,993 L1-icache-load-misses                                         (17.29%)
S3       16     13,936,847,606 LLC-loads                                                     (17.19%)
S3       16     10,262,121,140 LLC-stores                                                    (17.24%)
S3       16     12,321,189,382 LLC-prefetches                                                (8.68%)
S3       16  1,083,425,773,031 dTLB-loads                                                    (12.97%)
S3       16      6,045,645,251 dTLB-load-misses                                              (17.28%)
S3       16    560,808,565,138 dTLB-stores                                                   (17.21%)
S3       16      1,426,942,136 dTLB-store-misses                                             (17.25%)
S3       16      2,090,080,833 iTLB-loads                                                    (17.31%)
S3       16        743,251,520 iTLB-load-misses                                              (17.27%)
S3       16    466,711,878,293 branch-loads                                                  (17.23%)
S3       16     16,986,638,204 branch-load-misses                                            (17.16%)

     272.064336588 seconds time elapsed

#################################################################
# Test multi-threading - 64 threads - T6
#################################################################
2592627.BOWTIE2-Scalability.penguin.t64
21535062 reads; of these:
  21535062 (100.00%) were unpaired; of these:
    970429 (4.51%) aligned 0 times
    14935119 (69.35%) aligned exactly 1 time
    5629514 (26.14%) aligned >1 times
95.49% overall alignment rate

 Performance counter stats for './bowtie2 -p 64 -x /tmp/data/indexes/HG_index_bowtie2/bowtie2_index /tmp/data/datasets/NIST7086_CGTACTAG_L002_R2_001.fastq -S /scratch/077-hpca4se-bioinf/jlenis/results/BOWTIE2-Scalability/2592627.BOWTIE2-Scalability.penguin.t64.sam':

S0       16      5,899,438,294 cache-misses                                                  (17.36%)
S0       16 10,410,515,751,792 cycles                    #    0.000 GHz                      (21.95%)
S0       16  4,163,072,491,682 instructions              #    5.15  insns per cycle        
                                             #    0.17  stalled cycles per insn  (26.25%)
S0       16          1,269,098 cs                                                            (100.00%)
S0       16              1,931 migrations                                                    (100.00%)
S0       16            115,232 faults                                                      
S0       16    561,135,016,760 bus-cycles                                                    (26.37%)
S0       16 10,082,079,679,937 idle-cycles-frontend      #  1246.84% frontend cycles idle     (26.52%)
S0       16  8,937,815,694,555 idle-cycles-backend       #  1105.33% backend  cycles idle     (26.57%)
S0       16  1,147,587,176,645 L1-dcache-loads                                               (26.25%)
S0       16     45,603,995,111 L1-dcache-load-misses     #   58.18% of all L1-dcache hits    (17.46%)
S0       16    629,640,377,069 L1-dcache-stores                                              (17.35%)
S0       16     25,214,647,774 L1-dcache-store-misses                                        (17.31%)
S0       16     15,314,753,481 L1-dcache-prefetch-misses                                     (17.18%)
S0       16     17,268,533,472 L1-icache-load-misses                                         (17.14%)
S0       16     12,387,976,328 LLC-loads                                                     (17.41%)
S0       16     10,056,057,434 LLC-stores                                                    (17.41%)
S0       16     11,379,565,659 LLC-prefetches                                                (8.62%)
S0       16  1,188,218,529,955 dTLB-loads                                                    (12.93%)
S0       16     11,936,472,329 dTLB-load-misses          #   14.84% of all dTLB cache hits   (17.20%)
S0       16    634,474,358,606 dTLB-stores                                                   (17.20%)
S0       16      4,116,365,905 dTLB-store-misses                                             (17.15%)
S0       16      1,216,579,174 iTLB-loads                                                    (17.46%)
S0       16        772,139,453 iTLB-load-misses          #  885.41% of all iTLB cache hits   (17.23%)
S0       16    531,826,566,039 branch-loads                                                  (17.22%)
S0       16     16,100,324,889 branch-load-misses                                            (17.25%)
S1       16      6,238,982,324 cache-misses                                                  (17.35%)
S1       16 14,569,492,897,880 cycles                    #    0.000 GHz                      (21.93%)
S1       16  4,176,913,150,866 instructions              #    0.00  insns per cycle          (25.93%)
S1       16            915,615 cs                                                            (100.00%)
S1       16              1,765 migrations                                                    (100.00%)
S1       16            108,592 faults                                                      
S1       16    627,871,861,223 bus-cycles                                                    (25.57%)
S1       16 12,900,070,265,303 idle-cycles-frontend      #    0.00% frontend cycles idle     (25.15%)
S1       16 11,565,440,155,262 idle-cycles-backend       #    0.00% backend  cycles idle     (25.27%)
S1       16  1,159,029,696,333 L1-dcache-loads                                               (25.13%)
S1       16     44,425,369,319 L1-dcache-load-misses                                         (18.81%)
S1       16    639,374,064,190 L1-dcache-stores                                              (17.63%)
S1       16     24,600,351,407 L1-dcache-store-misses                                        (18.60%)
S1       16     14,362,456,945 L1-dcache-prefetch-misses                                     (17.52%)
S1       16     16,543,786,432 L1-icache-load-misses                                         (17.76%)
S1       16     11,836,320,959 LLC-loads                                                     (18.56%)
S1       16     10,041,102,817 LLC-stores                                                    (17.47%)
S1       16     10,651,984,047 LLC-prefetches                                                (9.41%)
S1       16  1,204,209,031,420 dTLB-loads                                                    (13.43%)
S1       16     16,124,309,322 dTLB-load-misses                                              (17.18%)
S1       16    647,175,577,928 dTLB-stores                                                   (17.18%)
S1       16      6,077,299,212 dTLB-store-misses                                             (17.18%)
S1       16      1,161,983,427 iTLB-loads                                                    (17.18%)
S1       16        749,012,509 iTLB-load-misses                                              (17.20%)
S1       16    541,477,374,028 branch-loads                                                  (17.20%)
S1       16     15,918,753,294 branch-load-misses                                            (17.18%)
S2       16      7,001,769,064 cache-misses                                                  (17.34%)
S2       16 14,531,009,844,286 cycles                    #    0.000 GHz                      (21.90%)
S2       16  4,807,706,487,204 instructions              #    0.00  insns per cycle          (26.40%)
S2       16         36,699,278 cs                                                            (100.00%)
S2       16              4,990 migrations                                                    (100.00%)
S2       16             81,753 faults                                                      
S2       16    629,494,945,524 bus-cycles                                                    (25.49%)
S2       16 12,690,380,505,379 idle-cycles-frontend      #    0.00% frontend cycles idle     (25.61%)
S2       16 11,233,762,108,713 idle-cycles-backend       #    0.00% backend  cycles idle     (25.63%)
S2       16  1,333,979,407,647 L1-dcache-loads                                               (25.51%)
S2       16     52,011,827,272 L1-dcache-load-misses                                         (18.23%)
S2       16    729,928,402,604 L1-dcache-stores                                              (17.84%)
S2       16     28,726,458,243 L1-dcache-store-misses                                        (18.36%)
S2       16     16,647,212,603 L1-dcache-prefetch-misses                                     (17.82%)
S2       16     19,306,953,193 L1-icache-load-misses                                         (17.52%)
S2       16     13,810,587,276 LLC-loads                                                     (17.29%)
S2       16     11,912,769,066 LLC-stores                                                    (17.30%)
S2       16     12,752,700,268 LLC-prefetches                                                (9.42%)
S2       16  1,376,262,025,009 dTLB-loads                                                    (13.46%)
S2       16     16,580,125,941 dTLB-load-misses                                              (17.21%)
S2       16    736,467,851,190 dTLB-stores                                                   (17.21%)
S2       16      6,094,014,016 dTLB-store-misses                                             (17.49%)
S2       16      1,594,832,097 iTLB-loads                                                    (17.49%)
S2       16        813,061,333 iTLB-load-misses                                              (17.21%)
S2       16    614,847,209,925 branch-loads                                                  (17.20%)
S2       16     18,399,946,417 branch-load-misses                                            (17.19%)
S3       16      7,383,477,576 cache-misses                                                  (17.32%)
S3       16 12,240,119,996,591 cycles                    #    0.000 GHz                      (21.70%)
S3       16  4,949,788,021,379 instructions              #    0.00  insns per cycle          (26.08%)
S3       16         44,423,539 cs                                                            (100.00%)
S3       16              5,651 migrations                                                    (100.00%)
S3       16             53,702 faults                                                      
S3       16    641,100,413,188 bus-cycles                                                    (26.09%)
S3       16 10,457,218,555,374 idle-cycles-frontend      #    0.00% frontend cycles idle     (26.19%)
S3       16  8,997,445,544,892 idle-cycles-backend       #    0.00% backend  cycles idle     (26.27%)
S3       16  1,376,227,636,048 L1-dcache-loads                                               (26.21%)
S3       16     52,810,672,120 L1-dcache-load-misses                                         (17.52%)
S3       16    735,375,031,860 L1-dcache-stores                                              (17.50%)
S3       16     29,181,051,186 L1-dcache-store-misses                                        (17.43%)
S3       16     17,496,795,905 L1-dcache-prefetch-misses                                     (17.43%)
S3       16     19,486,235,267 L1-icache-load-misses                                         (17.36%)
S3       16     14,137,083,001 LLC-loads                                                     (17.35%)
S3       16     12,142,684,989 LLC-stores                                                    (17.41%)
S3       16     13,194,934,143 LLC-prefetches                                                (8.71%)
S3       16  1,379,625,357,515 dTLB-loads                                                    (13.04%)
S3       16     12,642,804,399 dTLB-load-misses                                              (17.39%)
S3       16    741,991,502,462 dTLB-stores                                                   (17.34%)
S3       16      4,117,653,503 dTLB-store-misses                                             (17.35%)
S3       16      1,607,882,678 iTLB-loads                                                    (17.33%)
S3       16        963,590,865 iTLB-load-misses                                              (17.29%)
S3       16    623,392,130,977 branch-loads                                                  (17.25%)
S3       16     18,631,455,363 branch-load-misses                                            (17.22%)

     417.307483705 seconds time elapsed

