mkdir: cannot create directory `/scratch/077-hpca4se-bioinf/jlenis/results/SNAP-Scalability': File exists
> Benchmarks for snap-beta.18: NIST7086_CGTACTAG_L002_R2_001
penguin
#################################################################
# Warm up - 64 threads - T1
#################################################################
WarmUp.2592642.SNAP-Scalability.penguin.t64
Welcome to SNAP version 1.0beta.23.

Loading index from directory... 48s.  3137208264 bases, seed size 20
Aligning.
Total Reads    Aligned, MAPQ >= 10    Aligned, MAPQ < 10     Unaligned              Too Short/Too Many Ns     Reads/s   Time in Aligner (s)
21,535,062     17,333,608 (80.49%)    2,875,797 (13.35%)     576,575 (2.68%)        749,082 (3.48%)           520,472   41
#################################################################
# Test multi-threading - 8 threads - T2
#################################################################
2592642.SNAP-Scalability.penguin.t8
Welcome to SNAP version 1.0beta.23.

Loading index from directory... 78s.  3137208264 bases, seed size 20
Aligning.
Total Reads    Aligned, MAPQ >= 10    Aligned, MAPQ < 10     Unaligned              Too Short/Too Many Ns     Reads/s   Time in Aligner (s)
21,535,062     17,333,608 (80.49%)    2,875,797 (13.35%)     576,575 (2.68%)        749,082 (3.48%)           215,086   100

 Performance counter stats for './snap-aligner single /tmp/data/indexes/HG_index_snap /tmp/data/datasets/NIST7086_CGTACTAG_L002_R2_001.fastq -t 8 -o /scratch/077-hpca4se-bioinf/jlenis/results/SNAP-Scalability/2592642.SNAP-Scalability.penguin.t8.sam':

S0       16        950,872,057 cache-misses                                                  (16.85%)
S0       16    552,960,083,504 cycles                    #    0.000 GHz                      (21.03%)
S0       16    540,890,904,193 instructions              #   16.15  insns per cycle        
                                             #    0.09  stalled cycles per insn  (25.51%)
S0       16            109,291 cs                                                            (100.00%)
S0       16                285 migrations                                                    (100.00%)
S0       16            358,245 faults                                                      
S0       16     21,662,987,317 bus-cycles                                                    (25.45%)
S0       16    768,556,468,362 idle-cycles-frontend      #  2295.15% frontend cycles idle     (25.77%)
S0       16    699,940,551,890 idle-cycles-backend       #  2090.24% backend  cycles idle     (26.02%)
S0       16    149,619,694,885 L1-dcache-loads                                               (25.87%)
S0       16      3,573,006,516 L1-dcache-load-misses     #   38.59% of all L1-dcache hits    (18.35%)
S0       16     49,217,645,509 L1-dcache-stores                                              (18.62%)
S0       16      1,535,811,902 L1-dcache-store-misses                                        (18.72%)
S0       16      1,248,853,646 L1-dcache-prefetch-misses                                     (18.50%)
S0       16      1,655,045,255 L1-icache-load-misses                                         (17.88%)
S0       16      1,538,952,870 LLC-loads                                                     (17.79%)
S0       16        539,379,029 LLC-stores                                                    (18.08%)
S0       16        742,140,138 LLC-prefetches                                                (8.89%)
S0       16    151,874,067,995 dTLB-loads                                                    (12.85%)
S0       16        871,687,394 dTLB-load-misses          #    9.35% of all dTLB cache hits   (17.46%)
S0       16     46,186,140,003 dTLB-stores                                                   (16.70%)
S0       16         65,510,543 dTLB-store-misses                                             (16.79%)
S0       16         18,859,812 iTLB-loads                                                    (16.53%)
S0       16          3,515,584 iTLB-load-misses          #  342.61% of all iTLB cache hits   (16.49%)
S0       16     78,547,818,580 branch-loads                                                  (16.57%)
S0       16      5,081,243,103 branch-load-misses                                            (16.35%)
S1       16        664,366,690 cache-misses                                                  (18.14%)
S1       16    505,642,531,024 cycles                    #    0.000 GHz                      (22.67%)
S1       16    507,160,244,922 instructions              #    0.00  insns per cycle          (27.01%)
S1       16             58,662 cs                                                            (100.00%)
S1       16                217 migrations                                                    (100.00%)
S1       16            355,203 faults                                                      
S1       16     21,091,921,687 bus-cycles                                                    (26.94%)
S1       16    762,230,345,805 idle-cycles-frontend      #    0.00% frontend cycles idle     (26.79%)
S1       16    737,280,910,755 idle-cycles-backend       #    0.00% backend  cycles idle     (27.11%)
S1       16    143,498,196,265 L1-dcache-loads                                               (25.99%)
S1       16      2,621,145,280 L1-dcache-load-misses                                         (17.22%)
S1       16     41,106,701,176 L1-dcache-stores                                              (17.35%)
S1       16      1,150,377,302 L1-dcache-store-misses                                        (17.37%)
S1       16      1,117,021,513 L1-dcache-prefetch-misses                                     (17.62%)
S1       16      1,147,383,942 L1-icache-load-misses                                         (17.35%)
S1       16      1,381,646,064 LLC-loads                                                     (17.11%)
S1       16        210,997,696 LLC-stores                                                    (17.18%)
S1       16        621,221,916 LLC-prefetches                                                (8.92%)
S1       16    148,476,434,887 dTLB-loads                                                    (13.07%)
S1       16        269,250,618 dTLB-load-misses                                              (17.19%)
S1       16     41,273,054,019 dTLB-stores                                                   (17.11%)
S1       16         13,879,573 dTLB-store-misses                                             (16.89%)
S1       16         24,261,338 iTLB-loads                                                    (17.03%)
S1       16          5,388,084 iTLB-load-misses                                              (17.31%)
S1       16     74,220,354,669 branch-loads                                                  (17.22%)
S1       16      4,963,420,605 branch-load-misses                                            (16.98%)
S2       16        667,539,269 cache-misses                                                  (16.25%)
S2       16    494,428,557,685 cycles                    #    0.000 GHz                      (20.93%)
S2       16    502,184,981,299 instructions              #    0.00  insns per cycle          (25.02%)
S2       16             65,412 cs                                                            (100.00%)
S2       16                336 migrations                                                    (100.00%)
S2       16            361,780 faults                                                      
S2       16     20,474,120,317 bus-cycles                                                    (24.93%)
S2       16    782,632,268,161 idle-cycles-frontend      #    0.00% frontend cycles idle     (25.54%)
S2       16    722,775,484,130 idle-cycles-backend       #    0.00% backend  cycles idle     (26.09%)
S2       16    142,792,544,063 L1-dcache-loads                                               (26.78%)
S2       16      2,741,073,925 L1-dcache-load-misses                                         (19.11%)
S2       16     45,277,072,041 L1-dcache-stores                                              (18.29%)
S2       16      1,180,054,138 L1-dcache-store-misses                                        (18.61%)
S2       16      1,101,670,774 L1-dcache-prefetch-misses                                     (18.92%)
S2       16      1,103,876,907 L1-icache-load-misses                                         (19.24%)
S2       16      1,357,789,065 LLC-loads                                                     (18.09%)
S2       16        202,527,551 LLC-stores                                                    (17.52%)
S2       16        707,770,437 LLC-prefetches                                                (8.94%)
S2       16    145,195,319,613 dTLB-loads                                                    (13.21%)
S2       16        234,728,701 dTLB-load-misses                                              (17.32%)
S2       16     41,053,428,204 dTLB-stores                                                   (17.65%)
S2       16          7,492,718 dTLB-store-misses                                             (16.71%)
S2       16         10,504,667 iTLB-loads                                                    (16.33%)
S2       16          5,585,046 iTLB-load-misses                                              (16.02%)
S2       16     70,611,167,178 branch-loads                                                  (16.65%)
S2       16      4,971,794,989 branch-load-misses                                            (16.56%)
S3       16      1,255,913,653 cache-misses                                                  (17.28%)
S3       16    590,081,140,862 cycles                    #    0.000 GHz                      (21.75%)
S3       16    561,145,621,639 instructions              #    0.00  insns per cycle          (26.09%)
S3       16            151,004 cs                                                            (100.00%)
S3       16                429 migrations                                                    (100.00%)
S3       16            380,926 faults                                                      
S3       16     24,684,302,536 bus-cycles                                                    (26.21%)
S3       16    882,091,926,218 idle-cycles-frontend      #    0.00% frontend cycles idle     (26.02%)
S3       16    804,975,127,226 idle-cycles-backend       #    0.00% backend  cycles idle     (26.52%)
S3       16    156,629,007,338 L1-dcache-loads                                               (26.35%)
S3       16      4,248,101,991 L1-dcache-load-misses                                         (17.35%)
S3       16     51,736,381,630 L1-dcache-stores                                              (17.42%)
S3       16      2,117,832,103 L1-dcache-store-misses                                        (17.31%)
S3       16      1,882,366,099 L1-dcache-prefetch-misses                                     (17.35%)
S3       16      1,187,159,583 L1-icache-load-misses                                         (17.70%)
S3       16      2,018,411,843 LLC-loads                                                     (17.37%)
S3       16      1,033,258,766 LLC-stores                                                    (17.29%)
S3       16        965,241,520 LLC-prefetches                                                (8.80%)
S3       16    151,052,911,281 dTLB-loads                                                    (13.02%)
S3       16        415,783,907 dTLB-load-misses                                              (17.02%)
S3       16     48,083,366,187 dTLB-stores                                                   (17.12%)
S3       16         20,982,823 dTLB-store-misses                                             (16.98%)
S3       16         12,045,775 iTLB-loads                                                    (17.31%)
S3       16          4,662,549 iTLB-load-misses                                              (17.68%)
S3       16     81,541,040,825 branch-loads                                                  (17.81%)
S3       16      5,466,354,492 branch-load-misses                                            (17.30%)

     178.944690988 seconds time elapsed

#################################################################
# Test multi-threading - 16 threads - T3
#################################################################
2592642.SNAP-Scalability.penguin.t16
Welcome to SNAP version 1.0beta.23.

Loading index from directory... 73s.  3137208264 bases, seed size 20
Aligning.
Total Reads    Aligned, MAPQ >= 10    Aligned, MAPQ < 10     Unaligned              Too Short/Too Many Ns     Reads/s   Time in Aligner (s)
21,535,062     17,333,608 (80.49%)    2,875,797 (13.35%)     576,575 (2.68%)        749,082 (3.48%)           343,253   63

 Performance counter stats for './snap-aligner single /tmp/data/indexes/HG_index_snap /tmp/data/datasets/NIST7086_CGTACTAG_L002_R2_001.fastq -t 16 -o /scratch/077-hpca4se-bioinf/jlenis/results/SNAP-Scalability/2592642.SNAP-Scalability.penguin.t16.sam':

S0       16        719,035,469 cache-misses                                                  (18.49%)
S0       16    630,983,019,006 cycles                    #    0.000 GHz                      (21.91%)
S0       16    561,097,791,800 instructions              #   14.72  insns per cycle        
                                             #    0.10  stalled cycles per insn  (26.47%)
S0       16             88,116 cs                                                            (100.00%)
S0       16                307 migrations                                                    (100.00%)
S0       16            371,927 faults                                                      
S0       16     25,810,439,095 bus-cycles                                                    (27.13%)
S0       16    897,382,658,489 idle-cycles-frontend      #  2353.83% frontend cycles idle     (27.29%)
S0       16    831,864,539,034 idle-cycles-backend       #  2181.97% backend  cycles idle     (27.46%)
S0       16    146,847,892,729 L1-dcache-loads                                               (27.21%)
S0       16      2,896,911,128 L1-dcache-load-misses     #   31.27% of all L1-dcache hits    (18.53%)
S0       16     39,693,153,362 L1-dcache-stores                                              (18.63%)
S0       16      1,169,688,021 L1-dcache-store-misses                                        (18.40%)
S0       16      1,144,912,174 L1-dcache-prefetch-misses                                     (18.24%)
S0       16      1,136,633,039 L1-icache-load-misses                                         (17.63%)
S0       16      1,554,124,262 LLC-loads                                                     (16.90%)
S0       16        413,276,977 LLC-stores                                                    (17.14%)
S0       16        865,372,077 LLC-prefetches                                                (8.45%)
S0       16    158,427,075,214 dTLB-loads                                                    (12.36%)
S0       16        332,173,398 dTLB-load-misses          #    3.47% of all dTLB cache hits   (16.57%)
S0       16     46,833,858,563 dTLB-stores                                                   (16.18%)
S0       16         15,212,882 dTLB-store-misses                                             (15.75%)
S0       16         13,536,794 iTLB-loads                                                    (16.22%)
S0       16          3,681,650 iTLB-load-misses          #  245.76% of all iTLB cache hits   (15.73%)
S0       16     79,730,772,916 branch-loads                                                  (16.24%)
S0       16      5,956,876,325 branch-load-misses                                            (16.99%)
S1       16      1,309,023,609 cache-misses                                                  (16.90%)
S1       16    612,460,968,512 cycles                    #    0.000 GHz                      (21.69%)
S1       16    550,048,637,694 instructions              #    0.00  insns per cycle          (26.21%)
S1       16             82,498 cs                                                            (100.00%)
S1       16                155 migrations                                                    (100.00%)
S1       16            351,937 faults                                                      
S1       16     24,892,980,999 bus-cycles                                                    (26.89%)
S1       16    934,048,773,071 idle-cycles-frontend      #    0.00% frontend cycles idle     (27.01%)
S1       16    825,829,257,484 idle-cycles-backend       #    0.00% backend  cycles idle     (27.46%)
S1       16    154,244,748,869 L1-dcache-loads                                               (27.13%)
S1       16      4,920,385,480 L1-dcache-load-misses                                         (17.17%)
S1       16     56,316,937,874 L1-dcache-stores                                              (16.91%)
S1       16      2,223,005,954 L1-dcache-store-misses                                        (16.89%)
S1       16      1,920,410,093 L1-dcache-prefetch-misses                                     (16.94%)
S1       16      1,948,012,565 L1-icache-load-misses                                         (16.93%)
S1       16      2,299,075,341 LLC-loads                                                     (17.15%)
S1       16        921,519,070 LLC-stores                                                    (16.75%)
S1       16      1,032,233,043 LLC-prefetches                                                (8.29%)
S1       16    165,414,638,278 dTLB-loads                                                    (12.80%)
S1       16      1,100,934,488 dTLB-load-misses                                              (17.57%)
S1       16     54,412,604,212 dTLB-stores                                                   (17.97%)
S1       16         96,793,761 dTLB-store-misses                                             (18.18%)
S1       16         49,167,787 iTLB-loads                                                    (17.87%)
S1       16          9,521,907 iTLB-load-misses                                              (17.22%)
S1       16     82,642,545,875 branch-loads                                                  (16.94%)
S1       16      4,953,031,021 branch-load-misses                                            (16.66%)
S2       16        881,135,799 cache-misses                                                  (16.73%)
S2       16    586,138,289,988 cycles                    #    0.000 GHz                      (21.17%)
S2       16    532,311,823,012 instructions              #    0.00  insns per cycle          (24.71%)
S2       16             93,295 cs                                                            (100.00%)
S2       16                256 migrations                                                    (100.00%)
S2       16            373,204 faults                                                      
S2       16     24,639,316,720 bus-cycles                                                    (24.99%)
S2       16    923,677,873,361 idle-cycles-frontend      #    0.00% frontend cycles idle     (24.75%)
S2       16    861,154,919,200 idle-cycles-backend       #    0.00% backend  cycles idle     (25.24%)
S2       16    157,919,295,429 L1-dcache-loads                                               (24.50%)
S2       16      3,320,334,332 L1-dcache-load-misses                                         (17.05%)
S2       16     47,941,789,708 L1-dcache-stores                                              (17.66%)
S2       16      1,359,319,587 L1-dcache-store-misses                                        (18.53%)
S2       16      1,332,753,513 L1-dcache-prefetch-misses                                     (19.02%)
S2       16      1,080,835,824 L1-icache-load-misses                                         (19.32%)
S2       16      1,627,809,045 LLC-loads                                                     (18.83%)
S2       16        484,078,373 LLC-stores                                                    (17.89%)
S2       16        799,659,746 LLC-prefetches                                                (9.01%)
S2       16    144,099,012,494 dTLB-loads                                                    (13.15%)
S2       16        285,982,629 dTLB-load-misses                                              (17.04%)
S2       16     42,951,010,055 dTLB-stores                                                   (17.51%)
S2       16         10,987,208 dTLB-store-misses                                             (17.77%)
S2       16         11,641,894 iTLB-loads                                                    (17.80%)
S2       16          4,255,755 iTLB-load-misses                                              (17.46%)
S2       16     77,638,793,468 branch-loads                                                  (17.19%)
S2       16      5,528,894,512 branch-load-misses                                            (16.55%)
S3       16        821,388,958 cache-misses                                                  (16.25%)
S3       16    610,381,493,256 cycles                    #    0.000 GHz                      (21.37%)
S3       16    547,145,014,930 instructions              #    0.00  insns per cycle          (25.66%)
S3       16             52,707 cs                                                            (100.00%)
S3       16                279 migrations                                                    (100.00%)
S3       16            359,786 faults                                                      
S3       16     23,766,919,910 bus-cycles                                                    (26.02%)
S3       16    878,364,092,631 idle-cycles-frontend      #    0.00% frontend cycles idle     (26.51%)
S3       16    803,503,621,066 idle-cycles-backend       #    0.00% backend  cycles idle     (26.57%)
S3       16    133,848,121,854 L1-dcache-loads                                               (27.08%)
S3       16      2,498,108,956 L1-dcache-load-misses                                         (17.85%)
S3       16     38,399,215,586 L1-dcache-stores                                              (17.57%)
S3       16      1,104,321,349 L1-dcache-store-misses                                        (17.38%)
S3       16      1,179,415,922 L1-dcache-prefetch-misses                                     (17.12%)
S3       16      1,181,697,319 L1-icache-load-misses                                         (17.24%)
S3       16      1,371,570,408 LLC-loads                                                     (17.72%)
S3       16        225,305,529 LLC-stores                                                    (18.18%)
S3       16        694,828,959 LLC-prefetches                                                (8.79%)
S3       16    143,925,761,679 dTLB-loads                                                    (13.15%)
S3       16        269,776,326 dTLB-load-misses                                              (17.28%)
S3       16     41,207,468,293 dTLB-stores                                                   (16.99%)
S3       16         10,991,284 dTLB-store-misses                                             (17.08%)
S3       16         21,528,784 iTLB-loads                                                    (17.29%)
S3       16          5,341,199 iTLB-load-misses                                              (17.04%)
S3       16     81,386,479,601 branch-loads                                                  (16.63%)
S3       16      5,576,360,015 branch-load-misses                                            (16.68%)

     135.919992294 seconds time elapsed

#################################################################
# Test multi-threading - 32 threads - T4 
#################################################################
2592642.SNAP-Scalability.penguin.t32
Welcome to SNAP version 1.0beta.23.

Loading index from directory... 120s.  3137208264 bases, seed size 20
Aligning.
Total Reads    Aligned, MAPQ >= 10    Aligned, MAPQ < 10     Unaligned              Too Short/Too Many Ns     Reads/s   Time in Aligner (s)
21,535,062     17,333,608 (80.49%)    2,875,797 (13.35%)     576,575 (2.68%)        749,082 (3.48%)           411,657   52

 Performance counter stats for './snap-aligner single /tmp/data/indexes/HG_index_snap /tmp/data/datasets/NIST7086_CGTACTAG_L002_R2_001.fastq -t 32 -o /scratch/077-hpca4se-bioinf/jlenis/results/SNAP-Scalability/2592642.SNAP-Scalability.penguin.t32.sam':

S0       16        819,967,465 cache-misses                                                  (16.88%)
S0       16    706,676,335,210 cycles                    #    0.000 GHz                      (21.11%)
S0       16    523,735,230,095 instructions              #   11.63  insns per cycle        
                                             #    0.14  stalled cycles per insn  (25.34%)
S0       16             64,075 cs                                                            (100.00%)
S0       16                453 migrations                                                    (100.00%)
S0       16            362,641 faults                                                      
S0       16     32,042,596,779 bus-cycles                                                    (24.97%)
S0       16  1,106,367,161,626 idle-cycles-frontend      #  2456.84% frontend cycles idle     (25.91%)
S0       16  1,011,886,069,882 idle-cycles-backend       #  2247.03% backend  cycles idle     (26.50%)
S0       16    136,985,741,503 L1-dcache-loads                                               (26.22%)
S0       16      2,651,090,342 L1-dcache-load-misses     #   27.78% of all L1-dcache hits    (18.00%)
S0       16     39,624,367,974 L1-dcache-stores                                              (17.67%)
S0       16      1,066,249,896 L1-dcache-store-misses                                        (18.15%)
S0       16      1,076,174,061 L1-dcache-prefetch-misses                                     (17.79%)
S0       16      1,157,174,714 L1-icache-load-misses                                         (17.90%)
S0       16      1,344,176,658 LLC-loads                                                     (17.70%)
S0       16        233,115,425 LLC-stores                                                    (17.37%)
S0       16        839,287,172 LLC-prefetches                                                (9.67%)
S0       16    142,694,009,936 dTLB-loads                                                    (14.08%)
S0       16        345,485,947 dTLB-load-misses          #    3.31% of all dTLB cache hits   (17.47%)
S0       16     43,567,536,367 dTLB-stores                                                   (17.67%)
S0       16         16,093,064 dTLB-store-misses                                             (17.63%)
S0       16         14,820,040 iTLB-loads                                                    (17.43%)
S0       16          4,565,599 iTLB-load-misses          #  329.30% of all iTLB cache hits   (17.48%)
S0       16     78,624,824,245 branch-loads                                                  (16.51%)
S0       16      5,567,436,065 branch-load-misses                                            (16.18%)
S1       16      1,511,085,523 cache-misses                                                  (17.45%)
S1       16    772,672,225,687 cycles                    #    0.000 GHz                      (22.53%)
S1       16    645,192,496,393 instructions              #    0.00  insns per cycle          (26.48%)
S1       16             85,839 cs                                                            (100.00%)
S1       16                150 migrations                                                    (100.00%)
S1       16            369,014 faults                                                      
S1       16     35,300,015,903 bus-cycles                                                    (26.73%)
S1       16  1,339,804,801,003 idle-cycles-frontend      #    0.00% frontend cycles idle     (25.25%)
S1       16  1,215,504,793,956 idle-cycles-backend       #    0.00% backend  cycles idle     (25.71%)
S1       16    187,753,008,090 L1-dcache-loads                                               (25.25%)
S1       16      6,133,277,173 L1-dcache-load-misses                                         (17.99%)
S1       16     66,400,842,062 L1-dcache-stores                                              (17.60%)
S1       16      2,163,890,746 L1-dcache-store-misses                                        (16.88%)
S1       16      2,516,922,831 L1-dcache-prefetch-misses                                     (17.53%)
S1       16      1,312,904,214 L1-icache-load-misses                                         (18.21%)
S1       16      3,696,090,646 LLC-loads                                                     (17.66%)
S1       16        941,558,441 LLC-stores                                                    (17.61%)
S1       16      1,302,882,361 LLC-prefetches                                                (9.76%)
S1       16    192,855,931,485 dTLB-loads                                                    (13.10%)
S1       16        917,766,739 dTLB-load-misses                                              (17.28%)
S1       16     68,609,790,118 dTLB-stores                                                   (17.61%)
S1       16         63,481,323 dTLB-store-misses                                             (17.65%)
S1       16         27,252,266 iTLB-loads                                                    (17.25%)
S1       16          7,311,952 iTLB-load-misses                                              (16.97%)
S1       16    101,493,205,011 branch-loads                                                  (17.63%)
S1       16      5,088,338,971 branch-load-misses                                            (17.34%)
S2       16      1,275,313,969 cache-misses                                                  (17.16%)
S2       16    728,869,116,821 cycles                    #    0.000 GHz                      (21.54%)
S2       16    577,619,327,360 instructions              #    0.00  insns per cycle          (25.52%)
S2       16            137,849 cs                                                            (100.00%)
S2       16                438 migrations                                                    (100.00%)
S2       16            360,772 faults                                                      
S2       16     31,642,016,358 bus-cycles                                                    (25.99%)
S2       16  1,161,371,890,853 idle-cycles-frontend      #    0.00% frontend cycles idle     (25.93%)
S2       16  1,024,632,324,740 idle-cycles-backend       #    0.00% backend  cycles idle     (25.71%)
S2       16    152,459,817,659 L1-dcache-loads                                               (26.23%)
S2       16      4,401,569,398 L1-dcache-load-misses                                         (18.25%)
S2       16     52,363,847,619 L1-dcache-stores                                              (17.69%)
S2       16      1,803,244,356 L1-dcache-store-misses                                        (18.11%)
S2       16      1,820,386,867 L1-dcache-prefetch-misses                                     (17.72%)
S2       16      1,929,937,035 L1-icache-load-misses                                         (18.49%)
S2       16      2,648,723,963 LLC-loads                                                     (17.90%)
S2       16        824,664,006 LLC-stores                                                    (17.43%)
S2       16      1,155,876,980 LLC-prefetches                                                (9.25%)
S2       16    179,350,306,792 dTLB-loads                                                    (12.63%)
S2       16      1,391,185,308 dTLB-load-misses                                              (16.46%)
S2       16     62,106,280,856 dTLB-stores                                                   (16.71%)
S2       16        115,288,539 dTLB-store-misses                                             (16.89%)
S2       16         24,588,375 iTLB-loads                                                    (16.90%)
S2       16          7,013,638 iTLB-load-misses                                              (17.27%)
S2       16     88,437,508,438 branch-loads                                                  (17.36%)
S2       16      5,049,637,668 branch-load-misses                                            (17.14%)
S3       16        835,375,109 cache-misses                                                  (17.75%)
S3       16    673,842,002,808 cycles                    #    0.000 GHz                      (22.49%)
S3       16    509,316,961,329 instructions              #    0.00  insns per cycle          (27.01%)
S3       16             63,257 cs                                                            (100.00%)
S3       16                477 migrations                                                    (100.00%)
S3       16            358,299 faults                                                      
S3       16     28,528,910,509 bus-cycles                                                    (27.58%)
S3       16    980,976,222,974 idle-cycles-frontend      #    0.00% frontend cycles idle     (27.61%)
S3       16    945,254,868,865 idle-cycles-backend       #    0.00% backend  cycles idle     (27.67%)
S3       16    133,640,682,898 L1-dcache-loads                                               (27.58%)
S3       16      2,733,801,137 L1-dcache-load-misses                                         (18.30%)
S3       16     39,289,274,693 L1-dcache-stores                                              (18.33%)
S3       16      1,118,621,265 L1-dcache-store-misses                                        (18.14%)
S3       16      1,186,902,111 L1-dcache-prefetch-misses                                     (17.81%)
S3       16      1,176,540,685 L1-icache-load-misses                                         (17.43%)
S3       16      1,554,728,369 LLC-loads                                                     (17.03%)
S3       16        262,123,870 LLC-stores                                                    (16.56%)
S3       16        882,054,058 LLC-prefetches                                                (7.96%)
S3       16    153,359,428,881 dTLB-loads                                                    (11.98%)
S3       16        329,973,117 dTLB-load-misses                                              (16.33%)
S3       16     44,841,025,638 dTLB-stores                                                   (16.38%)
S3       16         13,937,804 dTLB-store-misses                                             (16.43%)
S3       16         22,071,735 iTLB-loads                                                    (16.60%)
S3       16          6,084,691 iTLB-load-misses                                              (16.19%)
S3       16     81,134,318,794 branch-loads                                                  (16.68%)
S3       16      5,366,666,538 branch-load-misses                                            (17.26%)

     172.827112682 seconds time elapsed

#################################################################
# Test multi-threading - 48 threads - T5
#################################################################
2592642.SNAP-Scalability.penguin.t48
Welcome to SNAP version 1.0beta.23.

Loading index from directory... 346s.  3137208264 bases, seed size 20
Aligning.
Total Reads    Aligned, MAPQ >= 10    Aligned, MAPQ < 10     Unaligned              Too Short/Too Many Ns     Reads/s   Time in Aligner (s)
21,535,062     17,333,608 (80.49%)    2,875,797 (13.35%)     576,575 (2.68%)        749,082 (3.48%)           414,797   52

 Performance counter stats for './snap-aligner single /tmp/data/indexes/HG_index_snap /tmp/data/datasets/NIST7086_CGTACTAG_L002_R2_001.fastq -t 48 -o /scratch/077-hpca4se-bioinf/jlenis/results/SNAP-Scalability/2592642.SNAP-Scalability.penguin.t48.sam':

S0       16        914,432,893 cache-misses                                                  (17.60%)
S0       16    956,321,580,506 cycles                    #    0.000 GHz                      (22.30%)
S0       16    507,635,316,107 instructions              #    7.02  insns per cycle        
                                             #    0.17  stalled cycles per insn  (26.94%)
S0       16            104,946 cs                                                            (100.00%)
S0       16              1,274 migrations                                                    (100.00%)
S0       16            388,454 faults                                                      
S0       16     42,325,748,388 bus-cycles                                                    (27.09%)
S0       16  1,035,484,183,053 idle-cycles-frontend      #  1432.36% frontend cycles idle     (27.25%)
S0       16    918,338,747,031 idle-cycles-backend       #  1270.31% backend  cycles idle     (27.31%)
S0       16    139,336,628,240 L1-dcache-loads                                               (27.09%)
S0       16      3,541,348,991 L1-dcache-load-misses     #   29.22% of all L1-dcache hits    (17.28%)
S0       16     43,392,197,714 L1-dcache-stores                                              (17.08%)
S0       16      1,571,933,279 L1-dcache-store-misses                                        (17.44%)
S0       16      1,150,491,480 L1-dcache-prefetch-misses                                     (17.38%)
S0       16      1,431,574,268 L1-icache-load-misses                                         (17.42%)
S0       16      1,632,339,476 LLC-loads                                                     (17.25%)
S0       16        452,633,380 LLC-stores                                                    (17.10%)
S0       16        929,492,005 LLC-prefetches                                                (8.67%)
S0       16    151,281,283,860 dTLB-loads                                                    (12.63%)
S0       16        434,982,154 dTLB-load-misses          #    3.43% of all dTLB cache hits   (16.73%)
S0       16     45,652,124,129 dTLB-stores                                                   (16.44%)
S0       16         23,150,296 dTLB-store-misses                                             (16.57%)
S0       16        153,037,763 iTLB-loads                                                    (16.90%)
S0       16         34,447,841 iTLB-load-misses          #  383.68% of all iTLB cache hits   (17.30%)
S0       16     74,751,775,591 branch-loads                                                  (17.47%)
S0       16      5,257,208,663 branch-load-misses                                            (17.37%)
S1       16      2,653,678,512 cache-misses                                                  (16.67%)
S1       16  1,770,497,472,648 cycles                    #    0.000 GHz                      (21.12%)
S1       16  1,475,882,527,271 instructions              #    0.00  insns per cycle          (25.00%)
S1       16            209,185 cs                                                            (100.00%)
S1       16                689 migrations                                                    (100.00%)
S1       16            393,918 faults                                                      
S1       16     75,607,740,066 bus-cycles                                                    (25.19%)
S1       16  2,323,366,735,591 idle-cycles-frontend      #    0.00% frontend cycles idle     (25.04%)
S1       16  2,000,792,757,837 idle-cycles-backend       #    0.00% backend  cycles idle     (25.00%)
S1       16    358,825,809,952 L1-dcache-loads                                               (25.12%)
S1       16     14,204,950,277 L1-dcache-load-misses                                         (17.33%)
S1       16    189,680,541,083 L1-dcache-stores                                              (17.63%)
S1       16      4,145,292,784 L1-dcache-store-misses                                        (17.54%)
S1       16      6,269,482,367 L1-dcache-prefetch-misses                                     (17.36%)
S1       16      2,364,894,997 L1-icache-load-misses                                         (17.56%)
S1       16      8,728,999,012 LLC-loads                                                     (17.82%)
S1       16      1,642,192,017 LLC-stores                                                    (17.81%)
S1       16      2,302,622,488 LLC-prefetches                                                (9.75%)
S1       16    372,657,202,718 dTLB-loads                                                    (13.91%)
S1       16      2,616,084,429 dTLB-load-misses                                              (17.59%)
S1       16    178,874,195,908 dTLB-stores                                                   (17.86%)
S1       16        143,627,536 dTLB-store-misses                                             (17.89%)
S1       16        161,345,891 iTLB-loads                                                    (18.08%)
S1       16         27,474,368 iTLB-load-misses                                              (17.78%)
S1       16    225,114,467,642 branch-loads                                                  (17.69%)
S1       16      5,913,174,002 branch-load-misses                                            (17.55%)
S2       16        903,670,704 cache-misses                                                  (17.29%)
S2       16    969,540,467,430 cycles                    #    0.000 GHz                      (21.79%)
S2       16    521,636,422,116 instructions              #    0.00  insns per cycle          (25.65%)
S2       16            104,159 cs                                                            (100.00%)
S2       16                656 migrations                                                    (100.00%)
S2       16            378,237 faults                                                      
S2       16     43,668,475,772 bus-cycles                                                    (25.74%)
S2       16  1,054,996,323,478 idle-cycles-frontend      #    0.00% frontend cycles idle     (25.76%)
S2       16    899,675,019,520 idle-cycles-backend       #    0.00% backend  cycles idle     (25.85%)
S2       16    141,681,573,973 L1-dcache-loads                                               (26.30%)
S2       16      3,543,024,112 L1-dcache-load-misses                                         (18.49%)
S2       16     42,744,676,793 L1-dcache-stores                                              (18.48%)
S2       16      1,493,792,725 L1-dcache-store-misses                                        (17.52%)
S2       16      1,207,571,911 L1-dcache-prefetch-misses                                     (17.59%)
S2       16      1,673,367,606 L1-icache-load-misses                                         (17.26%)
S2       16      1,695,716,761 LLC-loads                                                     (18.21%)
S2       16        338,002,401 LLC-stores                                                    (17.76%)
S2       16        935,980,995 LLC-prefetches                                                (9.95%)
S2       16    146,876,227,965 dTLB-loads                                                    (13.63%)
S2       16        452,312,749 dTLB-load-misses                                              (17.43%)
S2       16     46,424,079,663 dTLB-stores                                                   (16.53%)
S2       16         43,695,132 dTLB-store-misses                                             (16.86%)
S2       16        139,799,137 iTLB-loads                                                    (16.96%)
S2       16         25,598,267 iTLB-load-misses                                              (16.52%)
S2       16     78,916,136,554 branch-loads                                                  (16.88%)
S2       16      5,372,464,984 branch-load-misses                                            (17.69%)
S3       16        810,667,612 cache-misses                                                  (18.01%)
S3       16    930,350,112,982 cycles                    #    0.000 GHz                      (22.41%)
S3       16    475,196,756,922 instructions              #    0.00  insns per cycle          (26.42%)
S3       16             80,896 cs                                                            (100.00%)
S3       16              1,091 migrations                                                    (100.00%)
S3       16            361,146 faults                                                      
S3       16     41,413,854,885 bus-cycles                                                    (26.38%)
S3       16  1,093,174,774,843 idle-cycles-frontend      #    0.00% frontend cycles idle     (25.95%)
S3       16    984,810,284,152 idle-cycles-backend       #    0.00% backend  cycles idle     (25.87%)
S3       16    135,685,394,369 L1-dcache-loads                                               (25.54%)
S3       16      3,298,139,265 L1-dcache-load-misses                                         (17.21%)
S3       16     39,583,555,921 L1-dcache-stores                                              (17.47%)
S3       16      1,417,031,566 L1-dcache-store-misses                                        (17.29%)
S3       16      1,127,520,370 L1-dcache-prefetch-misses                                     (17.35%)
S3       16      1,308,627,107 L1-icache-load-misses                                         (17.27%)
S3       16      1,553,423,504 LLC-loads                                                     (17.17%)
S3       16        327,332,938 LLC-stores                                                    (17.48%)
S3       16        860,443,555 LLC-prefetches                                                (8.87%)
S3       16    140,718,332,133 dTLB-loads                                                    (13.03%)
S3       16        370,212,766 dTLB-load-misses                                              (17.19%)
S3       16     40,666,943,550 dTLB-stores                                                   (17.00%)
S3       16         23,440,389 dTLB-store-misses                                             (16.88%)
S3       16        120,425,214 iTLB-loads                                                    (17.41%)
S3       16         23,259,918 iTLB-load-misses                                              (17.71%)
S3       16     69,986,275,562 branch-loads                                                  (17.83%)
S3       16      4,813,860,504 branch-load-misses                                            (18.12%)

     398.831037288 seconds time elapsed

#################################################################
# Test multi-threading - 64 threads - T6
#################################################################
2592642.SNAP-Scalability.penguin.t64
Welcome to SNAP version 1.0beta.23.

Loading index from directory... 98s.  3137208264 bases, seed size 20
Aligning.
Total Reads    Aligned, MAPQ >= 10    Aligned, MAPQ < 10     Unaligned              Too Short/Too Many Ns     Reads/s   Time in Aligner (s)
21,535,062     17,333,608 (80.49%)    2,875,797 (13.35%)     576,575 (2.68%)        749,082 (3.48%)           520,271   41

 Performance counter stats for './snap-aligner single /tmp/data/indexes/HG_index_snap /tmp/data/datasets/NIST7086_CGTACTAG_L002_R2_001.fastq -t 64 -o /scratch/077-hpca4se-bioinf/jlenis/results/SNAP-Scalability/2592642.SNAP-Scalability.penguin.t64.sam':

S0       16        959,068,301 cache-misses                                                  (16.53%)
S0       16  1,102,517,880,792 cycles                    #    0.000 GHz                      (21.59%)
S0       16    515,687,252,980 instructions              #    7.29  insns per cycle        
                                             #    0.11  stalled cycles per insn  (25.70%)
S0       16             94,104 cs                                                            (100.00%)
S0       16                509 migrations                                                    (100.00%)
S0       16            365,859 faults                                                      
S0       16     50,090,825,617 bus-cycles                                                    (26.58%)
S0       16    889,848,363,198 idle-cycles-frontend      #  1257.15% frontend cycles idle     (26.37%)
S0       16    736,656,916,831 idle-cycles-backend       #  1040.73% backend  cycles idle     (26.71%)
S0       16    138,999,099,661 L1-dcache-loads                                               (26.41%)
S0       16      3,663,248,728 L1-dcache-load-misses     #   40.08% of all L1-dcache hits    (17.28%)
S0       16     41,789,429,077 L1-dcache-stores                                              (17.69%)
S0       16      1,649,447,100 L1-dcache-store-misses                                        (17.45%)
S0       16      1,114,722,885 L1-dcache-prefetch-misses                                     (17.44%)
S0       16      1,429,710,537 L1-icache-load-misses                                         (17.90%)
S0       16      1,530,012,649 LLC-loads                                                     (18.23%)
S0       16        361,553,742 LLC-stores                                                    (18.70%)
S0       16        872,046,952 LLC-prefetches                                                (9.10%)
S0       16    142,645,366,060 dTLB-loads                                                    (13.22%)
S0       16        398,854,117 dTLB-load-misses          #    4.35% of all dTLB cache hits   (17.60%)
S0       16     43,216,092,266 dTLB-stores                                                   (16.95%)
S0       16         51,384,130 dTLB-store-misses                                             (16.58%)
S0       16        226,014,438 iTLB-loads                                                    (16.47%)
S0       16         40,775,797 iTLB-load-misses          #  290.24% of all iTLB cache hits   (16.35%)
S0       16     81,527,438,144 branch-loads                                                  (15.96%)
S0       16      5,554,257,333 branch-load-misses                                            (16.38%)
S1       16      1,457,851,872 cache-misses                                                  (16.74%)
S1       16  1,172,816,012,092 cycles                    #    0.000 GHz                      (21.25%)
S1       16    595,983,975,768 instructions              #    0.00  insns per cycle          (25.90%)
S1       16            149,330 cs                                                            (100.00%)
S1       16              1,303 migrations                                                    (100.00%)
S1       16            402,709 faults                                                      
S1       16     50,109,728,419 bus-cycles                                                    (26.73%)
S1       16    894,880,950,256 idle-cycles-frontend      #    0.00% frontend cycles idle     (27.38%)
S1       16    727,378,490,173 idle-cycles-backend       #    0.00% backend  cycles idle     (27.45%)
S1       16    156,400,203,648 L1-dcache-loads                                               (27.24%)
S1       16      5,019,284,852 L1-dcache-load-misses                                         (18.57%)
S1       16     52,596,020,654 L1-dcache-stores                                              (17.53%)
S1       16      2,315,497,223 L1-dcache-store-misses                                        (17.61%)
S1       16      1,636,566,639 L1-dcache-prefetch-misses                                     (17.18%)
S1       16      2,515,313,582 L1-icache-load-misses                                         (17.40%)
S1       16      2,249,774,040 LLC-loads                                                     (17.08%)
S1       16        915,876,889 LLC-stores                                                    (16.59%)
S1       16      1,184,859,619 LLC-prefetches                                                (9.59%)
S1       16    174,860,948,148 dTLB-loads                                                    (13.24%)
S1       16        837,428,272 dTLB-load-misses                                              (17.18%)
S1       16     53,861,857,347 dTLB-stores                                                   (17.66%)
S1       16         90,689,681 dTLB-store-misses                                             (17.22%)
S1       16        260,489,987 iTLB-loads                                                    (16.66%)
S1       16         48,718,633 iTLB-load-misses                                              (16.22%)
S1       16     93,523,931,276 branch-loads                                                  (17.13%)
S1       16      6,310,902,390 branch-load-misses                                            (16.45%)
S2       16        949,112,303 cache-misses                                                  (16.82%)
S2       16  1,126,838,325,068 cycles                    #    0.000 GHz                      (21.23%)
S2       16    518,249,779,092 instructions              #    0.00  insns per cycle          (26.08%)
S2       16             96,125 cs                                                            (100.00%)
S2       16                500 migrations                                                    (100.00%)
S2       16            361,582 faults                                                      
S2       16     51,828,376,997 bus-cycles                                                    (26.39%)
S2       16    928,339,401,850 idle-cycles-frontend      #    0.00% frontend cycles idle     (26.47%)
S2       16    766,619,051,468 idle-cycles-backend       #    0.00% backend  cycles idle     (27.14%)
S2       16    151,160,634,280 L1-dcache-loads                                               (25.89%)
S2       16      4,150,504,594 L1-dcache-load-misses                                         (16.62%)
S2       16     47,117,508,534 L1-dcache-stores                                              (16.26%)
S2       16      1,799,760,708 L1-dcache-store-misses                                        (16.20%)
S2       16      1,231,636,345 L1-dcache-prefetch-misses                                     (16.55%)
S2       16      1,626,937,600 L1-icache-load-misses                                         (16.45%)
S2       16      1,721,298,395 LLC-loads                                                     (16.77%)
S2       16        385,988,277 LLC-stores                                                    (17.68%)
S2       16        777,078,458 LLC-prefetches                                                (10.21%)
S2       16    132,066,151,780 dTLB-loads                                                    (14.78%)
S2       16        382,541,245 dTLB-load-misses                                              (18.94%)
S2       16     40,774,702,505 dTLB-stores                                                   (18.39%)
S2       16         43,842,840 dTLB-store-misses                                             (18.13%)
S2       16        205,973,123 iTLB-loads                                                    (17.75%)
S2       16         40,390,980 iTLB-load-misses                                              (17.46%)
S2       16     76,860,949,442 branch-loads                                                  (16.92%)
S2       16      5,721,957,084 branch-load-misses                                            (15.98%)
S3       16      1,329,676,794 cache-misses                                                  (17.52%)
S3       16  1,127,935,014,152 cycles                    #    0.000 GHz                      (22.30%)
S3       16    479,942,392,867 instructions              #    0.00  insns per cycle          (26.48%)
S3       16            214,441 cs                                                            (100.00%)
S3       16                583 migrations                                                    (100.00%)
S3       16            347,097 faults                                                      
S3       16     53,879,496,868 bus-cycles                                                    (26.48%)
S3       16  1,011,874,398,699 idle-cycles-frontend      #    0.00% frontend cycles idle     (26.26%)
S3       16    850,213,906,390 idle-cycles-backend       #    0.00% backend  cycles idle     (26.70%)
S3       16    138,362,291,250 L1-dcache-loads                                               (26.19%)
S3       16      4,744,743,063 L1-dcache-load-misses                                         (17.80%)
S3       16     44,069,023,885 L1-dcache-stores                                              (18.12%)
S3       16      2,356,227,588 L1-dcache-store-misses                                        (17.73%)
S3       16      1,746,522,506 L1-dcache-prefetch-misses                                     (17.87%)
S3       16      1,452,358,806 L1-icache-load-misses                                         (17.40%)
S3       16      2,272,838,199 LLC-loads                                                     (16.97%)
S3       16      1,173,648,349 LLC-stores                                                    (17.35%)
S3       16      1,090,965,970 LLC-prefetches                                                (8.76%)
S3       16    137,037,752,651 dTLB-loads                                                    (13.25%)
S3       16        482,798,786 dTLB-load-misses                                              (17.15%)
S3       16     45,187,238,466 dTLB-stores                                                   (17.24%)
S3       16         44,176,135 dTLB-store-misses                                             (16.97%)
S3       16        206,651,370 iTLB-loads                                                    (16.67%)
S3       16         29,749,929 iTLB-load-misses                                              (16.96%)
S3       16     72,089,889,558 branch-loads                                                  (17.09%)
S3       16      4,986,709,749 branch-load-misses                                            (16.95%)

     139.869277507 seconds time elapsed

#################################################################
#################################################################
